[2024-09-17T06:28:02.512-0300] {processor.py:161} INFO - Started process (PID=20211) to work on /home/jezandre/airflow/airflow_env/lib/python3.11/site-packages/airflow/example_dags/example_branch_operator.py
[2024-09-17T06:28:02.513-0300] {processor.py:830} INFO - Processing file /home/jezandre/airflow/airflow_env/lib/python3.11/site-packages/airflow/example_dags/example_branch_operator.py for tasks to queue
[2024-09-17T06:28:02.515-0300] {logging_mixin.py:188} INFO - [2024-09-17T06:28:02.515-0300] {dagbag.py:545} INFO - Filling up the DagBag from /home/jezandre/airflow/airflow_env/lib/python3.11/site-packages/airflow/example_dags/example_branch_operator.py
[2024-09-17T06:28:02.530-0300] {processor.py:840} INFO - DAG(s) 'example_branch_operator' retrieved from /home/jezandre/airflow/airflow_env/lib/python3.11/site-packages/airflow/example_dags/example_branch_operator.py
[2024-09-17T06:28:02.805-0300] {logging_mixin.py:188} INFO - [2024-09-17T06:28:02.805-0300] {dag.py:3089} INFO - Sync 1 DAGs
[2024-09-17T06:28:02.833-0300] {logging_mixin.py:188} INFO - [2024-09-17T06:28:02.833-0300] {dag.py:3947} INFO - Setting next_dagrun for example_branch_operator to 2024-09-16 00:00:00+00:00, run_after=2024-09-17 00:00:00+00:00
[2024-09-17T06:28:02.864-0300] {processor.py:183} INFO - Processing /home/jezandre/airflow/airflow_env/lib/python3.11/site-packages/airflow/example_dags/example_branch_operator.py took 0.359 seconds
[2024-09-17T06:29:00.080-0300] {processor.py:161} INFO - Started process (PID=20492) to work on /home/jezandre/airflow/airflow_env/lib/python3.11/site-packages/airflow/example_dags/example_branch_operator.py
[2024-09-17T06:29:00.084-0300] {processor.py:830} INFO - Processing file /home/jezandre/airflow/airflow_env/lib/python3.11/site-packages/airflow/example_dags/example_branch_operator.py for tasks to queue
[2024-09-17T06:29:00.085-0300] {logging_mixin.py:188} INFO - [2024-09-17T06:29:00.085-0300] {dagbag.py:545} INFO - Filling up the DagBag from /home/jezandre/airflow/airflow_env/lib/python3.11/site-packages/airflow/example_dags/example_branch_operator.py
[2024-09-17T06:29:00.099-0300] {processor.py:840} INFO - DAG(s) 'example_branch_operator' retrieved from /home/jezandre/airflow/airflow_env/lib/python3.11/site-packages/airflow/example_dags/example_branch_operator.py
[2024-09-17T06:29:00.119-0300] {logging_mixin.py:188} INFO - [2024-09-17T06:29:00.118-0300] {dag.py:3089} INFO - Sync 1 DAGs
[2024-09-17T06:29:00.140-0300] {logging_mixin.py:188} INFO - [2024-09-17T06:29:00.139-0300] {dag.py:3947} INFO - Setting next_dagrun for example_branch_operator to 2024-09-16 00:00:00+00:00, run_after=2024-09-17 00:00:00+00:00
[2024-09-17T06:29:00.165-0300] {processor.py:183} INFO - Processing /home/jezandre/airflow/airflow_env/lib/python3.11/site-packages/airflow/example_dags/example_branch_operator.py took 0.090 seconds
[2024-09-17T06:29:56.763-0300] {processor.py:161} INFO - Started process (PID=21142) to work on /home/jezandre/airflow/airflow_env/lib/python3.11/site-packages/airflow/example_dags/example_branch_operator.py
[2024-09-17T06:29:56.765-0300] {processor.py:830} INFO - Processing file /home/jezandre/airflow/airflow_env/lib/python3.11/site-packages/airflow/example_dags/example_branch_operator.py for tasks to queue
[2024-09-17T06:29:56.767-0300] {logging_mixin.py:188} INFO - [2024-09-17T06:29:56.766-0300] {dagbag.py:545} INFO - Filling up the DagBag from /home/jezandre/airflow/airflow_env/lib/python3.11/site-packages/airflow/example_dags/example_branch_operator.py
[2024-09-17T06:29:56.792-0300] {processor.py:840} INFO - DAG(s) 'example_branch_operator' retrieved from /home/jezandre/airflow/airflow_env/lib/python3.11/site-packages/airflow/example_dags/example_branch_operator.py
[2024-09-17T06:29:57.076-0300] {logging_mixin.py:188} INFO - [2024-09-17T06:29:57.075-0300] {dag.py:3089} INFO - Sync 1 DAGs
[2024-09-17T06:29:57.101-0300] {logging_mixin.py:188} INFO - [2024-09-17T06:29:57.100-0300] {dag.py:3947} INFO - Setting next_dagrun for example_branch_operator to 2024-09-16 00:00:00+00:00, run_after=2024-09-17 00:00:00+00:00
[2024-09-17T06:29:57.134-0300] {processor.py:183} INFO - Processing /home/jezandre/airflow/airflow_env/lib/python3.11/site-packages/airflow/example_dags/example_branch_operator.py took 0.376 seconds
[2024-09-17T06:30:27.384-0300] {processor.py:161} INFO - Started process (PID=21419) to work on /home/jezandre/airflow/airflow_env/lib/python3.11/site-packages/airflow/example_dags/example_branch_operator.py
[2024-09-17T06:30:27.385-0300] {processor.py:830} INFO - Processing file /home/jezandre/airflow/airflow_env/lib/python3.11/site-packages/airflow/example_dags/example_branch_operator.py for tasks to queue
[2024-09-17T06:30:27.386-0300] {logging_mixin.py:188} INFO - [2024-09-17T06:30:27.386-0300] {dagbag.py:545} INFO - Filling up the DagBag from /home/jezandre/airflow/airflow_env/lib/python3.11/site-packages/airflow/example_dags/example_branch_operator.py
[2024-09-17T06:30:27.406-0300] {processor.py:840} INFO - DAG(s) 'example_branch_operator' retrieved from /home/jezandre/airflow/airflow_env/lib/python3.11/site-packages/airflow/example_dags/example_branch_operator.py
[2024-09-17T06:30:27.444-0300] {logging_mixin.py:188} INFO - [2024-09-17T06:30:27.444-0300] {dag.py:3089} INFO - Sync 1 DAGs
[2024-09-17T06:30:27.477-0300] {logging_mixin.py:188} INFO - [2024-09-17T06:30:27.477-0300] {dag.py:3947} INFO - Setting next_dagrun for example_branch_operator to 2024-09-16 00:00:00+00:00, run_after=2024-09-17 00:00:00+00:00
[2024-09-17T06:30:27.505-0300] {processor.py:183} INFO - Processing /home/jezandre/airflow/airflow_env/lib/python3.11/site-packages/airflow/example_dags/example_branch_operator.py took 0.127 seconds
[2024-09-17T06:30:57.598-0300] {processor.py:161} INFO - Started process (PID=21622) to work on /home/jezandre/airflow/airflow_env/lib/python3.11/site-packages/airflow/example_dags/example_branch_operator.py
[2024-09-17T06:30:57.598-0300] {processor.py:830} INFO - Processing file /home/jezandre/airflow/airflow_env/lib/python3.11/site-packages/airflow/example_dags/example_branch_operator.py for tasks to queue
[2024-09-17T06:30:57.600-0300] {logging_mixin.py:188} INFO - [2024-09-17T06:30:57.600-0300] {dagbag.py:545} INFO - Filling up the DagBag from /home/jezandre/airflow/airflow_env/lib/python3.11/site-packages/airflow/example_dags/example_branch_operator.py
[2024-09-17T06:30:57.617-0300] {processor.py:840} INFO - DAG(s) 'example_branch_operator' retrieved from /home/jezandre/airflow/airflow_env/lib/python3.11/site-packages/airflow/example_dags/example_branch_operator.py
[2024-09-17T06:30:57.654-0300] {logging_mixin.py:188} INFO - [2024-09-17T06:30:57.654-0300] {dag.py:3089} INFO - Sync 1 DAGs
[2024-09-17T06:30:57.684-0300] {logging_mixin.py:188} INFO - [2024-09-17T06:30:57.683-0300] {dag.py:3947} INFO - Setting next_dagrun for example_branch_operator to 2024-09-16 00:00:00+00:00, run_after=2024-09-17 00:00:00+00:00
[2024-09-17T06:30:57.714-0300] {processor.py:183} INFO - Processing /home/jezandre/airflow/airflow_env/lib/python3.11/site-packages/airflow/example_dags/example_branch_operator.py took 0.122 seconds
[2024-09-17T06:31:28.073-0300] {processor.py:161} INFO - Started process (PID=21825) to work on /home/jezandre/airflow/airflow_env/lib/python3.11/site-packages/airflow/example_dags/example_branch_operator.py
[2024-09-17T06:31:28.074-0300] {processor.py:830} INFO - Processing file /home/jezandre/airflow/airflow_env/lib/python3.11/site-packages/airflow/example_dags/example_branch_operator.py for tasks to queue
[2024-09-17T06:31:28.077-0300] {logging_mixin.py:188} INFO - [2024-09-17T06:31:28.077-0300] {dagbag.py:545} INFO - Filling up the DagBag from /home/jezandre/airflow/airflow_env/lib/python3.11/site-packages/airflow/example_dags/example_branch_operator.py
[2024-09-17T06:31:28.096-0300] {processor.py:840} INFO - DAG(s) 'example_branch_operator' retrieved from /home/jezandre/airflow/airflow_env/lib/python3.11/site-packages/airflow/example_dags/example_branch_operator.py
[2024-09-17T06:31:28.143-0300] {logging_mixin.py:188} INFO - [2024-09-17T06:31:28.142-0300] {dag.py:3089} INFO - Sync 1 DAGs
[2024-09-17T06:31:28.180-0300] {logging_mixin.py:188} INFO - [2024-09-17T06:31:28.180-0300] {dag.py:3947} INFO - Setting next_dagrun for example_branch_operator to 2024-09-16 00:00:00+00:00, run_after=2024-09-17 00:00:00+00:00
[2024-09-17T06:31:28.220-0300] {processor.py:183} INFO - Processing /home/jezandre/airflow/airflow_env/lib/python3.11/site-packages/airflow/example_dags/example_branch_operator.py took 0.155 seconds
[2024-09-17T06:31:58.434-0300] {processor.py:161} INFO - Started process (PID=22121) to work on /home/jezandre/airflow/airflow_env/lib/python3.11/site-packages/airflow/example_dags/example_branch_operator.py
[2024-09-17T06:31:58.435-0300] {processor.py:830} INFO - Processing file /home/jezandre/airflow/airflow_env/lib/python3.11/site-packages/airflow/example_dags/example_branch_operator.py for tasks to queue
[2024-09-17T06:31:58.437-0300] {logging_mixin.py:188} INFO - [2024-09-17T06:31:58.437-0300] {dagbag.py:545} INFO - Filling up the DagBag from /home/jezandre/airflow/airflow_env/lib/python3.11/site-packages/airflow/example_dags/example_branch_operator.py
[2024-09-17T06:31:58.465-0300] {processor.py:840} INFO - DAG(s) 'example_branch_operator' retrieved from /home/jezandre/airflow/airflow_env/lib/python3.11/site-packages/airflow/example_dags/example_branch_operator.py
[2024-09-17T06:31:58.505-0300] {logging_mixin.py:188} INFO - [2024-09-17T06:31:58.505-0300] {dag.py:3089} INFO - Sync 1 DAGs
[2024-09-17T06:31:58.539-0300] {logging_mixin.py:188} INFO - [2024-09-17T06:31:58.538-0300] {dag.py:3947} INFO - Setting next_dagrun for example_branch_operator to 2024-09-16 00:00:00+00:00, run_after=2024-09-17 00:00:00+00:00
[2024-09-17T06:31:58.566-0300] {processor.py:183} INFO - Processing /home/jezandre/airflow/airflow_env/lib/python3.11/site-packages/airflow/example_dags/example_branch_operator.py took 0.140 seconds
[2024-09-17T06:32:29.539-0300] {processor.py:161} INFO - Started process (PID=22594) to work on /home/jezandre/airflow/airflow_env/lib/python3.11/site-packages/airflow/example_dags/example_branch_operator.py
[2024-09-17T06:32:29.540-0300] {processor.py:830} INFO - Processing file /home/jezandre/airflow/airflow_env/lib/python3.11/site-packages/airflow/example_dags/example_branch_operator.py for tasks to queue
[2024-09-17T06:32:29.542-0300] {logging_mixin.py:188} INFO - [2024-09-17T06:32:29.542-0300] {dagbag.py:545} INFO - Filling up the DagBag from /home/jezandre/airflow/airflow_env/lib/python3.11/site-packages/airflow/example_dags/example_branch_operator.py
[2024-09-17T06:32:29.562-0300] {processor.py:840} INFO - DAG(s) 'example_branch_operator' retrieved from /home/jezandre/airflow/airflow_env/lib/python3.11/site-packages/airflow/example_dags/example_branch_operator.py
[2024-09-17T06:32:29.692-0300] {logging_mixin.py:188} INFO - [2024-09-17T06:32:29.692-0300] {dag.py:3089} INFO - Sync 1 DAGs
[2024-09-17T06:32:29.720-0300] {logging_mixin.py:188} INFO - [2024-09-17T06:32:29.720-0300] {dag.py:3947} INFO - Setting next_dagrun for example_branch_operator to 2024-09-16 00:00:00+00:00, run_after=2024-09-17 00:00:00+00:00
[2024-09-17T06:32:29.748-0300] {processor.py:183} INFO - Processing /home/jezandre/airflow/airflow_env/lib/python3.11/site-packages/airflow/example_dags/example_branch_operator.py took 0.215 seconds
[2024-09-17T06:33:00.307-0300] {processor.py:161} INFO - Started process (PID=22955) to work on /home/jezandre/airflow/airflow_env/lib/python3.11/site-packages/airflow/example_dags/example_branch_operator.py
[2024-09-17T06:33:00.308-0300] {processor.py:830} INFO - Processing file /home/jezandre/airflow/airflow_env/lib/python3.11/site-packages/airflow/example_dags/example_branch_operator.py for tasks to queue
[2024-09-17T06:33:00.311-0300] {logging_mixin.py:188} INFO - [2024-09-17T06:33:00.311-0300] {dagbag.py:545} INFO - Filling up the DagBag from /home/jezandre/airflow/airflow_env/lib/python3.11/site-packages/airflow/example_dags/example_branch_operator.py
[2024-09-17T06:33:00.341-0300] {processor.py:840} INFO - DAG(s) 'example_branch_operator' retrieved from /home/jezandre/airflow/airflow_env/lib/python3.11/site-packages/airflow/example_dags/example_branch_operator.py
[2024-09-17T06:33:00.393-0300] {logging_mixin.py:188} INFO - [2024-09-17T06:33:00.392-0300] {dag.py:3089} INFO - Sync 1 DAGs
[2024-09-17T06:33:00.438-0300] {logging_mixin.py:188} INFO - [2024-09-17T06:33:00.438-0300] {dag.py:3947} INFO - Setting next_dagrun for example_branch_operator to 2024-09-16 00:00:00+00:00, run_after=2024-09-17 00:00:00+00:00
[2024-09-17T06:33:00.467-0300] {processor.py:183} INFO - Processing /home/jezandre/airflow/airflow_env/lib/python3.11/site-packages/airflow/example_dags/example_branch_operator.py took 0.169 seconds
[2024-09-17T06:33:30.690-0300] {processor.py:161} INFO - Started process (PID=23184) to work on /home/jezandre/airflow/airflow_env/lib/python3.11/site-packages/airflow/example_dags/example_branch_operator.py
[2024-09-17T06:33:30.692-0300] {processor.py:830} INFO - Processing file /home/jezandre/airflow/airflow_env/lib/python3.11/site-packages/airflow/example_dags/example_branch_operator.py for tasks to queue
[2024-09-17T06:33:30.695-0300] {logging_mixin.py:188} INFO - [2024-09-17T06:33:30.694-0300] {dagbag.py:545} INFO - Filling up the DagBag from /home/jezandre/airflow/airflow_env/lib/python3.11/site-packages/airflow/example_dags/example_branch_operator.py
[2024-09-17T06:33:30.738-0300] {processor.py:840} INFO - DAG(s) 'example_branch_operator' retrieved from /home/jezandre/airflow/airflow_env/lib/python3.11/site-packages/airflow/example_dags/example_branch_operator.py
[2024-09-17T06:33:30.806-0300] {logging_mixin.py:188} INFO - [2024-09-17T06:33:30.804-0300] {dag.py:3089} INFO - Sync 1 DAGs
[2024-09-17T06:33:30.871-0300] {logging_mixin.py:188} INFO - [2024-09-17T06:33:30.870-0300] {dag.py:3947} INFO - Setting next_dagrun for example_branch_operator to 2024-09-16 00:00:00+00:00, run_after=2024-09-17 00:00:00+00:00
[2024-09-17T06:33:30.912-0300] {processor.py:183} INFO - Processing /home/jezandre/airflow/airflow_env/lib/python3.11/site-packages/airflow/example_dags/example_branch_operator.py took 0.233 seconds
[2024-09-17T06:34:01.301-0300] {processor.py:161} INFO - Started process (PID=23486) to work on /home/jezandre/airflow/airflow_env/lib/python3.11/site-packages/airflow/example_dags/example_branch_operator.py
[2024-09-17T06:34:01.303-0300] {processor.py:830} INFO - Processing file /home/jezandre/airflow/airflow_env/lib/python3.11/site-packages/airflow/example_dags/example_branch_operator.py for tasks to queue
[2024-09-17T06:34:01.304-0300] {logging_mixin.py:188} INFO - [2024-09-17T06:34:01.304-0300] {dagbag.py:545} INFO - Filling up the DagBag from /home/jezandre/airflow/airflow_env/lib/python3.11/site-packages/airflow/example_dags/example_branch_operator.py
[2024-09-17T06:34:01.320-0300] {processor.py:840} INFO - DAG(s) 'example_branch_operator' retrieved from /home/jezandre/airflow/airflow_env/lib/python3.11/site-packages/airflow/example_dags/example_branch_operator.py
[2024-09-17T06:34:01.354-0300] {logging_mixin.py:188} INFO - [2024-09-17T06:34:01.354-0300] {dag.py:3089} INFO - Sync 1 DAGs
[2024-09-17T06:34:01.387-0300] {logging_mixin.py:188} INFO - [2024-09-17T06:34:01.386-0300] {dag.py:3947} INFO - Setting next_dagrun for example_branch_operator to 2024-09-16 00:00:00+00:00, run_after=2024-09-17 00:00:00+00:00
[2024-09-17T06:34:01.414-0300] {processor.py:183} INFO - Processing /home/jezandre/airflow/airflow_env/lib/python3.11/site-packages/airflow/example_dags/example_branch_operator.py took 0.118 seconds
[2024-09-17T06:34:31.758-0300] {processor.py:161} INFO - Started process (PID=23708) to work on /home/jezandre/airflow/airflow_env/lib/python3.11/site-packages/airflow/example_dags/example_branch_operator.py
[2024-09-17T06:34:31.759-0300] {processor.py:830} INFO - Processing file /home/jezandre/airflow/airflow_env/lib/python3.11/site-packages/airflow/example_dags/example_branch_operator.py for tasks to queue
[2024-09-17T06:34:31.761-0300] {logging_mixin.py:188} INFO - [2024-09-17T06:34:31.761-0300] {dagbag.py:545} INFO - Filling up the DagBag from /home/jezandre/airflow/airflow_env/lib/python3.11/site-packages/airflow/example_dags/example_branch_operator.py
[2024-09-17T06:34:31.782-0300] {processor.py:840} INFO - DAG(s) 'example_branch_operator' retrieved from /home/jezandre/airflow/airflow_env/lib/python3.11/site-packages/airflow/example_dags/example_branch_operator.py
[2024-09-17T06:34:31.824-0300] {logging_mixin.py:188} INFO - [2024-09-17T06:34:31.824-0300] {dag.py:3089} INFO - Sync 1 DAGs
[2024-09-17T06:34:31.865-0300] {logging_mixin.py:188} INFO - [2024-09-17T06:34:31.864-0300] {dag.py:3947} INFO - Setting next_dagrun for example_branch_operator to 2024-09-16 00:00:00+00:00, run_after=2024-09-17 00:00:00+00:00
[2024-09-17T06:34:31.892-0300] {processor.py:183} INFO - Processing /home/jezandre/airflow/airflow_env/lib/python3.11/site-packages/airflow/example_dags/example_branch_operator.py took 0.139 seconds
[2024-09-17T06:35:02.443-0300] {processor.py:161} INFO - Started process (PID=24082) to work on /home/jezandre/airflow/airflow_env/lib/python3.11/site-packages/airflow/example_dags/example_branch_operator.py
[2024-09-17T06:35:02.444-0300] {processor.py:830} INFO - Processing file /home/jezandre/airflow/airflow_env/lib/python3.11/site-packages/airflow/example_dags/example_branch_operator.py for tasks to queue
[2024-09-17T06:35:02.446-0300] {logging_mixin.py:188} INFO - [2024-09-17T06:35:02.446-0300] {dagbag.py:545} INFO - Filling up the DagBag from /home/jezandre/airflow/airflow_env/lib/python3.11/site-packages/airflow/example_dags/example_branch_operator.py
[2024-09-17T06:35:02.466-0300] {processor.py:840} INFO - DAG(s) 'example_branch_operator' retrieved from /home/jezandre/airflow/airflow_env/lib/python3.11/site-packages/airflow/example_dags/example_branch_operator.py
[2024-09-17T06:35:02.506-0300] {logging_mixin.py:188} INFO - [2024-09-17T06:35:02.505-0300] {dag.py:3089} INFO - Sync 1 DAGs
[2024-09-17T06:35:02.538-0300] {logging_mixin.py:188} INFO - [2024-09-17T06:35:02.538-0300] {dag.py:3947} INFO - Setting next_dagrun for example_branch_operator to 2024-09-16 00:00:00+00:00, run_after=2024-09-17 00:00:00+00:00
[2024-09-17T06:35:02.565-0300] {processor.py:183} INFO - Processing /home/jezandre/airflow/airflow_env/lib/python3.11/site-packages/airflow/example_dags/example_branch_operator.py took 0.129 seconds
[2024-09-17T06:35:32.741-0300] {processor.py:161} INFO - Started process (PID=24296) to work on /home/jezandre/airflow/airflow_env/lib/python3.11/site-packages/airflow/example_dags/example_branch_operator.py
[2024-09-17T06:35:32.743-0300] {processor.py:830} INFO - Processing file /home/jezandre/airflow/airflow_env/lib/python3.11/site-packages/airflow/example_dags/example_branch_operator.py for tasks to queue
[2024-09-17T06:35:32.745-0300] {logging_mixin.py:188} INFO - [2024-09-17T06:35:32.744-0300] {dagbag.py:545} INFO - Filling up the DagBag from /home/jezandre/airflow/airflow_env/lib/python3.11/site-packages/airflow/example_dags/example_branch_operator.py
[2024-09-17T06:35:32.765-0300] {processor.py:840} INFO - DAG(s) 'example_branch_operator' retrieved from /home/jezandre/airflow/airflow_env/lib/python3.11/site-packages/airflow/example_dags/example_branch_operator.py
[2024-09-17T06:35:32.815-0300] {logging_mixin.py:188} INFO - [2024-09-17T06:35:32.814-0300] {dag.py:3089} INFO - Sync 1 DAGs
[2024-09-17T06:35:32.856-0300] {logging_mixin.py:188} INFO - [2024-09-17T06:35:32.856-0300] {dag.py:3947} INFO - Setting next_dagrun for example_branch_operator to 2024-09-16 00:00:00+00:00, run_after=2024-09-17 00:00:00+00:00
[2024-09-17T06:35:32.888-0300] {processor.py:183} INFO - Processing /home/jezandre/airflow/airflow_env/lib/python3.11/site-packages/airflow/example_dags/example_branch_operator.py took 0.152 seconds
