[2024-09-17T06:27:39.310-0300] {processor.py:161} INFO - Started process (PID=20119) to work on /home/jezandre/airflow/airflow_env/lib/python3.11/site-packages/airflow/example_dags/example_setup_teardown_taskflow.py
[2024-09-17T06:27:39.311-0300] {processor.py:830} INFO - Processing file /home/jezandre/airflow/airflow_env/lib/python3.11/site-packages/airflow/example_dags/example_setup_teardown_taskflow.py for tasks to queue
[2024-09-17T06:27:39.312-0300] {logging_mixin.py:188} INFO - [2024-09-17T06:27:39.312-0300] {dagbag.py:545} INFO - Filling up the DagBag from /home/jezandre/airflow/airflow_env/lib/python3.11/site-packages/airflow/example_dags/example_setup_teardown_taskflow.py
[2024-09-17T06:27:39.322-0300] {processor.py:840} INFO - DAG(s) 'example_setup_teardown_taskflow' retrieved from /home/jezandre/airflow/airflow_env/lib/python3.11/site-packages/airflow/example_dags/example_setup_teardown_taskflow.py
[2024-09-17T06:27:39.529-0300] {logging_mixin.py:188} INFO - [2024-09-17T06:27:39.528-0300] {dag.py:3089} INFO - Sync 1 DAGs
[2024-09-17T06:27:39.544-0300] {logging_mixin.py:188} INFO - [2024-09-17T06:27:39.543-0300] {dag.py:3947} INFO - Setting next_dagrun for example_setup_teardown_taskflow to 2024-09-16 00:00:00+00:00, run_after=2024-09-17 00:00:00+00:00
[2024-09-17T06:27:39.575-0300] {processor.py:183} INFO - Processing /home/jezandre/airflow/airflow_env/lib/python3.11/site-packages/airflow/example_dags/example_setup_teardown_taskflow.py took 0.270 seconds
[2024-09-17T06:28:39.698-0300] {processor.py:161} INFO - Started process (PID=20381) to work on /home/jezandre/airflow/airflow_env/lib/python3.11/site-packages/airflow/example_dags/example_setup_teardown_taskflow.py
[2024-09-17T06:28:39.702-0300] {processor.py:830} INFO - Processing file /home/jezandre/airflow/airflow_env/lib/python3.11/site-packages/airflow/example_dags/example_setup_teardown_taskflow.py for tasks to queue
[2024-09-17T06:28:39.704-0300] {logging_mixin.py:188} INFO - [2024-09-17T06:28:39.703-0300] {dagbag.py:545} INFO - Filling up the DagBag from /home/jezandre/airflow/airflow_env/lib/python3.11/site-packages/airflow/example_dags/example_setup_teardown_taskflow.py
[2024-09-17T06:28:39.829-0300] {processor.py:840} INFO - DAG(s) 'example_setup_teardown_taskflow' retrieved from /home/jezandre/airflow/airflow_env/lib/python3.11/site-packages/airflow/example_dags/example_setup_teardown_taskflow.py
[2024-09-17T06:28:39.840-0300] {logging_mixin.py:188} INFO - [2024-09-17T06:28:39.840-0300] {dag.py:3089} INFO - Sync 1 DAGs
[2024-09-17T06:28:39.856-0300] {logging_mixin.py:188} INFO - [2024-09-17T06:28:39.855-0300] {dag.py:3947} INFO - Setting next_dagrun for example_setup_teardown_taskflow to 2024-09-16 00:00:00+00:00, run_after=2024-09-17 00:00:00+00:00
[2024-09-17T06:28:39.880-0300] {processor.py:183} INFO - Processing /home/jezandre/airflow/airflow_env/lib/python3.11/site-packages/airflow/example_dags/example_setup_teardown_taskflow.py took 0.189 seconds
[2024-09-17T06:29:34.716-0300] {processor.py:161} INFO - Started process (PID=20815) to work on /home/jezandre/airflow/airflow_env/lib/python3.11/site-packages/airflow/example_dags/example_setup_teardown_taskflow.py
[2024-09-17T06:29:34.720-0300] {processor.py:830} INFO - Processing file /home/jezandre/airflow/airflow_env/lib/python3.11/site-packages/airflow/example_dags/example_setup_teardown_taskflow.py for tasks to queue
[2024-09-17T06:29:34.722-0300] {logging_mixin.py:188} INFO - [2024-09-17T06:29:34.722-0300] {dagbag.py:545} INFO - Filling up the DagBag from /home/jezandre/airflow/airflow_env/lib/python3.11/site-packages/airflow/example_dags/example_setup_teardown_taskflow.py
[2024-09-17T06:29:34.731-0300] {processor.py:840} INFO - DAG(s) 'example_setup_teardown_taskflow' retrieved from /home/jezandre/airflow/airflow_env/lib/python3.11/site-packages/airflow/example_dags/example_setup_teardown_taskflow.py
[2024-09-17T06:29:34.745-0300] {logging_mixin.py:188} INFO - [2024-09-17T06:29:34.745-0300] {dag.py:3089} INFO - Sync 1 DAGs
[2024-09-17T06:29:34.763-0300] {logging_mixin.py:188} INFO - [2024-09-17T06:29:34.763-0300] {dag.py:3947} INFO - Setting next_dagrun for example_setup_teardown_taskflow to 2024-09-16 00:00:00+00:00, run_after=2024-09-17 00:00:00+00:00
[2024-09-17T06:29:34.797-0300] {processor.py:183} INFO - Processing /home/jezandre/airflow/airflow_env/lib/python3.11/site-packages/airflow/example_dags/example_setup_teardown_taskflow.py took 0.086 seconds
[2024-09-17T06:29:53.356-0300] {processor.py:161} INFO - Started process (PID=21076) to work on /home/jezandre/airflow/airflow_env/lib/python3.11/site-packages/airflow/example_dags/example_setup_teardown_taskflow.py
[2024-09-17T06:29:53.358-0300] {processor.py:830} INFO - Processing file /home/jezandre/airflow/airflow_env/lib/python3.11/site-packages/airflow/example_dags/example_setup_teardown_taskflow.py for tasks to queue
[2024-09-17T06:29:53.360-0300] {logging_mixin.py:188} INFO - [2024-09-17T06:29:53.359-0300] {dagbag.py:545} INFO - Filling up the DagBag from /home/jezandre/airflow/airflow_env/lib/python3.11/site-packages/airflow/example_dags/example_setup_teardown_taskflow.py
[2024-09-17T06:29:53.377-0300] {processor.py:840} INFO - DAG(s) 'example_setup_teardown_taskflow' retrieved from /home/jezandre/airflow/airflow_env/lib/python3.11/site-packages/airflow/example_dags/example_setup_teardown_taskflow.py
[2024-09-17T06:29:53.660-0300] {logging_mixin.py:188} INFO - [2024-09-17T06:29:53.660-0300] {dag.py:3089} INFO - Sync 1 DAGs
[2024-09-17T06:29:53.690-0300] {logging_mixin.py:188} INFO - [2024-09-17T06:29:53.689-0300] {dag.py:3947} INFO - Setting next_dagrun for example_setup_teardown_taskflow to 2024-09-16 00:00:00+00:00, run_after=2024-09-17 00:00:00+00:00
[2024-09-17T06:29:53.735-0300] {processor.py:183} INFO - Processing /home/jezandre/airflow/airflow_env/lib/python3.11/site-packages/airflow/example_dags/example_setup_teardown_taskflow.py took 0.387 seconds
[2024-09-17T06:30:24.056-0300] {processor.py:161} INFO - Started process (PID=21371) to work on /home/jezandre/airflow/airflow_env/lib/python3.11/site-packages/airflow/example_dags/example_setup_teardown_taskflow.py
[2024-09-17T06:30:24.057-0300] {processor.py:830} INFO - Processing file /home/jezandre/airflow/airflow_env/lib/python3.11/site-packages/airflow/example_dags/example_setup_teardown_taskflow.py for tasks to queue
[2024-09-17T06:30:24.058-0300] {logging_mixin.py:188} INFO - [2024-09-17T06:30:24.058-0300] {dagbag.py:545} INFO - Filling up the DagBag from /home/jezandre/airflow/airflow_env/lib/python3.11/site-packages/airflow/example_dags/example_setup_teardown_taskflow.py
[2024-09-17T06:30:24.067-0300] {processor.py:840} INFO - DAG(s) 'example_setup_teardown_taskflow' retrieved from /home/jezandre/airflow/airflow_env/lib/python3.11/site-packages/airflow/example_dags/example_setup_teardown_taskflow.py
[2024-09-17T06:30:24.098-0300] {logging_mixin.py:188} INFO - [2024-09-17T06:30:24.097-0300] {dag.py:3089} INFO - Sync 1 DAGs
[2024-09-17T06:30:24.130-0300] {logging_mixin.py:188} INFO - [2024-09-17T06:30:24.129-0300] {dag.py:3947} INFO - Setting next_dagrun for example_setup_teardown_taskflow to 2024-09-16 00:00:00+00:00, run_after=2024-09-17 00:00:00+00:00
[2024-09-17T06:30:24.161-0300] {processor.py:183} INFO - Processing /home/jezandre/airflow/airflow_env/lib/python3.11/site-packages/airflow/example_dags/example_setup_teardown_taskflow.py took 0.110 seconds
[2024-09-17T06:30:54.519-0300] {processor.py:161} INFO - Started process (PID=21580) to work on /home/jezandre/airflow/airflow_env/lib/python3.11/site-packages/airflow/example_dags/example_setup_teardown_taskflow.py
[2024-09-17T06:30:54.519-0300] {processor.py:830} INFO - Processing file /home/jezandre/airflow/airflow_env/lib/python3.11/site-packages/airflow/example_dags/example_setup_teardown_taskflow.py for tasks to queue
[2024-09-17T06:30:54.521-0300] {logging_mixin.py:188} INFO - [2024-09-17T06:30:54.520-0300] {dagbag.py:545} INFO - Filling up the DagBag from /home/jezandre/airflow/airflow_env/lib/python3.11/site-packages/airflow/example_dags/example_setup_teardown_taskflow.py
[2024-09-17T06:30:54.530-0300] {processor.py:840} INFO - DAG(s) 'example_setup_teardown_taskflow' retrieved from /home/jezandre/airflow/airflow_env/lib/python3.11/site-packages/airflow/example_dags/example_setup_teardown_taskflow.py
[2024-09-17T06:30:54.560-0300] {logging_mixin.py:188} INFO - [2024-09-17T06:30:54.560-0300] {dag.py:3089} INFO - Sync 1 DAGs
[2024-09-17T06:30:54.588-0300] {logging_mixin.py:188} INFO - [2024-09-17T06:30:54.588-0300] {dag.py:3947} INFO - Setting next_dagrun for example_setup_teardown_taskflow to 2024-09-16 00:00:00+00:00, run_after=2024-09-17 00:00:00+00:00
[2024-09-17T06:30:54.618-0300] {processor.py:183} INFO - Processing /home/jezandre/airflow/airflow_env/lib/python3.11/site-packages/airflow/example_dags/example_setup_teardown_taskflow.py took 0.105 seconds
[2024-09-17T06:31:24.899-0300] {processor.py:161} INFO - Started process (PID=21778) to work on /home/jezandre/airflow/airflow_env/lib/python3.11/site-packages/airflow/example_dags/example_setup_teardown_taskflow.py
[2024-09-17T06:31:24.900-0300] {processor.py:830} INFO - Processing file /home/jezandre/airflow/airflow_env/lib/python3.11/site-packages/airflow/example_dags/example_setup_teardown_taskflow.py for tasks to queue
[2024-09-17T06:31:24.902-0300] {logging_mixin.py:188} INFO - [2024-09-17T06:31:24.902-0300] {dagbag.py:545} INFO - Filling up the DagBag from /home/jezandre/airflow/airflow_env/lib/python3.11/site-packages/airflow/example_dags/example_setup_teardown_taskflow.py
[2024-09-17T06:31:24.911-0300] {processor.py:840} INFO - DAG(s) 'example_setup_teardown_taskflow' retrieved from /home/jezandre/airflow/airflow_env/lib/python3.11/site-packages/airflow/example_dags/example_setup_teardown_taskflow.py
[2024-09-17T06:31:24.938-0300] {logging_mixin.py:188} INFO - [2024-09-17T06:31:24.938-0300] {dag.py:3089} INFO - Sync 1 DAGs
[2024-09-17T06:31:24.964-0300] {logging_mixin.py:188} INFO - [2024-09-17T06:31:24.963-0300] {dag.py:3947} INFO - Setting next_dagrun for example_setup_teardown_taskflow to 2024-09-16 00:00:00+00:00, run_after=2024-09-17 00:00:00+00:00
[2024-09-17T06:31:24.988-0300] {processor.py:183} INFO - Processing /home/jezandre/airflow/airflow_env/lib/python3.11/site-packages/airflow/example_dags/example_setup_teardown_taskflow.py took 0.094 seconds
[2024-09-17T06:31:55.361-0300] {processor.py:161} INFO - Started process (PID=22067) to work on /home/jezandre/airflow/airflow_env/lib/python3.11/site-packages/airflow/example_dags/example_setup_teardown_taskflow.py
[2024-09-17T06:31:55.362-0300] {processor.py:830} INFO - Processing file /home/jezandre/airflow/airflow_env/lib/python3.11/site-packages/airflow/example_dags/example_setup_teardown_taskflow.py for tasks to queue
[2024-09-17T06:31:55.364-0300] {logging_mixin.py:188} INFO - [2024-09-17T06:31:55.364-0300] {dagbag.py:545} INFO - Filling up the DagBag from /home/jezandre/airflow/airflow_env/lib/python3.11/site-packages/airflow/example_dags/example_setup_teardown_taskflow.py
[2024-09-17T06:31:55.373-0300] {processor.py:840} INFO - DAG(s) 'example_setup_teardown_taskflow' retrieved from /home/jezandre/airflow/airflow_env/lib/python3.11/site-packages/airflow/example_dags/example_setup_teardown_taskflow.py
[2024-09-17T06:31:55.406-0300] {logging_mixin.py:188} INFO - [2024-09-17T06:31:55.406-0300] {dag.py:3089} INFO - Sync 1 DAGs
[2024-09-17T06:31:55.438-0300] {logging_mixin.py:188} INFO - [2024-09-17T06:31:55.438-0300] {dag.py:3947} INFO - Setting next_dagrun for example_setup_teardown_taskflow to 2024-09-16 00:00:00+00:00, run_after=2024-09-17 00:00:00+00:00
[2024-09-17T06:31:55.465-0300] {processor.py:183} INFO - Processing /home/jezandre/airflow/airflow_env/lib/python3.11/site-packages/airflow/example_dags/example_setup_teardown_taskflow.py took 0.109 seconds
[2024-09-17T06:32:26.124-0300] {processor.py:161} INFO - Started process (PID=22546) to work on /home/jezandre/airflow/airflow_env/lib/python3.11/site-packages/airflow/example_dags/example_setup_teardown_taskflow.py
[2024-09-17T06:32:26.125-0300] {processor.py:830} INFO - Processing file /home/jezandre/airflow/airflow_env/lib/python3.11/site-packages/airflow/example_dags/example_setup_teardown_taskflow.py for tasks to queue
[2024-09-17T06:32:26.127-0300] {logging_mixin.py:188} INFO - [2024-09-17T06:32:26.127-0300] {dagbag.py:545} INFO - Filling up the DagBag from /home/jezandre/airflow/airflow_env/lib/python3.11/site-packages/airflow/example_dags/example_setup_teardown_taskflow.py
[2024-09-17T06:32:26.136-0300] {processor.py:840} INFO - DAG(s) 'example_setup_teardown_taskflow' retrieved from /home/jezandre/airflow/airflow_env/lib/python3.11/site-packages/airflow/example_dags/example_setup_teardown_taskflow.py
[2024-09-17T06:32:26.261-0300] {logging_mixin.py:188} INFO - [2024-09-17T06:32:26.261-0300] {dag.py:3089} INFO - Sync 1 DAGs
[2024-09-17T06:32:26.296-0300] {logging_mixin.py:188} INFO - [2024-09-17T06:32:26.295-0300] {dag.py:3947} INFO - Setting next_dagrun for example_setup_teardown_taskflow to 2024-09-16 00:00:00+00:00, run_after=2024-09-17 00:00:00+00:00
[2024-09-17T06:32:26.328-0300] {processor.py:183} INFO - Processing /home/jezandre/airflow/airflow_env/lib/python3.11/site-packages/airflow/example_dags/example_setup_teardown_taskflow.py took 0.209 seconds
[2024-09-17T06:32:56.890-0300] {processor.py:161} INFO - Started process (PID=22910) to work on /home/jezandre/airflow/airflow_env/lib/python3.11/site-packages/airflow/example_dags/example_setup_teardown_taskflow.py
[2024-09-17T06:32:56.892-0300] {processor.py:830} INFO - Processing file /home/jezandre/airflow/airflow_env/lib/python3.11/site-packages/airflow/example_dags/example_setup_teardown_taskflow.py for tasks to queue
[2024-09-17T06:32:56.893-0300] {logging_mixin.py:188} INFO - [2024-09-17T06:32:56.893-0300] {dagbag.py:545} INFO - Filling up the DagBag from /home/jezandre/airflow/airflow_env/lib/python3.11/site-packages/airflow/example_dags/example_setup_teardown_taskflow.py
[2024-09-17T06:32:56.904-0300] {processor.py:840} INFO - DAG(s) 'example_setup_teardown_taskflow' retrieved from /home/jezandre/airflow/airflow_env/lib/python3.11/site-packages/airflow/example_dags/example_setup_teardown_taskflow.py
[2024-09-17T06:32:56.935-0300] {logging_mixin.py:188} INFO - [2024-09-17T06:32:56.934-0300] {dag.py:3089} INFO - Sync 1 DAGs
[2024-09-17T06:32:56.966-0300] {logging_mixin.py:188} INFO - [2024-09-17T06:32:56.966-0300] {dag.py:3947} INFO - Setting next_dagrun for example_setup_teardown_taskflow to 2024-09-16 00:00:00+00:00, run_after=2024-09-17 00:00:00+00:00
[2024-09-17T06:32:56.997-0300] {processor.py:183} INFO - Processing /home/jezandre/airflow/airflow_env/lib/python3.11/site-packages/airflow/example_dags/example_setup_teardown_taskflow.py took 0.114 seconds
[2024-09-17T06:33:27.400-0300] {processor.py:161} INFO - Started process (PID=23142) to work on /home/jezandre/airflow/airflow_env/lib/python3.11/site-packages/airflow/example_dags/example_setup_teardown_taskflow.py
[2024-09-17T06:33:27.401-0300] {processor.py:830} INFO - Processing file /home/jezandre/airflow/airflow_env/lib/python3.11/site-packages/airflow/example_dags/example_setup_teardown_taskflow.py for tasks to queue
[2024-09-17T06:33:27.403-0300] {logging_mixin.py:188} INFO - [2024-09-17T06:33:27.403-0300] {dagbag.py:545} INFO - Filling up the DagBag from /home/jezandre/airflow/airflow_env/lib/python3.11/site-packages/airflow/example_dags/example_setup_teardown_taskflow.py
[2024-09-17T06:33:27.415-0300] {processor.py:840} INFO - DAG(s) 'example_setup_teardown_taskflow' retrieved from /home/jezandre/airflow/airflow_env/lib/python3.11/site-packages/airflow/example_dags/example_setup_teardown_taskflow.py
[2024-09-17T06:33:27.445-0300] {logging_mixin.py:188} INFO - [2024-09-17T06:33:27.445-0300] {dag.py:3089} INFO - Sync 1 DAGs
[2024-09-17T06:33:27.471-0300] {logging_mixin.py:188} INFO - [2024-09-17T06:33:27.471-0300] {dag.py:3947} INFO - Setting next_dagrun for example_setup_teardown_taskflow to 2024-09-16 00:00:00+00:00, run_after=2024-09-17 00:00:00+00:00
[2024-09-17T06:33:27.502-0300] {processor.py:183} INFO - Processing /home/jezandre/airflow/airflow_env/lib/python3.11/site-packages/airflow/example_dags/example_setup_teardown_taskflow.py took 0.109 seconds
[2024-09-17T06:33:58.100-0300] {processor.py:161} INFO - Started process (PID=23420) to work on /home/jezandre/airflow/airflow_env/lib/python3.11/site-packages/airflow/example_dags/example_setup_teardown_taskflow.py
[2024-09-17T06:33:58.102-0300] {processor.py:830} INFO - Processing file /home/jezandre/airflow/airflow_env/lib/python3.11/site-packages/airflow/example_dags/example_setup_teardown_taskflow.py for tasks to queue
[2024-09-17T06:33:58.103-0300] {logging_mixin.py:188} INFO - [2024-09-17T06:33:58.103-0300] {dagbag.py:545} INFO - Filling up the DagBag from /home/jezandre/airflow/airflow_env/lib/python3.11/site-packages/airflow/example_dags/example_setup_teardown_taskflow.py
[2024-09-17T06:33:58.113-0300] {processor.py:840} INFO - DAG(s) 'example_setup_teardown_taskflow' retrieved from /home/jezandre/airflow/airflow_env/lib/python3.11/site-packages/airflow/example_dags/example_setup_teardown_taskflow.py
[2024-09-17T06:33:58.144-0300] {logging_mixin.py:188} INFO - [2024-09-17T06:33:58.144-0300] {dag.py:3089} INFO - Sync 1 DAGs
[2024-09-17T06:33:58.172-0300] {logging_mixin.py:188} INFO - [2024-09-17T06:33:58.172-0300] {dag.py:3947} INFO - Setting next_dagrun for example_setup_teardown_taskflow to 2024-09-16 00:00:00+00:00, run_after=2024-09-17 00:00:00+00:00
[2024-09-17T06:33:58.198-0300] {processor.py:183} INFO - Processing /home/jezandre/airflow/airflow_env/lib/python3.11/site-packages/airflow/example_dags/example_setup_teardown_taskflow.py took 0.103 seconds
[2024-09-17T06:34:28.444-0300] {processor.py:161} INFO - Started process (PID=23659) to work on /home/jezandre/airflow/airflow_env/lib/python3.11/site-packages/airflow/example_dags/example_setup_teardown_taskflow.py
[2024-09-17T06:34:28.445-0300] {processor.py:830} INFO - Processing file /home/jezandre/airflow/airflow_env/lib/python3.11/site-packages/airflow/example_dags/example_setup_teardown_taskflow.py for tasks to queue
[2024-09-17T06:34:28.448-0300] {logging_mixin.py:188} INFO - [2024-09-17T06:34:28.448-0300] {dagbag.py:545} INFO - Filling up the DagBag from /home/jezandre/airflow/airflow_env/lib/python3.11/site-packages/airflow/example_dags/example_setup_teardown_taskflow.py
[2024-09-17T06:34:28.458-0300] {processor.py:840} INFO - DAG(s) 'example_setup_teardown_taskflow' retrieved from /home/jezandre/airflow/airflow_env/lib/python3.11/site-packages/airflow/example_dags/example_setup_teardown_taskflow.py
[2024-09-17T06:34:28.495-0300] {logging_mixin.py:188} INFO - [2024-09-17T06:34:28.494-0300] {dag.py:3089} INFO - Sync 1 DAGs
[2024-09-17T06:34:28.532-0300] {logging_mixin.py:188} INFO - [2024-09-17T06:34:28.531-0300] {dag.py:3947} INFO - Setting next_dagrun for example_setup_teardown_taskflow to 2024-09-16 00:00:00+00:00, run_after=2024-09-17 00:00:00+00:00
[2024-09-17T06:34:28.566-0300] {processor.py:183} INFO - Processing /home/jezandre/airflow/airflow_env/lib/python3.11/site-packages/airflow/example_dags/example_setup_teardown_taskflow.py took 0.129 seconds
[2024-09-17T06:34:58.986-0300] {processor.py:161} INFO - Started process (PID=24009) to work on /home/jezandre/airflow/airflow_env/lib/python3.11/site-packages/airflow/example_dags/example_setup_teardown_taskflow.py
[2024-09-17T06:34:58.988-0300] {processor.py:830} INFO - Processing file /home/jezandre/airflow/airflow_env/lib/python3.11/site-packages/airflow/example_dags/example_setup_teardown_taskflow.py for tasks to queue
[2024-09-17T06:34:58.990-0300] {logging_mixin.py:188} INFO - [2024-09-17T06:34:58.989-0300] {dagbag.py:545} INFO - Filling up the DagBag from /home/jezandre/airflow/airflow_env/lib/python3.11/site-packages/airflow/example_dags/example_setup_teardown_taskflow.py
[2024-09-17T06:34:59.001-0300] {processor.py:840} INFO - DAG(s) 'example_setup_teardown_taskflow' retrieved from /home/jezandre/airflow/airflow_env/lib/python3.11/site-packages/airflow/example_dags/example_setup_teardown_taskflow.py
[2024-09-17T06:34:59.034-0300] {logging_mixin.py:188} INFO - [2024-09-17T06:34:59.033-0300] {dag.py:3089} INFO - Sync 1 DAGs
[2024-09-17T06:34:59.064-0300] {logging_mixin.py:188} INFO - [2024-09-17T06:34:59.064-0300] {dag.py:3947} INFO - Setting next_dagrun for example_setup_teardown_taskflow to 2024-09-16 00:00:00+00:00, run_after=2024-09-17 00:00:00+00:00
[2024-09-17T06:34:59.094-0300] {processor.py:183} INFO - Processing /home/jezandre/airflow/airflow_env/lib/python3.11/site-packages/airflow/example_dags/example_setup_teardown_taskflow.py took 0.114 seconds
[2024-09-17T06:35:29.583-0300] {processor.py:161} INFO - Started process (PID=24250) to work on /home/jezandre/airflow/airflow_env/lib/python3.11/site-packages/airflow/example_dags/example_setup_teardown_taskflow.py
[2024-09-17T06:35:29.584-0300] {processor.py:830} INFO - Processing file /home/jezandre/airflow/airflow_env/lib/python3.11/site-packages/airflow/example_dags/example_setup_teardown_taskflow.py for tasks to queue
[2024-09-17T06:35:29.586-0300] {logging_mixin.py:188} INFO - [2024-09-17T06:35:29.585-0300] {dagbag.py:545} INFO - Filling up the DagBag from /home/jezandre/airflow/airflow_env/lib/python3.11/site-packages/airflow/example_dags/example_setup_teardown_taskflow.py
[2024-09-17T06:35:29.598-0300] {processor.py:840} INFO - DAG(s) 'example_setup_teardown_taskflow' retrieved from /home/jezandre/airflow/airflow_env/lib/python3.11/site-packages/airflow/example_dags/example_setup_teardown_taskflow.py
[2024-09-17T06:35:29.631-0300] {logging_mixin.py:188} INFO - [2024-09-17T06:35:29.630-0300] {dag.py:3089} INFO - Sync 1 DAGs
[2024-09-17T06:35:29.661-0300] {logging_mixin.py:188} INFO - [2024-09-17T06:35:29.661-0300] {dag.py:3947} INFO - Setting next_dagrun for example_setup_teardown_taskflow to 2024-09-16 00:00:00+00:00, run_after=2024-09-17 00:00:00+00:00
[2024-09-17T06:35:29.693-0300] {processor.py:183} INFO - Processing /home/jezandre/airflow/airflow_env/lib/python3.11/site-packages/airflow/example_dags/example_setup_teardown_taskflow.py took 0.115 seconds
[2024-09-17T06:35:59.928-0300] {processor.py:161} INFO - Started process (PID=24570) to work on /home/jezandre/airflow/airflow_env/lib/python3.11/site-packages/airflow/example_dags/example_setup_teardown_taskflow.py
[2024-09-17T06:35:59.930-0300] {processor.py:830} INFO - Processing file /home/jezandre/airflow/airflow_env/lib/python3.11/site-packages/airflow/example_dags/example_setup_teardown_taskflow.py for tasks to queue
[2024-09-17T06:35:59.931-0300] {logging_mixin.py:188} INFO - [2024-09-17T06:35:59.931-0300] {dagbag.py:545} INFO - Filling up the DagBag from /home/jezandre/airflow/airflow_env/lib/python3.11/site-packages/airflow/example_dags/example_setup_teardown_taskflow.py
[2024-09-17T06:35:59.941-0300] {processor.py:840} INFO - DAG(s) 'example_setup_teardown_taskflow' retrieved from /home/jezandre/airflow/airflow_env/lib/python3.11/site-packages/airflow/example_dags/example_setup_teardown_taskflow.py
[2024-09-17T06:35:59.974-0300] {logging_mixin.py:188} INFO - [2024-09-17T06:35:59.973-0300] {dag.py:3089} INFO - Sync 1 DAGs
[2024-09-17T06:36:00.004-0300] {logging_mixin.py:188} INFO - [2024-09-17T06:36:00.003-0300] {dag.py:3947} INFO - Setting next_dagrun for example_setup_teardown_taskflow to 2024-09-16 00:00:00+00:00, run_after=2024-09-17 00:00:00+00:00
[2024-09-17T06:36:00.037-0300] {processor.py:183} INFO - Processing /home/jezandre/airflow/airflow_env/lib/python3.11/site-packages/airflow/example_dags/example_setup_teardown_taskflow.py took 0.117 seconds
[2024-09-17T06:36:30.275-0300] {processor.py:161} INFO - Started process (PID=24785) to work on /home/jezandre/airflow/airflow_env/lib/python3.11/site-packages/airflow/example_dags/example_setup_teardown_taskflow.py
[2024-09-17T06:36:30.276-0300] {processor.py:830} INFO - Processing file /home/jezandre/airflow/airflow_env/lib/python3.11/site-packages/airflow/example_dags/example_setup_teardown_taskflow.py for tasks to queue
[2024-09-17T06:36:30.279-0300] {logging_mixin.py:188} INFO - [2024-09-17T06:36:30.279-0300] {dagbag.py:545} INFO - Filling up the DagBag from /home/jezandre/airflow/airflow_env/lib/python3.11/site-packages/airflow/example_dags/example_setup_teardown_taskflow.py
[2024-09-17T06:36:30.290-0300] {processor.py:840} INFO - DAG(s) 'example_setup_teardown_taskflow' retrieved from /home/jezandre/airflow/airflow_env/lib/python3.11/site-packages/airflow/example_dags/example_setup_teardown_taskflow.py
[2024-09-17T06:36:30.321-0300] {logging_mixin.py:188} INFO - [2024-09-17T06:36:30.321-0300] {dag.py:3089} INFO - Sync 1 DAGs
[2024-09-17T06:36:30.347-0300] {logging_mixin.py:188} INFO - [2024-09-17T06:36:30.347-0300] {dag.py:3947} INFO - Setting next_dagrun for example_setup_teardown_taskflow to 2024-09-16 00:00:00+00:00, run_after=2024-09-17 00:00:00+00:00
[2024-09-17T06:36:30.377-0300] {processor.py:183} INFO - Processing /home/jezandre/airflow/airflow_env/lib/python3.11/site-packages/airflow/example_dags/example_setup_teardown_taskflow.py took 0.108 seconds
[2024-09-17T06:37:00.762-0300] {processor.py:161} INFO - Started process (PID=25020) to work on /home/jezandre/airflow/airflow_env/lib/python3.11/site-packages/airflow/example_dags/example_setup_teardown_taskflow.py
[2024-09-17T06:37:00.763-0300] {processor.py:830} INFO - Processing file /home/jezandre/airflow/airflow_env/lib/python3.11/site-packages/airflow/example_dags/example_setup_teardown_taskflow.py for tasks to queue
[2024-09-17T06:37:00.765-0300] {logging_mixin.py:188} INFO - [2024-09-17T06:37:00.765-0300] {dagbag.py:545} INFO - Filling up the DagBag from /home/jezandre/airflow/airflow_env/lib/python3.11/site-packages/airflow/example_dags/example_setup_teardown_taskflow.py
[2024-09-17T06:37:00.777-0300] {processor.py:840} INFO - DAG(s) 'example_setup_teardown_taskflow' retrieved from /home/jezandre/airflow/airflow_env/lib/python3.11/site-packages/airflow/example_dags/example_setup_teardown_taskflow.py
[2024-09-17T06:37:00.808-0300] {logging_mixin.py:188} INFO - [2024-09-17T06:37:00.807-0300] {dag.py:3089} INFO - Sync 1 DAGs
[2024-09-17T06:37:00.837-0300] {logging_mixin.py:188} INFO - [2024-09-17T06:37:00.837-0300] {dag.py:3947} INFO - Setting next_dagrun for example_setup_teardown_taskflow to 2024-09-16 00:00:00+00:00, run_after=2024-09-17 00:00:00+00:00
[2024-09-17T06:37:00.870-0300] {processor.py:183} INFO - Processing /home/jezandre/airflow/airflow_env/lib/python3.11/site-packages/airflow/example_dags/example_setup_teardown_taskflow.py took 0.114 seconds
[2024-09-17T06:37:32.173-0300] {processor.py:161} INFO - Started process (PID=25229) to work on /home/jezandre/airflow/airflow_env/lib/python3.11/site-packages/airflow/example_dags/example_setup_teardown_taskflow.py
[2024-09-17T06:37:32.175-0300] {processor.py:830} INFO - Processing file /home/jezandre/airflow/airflow_env/lib/python3.11/site-packages/airflow/example_dags/example_setup_teardown_taskflow.py for tasks to queue
[2024-09-17T06:37:32.177-0300] {logging_mixin.py:188} INFO - [2024-09-17T06:37:32.176-0300] {dagbag.py:545} INFO - Filling up the DagBag from /home/jezandre/airflow/airflow_env/lib/python3.11/site-packages/airflow/example_dags/example_setup_teardown_taskflow.py
[2024-09-17T06:37:32.187-0300] {processor.py:840} INFO - DAG(s) 'example_setup_teardown_taskflow' retrieved from /home/jezandre/airflow/airflow_env/lib/python3.11/site-packages/airflow/example_dags/example_setup_teardown_taskflow.py
[2024-09-17T06:37:32.334-0300] {logging_mixin.py:188} INFO - [2024-09-17T06:37:32.334-0300] {dag.py:3089} INFO - Sync 1 DAGs
[2024-09-17T06:37:32.364-0300] {logging_mixin.py:188} INFO - [2024-09-17T06:37:32.364-0300] {dag.py:3947} INFO - Setting next_dagrun for example_setup_teardown_taskflow to 2024-09-16 00:00:00+00:00, run_after=2024-09-17 00:00:00+00:00
[2024-09-17T06:37:32.397-0300] {processor.py:183} INFO - Processing /home/jezandre/airflow/airflow_env/lib/python3.11/site-packages/airflow/example_dags/example_setup_teardown_taskflow.py took 0.231 seconds
[2024-09-17T06:38:03.335-0300] {processor.py:161} INFO - Started process (PID=25479) to work on /home/jezandre/airflow/airflow_env/lib/python3.11/site-packages/airflow/example_dags/example_setup_teardown_taskflow.py
[2024-09-17T06:38:03.337-0300] {processor.py:830} INFO - Processing file /home/jezandre/airflow/airflow_env/lib/python3.11/site-packages/airflow/example_dags/example_setup_teardown_taskflow.py for tasks to queue
[2024-09-17T06:38:03.339-0300] {logging_mixin.py:188} INFO - [2024-09-17T06:38:03.339-0300] {dagbag.py:545} INFO - Filling up the DagBag from /home/jezandre/airflow/airflow_env/lib/python3.11/site-packages/airflow/example_dags/example_setup_teardown_taskflow.py
[2024-09-17T06:38:03.350-0300] {processor.py:840} INFO - DAG(s) 'example_setup_teardown_taskflow' retrieved from /home/jezandre/airflow/airflow_env/lib/python3.11/site-packages/airflow/example_dags/example_setup_teardown_taskflow.py
[2024-09-17T06:38:03.383-0300] {logging_mixin.py:188} INFO - [2024-09-17T06:38:03.383-0300] {dag.py:3089} INFO - Sync 1 DAGs
[2024-09-17T06:38:03.413-0300] {logging_mixin.py:188} INFO - [2024-09-17T06:38:03.413-0300] {dag.py:3947} INFO - Setting next_dagrun for example_setup_teardown_taskflow to 2024-09-16 00:00:00+00:00, run_after=2024-09-17 00:00:00+00:00
[2024-09-17T06:38:03.444-0300] {processor.py:183} INFO - Processing /home/jezandre/airflow/airflow_env/lib/python3.11/site-packages/airflow/example_dags/example_setup_teardown_taskflow.py took 0.115 seconds
[2024-09-17T06:38:33.721-0300] {processor.py:161} INFO - Started process (PID=25781) to work on /home/jezandre/airflow/airflow_env/lib/python3.11/site-packages/airflow/example_dags/example_setup_teardown_taskflow.py
[2024-09-17T06:38:33.722-0300] {processor.py:830} INFO - Processing file /home/jezandre/airflow/airflow_env/lib/python3.11/site-packages/airflow/example_dags/example_setup_teardown_taskflow.py for tasks to queue
[2024-09-17T06:38:33.724-0300] {logging_mixin.py:188} INFO - [2024-09-17T06:38:33.723-0300] {dagbag.py:545} INFO - Filling up the DagBag from /home/jezandre/airflow/airflow_env/lib/python3.11/site-packages/airflow/example_dags/example_setup_teardown_taskflow.py
[2024-09-17T06:38:33.739-0300] {processor.py:840} INFO - DAG(s) 'example_setup_teardown_taskflow' retrieved from /home/jezandre/airflow/airflow_env/lib/python3.11/site-packages/airflow/example_dags/example_setup_teardown_taskflow.py
[2024-09-17T06:38:33.772-0300] {logging_mixin.py:188} INFO - [2024-09-17T06:38:33.771-0300] {dag.py:3089} INFO - Sync 1 DAGs
[2024-09-17T06:38:33.800-0300] {logging_mixin.py:188} INFO - [2024-09-17T06:38:33.800-0300] {dag.py:3947} INFO - Setting next_dagrun for example_setup_teardown_taskflow to 2024-09-16 00:00:00+00:00, run_after=2024-09-17 00:00:00+00:00
[2024-09-17T06:38:33.826-0300] {processor.py:183} INFO - Processing /home/jezandre/airflow/airflow_env/lib/python3.11/site-packages/airflow/example_dags/example_setup_teardown_taskflow.py took 0.116 seconds
[2024-09-17T06:39:04.356-0300] {processor.py:161} INFO - Started process (PID=26121) to work on /home/jezandre/airflow/airflow_env/lib/python3.11/site-packages/airflow/example_dags/example_setup_teardown_taskflow.py
[2024-09-17T06:39:04.360-0300] {processor.py:830} INFO - Processing file /home/jezandre/airflow/airflow_env/lib/python3.11/site-packages/airflow/example_dags/example_setup_teardown_taskflow.py for tasks to queue
[2024-09-17T06:39:04.362-0300] {logging_mixin.py:188} INFO - [2024-09-17T06:39:04.362-0300] {dagbag.py:545} INFO - Filling up the DagBag from /home/jezandre/airflow/airflow_env/lib/python3.11/site-packages/airflow/example_dags/example_setup_teardown_taskflow.py
[2024-09-17T06:39:04.373-0300] {processor.py:840} INFO - DAG(s) 'example_setup_teardown_taskflow' retrieved from /home/jezandre/airflow/airflow_env/lib/python3.11/site-packages/airflow/example_dags/example_setup_teardown_taskflow.py
[2024-09-17T06:39:04.404-0300] {logging_mixin.py:188} INFO - [2024-09-17T06:39:04.404-0300] {dag.py:3089} INFO - Sync 1 DAGs
[2024-09-17T06:39:04.432-0300] {logging_mixin.py:188} INFO - [2024-09-17T06:39:04.431-0300] {dag.py:3947} INFO - Setting next_dagrun for example_setup_teardown_taskflow to 2024-09-16 00:00:00+00:00, run_after=2024-09-17 00:00:00+00:00
[2024-09-17T06:39:04.464-0300] {processor.py:183} INFO - Processing /home/jezandre/airflow/airflow_env/lib/python3.11/site-packages/airflow/example_dags/example_setup_teardown_taskflow.py took 0.119 seconds
[2024-09-17T06:39:34.901-0300] {processor.py:161} INFO - Started process (PID=26343) to work on /home/jezandre/airflow/airflow_env/lib/python3.11/site-packages/airflow/example_dags/example_setup_teardown_taskflow.py
[2024-09-17T06:39:34.906-0300] {processor.py:830} INFO - Processing file /home/jezandre/airflow/airflow_env/lib/python3.11/site-packages/airflow/example_dags/example_setup_teardown_taskflow.py for tasks to queue
[2024-09-17T06:39:34.908-0300] {logging_mixin.py:188} INFO - [2024-09-17T06:39:34.907-0300] {dagbag.py:545} INFO - Filling up the DagBag from /home/jezandre/airflow/airflow_env/lib/python3.11/site-packages/airflow/example_dags/example_setup_teardown_taskflow.py
[2024-09-17T06:39:34.919-0300] {processor.py:840} INFO - DAG(s) 'example_setup_teardown_taskflow' retrieved from /home/jezandre/airflow/airflow_env/lib/python3.11/site-packages/airflow/example_dags/example_setup_teardown_taskflow.py
[2024-09-17T06:39:34.951-0300] {logging_mixin.py:188} INFO - [2024-09-17T06:39:34.951-0300] {dag.py:3089} INFO - Sync 1 DAGs
[2024-09-17T06:39:34.995-0300] {logging_mixin.py:188} INFO - [2024-09-17T06:39:34.994-0300] {dag.py:3947} INFO - Setting next_dagrun for example_setup_teardown_taskflow to 2024-09-16 00:00:00+00:00, run_after=2024-09-17 00:00:00+00:00
[2024-09-17T06:39:35.029-0300] {processor.py:183} INFO - Processing /home/jezandre/airflow/airflow_env/lib/python3.11/site-packages/airflow/example_dags/example_setup_teardown_taskflow.py took 0.139 seconds
[2024-09-17T06:40:05.744-0300] {processor.py:161} INFO - Started process (PID=26632) to work on /home/jezandre/airflow/airflow_env/lib/python3.11/site-packages/airflow/example_dags/example_setup_teardown_taskflow.py
[2024-09-17T06:40:05.748-0300] {processor.py:830} INFO - Processing file /home/jezandre/airflow/airflow_env/lib/python3.11/site-packages/airflow/example_dags/example_setup_teardown_taskflow.py for tasks to queue
[2024-09-17T06:40:05.750-0300] {logging_mixin.py:188} INFO - [2024-09-17T06:40:05.750-0300] {dagbag.py:545} INFO - Filling up the DagBag from /home/jezandre/airflow/airflow_env/lib/python3.11/site-packages/airflow/example_dags/example_setup_teardown_taskflow.py
[2024-09-17T06:40:05.759-0300] {processor.py:840} INFO - DAG(s) 'example_setup_teardown_taskflow' retrieved from /home/jezandre/airflow/airflow_env/lib/python3.11/site-packages/airflow/example_dags/example_setup_teardown_taskflow.py
[2024-09-17T06:40:05.789-0300] {logging_mixin.py:188} INFO - [2024-09-17T06:40:05.788-0300] {dag.py:3089} INFO - Sync 1 DAGs
[2024-09-17T06:40:05.814-0300] {logging_mixin.py:188} INFO - [2024-09-17T06:40:05.814-0300] {dag.py:3947} INFO - Setting next_dagrun for example_setup_teardown_taskflow to 2024-09-16 00:00:00+00:00, run_after=2024-09-17 00:00:00+00:00
[2024-09-17T06:40:05.840-0300] {processor.py:183} INFO - Processing /home/jezandre/airflow/airflow_env/lib/python3.11/site-packages/airflow/example_dags/example_setup_teardown_taskflow.py took 0.107 seconds
[2024-09-17T06:40:36.273-0300] {processor.py:161} INFO - Started process (PID=26973) to work on /home/jezandre/airflow/airflow_env/lib/python3.11/site-packages/airflow/example_dags/example_setup_teardown_taskflow.py
[2024-09-17T06:40:36.278-0300] {processor.py:830} INFO - Processing file /home/jezandre/airflow/airflow_env/lib/python3.11/site-packages/airflow/example_dags/example_setup_teardown_taskflow.py for tasks to queue
[2024-09-17T06:40:36.280-0300] {logging_mixin.py:188} INFO - [2024-09-17T06:40:36.280-0300] {dagbag.py:545} INFO - Filling up the DagBag from /home/jezandre/airflow/airflow_env/lib/python3.11/site-packages/airflow/example_dags/example_setup_teardown_taskflow.py
[2024-09-17T06:40:36.291-0300] {processor.py:840} INFO - DAG(s) 'example_setup_teardown_taskflow' retrieved from /home/jezandre/airflow/airflow_env/lib/python3.11/site-packages/airflow/example_dags/example_setup_teardown_taskflow.py
[2024-09-17T06:40:36.321-0300] {logging_mixin.py:188} INFO - [2024-09-17T06:40:36.321-0300] {dag.py:3089} INFO - Sync 1 DAGs
[2024-09-17T06:40:36.346-0300] {logging_mixin.py:188} INFO - [2024-09-17T06:40:36.346-0300] {dag.py:3947} INFO - Setting next_dagrun for example_setup_teardown_taskflow to 2024-09-16 00:00:00+00:00, run_after=2024-09-17 00:00:00+00:00
[2024-09-17T06:40:36.373-0300] {processor.py:183} INFO - Processing /home/jezandre/airflow/airflow_env/lib/python3.11/site-packages/airflow/example_dags/example_setup_teardown_taskflow.py took 0.109 seconds
[2024-09-17T06:41:06.641-0300] {processor.py:161} INFO - Started process (PID=27319) to work on /home/jezandre/airflow/airflow_env/lib/python3.11/site-packages/airflow/example_dags/example_setup_teardown_taskflow.py
[2024-09-17T06:41:06.643-0300] {processor.py:830} INFO - Processing file /home/jezandre/airflow/airflow_env/lib/python3.11/site-packages/airflow/example_dags/example_setup_teardown_taskflow.py for tasks to queue
[2024-09-17T06:41:06.645-0300] {logging_mixin.py:188} INFO - [2024-09-17T06:41:06.645-0300] {dagbag.py:545} INFO - Filling up the DagBag from /home/jezandre/airflow/airflow_env/lib/python3.11/site-packages/airflow/example_dags/example_setup_teardown_taskflow.py
[2024-09-17T06:41:06.657-0300] {processor.py:840} INFO - DAG(s) 'example_setup_teardown_taskflow' retrieved from /home/jezandre/airflow/airflow_env/lib/python3.11/site-packages/airflow/example_dags/example_setup_teardown_taskflow.py
[2024-09-17T06:41:06.688-0300] {logging_mixin.py:188} INFO - [2024-09-17T06:41:06.688-0300] {dag.py:3089} INFO - Sync 1 DAGs
[2024-09-17T06:41:06.722-0300] {logging_mixin.py:188} INFO - [2024-09-17T06:41:06.722-0300] {dag.py:3947} INFO - Setting next_dagrun for example_setup_teardown_taskflow to 2024-09-16 00:00:00+00:00, run_after=2024-09-17 00:00:00+00:00
[2024-09-17T06:41:06.748-0300] {processor.py:183} INFO - Processing /home/jezandre/airflow/airflow_env/lib/python3.11/site-packages/airflow/example_dags/example_setup_teardown_taskflow.py took 0.118 seconds
[2024-09-17T06:41:37.273-0300] {processor.py:161} INFO - Started process (PID=27676) to work on /home/jezandre/airflow/airflow_env/lib/python3.11/site-packages/airflow/example_dags/example_setup_teardown_taskflow.py
[2024-09-17T06:41:37.278-0300] {processor.py:830} INFO - Processing file /home/jezandre/airflow/airflow_env/lib/python3.11/site-packages/airflow/example_dags/example_setup_teardown_taskflow.py for tasks to queue
[2024-09-17T06:41:37.281-0300] {logging_mixin.py:188} INFO - [2024-09-17T06:41:37.280-0300] {dagbag.py:545} INFO - Filling up the DagBag from /home/jezandre/airflow/airflow_env/lib/python3.11/site-packages/airflow/example_dags/example_setup_teardown_taskflow.py
[2024-09-17T06:41:37.301-0300] {processor.py:840} INFO - DAG(s) 'example_setup_teardown_taskflow' retrieved from /home/jezandre/airflow/airflow_env/lib/python3.11/site-packages/airflow/example_dags/example_setup_teardown_taskflow.py
[2024-09-17T06:41:37.341-0300] {logging_mixin.py:188} INFO - [2024-09-17T06:41:37.341-0300] {dag.py:3089} INFO - Sync 1 DAGs
[2024-09-17T06:41:37.371-0300] {logging_mixin.py:188} INFO - [2024-09-17T06:41:37.371-0300] {dag.py:3947} INFO - Setting next_dagrun for example_setup_teardown_taskflow to 2024-09-16 00:00:00+00:00, run_after=2024-09-17 00:00:00+00:00
[2024-09-17T06:41:37.396-0300] {processor.py:183} INFO - Processing /home/jezandre/airflow/airflow_env/lib/python3.11/site-packages/airflow/example_dags/example_setup_teardown_taskflow.py took 0.136 seconds
[2024-09-17T06:42:08.089-0300] {processor.py:161} INFO - Started process (PID=27897) to work on /home/jezandre/airflow/airflow_env/lib/python3.11/site-packages/airflow/example_dags/example_setup_teardown_taskflow.py
[2024-09-17T06:42:08.091-0300] {processor.py:830} INFO - Processing file /home/jezandre/airflow/airflow_env/lib/python3.11/site-packages/airflow/example_dags/example_setup_teardown_taskflow.py for tasks to queue
[2024-09-17T06:42:08.093-0300] {logging_mixin.py:188} INFO - [2024-09-17T06:42:08.092-0300] {dagbag.py:545} INFO - Filling up the DagBag from /home/jezandre/airflow/airflow_env/lib/python3.11/site-packages/airflow/example_dags/example_setup_teardown_taskflow.py
[2024-09-17T06:42:08.101-0300] {processor.py:840} INFO - DAG(s) 'example_setup_teardown_taskflow' retrieved from /home/jezandre/airflow/airflow_env/lib/python3.11/site-packages/airflow/example_dags/example_setup_teardown_taskflow.py
[2024-09-17T06:42:08.234-0300] {logging_mixin.py:188} INFO - [2024-09-17T06:42:08.234-0300] {dag.py:3089} INFO - Sync 1 DAGs
[2024-09-17T06:42:08.256-0300] {logging_mixin.py:188} INFO - [2024-09-17T06:42:08.256-0300] {dag.py:3947} INFO - Setting next_dagrun for example_setup_teardown_taskflow to 2024-09-16 00:00:00+00:00, run_after=2024-09-17 00:00:00+00:00
[2024-09-17T06:42:08.285-0300] {processor.py:183} INFO - Processing /home/jezandre/airflow/airflow_env/lib/python3.11/site-packages/airflow/example_dags/example_setup_teardown_taskflow.py took 0.206 seconds
[2024-09-17T06:42:39.003-0300] {processor.py:161} INFO - Started process (PID=28111) to work on /home/jezandre/airflow/airflow_env/lib/python3.11/site-packages/airflow/example_dags/example_setup_teardown_taskflow.py
[2024-09-17T06:42:39.008-0300] {processor.py:830} INFO - Processing file /home/jezandre/airflow/airflow_env/lib/python3.11/site-packages/airflow/example_dags/example_setup_teardown_taskflow.py for tasks to queue
[2024-09-17T06:42:39.010-0300] {logging_mixin.py:188} INFO - [2024-09-17T06:42:39.009-0300] {dagbag.py:545} INFO - Filling up the DagBag from /home/jezandre/airflow/airflow_env/lib/python3.11/site-packages/airflow/example_dags/example_setup_teardown_taskflow.py
[2024-09-17T06:42:39.021-0300] {processor.py:840} INFO - DAG(s) 'example_setup_teardown_taskflow' retrieved from /home/jezandre/airflow/airflow_env/lib/python3.11/site-packages/airflow/example_dags/example_setup_teardown_taskflow.py
[2024-09-17T06:42:39.062-0300] {logging_mixin.py:188} INFO - [2024-09-17T06:42:39.062-0300] {dag.py:3089} INFO - Sync 1 DAGs
[2024-09-17T06:42:39.100-0300] {logging_mixin.py:188} INFO - [2024-09-17T06:42:39.099-0300] {dag.py:3947} INFO - Setting next_dagrun for example_setup_teardown_taskflow to 2024-09-16 00:00:00+00:00, run_after=2024-09-17 00:00:00+00:00
[2024-09-17T06:42:39.129-0300] {processor.py:183} INFO - Processing /home/jezandre/airflow/airflow_env/lib/python3.11/site-packages/airflow/example_dags/example_setup_teardown_taskflow.py took 0.137 seconds
[2024-09-17T06:43:09.288-0300] {processor.py:161} INFO - Started process (PID=28887) to work on /home/jezandre/airflow/airflow_env/lib/python3.11/site-packages/airflow/example_dags/example_setup_teardown_taskflow.py
[2024-09-17T06:43:09.289-0300] {processor.py:830} INFO - Processing file /home/jezandre/airflow/airflow_env/lib/python3.11/site-packages/airflow/example_dags/example_setup_teardown_taskflow.py for tasks to queue
[2024-09-17T06:43:09.292-0300] {logging_mixin.py:188} INFO - [2024-09-17T06:43:09.291-0300] {dagbag.py:545} INFO - Filling up the DagBag from /home/jezandre/airflow/airflow_env/lib/python3.11/site-packages/airflow/example_dags/example_setup_teardown_taskflow.py
[2024-09-17T06:43:09.302-0300] {processor.py:840} INFO - DAG(s) 'example_setup_teardown_taskflow' retrieved from /home/jezandre/airflow/airflow_env/lib/python3.11/site-packages/airflow/example_dags/example_setup_teardown_taskflow.py
[2024-09-17T06:43:09.334-0300] {logging_mixin.py:188} INFO - [2024-09-17T06:43:09.334-0300] {dag.py:3089} INFO - Sync 1 DAGs
[2024-09-17T06:43:09.365-0300] {logging_mixin.py:188} INFO - [2024-09-17T06:43:09.365-0300] {dag.py:3947} INFO - Setting next_dagrun for example_setup_teardown_taskflow to 2024-09-16 00:00:00+00:00, run_after=2024-09-17 00:00:00+00:00
[2024-09-17T06:43:09.390-0300] {processor.py:183} INFO - Processing /home/jezandre/airflow/airflow_env/lib/python3.11/site-packages/airflow/example_dags/example_setup_teardown_taskflow.py took 0.112 seconds
[2024-09-17T06:43:40.144-0300] {processor.py:161} INFO - Started process (PID=29157) to work on /home/jezandre/airflow/airflow_env/lib/python3.11/site-packages/airflow/example_dags/example_setup_teardown_taskflow.py
[2024-09-17T06:43:40.147-0300] {processor.py:830} INFO - Processing file /home/jezandre/airflow/airflow_env/lib/python3.11/site-packages/airflow/example_dags/example_setup_teardown_taskflow.py for tasks to queue
[2024-09-17T06:43:40.149-0300] {logging_mixin.py:188} INFO - [2024-09-17T06:43:40.148-0300] {dagbag.py:545} INFO - Filling up the DagBag from /home/jezandre/airflow/airflow_env/lib/python3.11/site-packages/airflow/example_dags/example_setup_teardown_taskflow.py
[2024-09-17T06:43:40.164-0300] {processor.py:840} INFO - DAG(s) 'example_setup_teardown_taskflow' retrieved from /home/jezandre/airflow/airflow_env/lib/python3.11/site-packages/airflow/example_dags/example_setup_teardown_taskflow.py
[2024-09-17T06:43:40.199-0300] {logging_mixin.py:188} INFO - [2024-09-17T06:43:40.199-0300] {dag.py:3089} INFO - Sync 1 DAGs
[2024-09-17T06:43:40.231-0300] {logging_mixin.py:188} INFO - [2024-09-17T06:43:40.231-0300] {dag.py:3947} INFO - Setting next_dagrun for example_setup_teardown_taskflow to 2024-09-16 00:00:00+00:00, run_after=2024-09-17 00:00:00+00:00
[2024-09-17T06:43:40.261-0300] {processor.py:183} INFO - Processing /home/jezandre/airflow/airflow_env/lib/python3.11/site-packages/airflow/example_dags/example_setup_teardown_taskflow.py took 0.128 seconds
[2024-09-17T06:44:10.867-0300] {processor.py:161} INFO - Started process (PID=29384) to work on /home/jezandre/airflow/airflow_env/lib/python3.11/site-packages/airflow/example_dags/example_setup_teardown_taskflow.py
[2024-09-17T06:44:10.868-0300] {processor.py:830} INFO - Processing file /home/jezandre/airflow/airflow_env/lib/python3.11/site-packages/airflow/example_dags/example_setup_teardown_taskflow.py for tasks to queue
[2024-09-17T06:44:10.870-0300] {logging_mixin.py:188} INFO - [2024-09-17T06:44:10.870-0300] {dagbag.py:545} INFO - Filling up the DagBag from /home/jezandre/airflow/airflow_env/lib/python3.11/site-packages/airflow/example_dags/example_setup_teardown_taskflow.py
[2024-09-17T06:44:10.878-0300] {processor.py:840} INFO - DAG(s) 'example_setup_teardown_taskflow' retrieved from /home/jezandre/airflow/airflow_env/lib/python3.11/site-packages/airflow/example_dags/example_setup_teardown_taskflow.py
[2024-09-17T06:44:10.908-0300] {logging_mixin.py:188} INFO - [2024-09-17T06:44:10.907-0300] {dag.py:3089} INFO - Sync 1 DAGs
[2024-09-17T06:44:10.940-0300] {logging_mixin.py:188} INFO - [2024-09-17T06:44:10.939-0300] {dag.py:3947} INFO - Setting next_dagrun for example_setup_teardown_taskflow to 2024-09-16 00:00:00+00:00, run_after=2024-09-17 00:00:00+00:00
[2024-09-17T06:44:10.965-0300] {processor.py:183} INFO - Processing /home/jezandre/airflow/airflow_env/lib/python3.11/site-packages/airflow/example_dags/example_setup_teardown_taskflow.py took 0.108 seconds
[2024-09-17T06:44:41.531-0300] {processor.py:161} INFO - Started process (PID=29585) to work on /home/jezandre/airflow/airflow_env/lib/python3.11/site-packages/airflow/example_dags/example_setup_teardown_taskflow.py
[2024-09-17T06:44:41.532-0300] {processor.py:830} INFO - Processing file /home/jezandre/airflow/airflow_env/lib/python3.11/site-packages/airflow/example_dags/example_setup_teardown_taskflow.py for tasks to queue
[2024-09-17T06:44:41.535-0300] {logging_mixin.py:188} INFO - [2024-09-17T06:44:41.534-0300] {dagbag.py:545} INFO - Filling up the DagBag from /home/jezandre/airflow/airflow_env/lib/python3.11/site-packages/airflow/example_dags/example_setup_teardown_taskflow.py
[2024-09-17T06:44:41.546-0300] {processor.py:840} INFO - DAG(s) 'example_setup_teardown_taskflow' retrieved from /home/jezandre/airflow/airflow_env/lib/python3.11/site-packages/airflow/example_dags/example_setup_teardown_taskflow.py
[2024-09-17T06:44:41.580-0300] {logging_mixin.py:188} INFO - [2024-09-17T06:44:41.580-0300] {dag.py:3089} INFO - Sync 1 DAGs
[2024-09-17T06:44:41.615-0300] {logging_mixin.py:188} INFO - [2024-09-17T06:44:41.615-0300] {dag.py:3947} INFO - Setting next_dagrun for example_setup_teardown_taskflow to 2024-09-16 00:00:00+00:00, run_after=2024-09-17 00:00:00+00:00
[2024-09-17T06:44:41.647-0300] {processor.py:183} INFO - Processing /home/jezandre/airflow/airflow_env/lib/python3.11/site-packages/airflow/example_dags/example_setup_teardown_taskflow.py took 0.128 seconds
[2024-09-17T06:45:12.502-0300] {processor.py:161} INFO - Started process (PID=29929) to work on /home/jezandre/airflow/airflow_env/lib/python3.11/site-packages/airflow/example_dags/example_setup_teardown_taskflow.py
[2024-09-17T06:45:12.506-0300] {processor.py:830} INFO - Processing file /home/jezandre/airflow/airflow_env/lib/python3.11/site-packages/airflow/example_dags/example_setup_teardown_taskflow.py for tasks to queue
[2024-09-17T06:45:12.509-0300] {logging_mixin.py:188} INFO - [2024-09-17T06:45:12.508-0300] {dagbag.py:545} INFO - Filling up the DagBag from /home/jezandre/airflow/airflow_env/lib/python3.11/site-packages/airflow/example_dags/example_setup_teardown_taskflow.py
[2024-09-17T06:45:12.523-0300] {processor.py:840} INFO - DAG(s) 'example_setup_teardown_taskflow' retrieved from /home/jezandre/airflow/airflow_env/lib/python3.11/site-packages/airflow/example_dags/example_setup_teardown_taskflow.py
[2024-09-17T06:45:12.555-0300] {logging_mixin.py:188} INFO - [2024-09-17T06:45:12.555-0300] {dag.py:3089} INFO - Sync 1 DAGs
[2024-09-17T06:45:12.594-0300] {logging_mixin.py:188} INFO - [2024-09-17T06:45:12.593-0300] {dag.py:3947} INFO - Setting next_dagrun for example_setup_teardown_taskflow to 2024-09-16 00:00:00+00:00, run_after=2024-09-17 00:00:00+00:00
[2024-09-17T06:45:12.633-0300] {processor.py:183} INFO - Processing /home/jezandre/airflow/airflow_env/lib/python3.11/site-packages/airflow/example_dags/example_setup_teardown_taskflow.py took 0.143 seconds
[2024-09-17T06:45:42.713-0300] {processor.py:161} INFO - Started process (PID=30219) to work on /home/jezandre/airflow/airflow_env/lib/python3.11/site-packages/airflow/example_dags/example_setup_teardown_taskflow.py
[2024-09-17T06:45:42.714-0300] {processor.py:830} INFO - Processing file /home/jezandre/airflow/airflow_env/lib/python3.11/site-packages/airflow/example_dags/example_setup_teardown_taskflow.py for tasks to queue
[2024-09-17T06:45:42.715-0300] {logging_mixin.py:188} INFO - [2024-09-17T06:45:42.715-0300] {dagbag.py:545} INFO - Filling up the DagBag from /home/jezandre/airflow/airflow_env/lib/python3.11/site-packages/airflow/example_dags/example_setup_teardown_taskflow.py
[2024-09-17T06:45:42.724-0300] {processor.py:840} INFO - DAG(s) 'example_setup_teardown_taskflow' retrieved from /home/jezandre/airflow/airflow_env/lib/python3.11/site-packages/airflow/example_dags/example_setup_teardown_taskflow.py
[2024-09-17T06:45:42.755-0300] {logging_mixin.py:188} INFO - [2024-09-17T06:45:42.754-0300] {dag.py:3089} INFO - Sync 1 DAGs
[2024-09-17T06:45:42.782-0300] {logging_mixin.py:188} INFO - [2024-09-17T06:45:42.782-0300] {dag.py:3947} INFO - Setting next_dagrun for example_setup_teardown_taskflow to 2024-09-16 00:00:00+00:00, run_after=2024-09-17 00:00:00+00:00
[2024-09-17T06:45:42.809-0300] {processor.py:183} INFO - Processing /home/jezandre/airflow/airflow_env/lib/python3.11/site-packages/airflow/example_dags/example_setup_teardown_taskflow.py took 0.107 seconds
[2024-09-17T06:46:13.603-0300] {processor.py:161} INFO - Started process (PID=30549) to work on /home/jezandre/airflow/airflow_env/lib/python3.11/site-packages/airflow/example_dags/example_setup_teardown_taskflow.py
[2024-09-17T06:46:13.605-0300] {processor.py:830} INFO - Processing file /home/jezandre/airflow/airflow_env/lib/python3.11/site-packages/airflow/example_dags/example_setup_teardown_taskflow.py for tasks to queue
[2024-09-17T06:46:13.606-0300] {logging_mixin.py:188} INFO - [2024-09-17T06:46:13.606-0300] {dagbag.py:545} INFO - Filling up the DagBag from /home/jezandre/airflow/airflow_env/lib/python3.11/site-packages/airflow/example_dags/example_setup_teardown_taskflow.py
[2024-09-17T06:46:13.618-0300] {processor.py:840} INFO - DAG(s) 'example_setup_teardown_taskflow' retrieved from /home/jezandre/airflow/airflow_env/lib/python3.11/site-packages/airflow/example_dags/example_setup_teardown_taskflow.py
[2024-09-17T06:46:13.654-0300] {logging_mixin.py:188} INFO - [2024-09-17T06:46:13.654-0300] {dag.py:3089} INFO - Sync 1 DAGs
[2024-09-17T06:46:13.689-0300] {logging_mixin.py:188} INFO - [2024-09-17T06:46:13.689-0300] {dag.py:3947} INFO - Setting next_dagrun for example_setup_teardown_taskflow to 2024-09-16 00:00:00+00:00, run_after=2024-09-17 00:00:00+00:00
[2024-09-17T06:46:13.718-0300] {processor.py:183} INFO - Processing /home/jezandre/airflow/airflow_env/lib/python3.11/site-packages/airflow/example_dags/example_setup_teardown_taskflow.py took 0.125 seconds
[2024-09-17T06:46:44.501-0300] {processor.py:161} INFO - Started process (PID=30861) to work on /home/jezandre/airflow/airflow_env/lib/python3.11/site-packages/airflow/example_dags/example_setup_teardown_taskflow.py
[2024-09-17T06:46:44.503-0300] {processor.py:830} INFO - Processing file /home/jezandre/airflow/airflow_env/lib/python3.11/site-packages/airflow/example_dags/example_setup_teardown_taskflow.py for tasks to queue
[2024-09-17T06:46:44.505-0300] {logging_mixin.py:188} INFO - [2024-09-17T06:46:44.505-0300] {dagbag.py:545} INFO - Filling up the DagBag from /home/jezandre/airflow/airflow_env/lib/python3.11/site-packages/airflow/example_dags/example_setup_teardown_taskflow.py
[2024-09-17T06:46:44.519-0300] {processor.py:840} INFO - DAG(s) 'example_setup_teardown_taskflow' retrieved from /home/jezandre/airflow/airflow_env/lib/python3.11/site-packages/airflow/example_dags/example_setup_teardown_taskflow.py
[2024-09-17T06:46:44.552-0300] {logging_mixin.py:188} INFO - [2024-09-17T06:46:44.552-0300] {dag.py:3089} INFO - Sync 1 DAGs
[2024-09-17T06:46:44.586-0300] {logging_mixin.py:188} INFO - [2024-09-17T06:46:44.585-0300] {dag.py:3947} INFO - Setting next_dagrun for example_setup_teardown_taskflow to 2024-09-16 00:00:00+00:00, run_after=2024-09-17 00:00:00+00:00
[2024-09-17T06:46:44.613-0300] {processor.py:183} INFO - Processing /home/jezandre/airflow/airflow_env/lib/python3.11/site-packages/airflow/example_dags/example_setup_teardown_taskflow.py took 0.124 seconds
[2024-09-17T06:47:15.124-0300] {processor.py:161} INFO - Started process (PID=31150) to work on /home/jezandre/airflow/airflow_env/lib/python3.11/site-packages/airflow/example_dags/example_setup_teardown_taskflow.py
[2024-09-17T06:47:15.125-0300] {processor.py:830} INFO - Processing file /home/jezandre/airflow/airflow_env/lib/python3.11/site-packages/airflow/example_dags/example_setup_teardown_taskflow.py for tasks to queue
[2024-09-17T06:47:15.129-0300] {logging_mixin.py:188} INFO - [2024-09-17T06:47:15.128-0300] {dagbag.py:545} INFO - Filling up the DagBag from /home/jezandre/airflow/airflow_env/lib/python3.11/site-packages/airflow/example_dags/example_setup_teardown_taskflow.py
[2024-09-17T06:47:15.144-0300] {processor.py:840} INFO - DAG(s) 'example_setup_teardown_taskflow' retrieved from /home/jezandre/airflow/airflow_env/lib/python3.11/site-packages/airflow/example_dags/example_setup_teardown_taskflow.py
[2024-09-17T06:47:15.255-0300] {logging_mixin.py:188} INFO - [2024-09-17T06:47:15.255-0300] {dag.py:3089} INFO - Sync 1 DAGs
[2024-09-17T06:47:15.280-0300] {logging_mixin.py:188} INFO - [2024-09-17T06:47:15.280-0300] {dag.py:3947} INFO - Setting next_dagrun for example_setup_teardown_taskflow to 2024-09-16 00:00:00+00:00, run_after=2024-09-17 00:00:00+00:00
[2024-09-17T06:47:15.312-0300] {processor.py:183} INFO - Processing /home/jezandre/airflow/airflow_env/lib/python3.11/site-packages/airflow/example_dags/example_setup_teardown_taskflow.py took 0.197 seconds
[2024-09-17T06:47:46.085-0300] {processor.py:161} INFO - Started process (PID=31393) to work on /home/jezandre/airflow/airflow_env/lib/python3.11/site-packages/airflow/example_dags/example_setup_teardown_taskflow.py
[2024-09-17T06:47:46.088-0300] {processor.py:830} INFO - Processing file /home/jezandre/airflow/airflow_env/lib/python3.11/site-packages/airflow/example_dags/example_setup_teardown_taskflow.py for tasks to queue
[2024-09-17T06:47:46.090-0300] {logging_mixin.py:188} INFO - [2024-09-17T06:47:46.090-0300] {dagbag.py:545} INFO - Filling up the DagBag from /home/jezandre/airflow/airflow_env/lib/python3.11/site-packages/airflow/example_dags/example_setup_teardown_taskflow.py
[2024-09-17T06:47:46.112-0300] {processor.py:840} INFO - DAG(s) 'example_setup_teardown_taskflow' retrieved from /home/jezandre/airflow/airflow_env/lib/python3.11/site-packages/airflow/example_dags/example_setup_teardown_taskflow.py
[2024-09-17T06:47:46.163-0300] {logging_mixin.py:188} INFO - [2024-09-17T06:47:46.163-0300] {dag.py:3089} INFO - Sync 1 DAGs
[2024-09-17T06:47:46.209-0300] {logging_mixin.py:188} INFO - [2024-09-17T06:47:46.209-0300] {dag.py:3947} INFO - Setting next_dagrun for example_setup_teardown_taskflow to 2024-09-16 00:00:00+00:00, run_after=2024-09-17 00:00:00+00:00
[2024-09-17T06:47:46.256-0300] {processor.py:183} INFO - Processing /home/jezandre/airflow/airflow_env/lib/python3.11/site-packages/airflow/example_dags/example_setup_teardown_taskflow.py took 0.183 seconds
[2024-09-17T06:48:17.142-0300] {processor.py:161} INFO - Started process (PID=31633) to work on /home/jezandre/airflow/airflow_env/lib/python3.11/site-packages/airflow/example_dags/example_setup_teardown_taskflow.py
[2024-09-17T06:48:17.143-0300] {processor.py:830} INFO - Processing file /home/jezandre/airflow/airflow_env/lib/python3.11/site-packages/airflow/example_dags/example_setup_teardown_taskflow.py for tasks to queue
[2024-09-17T06:48:17.145-0300] {logging_mixin.py:188} INFO - [2024-09-17T06:48:17.144-0300] {dagbag.py:545} INFO - Filling up the DagBag from /home/jezandre/airflow/airflow_env/lib/python3.11/site-packages/airflow/example_dags/example_setup_teardown_taskflow.py
[2024-09-17T06:48:17.154-0300] {processor.py:840} INFO - DAG(s) 'example_setup_teardown_taskflow' retrieved from /home/jezandre/airflow/airflow_env/lib/python3.11/site-packages/airflow/example_dags/example_setup_teardown_taskflow.py
[2024-09-17T06:48:17.184-0300] {logging_mixin.py:188} INFO - [2024-09-17T06:48:17.184-0300] {dag.py:3089} INFO - Sync 1 DAGs
[2024-09-17T06:48:17.213-0300] {logging_mixin.py:188} INFO - [2024-09-17T06:48:17.212-0300] {dag.py:3947} INFO - Setting next_dagrun for example_setup_teardown_taskflow to 2024-09-16 00:00:00+00:00, run_after=2024-09-17 00:00:00+00:00
[2024-09-17T06:48:17.238-0300] {processor.py:183} INFO - Processing /home/jezandre/airflow/airflow_env/lib/python3.11/site-packages/airflow/example_dags/example_setup_teardown_taskflow.py took 0.105 seconds
[2024-09-17T06:48:47.964-0300] {processor.py:161} INFO - Started process (PID=31894) to work on /home/jezandre/airflow/airflow_env/lib/python3.11/site-packages/airflow/example_dags/example_setup_teardown_taskflow.py
[2024-09-17T06:48:47.966-0300] {processor.py:830} INFO - Processing file /home/jezandre/airflow/airflow_env/lib/python3.11/site-packages/airflow/example_dags/example_setup_teardown_taskflow.py for tasks to queue
[2024-09-17T06:48:47.968-0300] {logging_mixin.py:188} INFO - [2024-09-17T06:48:47.967-0300] {dagbag.py:545} INFO - Filling up the DagBag from /home/jezandre/airflow/airflow_env/lib/python3.11/site-packages/airflow/example_dags/example_setup_teardown_taskflow.py
[2024-09-17T06:48:47.982-0300] {processor.py:840} INFO - DAG(s) 'example_setup_teardown_taskflow' retrieved from /home/jezandre/airflow/airflow_env/lib/python3.11/site-packages/airflow/example_dags/example_setup_teardown_taskflow.py
[2024-09-17T06:48:48.017-0300] {logging_mixin.py:188} INFO - [2024-09-17T06:48:48.016-0300] {dag.py:3089} INFO - Sync 1 DAGs
[2024-09-17T06:48:48.047-0300] {logging_mixin.py:188} INFO - [2024-09-17T06:48:48.046-0300] {dag.py:3947} INFO - Setting next_dagrun for example_setup_teardown_taskflow to 2024-09-16 00:00:00+00:00, run_after=2024-09-17 00:00:00+00:00
[2024-09-17T06:48:48.075-0300] {processor.py:183} INFO - Processing /home/jezandre/airflow/airflow_env/lib/python3.11/site-packages/airflow/example_dags/example_setup_teardown_taskflow.py took 0.119 seconds
[2024-09-17T06:49:19.128-0300] {processor.py:161} INFO - Started process (PID=32115) to work on /home/jezandre/airflow/airflow_env/lib/python3.11/site-packages/airflow/example_dags/example_setup_teardown_taskflow.py
[2024-09-17T06:49:19.129-0300] {processor.py:830} INFO - Processing file /home/jezandre/airflow/airflow_env/lib/python3.11/site-packages/airflow/example_dags/example_setup_teardown_taskflow.py for tasks to queue
[2024-09-17T06:49:19.131-0300] {logging_mixin.py:188} INFO - [2024-09-17T06:49:19.131-0300] {dagbag.py:545} INFO - Filling up the DagBag from /home/jezandre/airflow/airflow_env/lib/python3.11/site-packages/airflow/example_dags/example_setup_teardown_taskflow.py
[2024-09-17T06:49:19.142-0300] {processor.py:840} INFO - DAG(s) 'example_setup_teardown_taskflow' retrieved from /home/jezandre/airflow/airflow_env/lib/python3.11/site-packages/airflow/example_dags/example_setup_teardown_taskflow.py
[2024-09-17T06:49:19.187-0300] {logging_mixin.py:188} INFO - [2024-09-17T06:49:19.187-0300] {dag.py:3089} INFO - Sync 1 DAGs
[2024-09-17T06:49:19.223-0300] {logging_mixin.py:188} INFO - [2024-09-17T06:49:19.222-0300] {dag.py:3947} INFO - Setting next_dagrun for example_setup_teardown_taskflow to 2024-09-16 00:00:00+00:00, run_after=2024-09-17 00:00:00+00:00
[2024-09-17T06:49:19.249-0300] {processor.py:183} INFO - Processing /home/jezandre/airflow/airflow_env/lib/python3.11/site-packages/airflow/example_dags/example_setup_teardown_taskflow.py took 0.130 seconds
[2024-09-17T06:49:49.878-0300] {processor.py:161} INFO - Started process (PID=32421) to work on /home/jezandre/airflow/airflow_env/lib/python3.11/site-packages/airflow/example_dags/example_setup_teardown_taskflow.py
[2024-09-17T06:49:49.880-0300] {processor.py:830} INFO - Processing file /home/jezandre/airflow/airflow_env/lib/python3.11/site-packages/airflow/example_dags/example_setup_teardown_taskflow.py for tasks to queue
[2024-09-17T06:49:49.881-0300] {logging_mixin.py:188} INFO - [2024-09-17T06:49:49.881-0300] {dagbag.py:545} INFO - Filling up the DagBag from /home/jezandre/airflow/airflow_env/lib/python3.11/site-packages/airflow/example_dags/example_setup_teardown_taskflow.py
[2024-09-17T06:49:49.890-0300] {processor.py:840} INFO - DAG(s) 'example_setup_teardown_taskflow' retrieved from /home/jezandre/airflow/airflow_env/lib/python3.11/site-packages/airflow/example_dags/example_setup_teardown_taskflow.py
[2024-09-17T06:49:49.921-0300] {logging_mixin.py:188} INFO - [2024-09-17T06:49:49.921-0300] {dag.py:3089} INFO - Sync 1 DAGs
[2024-09-17T06:49:49.951-0300] {logging_mixin.py:188} INFO - [2024-09-17T06:49:49.951-0300] {dag.py:3947} INFO - Setting next_dagrun for example_setup_teardown_taskflow to 2024-09-16 00:00:00+00:00, run_after=2024-09-17 00:00:00+00:00
[2024-09-17T06:49:49.978-0300] {processor.py:183} INFO - Processing /home/jezandre/airflow/airflow_env/lib/python3.11/site-packages/airflow/example_dags/example_setup_teardown_taskflow.py took 0.110 seconds
[2024-09-17T06:50:20.560-0300] {processor.py:161} INFO - Started process (PID=32699) to work on /home/jezandre/airflow/airflow_env/lib/python3.11/site-packages/airflow/example_dags/example_setup_teardown_taskflow.py
[2024-09-17T06:50:20.561-0300] {processor.py:830} INFO - Processing file /home/jezandre/airflow/airflow_env/lib/python3.11/site-packages/airflow/example_dags/example_setup_teardown_taskflow.py for tasks to queue
[2024-09-17T06:50:20.563-0300] {logging_mixin.py:188} INFO - [2024-09-17T06:50:20.563-0300] {dagbag.py:545} INFO - Filling up the DagBag from /home/jezandre/airflow/airflow_env/lib/python3.11/site-packages/airflow/example_dags/example_setup_teardown_taskflow.py
[2024-09-17T06:50:20.577-0300] {processor.py:840} INFO - DAG(s) 'example_setup_teardown_taskflow' retrieved from /home/jezandre/airflow/airflow_env/lib/python3.11/site-packages/airflow/example_dags/example_setup_teardown_taskflow.py
[2024-09-17T06:50:20.625-0300] {logging_mixin.py:188} INFO - [2024-09-17T06:50:20.625-0300] {dag.py:3089} INFO - Sync 1 DAGs
[2024-09-17T06:50:20.665-0300] {logging_mixin.py:188} INFO - [2024-09-17T06:50:20.665-0300] {dag.py:3947} INFO - Setting next_dagrun for example_setup_teardown_taskflow to 2024-09-16 00:00:00+00:00, run_after=2024-09-17 00:00:00+00:00
[2024-09-17T06:50:20.701-0300] {processor.py:183} INFO - Processing /home/jezandre/airflow/airflow_env/lib/python3.11/site-packages/airflow/example_dags/example_setup_teardown_taskflow.py took 0.153 seconds
[2024-09-17T06:50:50.973-0300] {processor.py:161} INFO - Started process (PID=32962) to work on /home/jezandre/airflow/airflow_env/lib/python3.11/site-packages/airflow/example_dags/example_setup_teardown_taskflow.py
[2024-09-17T06:50:50.973-0300] {processor.py:830} INFO - Processing file /home/jezandre/airflow/airflow_env/lib/python3.11/site-packages/airflow/example_dags/example_setup_teardown_taskflow.py for tasks to queue
[2024-09-17T06:50:50.975-0300] {logging_mixin.py:188} INFO - [2024-09-17T06:50:50.975-0300] {dagbag.py:545} INFO - Filling up the DagBag from /home/jezandre/airflow/airflow_env/lib/python3.11/site-packages/airflow/example_dags/example_setup_teardown_taskflow.py
[2024-09-17T06:50:50.983-0300] {processor.py:840} INFO - DAG(s) 'example_setup_teardown_taskflow' retrieved from /home/jezandre/airflow/airflow_env/lib/python3.11/site-packages/airflow/example_dags/example_setup_teardown_taskflow.py
[2024-09-17T06:50:51.013-0300] {logging_mixin.py:188} INFO - [2024-09-17T06:50:51.012-0300] {dag.py:3089} INFO - Sync 1 DAGs
[2024-09-17T06:50:51.040-0300] {logging_mixin.py:188} INFO - [2024-09-17T06:50:51.040-0300] {dag.py:3947} INFO - Setting next_dagrun for example_setup_teardown_taskflow to 2024-09-16 00:00:00+00:00, run_after=2024-09-17 00:00:00+00:00
[2024-09-17T06:50:51.068-0300] {processor.py:183} INFO - Processing /home/jezandre/airflow/airflow_env/lib/python3.11/site-packages/airflow/example_dags/example_setup_teardown_taskflow.py took 0.104 seconds
[2024-09-17T06:51:21.580-0300] {processor.py:161} INFO - Started process (PID=33400) to work on /home/jezandre/airflow/airflow_env/lib/python3.11/site-packages/airflow/example_dags/example_setup_teardown_taskflow.py
[2024-09-17T06:51:21.581-0300] {processor.py:830} INFO - Processing file /home/jezandre/airflow/airflow_env/lib/python3.11/site-packages/airflow/example_dags/example_setup_teardown_taskflow.py for tasks to queue
[2024-09-17T06:51:21.583-0300] {logging_mixin.py:188} INFO - [2024-09-17T06:51:21.583-0300] {dagbag.py:545} INFO - Filling up the DagBag from /home/jezandre/airflow/airflow_env/lib/python3.11/site-packages/airflow/example_dags/example_setup_teardown_taskflow.py
[2024-09-17T06:51:21.601-0300] {processor.py:840} INFO - DAG(s) 'example_setup_teardown_taskflow' retrieved from /home/jezandre/airflow/airflow_env/lib/python3.11/site-packages/airflow/example_dags/example_setup_teardown_taskflow.py
[2024-09-17T06:51:21.651-0300] {logging_mixin.py:188} INFO - [2024-09-17T06:51:21.650-0300] {dag.py:3089} INFO - Sync 1 DAGs
[2024-09-17T06:51:21.693-0300] {logging_mixin.py:188} INFO - [2024-09-17T06:51:21.693-0300] {dag.py:3947} INFO - Setting next_dagrun for example_setup_teardown_taskflow to 2024-09-16 00:00:00+00:00, run_after=2024-09-17 00:00:00+00:00
[2024-09-17T06:51:21.730-0300] {processor.py:183} INFO - Processing /home/jezandre/airflow/airflow_env/lib/python3.11/site-packages/airflow/example_dags/example_setup_teardown_taskflow.py took 0.163 seconds
[2024-09-17T06:51:51.960-0300] {processor.py:161} INFO - Started process (PID=33711) to work on /home/jezandre/airflow/airflow_env/lib/python3.11/site-packages/airflow/example_dags/example_setup_teardown_taskflow.py
[2024-09-17T06:51:51.961-0300] {processor.py:830} INFO - Processing file /home/jezandre/airflow/airflow_env/lib/python3.11/site-packages/airflow/example_dags/example_setup_teardown_taskflow.py for tasks to queue
[2024-09-17T06:51:51.963-0300] {logging_mixin.py:188} INFO - [2024-09-17T06:51:51.962-0300] {dagbag.py:545} INFO - Filling up the DagBag from /home/jezandre/airflow/airflow_env/lib/python3.11/site-packages/airflow/example_dags/example_setup_teardown_taskflow.py
[2024-09-17T06:51:51.973-0300] {processor.py:840} INFO - DAG(s) 'example_setup_teardown_taskflow' retrieved from /home/jezandre/airflow/airflow_env/lib/python3.11/site-packages/airflow/example_dags/example_setup_teardown_taskflow.py
[2024-09-17T06:51:52.007-0300] {logging_mixin.py:188} INFO - [2024-09-17T06:51:52.006-0300] {dag.py:3089} INFO - Sync 1 DAGs
[2024-09-17T06:51:52.042-0300] {logging_mixin.py:188} INFO - [2024-09-17T06:51:52.042-0300] {dag.py:3947} INFO - Setting next_dagrun for example_setup_teardown_taskflow to 2024-09-16 00:00:00+00:00, run_after=2024-09-17 00:00:00+00:00
[2024-09-17T06:51:52.073-0300] {processor.py:183} INFO - Processing /home/jezandre/airflow/airflow_env/lib/python3.11/site-packages/airflow/example_dags/example_setup_teardown_taskflow.py took 0.123 seconds
[2024-09-17T06:52:23.154-0300] {processor.py:161} INFO - Started process (PID=34255) to work on /home/jezandre/airflow/airflow_env/lib/python3.11/site-packages/airflow/example_dags/example_setup_teardown_taskflow.py
[2024-09-17T06:52:23.155-0300] {processor.py:830} INFO - Processing file /home/jezandre/airflow/airflow_env/lib/python3.11/site-packages/airflow/example_dags/example_setup_teardown_taskflow.py for tasks to queue
[2024-09-17T06:52:23.158-0300] {logging_mixin.py:188} INFO - [2024-09-17T06:52:23.157-0300] {dagbag.py:545} INFO - Filling up the DagBag from /home/jezandre/airflow/airflow_env/lib/python3.11/site-packages/airflow/example_dags/example_setup_teardown_taskflow.py
[2024-09-17T06:52:23.175-0300] {processor.py:840} INFO - DAG(s) 'example_setup_teardown_taskflow' retrieved from /home/jezandre/airflow/airflow_env/lib/python3.11/site-packages/airflow/example_dags/example_setup_teardown_taskflow.py
[2024-09-17T06:52:23.344-0300] {logging_mixin.py:188} INFO - [2024-09-17T06:52:23.344-0300] {dag.py:3089} INFO - Sync 1 DAGs
[2024-09-17T06:52:23.374-0300] {logging_mixin.py:188} INFO - [2024-09-17T06:52:23.374-0300] {dag.py:3947} INFO - Setting next_dagrun for example_setup_teardown_taskflow to 2024-09-16 00:00:00+00:00, run_after=2024-09-17 00:00:00+00:00
[2024-09-17T06:52:23.407-0300] {processor.py:183} INFO - Processing /home/jezandre/airflow/airflow_env/lib/python3.11/site-packages/airflow/example_dags/example_setup_teardown_taskflow.py took 0.269 seconds
[2024-09-17T06:52:53.828-0300] {processor.py:161} INFO - Started process (PID=34660) to work on /home/jezandre/airflow/airflow_env/lib/python3.11/site-packages/airflow/example_dags/example_setup_teardown_taskflow.py
[2024-09-17T06:52:53.829-0300] {processor.py:830} INFO - Processing file /home/jezandre/airflow/airflow_env/lib/python3.11/site-packages/airflow/example_dags/example_setup_teardown_taskflow.py for tasks to queue
[2024-09-17T06:52:53.831-0300] {logging_mixin.py:188} INFO - [2024-09-17T06:52:53.831-0300] {dagbag.py:545} INFO - Filling up the DagBag from /home/jezandre/airflow/airflow_env/lib/python3.11/site-packages/airflow/example_dags/example_setup_teardown_taskflow.py
[2024-09-17T06:52:53.841-0300] {processor.py:840} INFO - DAG(s) 'example_setup_teardown_taskflow' retrieved from /home/jezandre/airflow/airflow_env/lib/python3.11/site-packages/airflow/example_dags/example_setup_teardown_taskflow.py
[2024-09-17T06:52:53.870-0300] {logging_mixin.py:188} INFO - [2024-09-17T06:52:53.870-0300] {dag.py:3089} INFO - Sync 1 DAGs
[2024-09-17T06:52:53.896-0300] {logging_mixin.py:188} INFO - [2024-09-17T06:52:53.896-0300] {dag.py:3947} INFO - Setting next_dagrun for example_setup_teardown_taskflow to 2024-09-16 00:00:00+00:00, run_after=2024-09-17 00:00:00+00:00
[2024-09-17T06:52:53.921-0300] {processor.py:183} INFO - Processing /home/jezandre/airflow/airflow_env/lib/python3.11/site-packages/airflow/example_dags/example_setup_teardown_taskflow.py took 0.101 seconds
[2024-09-17T06:53:24.374-0300] {processor.py:161} INFO - Started process (PID=34872) to work on /home/jezandre/airflow/airflow_env/lib/python3.11/site-packages/airflow/example_dags/example_setup_teardown_taskflow.py
[2024-09-17T06:53:24.376-0300] {processor.py:830} INFO - Processing file /home/jezandre/airflow/airflow_env/lib/python3.11/site-packages/airflow/example_dags/example_setup_teardown_taskflow.py for tasks to queue
[2024-09-17T06:53:24.378-0300] {logging_mixin.py:188} INFO - [2024-09-17T06:53:24.378-0300] {dagbag.py:545} INFO - Filling up the DagBag from /home/jezandre/airflow/airflow_env/lib/python3.11/site-packages/airflow/example_dags/example_setup_teardown_taskflow.py
[2024-09-17T06:53:24.387-0300] {processor.py:840} INFO - DAG(s) 'example_setup_teardown_taskflow' retrieved from /home/jezandre/airflow/airflow_env/lib/python3.11/site-packages/airflow/example_dags/example_setup_teardown_taskflow.py
[2024-09-17T06:53:24.414-0300] {logging_mixin.py:188} INFO - [2024-09-17T06:53:24.414-0300] {dag.py:3089} INFO - Sync 1 DAGs
[2024-09-17T06:53:24.446-0300] {logging_mixin.py:188} INFO - [2024-09-17T06:53:24.446-0300] {dag.py:3947} INFO - Setting next_dagrun for example_setup_teardown_taskflow to 2024-09-16 00:00:00+00:00, run_after=2024-09-17 00:00:00+00:00
[2024-09-17T06:53:24.472-0300] {processor.py:183} INFO - Processing /home/jezandre/airflow/airflow_env/lib/python3.11/site-packages/airflow/example_dags/example_setup_teardown_taskflow.py took 0.106 seconds
[2024-09-17T06:53:55.085-0300] {processor.py:161} INFO - Started process (PID=35212) to work on /home/jezandre/airflow/airflow_env/lib/python3.11/site-packages/airflow/example_dags/example_setup_teardown_taskflow.py
[2024-09-17T06:53:55.087-0300] {processor.py:830} INFO - Processing file /home/jezandre/airflow/airflow_env/lib/python3.11/site-packages/airflow/example_dags/example_setup_teardown_taskflow.py for tasks to queue
[2024-09-17T06:53:55.089-0300] {logging_mixin.py:188} INFO - [2024-09-17T06:53:55.088-0300] {dagbag.py:545} INFO - Filling up the DagBag from /home/jezandre/airflow/airflow_env/lib/python3.11/site-packages/airflow/example_dags/example_setup_teardown_taskflow.py
[2024-09-17T06:53:55.100-0300] {processor.py:840} INFO - DAG(s) 'example_setup_teardown_taskflow' retrieved from /home/jezandre/airflow/airflow_env/lib/python3.11/site-packages/airflow/example_dags/example_setup_teardown_taskflow.py
[2024-09-17T06:53:55.142-0300] {logging_mixin.py:188} INFO - [2024-09-17T06:53:55.141-0300] {dag.py:3089} INFO - Sync 1 DAGs
[2024-09-17T06:53:55.175-0300] {logging_mixin.py:188} INFO - [2024-09-17T06:53:55.174-0300] {dag.py:3947} INFO - Setting next_dagrun for example_setup_teardown_taskflow to 2024-09-16 00:00:00+00:00, run_after=2024-09-17 00:00:00+00:00
[2024-09-17T06:53:55.205-0300] {processor.py:183} INFO - Processing /home/jezandre/airflow/airflow_env/lib/python3.11/site-packages/airflow/example_dags/example_setup_teardown_taskflow.py took 0.131 seconds
[2024-09-17T06:54:25.980-0300] {processor.py:161} INFO - Started process (PID=35423) to work on /home/jezandre/airflow/airflow_env/lib/python3.11/site-packages/airflow/example_dags/example_setup_teardown_taskflow.py
[2024-09-17T06:54:25.982-0300] {processor.py:830} INFO - Processing file /home/jezandre/airflow/airflow_env/lib/python3.11/site-packages/airflow/example_dags/example_setup_teardown_taskflow.py for tasks to queue
[2024-09-17T06:54:25.984-0300] {logging_mixin.py:188} INFO - [2024-09-17T06:54:25.983-0300] {dagbag.py:545} INFO - Filling up the DagBag from /home/jezandre/airflow/airflow_env/lib/python3.11/site-packages/airflow/example_dags/example_setup_teardown_taskflow.py
[2024-09-17T06:54:25.994-0300] {processor.py:840} INFO - DAG(s) 'example_setup_teardown_taskflow' retrieved from /home/jezandre/airflow/airflow_env/lib/python3.11/site-packages/airflow/example_dags/example_setup_teardown_taskflow.py
[2024-09-17T06:54:26.020-0300] {logging_mixin.py:188} INFO - [2024-09-17T06:54:26.020-0300] {dag.py:3089} INFO - Sync 1 DAGs
[2024-09-17T06:54:26.046-0300] {logging_mixin.py:188} INFO - [2024-09-17T06:54:26.046-0300] {dag.py:3947} INFO - Setting next_dagrun for example_setup_teardown_taskflow to 2024-09-16 00:00:00+00:00, run_after=2024-09-17 00:00:00+00:00
[2024-09-17T06:54:26.071-0300] {processor.py:183} INFO - Processing /home/jezandre/airflow/airflow_env/lib/python3.11/site-packages/airflow/example_dags/example_setup_teardown_taskflow.py took 0.102 seconds
[2024-09-17T06:54:56.546-0300] {processor.py:161} INFO - Started process (PID=35683) to work on /home/jezandre/airflow/airflow_env/lib/python3.11/site-packages/airflow/example_dags/example_setup_teardown_taskflow.py
[2024-09-17T06:54:56.547-0300] {processor.py:830} INFO - Processing file /home/jezandre/airflow/airflow_env/lib/python3.11/site-packages/airflow/example_dags/example_setup_teardown_taskflow.py for tasks to queue
[2024-09-17T06:54:56.550-0300] {logging_mixin.py:188} INFO - [2024-09-17T06:54:56.549-0300] {dagbag.py:545} INFO - Filling up the DagBag from /home/jezandre/airflow/airflow_env/lib/python3.11/site-packages/airflow/example_dags/example_setup_teardown_taskflow.py
[2024-09-17T06:54:56.558-0300] {processor.py:840} INFO - DAG(s) 'example_setup_teardown_taskflow' retrieved from /home/jezandre/airflow/airflow_env/lib/python3.11/site-packages/airflow/example_dags/example_setup_teardown_taskflow.py
[2024-09-17T06:54:56.590-0300] {logging_mixin.py:188} INFO - [2024-09-17T06:54:56.590-0300] {dag.py:3089} INFO - Sync 1 DAGs
[2024-09-17T06:54:56.618-0300] {logging_mixin.py:188} INFO - [2024-09-17T06:54:56.618-0300] {dag.py:3947} INFO - Setting next_dagrun for example_setup_teardown_taskflow to 2024-09-16 00:00:00+00:00, run_after=2024-09-17 00:00:00+00:00
[2024-09-17T06:54:56.693-0300] {processor.py:183} INFO - Processing /home/jezandre/airflow/airflow_env/lib/python3.11/site-packages/airflow/example_dags/example_setup_teardown_taskflow.py took 0.156 seconds
