[2024-09-17T06:28:01.044-0300] {processor.py:161} INFO - Started process (PID=20207) to work on /home/jezandre/airflow/airflow_env/lib/python3.11/site-packages/airflow/example_dags/example_task_group_decorator.py
[2024-09-17T06:28:01.045-0300] {processor.py:830} INFO - Processing file /home/jezandre/airflow/airflow_env/lib/python3.11/site-packages/airflow/example_dags/example_task_group_decorator.py for tasks to queue
[2024-09-17T06:28:01.047-0300] {logging_mixin.py:188} INFO - [2024-09-17T06:28:01.046-0300] {dagbag.py:545} INFO - Filling up the DagBag from /home/jezandre/airflow/airflow_env/lib/python3.11/site-packages/airflow/example_dags/example_task_group_decorator.py
[2024-09-17T06:28:01.074-0300] {processor.py:840} INFO - DAG(s) 'example_task_group_decorator' retrieved from /home/jezandre/airflow/airflow_env/lib/python3.11/site-packages/airflow/example_dags/example_task_group_decorator.py
[2024-09-17T06:28:01.338-0300] {logging_mixin.py:188} INFO - [2024-09-17T06:28:01.338-0300] {dag.py:3089} INFO - Sync 1 DAGs
[2024-09-17T06:28:01.361-0300] {logging_mixin.py:188} INFO - [2024-09-17T06:28:01.360-0300] {dag.py:3947} INFO - Setting next_dagrun for example_task_group_decorator to 2024-09-16 00:00:00+00:00, run_after=2024-09-17 00:00:00+00:00
[2024-09-17T06:28:01.402-0300] {processor.py:183} INFO - Processing /home/jezandre/airflow/airflow_env/lib/python3.11/site-packages/airflow/example_dags/example_task_group_decorator.py took 0.366 seconds
[2024-09-17T06:28:59.685-0300] {processor.py:161} INFO - Started process (PID=20491) to work on /home/jezandre/airflow/airflow_env/lib/python3.11/site-packages/airflow/example_dags/example_task_group_decorator.py
[2024-09-17T06:28:59.690-0300] {processor.py:830} INFO - Processing file /home/jezandre/airflow/airflow_env/lib/python3.11/site-packages/airflow/example_dags/example_task_group_decorator.py for tasks to queue
[2024-09-17T06:28:59.692-0300] {logging_mixin.py:188} INFO - [2024-09-17T06:28:59.692-0300] {dagbag.py:545} INFO - Filling up the DagBag from /home/jezandre/airflow/airflow_env/lib/python3.11/site-packages/airflow/example_dags/example_task_group_decorator.py
[2024-09-17T06:28:59.711-0300] {processor.py:840} INFO - DAG(s) 'example_task_group_decorator' retrieved from /home/jezandre/airflow/airflow_env/lib/python3.11/site-packages/airflow/example_dags/example_task_group_decorator.py
[2024-09-17T06:28:59.737-0300] {logging_mixin.py:188} INFO - [2024-09-17T06:28:59.736-0300] {dag.py:3089} INFO - Sync 1 DAGs
[2024-09-17T06:28:59.760-0300] {logging_mixin.py:188} INFO - [2024-09-17T06:28:59.759-0300] {dag.py:3947} INFO - Setting next_dagrun for example_task_group_decorator to 2024-09-16 00:00:00+00:00, run_after=2024-09-17 00:00:00+00:00
[2024-09-17T06:28:59.785-0300] {processor.py:183} INFO - Processing /home/jezandre/airflow/airflow_env/lib/python3.11/site-packages/airflow/example_dags/example_task_group_decorator.py took 0.109 seconds
[2024-09-17T06:29:56.679-0300] {processor.py:161} INFO - Started process (PID=21140) to work on /home/jezandre/airflow/airflow_env/lib/python3.11/site-packages/airflow/example_dags/example_task_group_decorator.py
[2024-09-17T06:29:56.681-0300] {processor.py:830} INFO - Processing file /home/jezandre/airflow/airflow_env/lib/python3.11/site-packages/airflow/example_dags/example_task_group_decorator.py for tasks to queue
[2024-09-17T06:29:56.682-0300] {logging_mixin.py:188} INFO - [2024-09-17T06:29:56.682-0300] {dagbag.py:545} INFO - Filling up the DagBag from /home/jezandre/airflow/airflow_env/lib/python3.11/site-packages/airflow/example_dags/example_task_group_decorator.py
[2024-09-17T06:29:56.698-0300] {processor.py:840} INFO - DAG(s) 'example_task_group_decorator' retrieved from /home/jezandre/airflow/airflow_env/lib/python3.11/site-packages/airflow/example_dags/example_task_group_decorator.py
[2024-09-17T06:29:56.966-0300] {logging_mixin.py:188} INFO - [2024-09-17T06:29:56.966-0300] {dag.py:3089} INFO - Sync 1 DAGs
[2024-09-17T06:29:56.990-0300] {logging_mixin.py:188} INFO - [2024-09-17T06:29:56.990-0300] {dag.py:3947} INFO - Setting next_dagrun for example_task_group_decorator to 2024-09-16 00:00:00+00:00, run_after=2024-09-17 00:00:00+00:00
[2024-09-17T06:29:57.020-0300] {processor.py:183} INFO - Processing /home/jezandre/airflow/airflow_env/lib/python3.11/site-packages/airflow/example_dags/example_task_group_decorator.py took 0.346 seconds
[2024-09-17T06:30:27.345-0300] {processor.py:161} INFO - Started process (PID=21417) to work on /home/jezandre/airflow/airflow_env/lib/python3.11/site-packages/airflow/example_dags/example_task_group_decorator.py
[2024-09-17T06:30:27.346-0300] {processor.py:830} INFO - Processing file /home/jezandre/airflow/airflow_env/lib/python3.11/site-packages/airflow/example_dags/example_task_group_decorator.py for tasks to queue
[2024-09-17T06:30:27.348-0300] {logging_mixin.py:188} INFO - [2024-09-17T06:30:27.348-0300] {dagbag.py:545} INFO - Filling up the DagBag from /home/jezandre/airflow/airflow_env/lib/python3.11/site-packages/airflow/example_dags/example_task_group_decorator.py
[2024-09-17T06:30:27.364-0300] {processor.py:840} INFO - DAG(s) 'example_task_group_decorator' retrieved from /home/jezandre/airflow/airflow_env/lib/python3.11/site-packages/airflow/example_dags/example_task_group_decorator.py
[2024-09-17T06:30:27.398-0300] {logging_mixin.py:188} INFO - [2024-09-17T06:30:27.398-0300] {dag.py:3089} INFO - Sync 1 DAGs
[2024-09-17T06:30:27.424-0300] {logging_mixin.py:188} INFO - [2024-09-17T06:30:27.423-0300] {dag.py:3947} INFO - Setting next_dagrun for example_task_group_decorator to 2024-09-16 00:00:00+00:00, run_after=2024-09-17 00:00:00+00:00
[2024-09-17T06:30:27.452-0300] {processor.py:183} INFO - Processing /home/jezandre/airflow/airflow_env/lib/python3.11/site-packages/airflow/example_dags/example_task_group_decorator.py took 0.116 seconds
[2024-09-17T06:30:57.548-0300] {processor.py:161} INFO - Started process (PID=21620) to work on /home/jezandre/airflow/airflow_env/lib/python3.11/site-packages/airflow/example_dags/example_task_group_decorator.py
[2024-09-17T06:30:57.549-0300] {processor.py:830} INFO - Processing file /home/jezandre/airflow/airflow_env/lib/python3.11/site-packages/airflow/example_dags/example_task_group_decorator.py for tasks to queue
[2024-09-17T06:30:57.550-0300] {logging_mixin.py:188} INFO - [2024-09-17T06:30:57.550-0300] {dagbag.py:545} INFO - Filling up the DagBag from /home/jezandre/airflow/airflow_env/lib/python3.11/site-packages/airflow/example_dags/example_task_group_decorator.py
[2024-09-17T06:30:57.565-0300] {processor.py:840} INFO - DAG(s) 'example_task_group_decorator' retrieved from /home/jezandre/airflow/airflow_env/lib/python3.11/site-packages/airflow/example_dags/example_task_group_decorator.py
[2024-09-17T06:30:57.597-0300] {logging_mixin.py:188} INFO - [2024-09-17T06:30:57.597-0300] {dag.py:3089} INFO - Sync 1 DAGs
[2024-09-17T06:30:57.625-0300] {logging_mixin.py:188} INFO - [2024-09-17T06:30:57.624-0300] {dag.py:3947} INFO - Setting next_dagrun for example_task_group_decorator to 2024-09-16 00:00:00+00:00, run_after=2024-09-17 00:00:00+00:00
[2024-09-17T06:30:57.654-0300] {processor.py:183} INFO - Processing /home/jezandre/airflow/airflow_env/lib/python3.11/site-packages/airflow/example_dags/example_task_group_decorator.py took 0.112 seconds
[2024-09-17T06:31:28.018-0300] {processor.py:161} INFO - Started process (PID=21823) to work on /home/jezandre/airflow/airflow_env/lib/python3.11/site-packages/airflow/example_dags/example_task_group_decorator.py
[2024-09-17T06:31:28.019-0300] {processor.py:830} INFO - Processing file /home/jezandre/airflow/airflow_env/lib/python3.11/site-packages/airflow/example_dags/example_task_group_decorator.py for tasks to queue
[2024-09-17T06:31:28.022-0300] {logging_mixin.py:188} INFO - [2024-09-17T06:31:28.021-0300] {dagbag.py:545} INFO - Filling up the DagBag from /home/jezandre/airflow/airflow_env/lib/python3.11/site-packages/airflow/example_dags/example_task_group_decorator.py
[2024-09-17T06:31:28.043-0300] {processor.py:840} INFO - DAG(s) 'example_task_group_decorator' retrieved from /home/jezandre/airflow/airflow_env/lib/python3.11/site-packages/airflow/example_dags/example_task_group_decorator.py
[2024-09-17T06:31:28.099-0300] {logging_mixin.py:188} INFO - [2024-09-17T06:31:28.098-0300] {dag.py:3089} INFO - Sync 1 DAGs
[2024-09-17T06:31:28.137-0300] {logging_mixin.py:188} INFO - [2024-09-17T06:31:28.136-0300] {dag.py:3947} INFO - Setting next_dagrun for example_task_group_decorator to 2024-09-16 00:00:00+00:00, run_after=2024-09-17 00:00:00+00:00
[2024-09-17T06:31:28.173-0300] {processor.py:183} INFO - Processing /home/jezandre/airflow/airflow_env/lib/python3.11/site-packages/airflow/example_dags/example_task_group_decorator.py took 0.164 seconds
[2024-09-17T06:31:58.359-0300] {processor.py:161} INFO - Started process (PID=22119) to work on /home/jezandre/airflow/airflow_env/lib/python3.11/site-packages/airflow/example_dags/example_task_group_decorator.py
[2024-09-17T06:31:58.360-0300] {processor.py:830} INFO - Processing file /home/jezandre/airflow/airflow_env/lib/python3.11/site-packages/airflow/example_dags/example_task_group_decorator.py for tasks to queue
[2024-09-17T06:31:58.362-0300] {logging_mixin.py:188} INFO - [2024-09-17T06:31:58.361-0300] {dagbag.py:545} INFO - Filling up the DagBag from /home/jezandre/airflow/airflow_env/lib/python3.11/site-packages/airflow/example_dags/example_task_group_decorator.py
[2024-09-17T06:31:58.377-0300] {processor.py:840} INFO - DAG(s) 'example_task_group_decorator' retrieved from /home/jezandre/airflow/airflow_env/lib/python3.11/site-packages/airflow/example_dags/example_task_group_decorator.py
[2024-09-17T06:31:58.423-0300] {logging_mixin.py:188} INFO - [2024-09-17T06:31:58.422-0300] {dag.py:3089} INFO - Sync 1 DAGs
[2024-09-17T06:31:58.459-0300] {logging_mixin.py:188} INFO - [2024-09-17T06:31:58.458-0300] {dag.py:3947} INFO - Setting next_dagrun for example_task_group_decorator to 2024-09-16 00:00:00+00:00, run_after=2024-09-17 00:00:00+00:00
[2024-09-17T06:31:58.493-0300] {processor.py:183} INFO - Processing /home/jezandre/airflow/airflow_env/lib/python3.11/site-packages/airflow/example_dags/example_task_group_decorator.py took 0.139 seconds
[2024-09-17T06:32:29.350-0300] {processor.py:161} INFO - Started process (PID=22592) to work on /home/jezandre/airflow/airflow_env/lib/python3.11/site-packages/airflow/example_dags/example_task_group_decorator.py
[2024-09-17T06:32:29.352-0300] {processor.py:830} INFO - Processing file /home/jezandre/airflow/airflow_env/lib/python3.11/site-packages/airflow/example_dags/example_task_group_decorator.py for tasks to queue
[2024-09-17T06:32:29.354-0300] {logging_mixin.py:188} INFO - [2024-09-17T06:32:29.354-0300] {dagbag.py:545} INFO - Filling up the DagBag from /home/jezandre/airflow/airflow_env/lib/python3.11/site-packages/airflow/example_dags/example_task_group_decorator.py
[2024-09-17T06:32:29.374-0300] {processor.py:840} INFO - DAG(s) 'example_task_group_decorator' retrieved from /home/jezandre/airflow/airflow_env/lib/python3.11/site-packages/airflow/example_dags/example_task_group_decorator.py
[2024-09-17T06:32:29.527-0300] {logging_mixin.py:188} INFO - [2024-09-17T06:32:29.527-0300] {dag.py:3089} INFO - Sync 1 DAGs
[2024-09-17T06:32:29.556-0300] {logging_mixin.py:188} INFO - [2024-09-17T06:32:29.556-0300] {dag.py:3947} INFO - Setting next_dagrun for example_task_group_decorator to 2024-09-16 00:00:00+00:00, run_after=2024-09-17 00:00:00+00:00
[2024-09-17T06:32:29.585-0300] {processor.py:183} INFO - Processing /home/jezandre/airflow/airflow_env/lib/python3.11/site-packages/airflow/example_dags/example_task_group_decorator.py took 0.247 seconds
