[2024-09-17T06:28:03.961-0300] {processor.py:161} INFO - Started process (PID=20218) to work on /home/jezandre/airflow/airflow_env/lib/python3.11/site-packages/airflow/example_dags/example_subdag_operator.py
[2024-09-17T06:28:03.962-0300] {processor.py:830} INFO - Processing file /home/jezandre/airflow/airflow_env/lib/python3.11/site-packages/airflow/example_dags/example_subdag_operator.py for tasks to queue
[2024-09-17T06:28:03.965-0300] {logging_mixin.py:188} INFO - [2024-09-17T06:28:03.964-0300] {dagbag.py:545} INFO - Filling up the DagBag from /home/jezandre/airflow/airflow_env/lib/python3.11/site-packages/airflow/example_dags/example_subdag_operator.py
[2024-09-17T06:28:03.994-0300] {processor.py:840} INFO - DAG(s) 'example_subdag_operator.section-1', 'example_subdag_operator.section-2', 'example_subdag_operator' retrieved from /home/jezandre/airflow/airflow_env/lib/python3.11/site-packages/airflow/example_dags/example_subdag_operator.py
[2024-09-17T06:28:04.214-0300] {logging_mixin.py:188} INFO - [2024-09-17T06:28:04.213-0300] {dag.py:3089} INFO - Sync 3 DAGs
[2024-09-17T06:28:04.237-0300] {logging_mixin.py:188} INFO - [2024-09-17T06:28:04.236-0300] {dag.py:3947} INFO - Setting next_dagrun for example_subdag_operator to 2022-01-01 00:00:00+00:00, run_after=2022-01-01 00:00:00+00:00
[2024-09-17T06:28:04.241-0300] {logging_mixin.py:188} INFO - [2024-09-17T06:28:04.241-0300] {dag.py:3947} INFO - Setting next_dagrun for example_subdag_operator.section-1 to None, run_after=None
[2024-09-17T06:28:04.242-0300] {logging_mixin.py:188} INFO - [2024-09-17T06:28:04.242-0300] {dag.py:3947} INFO - Setting next_dagrun for example_subdag_operator.section-2 to None, run_after=None
[2024-09-17T06:28:04.250-0300] {logging_mixin.py:188} INFO - [2024-09-17T06:28:04.249-0300] {dag.py:3089} INFO - Sync 2 DAGs
[2024-09-17T06:28:04.256-0300] {logging_mixin.py:188} INFO - [2024-09-17T06:28:04.256-0300] {dag.py:3947} INFO - Setting next_dagrun for example_subdag_operator.section-1 to None, run_after=None
[2024-09-17T06:28:04.257-0300] {logging_mixin.py:188} INFO - [2024-09-17T06:28:04.257-0300] {dag.py:3947} INFO - Setting next_dagrun for example_subdag_operator.section-2 to None, run_after=None
[2024-09-17T06:28:04.282-0300] {processor.py:183} INFO - Processing /home/jezandre/airflow/airflow_env/lib/python3.11/site-packages/airflow/example_dags/example_subdag_operator.py took 0.328 seconds
[2024-09-17T06:29:01.225-0300] {processor.py:161} INFO - Started process (PID=20493) to work on /home/jezandre/airflow/airflow_env/lib/python3.11/site-packages/airflow/example_dags/example_subdag_operator.py
[2024-09-17T06:29:01.230-0300] {processor.py:830} INFO - Processing file /home/jezandre/airflow/airflow_env/lib/python3.11/site-packages/airflow/example_dags/example_subdag_operator.py for tasks to queue
[2024-09-17T06:29:01.232-0300] {logging_mixin.py:188} INFO - [2024-09-17T06:29:01.232-0300] {dagbag.py:545} INFO - Filling up the DagBag from /home/jezandre/airflow/airflow_env/lib/python3.11/site-packages/airflow/example_dags/example_subdag_operator.py
[2024-09-17T06:29:01.251-0300] {processor.py:840} INFO - DAG(s) 'example_subdag_operator.section-1', 'example_subdag_operator.section-2', 'example_subdag_operator' retrieved from /home/jezandre/airflow/airflow_env/lib/python3.11/site-packages/airflow/example_dags/example_subdag_operator.py
[2024-09-17T06:29:01.266-0300] {logging_mixin.py:188} INFO - [2024-09-17T06:29:01.265-0300] {dag.py:3089} INFO - Sync 3 DAGs
[2024-09-17T06:29:01.284-0300] {logging_mixin.py:188} INFO - [2024-09-17T06:29:01.284-0300] {dag.py:3947} INFO - Setting next_dagrun for example_subdag_operator to 2022-01-01 00:00:00+00:00, run_after=2022-01-01 00:00:00+00:00
[2024-09-17T06:29:01.287-0300] {logging_mixin.py:188} INFO - [2024-09-17T06:29:01.287-0300] {dag.py:3947} INFO - Setting next_dagrun for example_subdag_operator.section-1 to None, run_after=None
[2024-09-17T06:29:01.288-0300] {logging_mixin.py:188} INFO - [2024-09-17T06:29:01.288-0300] {dag.py:3947} INFO - Setting next_dagrun for example_subdag_operator.section-2 to None, run_after=None
[2024-09-17T06:29:01.294-0300] {logging_mixin.py:188} INFO - [2024-09-17T06:29:01.294-0300] {dag.py:3089} INFO - Sync 2 DAGs
[2024-09-17T06:29:01.299-0300] {logging_mixin.py:188} INFO - [2024-09-17T06:29:01.299-0300] {dag.py:3947} INFO - Setting next_dagrun for example_subdag_operator.section-1 to None, run_after=None
[2024-09-17T06:29:01.300-0300] {logging_mixin.py:188} INFO - [2024-09-17T06:29:01.300-0300] {dag.py:3947} INFO - Setting next_dagrun for example_subdag_operator.section-2 to None, run_after=None
[2024-09-17T06:29:01.322-0300] {processor.py:183} INFO - Processing /home/jezandre/airflow/airflow_env/lib/python3.11/site-packages/airflow/example_dags/example_subdag_operator.py took 0.104 seconds
[2024-09-17T06:29:57.048-0300] {processor.py:161} INFO - Started process (PID=21144) to work on /home/jezandre/airflow/airflow_env/lib/python3.11/site-packages/airflow/example_dags/example_subdag_operator.py
[2024-09-17T06:29:57.050-0300] {processor.py:830} INFO - Processing file /home/jezandre/airflow/airflow_env/lib/python3.11/site-packages/airflow/example_dags/example_subdag_operator.py for tasks to queue
[2024-09-17T06:29:57.052-0300] {logging_mixin.py:188} INFO - [2024-09-17T06:29:57.051-0300] {dagbag.py:545} INFO - Filling up the DagBag from /home/jezandre/airflow/airflow_env/lib/python3.11/site-packages/airflow/example_dags/example_subdag_operator.py
[2024-09-17T06:29:57.090-0300] {processor.py:840} INFO - DAG(s) 'example_subdag_operator.section-1', 'example_subdag_operator.section-2', 'example_subdag_operator' retrieved from /home/jezandre/airflow/airflow_env/lib/python3.11/site-packages/airflow/example_dags/example_subdag_operator.py
[2024-09-17T06:29:57.327-0300] {logging_mixin.py:188} INFO - [2024-09-17T06:29:57.326-0300] {dag.py:3089} INFO - Sync 3 DAGs
[2024-09-17T06:29:57.351-0300] {logging_mixin.py:188} INFO - [2024-09-17T06:29:57.351-0300] {dag.py:3947} INFO - Setting next_dagrun for example_subdag_operator to 2022-01-01 00:00:00+00:00, run_after=2022-01-01 00:00:00+00:00
[2024-09-17T06:29:57.356-0300] {logging_mixin.py:188} INFO - [2024-09-17T06:29:57.355-0300] {dag.py:3947} INFO - Setting next_dagrun for example_subdag_operator.section-1 to None, run_after=None
[2024-09-17T06:29:57.361-0300] {logging_mixin.py:188} INFO - [2024-09-17T06:29:57.360-0300] {dag.py:3947} INFO - Setting next_dagrun for example_subdag_operator.section-2 to None, run_after=None
[2024-09-17T06:29:57.373-0300] {logging_mixin.py:188} INFO - [2024-09-17T06:29:57.373-0300] {dag.py:3089} INFO - Sync 2 DAGs
[2024-09-17T06:29:57.382-0300] {logging_mixin.py:188} INFO - [2024-09-17T06:29:57.382-0300] {dag.py:3947} INFO - Setting next_dagrun for example_subdag_operator.section-1 to None, run_after=None
[2024-09-17T06:29:57.382-0300] {logging_mixin.py:188} INFO - [2024-09-17T06:29:57.382-0300] {dag.py:3947} INFO - Setting next_dagrun for example_subdag_operator.section-2 to None, run_after=None
[2024-09-17T06:29:57.399-0300] {processor.py:183} INFO - Processing /home/jezandre/airflow/airflow_env/lib/python3.11/site-packages/airflow/example_dags/example_subdag_operator.py took 0.356 seconds
[2024-09-17T06:30:27.635-0300] {processor.py:161} INFO - Started process (PID=21427) to work on /home/jezandre/airflow/airflow_env/lib/python3.11/site-packages/airflow/example_dags/example_subdag_operator.py
[2024-09-17T06:30:27.637-0300] {processor.py:830} INFO - Processing file /home/jezandre/airflow/airflow_env/lib/python3.11/site-packages/airflow/example_dags/example_subdag_operator.py for tasks to queue
[2024-09-17T06:30:27.639-0300] {logging_mixin.py:188} INFO - [2024-09-17T06:30:27.639-0300] {dagbag.py:545} INFO - Filling up the DagBag from /home/jezandre/airflow/airflow_env/lib/python3.11/site-packages/airflow/example_dags/example_subdag_operator.py
[2024-09-17T06:30:27.681-0300] {processor.py:840} INFO - DAG(s) 'example_subdag_operator.section-1', 'example_subdag_operator.section-2', 'example_subdag_operator' retrieved from /home/jezandre/airflow/airflow_env/lib/python3.11/site-packages/airflow/example_dags/example_subdag_operator.py
[2024-09-17T06:30:27.703-0300] {logging_mixin.py:188} INFO - [2024-09-17T06:30:27.703-0300] {dag.py:3089} INFO - Sync 3 DAGs
[2024-09-17T06:30:27.735-0300] {logging_mixin.py:188} INFO - [2024-09-17T06:30:27.735-0300] {dag.py:3947} INFO - Setting next_dagrun for example_subdag_operator to 2022-01-01 00:00:00+00:00, run_after=2022-01-01 00:00:00+00:00
[2024-09-17T06:30:27.740-0300] {logging_mixin.py:188} INFO - [2024-09-17T06:30:27.740-0300] {dag.py:3947} INFO - Setting next_dagrun for example_subdag_operator.section-1 to None, run_after=None
[2024-09-17T06:30:27.742-0300] {logging_mixin.py:188} INFO - [2024-09-17T06:30:27.742-0300] {dag.py:3947} INFO - Setting next_dagrun for example_subdag_operator.section-2 to None, run_after=None
[2024-09-17T06:30:27.753-0300] {logging_mixin.py:188} INFO - [2024-09-17T06:30:27.753-0300] {dag.py:3089} INFO - Sync 2 DAGs
[2024-09-17T06:30:27.764-0300] {logging_mixin.py:188} INFO - [2024-09-17T06:30:27.763-0300] {dag.py:3947} INFO - Setting next_dagrun for example_subdag_operator.section-1 to None, run_after=None
[2024-09-17T06:30:27.765-0300] {logging_mixin.py:188} INFO - [2024-09-17T06:30:27.764-0300] {dag.py:3947} INFO - Setting next_dagrun for example_subdag_operator.section-2 to None, run_after=None
[2024-09-17T06:30:27.784-0300] {processor.py:183} INFO - Processing /home/jezandre/airflow/airflow_env/lib/python3.11/site-packages/airflow/example_dags/example_subdag_operator.py took 0.160 seconds
[2024-09-17T06:30:57.827-0300] {processor.py:161} INFO - Started process (PID=21632) to work on /home/jezandre/airflow/airflow_env/lib/python3.11/site-packages/airflow/example_dags/example_subdag_operator.py
[2024-09-17T06:30:57.828-0300] {processor.py:830} INFO - Processing file /home/jezandre/airflow/airflow_env/lib/python3.11/site-packages/airflow/example_dags/example_subdag_operator.py for tasks to queue
[2024-09-17T06:30:57.830-0300] {logging_mixin.py:188} INFO - [2024-09-17T06:30:57.830-0300] {dagbag.py:545} INFO - Filling up the DagBag from /home/jezandre/airflow/airflow_env/lib/python3.11/site-packages/airflow/example_dags/example_subdag_operator.py
[2024-09-17T06:30:57.861-0300] {processor.py:840} INFO - DAG(s) 'example_subdag_operator.section-1', 'example_subdag_operator.section-2', 'example_subdag_operator' retrieved from /home/jezandre/airflow/airflow_env/lib/python3.11/site-packages/airflow/example_dags/example_subdag_operator.py
[2024-09-17T06:30:57.880-0300] {logging_mixin.py:188} INFO - [2024-09-17T06:30:57.879-0300] {dag.py:3089} INFO - Sync 3 DAGs
[2024-09-17T06:30:57.912-0300] {logging_mixin.py:188} INFO - [2024-09-17T06:30:57.912-0300] {dag.py:3947} INFO - Setting next_dagrun for example_subdag_operator to 2022-01-01 00:00:00+00:00, run_after=2022-01-01 00:00:00+00:00
[2024-09-17T06:30:57.917-0300] {logging_mixin.py:188} INFO - [2024-09-17T06:30:57.917-0300] {dag.py:3947} INFO - Setting next_dagrun for example_subdag_operator.section-1 to None, run_after=None
[2024-09-17T06:30:57.920-0300] {logging_mixin.py:188} INFO - [2024-09-17T06:30:57.919-0300] {dag.py:3947} INFO - Setting next_dagrun for example_subdag_operator.section-2 to None, run_after=None
[2024-09-17T06:30:57.928-0300] {logging_mixin.py:188} INFO - [2024-09-17T06:30:57.927-0300] {dag.py:3089} INFO - Sync 2 DAGs
[2024-09-17T06:30:57.935-0300] {logging_mixin.py:188} INFO - [2024-09-17T06:30:57.935-0300] {dag.py:3947} INFO - Setting next_dagrun for example_subdag_operator.section-1 to None, run_after=None
[2024-09-17T06:30:57.936-0300] {logging_mixin.py:188} INFO - [2024-09-17T06:30:57.936-0300] {dag.py:3947} INFO - Setting next_dagrun for example_subdag_operator.section-2 to None, run_after=None
[2024-09-17T06:30:57.953-0300] {processor.py:183} INFO - Processing /home/jezandre/airflow/airflow_env/lib/python3.11/site-packages/airflow/example_dags/example_subdag_operator.py took 0.132 seconds
[2024-09-17T06:31:28.206-0300] {processor.py:161} INFO - Started process (PID=21827) to work on /home/jezandre/airflow/airflow_env/lib/python3.11/site-packages/airflow/example_dags/example_subdag_operator.py
[2024-09-17T06:31:28.208-0300] {processor.py:830} INFO - Processing file /home/jezandre/airflow/airflow_env/lib/python3.11/site-packages/airflow/example_dags/example_subdag_operator.py for tasks to queue
[2024-09-17T06:31:28.210-0300] {logging_mixin.py:188} INFO - [2024-09-17T06:31:28.210-0300] {dagbag.py:545} INFO - Filling up the DagBag from /home/jezandre/airflow/airflow_env/lib/python3.11/site-packages/airflow/example_dags/example_subdag_operator.py
[2024-09-17T06:31:28.252-0300] {processor.py:840} INFO - DAG(s) 'example_subdag_operator.section-1', 'example_subdag_operator.section-2', 'example_subdag_operator' retrieved from /home/jezandre/airflow/airflow_env/lib/python3.11/site-packages/airflow/example_dags/example_subdag_operator.py
[2024-09-17T06:31:28.275-0300] {logging_mixin.py:188} INFO - [2024-09-17T06:31:28.274-0300] {dag.py:3089} INFO - Sync 3 DAGs
[2024-09-17T06:31:28.310-0300] {logging_mixin.py:188} INFO - [2024-09-17T06:31:28.309-0300] {dag.py:3947} INFO - Setting next_dagrun for example_subdag_operator to 2022-01-01 00:00:00+00:00, run_after=2022-01-01 00:00:00+00:00
[2024-09-17T06:31:28.315-0300] {logging_mixin.py:188} INFO - [2024-09-17T06:31:28.315-0300] {dag.py:3947} INFO - Setting next_dagrun for example_subdag_operator.section-1 to None, run_after=None
[2024-09-17T06:31:28.318-0300] {logging_mixin.py:188} INFO - [2024-09-17T06:31:28.317-0300] {dag.py:3947} INFO - Setting next_dagrun for example_subdag_operator.section-2 to None, run_after=None
[2024-09-17T06:31:28.329-0300] {logging_mixin.py:188} INFO - [2024-09-17T06:31:28.329-0300] {dag.py:3089} INFO - Sync 2 DAGs
[2024-09-17T06:31:28.339-0300] {logging_mixin.py:188} INFO - [2024-09-17T06:31:28.339-0300] {dag.py:3947} INFO - Setting next_dagrun for example_subdag_operator.section-1 to None, run_after=None
[2024-09-17T06:31:28.340-0300] {logging_mixin.py:188} INFO - [2024-09-17T06:31:28.340-0300] {dag.py:3947} INFO - Setting next_dagrun for example_subdag_operator.section-2 to None, run_after=None
[2024-09-17T06:31:28.362-0300] {processor.py:183} INFO - Processing /home/jezandre/airflow/airflow_env/lib/python3.11/site-packages/airflow/example_dags/example_subdag_operator.py took 0.163 seconds
[2024-09-17T06:31:58.520-0300] {processor.py:161} INFO - Started process (PID=22123) to work on /home/jezandre/airflow/airflow_env/lib/python3.11/site-packages/airflow/example_dags/example_subdag_operator.py
[2024-09-17T06:31:58.521-0300] {processor.py:830} INFO - Processing file /home/jezandre/airflow/airflow_env/lib/python3.11/site-packages/airflow/example_dags/example_subdag_operator.py for tasks to queue
[2024-09-17T06:31:58.523-0300] {logging_mixin.py:188} INFO - [2024-09-17T06:31:58.522-0300] {dagbag.py:545} INFO - Filling up the DagBag from /home/jezandre/airflow/airflow_env/lib/python3.11/site-packages/airflow/example_dags/example_subdag_operator.py
[2024-09-17T06:31:58.555-0300] {processor.py:840} INFO - DAG(s) 'example_subdag_operator.section-1', 'example_subdag_operator.section-2', 'example_subdag_operator' retrieved from /home/jezandre/airflow/airflow_env/lib/python3.11/site-packages/airflow/example_dags/example_subdag_operator.py
[2024-09-17T06:31:58.576-0300] {logging_mixin.py:188} INFO - [2024-09-17T06:31:58.576-0300] {dag.py:3089} INFO - Sync 3 DAGs
[2024-09-17T06:31:58.605-0300] {logging_mixin.py:188} INFO - [2024-09-17T06:31:58.605-0300] {dag.py:3947} INFO - Setting next_dagrun for example_subdag_operator to 2022-01-01 00:00:00+00:00, run_after=2022-01-01 00:00:00+00:00
[2024-09-17T06:31:58.612-0300] {logging_mixin.py:188} INFO - [2024-09-17T06:31:58.611-0300] {dag.py:3947} INFO - Setting next_dagrun for example_subdag_operator.section-1 to None, run_after=None
[2024-09-17T06:31:58.614-0300] {logging_mixin.py:188} INFO - [2024-09-17T06:31:58.613-0300] {dag.py:3947} INFO - Setting next_dagrun for example_subdag_operator.section-2 to None, run_after=None
[2024-09-17T06:31:58.623-0300] {logging_mixin.py:188} INFO - [2024-09-17T06:31:58.623-0300] {dag.py:3089} INFO - Sync 2 DAGs
[2024-09-17T06:31:58.632-0300] {logging_mixin.py:188} INFO - [2024-09-17T06:31:58.632-0300] {dag.py:3947} INFO - Setting next_dagrun for example_subdag_operator.section-1 to None, run_after=None
[2024-09-17T06:31:58.633-0300] {logging_mixin.py:188} INFO - [2024-09-17T06:31:58.632-0300] {dag.py:3947} INFO - Setting next_dagrun for example_subdag_operator.section-2 to None, run_after=None
[2024-09-17T06:31:58.652-0300] {processor.py:183} INFO - Processing /home/jezandre/airflow/airflow_env/lib/python3.11/site-packages/airflow/example_dags/example_subdag_operator.py took 0.138 seconds
[2024-09-17T06:32:29.611-0300] {processor.py:161} INFO - Started process (PID=22596) to work on /home/jezandre/airflow/airflow_env/lib/python3.11/site-packages/airflow/example_dags/example_subdag_operator.py
[2024-09-17T06:32:29.613-0300] {processor.py:830} INFO - Processing file /home/jezandre/airflow/airflow_env/lib/python3.11/site-packages/airflow/example_dags/example_subdag_operator.py for tasks to queue
[2024-09-17T06:32:29.614-0300] {logging_mixin.py:188} INFO - [2024-09-17T06:32:29.614-0300] {dagbag.py:545} INFO - Filling up the DagBag from /home/jezandre/airflow/airflow_env/lib/python3.11/site-packages/airflow/example_dags/example_subdag_operator.py
[2024-09-17T06:32:29.649-0300] {processor.py:840} INFO - DAG(s) 'example_subdag_operator.section-1', 'example_subdag_operator.section-2', 'example_subdag_operator' retrieved from /home/jezandre/airflow/airflow_env/lib/python3.11/site-packages/airflow/example_dags/example_subdag_operator.py
[2024-09-17T06:32:29.757-0300] {logging_mixin.py:188} INFO - [2024-09-17T06:32:29.757-0300] {dag.py:3089} INFO - Sync 3 DAGs
[2024-09-17T06:32:29.784-0300] {logging_mixin.py:188} INFO - [2024-09-17T06:32:29.784-0300] {dag.py:3947} INFO - Setting next_dagrun for example_subdag_operator to 2022-01-01 00:00:00+00:00, run_after=2022-01-01 00:00:00+00:00
[2024-09-17T06:32:29.788-0300] {logging_mixin.py:188} INFO - [2024-09-17T06:32:29.788-0300] {dag.py:3947} INFO - Setting next_dagrun for example_subdag_operator.section-1 to None, run_after=None
[2024-09-17T06:32:29.790-0300] {logging_mixin.py:188} INFO - [2024-09-17T06:32:29.789-0300] {dag.py:3947} INFO - Setting next_dagrun for example_subdag_operator.section-2 to None, run_after=None
[2024-09-17T06:32:29.801-0300] {logging_mixin.py:188} INFO - [2024-09-17T06:32:29.801-0300] {dag.py:3089} INFO - Sync 2 DAGs
[2024-09-17T06:32:29.809-0300] {logging_mixin.py:188} INFO - [2024-09-17T06:32:29.809-0300] {dag.py:3947} INFO - Setting next_dagrun for example_subdag_operator.section-1 to None, run_after=None
[2024-09-17T06:32:29.810-0300] {logging_mixin.py:188} INFO - [2024-09-17T06:32:29.809-0300] {dag.py:3947} INFO - Setting next_dagrun for example_subdag_operator.section-2 to None, run_after=None
[2024-09-17T06:32:29.829-0300] {processor.py:183} INFO - Processing /home/jezandre/airflow/airflow_env/lib/python3.11/site-packages/airflow/example_dags/example_subdag_operator.py took 0.223 seconds
