[2024-09-17T06:27:12.571-0300] {processor.py:161} INFO - Started process (PID=19992) to work on /home/jezandre/airflow/airflow_env/lib/python3.11/site-packages/airflow/example_dags/example_setup_teardown.py
[2024-09-17T06:27:12.572-0300] {processor.py:830} INFO - Processing file /home/jezandre/airflow/airflow_env/lib/python3.11/site-packages/airflow/example_dags/example_setup_teardown.py for tasks to queue
[2024-09-17T06:27:12.574-0300] {logging_mixin.py:188} INFO - [2024-09-17T06:27:12.574-0300] {dagbag.py:545} INFO - Filling up the DagBag from /home/jezandre/airflow/airflow_env/lib/python3.11/site-packages/airflow/example_dags/example_setup_teardown.py
[2024-09-17T06:27:12.589-0300] {processor.py:840} INFO - DAG(s) 'example_setup_teardown' retrieved from /home/jezandre/airflow/airflow_env/lib/python3.11/site-packages/airflow/example_dags/example_setup_teardown.py
[2024-09-17T06:27:12.721-0300] {logging_mixin.py:188} INFO - [2024-09-17T06:27:12.720-0300] {dag.py:3089} INFO - Sync 1 DAGs
[2024-09-17T06:27:12.746-0300] {logging_mixin.py:188} INFO - [2024-09-17T06:27:12.746-0300] {dag.py:3947} INFO - Setting next_dagrun for example_setup_teardown to 2024-09-16 00:00:00+00:00, run_after=2024-09-17 00:00:00+00:00
[2024-09-17T06:27:12.926-0300] {processor.py:183} INFO - Processing /home/jezandre/airflow/airflow_env/lib/python3.11/site-packages/airflow/example_dags/example_setup_teardown.py took 0.364 seconds
[2024-09-17T06:28:15.620-0300] {processor.py:161} INFO - Started process (PID=20262) to work on /home/jezandre/airflow/airflow_env/lib/python3.11/site-packages/airflow/example_dags/example_setup_teardown.py
[2024-09-17T06:28:15.624-0300] {processor.py:830} INFO - Processing file /home/jezandre/airflow/airflow_env/lib/python3.11/site-packages/airflow/example_dags/example_setup_teardown.py for tasks to queue
[2024-09-17T06:28:15.628-0300] {logging_mixin.py:188} INFO - [2024-09-17T06:28:15.627-0300] {dagbag.py:545} INFO - Filling up the DagBag from /home/jezandre/airflow/airflow_env/lib/python3.11/site-packages/airflow/example_dags/example_setup_teardown.py
[2024-09-17T06:28:15.641-0300] {processor.py:840} INFO - DAG(s) 'example_setup_teardown' retrieved from /home/jezandre/airflow/airflow_env/lib/python3.11/site-packages/airflow/example_dags/example_setup_teardown.py
[2024-09-17T06:28:15.664-0300] {logging_mixin.py:188} INFO - [2024-09-17T06:28:15.663-0300] {dag.py:3089} INFO - Sync 1 DAGs
[2024-09-17T06:28:15.834-0300] {logging_mixin.py:188} INFO - [2024-09-17T06:28:15.834-0300] {dag.py:3947} INFO - Setting next_dagrun for example_setup_teardown to 2024-09-16 00:00:00+00:00, run_after=2024-09-17 00:00:00+00:00
[2024-09-17T06:28:15.868-0300] {processor.py:183} INFO - Processing /home/jezandre/airflow/airflow_env/lib/python3.11/site-packages/airflow/example_dags/example_setup_teardown.py took 0.254 seconds
[2024-09-17T06:29:09.159-0300] {processor.py:161} INFO - Started process (PID=20589) to work on /home/jezandre/airflow/airflow_env/lib/python3.11/site-packages/airflow/example_dags/example_setup_teardown.py
[2024-09-17T06:29:09.161-0300] {processor.py:830} INFO - Processing file /home/jezandre/airflow/airflow_env/lib/python3.11/site-packages/airflow/example_dags/example_setup_teardown.py for tasks to queue
[2024-09-17T06:29:09.164-0300] {logging_mixin.py:188} INFO - [2024-09-17T06:29:09.163-0300] {dagbag.py:545} INFO - Filling up the DagBag from /home/jezandre/airflow/airflow_env/lib/python3.11/site-packages/airflow/example_dags/example_setup_teardown.py
[2024-09-17T06:29:09.172-0300] {processor.py:840} INFO - DAG(s) 'example_setup_teardown' retrieved from /home/jezandre/airflow/airflow_env/lib/python3.11/site-packages/airflow/example_dags/example_setup_teardown.py
[2024-09-17T06:29:09.189-0300] {logging_mixin.py:188} INFO - [2024-09-17T06:29:09.189-0300] {dag.py:3089} INFO - Sync 1 DAGs
[2024-09-17T06:29:09.212-0300] {logging_mixin.py:188} INFO - [2024-09-17T06:29:09.211-0300] {dag.py:3947} INFO - Setting next_dagrun for example_setup_teardown to 2024-09-16 00:00:00+00:00, run_after=2024-09-17 00:00:00+00:00
[2024-09-17T06:29:09.239-0300] {processor.py:183} INFO - Processing /home/jezandre/airflow/airflow_env/lib/python3.11/site-packages/airflow/example_dags/example_setup_teardown.py took 0.086 seconds
[2024-09-17T06:29:49.159-0300] {processor.py:161} INFO - Started process (PID=20996) to work on /home/jezandre/airflow/airflow_env/lib/python3.11/site-packages/airflow/example_dags/example_setup_teardown.py
[2024-09-17T06:29:49.160-0300] {processor.py:830} INFO - Processing file /home/jezandre/airflow/airflow_env/lib/python3.11/site-packages/airflow/example_dags/example_setup_teardown.py for tasks to queue
[2024-09-17T06:29:49.161-0300] {logging_mixin.py:188} INFO - [2024-09-17T06:29:49.161-0300] {dagbag.py:545} INFO - Filling up the DagBag from /home/jezandre/airflow/airflow_env/lib/python3.11/site-packages/airflow/example_dags/example_setup_teardown.py
[2024-09-17T06:29:49.172-0300] {processor.py:840} INFO - DAG(s) 'example_setup_teardown' retrieved from /home/jezandre/airflow/airflow_env/lib/python3.11/site-packages/airflow/example_dags/example_setup_teardown.py
[2024-09-17T06:29:49.321-0300] {logging_mixin.py:188} INFO - [2024-09-17T06:29:49.321-0300] {dag.py:3089} INFO - Sync 1 DAGs
[2024-09-17T06:29:49.480-0300] {logging_mixin.py:188} INFO - [2024-09-17T06:29:49.480-0300] {dag.py:3947} INFO - Setting next_dagrun for example_setup_teardown to 2024-09-16 00:00:00+00:00, run_after=2024-09-17 00:00:00+00:00
[2024-09-17T06:29:49.508-0300] {processor.py:183} INFO - Processing /home/jezandre/airflow/airflow_env/lib/python3.11/site-packages/airflow/example_dags/example_setup_teardown.py took 0.357 seconds
[2024-09-17T06:30:20.057-0300] {processor.py:161} INFO - Started process (PID=21316) to work on /home/jezandre/airflow/airflow_env/lib/python3.11/site-packages/airflow/example_dags/example_setup_teardown.py
[2024-09-17T06:30:20.058-0300] {processor.py:830} INFO - Processing file /home/jezandre/airflow/airflow_env/lib/python3.11/site-packages/airflow/example_dags/example_setup_teardown.py for tasks to queue
[2024-09-17T06:30:20.060-0300] {logging_mixin.py:188} INFO - [2024-09-17T06:30:20.059-0300] {dagbag.py:545} INFO - Filling up the DagBag from /home/jezandre/airflow/airflow_env/lib/python3.11/site-packages/airflow/example_dags/example_setup_teardown.py
[2024-09-17T06:30:20.066-0300] {processor.py:840} INFO - DAG(s) 'example_setup_teardown' retrieved from /home/jezandre/airflow/airflow_env/lib/python3.11/site-packages/airflow/example_dags/example_setup_teardown.py
[2024-09-17T06:30:20.106-0300] {logging_mixin.py:188} INFO - [2024-09-17T06:30:20.104-0300] {dag.py:3089} INFO - Sync 1 DAGs
[2024-09-17T06:30:20.142-0300] {logging_mixin.py:188} INFO - [2024-09-17T06:30:20.141-0300] {dag.py:3947} INFO - Setting next_dagrun for example_setup_teardown to 2024-09-16 00:00:00+00:00, run_after=2024-09-17 00:00:00+00:00
[2024-09-17T06:30:20.177-0300] {processor.py:183} INFO - Processing /home/jezandre/airflow/airflow_env/lib/python3.11/site-packages/airflow/example_dags/example_setup_teardown.py took 0.127 seconds
[2024-09-17T06:30:51.123-0300] {processor.py:161} INFO - Started process (PID=21519) to work on /home/jezandre/airflow/airflow_env/lib/python3.11/site-packages/airflow/example_dags/example_setup_teardown.py
[2024-09-17T06:30:51.125-0300] {processor.py:830} INFO - Processing file /home/jezandre/airflow/airflow_env/lib/python3.11/site-packages/airflow/example_dags/example_setup_teardown.py for tasks to queue
[2024-09-17T06:30:51.126-0300] {logging_mixin.py:188} INFO - [2024-09-17T06:30:51.126-0300] {dagbag.py:545} INFO - Filling up the DagBag from /home/jezandre/airflow/airflow_env/lib/python3.11/site-packages/airflow/example_dags/example_setup_teardown.py
[2024-09-17T06:30:51.132-0300] {processor.py:840} INFO - DAG(s) 'example_setup_teardown' retrieved from /home/jezandre/airflow/airflow_env/lib/python3.11/site-packages/airflow/example_dags/example_setup_teardown.py
[2024-09-17T06:30:51.158-0300] {logging_mixin.py:188} INFO - [2024-09-17T06:30:51.158-0300] {dag.py:3089} INFO - Sync 1 DAGs
[2024-09-17T06:30:51.183-0300] {logging_mixin.py:188} INFO - [2024-09-17T06:30:51.183-0300] {dag.py:3947} INFO - Setting next_dagrun for example_setup_teardown to 2024-09-16 00:00:00+00:00, run_after=2024-09-17 00:00:00+00:00
[2024-09-17T06:30:51.212-0300] {processor.py:183} INFO - Processing /home/jezandre/airflow/airflow_env/lib/python3.11/site-packages/airflow/example_dags/example_setup_teardown.py took 0.094 seconds
[2024-09-17T06:31:21.377-0300] {processor.py:161} INFO - Started process (PID=21728) to work on /home/jezandre/airflow/airflow_env/lib/python3.11/site-packages/airflow/example_dags/example_setup_teardown.py
[2024-09-17T06:31:21.379-0300] {processor.py:830} INFO - Processing file /home/jezandre/airflow/airflow_env/lib/python3.11/site-packages/airflow/example_dags/example_setup_teardown.py for tasks to queue
[2024-09-17T06:31:21.381-0300] {logging_mixin.py:188} INFO - [2024-09-17T06:31:21.380-0300] {dagbag.py:545} INFO - Filling up the DagBag from /home/jezandre/airflow/airflow_env/lib/python3.11/site-packages/airflow/example_dags/example_setup_teardown.py
[2024-09-17T06:31:21.390-0300] {processor.py:840} INFO - DAG(s) 'example_setup_teardown' retrieved from /home/jezandre/airflow/airflow_env/lib/python3.11/site-packages/airflow/example_dags/example_setup_teardown.py
[2024-09-17T06:31:21.429-0300] {logging_mixin.py:188} INFO - [2024-09-17T06:31:21.428-0300] {dag.py:3089} INFO - Sync 1 DAGs
[2024-09-17T06:31:21.468-0300] {logging_mixin.py:188} INFO - [2024-09-17T06:31:21.467-0300] {dag.py:3947} INFO - Setting next_dagrun for example_setup_teardown to 2024-09-16 00:00:00+00:00, run_after=2024-09-17 00:00:00+00:00
[2024-09-17T06:31:21.499-0300] {processor.py:183} INFO - Processing /home/jezandre/airflow/airflow_env/lib/python3.11/site-packages/airflow/example_dags/example_setup_teardown.py took 0.129 seconds
[2024-09-17T06:31:51.938-0300] {processor.py:161} INFO - Started process (PID=22006) to work on /home/jezandre/airflow/airflow_env/lib/python3.11/site-packages/airflow/example_dags/example_setup_teardown.py
[2024-09-17T06:31:51.939-0300] {processor.py:830} INFO - Processing file /home/jezandre/airflow/airflow_env/lib/python3.11/site-packages/airflow/example_dags/example_setup_teardown.py for tasks to queue
[2024-09-17T06:31:51.940-0300] {logging_mixin.py:188} INFO - [2024-09-17T06:31:51.940-0300] {dagbag.py:545} INFO - Filling up the DagBag from /home/jezandre/airflow/airflow_env/lib/python3.11/site-packages/airflow/example_dags/example_setup_teardown.py
[2024-09-17T06:31:51.950-0300] {processor.py:840} INFO - DAG(s) 'example_setup_teardown' retrieved from /home/jezandre/airflow/airflow_env/lib/python3.11/site-packages/airflow/example_dags/example_setup_teardown.py
[2024-09-17T06:31:51.982-0300] {logging_mixin.py:188} INFO - [2024-09-17T06:31:51.982-0300] {dag.py:3089} INFO - Sync 1 DAGs
[2024-09-17T06:31:52.014-0300] {logging_mixin.py:188} INFO - [2024-09-17T06:31:52.014-0300] {dag.py:3947} INFO - Setting next_dagrun for example_setup_teardown to 2024-09-16 00:00:00+00:00, run_after=2024-09-17 00:00:00+00:00
[2024-09-17T06:31:52.041-0300] {processor.py:183} INFO - Processing /home/jezandre/airflow/airflow_env/lib/python3.11/site-packages/airflow/example_dags/example_setup_teardown.py took 0.110 seconds
[2024-09-17T06:32:22.426-0300] {processor.py:161} INFO - Started process (PID=22485) to work on /home/jezandre/airflow/airflow_env/lib/python3.11/site-packages/airflow/example_dags/example_setup_teardown.py
[2024-09-17T06:32:22.427-0300] {processor.py:830} INFO - Processing file /home/jezandre/airflow/airflow_env/lib/python3.11/site-packages/airflow/example_dags/example_setup_teardown.py for tasks to queue
[2024-09-17T06:32:22.430-0300] {logging_mixin.py:188} INFO - [2024-09-17T06:32:22.429-0300] {dagbag.py:545} INFO - Filling up the DagBag from /home/jezandre/airflow/airflow_env/lib/python3.11/site-packages/airflow/example_dags/example_setup_teardown.py
[2024-09-17T06:32:22.447-0300] {processor.py:840} INFO - DAG(s) 'example_setup_teardown' retrieved from /home/jezandre/airflow/airflow_env/lib/python3.11/site-packages/airflow/example_dags/example_setup_teardown.py
[2024-09-17T06:32:22.634-0300] {logging_mixin.py:188} INFO - [2024-09-17T06:32:22.634-0300] {dag.py:3089} INFO - Sync 1 DAGs
[2024-09-17T06:32:22.664-0300] {logging_mixin.py:188} INFO - [2024-09-17T06:32:22.663-0300] {dag.py:3947} INFO - Setting next_dagrun for example_setup_teardown to 2024-09-16 00:00:00+00:00, run_after=2024-09-17 00:00:00+00:00
[2024-09-17T06:32:22.700-0300] {processor.py:183} INFO - Processing /home/jezandre/airflow/airflow_env/lib/python3.11/site-packages/airflow/example_dags/example_setup_teardown.py took 0.286 seconds
[2024-09-17T06:32:53.331-0300] {processor.py:161} INFO - Started process (PID=22849) to work on /home/jezandre/airflow/airflow_env/lib/python3.11/site-packages/airflow/example_dags/example_setup_teardown.py
[2024-09-17T06:32:53.332-0300] {processor.py:830} INFO - Processing file /home/jezandre/airflow/airflow_env/lib/python3.11/site-packages/airflow/example_dags/example_setup_teardown.py for tasks to queue
[2024-09-17T06:32:53.334-0300] {logging_mixin.py:188} INFO - [2024-09-17T06:32:53.334-0300] {dagbag.py:545} INFO - Filling up the DagBag from /home/jezandre/airflow/airflow_env/lib/python3.11/site-packages/airflow/example_dags/example_setup_teardown.py
[2024-09-17T06:32:53.342-0300] {processor.py:840} INFO - DAG(s) 'example_setup_teardown' retrieved from /home/jezandre/airflow/airflow_env/lib/python3.11/site-packages/airflow/example_dags/example_setup_teardown.py
[2024-09-17T06:32:53.376-0300] {logging_mixin.py:188} INFO - [2024-09-17T06:32:53.375-0300] {dag.py:3089} INFO - Sync 1 DAGs
[2024-09-17T06:32:53.407-0300] {logging_mixin.py:188} INFO - [2024-09-17T06:32:53.407-0300] {dag.py:3947} INFO - Setting next_dagrun for example_setup_teardown to 2024-09-16 00:00:00+00:00, run_after=2024-09-17 00:00:00+00:00
[2024-09-17T06:32:53.436-0300] {processor.py:183} INFO - Processing /home/jezandre/airflow/airflow_env/lib/python3.11/site-packages/airflow/example_dags/example_setup_teardown.py took 0.113 seconds
[2024-09-17T06:33:24.065-0300] {processor.py:161} INFO - Started process (PID=23081) to work on /home/jezandre/airflow/airflow_env/lib/python3.11/site-packages/airflow/example_dags/example_setup_teardown.py
[2024-09-17T06:33:24.067-0300] {processor.py:830} INFO - Processing file /home/jezandre/airflow/airflow_env/lib/python3.11/site-packages/airflow/example_dags/example_setup_teardown.py for tasks to queue
[2024-09-17T06:33:24.069-0300] {logging_mixin.py:188} INFO - [2024-09-17T06:33:24.068-0300] {dagbag.py:545} INFO - Filling up the DagBag from /home/jezandre/airflow/airflow_env/lib/python3.11/site-packages/airflow/example_dags/example_setup_teardown.py
[2024-09-17T06:33:24.076-0300] {processor.py:840} INFO - DAG(s) 'example_setup_teardown' retrieved from /home/jezandre/airflow/airflow_env/lib/python3.11/site-packages/airflow/example_dags/example_setup_teardown.py
[2024-09-17T06:33:24.114-0300] {logging_mixin.py:188} INFO - [2024-09-17T06:33:24.113-0300] {dag.py:3089} INFO - Sync 1 DAGs
[2024-09-17T06:33:24.143-0300] {logging_mixin.py:188} INFO - [2024-09-17T06:33:24.142-0300] {dag.py:3947} INFO - Setting next_dagrun for example_setup_teardown to 2024-09-16 00:00:00+00:00, run_after=2024-09-17 00:00:00+00:00
[2024-09-17T06:33:24.172-0300] {processor.py:183} INFO - Processing /home/jezandre/airflow/airflow_env/lib/python3.11/site-packages/airflow/example_dags/example_setup_teardown.py took 0.113 seconds
[2024-09-17T06:33:54.601-0300] {processor.py:161} INFO - Started process (PID=23362) to work on /home/jezandre/airflow/airflow_env/lib/python3.11/site-packages/airflow/example_dags/example_setup_teardown.py
[2024-09-17T06:33:54.603-0300] {processor.py:830} INFO - Processing file /home/jezandre/airflow/airflow_env/lib/python3.11/site-packages/airflow/example_dags/example_setup_teardown.py for tasks to queue
[2024-09-17T06:33:54.604-0300] {logging_mixin.py:188} INFO - [2024-09-17T06:33:54.604-0300] {dagbag.py:545} INFO - Filling up the DagBag from /home/jezandre/airflow/airflow_env/lib/python3.11/site-packages/airflow/example_dags/example_setup_teardown.py
[2024-09-17T06:33:54.611-0300] {processor.py:840} INFO - DAG(s) 'example_setup_teardown' retrieved from /home/jezandre/airflow/airflow_env/lib/python3.11/site-packages/airflow/example_dags/example_setup_teardown.py
[2024-09-17T06:33:54.638-0300] {logging_mixin.py:188} INFO - [2024-09-17T06:33:54.638-0300] {dag.py:3089} INFO - Sync 1 DAGs
[2024-09-17T06:33:54.664-0300] {logging_mixin.py:188} INFO - [2024-09-17T06:33:54.664-0300] {dag.py:3947} INFO - Setting next_dagrun for example_setup_teardown to 2024-09-16 00:00:00+00:00, run_after=2024-09-17 00:00:00+00:00
[2024-09-17T06:33:54.692-0300] {processor.py:183} INFO - Processing /home/jezandre/airflow/airflow_env/lib/python3.11/site-packages/airflow/example_dags/example_setup_teardown.py took 0.097 seconds
[2024-09-17T06:34:25.012-0300] {processor.py:161} INFO - Started process (PID=23611) to work on /home/jezandre/airflow/airflow_env/lib/python3.11/site-packages/airflow/example_dags/example_setup_teardown.py
[2024-09-17T06:34:25.013-0300] {processor.py:830} INFO - Processing file /home/jezandre/airflow/airflow_env/lib/python3.11/site-packages/airflow/example_dags/example_setup_teardown.py for tasks to queue
[2024-09-17T06:34:25.015-0300] {logging_mixin.py:188} INFO - [2024-09-17T06:34:25.015-0300] {dagbag.py:545} INFO - Filling up the DagBag from /home/jezandre/airflow/airflow_env/lib/python3.11/site-packages/airflow/example_dags/example_setup_teardown.py
[2024-09-17T06:34:25.024-0300] {processor.py:840} INFO - DAG(s) 'example_setup_teardown' retrieved from /home/jezandre/airflow/airflow_env/lib/python3.11/site-packages/airflow/example_dags/example_setup_teardown.py
[2024-09-17T06:34:25.054-0300] {logging_mixin.py:188} INFO - [2024-09-17T06:34:25.054-0300] {dag.py:3089} INFO - Sync 1 DAGs
[2024-09-17T06:34:25.080-0300] {logging_mixin.py:188} INFO - [2024-09-17T06:34:25.079-0300] {dag.py:3947} INFO - Setting next_dagrun for example_setup_teardown to 2024-09-16 00:00:00+00:00, run_after=2024-09-17 00:00:00+00:00
[2024-09-17T06:34:25.109-0300] {processor.py:183} INFO - Processing /home/jezandre/airflow/airflow_env/lib/python3.11/site-packages/airflow/example_dags/example_setup_teardown.py took 0.103 seconds
[2024-09-17T06:34:55.562-0300] {processor.py:161} INFO - Started process (PID=23942) to work on /home/jezandre/airflow/airflow_env/lib/python3.11/site-packages/airflow/example_dags/example_setup_teardown.py
[2024-09-17T06:34:55.564-0300] {processor.py:830} INFO - Processing file /home/jezandre/airflow/airflow_env/lib/python3.11/site-packages/airflow/example_dags/example_setup_teardown.py for tasks to queue
[2024-09-17T06:34:55.566-0300] {logging_mixin.py:188} INFO - [2024-09-17T06:34:55.565-0300] {dagbag.py:545} INFO - Filling up the DagBag from /home/jezandre/airflow/airflow_env/lib/python3.11/site-packages/airflow/example_dags/example_setup_teardown.py
[2024-09-17T06:34:55.573-0300] {processor.py:840} INFO - DAG(s) 'example_setup_teardown' retrieved from /home/jezandre/airflow/airflow_env/lib/python3.11/site-packages/airflow/example_dags/example_setup_teardown.py
[2024-09-17T06:34:55.600-0300] {logging_mixin.py:188} INFO - [2024-09-17T06:34:55.600-0300] {dag.py:3089} INFO - Sync 1 DAGs
[2024-09-17T06:34:55.626-0300] {logging_mixin.py:188} INFO - [2024-09-17T06:34:55.626-0300] {dag.py:3947} INFO - Setting next_dagrun for example_setup_teardown to 2024-09-16 00:00:00+00:00, run_after=2024-09-17 00:00:00+00:00
[2024-09-17T06:34:55.653-0300] {processor.py:183} INFO - Processing /home/jezandre/airflow/airflow_env/lib/python3.11/site-packages/airflow/example_dags/example_setup_teardown.py took 0.096 seconds
[2024-09-17T06:35:26.210-0300] {processor.py:161} INFO - Started process (PID=24188) to work on /home/jezandre/airflow/airflow_env/lib/python3.11/site-packages/airflow/example_dags/example_setup_teardown.py
[2024-09-17T06:35:26.212-0300] {processor.py:830} INFO - Processing file /home/jezandre/airflow/airflow_env/lib/python3.11/site-packages/airflow/example_dags/example_setup_teardown.py for tasks to queue
[2024-09-17T06:35:26.214-0300] {logging_mixin.py:188} INFO - [2024-09-17T06:35:26.213-0300] {dagbag.py:545} INFO - Filling up the DagBag from /home/jezandre/airflow/airflow_env/lib/python3.11/site-packages/airflow/example_dags/example_setup_teardown.py
[2024-09-17T06:35:26.226-0300] {processor.py:840} INFO - DAG(s) 'example_setup_teardown' retrieved from /home/jezandre/airflow/airflow_env/lib/python3.11/site-packages/airflow/example_dags/example_setup_teardown.py
[2024-09-17T06:35:26.257-0300] {logging_mixin.py:188} INFO - [2024-09-17T06:35:26.256-0300] {dag.py:3089} INFO - Sync 1 DAGs
[2024-09-17T06:35:26.289-0300] {logging_mixin.py:188} INFO - [2024-09-17T06:35:26.289-0300] {dag.py:3947} INFO - Setting next_dagrun for example_setup_teardown to 2024-09-16 00:00:00+00:00, run_after=2024-09-17 00:00:00+00:00
[2024-09-17T06:35:26.318-0300] {processor.py:183} INFO - Processing /home/jezandre/airflow/airflow_env/lib/python3.11/site-packages/airflow/example_dags/example_setup_teardown.py took 0.117 seconds
[2024-09-17T06:35:56.514-0300] {processor.py:161} INFO - Started process (PID=24522) to work on /home/jezandre/airflow/airflow_env/lib/python3.11/site-packages/airflow/example_dags/example_setup_teardown.py
[2024-09-17T06:35:56.515-0300] {processor.py:830} INFO - Processing file /home/jezandre/airflow/airflow_env/lib/python3.11/site-packages/airflow/example_dags/example_setup_teardown.py for tasks to queue
[2024-09-17T06:35:56.517-0300] {logging_mixin.py:188} INFO - [2024-09-17T06:35:56.517-0300] {dagbag.py:545} INFO - Filling up the DagBag from /home/jezandre/airflow/airflow_env/lib/python3.11/site-packages/airflow/example_dags/example_setup_teardown.py
[2024-09-17T06:35:56.523-0300] {processor.py:840} INFO - DAG(s) 'example_setup_teardown' retrieved from /home/jezandre/airflow/airflow_env/lib/python3.11/site-packages/airflow/example_dags/example_setup_teardown.py
[2024-09-17T06:35:56.549-0300] {logging_mixin.py:188} INFO - [2024-09-17T06:35:56.549-0300] {dag.py:3089} INFO - Sync 1 DAGs
[2024-09-17T06:35:56.578-0300] {logging_mixin.py:188} INFO - [2024-09-17T06:35:56.578-0300] {dag.py:3947} INFO - Setting next_dagrun for example_setup_teardown to 2024-09-16 00:00:00+00:00, run_after=2024-09-17 00:00:00+00:00
[2024-09-17T06:35:56.603-0300] {processor.py:183} INFO - Processing /home/jezandre/airflow/airflow_env/lib/python3.11/site-packages/airflow/example_dags/example_setup_teardown.py took 0.094 seconds
[2024-09-17T06:36:26.833-0300] {processor.py:161} INFO - Started process (PID=24737) to work on /home/jezandre/airflow/airflow_env/lib/python3.11/site-packages/airflow/example_dags/example_setup_teardown.py
[2024-09-17T06:36:26.835-0300] {processor.py:830} INFO - Processing file /home/jezandre/airflow/airflow_env/lib/python3.11/site-packages/airflow/example_dags/example_setup_teardown.py for tasks to queue
[2024-09-17T06:36:26.837-0300] {logging_mixin.py:188} INFO - [2024-09-17T06:36:26.836-0300] {dagbag.py:545} INFO - Filling up the DagBag from /home/jezandre/airflow/airflow_env/lib/python3.11/site-packages/airflow/example_dags/example_setup_teardown.py
[2024-09-17T06:36:26.847-0300] {processor.py:840} INFO - DAG(s) 'example_setup_teardown' retrieved from /home/jezandre/airflow/airflow_env/lib/python3.11/site-packages/airflow/example_dags/example_setup_teardown.py
[2024-09-17T06:36:26.878-0300] {logging_mixin.py:188} INFO - [2024-09-17T06:36:26.877-0300] {dag.py:3089} INFO - Sync 1 DAGs
[2024-09-17T06:36:26.910-0300] {logging_mixin.py:188} INFO - [2024-09-17T06:36:26.909-0300] {dag.py:3947} INFO - Setting next_dagrun for example_setup_teardown to 2024-09-16 00:00:00+00:00, run_after=2024-09-17 00:00:00+00:00
[2024-09-17T06:36:26.935-0300] {processor.py:183} INFO - Processing /home/jezandre/airflow/airflow_env/lib/python3.11/site-packages/airflow/example_dags/example_setup_teardown.py took 0.108 seconds
[2024-09-17T06:36:57.318-0300] {processor.py:161} INFO - Started process (PID=24966) to work on /home/jezandre/airflow/airflow_env/lib/python3.11/site-packages/airflow/example_dags/example_setup_teardown.py
[2024-09-17T06:36:57.319-0300] {processor.py:830} INFO - Processing file /home/jezandre/airflow/airflow_env/lib/python3.11/site-packages/airflow/example_dags/example_setup_teardown.py for tasks to queue
[2024-09-17T06:36:57.321-0300] {logging_mixin.py:188} INFO - [2024-09-17T06:36:57.321-0300] {dagbag.py:545} INFO - Filling up the DagBag from /home/jezandre/airflow/airflow_env/lib/python3.11/site-packages/airflow/example_dags/example_setup_teardown.py
[2024-09-17T06:36:57.328-0300] {processor.py:840} INFO - DAG(s) 'example_setup_teardown' retrieved from /home/jezandre/airflow/airflow_env/lib/python3.11/site-packages/airflow/example_dags/example_setup_teardown.py
[2024-09-17T06:36:57.357-0300] {logging_mixin.py:188} INFO - [2024-09-17T06:36:57.357-0300] {dag.py:3089} INFO - Sync 1 DAGs
[2024-09-17T06:36:57.383-0300] {logging_mixin.py:188} INFO - [2024-09-17T06:36:57.383-0300] {dag.py:3947} INFO - Setting next_dagrun for example_setup_teardown to 2024-09-16 00:00:00+00:00, run_after=2024-09-17 00:00:00+00:00
[2024-09-17T06:36:57.409-0300] {processor.py:183} INFO - Processing /home/jezandre/airflow/airflow_env/lib/python3.11/site-packages/airflow/example_dags/example_setup_teardown.py took 0.100 seconds
[2024-09-17T06:37:28.060-0300] {processor.py:161} INFO - Started process (PID=25175) to work on /home/jezandre/airflow/airflow_env/lib/python3.11/site-packages/airflow/example_dags/example_setup_teardown.py
[2024-09-17T06:37:28.062-0300] {processor.py:830} INFO - Processing file /home/jezandre/airflow/airflow_env/lib/python3.11/site-packages/airflow/example_dags/example_setup_teardown.py for tasks to queue
[2024-09-17T06:37:28.068-0300] {logging_mixin.py:188} INFO - [2024-09-17T06:37:28.066-0300] {dagbag.py:545} INFO - Filling up the DagBag from /home/jezandre/airflow/airflow_env/lib/python3.11/site-packages/airflow/example_dags/example_setup_teardown.py
[2024-09-17T06:37:28.084-0300] {processor.py:840} INFO - DAG(s) 'example_setup_teardown' retrieved from /home/jezandre/airflow/airflow_env/lib/python3.11/site-packages/airflow/example_dags/example_setup_teardown.py
[2024-09-17T06:37:28.359-0300] {logging_mixin.py:188} INFO - [2024-09-17T06:37:28.354-0300] {dag.py:3089} INFO - Sync 1 DAGs
[2024-09-17T06:37:28.415-0300] {logging_mixin.py:188} INFO - [2024-09-17T06:37:28.414-0300] {dag.py:3947} INFO - Setting next_dagrun for example_setup_teardown to 2024-09-16 00:00:00+00:00, run_after=2024-09-17 00:00:00+00:00
[2024-09-17T06:37:28.515-0300] {processor.py:183} INFO - Processing /home/jezandre/airflow/airflow_env/lib/python3.11/site-packages/airflow/example_dags/example_setup_teardown.py took 0.464 seconds
[2024-09-17T06:37:58.680-0300] {processor.py:161} INFO - Started process (PID=25400) to work on /home/jezandre/airflow/airflow_env/lib/python3.11/site-packages/airflow/example_dags/example_setup_teardown.py
[2024-09-17T06:37:58.681-0300] {processor.py:830} INFO - Processing file /home/jezandre/airflow/airflow_env/lib/python3.11/site-packages/airflow/example_dags/example_setup_teardown.py for tasks to queue
[2024-09-17T06:37:58.683-0300] {logging_mixin.py:188} INFO - [2024-09-17T06:37:58.683-0300] {dagbag.py:545} INFO - Filling up the DagBag from /home/jezandre/airflow/airflow_env/lib/python3.11/site-packages/airflow/example_dags/example_setup_teardown.py
[2024-09-17T06:37:58.689-0300] {processor.py:840} INFO - DAG(s) 'example_setup_teardown' retrieved from /home/jezandre/airflow/airflow_env/lib/python3.11/site-packages/airflow/example_dags/example_setup_teardown.py
[2024-09-17T06:37:58.719-0300] {logging_mixin.py:188} INFO - [2024-09-17T06:37:58.719-0300] {dag.py:3089} INFO - Sync 1 DAGs
[2024-09-17T06:37:58.748-0300] {logging_mixin.py:188} INFO - [2024-09-17T06:37:58.748-0300] {dag.py:3947} INFO - Setting next_dagrun for example_setup_teardown to 2024-09-16 00:00:00+00:00, run_after=2024-09-17 00:00:00+00:00
[2024-09-17T06:37:58.773-0300] {processor.py:183} INFO - Processing /home/jezandre/airflow/airflow_env/lib/python3.11/site-packages/airflow/example_dags/example_setup_teardown.py took 0.100 seconds
[2024-09-17T06:38:29.285-0300] {processor.py:161} INFO - Started process (PID=25727) to work on /home/jezandre/airflow/airflow_env/lib/python3.11/site-packages/airflow/example_dags/example_setup_teardown.py
[2024-09-17T06:38:29.286-0300] {processor.py:830} INFO - Processing file /home/jezandre/airflow/airflow_env/lib/python3.11/site-packages/airflow/example_dags/example_setup_teardown.py for tasks to queue
[2024-09-17T06:38:29.287-0300] {logging_mixin.py:188} INFO - [2024-09-17T06:38:29.287-0300] {dagbag.py:545} INFO - Filling up the DagBag from /home/jezandre/airflow/airflow_env/lib/python3.11/site-packages/airflow/example_dags/example_setup_teardown.py
[2024-09-17T06:38:29.294-0300] {processor.py:840} INFO - DAG(s) 'example_setup_teardown' retrieved from /home/jezandre/airflow/airflow_env/lib/python3.11/site-packages/airflow/example_dags/example_setup_teardown.py
[2024-09-17T06:38:29.326-0300] {logging_mixin.py:188} INFO - [2024-09-17T06:38:29.326-0300] {dag.py:3089} INFO - Sync 1 DAGs
[2024-09-17T06:38:29.356-0300] {logging_mixin.py:188} INFO - [2024-09-17T06:38:29.356-0300] {dag.py:3947} INFO - Setting next_dagrun for example_setup_teardown to 2024-09-16 00:00:00+00:00, run_after=2024-09-17 00:00:00+00:00
[2024-09-17T06:38:29.384-0300] {processor.py:183} INFO - Processing /home/jezandre/airflow/airflow_env/lib/python3.11/site-packages/airflow/example_dags/example_setup_teardown.py took 0.107 seconds
[2024-09-17T06:38:59.828-0300] {processor.py:161} INFO - Started process (PID=26041) to work on /home/jezandre/airflow/airflow_env/lib/python3.11/site-packages/airflow/example_dags/example_setup_teardown.py
[2024-09-17T06:38:59.831-0300] {processor.py:830} INFO - Processing file /home/jezandre/airflow/airflow_env/lib/python3.11/site-packages/airflow/example_dags/example_setup_teardown.py for tasks to queue
[2024-09-17T06:38:59.834-0300] {logging_mixin.py:188} INFO - [2024-09-17T06:38:59.833-0300] {dagbag.py:545} INFO - Filling up the DagBag from /home/jezandre/airflow/airflow_env/lib/python3.11/site-packages/airflow/example_dags/example_setup_teardown.py
[2024-09-17T06:38:59.843-0300] {processor.py:840} INFO - DAG(s) 'example_setup_teardown' retrieved from /home/jezandre/airflow/airflow_env/lib/python3.11/site-packages/airflow/example_dags/example_setup_teardown.py
[2024-09-17T06:38:59.878-0300] {logging_mixin.py:188} INFO - [2024-09-17T06:38:59.877-0300] {dag.py:3089} INFO - Sync 1 DAGs
[2024-09-17T06:38:59.916-0300] {logging_mixin.py:188} INFO - [2024-09-17T06:38:59.915-0300] {dag.py:3947} INFO - Setting next_dagrun for example_setup_teardown to 2024-09-16 00:00:00+00:00, run_after=2024-09-17 00:00:00+00:00
[2024-09-17T06:38:59.943-0300] {processor.py:183} INFO - Processing /home/jezandre/airflow/airflow_env/lib/python3.11/site-packages/airflow/example_dags/example_setup_teardown.py took 0.133 seconds
[2024-09-17T06:39:30.457-0300] {processor.py:161} INFO - Started process (PID=26282) to work on /home/jezandre/airflow/airflow_env/lib/python3.11/site-packages/airflow/example_dags/example_setup_teardown.py
[2024-09-17T06:39:30.459-0300] {processor.py:830} INFO - Processing file /home/jezandre/airflow/airflow_env/lib/python3.11/site-packages/airflow/example_dags/example_setup_teardown.py for tasks to queue
[2024-09-17T06:39:30.461-0300] {logging_mixin.py:188} INFO - [2024-09-17T06:39:30.460-0300] {dagbag.py:545} INFO - Filling up the DagBag from /home/jezandre/airflow/airflow_env/lib/python3.11/site-packages/airflow/example_dags/example_setup_teardown.py
[2024-09-17T06:39:30.467-0300] {processor.py:840} INFO - DAG(s) 'example_setup_teardown' retrieved from /home/jezandre/airflow/airflow_env/lib/python3.11/site-packages/airflow/example_dags/example_setup_teardown.py
[2024-09-17T06:39:30.497-0300] {logging_mixin.py:188} INFO - [2024-09-17T06:39:30.497-0300] {dag.py:3089} INFO - Sync 1 DAGs
[2024-09-17T06:39:30.525-0300] {logging_mixin.py:188} INFO - [2024-09-17T06:39:30.525-0300] {dag.py:3947} INFO - Setting next_dagrun for example_setup_teardown to 2024-09-16 00:00:00+00:00, run_after=2024-09-17 00:00:00+00:00
[2024-09-17T06:39:30.550-0300] {processor.py:183} INFO - Processing /home/jezandre/airflow/airflow_env/lib/python3.11/site-packages/airflow/example_dags/example_setup_teardown.py took 0.104 seconds
[2024-09-17T06:40:01.096-0300] {processor.py:161} INFO - Started process (PID=26548) to work on /home/jezandre/airflow/airflow_env/lib/python3.11/site-packages/airflow/example_dags/example_setup_teardown.py
[2024-09-17T06:40:01.097-0300] {processor.py:830} INFO - Processing file /home/jezandre/airflow/airflow_env/lib/python3.11/site-packages/airflow/example_dags/example_setup_teardown.py for tasks to queue
[2024-09-17T06:40:01.099-0300] {logging_mixin.py:188} INFO - [2024-09-17T06:40:01.099-0300] {dagbag.py:545} INFO - Filling up the DagBag from /home/jezandre/airflow/airflow_env/lib/python3.11/site-packages/airflow/example_dags/example_setup_teardown.py
[2024-09-17T06:40:01.105-0300] {processor.py:840} INFO - DAG(s) 'example_setup_teardown' retrieved from /home/jezandre/airflow/airflow_env/lib/python3.11/site-packages/airflow/example_dags/example_setup_teardown.py
[2024-09-17T06:40:01.134-0300] {logging_mixin.py:188} INFO - [2024-09-17T06:40:01.134-0300] {dag.py:3089} INFO - Sync 1 DAGs
[2024-09-17T06:40:01.160-0300] {logging_mixin.py:188} INFO - [2024-09-17T06:40:01.160-0300] {dag.py:3947} INFO - Setting next_dagrun for example_setup_teardown to 2024-09-16 00:00:00+00:00, run_after=2024-09-17 00:00:00+00:00
[2024-09-17T06:40:01.194-0300] {processor.py:183} INFO - Processing /home/jezandre/airflow/airflow_env/lib/python3.11/site-packages/airflow/example_dags/example_setup_teardown.py took 0.106 seconds
[2024-09-17T06:40:31.661-0300] {processor.py:161} INFO - Started process (PID=26898) to work on /home/jezandre/airflow/airflow_env/lib/python3.11/site-packages/airflow/example_dags/example_setup_teardown.py
[2024-09-17T06:40:31.662-0300] {processor.py:830} INFO - Processing file /home/jezandre/airflow/airflow_env/lib/python3.11/site-packages/airflow/example_dags/example_setup_teardown.py for tasks to queue
[2024-09-17T06:40:31.664-0300] {logging_mixin.py:188} INFO - [2024-09-17T06:40:31.664-0300] {dagbag.py:545} INFO - Filling up the DagBag from /home/jezandre/airflow/airflow_env/lib/python3.11/site-packages/airflow/example_dags/example_setup_teardown.py
[2024-09-17T06:40:31.670-0300] {processor.py:840} INFO - DAG(s) 'example_setup_teardown' retrieved from /home/jezandre/airflow/airflow_env/lib/python3.11/site-packages/airflow/example_dags/example_setup_teardown.py
[2024-09-17T06:40:31.699-0300] {logging_mixin.py:188} INFO - [2024-09-17T06:40:31.699-0300] {dag.py:3089} INFO - Sync 1 DAGs
[2024-09-17T06:40:31.725-0300] {logging_mixin.py:188} INFO - [2024-09-17T06:40:31.724-0300] {dag.py:3947} INFO - Setting next_dagrun for example_setup_teardown to 2024-09-16 00:00:00+00:00, run_after=2024-09-17 00:00:00+00:00
[2024-09-17T06:40:31.749-0300] {processor.py:183} INFO - Processing /home/jezandre/airflow/airflow_env/lib/python3.11/site-packages/airflow/example_dags/example_setup_teardown.py took 0.096 seconds
[2024-09-17T06:41:02.161-0300] {processor.py:161} INFO - Started process (PID=27264) to work on /home/jezandre/airflow/airflow_env/lib/python3.11/site-packages/airflow/example_dags/example_setup_teardown.py
[2024-09-17T06:41:02.162-0300] {processor.py:830} INFO - Processing file /home/jezandre/airflow/airflow_env/lib/python3.11/site-packages/airflow/example_dags/example_setup_teardown.py for tasks to queue
[2024-09-17T06:41:02.163-0300] {logging_mixin.py:188} INFO - [2024-09-17T06:41:02.163-0300] {dagbag.py:545} INFO - Filling up the DagBag from /home/jezandre/airflow/airflow_env/lib/python3.11/site-packages/airflow/example_dags/example_setup_teardown.py
[2024-09-17T06:41:02.171-0300] {processor.py:840} INFO - DAG(s) 'example_setup_teardown' retrieved from /home/jezandre/airflow/airflow_env/lib/python3.11/site-packages/airflow/example_dags/example_setup_teardown.py
[2024-09-17T06:41:02.205-0300] {logging_mixin.py:188} INFO - [2024-09-17T06:41:02.205-0300] {dag.py:3089} INFO - Sync 1 DAGs
[2024-09-17T06:41:02.235-0300] {logging_mixin.py:188} INFO - [2024-09-17T06:41:02.235-0300] {dag.py:3947} INFO - Setting next_dagrun for example_setup_teardown to 2024-09-16 00:00:00+00:00, run_after=2024-09-17 00:00:00+00:00
[2024-09-17T06:41:02.266-0300] {processor.py:183} INFO - Processing /home/jezandre/airflow/airflow_env/lib/python3.11/site-packages/airflow/example_dags/example_setup_teardown.py took 0.114 seconds
[2024-09-17T06:41:32.737-0300] {processor.py:161} INFO - Started process (PID=27597) to work on /home/jezandre/airflow/airflow_env/lib/python3.11/site-packages/airflow/example_dags/example_setup_teardown.py
[2024-09-17T06:41:32.739-0300] {processor.py:830} INFO - Processing file /home/jezandre/airflow/airflow_env/lib/python3.11/site-packages/airflow/example_dags/example_setup_teardown.py for tasks to queue
[2024-09-17T06:41:32.740-0300] {logging_mixin.py:188} INFO - [2024-09-17T06:41:32.740-0300] {dagbag.py:545} INFO - Filling up the DagBag from /home/jezandre/airflow/airflow_env/lib/python3.11/site-packages/airflow/example_dags/example_setup_teardown.py
[2024-09-17T06:41:32.746-0300] {processor.py:840} INFO - DAG(s) 'example_setup_teardown' retrieved from /home/jezandre/airflow/airflow_env/lib/python3.11/site-packages/airflow/example_dags/example_setup_teardown.py
[2024-09-17T06:41:32.773-0300] {logging_mixin.py:188} INFO - [2024-09-17T06:41:32.773-0300] {dag.py:3089} INFO - Sync 1 DAGs
[2024-09-17T06:41:32.799-0300] {logging_mixin.py:188} INFO - [2024-09-17T06:41:32.799-0300] {dag.py:3947} INFO - Setting next_dagrun for example_setup_teardown to 2024-09-16 00:00:00+00:00, run_after=2024-09-17 00:00:00+00:00
[2024-09-17T06:41:32.824-0300] {processor.py:183} INFO - Processing /home/jezandre/airflow/airflow_env/lib/python3.11/site-packages/airflow/example_dags/example_setup_teardown.py took 0.096 seconds
[2024-09-17T06:42:03.133-0300] {processor.py:161} INFO - Started process (PID=27843) to work on /home/jezandre/airflow/airflow_env/lib/python3.11/site-packages/airflow/example_dags/example_setup_teardown.py
[2024-09-17T06:42:03.134-0300] {processor.py:830} INFO - Processing file /home/jezandre/airflow/airflow_env/lib/python3.11/site-packages/airflow/example_dags/example_setup_teardown.py for tasks to queue
[2024-09-17T06:42:03.136-0300] {logging_mixin.py:188} INFO - [2024-09-17T06:42:03.136-0300] {dagbag.py:545} INFO - Filling up the DagBag from /home/jezandre/airflow/airflow_env/lib/python3.11/site-packages/airflow/example_dags/example_setup_teardown.py
[2024-09-17T06:42:03.144-0300] {processor.py:840} INFO - DAG(s) 'example_setup_teardown' retrieved from /home/jezandre/airflow/airflow_env/lib/python3.11/site-packages/airflow/example_dags/example_setup_teardown.py
[2024-09-17T06:42:03.175-0300] {logging_mixin.py:188} INFO - [2024-09-17T06:42:03.174-0300] {dag.py:3089} INFO - Sync 1 DAGs
[2024-09-17T06:42:03.206-0300] {logging_mixin.py:188} INFO - [2024-09-17T06:42:03.206-0300] {dag.py:3947} INFO - Setting next_dagrun for example_setup_teardown to 2024-09-16 00:00:00+00:00, run_after=2024-09-17 00:00:00+00:00
[2024-09-17T06:42:03.233-0300] {processor.py:183} INFO - Processing /home/jezandre/airflow/airflow_env/lib/python3.11/site-packages/airflow/example_dags/example_setup_teardown.py took 0.112 seconds
[2024-09-17T06:42:33.460-0300] {processor.py:161} INFO - Started process (PID=28044) to work on /home/jezandre/airflow/airflow_env/lib/python3.11/site-packages/airflow/example_dags/example_setup_teardown.py
[2024-09-17T06:42:33.461-0300] {processor.py:830} INFO - Processing file /home/jezandre/airflow/airflow_env/lib/python3.11/site-packages/airflow/example_dags/example_setup_teardown.py for tasks to queue
[2024-09-17T06:42:33.463-0300] {logging_mixin.py:188} INFO - [2024-09-17T06:42:33.463-0300] {dagbag.py:545} INFO - Filling up the DagBag from /home/jezandre/airflow/airflow_env/lib/python3.11/site-packages/airflow/example_dags/example_setup_teardown.py
[2024-09-17T06:42:33.471-0300] {processor.py:840} INFO - DAG(s) 'example_setup_teardown' retrieved from /home/jezandre/airflow/airflow_env/lib/python3.11/site-packages/airflow/example_dags/example_setup_teardown.py
[2024-09-17T06:42:33.617-0300] {logging_mixin.py:188} INFO - [2024-09-17T06:42:33.616-0300] {dag.py:3089} INFO - Sync 1 DAGs
[2024-09-17T06:42:33.650-0300] {logging_mixin.py:188} INFO - [2024-09-17T06:42:33.650-0300] {dag.py:3947} INFO - Setting next_dagrun for example_setup_teardown to 2024-09-16 00:00:00+00:00, run_after=2024-09-17 00:00:00+00:00
[2024-09-17T06:42:33.678-0300] {processor.py:183} INFO - Processing /home/jezandre/airflow/airflow_env/lib/python3.11/site-packages/airflow/example_dags/example_setup_teardown.py took 0.229 seconds
[2024-09-17T06:43:04.621-0300] {processor.py:161} INFO - Started process (PID=28802) to work on /home/jezandre/airflow/airflow_env/lib/python3.11/site-packages/airflow/example_dags/example_setup_teardown.py
[2024-09-17T06:43:04.623-0300] {processor.py:830} INFO - Processing file /home/jezandre/airflow/airflow_env/lib/python3.11/site-packages/airflow/example_dags/example_setup_teardown.py for tasks to queue
[2024-09-17T06:43:04.626-0300] {logging_mixin.py:188} INFO - [2024-09-17T06:43:04.625-0300] {dagbag.py:545} INFO - Filling up the DagBag from /home/jezandre/airflow/airflow_env/lib/python3.11/site-packages/airflow/example_dags/example_setup_teardown.py
[2024-09-17T06:43:04.641-0300] {processor.py:840} INFO - DAG(s) 'example_setup_teardown' retrieved from /home/jezandre/airflow/airflow_env/lib/python3.11/site-packages/airflow/example_dags/example_setup_teardown.py
[2024-09-17T06:43:04.691-0300] {logging_mixin.py:188} INFO - [2024-09-17T06:43:04.690-0300] {dag.py:3089} INFO - Sync 1 DAGs
[2024-09-17T06:43:04.735-0300] {logging_mixin.py:188} INFO - [2024-09-17T06:43:04.734-0300] {dag.py:3947} INFO - Setting next_dagrun for example_setup_teardown to 2024-09-16 00:00:00+00:00, run_after=2024-09-17 00:00:00+00:00
[2024-09-17T06:43:04.785-0300] {processor.py:183} INFO - Processing /home/jezandre/airflow/airflow_env/lib/python3.11/site-packages/airflow/example_dags/example_setup_teardown.py took 0.182 seconds
[2024-09-17T06:43:35.471-0300] {processor.py:161} INFO - Started process (PID=29103) to work on /home/jezandre/airflow/airflow_env/lib/python3.11/site-packages/airflow/example_dags/example_setup_teardown.py
[2024-09-17T06:43:35.472-0300] {processor.py:830} INFO - Processing file /home/jezandre/airflow/airflow_env/lib/python3.11/site-packages/airflow/example_dags/example_setup_teardown.py for tasks to queue
[2024-09-17T06:43:35.475-0300] {logging_mixin.py:188} INFO - [2024-09-17T06:43:35.474-0300] {dagbag.py:545} INFO - Filling up the DagBag from /home/jezandre/airflow/airflow_env/lib/python3.11/site-packages/airflow/example_dags/example_setup_teardown.py
[2024-09-17T06:43:35.484-0300] {processor.py:840} INFO - DAG(s) 'example_setup_teardown' retrieved from /home/jezandre/airflow/airflow_env/lib/python3.11/site-packages/airflow/example_dags/example_setup_teardown.py
[2024-09-17T06:43:35.518-0300] {logging_mixin.py:188} INFO - [2024-09-17T06:43:35.517-0300] {dag.py:3089} INFO - Sync 1 DAGs
[2024-09-17T06:43:35.549-0300] {logging_mixin.py:188} INFO - [2024-09-17T06:43:35.549-0300] {dag.py:3947} INFO - Setting next_dagrun for example_setup_teardown to 2024-09-16 00:00:00+00:00, run_after=2024-09-17 00:00:00+00:00
[2024-09-17T06:43:35.593-0300] {processor.py:183} INFO - Processing /home/jezandre/airflow/airflow_env/lib/python3.11/site-packages/airflow/example_dags/example_setup_teardown.py took 0.138 seconds
[2024-09-17T06:44:06.358-0300] {processor.py:161} INFO - Started process (PID=29330) to work on /home/jezandre/airflow/airflow_env/lib/python3.11/site-packages/airflow/example_dags/example_setup_teardown.py
[2024-09-17T06:44:06.360-0300] {processor.py:830} INFO - Processing file /home/jezandre/airflow/airflow_env/lib/python3.11/site-packages/airflow/example_dags/example_setup_teardown.py for tasks to queue
[2024-09-17T06:44:06.363-0300] {logging_mixin.py:188} INFO - [2024-09-17T06:44:06.362-0300] {dagbag.py:545} INFO - Filling up the DagBag from /home/jezandre/airflow/airflow_env/lib/python3.11/site-packages/airflow/example_dags/example_setup_teardown.py
[2024-09-17T06:44:06.377-0300] {processor.py:840} INFO - DAG(s) 'example_setup_teardown' retrieved from /home/jezandre/airflow/airflow_env/lib/python3.11/site-packages/airflow/example_dags/example_setup_teardown.py
[2024-09-17T06:44:06.423-0300] {logging_mixin.py:188} INFO - [2024-09-17T06:44:06.423-0300] {dag.py:3089} INFO - Sync 1 DAGs
[2024-09-17T06:44:06.473-0300] {logging_mixin.py:188} INFO - [2024-09-17T06:44:06.472-0300] {dag.py:3947} INFO - Setting next_dagrun for example_setup_teardown to 2024-09-16 00:00:00+00:00, run_after=2024-09-17 00:00:00+00:00
[2024-09-17T06:44:06.521-0300] {processor.py:183} INFO - Processing /home/jezandre/airflow/airflow_env/lib/python3.11/site-packages/airflow/example_dags/example_setup_teardown.py took 0.176 seconds
[2024-09-17T06:44:36.831-0300] {processor.py:161} INFO - Started process (PID=29531) to work on /home/jezandre/airflow/airflow_env/lib/python3.11/site-packages/airflow/example_dags/example_setup_teardown.py
[2024-09-17T06:44:36.832-0300] {processor.py:830} INFO - Processing file /home/jezandre/airflow/airflow_env/lib/python3.11/site-packages/airflow/example_dags/example_setup_teardown.py for tasks to queue
[2024-09-17T06:44:36.833-0300] {logging_mixin.py:188} INFO - [2024-09-17T06:44:36.833-0300] {dagbag.py:545} INFO - Filling up the DagBag from /home/jezandre/airflow/airflow_env/lib/python3.11/site-packages/airflow/example_dags/example_setup_teardown.py
[2024-09-17T06:44:36.840-0300] {processor.py:840} INFO - DAG(s) 'example_setup_teardown' retrieved from /home/jezandre/airflow/airflow_env/lib/python3.11/site-packages/airflow/example_dags/example_setup_teardown.py
[2024-09-17T06:44:36.880-0300] {logging_mixin.py:188} INFO - [2024-09-17T06:44:36.879-0300] {dag.py:3089} INFO - Sync 1 DAGs
[2024-09-17T06:44:36.909-0300] {logging_mixin.py:188} INFO - [2024-09-17T06:44:36.909-0300] {dag.py:3947} INFO - Setting next_dagrun for example_setup_teardown to 2024-09-16 00:00:00+00:00, run_after=2024-09-17 00:00:00+00:00
[2024-09-17T06:44:36.938-0300] {processor.py:183} INFO - Processing /home/jezandre/airflow/airflow_env/lib/python3.11/site-packages/airflow/example_dags/example_setup_teardown.py took 0.117 seconds
[2024-09-17T06:45:07.675-0300] {processor.py:161} INFO - Started process (PID=29854) to work on /home/jezandre/airflow/airflow_env/lib/python3.11/site-packages/airflow/example_dags/example_setup_teardown.py
[2024-09-17T06:45:07.677-0300] {processor.py:830} INFO - Processing file /home/jezandre/airflow/airflow_env/lib/python3.11/site-packages/airflow/example_dags/example_setup_teardown.py for tasks to queue
[2024-09-17T06:45:07.679-0300] {logging_mixin.py:188} INFO - [2024-09-17T06:45:07.679-0300] {dagbag.py:545} INFO - Filling up the DagBag from /home/jezandre/airflow/airflow_env/lib/python3.11/site-packages/airflow/example_dags/example_setup_teardown.py
[2024-09-17T06:45:07.690-0300] {processor.py:840} INFO - DAG(s) 'example_setup_teardown' retrieved from /home/jezandre/airflow/airflow_env/lib/python3.11/site-packages/airflow/example_dags/example_setup_teardown.py
[2024-09-17T06:45:07.729-0300] {logging_mixin.py:188} INFO - [2024-09-17T06:45:07.729-0300] {dag.py:3089} INFO - Sync 1 DAGs
[2024-09-17T06:45:07.771-0300] {logging_mixin.py:188} INFO - [2024-09-17T06:45:07.771-0300] {dag.py:3947} INFO - Setting next_dagrun for example_setup_teardown to 2024-09-16 00:00:00+00:00, run_after=2024-09-17 00:00:00+00:00
[2024-09-17T06:45:07.814-0300] {processor.py:183} INFO - Processing /home/jezandre/airflow/airflow_env/lib/python3.11/site-packages/airflow/example_dags/example_setup_teardown.py took 0.151 seconds
[2024-09-17T06:45:38.025-0300] {processor.py:161} INFO - Started process (PID=30153) to work on /home/jezandre/airflow/airflow_env/lib/python3.11/site-packages/airflow/example_dags/example_setup_teardown.py
[2024-09-17T06:45:38.026-0300] {processor.py:830} INFO - Processing file /home/jezandre/airflow/airflow_env/lib/python3.11/site-packages/airflow/example_dags/example_setup_teardown.py for tasks to queue
[2024-09-17T06:45:38.027-0300] {logging_mixin.py:188} INFO - [2024-09-17T06:45:38.027-0300] {dagbag.py:545} INFO - Filling up the DagBag from /home/jezandre/airflow/airflow_env/lib/python3.11/site-packages/airflow/example_dags/example_setup_teardown.py
[2024-09-17T06:45:38.034-0300] {processor.py:840} INFO - DAG(s) 'example_setup_teardown' retrieved from /home/jezandre/airflow/airflow_env/lib/python3.11/site-packages/airflow/example_dags/example_setup_teardown.py
[2024-09-17T06:45:38.062-0300] {logging_mixin.py:188} INFO - [2024-09-17T06:45:38.062-0300] {dag.py:3089} INFO - Sync 1 DAGs
[2024-09-17T06:45:38.091-0300] {logging_mixin.py:188} INFO - [2024-09-17T06:45:38.090-0300] {dag.py:3947} INFO - Setting next_dagrun for example_setup_teardown to 2024-09-16 00:00:00+00:00, run_after=2024-09-17 00:00:00+00:00
[2024-09-17T06:45:38.116-0300] {processor.py:183} INFO - Processing /home/jezandre/airflow/airflow_env/lib/python3.11/site-packages/airflow/example_dags/example_setup_teardown.py took 0.101 seconds
[2024-09-17T06:46:09.035-0300] {processor.py:161} INFO - Started process (PID=30484) to work on /home/jezandre/airflow/airflow_env/lib/python3.11/site-packages/airflow/example_dags/example_setup_teardown.py
[2024-09-17T06:46:09.039-0300] {processor.py:830} INFO - Processing file /home/jezandre/airflow/airflow_env/lib/python3.11/site-packages/airflow/example_dags/example_setup_teardown.py for tasks to queue
[2024-09-17T06:46:09.041-0300] {logging_mixin.py:188} INFO - [2024-09-17T06:46:09.040-0300] {dagbag.py:545} INFO - Filling up the DagBag from /home/jezandre/airflow/airflow_env/lib/python3.11/site-packages/airflow/example_dags/example_setup_teardown.py
[2024-09-17T06:46:09.047-0300] {processor.py:840} INFO - DAG(s) 'example_setup_teardown' retrieved from /home/jezandre/airflow/airflow_env/lib/python3.11/site-packages/airflow/example_dags/example_setup_teardown.py
[2024-09-17T06:46:09.078-0300] {logging_mixin.py:188} INFO - [2024-09-17T06:46:09.078-0300] {dag.py:3089} INFO - Sync 1 DAGs
[2024-09-17T06:46:09.107-0300] {logging_mixin.py:188} INFO - [2024-09-17T06:46:09.107-0300] {dag.py:3947} INFO - Setting next_dagrun for example_setup_teardown to 2024-09-16 00:00:00+00:00, run_after=2024-09-17 00:00:00+00:00
[2024-09-17T06:46:09.134-0300] {processor.py:183} INFO - Processing /home/jezandre/airflow/airflow_env/lib/python3.11/site-packages/airflow/example_dags/example_setup_teardown.py took 0.109 seconds
[2024-09-17T06:46:40.013-0300] {processor.py:161} INFO - Started process (PID=30797) to work on /home/jezandre/airflow/airflow_env/lib/python3.11/site-packages/airflow/example_dags/example_setup_teardown.py
[2024-09-17T06:46:40.014-0300] {processor.py:830} INFO - Processing file /home/jezandre/airflow/airflow_env/lib/python3.11/site-packages/airflow/example_dags/example_setup_teardown.py for tasks to queue
[2024-09-17T06:46:40.016-0300] {logging_mixin.py:188} INFO - [2024-09-17T06:46:40.015-0300] {dagbag.py:545} INFO - Filling up the DagBag from /home/jezandre/airflow/airflow_env/lib/python3.11/site-packages/airflow/example_dags/example_setup_teardown.py
[2024-09-17T06:46:40.022-0300] {processor.py:840} INFO - DAG(s) 'example_setup_teardown' retrieved from /home/jezandre/airflow/airflow_env/lib/python3.11/site-packages/airflow/example_dags/example_setup_teardown.py
[2024-09-17T06:46:40.051-0300] {logging_mixin.py:188} INFO - [2024-09-17T06:46:40.050-0300] {dag.py:3089} INFO - Sync 1 DAGs
[2024-09-17T06:46:40.077-0300] {logging_mixin.py:188} INFO - [2024-09-17T06:46:40.077-0300] {dag.py:3947} INFO - Setting next_dagrun for example_setup_teardown to 2024-09-16 00:00:00+00:00, run_after=2024-09-17 00:00:00+00:00
[2024-09-17T06:46:40.101-0300] {processor.py:183} INFO - Processing /home/jezandre/airflow/airflow_env/lib/python3.11/site-packages/airflow/example_dags/example_setup_teardown.py took 0.098 seconds
[2024-09-17T06:47:10.648-0300] {processor.py:161} INFO - Started process (PID=31089) to work on /home/jezandre/airflow/airflow_env/lib/python3.11/site-packages/airflow/example_dags/example_setup_teardown.py
[2024-09-17T06:47:10.649-0300] {processor.py:830} INFO - Processing file /home/jezandre/airflow/airflow_env/lib/python3.11/site-packages/airflow/example_dags/example_setup_teardown.py for tasks to queue
[2024-09-17T06:47:10.650-0300] {logging_mixin.py:188} INFO - [2024-09-17T06:47:10.650-0300] {dagbag.py:545} INFO - Filling up the DagBag from /home/jezandre/airflow/airflow_env/lib/python3.11/site-packages/airflow/example_dags/example_setup_teardown.py
[2024-09-17T06:47:10.657-0300] {processor.py:840} INFO - DAG(s) 'example_setup_teardown' retrieved from /home/jezandre/airflow/airflow_env/lib/python3.11/site-packages/airflow/example_dags/example_setup_teardown.py
[2024-09-17T06:47:10.804-0300] {logging_mixin.py:188} INFO - [2024-09-17T06:47:10.804-0300] {dag.py:3089} INFO - Sync 1 DAGs
[2024-09-17T06:47:10.827-0300] {logging_mixin.py:188} INFO - [2024-09-17T06:47:10.826-0300] {dag.py:3947} INFO - Setting next_dagrun for example_setup_teardown to 2024-09-16 00:00:00+00:00, run_after=2024-09-17 00:00:00+00:00
[2024-09-17T06:47:10.871-0300] {processor.py:183} INFO - Processing /home/jezandre/airflow/airflow_env/lib/python3.11/site-packages/airflow/example_dags/example_setup_teardown.py took 0.233 seconds
[2024-09-17T06:47:41.159-0300] {processor.py:161} INFO - Started process (PID=31318) to work on /home/jezandre/airflow/airflow_env/lib/python3.11/site-packages/airflow/example_dags/example_setup_teardown.py
[2024-09-17T06:47:41.164-0300] {processor.py:830} INFO - Processing file /home/jezandre/airflow/airflow_env/lib/python3.11/site-packages/airflow/example_dags/example_setup_teardown.py for tasks to queue
[2024-09-17T06:47:41.166-0300] {logging_mixin.py:188} INFO - [2024-09-17T06:47:41.165-0300] {dagbag.py:545} INFO - Filling up the DagBag from /home/jezandre/airflow/airflow_env/lib/python3.11/site-packages/airflow/example_dags/example_setup_teardown.py
[2024-09-17T06:47:41.173-0300] {processor.py:840} INFO - DAG(s) 'example_setup_teardown' retrieved from /home/jezandre/airflow/airflow_env/lib/python3.11/site-packages/airflow/example_dags/example_setup_teardown.py
[2024-09-17T06:47:41.209-0300] {logging_mixin.py:188} INFO - [2024-09-17T06:47:41.209-0300] {dag.py:3089} INFO - Sync 1 DAGs
[2024-09-17T06:47:41.245-0300] {logging_mixin.py:188} INFO - [2024-09-17T06:47:41.245-0300] {dag.py:3947} INFO - Setting next_dagrun for example_setup_teardown to 2024-09-16 00:00:00+00:00, run_after=2024-09-17 00:00:00+00:00
[2024-09-17T06:47:41.272-0300] {processor.py:183} INFO - Processing /home/jezandre/airflow/airflow_env/lib/python3.11/site-packages/airflow/example_dags/example_setup_teardown.py took 0.122 seconds
[2024-09-17T06:48:11.648-0300] {processor.py:161} INFO - Started process (PID=31566) to work on /home/jezandre/airflow/airflow_env/lib/python3.11/site-packages/airflow/example_dags/example_setup_teardown.py
[2024-09-17T06:48:11.653-0300] {processor.py:830} INFO - Processing file /home/jezandre/airflow/airflow_env/lib/python3.11/site-packages/airflow/example_dags/example_setup_teardown.py for tasks to queue
[2024-09-17T06:48:11.656-0300] {logging_mixin.py:188} INFO - [2024-09-17T06:48:11.655-0300] {dagbag.py:545} INFO - Filling up the DagBag from /home/jezandre/airflow/airflow_env/lib/python3.11/site-packages/airflow/example_dags/example_setup_teardown.py
[2024-09-17T06:48:11.665-0300] {processor.py:840} INFO - DAG(s) 'example_setup_teardown' retrieved from /home/jezandre/airflow/airflow_env/lib/python3.11/site-packages/airflow/example_dags/example_setup_teardown.py
[2024-09-17T06:48:11.703-0300] {logging_mixin.py:188} INFO - [2024-09-17T06:48:11.703-0300] {dag.py:3089} INFO - Sync 1 DAGs
[2024-09-17T06:48:11.734-0300] {logging_mixin.py:188} INFO - [2024-09-17T06:48:11.733-0300] {dag.py:3947} INFO - Setting next_dagrun for example_setup_teardown to 2024-09-16 00:00:00+00:00, run_after=2024-09-17 00:00:00+00:00
[2024-09-17T06:48:11.767-0300] {processor.py:183} INFO - Processing /home/jezandre/airflow/airflow_env/lib/python3.11/site-packages/airflow/example_dags/example_setup_teardown.py took 0.133 seconds
[2024-09-17T06:48:42.429-0300] {processor.py:161} INFO - Started process (PID=31839) to work on /home/jezandre/airflow/airflow_env/lib/python3.11/site-packages/airflow/example_dags/example_setup_teardown.py
[2024-09-17T06:48:42.430-0300] {processor.py:830} INFO - Processing file /home/jezandre/airflow/airflow_env/lib/python3.11/site-packages/airflow/example_dags/example_setup_teardown.py for tasks to queue
[2024-09-17T06:48:42.432-0300] {logging_mixin.py:188} INFO - [2024-09-17T06:48:42.431-0300] {dagbag.py:545} INFO - Filling up the DagBag from /home/jezandre/airflow/airflow_env/lib/python3.11/site-packages/airflow/example_dags/example_setup_teardown.py
[2024-09-17T06:48:42.437-0300] {processor.py:840} INFO - DAG(s) 'example_setup_teardown' retrieved from /home/jezandre/airflow/airflow_env/lib/python3.11/site-packages/airflow/example_dags/example_setup_teardown.py
[2024-09-17T06:48:42.467-0300] {logging_mixin.py:188} INFO - [2024-09-17T06:48:42.467-0300] {dag.py:3089} INFO - Sync 1 DAGs
[2024-09-17T06:48:42.499-0300] {logging_mixin.py:188} INFO - [2024-09-17T06:48:42.499-0300] {dag.py:3947} INFO - Setting next_dagrun for example_setup_teardown to 2024-09-16 00:00:00+00:00, run_after=2024-09-17 00:00:00+00:00
[2024-09-17T06:48:42.529-0300] {processor.py:183} INFO - Processing /home/jezandre/airflow/airflow_env/lib/python3.11/site-packages/airflow/example_dags/example_setup_teardown.py took 0.111 seconds
[2024-09-17T06:49:13.370-0300] {processor.py:161} INFO - Started process (PID=32048) to work on /home/jezandre/airflow/airflow_env/lib/python3.11/site-packages/airflow/example_dags/example_setup_teardown.py
[2024-09-17T06:49:13.374-0300] {processor.py:830} INFO - Processing file /home/jezandre/airflow/airflow_env/lib/python3.11/site-packages/airflow/example_dags/example_setup_teardown.py for tasks to queue
[2024-09-17T06:49:13.377-0300] {logging_mixin.py:188} INFO - [2024-09-17T06:49:13.377-0300] {dagbag.py:545} INFO - Filling up the DagBag from /home/jezandre/airflow/airflow_env/lib/python3.11/site-packages/airflow/example_dags/example_setup_teardown.py
[2024-09-17T06:49:13.389-0300] {processor.py:840} INFO - DAG(s) 'example_setup_teardown' retrieved from /home/jezandre/airflow/airflow_env/lib/python3.11/site-packages/airflow/example_dags/example_setup_teardown.py
[2024-09-17T06:49:13.423-0300] {logging_mixin.py:188} INFO - [2024-09-17T06:49:13.423-0300] {dag.py:3089} INFO - Sync 1 DAGs
[2024-09-17T06:49:13.455-0300] {logging_mixin.py:188} INFO - [2024-09-17T06:49:13.454-0300] {dag.py:3947} INFO - Setting next_dagrun for example_setup_teardown to 2024-09-16 00:00:00+00:00, run_after=2024-09-17 00:00:00+00:00
[2024-09-17T06:49:13.483-0300] {processor.py:183} INFO - Processing /home/jezandre/airflow/airflow_env/lib/python3.11/site-packages/airflow/example_dags/example_setup_teardown.py took 0.123 seconds
[2024-09-17T06:49:44.260-0300] {processor.py:161} INFO - Started process (PID=32354) to work on /home/jezandre/airflow/airflow_env/lib/python3.11/site-packages/airflow/example_dags/example_setup_teardown.py
[2024-09-17T06:49:44.265-0300] {processor.py:830} INFO - Processing file /home/jezandre/airflow/airflow_env/lib/python3.11/site-packages/airflow/example_dags/example_setup_teardown.py for tasks to queue
[2024-09-17T06:49:44.267-0300] {logging_mixin.py:188} INFO - [2024-09-17T06:49:44.266-0300] {dagbag.py:545} INFO - Filling up the DagBag from /home/jezandre/airflow/airflow_env/lib/python3.11/site-packages/airflow/example_dags/example_setup_teardown.py
[2024-09-17T06:49:44.277-0300] {processor.py:840} INFO - DAG(s) 'example_setup_teardown' retrieved from /home/jezandre/airflow/airflow_env/lib/python3.11/site-packages/airflow/example_dags/example_setup_teardown.py
[2024-09-17T06:49:44.307-0300] {logging_mixin.py:188} INFO - [2024-09-17T06:49:44.306-0300] {dag.py:3089} INFO - Sync 1 DAGs
[2024-09-17T06:49:44.333-0300] {logging_mixin.py:188} INFO - [2024-09-17T06:49:44.333-0300] {dag.py:3947} INFO - Setting next_dagrun for example_setup_teardown to 2024-09-16 00:00:00+00:00, run_after=2024-09-17 00:00:00+00:00
[2024-09-17T06:49:44.359-0300] {processor.py:183} INFO - Processing /home/jezandre/airflow/airflow_env/lib/python3.11/site-packages/airflow/example_dags/example_setup_teardown.py took 0.112 seconds
[2024-09-17T06:50:14.962-0300] {processor.py:161} INFO - Started process (PID=32607) to work on /home/jezandre/airflow/airflow_env/lib/python3.11/site-packages/airflow/example_dags/example_setup_teardown.py
[2024-09-17T06:50:14.967-0300] {processor.py:830} INFO - Processing file /home/jezandre/airflow/airflow_env/lib/python3.11/site-packages/airflow/example_dags/example_setup_teardown.py for tasks to queue
[2024-09-17T06:50:14.969-0300] {logging_mixin.py:188} INFO - [2024-09-17T06:50:14.969-0300] {dagbag.py:545} INFO - Filling up the DagBag from /home/jezandre/airflow/airflow_env/lib/python3.11/site-packages/airflow/example_dags/example_setup_teardown.py
[2024-09-17T06:50:14.976-0300] {processor.py:840} INFO - DAG(s) 'example_setup_teardown' retrieved from /home/jezandre/airflow/airflow_env/lib/python3.11/site-packages/airflow/example_dags/example_setup_teardown.py
[2024-09-17T06:50:15.026-0300] {logging_mixin.py:188} INFO - [2024-09-17T06:50:15.025-0300] {dag.py:3089} INFO - Sync 1 DAGs
[2024-09-17T06:50:15.120-0300] {logging_mixin.py:188} INFO - [2024-09-17T06:50:15.119-0300] {dag.py:3947} INFO - Setting next_dagrun for example_setup_teardown to 2024-09-16 00:00:00+00:00, run_after=2024-09-17 00:00:00+00:00
[2024-09-17T06:50:15.164-0300] {processor.py:183} INFO - Processing /home/jezandre/airflow/airflow_env/lib/python3.11/site-packages/airflow/example_dags/example_setup_teardown.py took 0.215 seconds
[2024-09-17T06:50:45.655-0300] {processor.py:161} INFO - Started process (PID=32892) to work on /home/jezandre/airflow/airflow_env/lib/python3.11/site-packages/airflow/example_dags/example_setup_teardown.py
[2024-09-17T06:50:45.656-0300] {processor.py:830} INFO - Processing file /home/jezandre/airflow/airflow_env/lib/python3.11/site-packages/airflow/example_dags/example_setup_teardown.py for tasks to queue
[2024-09-17T06:50:45.658-0300] {logging_mixin.py:188} INFO - [2024-09-17T06:50:45.658-0300] {dagbag.py:545} INFO - Filling up the DagBag from /home/jezandre/airflow/airflow_env/lib/python3.11/site-packages/airflow/example_dags/example_setup_teardown.py
[2024-09-17T06:50:45.668-0300] {processor.py:840} INFO - DAG(s) 'example_setup_teardown' retrieved from /home/jezandre/airflow/airflow_env/lib/python3.11/site-packages/airflow/example_dags/example_setup_teardown.py
[2024-09-17T06:50:45.701-0300] {logging_mixin.py:188} INFO - [2024-09-17T06:50:45.701-0300] {dag.py:3089} INFO - Sync 1 DAGs
[2024-09-17T06:50:45.743-0300] {logging_mixin.py:188} INFO - [2024-09-17T06:50:45.743-0300] {dag.py:3947} INFO - Setting next_dagrun for example_setup_teardown to 2024-09-16 00:00:00+00:00, run_after=2024-09-17 00:00:00+00:00
[2024-09-17T06:50:45.781-0300] {processor.py:183} INFO - Processing /home/jezandre/airflow/airflow_env/lib/python3.11/site-packages/airflow/example_dags/example_setup_teardown.py took 0.136 seconds
[2024-09-17T06:51:15.985-0300] {processor.py:161} INFO - Started process (PID=33131) to work on /home/jezandre/airflow/airflow_env/lib/python3.11/site-packages/airflow/example_dags/example_setup_teardown.py
[2024-09-17T06:51:15.987-0300] {processor.py:830} INFO - Processing file /home/jezandre/airflow/airflow_env/lib/python3.11/site-packages/airflow/example_dags/example_setup_teardown.py for tasks to queue
[2024-09-17T06:51:15.988-0300] {logging_mixin.py:188} INFO - [2024-09-17T06:51:15.988-0300] {dagbag.py:545} INFO - Filling up the DagBag from /home/jezandre/airflow/airflow_env/lib/python3.11/site-packages/airflow/example_dags/example_setup_teardown.py
[2024-09-17T06:51:15.995-0300] {processor.py:840} INFO - DAG(s) 'example_setup_teardown' retrieved from /home/jezandre/airflow/airflow_env/lib/python3.11/site-packages/airflow/example_dags/example_setup_teardown.py
[2024-09-17T06:51:16.030-0300] {logging_mixin.py:188} INFO - [2024-09-17T06:51:16.030-0300] {dag.py:3089} INFO - Sync 1 DAGs
[2024-09-17T06:51:16.070-0300] {logging_mixin.py:188} INFO - [2024-09-17T06:51:16.069-0300] {dag.py:3947} INFO - Setting next_dagrun for example_setup_teardown to 2024-09-16 00:00:00+00:00, run_after=2024-09-17 00:00:00+00:00
[2024-09-17T06:51:16.097-0300] {processor.py:183} INFO - Processing /home/jezandre/airflow/airflow_env/lib/python3.11/site-packages/airflow/example_dags/example_setup_teardown.py took 0.123 seconds
[2024-09-17T06:51:46.132-0300] {processor.py:161} INFO - Started process (PID=33651) to work on /home/jezandre/airflow/airflow_env/lib/python3.11/site-packages/airflow/example_dags/example_setup_teardown.py
[2024-09-17T06:51:46.137-0300] {processor.py:830} INFO - Processing file /home/jezandre/airflow/airflow_env/lib/python3.11/site-packages/airflow/example_dags/example_setup_teardown.py for tasks to queue
[2024-09-17T06:51:46.139-0300] {logging_mixin.py:188} INFO - [2024-09-17T06:51:46.138-0300] {dagbag.py:545} INFO - Filling up the DagBag from /home/jezandre/airflow/airflow_env/lib/python3.11/site-packages/airflow/example_dags/example_setup_teardown.py
[2024-09-17T06:51:46.145-0300] {processor.py:840} INFO - DAG(s) 'example_setup_teardown' retrieved from /home/jezandre/airflow/airflow_env/lib/python3.11/site-packages/airflow/example_dags/example_setup_teardown.py
[2024-09-17T06:51:46.174-0300] {logging_mixin.py:188} INFO - [2024-09-17T06:51:46.174-0300] {dag.py:3089} INFO - Sync 1 DAGs
[2024-09-17T06:51:46.204-0300] {logging_mixin.py:188} INFO - [2024-09-17T06:51:46.203-0300] {dag.py:3947} INFO - Setting next_dagrun for example_setup_teardown to 2024-09-16 00:00:00+00:00, run_after=2024-09-17 00:00:00+00:00
[2024-09-17T06:51:46.232-0300] {processor.py:183} INFO - Processing /home/jezandre/airflow/airflow_env/lib/python3.11/site-packages/airflow/example_dags/example_setup_teardown.py took 0.109 seconds
[2024-09-17T06:52:16.597-0300] {processor.py:161} INFO - Started process (PID=34073) to work on /home/jezandre/airflow/airflow_env/lib/python3.11/site-packages/airflow/example_dags/example_setup_teardown.py
[2024-09-17T06:52:16.599-0300] {processor.py:830} INFO - Processing file /home/jezandre/airflow/airflow_env/lib/python3.11/site-packages/airflow/example_dags/example_setup_teardown.py for tasks to queue
[2024-09-17T06:52:16.601-0300] {logging_mixin.py:188} INFO - [2024-09-17T06:52:16.601-0300] {dagbag.py:545} INFO - Filling up the DagBag from /home/jezandre/airflow/airflow_env/lib/python3.11/site-packages/airflow/example_dags/example_setup_teardown.py
[2024-09-17T06:52:16.613-0300] {processor.py:840} INFO - DAG(s) 'example_setup_teardown' retrieved from /home/jezandre/airflow/airflow_env/lib/python3.11/site-packages/airflow/example_dags/example_setup_teardown.py
[2024-09-17T06:52:16.760-0300] {logging_mixin.py:188} INFO - [2024-09-17T06:52:16.760-0300] {dag.py:3089} INFO - Sync 1 DAGs
[2024-09-17T06:52:16.790-0300] {logging_mixin.py:188} INFO - [2024-09-17T06:52:16.790-0300] {dag.py:3947} INFO - Setting next_dagrun for example_setup_teardown to 2024-09-16 00:00:00+00:00, run_after=2024-09-17 00:00:00+00:00
[2024-09-17T06:52:16.821-0300] {processor.py:183} INFO - Processing /home/jezandre/airflow/airflow_env/lib/python3.11/site-packages/airflow/example_dags/example_setup_teardown.py took 0.235 seconds
[2024-09-17T06:52:47.022-0300] {processor.py:161} INFO - Started process (PID=34564) to work on /home/jezandre/airflow/airflow_env/lib/python3.11/site-packages/airflow/example_dags/example_setup_teardown.py
[2024-09-17T06:52:47.026-0300] {processor.py:830} INFO - Processing file /home/jezandre/airflow/airflow_env/lib/python3.11/site-packages/airflow/example_dags/example_setup_teardown.py for tasks to queue
[2024-09-17T06:52:47.029-0300] {logging_mixin.py:188} INFO - [2024-09-17T06:52:47.028-0300] {dagbag.py:545} INFO - Filling up the DagBag from /home/jezandre/airflow/airflow_env/lib/python3.11/site-packages/airflow/example_dags/example_setup_teardown.py
[2024-09-17T06:52:47.041-0300] {processor.py:840} INFO - DAG(s) 'example_setup_teardown' retrieved from /home/jezandre/airflow/airflow_env/lib/python3.11/site-packages/airflow/example_dags/example_setup_teardown.py
[2024-09-17T06:52:47.089-0300] {logging_mixin.py:188} INFO - [2024-09-17T06:52:47.089-0300] {dag.py:3089} INFO - Sync 1 DAGs
[2024-09-17T06:52:47.127-0300] {logging_mixin.py:188} INFO - [2024-09-17T06:52:47.126-0300] {dag.py:3947} INFO - Setting next_dagrun for example_setup_teardown to 2024-09-16 00:00:00+00:00, run_after=2024-09-17 00:00:00+00:00
[2024-09-17T06:52:47.175-0300] {processor.py:183} INFO - Processing /home/jezandre/airflow/airflow_env/lib/python3.11/site-packages/airflow/example_dags/example_setup_teardown.py took 0.165 seconds
[2024-09-17T06:53:17.913-0300] {processor.py:161} INFO - Started process (PID=34810) to work on /home/jezandre/airflow/airflow_env/lib/python3.11/site-packages/airflow/example_dags/example_setup_teardown.py
[2024-09-17T06:53:17.915-0300] {processor.py:830} INFO - Processing file /home/jezandre/airflow/airflow_env/lib/python3.11/site-packages/airflow/example_dags/example_setup_teardown.py for tasks to queue
[2024-09-17T06:53:17.916-0300] {logging_mixin.py:188} INFO - [2024-09-17T06:53:17.916-0300] {dagbag.py:545} INFO - Filling up the DagBag from /home/jezandre/airflow/airflow_env/lib/python3.11/site-packages/airflow/example_dags/example_setup_teardown.py
[2024-09-17T06:53:17.922-0300] {processor.py:840} INFO - DAG(s) 'example_setup_teardown' retrieved from /home/jezandre/airflow/airflow_env/lib/python3.11/site-packages/airflow/example_dags/example_setup_teardown.py
[2024-09-17T06:53:17.952-0300] {logging_mixin.py:188} INFO - [2024-09-17T06:53:17.951-0300] {dag.py:3089} INFO - Sync 1 DAGs
[2024-09-17T06:53:17.980-0300] {logging_mixin.py:188} INFO - [2024-09-17T06:53:17.979-0300] {dag.py:3947} INFO - Setting next_dagrun for example_setup_teardown to 2024-09-16 00:00:00+00:00, run_after=2024-09-17 00:00:00+00:00
[2024-09-17T06:53:18.005-0300] {processor.py:183} INFO - Processing /home/jezandre/airflow/airflow_env/lib/python3.11/site-packages/airflow/example_dags/example_setup_teardown.py took 0.102 seconds
[2024-09-17T06:53:48.506-0300] {processor.py:161} INFO - Started process (PID=35127) to work on /home/jezandre/airflow/airflow_env/lib/python3.11/site-packages/airflow/example_dags/example_setup_teardown.py
[2024-09-17T06:53:48.508-0300] {processor.py:830} INFO - Processing file /home/jezandre/airflow/airflow_env/lib/python3.11/site-packages/airflow/example_dags/example_setup_teardown.py for tasks to queue
[2024-09-17T06:53:48.510-0300] {logging_mixin.py:188} INFO - [2024-09-17T06:53:48.509-0300] {dagbag.py:545} INFO - Filling up the DagBag from /home/jezandre/airflow/airflow_env/lib/python3.11/site-packages/airflow/example_dags/example_setup_teardown.py
[2024-09-17T06:53:48.517-0300] {processor.py:840} INFO - DAG(s) 'example_setup_teardown' retrieved from /home/jezandre/airflow/airflow_env/lib/python3.11/site-packages/airflow/example_dags/example_setup_teardown.py
[2024-09-17T06:53:48.547-0300] {logging_mixin.py:188} INFO - [2024-09-17T06:53:48.547-0300] {dag.py:3089} INFO - Sync 1 DAGs
[2024-09-17T06:53:48.574-0300] {logging_mixin.py:188} INFO - [2024-09-17T06:53:48.574-0300] {dag.py:3947} INFO - Setting next_dagrun for example_setup_teardown to 2024-09-16 00:00:00+00:00, run_after=2024-09-17 00:00:00+00:00
[2024-09-17T06:53:48.601-0300] {processor.py:183} INFO - Processing /home/jezandre/airflow/airflow_env/lib/python3.11/site-packages/airflow/example_dags/example_setup_teardown.py took 0.109 seconds
[2024-09-17T06:54:19.334-0300] {processor.py:161} INFO - Started process (PID=35362) to work on /home/jezandre/airflow/airflow_env/lib/python3.11/site-packages/airflow/example_dags/example_setup_teardown.py
[2024-09-17T06:54:19.337-0300] {processor.py:830} INFO - Processing file /home/jezandre/airflow/airflow_env/lib/python3.11/site-packages/airflow/example_dags/example_setup_teardown.py for tasks to queue
[2024-09-17T06:54:19.339-0300] {logging_mixin.py:188} INFO - [2024-09-17T06:54:19.338-0300] {dagbag.py:545} INFO - Filling up the DagBag from /home/jezandre/airflow/airflow_env/lib/python3.11/site-packages/airflow/example_dags/example_setup_teardown.py
[2024-09-17T06:54:19.350-0300] {processor.py:840} INFO - DAG(s) 'example_setup_teardown' retrieved from /home/jezandre/airflow/airflow_env/lib/python3.11/site-packages/airflow/example_dags/example_setup_teardown.py
[2024-09-17T06:54:19.388-0300] {logging_mixin.py:188} INFO - [2024-09-17T06:54:19.388-0300] {dag.py:3089} INFO - Sync 1 DAGs
[2024-09-17T06:54:19.424-0300] {logging_mixin.py:188} INFO - [2024-09-17T06:54:19.423-0300] {dag.py:3947} INFO - Setting next_dagrun for example_setup_teardown to 2024-09-16 00:00:00+00:00, run_after=2024-09-17 00:00:00+00:00
[2024-09-17T06:54:19.458-0300] {processor.py:183} INFO - Processing /home/jezandre/airflow/airflow_env/lib/python3.11/site-packages/airflow/example_dags/example_setup_teardown.py took 0.141 seconds
[2024-09-17T06:54:50.030-0300] {processor.py:161} INFO - Started process (PID=35598) to work on /home/jezandre/airflow/airflow_env/lib/python3.11/site-packages/airflow/example_dags/example_setup_teardown.py
[2024-09-17T06:54:50.035-0300] {processor.py:830} INFO - Processing file /home/jezandre/airflow/airflow_env/lib/python3.11/site-packages/airflow/example_dags/example_setup_teardown.py for tasks to queue
[2024-09-17T06:54:50.037-0300] {logging_mixin.py:188} INFO - [2024-09-17T06:54:50.037-0300] {dagbag.py:545} INFO - Filling up the DagBag from /home/jezandre/airflow/airflow_env/lib/python3.11/site-packages/airflow/example_dags/example_setup_teardown.py
[2024-09-17T06:54:50.045-0300] {processor.py:840} INFO - DAG(s) 'example_setup_teardown' retrieved from /home/jezandre/airflow/airflow_env/lib/python3.11/site-packages/airflow/example_dags/example_setup_teardown.py
[2024-09-17T06:54:50.079-0300] {logging_mixin.py:188} INFO - [2024-09-17T06:54:50.079-0300] {dag.py:3089} INFO - Sync 1 DAGs
[2024-09-17T06:54:50.108-0300] {logging_mixin.py:188} INFO - [2024-09-17T06:54:50.107-0300] {dag.py:3947} INFO - Setting next_dagrun for example_setup_teardown to 2024-09-16 00:00:00+00:00, run_after=2024-09-17 00:00:00+00:00
[2024-09-17T06:54:50.148-0300] {processor.py:183} INFO - Processing /home/jezandre/airflow/airflow_env/lib/python3.11/site-packages/airflow/example_dags/example_setup_teardown.py took 0.131 seconds
