[2024-09-17T06:27:48.311-0300] {processor.py:161} INFO - Started process (PID=20157) to work on /home/jezandre/airflow/airflow_env/lib/python3.11/site-packages/airflow/example_dags/example_short_circuit_decorator.py
[2024-09-17T06:27:48.312-0300] {processor.py:830} INFO - Processing file /home/jezandre/airflow/airflow_env/lib/python3.11/site-packages/airflow/example_dags/example_short_circuit_decorator.py for tasks to queue
[2024-09-17T06:27:48.313-0300] {logging_mixin.py:188} INFO - [2024-09-17T06:27:48.313-0300] {dagbag.py:545} INFO - Filling up the DagBag from /home/jezandre/airflow/airflow_env/lib/python3.11/site-packages/airflow/example_dags/example_short_circuit_decorator.py
[2024-09-17T06:27:48.322-0300] {processor.py:840} INFO - DAG(s) 'example_short_circuit_decorator' retrieved from /home/jezandre/airflow/airflow_env/lib/python3.11/site-packages/airflow/example_dags/example_short_circuit_decorator.py
[2024-09-17T06:27:48.527-0300] {logging_mixin.py:188} INFO - [2024-09-17T06:27:48.526-0300] {dag.py:3089} INFO - Sync 1 DAGs
[2024-09-17T06:27:48.543-0300] {logging_mixin.py:188} INFO - [2024-09-17T06:27:48.543-0300] {dag.py:3947} INFO - Setting next_dagrun for example_short_circuit_decorator to 2024-09-16 00:00:00+00:00, run_after=2024-09-17 00:00:00+00:00
[2024-09-17T06:27:48.578-0300] {processor.py:183} INFO - Processing /home/jezandre/airflow/airflow_env/lib/python3.11/site-packages/airflow/example_dags/example_short_circuit_decorator.py took 0.273 seconds
[2024-09-17T06:28:49.376-0300] {processor.py:161} INFO - Started process (PID=20436) to work on /home/jezandre/airflow/airflow_env/lib/python3.11/site-packages/airflow/example_dags/example_short_circuit_decorator.py
[2024-09-17T06:28:49.378-0300] {processor.py:830} INFO - Processing file /home/jezandre/airflow/airflow_env/lib/python3.11/site-packages/airflow/example_dags/example_short_circuit_decorator.py for tasks to queue
[2024-09-17T06:28:49.379-0300] {logging_mixin.py:188} INFO - [2024-09-17T06:28:49.379-0300] {dagbag.py:545} INFO - Filling up the DagBag from /home/jezandre/airflow/airflow_env/lib/python3.11/site-packages/airflow/example_dags/example_short_circuit_decorator.py
[2024-09-17T06:28:49.388-0300] {processor.py:840} INFO - DAG(s) 'example_short_circuit_decorator' retrieved from /home/jezandre/airflow/airflow_env/lib/python3.11/site-packages/airflow/example_dags/example_short_circuit_decorator.py
[2024-09-17T06:28:49.406-0300] {logging_mixin.py:188} INFO - [2024-09-17T06:28:49.406-0300] {dag.py:3089} INFO - Sync 1 DAGs
[2024-09-17T06:28:49.430-0300] {logging_mixin.py:188} INFO - [2024-09-17T06:28:49.429-0300] {dag.py:3947} INFO - Setting next_dagrun for example_short_circuit_decorator to 2024-09-16 00:00:00+00:00, run_after=2024-09-17 00:00:00+00:00
[2024-09-17T06:28:49.459-0300] {processor.py:183} INFO - Processing /home/jezandre/airflow/airflow_env/lib/python3.11/site-packages/airflow/example_dags/example_short_circuit_decorator.py took 0.090 seconds
[2024-09-17T06:29:54.729-0300] {processor.py:161} INFO - Started process (PID=21096) to work on /home/jezandre/airflow/airflow_env/lib/python3.11/site-packages/airflow/example_dags/example_short_circuit_decorator.py
[2024-09-17T06:29:54.731-0300] {processor.py:830} INFO - Processing file /home/jezandre/airflow/airflow_env/lib/python3.11/site-packages/airflow/example_dags/example_short_circuit_decorator.py for tasks to queue
[2024-09-17T06:29:54.733-0300] {logging_mixin.py:188} INFO - [2024-09-17T06:29:54.733-0300] {dagbag.py:545} INFO - Filling up the DagBag from /home/jezandre/airflow/airflow_env/lib/python3.11/site-packages/airflow/example_dags/example_short_circuit_decorator.py
[2024-09-17T06:29:54.748-0300] {processor.py:840} INFO - DAG(s) 'example_short_circuit_decorator' retrieved from /home/jezandre/airflow/airflow_env/lib/python3.11/site-packages/airflow/example_dags/example_short_circuit_decorator.py
[2024-09-17T06:29:55.017-0300] {logging_mixin.py:188} INFO - [2024-09-17T06:29:55.017-0300] {dag.py:3089} INFO - Sync 1 DAGs
[2024-09-17T06:29:55.042-0300] {logging_mixin.py:188} INFO - [2024-09-17T06:29:55.042-0300] {dag.py:3947} INFO - Setting next_dagrun for example_short_circuit_decorator to 2024-09-16 00:00:00+00:00, run_after=2024-09-17 00:00:00+00:00
[2024-09-17T06:29:55.082-0300] {processor.py:183} INFO - Processing /home/jezandre/airflow/airflow_env/lib/python3.11/site-packages/airflow/example_dags/example_short_circuit_decorator.py took 0.359 seconds
[2024-09-17T06:30:25.557-0300] {processor.py:161} INFO - Started process (PID=21391) to work on /home/jezandre/airflow/airflow_env/lib/python3.11/site-packages/airflow/example_dags/example_short_circuit_decorator.py
[2024-09-17T06:30:25.559-0300] {processor.py:830} INFO - Processing file /home/jezandre/airflow/airflow_env/lib/python3.11/site-packages/airflow/example_dags/example_short_circuit_decorator.py for tasks to queue
[2024-09-17T06:30:25.560-0300] {logging_mixin.py:188} INFO - [2024-09-17T06:30:25.560-0300] {dagbag.py:545} INFO - Filling up the DagBag from /home/jezandre/airflow/airflow_env/lib/python3.11/site-packages/airflow/example_dags/example_short_circuit_decorator.py
[2024-09-17T06:30:25.570-0300] {processor.py:840} INFO - DAG(s) 'example_short_circuit_decorator' retrieved from /home/jezandre/airflow/airflow_env/lib/python3.11/site-packages/airflow/example_dags/example_short_circuit_decorator.py
[2024-09-17T06:30:25.600-0300] {logging_mixin.py:188} INFO - [2024-09-17T06:30:25.600-0300] {dag.py:3089} INFO - Sync 1 DAGs
[2024-09-17T06:30:25.624-0300] {logging_mixin.py:188} INFO - [2024-09-17T06:30:25.624-0300] {dag.py:3947} INFO - Setting next_dagrun for example_short_circuit_decorator to 2024-09-16 00:00:00+00:00, run_after=2024-09-17 00:00:00+00:00
[2024-09-17T06:30:25.651-0300] {processor.py:183} INFO - Processing /home/jezandre/airflow/airflow_env/lib/python3.11/site-packages/airflow/example_dags/example_short_circuit_decorator.py took 0.100 seconds
[2024-09-17T06:30:55.906-0300] {processor.py:161} INFO - Started process (PID=21594) to work on /home/jezandre/airflow/airflow_env/lib/python3.11/site-packages/airflow/example_dags/example_short_circuit_decorator.py
[2024-09-17T06:30:55.908-0300] {processor.py:830} INFO - Processing file /home/jezandre/airflow/airflow_env/lib/python3.11/site-packages/airflow/example_dags/example_short_circuit_decorator.py for tasks to queue
[2024-09-17T06:30:55.910-0300] {logging_mixin.py:188} INFO - [2024-09-17T06:30:55.910-0300] {dagbag.py:545} INFO - Filling up the DagBag from /home/jezandre/airflow/airflow_env/lib/python3.11/site-packages/airflow/example_dags/example_short_circuit_decorator.py
[2024-09-17T06:30:55.922-0300] {processor.py:840} INFO - DAG(s) 'example_short_circuit_decorator' retrieved from /home/jezandre/airflow/airflow_env/lib/python3.11/site-packages/airflow/example_dags/example_short_circuit_decorator.py
[2024-09-17T06:30:55.959-0300] {logging_mixin.py:188} INFO - [2024-09-17T06:30:55.959-0300] {dag.py:3089} INFO - Sync 1 DAGs
[2024-09-17T06:30:55.988-0300] {logging_mixin.py:188} INFO - [2024-09-17T06:30:55.988-0300] {dag.py:3947} INFO - Setting next_dagrun for example_short_circuit_decorator to 2024-09-16 00:00:00+00:00, run_after=2024-09-17 00:00:00+00:00
[2024-09-17T06:30:56.017-0300] {processor.py:183} INFO - Processing /home/jezandre/airflow/airflow_env/lib/python3.11/site-packages/airflow/example_dags/example_short_circuit_decorator.py took 0.119 seconds
[2024-09-17T06:31:26.302-0300] {processor.py:161} INFO - Started process (PID=21797) to work on /home/jezandre/airflow/airflow_env/lib/python3.11/site-packages/airflow/example_dags/example_short_circuit_decorator.py
[2024-09-17T06:31:26.303-0300] {processor.py:830} INFO - Processing file /home/jezandre/airflow/airflow_env/lib/python3.11/site-packages/airflow/example_dags/example_short_circuit_decorator.py for tasks to queue
[2024-09-17T06:31:26.306-0300] {logging_mixin.py:188} INFO - [2024-09-17T06:31:26.306-0300] {dagbag.py:545} INFO - Filling up the DagBag from /home/jezandre/airflow/airflow_env/lib/python3.11/site-packages/airflow/example_dags/example_short_circuit_decorator.py
[2024-09-17T06:31:26.316-0300] {processor.py:840} INFO - DAG(s) 'example_short_circuit_decorator' retrieved from /home/jezandre/airflow/airflow_env/lib/python3.11/site-packages/airflow/example_dags/example_short_circuit_decorator.py
[2024-09-17T06:31:26.351-0300] {logging_mixin.py:188} INFO - [2024-09-17T06:31:26.351-0300] {dag.py:3089} INFO - Sync 1 DAGs
[2024-09-17T06:31:26.385-0300] {logging_mixin.py:188} INFO - [2024-09-17T06:31:26.384-0300] {dag.py:3947} INFO - Setting next_dagrun for example_short_circuit_decorator to 2024-09-16 00:00:00+00:00, run_after=2024-09-17 00:00:00+00:00
[2024-09-17T06:31:26.414-0300] {processor.py:183} INFO - Processing /home/jezandre/airflow/airflow_env/lib/python3.11/site-packages/airflow/example_dags/example_short_circuit_decorator.py took 0.119 seconds
[2024-09-17T06:31:56.778-0300] {processor.py:161} INFO - Started process (PID=22087) to work on /home/jezandre/airflow/airflow_env/lib/python3.11/site-packages/airflow/example_dags/example_short_circuit_decorator.py
[2024-09-17T06:31:56.779-0300] {processor.py:830} INFO - Processing file /home/jezandre/airflow/airflow_env/lib/python3.11/site-packages/airflow/example_dags/example_short_circuit_decorator.py for tasks to queue
[2024-09-17T06:31:56.782-0300] {logging_mixin.py:188} INFO - [2024-09-17T06:31:56.782-0300] {dagbag.py:545} INFO - Filling up the DagBag from /home/jezandre/airflow/airflow_env/lib/python3.11/site-packages/airflow/example_dags/example_short_circuit_decorator.py
[2024-09-17T06:31:56.791-0300] {processor.py:840} INFO - DAG(s) 'example_short_circuit_decorator' retrieved from /home/jezandre/airflow/airflow_env/lib/python3.11/site-packages/airflow/example_dags/example_short_circuit_decorator.py
[2024-09-17T06:31:56.823-0300] {logging_mixin.py:188} INFO - [2024-09-17T06:31:56.823-0300] {dag.py:3089} INFO - Sync 1 DAGs
[2024-09-17T06:31:56.852-0300] {logging_mixin.py:188} INFO - [2024-09-17T06:31:56.852-0300] {dag.py:3947} INFO - Setting next_dagrun for example_short_circuit_decorator to 2024-09-16 00:00:00+00:00, run_after=2024-09-17 00:00:00+00:00
[2024-09-17T06:31:56.877-0300] {processor.py:183} INFO - Processing /home/jezandre/airflow/airflow_env/lib/python3.11/site-packages/airflow/example_dags/example_short_circuit_decorator.py took 0.107 seconds
[2024-09-17T06:32:27.130-0300] {processor.py:161} INFO - Started process (PID=22566) to work on /home/jezandre/airflow/airflow_env/lib/python3.11/site-packages/airflow/example_dags/example_short_circuit_decorator.py
[2024-09-17T06:32:27.132-0300] {processor.py:830} INFO - Processing file /home/jezandre/airflow/airflow_env/lib/python3.11/site-packages/airflow/example_dags/example_short_circuit_decorator.py for tasks to queue
[2024-09-17T06:32:27.133-0300] {logging_mixin.py:188} INFO - [2024-09-17T06:32:27.133-0300] {dagbag.py:545} INFO - Filling up the DagBag from /home/jezandre/airflow/airflow_env/lib/python3.11/site-packages/airflow/example_dags/example_short_circuit_decorator.py
[2024-09-17T06:32:27.143-0300] {processor.py:840} INFO - DAG(s) 'example_short_circuit_decorator' retrieved from /home/jezandre/airflow/airflow_env/lib/python3.11/site-packages/airflow/example_dags/example_short_circuit_decorator.py
[2024-09-17T06:32:27.283-0300] {logging_mixin.py:188} INFO - [2024-09-17T06:32:27.282-0300] {dag.py:3089} INFO - Sync 1 DAGs
[2024-09-17T06:32:27.310-0300] {logging_mixin.py:188} INFO - [2024-09-17T06:32:27.310-0300] {dag.py:3947} INFO - Setting next_dagrun for example_short_circuit_decorator to 2024-09-16 00:00:00+00:00, run_after=2024-09-17 00:00:00+00:00
[2024-09-17T06:32:27.338-0300] {processor.py:183} INFO - Processing /home/jezandre/airflow/airflow_env/lib/python3.11/site-packages/airflow/example_dags/example_short_circuit_decorator.py took 0.215 seconds
[2024-09-17T06:32:57.432-0300] {processor.py:161} INFO - Started process (PID=22927) to work on /home/jezandre/airflow/airflow_env/lib/python3.11/site-packages/airflow/example_dags/example_short_circuit_decorator.py
[2024-09-17T06:32:57.433-0300] {processor.py:830} INFO - Processing file /home/jezandre/airflow/airflow_env/lib/python3.11/site-packages/airflow/example_dags/example_short_circuit_decorator.py for tasks to queue
[2024-09-17T06:32:57.436-0300] {logging_mixin.py:188} INFO - [2024-09-17T06:32:57.435-0300] {dagbag.py:545} INFO - Filling up the DagBag from /home/jezandre/airflow/airflow_env/lib/python3.11/site-packages/airflow/example_dags/example_short_circuit_decorator.py
[2024-09-17T06:32:57.448-0300] {processor.py:840} INFO - DAG(s) 'example_short_circuit_decorator' retrieved from /home/jezandre/airflow/airflow_env/lib/python3.11/site-packages/airflow/example_dags/example_short_circuit_decorator.py
[2024-09-17T06:32:57.480-0300] {logging_mixin.py:188} INFO - [2024-09-17T06:32:57.480-0300] {dag.py:3089} INFO - Sync 1 DAGs
[2024-09-17T06:32:57.507-0300] {logging_mixin.py:188} INFO - [2024-09-17T06:32:57.506-0300] {dag.py:3947} INFO - Setting next_dagrun for example_short_circuit_decorator to 2024-09-16 00:00:00+00:00, run_after=2024-09-17 00:00:00+00:00
[2024-09-17T06:32:57.534-0300] {processor.py:183} INFO - Processing /home/jezandre/airflow/airflow_env/lib/python3.11/site-packages/airflow/example_dags/example_short_circuit_decorator.py took 0.108 seconds
[2024-09-17T06:33:27.874-0300] {processor.py:161} INFO - Started process (PID=23156) to work on /home/jezandre/airflow/airflow_env/lib/python3.11/site-packages/airflow/example_dags/example_short_circuit_decorator.py
[2024-09-17T06:33:27.875-0300] {processor.py:830} INFO - Processing file /home/jezandre/airflow/airflow_env/lib/python3.11/site-packages/airflow/example_dags/example_short_circuit_decorator.py for tasks to queue
[2024-09-17T06:33:27.878-0300] {logging_mixin.py:188} INFO - [2024-09-17T06:33:27.877-0300] {dagbag.py:545} INFO - Filling up the DagBag from /home/jezandre/airflow/airflow_env/lib/python3.11/site-packages/airflow/example_dags/example_short_circuit_decorator.py
[2024-09-17T06:33:27.892-0300] {processor.py:840} INFO - DAG(s) 'example_short_circuit_decorator' retrieved from /home/jezandre/airflow/airflow_env/lib/python3.11/site-packages/airflow/example_dags/example_short_circuit_decorator.py
[2024-09-17T06:33:27.932-0300] {logging_mixin.py:188} INFO - [2024-09-17T06:33:27.932-0300] {dag.py:3089} INFO - Sync 1 DAGs
[2024-09-17T06:33:27.971-0300] {logging_mixin.py:188} INFO - [2024-09-17T06:33:27.971-0300] {dag.py:3947} INFO - Setting next_dagrun for example_short_circuit_decorator to 2024-09-16 00:00:00+00:00, run_after=2024-09-17 00:00:00+00:00
[2024-09-17T06:33:27.999-0300] {processor.py:183} INFO - Processing /home/jezandre/airflow/airflow_env/lib/python3.11/site-packages/airflow/example_dags/example_short_circuit_decorator.py took 0.135 seconds
[2024-09-17T06:33:58.535-0300] {processor.py:161} INFO - Started process (PID=23433) to work on /home/jezandre/airflow/airflow_env/lib/python3.11/site-packages/airflow/example_dags/example_short_circuit_decorator.py
[2024-09-17T06:33:58.537-0300] {processor.py:830} INFO - Processing file /home/jezandre/airflow/airflow_env/lib/python3.11/site-packages/airflow/example_dags/example_short_circuit_decorator.py for tasks to queue
[2024-09-17T06:33:58.539-0300] {logging_mixin.py:188} INFO - [2024-09-17T06:33:58.539-0300] {dagbag.py:545} INFO - Filling up the DagBag from /home/jezandre/airflow/airflow_env/lib/python3.11/site-packages/airflow/example_dags/example_short_circuit_decorator.py
[2024-09-17T06:33:58.552-0300] {processor.py:840} INFO - DAG(s) 'example_short_circuit_decorator' retrieved from /home/jezandre/airflow/airflow_env/lib/python3.11/site-packages/airflow/example_dags/example_short_circuit_decorator.py
[2024-09-17T06:33:58.585-0300] {logging_mixin.py:188} INFO - [2024-09-17T06:33:58.584-0300] {dag.py:3089} INFO - Sync 1 DAGs
[2024-09-17T06:33:58.610-0300] {logging_mixin.py:188} INFO - [2024-09-17T06:33:58.609-0300] {dag.py:3947} INFO - Setting next_dagrun for example_short_circuit_decorator to 2024-09-16 00:00:00+00:00, run_after=2024-09-17 00:00:00+00:00
[2024-09-17T06:33:58.640-0300] {processor.py:183} INFO - Processing /home/jezandre/airflow/airflow_env/lib/python3.11/site-packages/airflow/example_dags/example_short_circuit_decorator.py took 0.117 seconds
[2024-09-17T06:34:28.974-0300] {processor.py:161} INFO - Started process (PID=23678) to work on /home/jezandre/airflow/airflow_env/lib/python3.11/site-packages/airflow/example_dags/example_short_circuit_decorator.py
[2024-09-17T06:34:28.975-0300] {processor.py:830} INFO - Processing file /home/jezandre/airflow/airflow_env/lib/python3.11/site-packages/airflow/example_dags/example_short_circuit_decorator.py for tasks to queue
[2024-09-17T06:34:28.977-0300] {logging_mixin.py:188} INFO - [2024-09-17T06:34:28.977-0300] {dagbag.py:545} INFO - Filling up the DagBag from /home/jezandre/airflow/airflow_env/lib/python3.11/site-packages/airflow/example_dags/example_short_circuit_decorator.py
[2024-09-17T06:34:28.993-0300] {processor.py:840} INFO - DAG(s) 'example_short_circuit_decorator' retrieved from /home/jezandre/airflow/airflow_env/lib/python3.11/site-packages/airflow/example_dags/example_short_circuit_decorator.py
[2024-09-17T06:34:29.067-0300] {logging_mixin.py:188} INFO - [2024-09-17T06:34:29.066-0300] {dag.py:3089} INFO - Sync 1 DAGs
[2024-09-17T06:34:29.101-0300] {logging_mixin.py:188} INFO - [2024-09-17T06:34:29.101-0300] {dag.py:3947} INFO - Setting next_dagrun for example_short_circuit_decorator to 2024-09-16 00:00:00+00:00, run_after=2024-09-17 00:00:00+00:00
[2024-09-17T06:34:29.134-0300] {processor.py:183} INFO - Processing /home/jezandre/airflow/airflow_env/lib/python3.11/site-packages/airflow/example_dags/example_short_circuit_decorator.py took 0.166 seconds
[2024-09-17T06:34:59.413-0300] {processor.py:161} INFO - Started process (PID=24022) to work on /home/jezandre/airflow/airflow_env/lib/python3.11/site-packages/airflow/example_dags/example_short_circuit_decorator.py
[2024-09-17T06:34:59.415-0300] {processor.py:830} INFO - Processing file /home/jezandre/airflow/airflow_env/lib/python3.11/site-packages/airflow/example_dags/example_short_circuit_decorator.py for tasks to queue
[2024-09-17T06:34:59.417-0300] {logging_mixin.py:188} INFO - [2024-09-17T06:34:59.416-0300] {dagbag.py:545} INFO - Filling up the DagBag from /home/jezandre/airflow/airflow_env/lib/python3.11/site-packages/airflow/example_dags/example_short_circuit_decorator.py
[2024-09-17T06:34:59.432-0300] {processor.py:840} INFO - DAG(s) 'example_short_circuit_decorator' retrieved from /home/jezandre/airflow/airflow_env/lib/python3.11/site-packages/airflow/example_dags/example_short_circuit_decorator.py
[2024-09-17T06:34:59.464-0300] {logging_mixin.py:188} INFO - [2024-09-17T06:34:59.464-0300] {dag.py:3089} INFO - Sync 1 DAGs
[2024-09-17T06:34:59.495-0300] {logging_mixin.py:188} INFO - [2024-09-17T06:34:59.494-0300] {dag.py:3947} INFO - Setting next_dagrun for example_short_circuit_decorator to 2024-09-16 00:00:00+00:00, run_after=2024-09-17 00:00:00+00:00
[2024-09-17T06:34:59.532-0300] {processor.py:183} INFO - Processing /home/jezandre/airflow/airflow_env/lib/python3.11/site-packages/airflow/example_dags/example_short_circuit_decorator.py took 0.124 seconds
[2024-09-17T06:35:30.039-0300] {processor.py:161} INFO - Started process (PID=24264) to work on /home/jezandre/airflow/airflow_env/lib/python3.11/site-packages/airflow/example_dags/example_short_circuit_decorator.py
[2024-09-17T06:35:30.040-0300] {processor.py:830} INFO - Processing file /home/jezandre/airflow/airflow_env/lib/python3.11/site-packages/airflow/example_dags/example_short_circuit_decorator.py for tasks to queue
[2024-09-17T06:35:30.042-0300] {logging_mixin.py:188} INFO - [2024-09-17T06:35:30.042-0300] {dagbag.py:545} INFO - Filling up the DagBag from /home/jezandre/airflow/airflow_env/lib/python3.11/site-packages/airflow/example_dags/example_short_circuit_decorator.py
[2024-09-17T06:35:30.052-0300] {processor.py:840} INFO - DAG(s) 'example_short_circuit_decorator' retrieved from /home/jezandre/airflow/airflow_env/lib/python3.11/site-packages/airflow/example_dags/example_short_circuit_decorator.py
[2024-09-17T06:35:30.089-0300] {logging_mixin.py:188} INFO - [2024-09-17T06:35:30.089-0300] {dag.py:3089} INFO - Sync 1 DAGs
[2024-09-17T06:35:30.118-0300] {logging_mixin.py:188} INFO - [2024-09-17T06:35:30.118-0300] {dag.py:3947} INFO - Setting next_dagrun for example_short_circuit_decorator to 2024-09-16 00:00:00+00:00, run_after=2024-09-17 00:00:00+00:00
[2024-09-17T06:35:30.149-0300] {processor.py:183} INFO - Processing /home/jezandre/airflow/airflow_env/lib/python3.11/site-packages/airflow/example_dags/example_short_circuit_decorator.py took 0.118 seconds
[2024-09-17T06:36:00.373-0300] {processor.py:161} INFO - Started process (PID=24583) to work on /home/jezandre/airflow/airflow_env/lib/python3.11/site-packages/airflow/example_dags/example_short_circuit_decorator.py
[2024-09-17T06:36:00.374-0300] {processor.py:830} INFO - Processing file /home/jezandre/airflow/airflow_env/lib/python3.11/site-packages/airflow/example_dags/example_short_circuit_decorator.py for tasks to queue
[2024-09-17T06:36:00.377-0300] {logging_mixin.py:188} INFO - [2024-09-17T06:36:00.376-0300] {dagbag.py:545} INFO - Filling up the DagBag from /home/jezandre/airflow/airflow_env/lib/python3.11/site-packages/airflow/example_dags/example_short_circuit_decorator.py
[2024-09-17T06:36:00.386-0300] {processor.py:840} INFO - DAG(s) 'example_short_circuit_decorator' retrieved from /home/jezandre/airflow/airflow_env/lib/python3.11/site-packages/airflow/example_dags/example_short_circuit_decorator.py
[2024-09-17T06:36:00.422-0300] {logging_mixin.py:188} INFO - [2024-09-17T06:36:00.422-0300] {dag.py:3089} INFO - Sync 1 DAGs
[2024-09-17T06:36:00.454-0300] {logging_mixin.py:188} INFO - [2024-09-17T06:36:00.454-0300] {dag.py:3947} INFO - Setting next_dagrun for example_short_circuit_decorator to 2024-09-16 00:00:00+00:00, run_after=2024-09-17 00:00:00+00:00
[2024-09-17T06:36:00.486-0300] {processor.py:183} INFO - Processing /home/jezandre/airflow/airflow_env/lib/python3.11/site-packages/airflow/example_dags/example_short_circuit_decorator.py took 0.119 seconds
[2024-09-17T06:36:30.860-0300] {processor.py:161} INFO - Started process (PID=24805) to work on /home/jezandre/airflow/airflow_env/lib/python3.11/site-packages/airflow/example_dags/example_short_circuit_decorator.py
[2024-09-17T06:36:30.861-0300] {processor.py:830} INFO - Processing file /home/jezandre/airflow/airflow_env/lib/python3.11/site-packages/airflow/example_dags/example_short_circuit_decorator.py for tasks to queue
[2024-09-17T06:36:30.864-0300] {logging_mixin.py:188} INFO - [2024-09-17T06:36:30.863-0300] {dagbag.py:545} INFO - Filling up the DagBag from /home/jezandre/airflow/airflow_env/lib/python3.11/site-packages/airflow/example_dags/example_short_circuit_decorator.py
[2024-09-17T06:36:30.874-0300] {processor.py:840} INFO - DAG(s) 'example_short_circuit_decorator' retrieved from /home/jezandre/airflow/airflow_env/lib/python3.11/site-packages/airflow/example_dags/example_short_circuit_decorator.py
[2024-09-17T06:36:30.905-0300] {logging_mixin.py:188} INFO - [2024-09-17T06:36:30.904-0300] {dag.py:3089} INFO - Sync 1 DAGs
[2024-09-17T06:36:30.929-0300] {logging_mixin.py:188} INFO - [2024-09-17T06:36:30.929-0300] {dag.py:3947} INFO - Setting next_dagrun for example_short_circuit_decorator to 2024-09-16 00:00:00+00:00, run_after=2024-09-17 00:00:00+00:00
[2024-09-17T06:36:30.952-0300] {processor.py:183} INFO - Processing /home/jezandre/airflow/airflow_env/lib/python3.11/site-packages/airflow/example_dags/example_short_circuit_decorator.py took 0.097 seconds
[2024-09-17T06:37:01.196-0300] {processor.py:161} INFO - Started process (PID=25033) to work on /home/jezandre/airflow/airflow_env/lib/python3.11/site-packages/airflow/example_dags/example_short_circuit_decorator.py
[2024-09-17T06:37:01.198-0300] {processor.py:830} INFO - Processing file /home/jezandre/airflow/airflow_env/lib/python3.11/site-packages/airflow/example_dags/example_short_circuit_decorator.py for tasks to queue
[2024-09-17T06:37:01.200-0300] {logging_mixin.py:188} INFO - [2024-09-17T06:37:01.200-0300] {dagbag.py:545} INFO - Filling up the DagBag from /home/jezandre/airflow/airflow_env/lib/python3.11/site-packages/airflow/example_dags/example_short_circuit_decorator.py
[2024-09-17T06:37:01.212-0300] {processor.py:840} INFO - DAG(s) 'example_short_circuit_decorator' retrieved from /home/jezandre/airflow/airflow_env/lib/python3.11/site-packages/airflow/example_dags/example_short_circuit_decorator.py
[2024-09-17T06:37:01.256-0300] {logging_mixin.py:188} INFO - [2024-09-17T06:37:01.255-0300] {dag.py:3089} INFO - Sync 1 DAGs
[2024-09-17T06:37:01.288-0300] {logging_mixin.py:188} INFO - [2024-09-17T06:37:01.287-0300] {dag.py:3947} INFO - Setting next_dagrun for example_short_circuit_decorator to 2024-09-16 00:00:00+00:00, run_after=2024-09-17 00:00:00+00:00
[2024-09-17T06:37:01.326-0300] {processor.py:183} INFO - Processing /home/jezandre/airflow/airflow_env/lib/python3.11/site-packages/airflow/example_dags/example_short_circuit_decorator.py took 0.136 seconds
[2024-09-17T06:37:33.234-0300] {processor.py:161} INFO - Started process (PID=25249) to work on /home/jezandre/airflow/airflow_env/lib/python3.11/site-packages/airflow/example_dags/example_short_circuit_decorator.py
[2024-09-17T06:37:33.236-0300] {processor.py:830} INFO - Processing file /home/jezandre/airflow/airflow_env/lib/python3.11/site-packages/airflow/example_dags/example_short_circuit_decorator.py for tasks to queue
[2024-09-17T06:37:33.239-0300] {logging_mixin.py:188} INFO - [2024-09-17T06:37:33.238-0300] {dagbag.py:545} INFO - Filling up the DagBag from /home/jezandre/airflow/airflow_env/lib/python3.11/site-packages/airflow/example_dags/example_short_circuit_decorator.py
[2024-09-17T06:37:33.259-0300] {processor.py:840} INFO - DAG(s) 'example_short_circuit_decorator' retrieved from /home/jezandre/airflow/airflow_env/lib/python3.11/site-packages/airflow/example_dags/example_short_circuit_decorator.py
[2024-09-17T06:37:33.442-0300] {logging_mixin.py:188} INFO - [2024-09-17T06:37:33.442-0300] {dag.py:3089} INFO - Sync 1 DAGs
[2024-09-17T06:37:33.479-0300] {logging_mixin.py:188} INFO - [2024-09-17T06:37:33.479-0300] {dag.py:3947} INFO - Setting next_dagrun for example_short_circuit_decorator to 2024-09-16 00:00:00+00:00, run_after=2024-09-17 00:00:00+00:00
[2024-09-17T06:37:33.524-0300] {processor.py:183} INFO - Processing /home/jezandre/airflow/airflow_env/lib/python3.11/site-packages/airflow/example_dags/example_short_circuit_decorator.py took 0.302 seconds
[2024-09-17T06:38:03.721-0300] {processor.py:161} INFO - Started process (PID=25493) to work on /home/jezandre/airflow/airflow_env/lib/python3.11/site-packages/airflow/example_dags/example_short_circuit_decorator.py
[2024-09-17T06:38:03.723-0300] {processor.py:830} INFO - Processing file /home/jezandre/airflow/airflow_env/lib/python3.11/site-packages/airflow/example_dags/example_short_circuit_decorator.py for tasks to queue
[2024-09-17T06:38:03.726-0300] {logging_mixin.py:188} INFO - [2024-09-17T06:38:03.726-0300] {dagbag.py:545} INFO - Filling up the DagBag from /home/jezandre/airflow/airflow_env/lib/python3.11/site-packages/airflow/example_dags/example_short_circuit_decorator.py
[2024-09-17T06:38:03.734-0300] {processor.py:840} INFO - DAG(s) 'example_short_circuit_decorator' retrieved from /home/jezandre/airflow/airflow_env/lib/python3.11/site-packages/airflow/example_dags/example_short_circuit_decorator.py
[2024-09-17T06:38:03.766-0300] {logging_mixin.py:188} INFO - [2024-09-17T06:38:03.765-0300] {dag.py:3089} INFO - Sync 1 DAGs
[2024-09-17T06:38:03.792-0300] {logging_mixin.py:188} INFO - [2024-09-17T06:38:03.792-0300] {dag.py:3947} INFO - Setting next_dagrun for example_short_circuit_decorator to 2024-09-16 00:00:00+00:00, run_after=2024-09-17 00:00:00+00:00
[2024-09-17T06:38:03.824-0300] {processor.py:183} INFO - Processing /home/jezandre/airflow/airflow_env/lib/python3.11/site-packages/airflow/example_dags/example_short_circuit_decorator.py took 0.107 seconds
[2024-09-17T06:38:34.245-0300] {processor.py:161} INFO - Started process (PID=25806) to work on /home/jezandre/airflow/airflow_env/lib/python3.11/site-packages/airflow/example_dags/example_short_circuit_decorator.py
[2024-09-17T06:38:34.245-0300] {processor.py:830} INFO - Processing file /home/jezandre/airflow/airflow_env/lib/python3.11/site-packages/airflow/example_dags/example_short_circuit_decorator.py for tasks to queue
[2024-09-17T06:38:34.248-0300] {logging_mixin.py:188} INFO - [2024-09-17T06:38:34.247-0300] {dagbag.py:545} INFO - Filling up the DagBag from /home/jezandre/airflow/airflow_env/lib/python3.11/site-packages/airflow/example_dags/example_short_circuit_decorator.py
[2024-09-17T06:38:34.260-0300] {processor.py:840} INFO - DAG(s) 'example_short_circuit_decorator' retrieved from /home/jezandre/airflow/airflow_env/lib/python3.11/site-packages/airflow/example_dags/example_short_circuit_decorator.py
[2024-09-17T06:38:34.291-0300] {logging_mixin.py:188} INFO - [2024-09-17T06:38:34.291-0300] {dag.py:3089} INFO - Sync 1 DAGs
[2024-09-17T06:38:34.325-0300] {logging_mixin.py:188} INFO - [2024-09-17T06:38:34.324-0300] {dag.py:3947} INFO - Setting next_dagrun for example_short_circuit_decorator to 2024-09-16 00:00:00+00:00, run_after=2024-09-17 00:00:00+00:00
[2024-09-17T06:38:34.353-0300] {processor.py:183} INFO - Processing /home/jezandre/airflow/airflow_env/lib/python3.11/site-packages/airflow/example_dags/example_short_circuit_decorator.py took 0.118 seconds
[2024-09-17T06:39:04.887-0300] {processor.py:161} INFO - Started process (PID=26135) to work on /home/jezandre/airflow/airflow_env/lib/python3.11/site-packages/airflow/example_dags/example_short_circuit_decorator.py
[2024-09-17T06:39:04.888-0300] {processor.py:830} INFO - Processing file /home/jezandre/airflow/airflow_env/lib/python3.11/site-packages/airflow/example_dags/example_short_circuit_decorator.py for tasks to queue
[2024-09-17T06:39:04.890-0300] {logging_mixin.py:188} INFO - [2024-09-17T06:39:04.889-0300] {dagbag.py:545} INFO - Filling up the DagBag from /home/jezandre/airflow/airflow_env/lib/python3.11/site-packages/airflow/example_dags/example_short_circuit_decorator.py
[2024-09-17T06:39:04.899-0300] {processor.py:840} INFO - DAG(s) 'example_short_circuit_decorator' retrieved from /home/jezandre/airflow/airflow_env/lib/python3.11/site-packages/airflow/example_dags/example_short_circuit_decorator.py
[2024-09-17T06:39:04.934-0300] {logging_mixin.py:188} INFO - [2024-09-17T06:39:04.933-0300] {dag.py:3089} INFO - Sync 1 DAGs
[2024-09-17T06:39:04.964-0300] {logging_mixin.py:188} INFO - [2024-09-17T06:39:04.963-0300] {dag.py:3947} INFO - Setting next_dagrun for example_short_circuit_decorator to 2024-09-16 00:00:00+00:00, run_after=2024-09-17 00:00:00+00:00
[2024-09-17T06:39:04.993-0300] {processor.py:183} INFO - Processing /home/jezandre/airflow/airflow_env/lib/python3.11/site-packages/airflow/example_dags/example_short_circuit_decorator.py took 0.116 seconds
[2024-09-17T06:39:35.535-0300] {processor.py:161} INFO - Started process (PID=26363) to work on /home/jezandre/airflow/airflow_env/lib/python3.11/site-packages/airflow/example_dags/example_short_circuit_decorator.py
[2024-09-17T06:39:35.537-0300] {processor.py:830} INFO - Processing file /home/jezandre/airflow/airflow_env/lib/python3.11/site-packages/airflow/example_dags/example_short_circuit_decorator.py for tasks to queue
[2024-09-17T06:39:35.538-0300] {logging_mixin.py:188} INFO - [2024-09-17T06:39:35.538-0300] {dagbag.py:545} INFO - Filling up the DagBag from /home/jezandre/airflow/airflow_env/lib/python3.11/site-packages/airflow/example_dags/example_short_circuit_decorator.py
[2024-09-17T06:39:35.549-0300] {processor.py:840} INFO - DAG(s) 'example_short_circuit_decorator' retrieved from /home/jezandre/airflow/airflow_env/lib/python3.11/site-packages/airflow/example_dags/example_short_circuit_decorator.py
[2024-09-17T06:39:35.581-0300] {logging_mixin.py:188} INFO - [2024-09-17T06:39:35.581-0300] {dag.py:3089} INFO - Sync 1 DAGs
[2024-09-17T06:39:35.612-0300] {logging_mixin.py:188} INFO - [2024-09-17T06:39:35.612-0300] {dag.py:3947} INFO - Setting next_dagrun for example_short_circuit_decorator to 2024-09-16 00:00:00+00:00, run_after=2024-09-17 00:00:00+00:00
[2024-09-17T06:39:35.640-0300] {processor.py:183} INFO - Processing /home/jezandre/airflow/airflow_env/lib/python3.11/site-packages/airflow/example_dags/example_short_circuit_decorator.py took 0.114 seconds
[2024-09-17T06:40:06.270-0300] {processor.py:161} INFO - Started process (PID=26646) to work on /home/jezandre/airflow/airflow_env/lib/python3.11/site-packages/airflow/example_dags/example_short_circuit_decorator.py
[2024-09-17T06:40:06.272-0300] {processor.py:830} INFO - Processing file /home/jezandre/airflow/airflow_env/lib/python3.11/site-packages/airflow/example_dags/example_short_circuit_decorator.py for tasks to queue
[2024-09-17T06:40:06.273-0300] {logging_mixin.py:188} INFO - [2024-09-17T06:40:06.273-0300] {dagbag.py:545} INFO - Filling up the DagBag from /home/jezandre/airflow/airflow_env/lib/python3.11/site-packages/airflow/example_dags/example_short_circuit_decorator.py
[2024-09-17T06:40:06.281-0300] {processor.py:840} INFO - DAG(s) 'example_short_circuit_decorator' retrieved from /home/jezandre/airflow/airflow_env/lib/python3.11/site-packages/airflow/example_dags/example_short_circuit_decorator.py
[2024-09-17T06:40:06.311-0300] {logging_mixin.py:188} INFO - [2024-09-17T06:40:06.311-0300] {dag.py:3089} INFO - Sync 1 DAGs
[2024-09-17T06:40:06.336-0300] {logging_mixin.py:188} INFO - [2024-09-17T06:40:06.336-0300] {dag.py:3947} INFO - Setting next_dagrun for example_short_circuit_decorator to 2024-09-16 00:00:00+00:00, run_after=2024-09-17 00:00:00+00:00
[2024-09-17T06:40:06.363-0300] {processor.py:183} INFO - Processing /home/jezandre/airflow/airflow_env/lib/python3.11/site-packages/airflow/example_dags/example_short_circuit_decorator.py took 0.101 seconds
[2024-09-17T06:40:36.739-0300] {processor.py:161} INFO - Started process (PID=26987) to work on /home/jezandre/airflow/airflow_env/lib/python3.11/site-packages/airflow/example_dags/example_short_circuit_decorator.py
[2024-09-17T06:40:36.740-0300] {processor.py:830} INFO - Processing file /home/jezandre/airflow/airflow_env/lib/python3.11/site-packages/airflow/example_dags/example_short_circuit_decorator.py for tasks to queue
[2024-09-17T06:40:36.742-0300] {logging_mixin.py:188} INFO - [2024-09-17T06:40:36.742-0300] {dagbag.py:545} INFO - Filling up the DagBag from /home/jezandre/airflow/airflow_env/lib/python3.11/site-packages/airflow/example_dags/example_short_circuit_decorator.py
[2024-09-17T06:40:36.752-0300] {processor.py:840} INFO - DAG(s) 'example_short_circuit_decorator' retrieved from /home/jezandre/airflow/airflow_env/lib/python3.11/site-packages/airflow/example_dags/example_short_circuit_decorator.py
[2024-09-17T06:40:36.781-0300] {logging_mixin.py:188} INFO - [2024-09-17T06:40:36.781-0300] {dag.py:3089} INFO - Sync 1 DAGs
[2024-09-17T06:40:36.808-0300] {logging_mixin.py:188} INFO - [2024-09-17T06:40:36.808-0300] {dag.py:3947} INFO - Setting next_dagrun for example_short_circuit_decorator to 2024-09-16 00:00:00+00:00, run_after=2024-09-17 00:00:00+00:00
[2024-09-17T06:40:36.832-0300] {processor.py:183} INFO - Processing /home/jezandre/airflow/airflow_env/lib/python3.11/site-packages/airflow/example_dags/example_short_circuit_decorator.py took 0.101 seconds
[2024-09-17T06:41:07.056-0300] {processor.py:161} INFO - Started process (PID=27336) to work on /home/jezandre/airflow/airflow_env/lib/python3.11/site-packages/airflow/example_dags/example_short_circuit_decorator.py
[2024-09-17T06:41:07.058-0300] {processor.py:830} INFO - Processing file /home/jezandre/airflow/airflow_env/lib/python3.11/site-packages/airflow/example_dags/example_short_circuit_decorator.py for tasks to queue
[2024-09-17T06:41:07.059-0300] {logging_mixin.py:188} INFO - [2024-09-17T06:41:07.059-0300] {dagbag.py:545} INFO - Filling up the DagBag from /home/jezandre/airflow/airflow_env/lib/python3.11/site-packages/airflow/example_dags/example_short_circuit_decorator.py
[2024-09-17T06:41:07.069-0300] {processor.py:840} INFO - DAG(s) 'example_short_circuit_decorator' retrieved from /home/jezandre/airflow/airflow_env/lib/python3.11/site-packages/airflow/example_dags/example_short_circuit_decorator.py
[2024-09-17T06:41:07.098-0300] {logging_mixin.py:188} INFO - [2024-09-17T06:41:07.097-0300] {dag.py:3089} INFO - Sync 1 DAGs
[2024-09-17T06:41:07.123-0300] {logging_mixin.py:188} INFO - [2024-09-17T06:41:07.123-0300] {dag.py:3947} INFO - Setting next_dagrun for example_short_circuit_decorator to 2024-09-16 00:00:00+00:00, run_after=2024-09-17 00:00:00+00:00
[2024-09-17T06:41:07.149-0300] {processor.py:183} INFO - Processing /home/jezandre/airflow/airflow_env/lib/python3.11/site-packages/airflow/example_dags/example_short_circuit_decorator.py took 0.102 seconds
[2024-09-17T06:41:37.828-0300] {processor.py:161} INFO - Started process (PID=27693) to work on /home/jezandre/airflow/airflow_env/lib/python3.11/site-packages/airflow/example_dags/example_short_circuit_decorator.py
[2024-09-17T06:41:37.829-0300] {processor.py:830} INFO - Processing file /home/jezandre/airflow/airflow_env/lib/python3.11/site-packages/airflow/example_dags/example_short_circuit_decorator.py for tasks to queue
[2024-09-17T06:41:37.830-0300] {logging_mixin.py:188} INFO - [2024-09-17T06:41:37.830-0300] {dagbag.py:545} INFO - Filling up the DagBag from /home/jezandre/airflow/airflow_env/lib/python3.11/site-packages/airflow/example_dags/example_short_circuit_decorator.py
[2024-09-17T06:41:37.840-0300] {processor.py:840} INFO - DAG(s) 'example_short_circuit_decorator' retrieved from /home/jezandre/airflow/airflow_env/lib/python3.11/site-packages/airflow/example_dags/example_short_circuit_decorator.py
[2024-09-17T06:41:37.872-0300] {logging_mixin.py:188} INFO - [2024-09-17T06:41:37.872-0300] {dag.py:3089} INFO - Sync 1 DAGs
[2024-09-17T06:41:37.898-0300] {logging_mixin.py:188} INFO - [2024-09-17T06:41:37.898-0300] {dag.py:3947} INFO - Setting next_dagrun for example_short_circuit_decorator to 2024-09-16 00:00:00+00:00, run_after=2024-09-17 00:00:00+00:00
[2024-09-17T06:41:37.925-0300] {processor.py:183} INFO - Processing /home/jezandre/airflow/airflow_env/lib/python3.11/site-packages/airflow/example_dags/example_short_circuit_decorator.py took 0.107 seconds
[2024-09-17T06:42:09.054-0300] {processor.py:161} INFO - Started process (PID=27917) to work on /home/jezandre/airflow/airflow_env/lib/python3.11/site-packages/airflow/example_dags/example_short_circuit_decorator.py
[2024-09-17T06:42:09.055-0300] {processor.py:830} INFO - Processing file /home/jezandre/airflow/airflow_env/lib/python3.11/site-packages/airflow/example_dags/example_short_circuit_decorator.py for tasks to queue
[2024-09-17T06:42:09.057-0300] {logging_mixin.py:188} INFO - [2024-09-17T06:42:09.056-0300] {dagbag.py:545} INFO - Filling up the DagBag from /home/jezandre/airflow/airflow_env/lib/python3.11/site-packages/airflow/example_dags/example_short_circuit_decorator.py
[2024-09-17T06:42:09.066-0300] {processor.py:840} INFO - DAG(s) 'example_short_circuit_decorator' retrieved from /home/jezandre/airflow/airflow_env/lib/python3.11/site-packages/airflow/example_dags/example_short_circuit_decorator.py
[2024-09-17T06:42:09.219-0300] {logging_mixin.py:188} INFO - [2024-09-17T06:42:09.219-0300] {dag.py:3089} INFO - Sync 1 DAGs
[2024-09-17T06:42:09.243-0300] {logging_mixin.py:188} INFO - [2024-09-17T06:42:09.243-0300] {dag.py:3947} INFO - Setting next_dagrun for example_short_circuit_decorator to 2024-09-16 00:00:00+00:00, run_after=2024-09-17 00:00:00+00:00
[2024-09-17T06:42:09.271-0300] {processor.py:183} INFO - Processing /home/jezandre/airflow/airflow_env/lib/python3.11/site-packages/airflow/example_dags/example_short_circuit_decorator.py took 0.225 seconds
[2024-09-17T06:42:39.632-0300] {processor.py:161} INFO - Started process (PID=28125) to work on /home/jezandre/airflow/airflow_env/lib/python3.11/site-packages/airflow/example_dags/example_short_circuit_decorator.py
[2024-09-17T06:42:39.634-0300] {processor.py:830} INFO - Processing file /home/jezandre/airflow/airflow_env/lib/python3.11/site-packages/airflow/example_dags/example_short_circuit_decorator.py for tasks to queue
[2024-09-17T06:42:39.636-0300] {logging_mixin.py:188} INFO - [2024-09-17T06:42:39.635-0300] {dagbag.py:545} INFO - Filling up the DagBag from /home/jezandre/airflow/airflow_env/lib/python3.11/site-packages/airflow/example_dags/example_short_circuit_decorator.py
[2024-09-17T06:42:39.650-0300] {processor.py:840} INFO - DAG(s) 'example_short_circuit_decorator' retrieved from /home/jezandre/airflow/airflow_env/lib/python3.11/site-packages/airflow/example_dags/example_short_circuit_decorator.py
[2024-09-17T06:42:39.689-0300] {logging_mixin.py:188} INFO - [2024-09-17T06:42:39.689-0300] {dag.py:3089} INFO - Sync 1 DAGs
[2024-09-17T06:42:39.725-0300] {logging_mixin.py:188} INFO - [2024-09-17T06:42:39.725-0300] {dag.py:3947} INFO - Setting next_dagrun for example_short_circuit_decorator to 2024-09-16 00:00:00+00:00, run_after=2024-09-17 00:00:00+00:00
[2024-09-17T06:42:39.762-0300] {processor.py:183} INFO - Processing /home/jezandre/airflow/airflow_env/lib/python3.11/site-packages/airflow/example_dags/example_short_circuit_decorator.py took 0.145 seconds
[2024-09-17T06:43:09.830-0300] {processor.py:161} INFO - Started process (PID=28901) to work on /home/jezandre/airflow/airflow_env/lib/python3.11/site-packages/airflow/example_dags/example_short_circuit_decorator.py
[2024-09-17T06:43:09.831-0300] {processor.py:830} INFO - Processing file /home/jezandre/airflow/airflow_env/lib/python3.11/site-packages/airflow/example_dags/example_short_circuit_decorator.py for tasks to queue
[2024-09-17T06:43:09.832-0300] {logging_mixin.py:188} INFO - [2024-09-17T06:43:09.832-0300] {dagbag.py:545} INFO - Filling up the DagBag from /home/jezandre/airflow/airflow_env/lib/python3.11/site-packages/airflow/example_dags/example_short_circuit_decorator.py
[2024-09-17T06:43:09.843-0300] {processor.py:840} INFO - DAG(s) 'example_short_circuit_decorator' retrieved from /home/jezandre/airflow/airflow_env/lib/python3.11/site-packages/airflow/example_dags/example_short_circuit_decorator.py
[2024-09-17T06:43:09.885-0300] {logging_mixin.py:188} INFO - [2024-09-17T06:43:09.885-0300] {dag.py:3089} INFO - Sync 1 DAGs
[2024-09-17T06:43:09.916-0300] {logging_mixin.py:188} INFO - [2024-09-17T06:43:09.916-0300] {dag.py:3947} INFO - Setting next_dagrun for example_short_circuit_decorator to 2024-09-16 00:00:00+00:00, run_after=2024-09-17 00:00:00+00:00
[2024-09-17T06:43:09.943-0300] {processor.py:183} INFO - Processing /home/jezandre/airflow/airflow_env/lib/python3.11/site-packages/airflow/example_dags/example_short_circuit_decorator.py took 0.121 seconds
[2024-09-17T06:43:40.695-0300] {processor.py:161} INFO - Started process (PID=29171) to work on /home/jezandre/airflow/airflow_env/lib/python3.11/site-packages/airflow/example_dags/example_short_circuit_decorator.py
[2024-09-17T06:43:40.697-0300] {processor.py:830} INFO - Processing file /home/jezandre/airflow/airflow_env/lib/python3.11/site-packages/airflow/example_dags/example_short_circuit_decorator.py for tasks to queue
[2024-09-17T06:43:40.700-0300] {logging_mixin.py:188} INFO - [2024-09-17T06:43:40.699-0300] {dagbag.py:545} INFO - Filling up the DagBag from /home/jezandre/airflow/airflow_env/lib/python3.11/site-packages/airflow/example_dags/example_short_circuit_decorator.py
[2024-09-17T06:43:40.711-0300] {processor.py:840} INFO - DAG(s) 'example_short_circuit_decorator' retrieved from /home/jezandre/airflow/airflow_env/lib/python3.11/site-packages/airflow/example_dags/example_short_circuit_decorator.py
[2024-09-17T06:43:40.750-0300] {logging_mixin.py:188} INFO - [2024-09-17T06:43:40.750-0300] {dag.py:3089} INFO - Sync 1 DAGs
[2024-09-17T06:43:40.785-0300] {logging_mixin.py:188} INFO - [2024-09-17T06:43:40.784-0300] {dag.py:3947} INFO - Setting next_dagrun for example_short_circuit_decorator to 2024-09-16 00:00:00+00:00, run_after=2024-09-17 00:00:00+00:00
[2024-09-17T06:43:40.812-0300] {processor.py:183} INFO - Processing /home/jezandre/airflow/airflow_env/lib/python3.11/site-packages/airflow/example_dags/example_short_circuit_decorator.py took 0.126 seconds
[2024-09-17T06:44:11.339-0300] {processor.py:161} INFO - Started process (PID=29404) to work on /home/jezandre/airflow/airflow_env/lib/python3.11/site-packages/airflow/example_dags/example_short_circuit_decorator.py
[2024-09-17T06:44:11.340-0300] {processor.py:830} INFO - Processing file /home/jezandre/airflow/airflow_env/lib/python3.11/site-packages/airflow/example_dags/example_short_circuit_decorator.py for tasks to queue
[2024-09-17T06:44:11.341-0300] {logging_mixin.py:188} INFO - [2024-09-17T06:44:11.341-0300] {dagbag.py:545} INFO - Filling up the DagBag from /home/jezandre/airflow/airflow_env/lib/python3.11/site-packages/airflow/example_dags/example_short_circuit_decorator.py
[2024-09-17T06:44:11.351-0300] {processor.py:840} INFO - DAG(s) 'example_short_circuit_decorator' retrieved from /home/jezandre/airflow/airflow_env/lib/python3.11/site-packages/airflow/example_dags/example_short_circuit_decorator.py
[2024-09-17T06:44:11.383-0300] {logging_mixin.py:188} INFO - [2024-09-17T06:44:11.382-0300] {dag.py:3089} INFO - Sync 1 DAGs
[2024-09-17T06:44:11.415-0300] {logging_mixin.py:188} INFO - [2024-09-17T06:44:11.415-0300] {dag.py:3947} INFO - Setting next_dagrun for example_short_circuit_decorator to 2024-09-16 00:00:00+00:00, run_after=2024-09-17 00:00:00+00:00
[2024-09-17T06:44:11.443-0300] {processor.py:183} INFO - Processing /home/jezandre/airflow/airflow_env/lib/python3.11/site-packages/airflow/example_dags/example_short_circuit_decorator.py took 0.113 seconds
[2024-09-17T06:44:42.030-0300] {processor.py:161} INFO - Started process (PID=29606) to work on /home/jezandre/airflow/airflow_env/lib/python3.11/site-packages/airflow/example_dags/example_short_circuit_decorator.py
[2024-09-17T06:44:42.032-0300] {processor.py:830} INFO - Processing file /home/jezandre/airflow/airflow_env/lib/python3.11/site-packages/airflow/example_dags/example_short_circuit_decorator.py for tasks to queue
[2024-09-17T06:44:42.035-0300] {logging_mixin.py:188} INFO - [2024-09-17T06:44:42.034-0300] {dagbag.py:545} INFO - Filling up the DagBag from /home/jezandre/airflow/airflow_env/lib/python3.11/site-packages/airflow/example_dags/example_short_circuit_decorator.py
[2024-09-17T06:44:42.045-0300] {processor.py:840} INFO - DAG(s) 'example_short_circuit_decorator' retrieved from /home/jezandre/airflow/airflow_env/lib/python3.11/site-packages/airflow/example_dags/example_short_circuit_decorator.py
[2024-09-17T06:44:42.078-0300] {logging_mixin.py:188} INFO - [2024-09-17T06:44:42.077-0300] {dag.py:3089} INFO - Sync 1 DAGs
[2024-09-17T06:44:42.105-0300] {logging_mixin.py:188} INFO - [2024-09-17T06:44:42.105-0300] {dag.py:3947} INFO - Setting next_dagrun for example_short_circuit_decorator to 2024-09-16 00:00:00+00:00, run_after=2024-09-17 00:00:00+00:00
[2024-09-17T06:44:42.132-0300] {processor.py:183} INFO - Processing /home/jezandre/airflow/airflow_env/lib/python3.11/site-packages/airflow/example_dags/example_short_circuit_decorator.py took 0.117 seconds
[2024-09-17T06:45:12.977-0300] {processor.py:161} INFO - Started process (PID=29942) to work on /home/jezandre/airflow/airflow_env/lib/python3.11/site-packages/airflow/example_dags/example_short_circuit_decorator.py
[2024-09-17T06:45:12.978-0300] {processor.py:830} INFO - Processing file /home/jezandre/airflow/airflow_env/lib/python3.11/site-packages/airflow/example_dags/example_short_circuit_decorator.py for tasks to queue
[2024-09-17T06:45:12.981-0300] {logging_mixin.py:188} INFO - [2024-09-17T06:45:12.980-0300] {dagbag.py:545} INFO - Filling up the DagBag from /home/jezandre/airflow/airflow_env/lib/python3.11/site-packages/airflow/example_dags/example_short_circuit_decorator.py
[2024-09-17T06:45:13.000-0300] {processor.py:840} INFO - DAG(s) 'example_short_circuit_decorator' retrieved from /home/jezandre/airflow/airflow_env/lib/python3.11/site-packages/airflow/example_dags/example_short_circuit_decorator.py
[2024-09-17T06:45:13.046-0300] {logging_mixin.py:188} INFO - [2024-09-17T06:45:13.045-0300] {dag.py:3089} INFO - Sync 1 DAGs
[2024-09-17T06:45:13.076-0300] {logging_mixin.py:188} INFO - [2024-09-17T06:45:13.076-0300] {dag.py:3947} INFO - Setting next_dagrun for example_short_circuit_decorator to 2024-09-16 00:00:00+00:00, run_after=2024-09-17 00:00:00+00:00
[2024-09-17T06:45:13.108-0300] {processor.py:183} INFO - Processing /home/jezandre/airflow/airflow_env/lib/python3.11/site-packages/airflow/example_dags/example_short_circuit_decorator.py took 0.144 seconds
[2024-09-17T06:45:43.198-0300] {processor.py:161} INFO - Started process (PID=30233) to work on /home/jezandre/airflow/airflow_env/lib/python3.11/site-packages/airflow/example_dags/example_short_circuit_decorator.py
[2024-09-17T06:45:43.198-0300] {processor.py:830} INFO - Processing file /home/jezandre/airflow/airflow_env/lib/python3.11/site-packages/airflow/example_dags/example_short_circuit_decorator.py for tasks to queue
[2024-09-17T06:45:43.200-0300] {logging_mixin.py:188} INFO - [2024-09-17T06:45:43.200-0300] {dagbag.py:545} INFO - Filling up the DagBag from /home/jezandre/airflow/airflow_env/lib/python3.11/site-packages/airflow/example_dags/example_short_circuit_decorator.py
[2024-09-17T06:45:43.210-0300] {processor.py:840} INFO - DAG(s) 'example_short_circuit_decorator' retrieved from /home/jezandre/airflow/airflow_env/lib/python3.11/site-packages/airflow/example_dags/example_short_circuit_decorator.py
[2024-09-17T06:45:43.239-0300] {logging_mixin.py:188} INFO - [2024-09-17T06:45:43.239-0300] {dag.py:3089} INFO - Sync 1 DAGs
[2024-09-17T06:45:43.265-0300] {logging_mixin.py:188} INFO - [2024-09-17T06:45:43.264-0300] {dag.py:3947} INFO - Setting next_dagrun for example_short_circuit_decorator to 2024-09-16 00:00:00+00:00, run_after=2024-09-17 00:00:00+00:00
[2024-09-17T06:45:43.290-0300] {processor.py:183} INFO - Processing /home/jezandre/airflow/airflow_env/lib/python3.11/site-packages/airflow/example_dags/example_short_circuit_decorator.py took 0.100 seconds
[2024-09-17T06:46:14.112-0300] {processor.py:161} INFO - Started process (PID=30563) to work on /home/jezandre/airflow/airflow_env/lib/python3.11/site-packages/airflow/example_dags/example_short_circuit_decorator.py
[2024-09-17T06:46:14.113-0300] {processor.py:830} INFO - Processing file /home/jezandre/airflow/airflow_env/lib/python3.11/site-packages/airflow/example_dags/example_short_circuit_decorator.py for tasks to queue
[2024-09-17T06:46:14.115-0300] {logging_mixin.py:188} INFO - [2024-09-17T06:46:14.115-0300] {dagbag.py:545} INFO - Filling up the DagBag from /home/jezandre/airflow/airflow_env/lib/python3.11/site-packages/airflow/example_dags/example_short_circuit_decorator.py
[2024-09-17T06:46:14.126-0300] {processor.py:840} INFO - DAG(s) 'example_short_circuit_decorator' retrieved from /home/jezandre/airflow/airflow_env/lib/python3.11/site-packages/airflow/example_dags/example_short_circuit_decorator.py
[2024-09-17T06:46:14.163-0300] {logging_mixin.py:188} INFO - [2024-09-17T06:46:14.163-0300] {dag.py:3089} INFO - Sync 1 DAGs
[2024-09-17T06:46:14.194-0300] {logging_mixin.py:188} INFO - [2024-09-17T06:46:14.194-0300] {dag.py:3947} INFO - Setting next_dagrun for example_short_circuit_decorator to 2024-09-16 00:00:00+00:00, run_after=2024-09-17 00:00:00+00:00
[2024-09-17T06:46:14.224-0300] {processor.py:183} INFO - Processing /home/jezandre/airflow/airflow_env/lib/python3.11/site-packages/airflow/example_dags/example_short_circuit_decorator.py took 0.121 seconds
[2024-09-17T06:46:45.008-0300] {processor.py:161} INFO - Started process (PID=30881) to work on /home/jezandre/airflow/airflow_env/lib/python3.11/site-packages/airflow/example_dags/example_short_circuit_decorator.py
[2024-09-17T06:46:45.009-0300] {processor.py:830} INFO - Processing file /home/jezandre/airflow/airflow_env/lib/python3.11/site-packages/airflow/example_dags/example_short_circuit_decorator.py for tasks to queue
[2024-09-17T06:46:45.011-0300] {logging_mixin.py:188} INFO - [2024-09-17T06:46:45.011-0300] {dagbag.py:545} INFO - Filling up the DagBag from /home/jezandre/airflow/airflow_env/lib/python3.11/site-packages/airflow/example_dags/example_short_circuit_decorator.py
[2024-09-17T06:46:45.022-0300] {processor.py:840} INFO - DAG(s) 'example_short_circuit_decorator' retrieved from /home/jezandre/airflow/airflow_env/lib/python3.11/site-packages/airflow/example_dags/example_short_circuit_decorator.py
[2024-09-17T06:46:45.051-0300] {logging_mixin.py:188} INFO - [2024-09-17T06:46:45.051-0300] {dag.py:3089} INFO - Sync 1 DAGs
[2024-09-17T06:46:45.081-0300] {logging_mixin.py:188} INFO - [2024-09-17T06:46:45.081-0300] {dag.py:3947} INFO - Setting next_dagrun for example_short_circuit_decorator to 2024-09-16 00:00:00+00:00, run_after=2024-09-17 00:00:00+00:00
[2024-09-17T06:46:45.107-0300] {processor.py:183} INFO - Processing /home/jezandre/airflow/airflow_env/lib/python3.11/site-packages/airflow/example_dags/example_short_circuit_decorator.py took 0.109 seconds
[2024-09-17T06:47:15.859-0300] {processor.py:161} INFO - Started process (PID=31164) to work on /home/jezandre/airflow/airflow_env/lib/python3.11/site-packages/airflow/example_dags/example_short_circuit_decorator.py
[2024-09-17T06:47:15.860-0300] {processor.py:830} INFO - Processing file /home/jezandre/airflow/airflow_env/lib/python3.11/site-packages/airflow/example_dags/example_short_circuit_decorator.py for tasks to queue
[2024-09-17T06:47:15.861-0300] {logging_mixin.py:188} INFO - [2024-09-17T06:47:15.861-0300] {dagbag.py:545} INFO - Filling up the DagBag from /home/jezandre/airflow/airflow_env/lib/python3.11/site-packages/airflow/example_dags/example_short_circuit_decorator.py
[2024-09-17T06:47:15.870-0300] {processor.py:840} INFO - DAG(s) 'example_short_circuit_decorator' retrieved from /home/jezandre/airflow/airflow_env/lib/python3.11/site-packages/airflow/example_dags/example_short_circuit_decorator.py
[2024-09-17T06:47:16.013-0300] {logging_mixin.py:188} INFO - [2024-09-17T06:47:16.012-0300] {dag.py:3089} INFO - Sync 1 DAGs
[2024-09-17T06:47:16.037-0300] {logging_mixin.py:188} INFO - [2024-09-17T06:47:16.036-0300] {dag.py:3947} INFO - Setting next_dagrun for example_short_circuit_decorator to 2024-09-16 00:00:00+00:00, run_after=2024-09-17 00:00:00+00:00
[2024-09-17T06:47:16.065-0300] {processor.py:183} INFO - Processing /home/jezandre/airflow/airflow_env/lib/python3.11/site-packages/airflow/example_dags/example_short_circuit_decorator.py took 0.215 seconds
[2024-09-17T06:47:46.785-0300] {processor.py:161} INFO - Started process (PID=31423) to work on /home/jezandre/airflow/airflow_env/lib/python3.11/site-packages/airflow/example_dags/example_short_circuit_decorator.py
[2024-09-17T06:47:46.787-0300] {processor.py:830} INFO - Processing file /home/jezandre/airflow/airflow_env/lib/python3.11/site-packages/airflow/example_dags/example_short_circuit_decorator.py for tasks to queue
[2024-09-17T06:47:46.788-0300] {logging_mixin.py:188} INFO - [2024-09-17T06:47:46.788-0300] {dagbag.py:545} INFO - Filling up the DagBag from /home/jezandre/airflow/airflow_env/lib/python3.11/site-packages/airflow/example_dags/example_short_circuit_decorator.py
[2024-09-17T06:47:46.797-0300] {processor.py:840} INFO - DAG(s) 'example_short_circuit_decorator' retrieved from /home/jezandre/airflow/airflow_env/lib/python3.11/site-packages/airflow/example_dags/example_short_circuit_decorator.py
[2024-09-17T06:47:46.832-0300] {logging_mixin.py:188} INFO - [2024-09-17T06:47:46.832-0300] {dag.py:3089} INFO - Sync 1 DAGs
[2024-09-17T06:47:46.868-0300] {logging_mixin.py:188} INFO - [2024-09-17T06:47:46.867-0300] {dag.py:3947} INFO - Setting next_dagrun for example_short_circuit_decorator to 2024-09-16 00:00:00+00:00, run_after=2024-09-17 00:00:00+00:00
[2024-09-17T06:47:46.942-0300] {processor.py:183} INFO - Processing /home/jezandre/airflow/airflow_env/lib/python3.11/site-packages/airflow/example_dags/example_short_circuit_decorator.py took 0.166 seconds
[2024-09-17T06:48:17.559-0300] {processor.py:161} INFO - Started process (PID=31646) to work on /home/jezandre/airflow/airflow_env/lib/python3.11/site-packages/airflow/example_dags/example_short_circuit_decorator.py
[2024-09-17T06:48:17.560-0300] {processor.py:830} INFO - Processing file /home/jezandre/airflow/airflow_env/lib/python3.11/site-packages/airflow/example_dags/example_short_circuit_decorator.py for tasks to queue
[2024-09-17T06:48:17.562-0300] {logging_mixin.py:188} INFO - [2024-09-17T06:48:17.561-0300] {dagbag.py:545} INFO - Filling up the DagBag from /home/jezandre/airflow/airflow_env/lib/python3.11/site-packages/airflow/example_dags/example_short_circuit_decorator.py
[2024-09-17T06:48:17.571-0300] {processor.py:840} INFO - DAG(s) 'example_short_circuit_decorator' retrieved from /home/jezandre/airflow/airflow_env/lib/python3.11/site-packages/airflow/example_dags/example_short_circuit_decorator.py
[2024-09-17T06:48:17.603-0300] {logging_mixin.py:188} INFO - [2024-09-17T06:48:17.603-0300] {dag.py:3089} INFO - Sync 1 DAGs
[2024-09-17T06:48:17.630-0300] {logging_mixin.py:188} INFO - [2024-09-17T06:48:17.629-0300] {dag.py:3947} INFO - Setting next_dagrun for example_short_circuit_decorator to 2024-09-16 00:00:00+00:00, run_after=2024-09-17 00:00:00+00:00
[2024-09-17T06:48:17.660-0300] {processor.py:183} INFO - Processing /home/jezandre/airflow/airflow_env/lib/python3.11/site-packages/airflow/example_dags/example_short_circuit_decorator.py took 0.110 seconds
[2024-09-17T06:48:48.401-0300] {processor.py:161} INFO - Started process (PID=31907) to work on /home/jezandre/airflow/airflow_env/lib/python3.11/site-packages/airflow/example_dags/example_short_circuit_decorator.py
[2024-09-17T06:48:48.403-0300] {processor.py:830} INFO - Processing file /home/jezandre/airflow/airflow_env/lib/python3.11/site-packages/airflow/example_dags/example_short_circuit_decorator.py for tasks to queue
[2024-09-17T06:48:48.406-0300] {logging_mixin.py:188} INFO - [2024-09-17T06:48:48.405-0300] {dagbag.py:545} INFO - Filling up the DagBag from /home/jezandre/airflow/airflow_env/lib/python3.11/site-packages/airflow/example_dags/example_short_circuit_decorator.py
[2024-09-17T06:48:48.424-0300] {processor.py:840} INFO - DAG(s) 'example_short_circuit_decorator' retrieved from /home/jezandre/airflow/airflow_env/lib/python3.11/site-packages/airflow/example_dags/example_short_circuit_decorator.py
[2024-09-17T06:48:48.469-0300] {logging_mixin.py:188} INFO - [2024-09-17T06:48:48.469-0300] {dag.py:3089} INFO - Sync 1 DAGs
[2024-09-17T06:48:48.513-0300] {logging_mixin.py:188} INFO - [2024-09-17T06:48:48.513-0300] {dag.py:3947} INFO - Setting next_dagrun for example_short_circuit_decorator to 2024-09-16 00:00:00+00:00, run_after=2024-09-17 00:00:00+00:00
[2024-09-17T06:48:48.552-0300] {processor.py:183} INFO - Processing /home/jezandre/airflow/airflow_env/lib/python3.11/site-packages/airflow/example_dags/example_short_circuit_decorator.py took 0.165 seconds
[2024-09-17T06:49:19.622-0300] {processor.py:161} INFO - Started process (PID=32129) to work on /home/jezandre/airflow/airflow_env/lib/python3.11/site-packages/airflow/example_dags/example_short_circuit_decorator.py
[2024-09-17T06:49:19.624-0300] {processor.py:830} INFO - Processing file /home/jezandre/airflow/airflow_env/lib/python3.11/site-packages/airflow/example_dags/example_short_circuit_decorator.py for tasks to queue
[2024-09-17T06:49:19.626-0300] {logging_mixin.py:188} INFO - [2024-09-17T06:49:19.625-0300] {dagbag.py:545} INFO - Filling up the DagBag from /home/jezandre/airflow/airflow_env/lib/python3.11/site-packages/airflow/example_dags/example_short_circuit_decorator.py
[2024-09-17T06:49:19.635-0300] {processor.py:840} INFO - DAG(s) 'example_short_circuit_decorator' retrieved from /home/jezandre/airflow/airflow_env/lib/python3.11/site-packages/airflow/example_dags/example_short_circuit_decorator.py
[2024-09-17T06:49:19.668-0300] {logging_mixin.py:188} INFO - [2024-09-17T06:49:19.668-0300] {dag.py:3089} INFO - Sync 1 DAGs
[2024-09-17T06:49:19.703-0300] {logging_mixin.py:188} INFO - [2024-09-17T06:49:19.702-0300] {dag.py:3947} INFO - Setting next_dagrun for example_short_circuit_decorator to 2024-09-16 00:00:00+00:00, run_after=2024-09-17 00:00:00+00:00
[2024-09-17T06:49:19.732-0300] {processor.py:183} INFO - Processing /home/jezandre/airflow/airflow_env/lib/python3.11/site-packages/airflow/example_dags/example_short_circuit_decorator.py took 0.119 seconds
[2024-09-17T06:49:50.422-0300] {processor.py:161} INFO - Started process (PID=32435) to work on /home/jezandre/airflow/airflow_env/lib/python3.11/site-packages/airflow/example_dags/example_short_circuit_decorator.py
[2024-09-17T06:49:50.424-0300] {processor.py:830} INFO - Processing file /home/jezandre/airflow/airflow_env/lib/python3.11/site-packages/airflow/example_dags/example_short_circuit_decorator.py for tasks to queue
[2024-09-17T06:49:50.426-0300] {logging_mixin.py:188} INFO - [2024-09-17T06:49:50.426-0300] {dagbag.py:545} INFO - Filling up the DagBag from /home/jezandre/airflow/airflow_env/lib/python3.11/site-packages/airflow/example_dags/example_short_circuit_decorator.py
[2024-09-17T06:49:50.436-0300] {processor.py:840} INFO - DAG(s) 'example_short_circuit_decorator' retrieved from /home/jezandre/airflow/airflow_env/lib/python3.11/site-packages/airflow/example_dags/example_short_circuit_decorator.py
[2024-09-17T06:49:50.469-0300] {logging_mixin.py:188} INFO - [2024-09-17T06:49:50.469-0300] {dag.py:3089} INFO - Sync 1 DAGs
[2024-09-17T06:49:50.498-0300] {logging_mixin.py:188} INFO - [2024-09-17T06:49:50.498-0300] {dag.py:3947} INFO - Setting next_dagrun for example_short_circuit_decorator to 2024-09-16 00:00:00+00:00, run_after=2024-09-17 00:00:00+00:00
[2024-09-17T06:49:50.524-0300] {processor.py:183} INFO - Processing /home/jezandre/airflow/airflow_env/lib/python3.11/site-packages/airflow/example_dags/example_short_circuit_decorator.py took 0.111 seconds
[2024-09-17T06:50:21.067-0300] {processor.py:161} INFO - Started process (PID=32712) to work on /home/jezandre/airflow/airflow_env/lib/python3.11/site-packages/airflow/example_dags/example_short_circuit_decorator.py
[2024-09-17T06:50:21.068-0300] {processor.py:830} INFO - Processing file /home/jezandre/airflow/airflow_env/lib/python3.11/site-packages/airflow/example_dags/example_short_circuit_decorator.py for tasks to queue
[2024-09-17T06:50:21.070-0300] {logging_mixin.py:188} INFO - [2024-09-17T06:50:21.070-0300] {dagbag.py:545} INFO - Filling up the DagBag from /home/jezandre/airflow/airflow_env/lib/python3.11/site-packages/airflow/example_dags/example_short_circuit_decorator.py
[2024-09-17T06:50:21.079-0300] {processor.py:840} INFO - DAG(s) 'example_short_circuit_decorator' retrieved from /home/jezandre/airflow/airflow_env/lib/python3.11/site-packages/airflow/example_dags/example_short_circuit_decorator.py
[2024-09-17T06:50:21.116-0300] {logging_mixin.py:188} INFO - [2024-09-17T06:50:21.116-0300] {dag.py:3089} INFO - Sync 1 DAGs
[2024-09-17T06:50:21.150-0300] {logging_mixin.py:188} INFO - [2024-09-17T06:50:21.150-0300] {dag.py:3947} INFO - Setting next_dagrun for example_short_circuit_decorator to 2024-09-16 00:00:00+00:00, run_after=2024-09-17 00:00:00+00:00
[2024-09-17T06:50:21.179-0300] {processor.py:183} INFO - Processing /home/jezandre/airflow/airflow_env/lib/python3.11/site-packages/airflow/example_dags/example_short_circuit_decorator.py took 0.122 seconds
[2024-09-17T06:50:51.394-0300] {processor.py:161} INFO - Started process (PID=32976) to work on /home/jezandre/airflow/airflow_env/lib/python3.11/site-packages/airflow/example_dags/example_short_circuit_decorator.py
[2024-09-17T06:50:51.394-0300] {processor.py:830} INFO - Processing file /home/jezandre/airflow/airflow_env/lib/python3.11/site-packages/airflow/example_dags/example_short_circuit_decorator.py for tasks to queue
[2024-09-17T06:50:51.396-0300] {logging_mixin.py:188} INFO - [2024-09-17T06:50:51.396-0300] {dagbag.py:545} INFO - Filling up the DagBag from /home/jezandre/airflow/airflow_env/lib/python3.11/site-packages/airflow/example_dags/example_short_circuit_decorator.py
[2024-09-17T06:50:51.404-0300] {processor.py:840} INFO - DAG(s) 'example_short_circuit_decorator' retrieved from /home/jezandre/airflow/airflow_env/lib/python3.11/site-packages/airflow/example_dags/example_short_circuit_decorator.py
[2024-09-17T06:50:51.437-0300] {logging_mixin.py:188} INFO - [2024-09-17T06:50:51.437-0300] {dag.py:3089} INFO - Sync 1 DAGs
[2024-09-17T06:50:51.467-0300] {logging_mixin.py:188} INFO - [2024-09-17T06:50:51.467-0300] {dag.py:3947} INFO - Setting next_dagrun for example_short_circuit_decorator to 2024-09-16 00:00:00+00:00, run_after=2024-09-17 00:00:00+00:00
[2024-09-17T06:50:51.504-0300] {processor.py:183} INFO - Processing /home/jezandre/airflow/airflow_env/lib/python3.11/site-packages/airflow/example_dags/example_short_circuit_decorator.py took 0.119 seconds
[2024-09-17T06:51:22.333-0300] {processor.py:161} INFO - Started process (PID=33429) to work on /home/jezandre/airflow/airflow_env/lib/python3.11/site-packages/airflow/example_dags/example_short_circuit_decorator.py
[2024-09-17T06:51:22.334-0300] {processor.py:830} INFO - Processing file /home/jezandre/airflow/airflow_env/lib/python3.11/site-packages/airflow/example_dags/example_short_circuit_decorator.py for tasks to queue
[2024-09-17T06:51:22.336-0300] {logging_mixin.py:188} INFO - [2024-09-17T06:51:22.336-0300] {dagbag.py:545} INFO - Filling up the DagBag from /home/jezandre/airflow/airflow_env/lib/python3.11/site-packages/airflow/example_dags/example_short_circuit_decorator.py
[2024-09-17T06:51:22.348-0300] {processor.py:840} INFO - DAG(s) 'example_short_circuit_decorator' retrieved from /home/jezandre/airflow/airflow_env/lib/python3.11/site-packages/airflow/example_dags/example_short_circuit_decorator.py
[2024-09-17T06:51:22.393-0300] {logging_mixin.py:188} INFO - [2024-09-17T06:51:22.392-0300] {dag.py:3089} INFO - Sync 1 DAGs
[2024-09-17T06:51:22.427-0300] {logging_mixin.py:188} INFO - [2024-09-17T06:51:22.427-0300] {dag.py:3947} INFO - Setting next_dagrun for example_short_circuit_decorator to 2024-09-16 00:00:00+00:00, run_after=2024-09-17 00:00:00+00:00
[2024-09-17T06:51:22.465-0300] {processor.py:183} INFO - Processing /home/jezandre/airflow/airflow_env/lib/python3.11/site-packages/airflow/example_dags/example_short_circuit_decorator.py took 0.142 seconds
[2024-09-17T06:51:52.574-0300] {processor.py:161} INFO - Started process (PID=33725) to work on /home/jezandre/airflow/airflow_env/lib/python3.11/site-packages/airflow/example_dags/example_short_circuit_decorator.py
[2024-09-17T06:51:52.576-0300] {processor.py:830} INFO - Processing file /home/jezandre/airflow/airflow_env/lib/python3.11/site-packages/airflow/example_dags/example_short_circuit_decorator.py for tasks to queue
[2024-09-17T06:51:52.578-0300] {logging_mixin.py:188} INFO - [2024-09-17T06:51:52.577-0300] {dagbag.py:545} INFO - Filling up the DagBag from /home/jezandre/airflow/airflow_env/lib/python3.11/site-packages/airflow/example_dags/example_short_circuit_decorator.py
[2024-09-17T06:51:52.587-0300] {processor.py:840} INFO - DAG(s) 'example_short_circuit_decorator' retrieved from /home/jezandre/airflow/airflow_env/lib/python3.11/site-packages/airflow/example_dags/example_short_circuit_decorator.py
[2024-09-17T06:51:52.617-0300] {logging_mixin.py:188} INFO - [2024-09-17T06:51:52.617-0300] {dag.py:3089} INFO - Sync 1 DAGs
[2024-09-17T06:51:52.644-0300] {logging_mixin.py:188} INFO - [2024-09-17T06:51:52.644-0300] {dag.py:3947} INFO - Setting next_dagrun for example_short_circuit_decorator to 2024-09-16 00:00:00+00:00, run_after=2024-09-17 00:00:00+00:00
[2024-09-17T06:51:52.670-0300] {processor.py:183} INFO - Processing /home/jezandre/airflow/airflow_env/lib/python3.11/site-packages/airflow/example_dags/example_short_circuit_decorator.py took 0.107 seconds
[2024-09-17T06:52:24.101-0300] {processor.py:161} INFO - Started process (PID=34276) to work on /home/jezandre/airflow/airflow_env/lib/python3.11/site-packages/airflow/example_dags/example_short_circuit_decorator.py
[2024-09-17T06:52:24.102-0300] {processor.py:830} INFO - Processing file /home/jezandre/airflow/airflow_env/lib/python3.11/site-packages/airflow/example_dags/example_short_circuit_decorator.py for tasks to queue
[2024-09-17T06:52:24.104-0300] {logging_mixin.py:188} INFO - [2024-09-17T06:52:24.104-0300] {dagbag.py:545} INFO - Filling up the DagBag from /home/jezandre/airflow/airflow_env/lib/python3.11/site-packages/airflow/example_dags/example_short_circuit_decorator.py
[2024-09-17T06:52:24.120-0300] {processor.py:840} INFO - DAG(s) 'example_short_circuit_decorator' retrieved from /home/jezandre/airflow/airflow_env/lib/python3.11/site-packages/airflow/example_dags/example_short_circuit_decorator.py
[2024-09-17T06:52:24.317-0300] {logging_mixin.py:188} INFO - [2024-09-17T06:52:24.316-0300] {dag.py:3089} INFO - Sync 1 DAGs
[2024-09-17T06:52:24.353-0300] {logging_mixin.py:188} INFO - [2024-09-17T06:52:24.352-0300] {dag.py:3947} INFO - Setting next_dagrun for example_short_circuit_decorator to 2024-09-16 00:00:00+00:00, run_after=2024-09-17 00:00:00+00:00
[2024-09-17T06:52:24.393-0300] {processor.py:183} INFO - Processing /home/jezandre/airflow/airflow_env/lib/python3.11/site-packages/airflow/example_dags/example_short_circuit_decorator.py took 0.306 seconds
[2024-09-17T06:52:55.209-0300] {processor.py:161} INFO - Started process (PID=34685) to work on /home/jezandre/airflow/airflow_env/lib/python3.11/site-packages/airflow/example_dags/example_short_circuit_decorator.py
[2024-09-17T06:52:55.210-0300] {processor.py:830} INFO - Processing file /home/jezandre/airflow/airflow_env/lib/python3.11/site-packages/airflow/example_dags/example_short_circuit_decorator.py for tasks to queue
[2024-09-17T06:52:55.212-0300] {logging_mixin.py:188} INFO - [2024-09-17T06:52:55.212-0300] {dagbag.py:545} INFO - Filling up the DagBag from /home/jezandre/airflow/airflow_env/lib/python3.11/site-packages/airflow/example_dags/example_short_circuit_decorator.py
[2024-09-17T06:52:55.223-0300] {processor.py:840} INFO - DAG(s) 'example_short_circuit_decorator' retrieved from /home/jezandre/airflow/airflow_env/lib/python3.11/site-packages/airflow/example_dags/example_short_circuit_decorator.py
[2024-09-17T06:52:55.257-0300] {logging_mixin.py:188} INFO - [2024-09-17T06:52:55.257-0300] {dag.py:3089} INFO - Sync 1 DAGs
[2024-09-17T06:52:55.288-0300] {logging_mixin.py:188} INFO - [2024-09-17T06:52:55.287-0300] {dag.py:3947} INFO - Setting next_dagrun for example_short_circuit_decorator to 2024-09-16 00:00:00+00:00, run_after=2024-09-17 00:00:00+00:00
[2024-09-17T06:52:55.322-0300] {processor.py:183} INFO - Processing /home/jezandre/airflow/airflow_env/lib/python3.11/site-packages/airflow/example_dags/example_short_circuit_decorator.py took 0.124 seconds
[2024-09-17T06:53:25.819-0300] {processor.py:161} INFO - Started process (PID=34898) to work on /home/jezandre/airflow/airflow_env/lib/python3.11/site-packages/airflow/example_dags/example_short_circuit_decorator.py
[2024-09-17T06:53:25.822-0300] {processor.py:830} INFO - Processing file /home/jezandre/airflow/airflow_env/lib/python3.11/site-packages/airflow/example_dags/example_short_circuit_decorator.py for tasks to queue
[2024-09-17T06:53:25.824-0300] {logging_mixin.py:188} INFO - [2024-09-17T06:53:25.824-0300] {dagbag.py:545} INFO - Filling up the DagBag from /home/jezandre/airflow/airflow_env/lib/python3.11/site-packages/airflow/example_dags/example_short_circuit_decorator.py
[2024-09-17T06:53:25.843-0300] {processor.py:840} INFO - DAG(s) 'example_short_circuit_decorator' retrieved from /home/jezandre/airflow/airflow_env/lib/python3.11/site-packages/airflow/example_dags/example_short_circuit_decorator.py
[2024-09-17T06:53:25.905-0300] {logging_mixin.py:188} INFO - [2024-09-17T06:53:25.904-0300] {dag.py:3089} INFO - Sync 1 DAGs
[2024-09-17T06:53:25.954-0300] {logging_mixin.py:188} INFO - [2024-09-17T06:53:25.953-0300] {dag.py:3947} INFO - Setting next_dagrun for example_short_circuit_decorator to 2024-09-16 00:00:00+00:00, run_after=2024-09-17 00:00:00+00:00
[2024-09-17T06:53:25.990-0300] {processor.py:183} INFO - Processing /home/jezandre/airflow/airflow_env/lib/python3.11/site-packages/airflow/example_dags/example_short_circuit_decorator.py took 0.194 seconds
[2024-09-17T06:53:56.603-0300] {processor.py:161} INFO - Started process (PID=35236) to work on /home/jezandre/airflow/airflow_env/lib/python3.11/site-packages/airflow/example_dags/example_short_circuit_decorator.py
[2024-09-17T06:53:56.605-0300] {processor.py:830} INFO - Processing file /home/jezandre/airflow/airflow_env/lib/python3.11/site-packages/airflow/example_dags/example_short_circuit_decorator.py for tasks to queue
[2024-09-17T06:53:56.608-0300] {logging_mixin.py:188} INFO - [2024-09-17T06:53:56.607-0300] {dagbag.py:545} INFO - Filling up the DagBag from /home/jezandre/airflow/airflow_env/lib/python3.11/site-packages/airflow/example_dags/example_short_circuit_decorator.py
[2024-09-17T06:53:56.628-0300] {processor.py:840} INFO - DAG(s) 'example_short_circuit_decorator' retrieved from /home/jezandre/airflow/airflow_env/lib/python3.11/site-packages/airflow/example_dags/example_short_circuit_decorator.py
[2024-09-17T06:53:56.676-0300] {logging_mixin.py:188} INFO - [2024-09-17T06:53:56.676-0300] {dag.py:3089} INFO - Sync 1 DAGs
[2024-09-17T06:53:56.710-0300] {logging_mixin.py:188} INFO - [2024-09-17T06:53:56.709-0300] {dag.py:3947} INFO - Setting next_dagrun for example_short_circuit_decorator to 2024-09-16 00:00:00+00:00, run_after=2024-09-17 00:00:00+00:00
[2024-09-17T06:53:56.743-0300] {processor.py:183} INFO - Processing /home/jezandre/airflow/airflow_env/lib/python3.11/site-packages/airflow/example_dags/example_short_circuit_decorator.py took 0.150 seconds
[2024-09-17T06:54:27.374-0300] {processor.py:161} INFO - Started process (PID=35442) to work on /home/jezandre/airflow/airflow_env/lib/python3.11/site-packages/airflow/example_dags/example_short_circuit_decorator.py
[2024-09-17T06:54:27.375-0300] {processor.py:830} INFO - Processing file /home/jezandre/airflow/airflow_env/lib/python3.11/site-packages/airflow/example_dags/example_short_circuit_decorator.py for tasks to queue
[2024-09-17T06:54:27.378-0300] {logging_mixin.py:188} INFO - [2024-09-17T06:54:27.377-0300] {dagbag.py:545} INFO - Filling up the DagBag from /home/jezandre/airflow/airflow_env/lib/python3.11/site-packages/airflow/example_dags/example_short_circuit_decorator.py
[2024-09-17T06:54:27.389-0300] {processor.py:840} INFO - DAG(s) 'example_short_circuit_decorator' retrieved from /home/jezandre/airflow/airflow_env/lib/python3.11/site-packages/airflow/example_dags/example_short_circuit_decorator.py
[2024-09-17T06:54:27.426-0300] {logging_mixin.py:188} INFO - [2024-09-17T06:54:27.425-0300] {dag.py:3089} INFO - Sync 1 DAGs
[2024-09-17T06:54:27.456-0300] {logging_mixin.py:188} INFO - [2024-09-17T06:54:27.456-0300] {dag.py:3947} INFO - Setting next_dagrun for example_short_circuit_decorator to 2024-09-16 00:00:00+00:00, run_after=2024-09-17 00:00:00+00:00
[2024-09-17T06:54:27.486-0300] {processor.py:183} INFO - Processing /home/jezandre/airflow/airflow_env/lib/python3.11/site-packages/airflow/example_dags/example_short_circuit_decorator.py took 0.123 seconds
[2024-09-17T06:54:57.999-0300] {processor.py:161} INFO - Started process (PID=35702) to work on /home/jezandre/airflow/airflow_env/lib/python3.11/site-packages/airflow/example_dags/example_short_circuit_decorator.py
[2024-09-17T06:54:58.000-0300] {processor.py:830} INFO - Processing file /home/jezandre/airflow/airflow_env/lib/python3.11/site-packages/airflow/example_dags/example_short_circuit_decorator.py for tasks to queue
[2024-09-17T06:54:58.002-0300] {logging_mixin.py:188} INFO - [2024-09-17T06:54:58.002-0300] {dagbag.py:545} INFO - Filling up the DagBag from /home/jezandre/airflow/airflow_env/lib/python3.11/site-packages/airflow/example_dags/example_short_circuit_decorator.py
[2024-09-17T06:54:58.012-0300] {processor.py:840} INFO - DAG(s) 'example_short_circuit_decorator' retrieved from /home/jezandre/airflow/airflow_env/lib/python3.11/site-packages/airflow/example_dags/example_short_circuit_decorator.py
[2024-09-17T06:54:58.042-0300] {logging_mixin.py:188} INFO - [2024-09-17T06:54:58.042-0300] {dag.py:3089} INFO - Sync 1 DAGs
[2024-09-17T06:54:58.071-0300] {logging_mixin.py:188} INFO - [2024-09-17T06:54:58.071-0300] {dag.py:3947} INFO - Setting next_dagrun for example_short_circuit_decorator to 2024-09-16 00:00:00+00:00, run_after=2024-09-17 00:00:00+00:00
[2024-09-17T06:54:58.099-0300] {processor.py:183} INFO - Processing /home/jezandre/airflow/airflow_env/lib/python3.11/site-packages/airflow/example_dags/example_short_circuit_decorator.py took 0.112 seconds
