[2024-09-17T06:27:37.968-0300] {processor.py:161} INFO - Started process (PID=20112) to work on /home/jezandre/airflow/airflow_env/lib/python3.11/site-packages/airflow/example_dags/example_trigger_target_dag.py
[2024-09-17T06:27:37.968-0300] {processor.py:830} INFO - Processing file /home/jezandre/airflow/airflow_env/lib/python3.11/site-packages/airflow/example_dags/example_trigger_target_dag.py for tasks to queue
[2024-09-17T06:27:37.969-0300] {logging_mixin.py:188} INFO - [2024-09-17T06:27:37.969-0300] {dagbag.py:545} INFO - Filling up the DagBag from /home/jezandre/airflow/airflow_env/lib/python3.11/site-packages/airflow/example_dags/example_trigger_target_dag.py
[2024-09-17T06:27:37.977-0300] {processor.py:840} INFO - DAG(s) 'example_trigger_target_dag' retrieved from /home/jezandre/airflow/airflow_env/lib/python3.11/site-packages/airflow/example_dags/example_trigger_target_dag.py
[2024-09-17T06:27:38.187-0300] {logging_mixin.py:188} INFO - [2024-09-17T06:27:38.187-0300] {dag.py:3089} INFO - Sync 1 DAGs
[2024-09-17T06:27:38.198-0300] {logging_mixin.py:188} INFO - [2024-09-17T06:27:38.198-0300] {dag.py:3947} INFO - Setting next_dagrun for example_trigger_target_dag to None, run_after=None
[2024-09-17T06:27:38.227-0300] {processor.py:183} INFO - Processing /home/jezandre/airflow/airflow_env/lib/python3.11/site-packages/airflow/example_dags/example_trigger_target_dag.py took 0.266 seconds
[2024-09-17T06:28:38.772-0300] {processor.py:161} INFO - Started process (PID=20380) to work on /home/jezandre/airflow/airflow_env/lib/python3.11/site-packages/airflow/example_dags/example_trigger_target_dag.py
[2024-09-17T06:28:38.776-0300] {processor.py:830} INFO - Processing file /home/jezandre/airflow/airflow_env/lib/python3.11/site-packages/airflow/example_dags/example_trigger_target_dag.py for tasks to queue
[2024-09-17T06:28:38.779-0300] {logging_mixin.py:188} INFO - [2024-09-17T06:28:38.778-0300] {dagbag.py:545} INFO - Filling up the DagBag from /home/jezandre/airflow/airflow_env/lib/python3.11/site-packages/airflow/example_dags/example_trigger_target_dag.py
[2024-09-17T06:28:38.904-0300] {processor.py:840} INFO - DAG(s) 'example_trigger_target_dag' retrieved from /home/jezandre/airflow/airflow_env/lib/python3.11/site-packages/airflow/example_dags/example_trigger_target_dag.py
[2024-09-17T06:28:38.914-0300] {logging_mixin.py:188} INFO - [2024-09-17T06:28:38.914-0300] {dag.py:3089} INFO - Sync 1 DAGs
[2024-09-17T06:28:38.925-0300] {logging_mixin.py:188} INFO - [2024-09-17T06:28:38.925-0300] {dag.py:3947} INFO - Setting next_dagrun for example_trigger_target_dag to None, run_after=None
[2024-09-17T06:28:38.955-0300] {processor.py:183} INFO - Processing /home/jezandre/airflow/airflow_env/lib/python3.11/site-packages/airflow/example_dags/example_trigger_target_dag.py took 0.190 seconds
[2024-09-17T06:29:34.027-0300] {processor.py:161} INFO - Started process (PID=20799) to work on /home/jezandre/airflow/airflow_env/lib/python3.11/site-packages/airflow/example_dags/example_trigger_target_dag.py
[2024-09-17T06:29:34.031-0300] {processor.py:830} INFO - Processing file /home/jezandre/airflow/airflow_env/lib/python3.11/site-packages/airflow/example_dags/example_trigger_target_dag.py for tasks to queue
[2024-09-17T06:29:34.034-0300] {logging_mixin.py:188} INFO - [2024-09-17T06:29:34.033-0300] {dagbag.py:545} INFO - Filling up the DagBag from /home/jezandre/airflow/airflow_env/lib/python3.11/site-packages/airflow/example_dags/example_trigger_target_dag.py
[2024-09-17T06:29:34.041-0300] {processor.py:840} INFO - DAG(s) 'example_trigger_target_dag' retrieved from /home/jezandre/airflow/airflow_env/lib/python3.11/site-packages/airflow/example_dags/example_trigger_target_dag.py
[2024-09-17T06:29:34.057-0300] {logging_mixin.py:188} INFO - [2024-09-17T06:29:34.057-0300] {dag.py:3089} INFO - Sync 1 DAGs
[2024-09-17T06:29:34.081-0300] {logging_mixin.py:188} INFO - [2024-09-17T06:29:34.081-0300] {dag.py:3947} INFO - Setting next_dagrun for example_trigger_target_dag to None, run_after=None
[2024-09-17T06:29:34.111-0300] {processor.py:183} INFO - Processing /home/jezandre/airflow/airflow_env/lib/python3.11/site-packages/airflow/example_dags/example_trigger_target_dag.py took 0.091 seconds
[2024-09-17T06:29:53.176-0300] {processor.py:161} INFO - Started process (PID=21074) to work on /home/jezandre/airflow/airflow_env/lib/python3.11/site-packages/airflow/example_dags/example_trigger_target_dag.py
[2024-09-17T06:29:53.177-0300] {processor.py:830} INFO - Processing file /home/jezandre/airflow/airflow_env/lib/python3.11/site-packages/airflow/example_dags/example_trigger_target_dag.py for tasks to queue
[2024-09-17T06:29:53.179-0300] {logging_mixin.py:188} INFO - [2024-09-17T06:29:53.179-0300] {dagbag.py:545} INFO - Filling up the DagBag from /home/jezandre/airflow/airflow_env/lib/python3.11/site-packages/airflow/example_dags/example_trigger_target_dag.py
[2024-09-17T06:29:53.189-0300] {processor.py:840} INFO - DAG(s) 'example_trigger_target_dag' retrieved from /home/jezandre/airflow/airflow_env/lib/python3.11/site-packages/airflow/example_dags/example_trigger_target_dag.py
[2024-09-17T06:29:53.500-0300] {logging_mixin.py:188} INFO - [2024-09-17T06:29:53.500-0300] {dag.py:3089} INFO - Sync 1 DAGs
[2024-09-17T06:29:53.513-0300] {logging_mixin.py:188} INFO - [2024-09-17T06:29:53.513-0300] {dag.py:3947} INFO - Setting next_dagrun for example_trigger_target_dag to None, run_after=None
[2024-09-17T06:29:53.541-0300] {processor.py:183} INFO - Processing /home/jezandre/airflow/airflow_env/lib/python3.11/site-packages/airflow/example_dags/example_trigger_target_dag.py took 0.370 seconds
[2024-09-17T06:30:23.961-0300] {processor.py:161} INFO - Started process (PID=21368) to work on /home/jezandre/airflow/airflow_env/lib/python3.11/site-packages/airflow/example_dags/example_trigger_target_dag.py
[2024-09-17T06:30:23.962-0300] {processor.py:830} INFO - Processing file /home/jezandre/airflow/airflow_env/lib/python3.11/site-packages/airflow/example_dags/example_trigger_target_dag.py for tasks to queue
[2024-09-17T06:30:23.964-0300] {logging_mixin.py:188} INFO - [2024-09-17T06:30:23.963-0300] {dagbag.py:545} INFO - Filling up the DagBag from /home/jezandre/airflow/airflow_env/lib/python3.11/site-packages/airflow/example_dags/example_trigger_target_dag.py
[2024-09-17T06:30:23.971-0300] {processor.py:840} INFO - DAG(s) 'example_trigger_target_dag' retrieved from /home/jezandre/airflow/airflow_env/lib/python3.11/site-packages/airflow/example_dags/example_trigger_target_dag.py
[2024-09-17T06:30:24.000-0300] {logging_mixin.py:188} INFO - [2024-09-17T06:30:24.000-0300] {dag.py:3089} INFO - Sync 1 DAGs
[2024-09-17T06:30:24.014-0300] {logging_mixin.py:188} INFO - [2024-09-17T06:30:24.014-0300] {dag.py:3947} INFO - Setting next_dagrun for example_trigger_target_dag to None, run_after=None
[2024-09-17T06:30:24.040-0300] {processor.py:183} INFO - Processing /home/jezandre/airflow/airflow_env/lib/python3.11/site-packages/airflow/example_dags/example_trigger_target_dag.py took 0.085 seconds
[2024-09-17T06:30:54.429-0300] {processor.py:161} INFO - Started process (PID=21578) to work on /home/jezandre/airflow/airflow_env/lib/python3.11/site-packages/airflow/example_dags/example_trigger_target_dag.py
[2024-09-17T06:30:54.429-0300] {processor.py:830} INFO - Processing file /home/jezandre/airflow/airflow_env/lib/python3.11/site-packages/airflow/example_dags/example_trigger_target_dag.py for tasks to queue
[2024-09-17T06:30:54.431-0300] {logging_mixin.py:188} INFO - [2024-09-17T06:30:54.430-0300] {dagbag.py:545} INFO - Filling up the DagBag from /home/jezandre/airflow/airflow_env/lib/python3.11/site-packages/airflow/example_dags/example_trigger_target_dag.py
[2024-09-17T06:30:54.436-0300] {processor.py:840} INFO - DAG(s) 'example_trigger_target_dag' retrieved from /home/jezandre/airflow/airflow_env/lib/python3.11/site-packages/airflow/example_dags/example_trigger_target_dag.py
[2024-09-17T06:30:54.466-0300] {logging_mixin.py:188} INFO - [2024-09-17T06:30:54.465-0300] {dag.py:3089} INFO - Sync 1 DAGs
[2024-09-17T06:30:54.480-0300] {logging_mixin.py:188} INFO - [2024-09-17T06:30:54.480-0300] {dag.py:3947} INFO - Setting next_dagrun for example_trigger_target_dag to None, run_after=None
[2024-09-17T06:30:54.507-0300] {processor.py:183} INFO - Processing /home/jezandre/airflow/airflow_env/lib/python3.11/site-packages/airflow/example_dags/example_trigger_target_dag.py took 0.084 seconds
[2024-09-17T06:31:24.794-0300] {processor.py:161} INFO - Started process (PID=21774) to work on /home/jezandre/airflow/airflow_env/lib/python3.11/site-packages/airflow/example_dags/example_trigger_target_dag.py
[2024-09-17T06:31:24.795-0300] {processor.py:830} INFO - Processing file /home/jezandre/airflow/airflow_env/lib/python3.11/site-packages/airflow/example_dags/example_trigger_target_dag.py for tasks to queue
[2024-09-17T06:31:24.797-0300] {logging_mixin.py:188} INFO - [2024-09-17T06:31:24.797-0300] {dagbag.py:545} INFO - Filling up the DagBag from /home/jezandre/airflow/airflow_env/lib/python3.11/site-packages/airflow/example_dags/example_trigger_target_dag.py
[2024-09-17T06:31:24.805-0300] {processor.py:840} INFO - DAG(s) 'example_trigger_target_dag' retrieved from /home/jezandre/airflow/airflow_env/lib/python3.11/site-packages/airflow/example_dags/example_trigger_target_dag.py
[2024-09-17T06:31:24.833-0300] {logging_mixin.py:188} INFO - [2024-09-17T06:31:24.832-0300] {dag.py:3089} INFO - Sync 1 DAGs
[2024-09-17T06:31:24.846-0300] {logging_mixin.py:188} INFO - [2024-09-17T06:31:24.846-0300] {dag.py:3947} INFO - Setting next_dagrun for example_trigger_target_dag to None, run_after=None
[2024-09-17T06:31:24.875-0300] {processor.py:183} INFO - Processing /home/jezandre/airflow/airflow_env/lib/python3.11/site-packages/airflow/example_dags/example_trigger_target_dag.py took 0.087 seconds
[2024-09-17T06:31:55.265-0300] {processor.py:161} INFO - Started process (PID=22064) to work on /home/jezandre/airflow/airflow_env/lib/python3.11/site-packages/airflow/example_dags/example_trigger_target_dag.py
[2024-09-17T06:31:55.266-0300] {processor.py:830} INFO - Processing file /home/jezandre/airflow/airflow_env/lib/python3.11/site-packages/airflow/example_dags/example_trigger_target_dag.py for tasks to queue
[2024-09-17T06:31:55.268-0300] {logging_mixin.py:188} INFO - [2024-09-17T06:31:55.267-0300] {dagbag.py:545} INFO - Filling up the DagBag from /home/jezandre/airflow/airflow_env/lib/python3.11/site-packages/airflow/example_dags/example_trigger_target_dag.py
[2024-09-17T06:31:55.273-0300] {processor.py:840} INFO - DAG(s) 'example_trigger_target_dag' retrieved from /home/jezandre/airflow/airflow_env/lib/python3.11/site-packages/airflow/example_dags/example_trigger_target_dag.py
[2024-09-17T06:31:55.303-0300] {logging_mixin.py:188} INFO - [2024-09-17T06:31:55.303-0300] {dag.py:3089} INFO - Sync 1 DAGs
[2024-09-17T06:31:55.320-0300] {logging_mixin.py:188} INFO - [2024-09-17T06:31:55.320-0300] {dag.py:3947} INFO - Setting next_dagrun for example_trigger_target_dag to None, run_after=None
[2024-09-17T06:31:55.348-0300] {processor.py:183} INFO - Processing /home/jezandre/airflow/airflow_env/lib/python3.11/site-packages/airflow/example_dags/example_trigger_target_dag.py took 0.089 seconds
[2024-09-17T06:32:26.062-0300] {processor.py:161} INFO - Started process (PID=22544) to work on /home/jezandre/airflow/airflow_env/lib/python3.11/site-packages/airflow/example_dags/example_trigger_target_dag.py
[2024-09-17T06:32:26.063-0300] {processor.py:830} INFO - Processing file /home/jezandre/airflow/airflow_env/lib/python3.11/site-packages/airflow/example_dags/example_trigger_target_dag.py for tasks to queue
[2024-09-17T06:32:26.065-0300] {logging_mixin.py:188} INFO - [2024-09-17T06:32:26.065-0300] {dagbag.py:545} INFO - Filling up the DagBag from /home/jezandre/airflow/airflow_env/lib/python3.11/site-packages/airflow/example_dags/example_trigger_target_dag.py
[2024-09-17T06:32:26.071-0300] {processor.py:840} INFO - DAG(s) 'example_trigger_target_dag' retrieved from /home/jezandre/airflow/airflow_env/lib/python3.11/site-packages/airflow/example_dags/example_trigger_target_dag.py
[2024-09-17T06:32:26.208-0300] {logging_mixin.py:188} INFO - [2024-09-17T06:32:26.207-0300] {dag.py:3089} INFO - Sync 1 DAGs
[2024-09-17T06:32:26.221-0300] {logging_mixin.py:188} INFO - [2024-09-17T06:32:26.221-0300] {dag.py:3947} INFO - Setting next_dagrun for example_trigger_target_dag to None, run_after=None
[2024-09-17T06:32:26.249-0300] {processor.py:183} INFO - Processing /home/jezandre/airflow/airflow_env/lib/python3.11/site-packages/airflow/example_dags/example_trigger_target_dag.py took 0.193 seconds
[2024-09-17T06:32:56.816-0300] {processor.py:161} INFO - Started process (PID=22908) to work on /home/jezandre/airflow/airflow_env/lib/python3.11/site-packages/airflow/example_dags/example_trigger_target_dag.py
[2024-09-17T06:32:56.817-0300] {processor.py:830} INFO - Processing file /home/jezandre/airflow/airflow_env/lib/python3.11/site-packages/airflow/example_dags/example_trigger_target_dag.py for tasks to queue
[2024-09-17T06:32:56.820-0300] {logging_mixin.py:188} INFO - [2024-09-17T06:32:56.819-0300] {dagbag.py:545} INFO - Filling up the DagBag from /home/jezandre/airflow/airflow_env/lib/python3.11/site-packages/airflow/example_dags/example_trigger_target_dag.py
[2024-09-17T06:32:56.826-0300] {processor.py:840} INFO - DAG(s) 'example_trigger_target_dag' retrieved from /home/jezandre/airflow/airflow_env/lib/python3.11/site-packages/airflow/example_dags/example_trigger_target_dag.py
[2024-09-17T06:32:56.857-0300] {logging_mixin.py:188} INFO - [2024-09-17T06:32:56.857-0300] {dag.py:3089} INFO - Sync 1 DAGs
[2024-09-17T06:32:56.874-0300] {logging_mixin.py:188} INFO - [2024-09-17T06:32:56.874-0300] {dag.py:3947} INFO - Setting next_dagrun for example_trigger_target_dag to None, run_after=None
[2024-09-17T06:32:56.902-0300] {processor.py:183} INFO - Processing /home/jezandre/airflow/airflow_env/lib/python3.11/site-packages/airflow/example_dags/example_trigger_target_dag.py took 0.092 seconds
[2024-09-17T06:33:27.319-0300] {processor.py:161} INFO - Started process (PID=23140) to work on /home/jezandre/airflow/airflow_env/lib/python3.11/site-packages/airflow/example_dags/example_trigger_target_dag.py
[2024-09-17T06:33:27.321-0300] {processor.py:830} INFO - Processing file /home/jezandre/airflow/airflow_env/lib/python3.11/site-packages/airflow/example_dags/example_trigger_target_dag.py for tasks to queue
[2024-09-17T06:33:27.323-0300] {logging_mixin.py:188} INFO - [2024-09-17T06:33:27.323-0300] {dagbag.py:545} INFO - Filling up the DagBag from /home/jezandre/airflow/airflow_env/lib/python3.11/site-packages/airflow/example_dags/example_trigger_target_dag.py
[2024-09-17T06:33:27.332-0300] {processor.py:840} INFO - DAG(s) 'example_trigger_target_dag' retrieved from /home/jezandre/airflow/airflow_env/lib/python3.11/site-packages/airflow/example_dags/example_trigger_target_dag.py
[2024-09-17T06:33:27.374-0300] {logging_mixin.py:188} INFO - [2024-09-17T06:33:27.374-0300] {dag.py:3089} INFO - Sync 1 DAGs
[2024-09-17T06:33:27.397-0300] {logging_mixin.py:188} INFO - [2024-09-17T06:33:27.396-0300] {dag.py:3947} INFO - Setting next_dagrun for example_trigger_target_dag to None, run_after=None
[2024-09-17T06:33:27.424-0300] {processor.py:183} INFO - Processing /home/jezandre/airflow/airflow_env/lib/python3.11/site-packages/airflow/example_dags/example_trigger_target_dag.py took 0.111 seconds
[2024-09-17T06:33:58.045-0300] {processor.py:161} INFO - Started process (PID=23418) to work on /home/jezandre/airflow/airflow_env/lib/python3.11/site-packages/airflow/example_dags/example_trigger_target_dag.py
[2024-09-17T06:33:58.047-0300] {processor.py:830} INFO - Processing file /home/jezandre/airflow/airflow_env/lib/python3.11/site-packages/airflow/example_dags/example_trigger_target_dag.py for tasks to queue
[2024-09-17T06:33:58.048-0300] {logging_mixin.py:188} INFO - [2024-09-17T06:33:58.048-0300] {dagbag.py:545} INFO - Filling up the DagBag from /home/jezandre/airflow/airflow_env/lib/python3.11/site-packages/airflow/example_dags/example_trigger_target_dag.py
[2024-09-17T06:33:58.053-0300] {processor.py:840} INFO - DAG(s) 'example_trigger_target_dag' retrieved from /home/jezandre/airflow/airflow_env/lib/python3.11/site-packages/airflow/example_dags/example_trigger_target_dag.py
[2024-09-17T06:33:58.081-0300] {logging_mixin.py:188} INFO - [2024-09-17T06:33:58.080-0300] {dag.py:3089} INFO - Sync 1 DAGs
[2024-09-17T06:33:58.095-0300] {logging_mixin.py:188} INFO - [2024-09-17T06:33:58.095-0300] {dag.py:3947} INFO - Setting next_dagrun for example_trigger_target_dag to None, run_after=None
[2024-09-17T06:33:58.123-0300] {processor.py:183} INFO - Processing /home/jezandre/airflow/airflow_env/lib/python3.11/site-packages/airflow/example_dags/example_trigger_target_dag.py took 0.084 seconds
[2024-09-17T06:34:28.372-0300] {processor.py:161} INFO - Started process (PID=23657) to work on /home/jezandre/airflow/airflow_env/lib/python3.11/site-packages/airflow/example_dags/example_trigger_target_dag.py
[2024-09-17T06:34:28.373-0300] {processor.py:830} INFO - Processing file /home/jezandre/airflow/airflow_env/lib/python3.11/site-packages/airflow/example_dags/example_trigger_target_dag.py for tasks to queue
[2024-09-17T06:34:28.375-0300] {logging_mixin.py:188} INFO - [2024-09-17T06:34:28.375-0300] {dagbag.py:545} INFO - Filling up the DagBag from /home/jezandre/airflow/airflow_env/lib/python3.11/site-packages/airflow/example_dags/example_trigger_target_dag.py
[2024-09-17T06:34:28.382-0300] {processor.py:840} INFO - DAG(s) 'example_trigger_target_dag' retrieved from /home/jezandre/airflow/airflow_env/lib/python3.11/site-packages/airflow/example_dags/example_trigger_target_dag.py
[2024-09-17T06:34:28.412-0300] {logging_mixin.py:188} INFO - [2024-09-17T06:34:28.411-0300] {dag.py:3089} INFO - Sync 1 DAGs
[2024-09-17T06:34:28.430-0300] {logging_mixin.py:188} INFO - [2024-09-17T06:34:28.429-0300] {dag.py:3947} INFO - Setting next_dagrun for example_trigger_target_dag to None, run_after=None
[2024-09-17T06:34:28.463-0300] {processor.py:183} INFO - Processing /home/jezandre/airflow/airflow_env/lib/python3.11/site-packages/airflow/example_dags/example_trigger_target_dag.py took 0.098 seconds
