[2024-09-17T06:27:23.420-0300] {processor.py:161} INFO - Started process (PID=20038) to work on /home/jezandre/airflow/airflow_env/lib/python3.11/site-packages/airflow/example_dags/example_sensor_decorator.py
[2024-09-17T06:27:23.420-0300] {processor.py:830} INFO - Processing file /home/jezandre/airflow/airflow_env/lib/python3.11/site-packages/airflow/example_dags/example_sensor_decorator.py for tasks to queue
[2024-09-17T06:27:23.422-0300] {logging_mixin.py:188} INFO - [2024-09-17T06:27:23.421-0300] {dagbag.py:545} INFO - Filling up the DagBag from /home/jezandre/airflow/airflow_env/lib/python3.11/site-packages/airflow/example_dags/example_sensor_decorator.py
[2024-09-17T06:27:23.430-0300] {processor.py:840} INFO - DAG(s) 'example_sensor_decorator' retrieved from /home/jezandre/airflow/airflow_env/lib/python3.11/site-packages/airflow/example_dags/example_sensor_decorator.py
[2024-09-17T06:27:23.566-0300] {logging_mixin.py:188} INFO - [2024-09-17T06:27:23.566-0300] {dag.py:3089} INFO - Sync 1 DAGs
[2024-09-17T06:27:23.579-0300] {logging_mixin.py:188} INFO - [2024-09-17T06:27:23.578-0300] {dag.py:3947} INFO - Setting next_dagrun for example_sensor_decorator to None, run_after=None
[2024-09-17T06:27:23.761-0300] {processor.py:183} INFO - Processing /home/jezandre/airflow/airflow_env/lib/python3.11/site-packages/airflow/example_dags/example_sensor_decorator.py took 0.346 seconds
[2024-09-17T06:28:26.207-0300] {processor.py:161} INFO - Started process (PID=20312) to work on /home/jezandre/airflow/airflow_env/lib/python3.11/site-packages/airflow/example_dags/example_sensor_decorator.py
[2024-09-17T06:28:26.211-0300] {processor.py:830} INFO - Processing file /home/jezandre/airflow/airflow_env/lib/python3.11/site-packages/airflow/example_dags/example_sensor_decorator.py for tasks to queue
[2024-09-17T06:28:26.212-0300] {logging_mixin.py:188} INFO - [2024-09-17T06:28:26.212-0300] {dagbag.py:545} INFO - Filling up the DagBag from /home/jezandre/airflow/airflow_env/lib/python3.11/site-packages/airflow/example_dags/example_sensor_decorator.py
[2024-09-17T06:28:26.217-0300] {processor.py:840} INFO - DAG(s) 'example_sensor_decorator' retrieved from /home/jezandre/airflow/airflow_env/lib/python3.11/site-packages/airflow/example_dags/example_sensor_decorator.py
[2024-09-17T06:28:26.230-0300] {logging_mixin.py:188} INFO - [2024-09-17T06:28:26.230-0300] {dag.py:3089} INFO - Sync 1 DAGs
[2024-09-17T06:28:26.350-0300] {logging_mixin.py:188} INFO - [2024-09-17T06:28:26.350-0300] {dag.py:3947} INFO - Setting next_dagrun for example_sensor_decorator to None, run_after=None
[2024-09-17T06:28:26.375-0300] {processor.py:183} INFO - Processing /home/jezandre/airflow/airflow_env/lib/python3.11/site-packages/airflow/example_dags/example_sensor_decorator.py took 0.174 seconds
[2024-09-17T06:29:20.366-0300] {processor.py:161} INFO - Started process (PID=20663) to work on /home/jezandre/airflow/airflow_env/lib/python3.11/site-packages/airflow/example_dags/example_sensor_decorator.py
[2024-09-17T06:29:20.367-0300] {processor.py:830} INFO - Processing file /home/jezandre/airflow/airflow_env/lib/python3.11/site-packages/airflow/example_dags/example_sensor_decorator.py for tasks to queue
[2024-09-17T06:29:20.369-0300] {logging_mixin.py:188} INFO - [2024-09-17T06:29:20.368-0300] {dagbag.py:545} INFO - Filling up the DagBag from /home/jezandre/airflow/airflow_env/lib/python3.11/site-packages/airflow/example_dags/example_sensor_decorator.py
[2024-09-17T06:29:20.374-0300] {processor.py:840} INFO - DAG(s) 'example_sensor_decorator' retrieved from /home/jezandre/airflow/airflow_env/lib/python3.11/site-packages/airflow/example_dags/example_sensor_decorator.py
[2024-09-17T06:29:20.388-0300] {logging_mixin.py:188} INFO - [2024-09-17T06:29:20.388-0300] {dag.py:3089} INFO - Sync 1 DAGs
[2024-09-17T06:29:20.404-0300] {logging_mixin.py:188} INFO - [2024-09-17T06:29:20.404-0300] {dag.py:3947} INFO - Setting next_dagrun for example_sensor_decorator to None, run_after=None
[2024-09-17T06:29:20.432-0300] {processor.py:183} INFO - Processing /home/jezandre/airflow/airflow_env/lib/python3.11/site-packages/airflow/example_dags/example_sensor_decorator.py took 0.073 seconds
[2024-09-17T06:29:51.133-0300] {processor.py:161} INFO - Started process (PID=21028) to work on /home/jezandre/airflow/airflow_env/lib/python3.11/site-packages/airflow/example_dags/example_sensor_decorator.py
[2024-09-17T06:29:51.136-0300] {processor.py:830} INFO - Processing file /home/jezandre/airflow/airflow_env/lib/python3.11/site-packages/airflow/example_dags/example_sensor_decorator.py for tasks to queue
[2024-09-17T06:29:51.139-0300] {logging_mixin.py:188} INFO - [2024-09-17T06:29:51.138-0300] {dagbag.py:545} INFO - Filling up the DagBag from /home/jezandre/airflow/airflow_env/lib/python3.11/site-packages/airflow/example_dags/example_sensor_decorator.py
[2024-09-17T06:29:51.157-0300] {processor.py:840} INFO - DAG(s) 'example_sensor_decorator' retrieved from /home/jezandre/airflow/airflow_env/lib/python3.11/site-packages/airflow/example_dags/example_sensor_decorator.py
[2024-09-17T06:29:51.368-0300] {logging_mixin.py:188} INFO - [2024-09-17T06:29:51.367-0300] {dag.py:3089} INFO - Sync 1 DAGs
[2024-09-17T06:29:51.389-0300] {logging_mixin.py:188} INFO - [2024-09-17T06:29:51.389-0300] {dag.py:3947} INFO - Setting next_dagrun for example_sensor_decorator to None, run_after=None
[2024-09-17T06:29:51.587-0300] {processor.py:183} INFO - Processing /home/jezandre/airflow/airflow_env/lib/python3.11/site-packages/airflow/example_dags/example_sensor_decorator.py took 0.466 seconds
[2024-09-17T06:30:21.921-0300] {processor.py:161} INFO - Started process (PID=21340) to work on /home/jezandre/airflow/airflow_env/lib/python3.11/site-packages/airflow/example_dags/example_sensor_decorator.py
[2024-09-17T06:30:21.923-0300] {processor.py:830} INFO - Processing file /home/jezandre/airflow/airflow_env/lib/python3.11/site-packages/airflow/example_dags/example_sensor_decorator.py for tasks to queue
[2024-09-17T06:30:21.925-0300] {logging_mixin.py:188} INFO - [2024-09-17T06:30:21.925-0300] {dagbag.py:545} INFO - Filling up the DagBag from /home/jezandre/airflow/airflow_env/lib/python3.11/site-packages/airflow/example_dags/example_sensor_decorator.py
[2024-09-17T06:30:21.933-0300] {processor.py:840} INFO - DAG(s) 'example_sensor_decorator' retrieved from /home/jezandre/airflow/airflow_env/lib/python3.11/site-packages/airflow/example_dags/example_sensor_decorator.py
[2024-09-17T06:30:21.967-0300] {logging_mixin.py:188} INFO - [2024-09-17T06:30:21.966-0300] {dag.py:3089} INFO - Sync 1 DAGs
[2024-09-17T06:30:21.983-0300] {logging_mixin.py:188} INFO - [2024-09-17T06:30:21.983-0300] {dag.py:3947} INFO - Setting next_dagrun for example_sensor_decorator to None, run_after=None
[2024-09-17T06:30:22.017-0300] {processor.py:183} INFO - Processing /home/jezandre/airflow/airflow_env/lib/python3.11/site-packages/airflow/example_dags/example_sensor_decorator.py took 0.103 seconds
[2024-09-17T06:30:52.687-0300] {processor.py:161} INFO - Started process (PID=21549) to work on /home/jezandre/airflow/airflow_env/lib/python3.11/site-packages/airflow/example_dags/example_sensor_decorator.py
[2024-09-17T06:30:52.689-0300] {processor.py:830} INFO - Processing file /home/jezandre/airflow/airflow_env/lib/python3.11/site-packages/airflow/example_dags/example_sensor_decorator.py for tasks to queue
[2024-09-17T06:30:52.691-0300] {logging_mixin.py:188} INFO - [2024-09-17T06:30:52.690-0300] {dagbag.py:545} INFO - Filling up the DagBag from /home/jezandre/airflow/airflow_env/lib/python3.11/site-packages/airflow/example_dags/example_sensor_decorator.py
[2024-09-17T06:30:52.697-0300] {processor.py:840} INFO - DAG(s) 'example_sensor_decorator' retrieved from /home/jezandre/airflow/airflow_env/lib/python3.11/site-packages/airflow/example_dags/example_sensor_decorator.py
[2024-09-17T06:30:52.728-0300] {logging_mixin.py:188} INFO - [2024-09-17T06:30:52.728-0300] {dag.py:3089} INFO - Sync 1 DAGs
[2024-09-17T06:30:52.743-0300] {logging_mixin.py:188} INFO - [2024-09-17T06:30:52.743-0300] {dag.py:3947} INFO - Setting next_dagrun for example_sensor_decorator to None, run_after=None
[2024-09-17T06:30:52.769-0300] {processor.py:183} INFO - Processing /home/jezandre/airflow/airflow_env/lib/python3.11/site-packages/airflow/example_dags/example_sensor_decorator.py took 0.090 seconds
[2024-09-17T06:31:22.932-0300] {processor.py:161} INFO - Started process (PID=21745) to work on /home/jezandre/airflow/airflow_env/lib/python3.11/site-packages/airflow/example_dags/example_sensor_decorator.py
[2024-09-17T06:31:22.933-0300] {processor.py:830} INFO - Processing file /home/jezandre/airflow/airflow_env/lib/python3.11/site-packages/airflow/example_dags/example_sensor_decorator.py for tasks to queue
[2024-09-17T06:31:22.934-0300] {logging_mixin.py:188} INFO - [2024-09-17T06:31:22.934-0300] {dagbag.py:545} INFO - Filling up the DagBag from /home/jezandre/airflow/airflow_env/lib/python3.11/site-packages/airflow/example_dags/example_sensor_decorator.py
[2024-09-17T06:31:22.940-0300] {processor.py:840} INFO - DAG(s) 'example_sensor_decorator' retrieved from /home/jezandre/airflow/airflow_env/lib/python3.11/site-packages/airflow/example_dags/example_sensor_decorator.py
[2024-09-17T06:31:22.967-0300] {logging_mixin.py:188} INFO - [2024-09-17T06:31:22.967-0300] {dag.py:3089} INFO - Sync 1 DAGs
[2024-09-17T06:31:22.980-0300] {logging_mixin.py:188} INFO - [2024-09-17T06:31:22.980-0300] {dag.py:3947} INFO - Setting next_dagrun for example_sensor_decorator to None, run_after=None
[2024-09-17T06:31:23.009-0300] {processor.py:183} INFO - Processing /home/jezandre/airflow/airflow_env/lib/python3.11/site-packages/airflow/example_dags/example_sensor_decorator.py took 0.083 seconds
[2024-09-17T06:31:53.364-0300] {processor.py:161} INFO - Started process (PID=22034) to work on /home/jezandre/airflow/airflow_env/lib/python3.11/site-packages/airflow/example_dags/example_sensor_decorator.py
[2024-09-17T06:31:53.365-0300] {processor.py:830} INFO - Processing file /home/jezandre/airflow/airflow_env/lib/python3.11/site-packages/airflow/example_dags/example_sensor_decorator.py for tasks to queue
[2024-09-17T06:31:53.367-0300] {logging_mixin.py:188} INFO - [2024-09-17T06:31:53.367-0300] {dagbag.py:545} INFO - Filling up the DagBag from /home/jezandre/airflow/airflow_env/lib/python3.11/site-packages/airflow/example_dags/example_sensor_decorator.py
[2024-09-17T06:31:53.374-0300] {processor.py:840} INFO - DAG(s) 'example_sensor_decorator' retrieved from /home/jezandre/airflow/airflow_env/lib/python3.11/site-packages/airflow/example_dags/example_sensor_decorator.py
[2024-09-17T06:31:53.406-0300] {logging_mixin.py:188} INFO - [2024-09-17T06:31:53.406-0300] {dag.py:3089} INFO - Sync 1 DAGs
[2024-09-17T06:31:53.424-0300] {logging_mixin.py:188} INFO - [2024-09-17T06:31:53.424-0300] {dag.py:3947} INFO - Setting next_dagrun for example_sensor_decorator to None, run_after=None
[2024-09-17T06:31:53.459-0300] {processor.py:183} INFO - Processing /home/jezandre/airflow/airflow_env/lib/python3.11/site-packages/airflow/example_dags/example_sensor_decorator.py took 0.101 seconds
[2024-09-17T06:32:24.523-0300] {processor.py:161} INFO - Started process (PID=22508) to work on /home/jezandre/airflow/airflow_env/lib/python3.11/site-packages/airflow/example_dags/example_sensor_decorator.py
[2024-09-17T06:32:24.524-0300] {processor.py:830} INFO - Processing file /home/jezandre/airflow/airflow_env/lib/python3.11/site-packages/airflow/example_dags/example_sensor_decorator.py for tasks to queue
[2024-09-17T06:32:24.525-0300] {logging_mixin.py:188} INFO - [2024-09-17T06:32:24.525-0300] {dagbag.py:545} INFO - Filling up the DagBag from /home/jezandre/airflow/airflow_env/lib/python3.11/site-packages/airflow/example_dags/example_sensor_decorator.py
[2024-09-17T06:32:24.532-0300] {processor.py:840} INFO - DAG(s) 'example_sensor_decorator' retrieved from /home/jezandre/airflow/airflow_env/lib/python3.11/site-packages/airflow/example_dags/example_sensor_decorator.py
[2024-09-17T06:32:24.656-0300] {logging_mixin.py:188} INFO - [2024-09-17T06:32:24.656-0300] {dag.py:3089} INFO - Sync 1 DAGs
[2024-09-17T06:32:24.675-0300] {logging_mixin.py:188} INFO - [2024-09-17T06:32:24.675-0300] {dag.py:3947} INFO - Setting next_dagrun for example_sensor_decorator to None, run_after=None
[2024-09-17T06:32:24.711-0300] {processor.py:183} INFO - Processing /home/jezandre/airflow/airflow_env/lib/python3.11/site-packages/airflow/example_dags/example_sensor_decorator.py took 0.196 seconds
[2024-09-17T06:32:54.888-0300] {processor.py:161} INFO - Started process (PID=22879) to work on /home/jezandre/airflow/airflow_env/lib/python3.11/site-packages/airflow/example_dags/example_sensor_decorator.py
[2024-09-17T06:32:54.890-0300] {processor.py:830} INFO - Processing file /home/jezandre/airflow/airflow_env/lib/python3.11/site-packages/airflow/example_dags/example_sensor_decorator.py for tasks to queue
[2024-09-17T06:32:54.891-0300] {logging_mixin.py:188} INFO - [2024-09-17T06:32:54.891-0300] {dagbag.py:545} INFO - Filling up the DagBag from /home/jezandre/airflow/airflow_env/lib/python3.11/site-packages/airflow/example_dags/example_sensor_decorator.py
[2024-09-17T06:32:54.896-0300] {processor.py:840} INFO - DAG(s) 'example_sensor_decorator' retrieved from /home/jezandre/airflow/airflow_env/lib/python3.11/site-packages/airflow/example_dags/example_sensor_decorator.py
[2024-09-17T06:32:54.925-0300] {logging_mixin.py:188} INFO - [2024-09-17T06:32:54.925-0300] {dag.py:3089} INFO - Sync 1 DAGs
[2024-09-17T06:32:54.941-0300] {logging_mixin.py:188} INFO - [2024-09-17T06:32:54.940-0300] {dag.py:3947} INFO - Setting next_dagrun for example_sensor_decorator to None, run_after=None
[2024-09-17T06:32:54.972-0300] {processor.py:183} INFO - Processing /home/jezandre/airflow/airflow_env/lib/python3.11/site-packages/airflow/example_dags/example_sensor_decorator.py took 0.092 seconds
[2024-09-17T06:33:25.606-0300] {processor.py:161} INFO - Started process (PID=23112) to work on /home/jezandre/airflow/airflow_env/lib/python3.11/site-packages/airflow/example_dags/example_sensor_decorator.py
[2024-09-17T06:33:25.607-0300] {processor.py:830} INFO - Processing file /home/jezandre/airflow/airflow_env/lib/python3.11/site-packages/airflow/example_dags/example_sensor_decorator.py for tasks to queue
[2024-09-17T06:33:25.609-0300] {logging_mixin.py:188} INFO - [2024-09-17T06:33:25.609-0300] {dagbag.py:545} INFO - Filling up the DagBag from /home/jezandre/airflow/airflow_env/lib/python3.11/site-packages/airflow/example_dags/example_sensor_decorator.py
[2024-09-17T06:33:25.616-0300] {processor.py:840} INFO - DAG(s) 'example_sensor_decorator' retrieved from /home/jezandre/airflow/airflow_env/lib/python3.11/site-packages/airflow/example_dags/example_sensor_decorator.py
[2024-09-17T06:33:25.643-0300] {logging_mixin.py:188} INFO - [2024-09-17T06:33:25.643-0300] {dag.py:3089} INFO - Sync 1 DAGs
[2024-09-17T06:33:25.658-0300] {logging_mixin.py:188} INFO - [2024-09-17T06:33:25.657-0300] {dag.py:3947} INFO - Setting next_dagrun for example_sensor_decorator to None, run_after=None
[2024-09-17T06:33:25.683-0300] {processor.py:183} INFO - Processing /home/jezandre/airflow/airflow_env/lib/python3.11/site-packages/airflow/example_dags/example_sensor_decorator.py took 0.085 seconds
[2024-09-17T06:33:56.223-0300] {processor.py:161} INFO - Started process (PID=23390) to work on /home/jezandre/airflow/airflow_env/lib/python3.11/site-packages/airflow/example_dags/example_sensor_decorator.py
[2024-09-17T06:33:56.224-0300] {processor.py:830} INFO - Processing file /home/jezandre/airflow/airflow_env/lib/python3.11/site-packages/airflow/example_dags/example_sensor_decorator.py for tasks to queue
[2024-09-17T06:33:56.226-0300] {logging_mixin.py:188} INFO - [2024-09-17T06:33:56.226-0300] {dagbag.py:545} INFO - Filling up the DagBag from /home/jezandre/airflow/airflow_env/lib/python3.11/site-packages/airflow/example_dags/example_sensor_decorator.py
[2024-09-17T06:33:56.233-0300] {processor.py:840} INFO - DAG(s) 'example_sensor_decorator' retrieved from /home/jezandre/airflow/airflow_env/lib/python3.11/site-packages/airflow/example_dags/example_sensor_decorator.py
[2024-09-17T06:33:56.261-0300] {logging_mixin.py:188} INFO - [2024-09-17T06:33:56.261-0300] {dag.py:3089} INFO - Sync 1 DAGs
[2024-09-17T06:33:56.282-0300] {logging_mixin.py:188} INFO - [2024-09-17T06:33:56.282-0300] {dag.py:3947} INFO - Setting next_dagrun for example_sensor_decorator to None, run_after=None
[2024-09-17T06:33:56.311-0300] {processor.py:183} INFO - Processing /home/jezandre/airflow/airflow_env/lib/python3.11/site-packages/airflow/example_dags/example_sensor_decorator.py took 0.094 seconds
[2024-09-17T06:34:26.612-0300] {processor.py:161} INFO - Started process (PID=23634) to work on /home/jezandre/airflow/airflow_env/lib/python3.11/site-packages/airflow/example_dags/example_sensor_decorator.py
[2024-09-17T06:34:26.613-0300] {processor.py:830} INFO - Processing file /home/jezandre/airflow/airflow_env/lib/python3.11/site-packages/airflow/example_dags/example_sensor_decorator.py for tasks to queue
[2024-09-17T06:34:26.616-0300] {logging_mixin.py:188} INFO - [2024-09-17T06:34:26.615-0300] {dagbag.py:545} INFO - Filling up the DagBag from /home/jezandre/airflow/airflow_env/lib/python3.11/site-packages/airflow/example_dags/example_sensor_decorator.py
[2024-09-17T06:34:26.625-0300] {processor.py:840} INFO - DAG(s) 'example_sensor_decorator' retrieved from /home/jezandre/airflow/airflow_env/lib/python3.11/site-packages/airflow/example_dags/example_sensor_decorator.py
[2024-09-17T06:34:26.654-0300] {logging_mixin.py:188} INFO - [2024-09-17T06:34:26.654-0300] {dag.py:3089} INFO - Sync 1 DAGs
[2024-09-17T06:34:26.668-0300] {logging_mixin.py:188} INFO - [2024-09-17T06:34:26.667-0300] {dag.py:3947} INFO - Setting next_dagrun for example_sensor_decorator to None, run_after=None
[2024-09-17T06:34:26.695-0300] {processor.py:183} INFO - Processing /home/jezandre/airflow/airflow_env/lib/python3.11/site-packages/airflow/example_dags/example_sensor_decorator.py took 0.089 seconds
[2024-09-17T06:34:57.051-0300] {processor.py:161} INFO - Started process (PID=23977) to work on /home/jezandre/airflow/airflow_env/lib/python3.11/site-packages/airflow/example_dags/example_sensor_decorator.py
[2024-09-17T06:34:57.053-0300] {processor.py:830} INFO - Processing file /home/jezandre/airflow/airflow_env/lib/python3.11/site-packages/airflow/example_dags/example_sensor_decorator.py for tasks to queue
[2024-09-17T06:34:57.055-0300] {logging_mixin.py:188} INFO - [2024-09-17T06:34:57.054-0300] {dagbag.py:545} INFO - Filling up the DagBag from /home/jezandre/airflow/airflow_env/lib/python3.11/site-packages/airflow/example_dags/example_sensor_decorator.py
[2024-09-17T06:34:57.060-0300] {processor.py:840} INFO - DAG(s) 'example_sensor_decorator' retrieved from /home/jezandre/airflow/airflow_env/lib/python3.11/site-packages/airflow/example_dags/example_sensor_decorator.py
[2024-09-17T06:34:57.085-0300] {logging_mixin.py:188} INFO - [2024-09-17T06:34:57.084-0300] {dag.py:3089} INFO - Sync 1 DAGs
[2024-09-17T06:34:57.098-0300] {logging_mixin.py:188} INFO - [2024-09-17T06:34:57.098-0300] {dag.py:3947} INFO - Setting next_dagrun for example_sensor_decorator to None, run_after=None
[2024-09-17T06:34:57.121-0300] {processor.py:183} INFO - Processing /home/jezandre/airflow/airflow_env/lib/python3.11/site-packages/airflow/example_dags/example_sensor_decorator.py took 0.076 seconds
[2024-09-17T06:35:27.777-0300] {processor.py:161} INFO - Started process (PID=24212) to work on /home/jezandre/airflow/airflow_env/lib/python3.11/site-packages/airflow/example_dags/example_sensor_decorator.py
[2024-09-17T06:35:27.778-0300] {processor.py:830} INFO - Processing file /home/jezandre/airflow/airflow_env/lib/python3.11/site-packages/airflow/example_dags/example_sensor_decorator.py for tasks to queue
[2024-09-17T06:35:27.780-0300] {logging_mixin.py:188} INFO - [2024-09-17T06:35:27.779-0300] {dagbag.py:545} INFO - Filling up the DagBag from /home/jezandre/airflow/airflow_env/lib/python3.11/site-packages/airflow/example_dags/example_sensor_decorator.py
[2024-09-17T06:35:27.786-0300] {processor.py:840} INFO - DAG(s) 'example_sensor_decorator' retrieved from /home/jezandre/airflow/airflow_env/lib/python3.11/site-packages/airflow/example_dags/example_sensor_decorator.py
[2024-09-17T06:35:27.813-0300] {logging_mixin.py:188} INFO - [2024-09-17T06:35:27.813-0300] {dag.py:3089} INFO - Sync 1 DAGs
[2024-09-17T06:35:27.828-0300] {logging_mixin.py:188} INFO - [2024-09-17T06:35:27.828-0300] {dag.py:3947} INFO - Setting next_dagrun for example_sensor_decorator to None, run_after=None
[2024-09-17T06:35:27.854-0300] {processor.py:183} INFO - Processing /home/jezandre/airflow/airflow_env/lib/python3.11/site-packages/airflow/example_dags/example_sensor_decorator.py took 0.084 seconds
[2024-09-17T06:35:57.995-0300] {processor.py:161} INFO - Started process (PID=24538) to work on /home/jezandre/airflow/airflow_env/lib/python3.11/site-packages/airflow/example_dags/example_sensor_decorator.py
[2024-09-17T06:35:57.996-0300] {processor.py:830} INFO - Processing file /home/jezandre/airflow/airflow_env/lib/python3.11/site-packages/airflow/example_dags/example_sensor_decorator.py for tasks to queue
[2024-09-17T06:35:57.998-0300] {logging_mixin.py:188} INFO - [2024-09-17T06:35:57.998-0300] {dagbag.py:545} INFO - Filling up the DagBag from /home/jezandre/airflow/airflow_env/lib/python3.11/site-packages/airflow/example_dags/example_sensor_decorator.py
[2024-09-17T06:35:58.005-0300] {processor.py:840} INFO - DAG(s) 'example_sensor_decorator' retrieved from /home/jezandre/airflow/airflow_env/lib/python3.11/site-packages/airflow/example_dags/example_sensor_decorator.py
[2024-09-17T06:35:58.031-0300] {logging_mixin.py:188} INFO - [2024-09-17T06:35:58.030-0300] {dag.py:3089} INFO - Sync 1 DAGs
[2024-09-17T06:35:58.044-0300] {logging_mixin.py:188} INFO - [2024-09-17T06:35:58.044-0300] {dag.py:3947} INFO - Setting next_dagrun for example_sensor_decorator to None, run_after=None
[2024-09-17T06:35:58.071-0300] {processor.py:183} INFO - Processing /home/jezandre/airflow/airflow_env/lib/python3.11/site-packages/airflow/example_dags/example_sensor_decorator.py took 0.081 seconds
[2024-09-17T06:36:28.372-0300] {processor.py:161} INFO - Started process (PID=24756) to work on /home/jezandre/airflow/airflow_env/lib/python3.11/site-packages/airflow/example_dags/example_sensor_decorator.py
[2024-09-17T06:36:28.374-0300] {processor.py:830} INFO - Processing file /home/jezandre/airflow/airflow_env/lib/python3.11/site-packages/airflow/example_dags/example_sensor_decorator.py for tasks to queue
[2024-09-17T06:36:28.375-0300] {logging_mixin.py:188} INFO - [2024-09-17T06:36:28.375-0300] {dagbag.py:545} INFO - Filling up the DagBag from /home/jezandre/airflow/airflow_env/lib/python3.11/site-packages/airflow/example_dags/example_sensor_decorator.py
[2024-09-17T06:36:28.382-0300] {processor.py:840} INFO - DAG(s) 'example_sensor_decorator' retrieved from /home/jezandre/airflow/airflow_env/lib/python3.11/site-packages/airflow/example_dags/example_sensor_decorator.py
[2024-09-17T06:36:28.413-0300] {logging_mixin.py:188} INFO - [2024-09-17T06:36:28.413-0300] {dag.py:3089} INFO - Sync 1 DAGs
[2024-09-17T06:36:28.433-0300] {logging_mixin.py:188} INFO - [2024-09-17T06:36:28.433-0300] {dag.py:3947} INFO - Setting next_dagrun for example_sensor_decorator to None, run_after=None
[2024-09-17T06:36:28.461-0300] {processor.py:183} INFO - Processing /home/jezandre/airflow/airflow_env/lib/python3.11/site-packages/airflow/example_dags/example_sensor_decorator.py took 0.096 seconds
[2024-09-17T06:36:58.809-0300] {processor.py:161} INFO - Started process (PID=24988) to work on /home/jezandre/airflow/airflow_env/lib/python3.11/site-packages/airflow/example_dags/example_sensor_decorator.py
[2024-09-17T06:36:58.810-0300] {processor.py:830} INFO - Processing file /home/jezandre/airflow/airflow_env/lib/python3.11/site-packages/airflow/example_dags/example_sensor_decorator.py for tasks to queue
[2024-09-17T06:36:58.812-0300] {logging_mixin.py:188} INFO - [2024-09-17T06:36:58.812-0300] {dagbag.py:545} INFO - Filling up the DagBag from /home/jezandre/airflow/airflow_env/lib/python3.11/site-packages/airflow/example_dags/example_sensor_decorator.py
[2024-09-17T06:36:58.819-0300] {processor.py:840} INFO - DAG(s) 'example_sensor_decorator' retrieved from /home/jezandre/airflow/airflow_env/lib/python3.11/site-packages/airflow/example_dags/example_sensor_decorator.py
[2024-09-17T06:36:58.846-0300] {logging_mixin.py:188} INFO - [2024-09-17T06:36:58.846-0300] {dag.py:3089} INFO - Sync 1 DAGs
[2024-09-17T06:36:58.862-0300] {logging_mixin.py:188} INFO - [2024-09-17T06:36:58.861-0300] {dag.py:3947} INFO - Setting next_dagrun for example_sensor_decorator to None, run_after=None
[2024-09-17T06:36:58.884-0300] {processor.py:183} INFO - Processing /home/jezandre/airflow/airflow_env/lib/python3.11/site-packages/airflow/example_dags/example_sensor_decorator.py took 0.080 seconds
[2024-09-17T06:37:29.972-0300] {processor.py:161} INFO - Started process (PID=25199) to work on /home/jezandre/airflow/airflow_env/lib/python3.11/site-packages/airflow/example_dags/example_sensor_decorator.py
[2024-09-17T06:37:29.974-0300] {processor.py:830} INFO - Processing file /home/jezandre/airflow/airflow_env/lib/python3.11/site-packages/airflow/example_dags/example_sensor_decorator.py for tasks to queue
[2024-09-17T06:37:29.977-0300] {logging_mixin.py:188} INFO - [2024-09-17T06:37:29.976-0300] {dagbag.py:545} INFO - Filling up the DagBag from /home/jezandre/airflow/airflow_env/lib/python3.11/site-packages/airflow/example_dags/example_sensor_decorator.py
[2024-09-17T06:37:29.986-0300] {processor.py:840} INFO - DAG(s) 'example_sensor_decorator' retrieved from /home/jezandre/airflow/airflow_env/lib/python3.11/site-packages/airflow/example_dags/example_sensor_decorator.py
[2024-09-17T06:37:30.157-0300] {logging_mixin.py:188} INFO - [2024-09-17T06:37:30.157-0300] {dag.py:3089} INFO - Sync 1 DAGs
[2024-09-17T06:37:30.170-0300] {logging_mixin.py:188} INFO - [2024-09-17T06:37:30.170-0300] {dag.py:3947} INFO - Setting next_dagrun for example_sensor_decorator to None, run_after=None
[2024-09-17T06:37:30.201-0300] {processor.py:183} INFO - Processing /home/jezandre/airflow/airflow_env/lib/python3.11/site-packages/airflow/example_dags/example_sensor_decorator.py took 0.235 seconds
[2024-09-17T06:38:00.396-0300] {processor.py:161} INFO - Started process (PID=25434) to work on /home/jezandre/airflow/airflow_env/lib/python3.11/site-packages/airflow/example_dags/example_sensor_decorator.py
[2024-09-17T06:38:00.397-0300] {processor.py:830} INFO - Processing file /home/jezandre/airflow/airflow_env/lib/python3.11/site-packages/airflow/example_dags/example_sensor_decorator.py for tasks to queue
[2024-09-17T06:38:00.399-0300] {logging_mixin.py:188} INFO - [2024-09-17T06:38:00.398-0300] {dagbag.py:545} INFO - Filling up the DagBag from /home/jezandre/airflow/airflow_env/lib/python3.11/site-packages/airflow/example_dags/example_sensor_decorator.py
[2024-09-17T06:38:00.403-0300] {processor.py:840} INFO - DAG(s) 'example_sensor_decorator' retrieved from /home/jezandre/airflow/airflow_env/lib/python3.11/site-packages/airflow/example_dags/example_sensor_decorator.py
[2024-09-17T06:38:00.432-0300] {logging_mixin.py:188} INFO - [2024-09-17T06:38:00.431-0300] {dag.py:3089} INFO - Sync 1 DAGs
[2024-09-17T06:38:00.446-0300] {logging_mixin.py:188} INFO - [2024-09-17T06:38:00.446-0300] {dag.py:3947} INFO - Setting next_dagrun for example_sensor_decorator to None, run_after=None
[2024-09-17T06:38:00.473-0300] {processor.py:183} INFO - Processing /home/jezandre/airflow/airflow_env/lib/python3.11/site-packages/airflow/example_dags/example_sensor_decorator.py took 0.084 seconds
[2024-09-17T06:38:30.853-0300] {processor.py:161} INFO - Started process (PID=25748) to work on /home/jezandre/airflow/airflow_env/lib/python3.11/site-packages/airflow/example_dags/example_sensor_decorator.py
[2024-09-17T06:38:30.854-0300] {processor.py:830} INFO - Processing file /home/jezandre/airflow/airflow_env/lib/python3.11/site-packages/airflow/example_dags/example_sensor_decorator.py for tasks to queue
[2024-09-17T06:38:30.857-0300] {logging_mixin.py:188} INFO - [2024-09-17T06:38:30.856-0300] {dagbag.py:545} INFO - Filling up the DagBag from /home/jezandre/airflow/airflow_env/lib/python3.11/site-packages/airflow/example_dags/example_sensor_decorator.py
[2024-09-17T06:38:30.866-0300] {processor.py:840} INFO - DAG(s) 'example_sensor_decorator' retrieved from /home/jezandre/airflow/airflow_env/lib/python3.11/site-packages/airflow/example_dags/example_sensor_decorator.py
[2024-09-17T06:38:30.904-0300] {logging_mixin.py:188} INFO - [2024-09-17T06:38:30.903-0300] {dag.py:3089} INFO - Sync 1 DAGs
[2024-09-17T06:38:30.922-0300] {logging_mixin.py:188} INFO - [2024-09-17T06:38:30.922-0300] {dag.py:3947} INFO - Setting next_dagrun for example_sensor_decorator to None, run_after=None
[2024-09-17T06:38:30.953-0300] {processor.py:183} INFO - Processing /home/jezandre/airflow/airflow_env/lib/python3.11/site-packages/airflow/example_dags/example_sensor_decorator.py took 0.107 seconds
[2024-09-17T06:39:01.391-0300] {processor.py:161} INFO - Started process (PID=26069) to work on /home/jezandre/airflow/airflow_env/lib/python3.11/site-packages/airflow/example_dags/example_sensor_decorator.py
[2024-09-17T06:39:01.392-0300] {processor.py:830} INFO - Processing file /home/jezandre/airflow/airflow_env/lib/python3.11/site-packages/airflow/example_dags/example_sensor_decorator.py for tasks to queue
[2024-09-17T06:39:01.393-0300] {logging_mixin.py:188} INFO - [2024-09-17T06:39:01.393-0300] {dagbag.py:545} INFO - Filling up the DagBag from /home/jezandre/airflow/airflow_env/lib/python3.11/site-packages/airflow/example_dags/example_sensor_decorator.py
[2024-09-17T06:39:01.398-0300] {processor.py:840} INFO - DAG(s) 'example_sensor_decorator' retrieved from /home/jezandre/airflow/airflow_env/lib/python3.11/site-packages/airflow/example_dags/example_sensor_decorator.py
[2024-09-17T06:39:01.426-0300] {logging_mixin.py:188} INFO - [2024-09-17T06:39:01.426-0300] {dag.py:3089} INFO - Sync 1 DAGs
[2024-09-17T06:39:01.442-0300] {logging_mixin.py:188} INFO - [2024-09-17T06:39:01.442-0300] {dag.py:3947} INFO - Setting next_dagrun for example_sensor_decorator to None, run_after=None
[2024-09-17T06:39:01.471-0300] {processor.py:183} INFO - Processing /home/jezandre/airflow/airflow_env/lib/python3.11/site-packages/airflow/example_dags/example_sensor_decorator.py took 0.089 seconds
[2024-09-17T06:39:31.975-0300] {processor.py:161} INFO - Started process (PID=26311) to work on /home/jezandre/airflow/airflow_env/lib/python3.11/site-packages/airflow/example_dags/example_sensor_decorator.py
[2024-09-17T06:39:31.977-0300] {processor.py:830} INFO - Processing file /home/jezandre/airflow/airflow_env/lib/python3.11/site-packages/airflow/example_dags/example_sensor_decorator.py for tasks to queue
[2024-09-17T06:39:31.979-0300] {logging_mixin.py:188} INFO - [2024-09-17T06:39:31.978-0300] {dagbag.py:545} INFO - Filling up the DagBag from /home/jezandre/airflow/airflow_env/lib/python3.11/site-packages/airflow/example_dags/example_sensor_decorator.py
[2024-09-17T06:39:31.985-0300] {processor.py:840} INFO - DAG(s) 'example_sensor_decorator' retrieved from /home/jezandre/airflow/airflow_env/lib/python3.11/site-packages/airflow/example_dags/example_sensor_decorator.py
[2024-09-17T06:39:32.012-0300] {logging_mixin.py:188} INFO - [2024-09-17T06:39:32.011-0300] {dag.py:3089} INFO - Sync 1 DAGs
[2024-09-17T06:39:32.028-0300] {logging_mixin.py:188} INFO - [2024-09-17T06:39:32.028-0300] {dag.py:3947} INFO - Setting next_dagrun for example_sensor_decorator to None, run_after=None
[2024-09-17T06:39:32.056-0300] {processor.py:183} INFO - Processing /home/jezandre/airflow/airflow_env/lib/python3.11/site-packages/airflow/example_dags/example_sensor_decorator.py took 0.091 seconds
[2024-09-17T06:40:02.767-0300] {processor.py:161} INFO - Started process (PID=26584) to work on /home/jezandre/airflow/airflow_env/lib/python3.11/site-packages/airflow/example_dags/example_sensor_decorator.py
[2024-09-17T06:40:02.768-0300] {processor.py:830} INFO - Processing file /home/jezandre/airflow/airflow_env/lib/python3.11/site-packages/airflow/example_dags/example_sensor_decorator.py for tasks to queue
[2024-09-17T06:40:02.770-0300] {logging_mixin.py:188} INFO - [2024-09-17T06:40:02.769-0300] {dagbag.py:545} INFO - Filling up the DagBag from /home/jezandre/airflow/airflow_env/lib/python3.11/site-packages/airflow/example_dags/example_sensor_decorator.py
[2024-09-17T06:40:02.776-0300] {processor.py:840} INFO - DAG(s) 'example_sensor_decorator' retrieved from /home/jezandre/airflow/airflow_env/lib/python3.11/site-packages/airflow/example_dags/example_sensor_decorator.py
[2024-09-17T06:40:02.804-0300] {logging_mixin.py:188} INFO - [2024-09-17T06:40:02.804-0300] {dag.py:3089} INFO - Sync 1 DAGs
[2024-09-17T06:40:02.819-0300] {logging_mixin.py:188} INFO - [2024-09-17T06:40:02.819-0300] {dag.py:3947} INFO - Setting next_dagrun for example_sensor_decorator to None, run_after=None
[2024-09-17T06:40:02.846-0300] {processor.py:183} INFO - Processing /home/jezandre/airflow/airflow_env/lib/python3.11/site-packages/airflow/example_dags/example_sensor_decorator.py took 0.089 seconds
[2024-09-17T06:40:33.277-0300] {processor.py:161} INFO - Started process (PID=26941) to work on /home/jezandre/airflow/airflow_env/lib/python3.11/site-packages/airflow/example_dags/example_sensor_decorator.py
[2024-09-17T06:40:33.279-0300] {processor.py:830} INFO - Processing file /home/jezandre/airflow/airflow_env/lib/python3.11/site-packages/airflow/example_dags/example_sensor_decorator.py for tasks to queue
[2024-09-17T06:40:33.281-0300] {logging_mixin.py:188} INFO - [2024-09-17T06:40:33.280-0300] {dagbag.py:545} INFO - Filling up the DagBag from /home/jezandre/airflow/airflow_env/lib/python3.11/site-packages/airflow/example_dags/example_sensor_decorator.py
[2024-09-17T06:40:33.286-0300] {processor.py:840} INFO - DAG(s) 'example_sensor_decorator' retrieved from /home/jezandre/airflow/airflow_env/lib/python3.11/site-packages/airflow/example_dags/example_sensor_decorator.py
[2024-09-17T06:40:33.313-0300] {logging_mixin.py:188} INFO - [2024-09-17T06:40:33.313-0300] {dag.py:3089} INFO - Sync 1 DAGs
[2024-09-17T06:40:33.328-0300] {logging_mixin.py:188} INFO - [2024-09-17T06:40:33.328-0300] {dag.py:3947} INFO - Setting next_dagrun for example_sensor_decorator to None, run_after=None
[2024-09-17T06:40:33.355-0300] {processor.py:183} INFO - Processing /home/jezandre/airflow/airflow_env/lib/python3.11/site-packages/airflow/example_dags/example_sensor_decorator.py took 0.091 seconds
[2024-09-17T06:41:03.814-0300] {processor.py:161} INFO - Started process (PID=27288) to work on /home/jezandre/airflow/airflow_env/lib/python3.11/site-packages/airflow/example_dags/example_sensor_decorator.py
[2024-09-17T06:41:03.816-0300] {processor.py:830} INFO - Processing file /home/jezandre/airflow/airflow_env/lib/python3.11/site-packages/airflow/example_dags/example_sensor_decorator.py for tasks to queue
[2024-09-17T06:41:03.817-0300] {logging_mixin.py:188} INFO - [2024-09-17T06:41:03.817-0300] {dagbag.py:545} INFO - Filling up the DagBag from /home/jezandre/airflow/airflow_env/lib/python3.11/site-packages/airflow/example_dags/example_sensor_decorator.py
[2024-09-17T06:41:03.822-0300] {processor.py:840} INFO - DAG(s) 'example_sensor_decorator' retrieved from /home/jezandre/airflow/airflow_env/lib/python3.11/site-packages/airflow/example_dags/example_sensor_decorator.py
[2024-09-17T06:41:03.853-0300] {logging_mixin.py:188} INFO - [2024-09-17T06:41:03.852-0300] {dag.py:3089} INFO - Sync 1 DAGs
[2024-09-17T06:41:03.871-0300] {logging_mixin.py:188} INFO - [2024-09-17T06:41:03.871-0300] {dag.py:3947} INFO - Setting next_dagrun for example_sensor_decorator to None, run_after=None
[2024-09-17T06:41:03.900-0300] {processor.py:183} INFO - Processing /home/jezandre/airflow/airflow_env/lib/python3.11/site-packages/airflow/example_dags/example_sensor_decorator.py took 0.095 seconds
[2024-09-17T06:41:34.364-0300] {processor.py:161} INFO - Started process (PID=27628) to work on /home/jezandre/airflow/airflow_env/lib/python3.11/site-packages/airflow/example_dags/example_sensor_decorator.py
[2024-09-17T06:41:34.365-0300] {processor.py:830} INFO - Processing file /home/jezandre/airflow/airflow_env/lib/python3.11/site-packages/airflow/example_dags/example_sensor_decorator.py for tasks to queue
[2024-09-17T06:41:34.367-0300] {logging_mixin.py:188} INFO - [2024-09-17T06:41:34.367-0300] {dagbag.py:545} INFO - Filling up the DagBag from /home/jezandre/airflow/airflow_env/lib/python3.11/site-packages/airflow/example_dags/example_sensor_decorator.py
[2024-09-17T06:41:34.375-0300] {processor.py:840} INFO - DAG(s) 'example_sensor_decorator' retrieved from /home/jezandre/airflow/airflow_env/lib/python3.11/site-packages/airflow/example_dags/example_sensor_decorator.py
[2024-09-17T06:41:34.404-0300] {logging_mixin.py:188} INFO - [2024-09-17T06:41:34.404-0300] {dag.py:3089} INFO - Sync 1 DAGs
[2024-09-17T06:41:34.419-0300] {logging_mixin.py:188} INFO - [2024-09-17T06:41:34.419-0300] {dag.py:3947} INFO - Setting next_dagrun for example_sensor_decorator to None, run_after=None
[2024-09-17T06:41:34.450-0300] {processor.py:183} INFO - Processing /home/jezandre/airflow/airflow_env/lib/python3.11/site-packages/airflow/example_dags/example_sensor_decorator.py took 0.095 seconds
[2024-09-17T06:42:04.661-0300] {processor.py:161} INFO - Started process (PID=27861) to work on /home/jezandre/airflow/airflow_env/lib/python3.11/site-packages/airflow/example_dags/example_sensor_decorator.py
[2024-09-17T06:42:04.662-0300] {processor.py:830} INFO - Processing file /home/jezandre/airflow/airflow_env/lib/python3.11/site-packages/airflow/example_dags/example_sensor_decorator.py for tasks to queue
[2024-09-17T06:42:04.664-0300] {logging_mixin.py:188} INFO - [2024-09-17T06:42:04.664-0300] {dagbag.py:545} INFO - Filling up the DagBag from /home/jezandre/airflow/airflow_env/lib/python3.11/site-packages/airflow/example_dags/example_sensor_decorator.py
[2024-09-17T06:42:04.670-0300] {processor.py:840} INFO - DAG(s) 'example_sensor_decorator' retrieved from /home/jezandre/airflow/airflow_env/lib/python3.11/site-packages/airflow/example_dags/example_sensor_decorator.py
[2024-09-17T06:42:04.700-0300] {logging_mixin.py:188} INFO - [2024-09-17T06:42:04.699-0300] {dag.py:3089} INFO - Sync 1 DAGs
[2024-09-17T06:42:04.716-0300] {logging_mixin.py:188} INFO - [2024-09-17T06:42:04.715-0300] {dag.py:3947} INFO - Setting next_dagrun for example_sensor_decorator to None, run_after=None
[2024-09-17T06:42:04.744-0300] {processor.py:183} INFO - Processing /home/jezandre/airflow/airflow_env/lib/python3.11/site-packages/airflow/example_dags/example_sensor_decorator.py took 0.091 seconds
[2024-09-17T06:42:35.870-0300] {processor.py:161} INFO - Started process (PID=28068) to work on /home/jezandre/airflow/airflow_env/lib/python3.11/site-packages/airflow/example_dags/example_sensor_decorator.py
[2024-09-17T06:42:35.872-0300] {processor.py:830} INFO - Processing file /home/jezandre/airflow/airflow_env/lib/python3.11/site-packages/airflow/example_dags/example_sensor_decorator.py for tasks to queue
[2024-09-17T06:42:35.875-0300] {logging_mixin.py:188} INFO - [2024-09-17T06:42:35.874-0300] {dagbag.py:545} INFO - Filling up the DagBag from /home/jezandre/airflow/airflow_env/lib/python3.11/site-packages/airflow/example_dags/example_sensor_decorator.py
[2024-09-17T06:42:35.883-0300] {processor.py:840} INFO - DAG(s) 'example_sensor_decorator' retrieved from /home/jezandre/airflow/airflow_env/lib/python3.11/site-packages/airflow/example_dags/example_sensor_decorator.py
[2024-09-17T06:42:36.020-0300] {logging_mixin.py:188} INFO - [2024-09-17T06:42:36.019-0300] {dag.py:3089} INFO - Sync 1 DAGs
[2024-09-17T06:42:36.034-0300] {logging_mixin.py:188} INFO - [2024-09-17T06:42:36.033-0300] {dag.py:3947} INFO - Setting next_dagrun for example_sensor_decorator to None, run_after=None
[2024-09-17T06:42:36.064-0300] {processor.py:183} INFO - Processing /home/jezandre/airflow/airflow_env/lib/python3.11/site-packages/airflow/example_dags/example_sensor_decorator.py took 0.205 seconds
[2024-09-17T06:43:06.193-0300] {processor.py:161} INFO - Started process (PID=28832) to work on /home/jezandre/airflow/airflow_env/lib/python3.11/site-packages/airflow/example_dags/example_sensor_decorator.py
[2024-09-17T06:43:06.194-0300] {processor.py:830} INFO - Processing file /home/jezandre/airflow/airflow_env/lib/python3.11/site-packages/airflow/example_dags/example_sensor_decorator.py for tasks to queue
[2024-09-17T06:43:06.196-0300] {logging_mixin.py:188} INFO - [2024-09-17T06:43:06.196-0300] {dagbag.py:545} INFO - Filling up the DagBag from /home/jezandre/airflow/airflow_env/lib/python3.11/site-packages/airflow/example_dags/example_sensor_decorator.py
[2024-09-17T06:43:06.201-0300] {processor.py:840} INFO - DAG(s) 'example_sensor_decorator' retrieved from /home/jezandre/airflow/airflow_env/lib/python3.11/site-packages/airflow/example_dags/example_sensor_decorator.py
[2024-09-17T06:43:06.229-0300] {logging_mixin.py:188} INFO - [2024-09-17T06:43:06.229-0300] {dag.py:3089} INFO - Sync 1 DAGs
[2024-09-17T06:43:06.246-0300] {logging_mixin.py:188} INFO - [2024-09-17T06:43:06.245-0300] {dag.py:3947} INFO - Setting next_dagrun for example_sensor_decorator to None, run_after=None
[2024-09-17T06:43:06.276-0300] {processor.py:183} INFO - Processing /home/jezandre/airflow/airflow_env/lib/python3.11/site-packages/airflow/example_dags/example_sensor_decorator.py took 0.094 seconds
[2024-09-17T06:43:37.287-0300] {processor.py:161} INFO - Started process (PID=29126) to work on /home/jezandre/airflow/airflow_env/lib/python3.11/site-packages/airflow/example_dags/example_sensor_decorator.py
[2024-09-17T06:43:37.288-0300] {processor.py:830} INFO - Processing file /home/jezandre/airflow/airflow_env/lib/python3.11/site-packages/airflow/example_dags/example_sensor_decorator.py for tasks to queue
[2024-09-17T06:43:37.289-0300] {logging_mixin.py:188} INFO - [2024-09-17T06:43:37.289-0300] {dagbag.py:545} INFO - Filling up the DagBag from /home/jezandre/airflow/airflow_env/lib/python3.11/site-packages/airflow/example_dags/example_sensor_decorator.py
[2024-09-17T06:43:37.295-0300] {processor.py:840} INFO - DAG(s) 'example_sensor_decorator' retrieved from /home/jezandre/airflow/airflow_env/lib/python3.11/site-packages/airflow/example_dags/example_sensor_decorator.py
[2024-09-17T06:43:37.324-0300] {logging_mixin.py:188} INFO - [2024-09-17T06:43:37.323-0300] {dag.py:3089} INFO - Sync 1 DAGs
[2024-09-17T06:43:37.338-0300] {logging_mixin.py:188} INFO - [2024-09-17T06:43:37.338-0300] {dag.py:3947} INFO - Setting next_dagrun for example_sensor_decorator to None, run_after=None
[2024-09-17T06:43:37.365-0300] {processor.py:183} INFO - Processing /home/jezandre/airflow/airflow_env/lib/python3.11/site-packages/airflow/example_dags/example_sensor_decorator.py took 0.089 seconds
[2024-09-17T06:44:07.957-0300] {processor.py:161} INFO - Started process (PID=29351) to work on /home/jezandre/airflow/airflow_env/lib/python3.11/site-packages/airflow/example_dags/example_sensor_decorator.py
[2024-09-17T06:44:07.957-0300] {processor.py:830} INFO - Processing file /home/jezandre/airflow/airflow_env/lib/python3.11/site-packages/airflow/example_dags/example_sensor_decorator.py for tasks to queue
[2024-09-17T06:44:07.959-0300] {logging_mixin.py:188} INFO - [2024-09-17T06:44:07.958-0300] {dagbag.py:545} INFO - Filling up the DagBag from /home/jezandre/airflow/airflow_env/lib/python3.11/site-packages/airflow/example_dags/example_sensor_decorator.py
[2024-09-17T06:44:07.964-0300] {processor.py:840} INFO - DAG(s) 'example_sensor_decorator' retrieved from /home/jezandre/airflow/airflow_env/lib/python3.11/site-packages/airflow/example_dags/example_sensor_decorator.py
[2024-09-17T06:44:07.990-0300] {logging_mixin.py:188} INFO - [2024-09-17T06:44:07.989-0300] {dag.py:3089} INFO - Sync 1 DAGs
[2024-09-17T06:44:08.004-0300] {logging_mixin.py:188} INFO - [2024-09-17T06:44:08.003-0300] {dag.py:3947} INFO - Setting next_dagrun for example_sensor_decorator to None, run_after=None
[2024-09-17T06:44:08.028-0300] {processor.py:183} INFO - Processing /home/jezandre/airflow/airflow_env/lib/python3.11/site-packages/airflow/example_dags/example_sensor_decorator.py took 0.080 seconds
[2024-09-17T06:44:38.366-0300] {processor.py:161} INFO - Started process (PID=29546) to work on /home/jezandre/airflow/airflow_env/lib/python3.11/site-packages/airflow/example_dags/example_sensor_decorator.py
[2024-09-17T06:44:38.367-0300] {processor.py:830} INFO - Processing file /home/jezandre/airflow/airflow_env/lib/python3.11/site-packages/airflow/example_dags/example_sensor_decorator.py for tasks to queue
[2024-09-17T06:44:38.369-0300] {logging_mixin.py:188} INFO - [2024-09-17T06:44:38.369-0300] {dagbag.py:545} INFO - Filling up the DagBag from /home/jezandre/airflow/airflow_env/lib/python3.11/site-packages/airflow/example_dags/example_sensor_decorator.py
[2024-09-17T06:44:38.377-0300] {processor.py:840} INFO - DAG(s) 'example_sensor_decorator' retrieved from /home/jezandre/airflow/airflow_env/lib/python3.11/site-packages/airflow/example_dags/example_sensor_decorator.py
[2024-09-17T06:44:38.420-0300] {logging_mixin.py:188} INFO - [2024-09-17T06:44:38.420-0300] {dag.py:3089} INFO - Sync 1 DAGs
[2024-09-17T06:44:38.439-0300] {logging_mixin.py:188} INFO - [2024-09-17T06:44:38.439-0300] {dag.py:3947} INFO - Setting next_dagrun for example_sensor_decorator to None, run_after=None
[2024-09-17T06:44:38.476-0300] {processor.py:183} INFO - Processing /home/jezandre/airflow/airflow_env/lib/python3.11/site-packages/airflow/example_dags/example_sensor_decorator.py took 0.122 seconds
[2024-09-17T06:45:09.336-0300] {processor.py:161} INFO - Started process (PID=29887) to work on /home/jezandre/airflow/airflow_env/lib/python3.11/site-packages/airflow/example_dags/example_sensor_decorator.py
[2024-09-17T06:45:09.337-0300] {processor.py:830} INFO - Processing file /home/jezandre/airflow/airflow_env/lib/python3.11/site-packages/airflow/example_dags/example_sensor_decorator.py for tasks to queue
[2024-09-17T06:45:09.339-0300] {logging_mixin.py:188} INFO - [2024-09-17T06:45:09.339-0300] {dagbag.py:545} INFO - Filling up the DagBag from /home/jezandre/airflow/airflow_env/lib/python3.11/site-packages/airflow/example_dags/example_sensor_decorator.py
[2024-09-17T06:45:09.347-0300] {processor.py:840} INFO - DAG(s) 'example_sensor_decorator' retrieved from /home/jezandre/airflow/airflow_env/lib/python3.11/site-packages/airflow/example_dags/example_sensor_decorator.py
[2024-09-17T06:45:09.388-0300] {logging_mixin.py:188} INFO - [2024-09-17T06:45:09.387-0300] {dag.py:3089} INFO - Sync 1 DAGs
[2024-09-17T06:45:09.406-0300] {logging_mixin.py:188} INFO - [2024-09-17T06:45:09.406-0300] {dag.py:3947} INFO - Setting next_dagrun for example_sensor_decorator to None, run_after=None
[2024-09-17T06:45:09.443-0300] {processor.py:183} INFO - Processing /home/jezandre/airflow/airflow_env/lib/python3.11/site-packages/airflow/example_dags/example_sensor_decorator.py took 0.118 seconds
[2024-09-17T06:45:39.610-0300] {processor.py:161} INFO - Started process (PID=30169) to work on /home/jezandre/airflow/airflow_env/lib/python3.11/site-packages/airflow/example_dags/example_sensor_decorator.py
[2024-09-17T06:45:39.610-0300] {processor.py:830} INFO - Processing file /home/jezandre/airflow/airflow_env/lib/python3.11/site-packages/airflow/example_dags/example_sensor_decorator.py for tasks to queue
[2024-09-17T06:45:39.612-0300] {logging_mixin.py:188} INFO - [2024-09-17T06:45:39.611-0300] {dagbag.py:545} INFO - Filling up the DagBag from /home/jezandre/airflow/airflow_env/lib/python3.11/site-packages/airflow/example_dags/example_sensor_decorator.py
[2024-09-17T06:45:39.617-0300] {processor.py:840} INFO - DAG(s) 'example_sensor_decorator' retrieved from /home/jezandre/airflow/airflow_env/lib/python3.11/site-packages/airflow/example_dags/example_sensor_decorator.py
[2024-09-17T06:45:39.643-0300] {logging_mixin.py:188} INFO - [2024-09-17T06:45:39.642-0300] {dag.py:3089} INFO - Sync 1 DAGs
[2024-09-17T06:45:39.657-0300] {logging_mixin.py:188} INFO - [2024-09-17T06:45:39.657-0300] {dag.py:3947} INFO - Setting next_dagrun for example_sensor_decorator to None, run_after=None
[2024-09-17T06:45:39.680-0300] {processor.py:183} INFO - Processing /home/jezandre/airflow/airflow_env/lib/python3.11/site-packages/airflow/example_dags/example_sensor_decorator.py took 0.077 seconds
[2024-09-17T06:46:10.643-0300] {processor.py:161} INFO - Started process (PID=30506) to work on /home/jezandre/airflow/airflow_env/lib/python3.11/site-packages/airflow/example_dags/example_sensor_decorator.py
[2024-09-17T06:46:10.644-0300] {processor.py:830} INFO - Processing file /home/jezandre/airflow/airflow_env/lib/python3.11/site-packages/airflow/example_dags/example_sensor_decorator.py for tasks to queue
[2024-09-17T06:46:10.646-0300] {logging_mixin.py:188} INFO - [2024-09-17T06:46:10.646-0300] {dagbag.py:545} INFO - Filling up the DagBag from /home/jezandre/airflow/airflow_env/lib/python3.11/site-packages/airflow/example_dags/example_sensor_decorator.py
[2024-09-17T06:46:10.652-0300] {processor.py:840} INFO - DAG(s) 'example_sensor_decorator' retrieved from /home/jezandre/airflow/airflow_env/lib/python3.11/site-packages/airflow/example_dags/example_sensor_decorator.py
[2024-09-17T06:46:10.680-0300] {logging_mixin.py:188} INFO - [2024-09-17T06:46:10.679-0300] {dag.py:3089} INFO - Sync 1 DAGs
[2024-09-17T06:46:10.693-0300] {logging_mixin.py:188} INFO - [2024-09-17T06:46:10.693-0300] {dag.py:3947} INFO - Setting next_dagrun for example_sensor_decorator to None, run_after=None
[2024-09-17T06:46:10.719-0300] {processor.py:183} INFO - Processing /home/jezandre/airflow/airflow_env/lib/python3.11/site-packages/airflow/example_dags/example_sensor_decorator.py took 0.085 seconds
[2024-09-17T06:46:41.638-0300] {processor.py:161} INFO - Started process (PID=30826) to work on /home/jezandre/airflow/airflow_env/lib/python3.11/site-packages/airflow/example_dags/example_sensor_decorator.py
[2024-09-17T06:46:41.639-0300] {processor.py:830} INFO - Processing file /home/jezandre/airflow/airflow_env/lib/python3.11/site-packages/airflow/example_dags/example_sensor_decorator.py for tasks to queue
[2024-09-17T06:46:41.642-0300] {logging_mixin.py:188} INFO - [2024-09-17T06:46:41.642-0300] {dagbag.py:545} INFO - Filling up the DagBag from /home/jezandre/airflow/airflow_env/lib/python3.11/site-packages/airflow/example_dags/example_sensor_decorator.py
[2024-09-17T06:46:41.647-0300] {processor.py:840} INFO - DAG(s) 'example_sensor_decorator' retrieved from /home/jezandre/airflow/airflow_env/lib/python3.11/site-packages/airflow/example_dags/example_sensor_decorator.py
[2024-09-17T06:46:41.676-0300] {logging_mixin.py:188} INFO - [2024-09-17T06:46:41.676-0300] {dag.py:3089} INFO - Sync 1 DAGs
[2024-09-17T06:46:41.692-0300] {logging_mixin.py:188} INFO - [2024-09-17T06:46:41.691-0300] {dag.py:3947} INFO - Setting next_dagrun for example_sensor_decorator to None, run_after=None
[2024-09-17T06:46:41.718-0300] {processor.py:183} INFO - Processing /home/jezandre/airflow/airflow_env/lib/python3.11/site-packages/airflow/example_dags/example_sensor_decorator.py took 0.090 seconds
[2024-09-17T06:47:12.461-0300] {processor.py:161} INFO - Started process (PID=31117) to work on /home/jezandre/airflow/airflow_env/lib/python3.11/site-packages/airflow/example_dags/example_sensor_decorator.py
[2024-09-17T06:47:12.462-0300] {processor.py:830} INFO - Processing file /home/jezandre/airflow/airflow_env/lib/python3.11/site-packages/airflow/example_dags/example_sensor_decorator.py for tasks to queue
[2024-09-17T06:47:12.463-0300] {logging_mixin.py:188} INFO - [2024-09-17T06:47:12.463-0300] {dagbag.py:545} INFO - Filling up the DagBag from /home/jezandre/airflow/airflow_env/lib/python3.11/site-packages/airflow/example_dags/example_sensor_decorator.py
[2024-09-17T06:47:12.468-0300] {processor.py:840} INFO - DAG(s) 'example_sensor_decorator' retrieved from /home/jezandre/airflow/airflow_env/lib/python3.11/site-packages/airflow/example_dags/example_sensor_decorator.py
[2024-09-17T06:47:12.588-0300] {logging_mixin.py:188} INFO - [2024-09-17T06:47:12.588-0300] {dag.py:3089} INFO - Sync 1 DAGs
[2024-09-17T06:47:12.600-0300] {logging_mixin.py:188} INFO - [2024-09-17T06:47:12.600-0300] {dag.py:3947} INFO - Setting next_dagrun for example_sensor_decorator to None, run_after=None
[2024-09-17T06:47:12.628-0300] {processor.py:183} INFO - Processing /home/jezandre/airflow/airflow_env/lib/python3.11/site-packages/airflow/example_dags/example_sensor_decorator.py took 0.175 seconds
[2024-09-17T06:47:42.850-0300] {processor.py:161} INFO - Started process (PID=31348) to work on /home/jezandre/airflow/airflow_env/lib/python3.11/site-packages/airflow/example_dags/example_sensor_decorator.py
[2024-09-17T06:47:42.852-0300] {processor.py:830} INFO - Processing file /home/jezandre/airflow/airflow_env/lib/python3.11/site-packages/airflow/example_dags/example_sensor_decorator.py for tasks to queue
[2024-09-17T06:47:42.854-0300] {logging_mixin.py:188} INFO - [2024-09-17T06:47:42.854-0300] {dagbag.py:545} INFO - Filling up the DagBag from /home/jezandre/airflow/airflow_env/lib/python3.11/site-packages/airflow/example_dags/example_sensor_decorator.py
[2024-09-17T06:47:42.861-0300] {processor.py:840} INFO - DAG(s) 'example_sensor_decorator' retrieved from /home/jezandre/airflow/airflow_env/lib/python3.11/site-packages/airflow/example_dags/example_sensor_decorator.py
[2024-09-17T06:47:42.900-0300] {logging_mixin.py:188} INFO - [2024-09-17T06:47:42.900-0300] {dag.py:3089} INFO - Sync 1 DAGs
[2024-09-17T06:47:42.921-0300] {logging_mixin.py:188} INFO - [2024-09-17T06:47:42.920-0300] {dag.py:3947} INFO - Setting next_dagrun for example_sensor_decorator to None, run_after=None
[2024-09-17T06:47:42.951-0300] {processor.py:183} INFO - Processing /home/jezandre/airflow/airflow_env/lib/python3.11/site-packages/airflow/example_dags/example_sensor_decorator.py took 0.113 seconds
[2024-09-17T06:48:13.224-0300] {processor.py:161} INFO - Started process (PID=31595) to work on /home/jezandre/airflow/airflow_env/lib/python3.11/site-packages/airflow/example_dags/example_sensor_decorator.py
[2024-09-17T06:48:13.225-0300] {processor.py:830} INFO - Processing file /home/jezandre/airflow/airflow_env/lib/python3.11/site-packages/airflow/example_dags/example_sensor_decorator.py for tasks to queue
[2024-09-17T06:48:13.231-0300] {logging_mixin.py:188} INFO - [2024-09-17T06:48:13.230-0300] {dagbag.py:545} INFO - Filling up the DagBag from /home/jezandre/airflow/airflow_env/lib/python3.11/site-packages/airflow/example_dags/example_sensor_decorator.py
[2024-09-17T06:48:13.240-0300] {processor.py:840} INFO - DAG(s) 'example_sensor_decorator' retrieved from /home/jezandre/airflow/airflow_env/lib/python3.11/site-packages/airflow/example_dags/example_sensor_decorator.py
[2024-09-17T06:48:13.281-0300] {logging_mixin.py:188} INFO - [2024-09-17T06:48:13.280-0300] {dag.py:3089} INFO - Sync 1 DAGs
[2024-09-17T06:48:13.301-0300] {logging_mixin.py:188} INFO - [2024-09-17T06:48:13.301-0300] {dag.py:3947} INFO - Setting next_dagrun for example_sensor_decorator to None, run_after=None
[2024-09-17T06:48:13.331-0300] {processor.py:183} INFO - Processing /home/jezandre/airflow/airflow_env/lib/python3.11/site-packages/airflow/example_dags/example_sensor_decorator.py took 0.117 seconds
[2024-09-17T06:48:43.965-0300] {processor.py:161} INFO - Started process (PID=31855) to work on /home/jezandre/airflow/airflow_env/lib/python3.11/site-packages/airflow/example_dags/example_sensor_decorator.py
[2024-09-17T06:48:43.967-0300] {processor.py:830} INFO - Processing file /home/jezandre/airflow/airflow_env/lib/python3.11/site-packages/airflow/example_dags/example_sensor_decorator.py for tasks to queue
[2024-09-17T06:48:43.970-0300] {logging_mixin.py:188} INFO - [2024-09-17T06:48:43.969-0300] {dagbag.py:545} INFO - Filling up the DagBag from /home/jezandre/airflow/airflow_env/lib/python3.11/site-packages/airflow/example_dags/example_sensor_decorator.py
[2024-09-17T06:48:43.978-0300] {processor.py:840} INFO - DAG(s) 'example_sensor_decorator' retrieved from /home/jezandre/airflow/airflow_env/lib/python3.11/site-packages/airflow/example_dags/example_sensor_decorator.py
[2024-09-17T06:48:44.007-0300] {logging_mixin.py:188} INFO - [2024-09-17T06:48:44.006-0300] {dag.py:3089} INFO - Sync 1 DAGs
[2024-09-17T06:48:44.022-0300] {logging_mixin.py:188} INFO - [2024-09-17T06:48:44.021-0300] {dag.py:3947} INFO - Setting next_dagrun for example_sensor_decorator to None, run_after=None
[2024-09-17T06:48:44.049-0300] {processor.py:183} INFO - Processing /home/jezandre/airflow/airflow_env/lib/python3.11/site-packages/airflow/example_dags/example_sensor_decorator.py took 0.092 seconds
[2024-09-17T06:49:15.086-0300] {processor.py:161} INFO - Started process (PID=32070) to work on /home/jezandre/airflow/airflow_env/lib/python3.11/site-packages/airflow/example_dags/example_sensor_decorator.py
[2024-09-17T06:49:15.087-0300] {processor.py:830} INFO - Processing file /home/jezandre/airflow/airflow_env/lib/python3.11/site-packages/airflow/example_dags/example_sensor_decorator.py for tasks to queue
[2024-09-17T06:49:15.089-0300] {logging_mixin.py:188} INFO - [2024-09-17T06:49:15.088-0300] {dagbag.py:545} INFO - Filling up the DagBag from /home/jezandre/airflow/airflow_env/lib/python3.11/site-packages/airflow/example_dags/example_sensor_decorator.py
[2024-09-17T06:49:15.095-0300] {processor.py:840} INFO - DAG(s) 'example_sensor_decorator' retrieved from /home/jezandre/airflow/airflow_env/lib/python3.11/site-packages/airflow/example_dags/example_sensor_decorator.py
[2024-09-17T06:49:15.126-0300] {logging_mixin.py:188} INFO - [2024-09-17T06:49:15.125-0300] {dag.py:3089} INFO - Sync 1 DAGs
[2024-09-17T06:49:15.144-0300] {logging_mixin.py:188} INFO - [2024-09-17T06:49:15.143-0300] {dag.py:3947} INFO - Setting next_dagrun for example_sensor_decorator to None, run_after=None
[2024-09-17T06:49:15.174-0300] {processor.py:183} INFO - Processing /home/jezandre/airflow/airflow_env/lib/python3.11/site-packages/airflow/example_dags/example_sensor_decorator.py took 0.100 seconds
[2024-09-17T06:49:45.731-0300] {processor.py:161} INFO - Started process (PID=32375) to work on /home/jezandre/airflow/airflow_env/lib/python3.11/site-packages/airflow/example_dags/example_sensor_decorator.py
[2024-09-17T06:49:45.732-0300] {processor.py:830} INFO - Processing file /home/jezandre/airflow/airflow_env/lib/python3.11/site-packages/airflow/example_dags/example_sensor_decorator.py for tasks to queue
[2024-09-17T06:49:45.734-0300] {logging_mixin.py:188} INFO - [2024-09-17T06:49:45.734-0300] {dagbag.py:545} INFO - Filling up the DagBag from /home/jezandre/airflow/airflow_env/lib/python3.11/site-packages/airflow/example_dags/example_sensor_decorator.py
[2024-09-17T06:49:45.739-0300] {processor.py:840} INFO - DAG(s) 'example_sensor_decorator' retrieved from /home/jezandre/airflow/airflow_env/lib/python3.11/site-packages/airflow/example_dags/example_sensor_decorator.py
[2024-09-17T06:49:45.767-0300] {logging_mixin.py:188} INFO - [2024-09-17T06:49:45.767-0300] {dag.py:3089} INFO - Sync 1 DAGs
[2024-09-17T06:49:45.780-0300] {logging_mixin.py:188} INFO - [2024-09-17T06:49:45.780-0300] {dag.py:3947} INFO - Setting next_dagrun for example_sensor_decorator to None, run_after=None
[2024-09-17T06:49:45.806-0300] {processor.py:183} INFO - Processing /home/jezandre/airflow/airflow_env/lib/python3.11/site-packages/airflow/example_dags/example_sensor_decorator.py took 0.084 seconds
[2024-09-17T06:50:16.554-0300] {processor.py:161} INFO - Started process (PID=32640) to work on /home/jezandre/airflow/airflow_env/lib/python3.11/site-packages/airflow/example_dags/example_sensor_decorator.py
[2024-09-17T06:50:16.556-0300] {processor.py:830} INFO - Processing file /home/jezandre/airflow/airflow_env/lib/python3.11/site-packages/airflow/example_dags/example_sensor_decorator.py for tasks to queue
[2024-09-17T06:50:16.558-0300] {logging_mixin.py:188} INFO - [2024-09-17T06:50:16.558-0300] {dagbag.py:545} INFO - Filling up the DagBag from /home/jezandre/airflow/airflow_env/lib/python3.11/site-packages/airflow/example_dags/example_sensor_decorator.py
[2024-09-17T06:50:16.564-0300] {processor.py:840} INFO - DAG(s) 'example_sensor_decorator' retrieved from /home/jezandre/airflow/airflow_env/lib/python3.11/site-packages/airflow/example_dags/example_sensor_decorator.py
[2024-09-17T06:50:16.594-0300] {logging_mixin.py:188} INFO - [2024-09-17T06:50:16.593-0300] {dag.py:3089} INFO - Sync 1 DAGs
[2024-09-17T06:50:16.614-0300] {logging_mixin.py:188} INFO - [2024-09-17T06:50:16.614-0300] {dag.py:3947} INFO - Setting next_dagrun for example_sensor_decorator to None, run_after=None
[2024-09-17T06:50:16.641-0300] {processor.py:183} INFO - Processing /home/jezandre/airflow/airflow_env/lib/python3.11/site-packages/airflow/example_dags/example_sensor_decorator.py took 0.097 seconds
[2024-09-17T06:50:47.079-0300] {processor.py:161} INFO - Started process (PID=32917) to work on /home/jezandre/airflow/airflow_env/lib/python3.11/site-packages/airflow/example_dags/example_sensor_decorator.py
[2024-09-17T06:50:47.080-0300] {processor.py:830} INFO - Processing file /home/jezandre/airflow/airflow_env/lib/python3.11/site-packages/airflow/example_dags/example_sensor_decorator.py for tasks to queue
[2024-09-17T06:50:47.082-0300] {logging_mixin.py:188} INFO - [2024-09-17T06:50:47.082-0300] {dagbag.py:545} INFO - Filling up the DagBag from /home/jezandre/airflow/airflow_env/lib/python3.11/site-packages/airflow/example_dags/example_sensor_decorator.py
[2024-09-17T06:50:47.090-0300] {processor.py:840} INFO - DAG(s) 'example_sensor_decorator' retrieved from /home/jezandre/airflow/airflow_env/lib/python3.11/site-packages/airflow/example_dags/example_sensor_decorator.py
[2024-09-17T06:50:47.122-0300] {logging_mixin.py:188} INFO - [2024-09-17T06:50:47.122-0300] {dag.py:3089} INFO - Sync 1 DAGs
[2024-09-17T06:50:47.137-0300] {logging_mixin.py:188} INFO - [2024-09-17T06:50:47.137-0300] {dag.py:3947} INFO - Setting next_dagrun for example_sensor_decorator to None, run_after=None
[2024-09-17T06:50:47.166-0300] {processor.py:183} INFO - Processing /home/jezandre/airflow/airflow_env/lib/python3.11/site-packages/airflow/example_dags/example_sensor_decorator.py took 0.096 seconds
[2024-09-17T06:51:17.707-0300] {processor.py:161} INFO - Started process (PID=33153) to work on /home/jezandre/airflow/airflow_env/lib/python3.11/site-packages/airflow/example_dags/example_sensor_decorator.py
[2024-09-17T06:51:17.710-0300] {processor.py:830} INFO - Processing file /home/jezandre/airflow/airflow_env/lib/python3.11/site-packages/airflow/example_dags/example_sensor_decorator.py for tasks to queue
[2024-09-17T06:51:17.713-0300] {logging_mixin.py:188} INFO - [2024-09-17T06:51:17.712-0300] {dagbag.py:545} INFO - Filling up the DagBag from /home/jezandre/airflow/airflow_env/lib/python3.11/site-packages/airflow/example_dags/example_sensor_decorator.py
[2024-09-17T06:51:17.729-0300] {processor.py:840} INFO - DAG(s) 'example_sensor_decorator' retrieved from /home/jezandre/airflow/airflow_env/lib/python3.11/site-packages/airflow/example_dags/example_sensor_decorator.py
[2024-09-17T06:51:17.783-0300] {logging_mixin.py:188} INFO - [2024-09-17T06:51:17.782-0300] {dag.py:3089} INFO - Sync 1 DAGs
[2024-09-17T06:51:17.807-0300] {logging_mixin.py:188} INFO - [2024-09-17T06:51:17.806-0300] {dag.py:3947} INFO - Setting next_dagrun for example_sensor_decorator to None, run_after=None
[2024-09-17T06:51:17.877-0300] {processor.py:183} INFO - Processing /home/jezandre/airflow/airflow_env/lib/python3.11/site-packages/airflow/example_dags/example_sensor_decorator.py took 0.199 seconds
[2024-09-17T06:51:48.805-0300] {processor.py:161} INFO - Started process (PID=33676) to work on /home/jezandre/airflow/airflow_env/lib/python3.11/site-packages/airflow/example_dags/example_sensor_decorator.py
[2024-09-17T06:51:48.806-0300] {processor.py:830} INFO - Processing file /home/jezandre/airflow/airflow_env/lib/python3.11/site-packages/airflow/example_dags/example_sensor_decorator.py for tasks to queue
[2024-09-17T06:51:48.808-0300] {logging_mixin.py:188} INFO - [2024-09-17T06:51:48.808-0300] {dagbag.py:545} INFO - Filling up the DagBag from /home/jezandre/airflow/airflow_env/lib/python3.11/site-packages/airflow/example_dags/example_sensor_decorator.py
[2024-09-17T06:51:48.815-0300] {processor.py:840} INFO - DAG(s) 'example_sensor_decorator' retrieved from /home/jezandre/airflow/airflow_env/lib/python3.11/site-packages/airflow/example_dags/example_sensor_decorator.py
[2024-09-17T06:51:48.843-0300] {logging_mixin.py:188} INFO - [2024-09-17T06:51:48.842-0300] {dag.py:3089} INFO - Sync 1 DAGs
[2024-09-17T06:51:48.858-0300] {logging_mixin.py:188} INFO - [2024-09-17T06:51:48.857-0300] {dag.py:3947} INFO - Setting next_dagrun for example_sensor_decorator to None, run_after=None
[2024-09-17T06:51:48.885-0300] {processor.py:183} INFO - Processing /home/jezandre/airflow/airflow_env/lib/python3.11/site-packages/airflow/example_dags/example_sensor_decorator.py took 0.088 seconds
[2024-09-17T06:52:19.510-0300] {processor.py:161} INFO - Started process (PID=34204) to work on /home/jezandre/airflow/airflow_env/lib/python3.11/site-packages/airflow/example_dags/example_sensor_decorator.py
[2024-09-17T06:52:19.511-0300] {processor.py:830} INFO - Processing file /home/jezandre/airflow/airflow_env/lib/python3.11/site-packages/airflow/example_dags/example_sensor_decorator.py for tasks to queue
[2024-09-17T06:52:19.513-0300] {logging_mixin.py:188} INFO - [2024-09-17T06:52:19.512-0300] {dagbag.py:545} INFO - Filling up the DagBag from /home/jezandre/airflow/airflow_env/lib/python3.11/site-packages/airflow/example_dags/example_sensor_decorator.py
[2024-09-17T06:52:19.518-0300] {processor.py:840} INFO - DAG(s) 'example_sensor_decorator' retrieved from /home/jezandre/airflow/airflow_env/lib/python3.11/site-packages/airflow/example_dags/example_sensor_decorator.py
[2024-09-17T06:52:19.640-0300] {logging_mixin.py:188} INFO - [2024-09-17T06:52:19.640-0300] {dag.py:3089} INFO - Sync 1 DAGs
[2024-09-17T06:52:19.652-0300] {logging_mixin.py:188} INFO - [2024-09-17T06:52:19.652-0300] {dag.py:3947} INFO - Setting next_dagrun for example_sensor_decorator to None, run_after=None
[2024-09-17T06:52:19.684-0300] {processor.py:183} INFO - Processing /home/jezandre/airflow/airflow_env/lib/python3.11/site-packages/airflow/example_dags/example_sensor_decorator.py took 0.183 seconds
[2024-09-17T06:52:49.892-0300] {processor.py:161} INFO - Started process (PID=34609) to work on /home/jezandre/airflow/airflow_env/lib/python3.11/site-packages/airflow/example_dags/example_sensor_decorator.py
[2024-09-17T06:52:49.894-0300] {processor.py:830} INFO - Processing file /home/jezandre/airflow/airflow_env/lib/python3.11/site-packages/airflow/example_dags/example_sensor_decorator.py for tasks to queue
[2024-09-17T06:52:49.896-0300] {logging_mixin.py:188} INFO - [2024-09-17T06:52:49.895-0300] {dagbag.py:545} INFO - Filling up the DagBag from /home/jezandre/airflow/airflow_env/lib/python3.11/site-packages/airflow/example_dags/example_sensor_decorator.py
[2024-09-17T06:52:49.906-0300] {processor.py:840} INFO - DAG(s) 'example_sensor_decorator' retrieved from /home/jezandre/airflow/airflow_env/lib/python3.11/site-packages/airflow/example_dags/example_sensor_decorator.py
[2024-09-17T06:52:49.942-0300] {logging_mixin.py:188} INFO - [2024-09-17T06:52:49.942-0300] {dag.py:3089} INFO - Sync 1 DAGs
[2024-09-17T06:52:49.960-0300] {logging_mixin.py:188} INFO - [2024-09-17T06:52:49.959-0300] {dag.py:3947} INFO - Setting next_dagrun for example_sensor_decorator to None, run_after=None
[2024-09-17T06:52:49.988-0300] {processor.py:183} INFO - Processing /home/jezandre/airflow/airflow_env/lib/python3.11/site-packages/airflow/example_dags/example_sensor_decorator.py took 0.111 seconds
[2024-09-17T06:53:20.445-0300] {processor.py:161} INFO - Started process (PID=34835) to work on /home/jezandre/airflow/airflow_env/lib/python3.11/site-packages/airflow/example_dags/example_sensor_decorator.py
[2024-09-17T06:53:20.446-0300] {processor.py:830} INFO - Processing file /home/jezandre/airflow/airflow_env/lib/python3.11/site-packages/airflow/example_dags/example_sensor_decorator.py for tasks to queue
[2024-09-17T06:53:20.448-0300] {logging_mixin.py:188} INFO - [2024-09-17T06:53:20.447-0300] {dagbag.py:545} INFO - Filling up the DagBag from /home/jezandre/airflow/airflow_env/lib/python3.11/site-packages/airflow/example_dags/example_sensor_decorator.py
[2024-09-17T06:53:20.455-0300] {processor.py:840} INFO - DAG(s) 'example_sensor_decorator' retrieved from /home/jezandre/airflow/airflow_env/lib/python3.11/site-packages/airflow/example_dags/example_sensor_decorator.py
[2024-09-17T06:53:20.487-0300] {logging_mixin.py:188} INFO - [2024-09-17T06:53:20.486-0300] {dag.py:3089} INFO - Sync 1 DAGs
[2024-09-17T06:53:20.503-0300] {logging_mixin.py:188} INFO - [2024-09-17T06:53:20.502-0300] {dag.py:3947} INFO - Setting next_dagrun for example_sensor_decorator to None, run_after=None
[2024-09-17T06:53:20.533-0300] {processor.py:183} INFO - Processing /home/jezandre/airflow/airflow_env/lib/python3.11/site-packages/airflow/example_dags/example_sensor_decorator.py took 0.100 seconds
[2024-09-17T06:53:51.022-0300] {processor.py:161} INFO - Started process (PID=35155) to work on /home/jezandre/airflow/airflow_env/lib/python3.11/site-packages/airflow/example_dags/example_sensor_decorator.py
[2024-09-17T06:53:51.024-0300] {processor.py:830} INFO - Processing file /home/jezandre/airflow/airflow_env/lib/python3.11/site-packages/airflow/example_dags/example_sensor_decorator.py for tasks to queue
[2024-09-17T06:53:51.025-0300] {logging_mixin.py:188} INFO - [2024-09-17T06:53:51.025-0300] {dagbag.py:545} INFO - Filling up the DagBag from /home/jezandre/airflow/airflow_env/lib/python3.11/site-packages/airflow/example_dags/example_sensor_decorator.py
[2024-09-17T06:53:51.032-0300] {processor.py:840} INFO - DAG(s) 'example_sensor_decorator' retrieved from /home/jezandre/airflow/airflow_env/lib/python3.11/site-packages/airflow/example_dags/example_sensor_decorator.py
[2024-09-17T06:53:51.062-0300] {logging_mixin.py:188} INFO - [2024-09-17T06:53:51.061-0300] {dag.py:3089} INFO - Sync 1 DAGs
[2024-09-17T06:53:51.077-0300] {logging_mixin.py:188} INFO - [2024-09-17T06:53:51.076-0300] {dag.py:3947} INFO - Setting next_dagrun for example_sensor_decorator to None, run_after=None
[2024-09-17T06:53:51.102-0300] {processor.py:183} INFO - Processing /home/jezandre/airflow/airflow_env/lib/python3.11/site-packages/airflow/example_dags/example_sensor_decorator.py took 0.090 seconds
[2024-09-17T06:54:21.938-0300] {processor.py:161} INFO - Started process (PID=35383) to work on /home/jezandre/airflow/airflow_env/lib/python3.11/site-packages/airflow/example_dags/example_sensor_decorator.py
[2024-09-17T06:54:21.941-0300] {processor.py:830} INFO - Processing file /home/jezandre/airflow/airflow_env/lib/python3.11/site-packages/airflow/example_dags/example_sensor_decorator.py for tasks to queue
[2024-09-17T06:54:21.943-0300] {logging_mixin.py:188} INFO - [2024-09-17T06:54:21.942-0300] {dagbag.py:545} INFO - Filling up the DagBag from /home/jezandre/airflow/airflow_env/lib/python3.11/site-packages/airflow/example_dags/example_sensor_decorator.py
[2024-09-17T06:54:21.951-0300] {processor.py:840} INFO - DAG(s) 'example_sensor_decorator' retrieved from /home/jezandre/airflow/airflow_env/lib/python3.11/site-packages/airflow/example_dags/example_sensor_decorator.py
[2024-09-17T06:54:21.983-0300] {logging_mixin.py:188} INFO - [2024-09-17T06:54:21.982-0300] {dag.py:3089} INFO - Sync 1 DAGs
[2024-09-17T06:54:21.998-0300] {logging_mixin.py:188} INFO - [2024-09-17T06:54:21.998-0300] {dag.py:3947} INFO - Setting next_dagrun for example_sensor_decorator to None, run_after=None
[2024-09-17T06:54:22.023-0300] {processor.py:183} INFO - Processing /home/jezandre/airflow/airflow_env/lib/python3.11/site-packages/airflow/example_dags/example_sensor_decorator.py took 0.099 seconds
[2024-09-17T06:54:52.547-0300] {processor.py:161} INFO - Started process (PID=35632) to work on /home/jezandre/airflow/airflow_env/lib/python3.11/site-packages/airflow/example_dags/example_sensor_decorator.py
[2024-09-17T06:54:52.548-0300] {processor.py:830} INFO - Processing file /home/jezandre/airflow/airflow_env/lib/python3.11/site-packages/airflow/example_dags/example_sensor_decorator.py for tasks to queue
[2024-09-17T06:54:52.550-0300] {logging_mixin.py:188} INFO - [2024-09-17T06:54:52.549-0300] {dagbag.py:545} INFO - Filling up the DagBag from /home/jezandre/airflow/airflow_env/lib/python3.11/site-packages/airflow/example_dags/example_sensor_decorator.py
[2024-09-17T06:54:52.557-0300] {processor.py:840} INFO - DAG(s) 'example_sensor_decorator' retrieved from /home/jezandre/airflow/airflow_env/lib/python3.11/site-packages/airflow/example_dags/example_sensor_decorator.py
[2024-09-17T06:54:52.589-0300] {logging_mixin.py:188} INFO - [2024-09-17T06:54:52.588-0300] {dag.py:3089} INFO - Sync 1 DAGs
[2024-09-17T06:54:52.604-0300] {logging_mixin.py:188} INFO - [2024-09-17T06:54:52.604-0300] {dag.py:3947} INFO - Setting next_dagrun for example_sensor_decorator to None, run_after=None
[2024-09-17T06:54:52.630-0300] {processor.py:183} INFO - Processing /home/jezandre/airflow/airflow_env/lib/python3.11/site-packages/airflow/example_dags/example_sensor_decorator.py took 0.092 seconds
