[2024-09-17T06:27:24.898-0300] {processor.py:161} INFO - Started process (PID=20045) to work on /home/jezandre/airflow/airflow_env/lib/python3.11/site-packages/airflow/example_dags/example_dynamic_task_mapping.py
[2024-09-17T06:27:24.899-0300] {processor.py:830} INFO - Processing file /home/jezandre/airflow/airflow_env/lib/python3.11/site-packages/airflow/example_dags/example_dynamic_task_mapping.py for tasks to queue
[2024-09-17T06:27:24.901-0300] {logging_mixin.py:188} INFO - [2024-09-17T06:27:24.900-0300] {dagbag.py:545} INFO - Filling up the DagBag from /home/jezandre/airflow/airflow_env/lib/python3.11/site-packages/airflow/example_dags/example_dynamic_task_mapping.py
[2024-09-17T06:27:24.910-0300] {processor.py:840} INFO - DAG(s) 'example_dynamic_task_mapping' retrieved from /home/jezandre/airflow/airflow_env/lib/python3.11/site-packages/airflow/example_dags/example_dynamic_task_mapping.py
[2024-09-17T06:27:25.031-0300] {logging_mixin.py:188} INFO - [2024-09-17T06:27:25.030-0300] {dag.py:3089} INFO - Sync 1 DAGs
[2024-09-17T06:27:25.180-0300] {logging_mixin.py:188} INFO - [2024-09-17T06:27:25.180-0300] {dag.py:3947} INFO - Setting next_dagrun for example_dynamic_task_mapping to 2022-03-04 00:00:00+00:00, run_after=2022-03-05 00:00:00+00:00
[2024-09-17T06:27:25.213-0300] {processor.py:183} INFO - Processing /home/jezandre/airflow/airflow_env/lib/python3.11/site-packages/airflow/example_dags/example_dynamic_task_mapping.py took 0.320 seconds
[2024-09-17T06:28:27.445-0300] {processor.py:161} INFO - Started process (PID=20320) to work on /home/jezandre/airflow/airflow_env/lib/python3.11/site-packages/airflow/example_dags/example_dynamic_task_mapping.py
[2024-09-17T06:28:27.450-0300] {processor.py:830} INFO - Processing file /home/jezandre/airflow/airflow_env/lib/python3.11/site-packages/airflow/example_dags/example_dynamic_task_mapping.py for tasks to queue
[2024-09-17T06:28:27.452-0300] {logging_mixin.py:188} INFO - [2024-09-17T06:28:27.452-0300] {dagbag.py:545} INFO - Filling up the DagBag from /home/jezandre/airflow/airflow_env/lib/python3.11/site-packages/airflow/example_dags/example_dynamic_task_mapping.py
[2024-09-17T06:28:27.459-0300] {processor.py:840} INFO - DAG(s) 'example_dynamic_task_mapping' retrieved from /home/jezandre/airflow/airflow_env/lib/python3.11/site-packages/airflow/example_dags/example_dynamic_task_mapping.py
[2024-09-17T06:28:27.589-0300] {logging_mixin.py:188} INFO - [2024-09-17T06:28:27.588-0300] {dag.py:3089} INFO - Sync 1 DAGs
[2024-09-17T06:28:27.610-0300] {logging_mixin.py:188} INFO - [2024-09-17T06:28:27.610-0300] {dag.py:3947} INFO - Setting next_dagrun for example_dynamic_task_mapping to 2022-03-04 00:00:00+00:00, run_after=2022-03-05 00:00:00+00:00
[2024-09-17T06:28:27.637-0300] {processor.py:183} INFO - Processing /home/jezandre/airflow/airflow_env/lib/python3.11/site-packages/airflow/example_dags/example_dynamic_task_mapping.py took 0.198 seconds
[2024-09-17T06:29:21.505-0300] {processor.py:161} INFO - Started process (PID=20671) to work on /home/jezandre/airflow/airflow_env/lib/python3.11/site-packages/airflow/example_dags/example_dynamic_task_mapping.py
[2024-09-17T06:29:21.507-0300] {processor.py:830} INFO - Processing file /home/jezandre/airflow/airflow_env/lib/python3.11/site-packages/airflow/example_dags/example_dynamic_task_mapping.py for tasks to queue
[2024-09-17T06:29:21.508-0300] {logging_mixin.py:188} INFO - [2024-09-17T06:29:21.508-0300] {dagbag.py:545} INFO - Filling up the DagBag from /home/jezandre/airflow/airflow_env/lib/python3.11/site-packages/airflow/example_dags/example_dynamic_task_mapping.py
[2024-09-17T06:29:21.514-0300] {processor.py:840} INFO - DAG(s) 'example_dynamic_task_mapping' retrieved from /home/jezandre/airflow/airflow_env/lib/python3.11/site-packages/airflow/example_dags/example_dynamic_task_mapping.py
[2024-09-17T06:29:21.527-0300] {logging_mixin.py:188} INFO - [2024-09-17T06:29:21.527-0300] {dag.py:3089} INFO - Sync 1 DAGs
[2024-09-17T06:29:21.546-0300] {logging_mixin.py:188} INFO - [2024-09-17T06:29:21.546-0300] {dag.py:3947} INFO - Setting next_dagrun for example_dynamic_task_mapping to 2022-03-04 00:00:00+00:00, run_after=2022-03-05 00:00:00+00:00
[2024-09-17T06:29:21.569-0300] {processor.py:183} INFO - Processing /home/jezandre/airflow/airflow_env/lib/python3.11/site-packages/airflow/example_dags/example_dynamic_task_mapping.py took 0.068 seconds
[2024-09-17T06:29:51.251-0300] {processor.py:161} INFO - Started process (PID=21030) to work on /home/jezandre/airflow/airflow_env/lib/python3.11/site-packages/airflow/example_dags/example_dynamic_task_mapping.py
[2024-09-17T06:29:51.252-0300] {processor.py:830} INFO - Processing file /home/jezandre/airflow/airflow_env/lib/python3.11/site-packages/airflow/example_dags/example_dynamic_task_mapping.py for tasks to queue
[2024-09-17T06:29:51.254-0300] {logging_mixin.py:188} INFO - [2024-09-17T06:29:51.254-0300] {dagbag.py:545} INFO - Filling up the DagBag from /home/jezandre/airflow/airflow_env/lib/python3.11/site-packages/airflow/example_dags/example_dynamic_task_mapping.py
[2024-09-17T06:29:51.269-0300] {processor.py:840} INFO - DAG(s) 'example_dynamic_task_mapping' retrieved from /home/jezandre/airflow/airflow_env/lib/python3.11/site-packages/airflow/example_dags/example_dynamic_task_mapping.py
[2024-09-17T06:29:51.457-0300] {logging_mixin.py:188} INFO - [2024-09-17T06:29:51.456-0300] {dag.py:3089} INFO - Sync 1 DAGs
[2024-09-17T06:29:51.656-0300] {logging_mixin.py:188} INFO - [2024-09-17T06:29:51.656-0300] {dag.py:3947} INFO - Setting next_dagrun for example_dynamic_task_mapping to 2022-03-04 00:00:00+00:00, run_after=2022-03-05 00:00:00+00:00
[2024-09-17T06:29:51.682-0300] {processor.py:183} INFO - Processing /home/jezandre/airflow/airflow_env/lib/python3.11/site-packages/airflow/example_dags/example_dynamic_task_mapping.py took 0.438 seconds
[2024-09-17T06:30:22.045-0300] {processor.py:161} INFO - Started process (PID=21342) to work on /home/jezandre/airflow/airflow_env/lib/python3.11/site-packages/airflow/example_dags/example_dynamic_task_mapping.py
[2024-09-17T06:30:22.046-0300] {processor.py:830} INFO - Processing file /home/jezandre/airflow/airflow_env/lib/python3.11/site-packages/airflow/example_dags/example_dynamic_task_mapping.py for tasks to queue
[2024-09-17T06:30:22.048-0300] {logging_mixin.py:188} INFO - [2024-09-17T06:30:22.048-0300] {dagbag.py:545} INFO - Filling up the DagBag from /home/jezandre/airflow/airflow_env/lib/python3.11/site-packages/airflow/example_dags/example_dynamic_task_mapping.py
[2024-09-17T06:30:22.057-0300] {processor.py:840} INFO - DAG(s) 'example_dynamic_task_mapping' retrieved from /home/jezandre/airflow/airflow_env/lib/python3.11/site-packages/airflow/example_dags/example_dynamic_task_mapping.py
[2024-09-17T06:30:22.086-0300] {logging_mixin.py:188} INFO - [2024-09-17T06:30:22.085-0300] {dag.py:3089} INFO - Sync 1 DAGs
[2024-09-17T06:30:22.125-0300] {logging_mixin.py:188} INFO - [2024-09-17T06:30:22.125-0300] {dag.py:3947} INFO - Setting next_dagrun for example_dynamic_task_mapping to 2022-03-04 00:00:00+00:00, run_after=2022-03-05 00:00:00+00:00
[2024-09-17T06:30:22.155-0300] {processor.py:183} INFO - Processing /home/jezandre/airflow/airflow_env/lib/python3.11/site-packages/airflow/example_dags/example_dynamic_task_mapping.py took 0.117 seconds
[2024-09-17T06:30:52.796-0300] {processor.py:161} INFO - Started process (PID=21551) to work on /home/jezandre/airflow/airflow_env/lib/python3.11/site-packages/airflow/example_dags/example_dynamic_task_mapping.py
[2024-09-17T06:30:52.798-0300] {processor.py:830} INFO - Processing file /home/jezandre/airflow/airflow_env/lib/python3.11/site-packages/airflow/example_dags/example_dynamic_task_mapping.py for tasks to queue
[2024-09-17T06:30:52.800-0300] {logging_mixin.py:188} INFO - [2024-09-17T06:30:52.799-0300] {dagbag.py:545} INFO - Filling up the DagBag from /home/jezandre/airflow/airflow_env/lib/python3.11/site-packages/airflow/example_dags/example_dynamic_task_mapping.py
[2024-09-17T06:30:52.808-0300] {processor.py:840} INFO - DAG(s) 'example_dynamic_task_mapping' retrieved from /home/jezandre/airflow/airflow_env/lib/python3.11/site-packages/airflow/example_dags/example_dynamic_task_mapping.py
[2024-09-17T06:30:52.838-0300] {logging_mixin.py:188} INFO - [2024-09-17T06:30:52.837-0300] {dag.py:3089} INFO - Sync 1 DAGs
[2024-09-17T06:30:52.866-0300] {logging_mixin.py:188} INFO - [2024-09-17T06:30:52.865-0300] {dag.py:3947} INFO - Setting next_dagrun for example_dynamic_task_mapping to 2022-03-04 00:00:00+00:00, run_after=2022-03-05 00:00:00+00:00
[2024-09-17T06:30:52.893-0300] {processor.py:183} INFO - Processing /home/jezandre/airflow/airflow_env/lib/python3.11/site-packages/airflow/example_dags/example_dynamic_task_mapping.py took 0.103 seconds
[2024-09-17T06:31:22.940-0300] {processor.py:161} INFO - Started process (PID=21746) to work on /home/jezandre/airflow/airflow_env/lib/python3.11/site-packages/airflow/example_dags/example_dynamic_task_mapping.py
[2024-09-17T06:31:22.941-0300] {processor.py:830} INFO - Processing file /home/jezandre/airflow/airflow_env/lib/python3.11/site-packages/airflow/example_dags/example_dynamic_task_mapping.py for tasks to queue
[2024-09-17T06:31:22.943-0300] {logging_mixin.py:188} INFO - [2024-09-17T06:31:22.942-0300] {dagbag.py:545} INFO - Filling up the DagBag from /home/jezandre/airflow/airflow_env/lib/python3.11/site-packages/airflow/example_dags/example_dynamic_task_mapping.py
[2024-09-17T06:31:22.949-0300] {processor.py:840} INFO - DAG(s) 'example_dynamic_task_mapping' retrieved from /home/jezandre/airflow/airflow_env/lib/python3.11/site-packages/airflow/example_dags/example_dynamic_task_mapping.py
[2024-09-17T06:31:22.977-0300] {logging_mixin.py:188} INFO - [2024-09-17T06:31:22.977-0300] {dag.py:3089} INFO - Sync 1 DAGs
[2024-09-17T06:31:23.005-0300] {logging_mixin.py:188} INFO - [2024-09-17T06:31:23.004-0300] {dag.py:3947} INFO - Setting next_dagrun for example_dynamic_task_mapping to 2022-03-04 00:00:00+00:00, run_after=2022-03-05 00:00:00+00:00
[2024-09-17T06:31:23.038-0300] {processor.py:183} INFO - Processing /home/jezandre/airflow/airflow_env/lib/python3.11/site-packages/airflow/example_dags/example_dynamic_task_mapping.py took 0.105 seconds
[2024-09-17T06:31:53.496-0300] {processor.py:161} INFO - Started process (PID=22037) to work on /home/jezandre/airflow/airflow_env/lib/python3.11/site-packages/airflow/example_dags/example_dynamic_task_mapping.py
[2024-09-17T06:31:53.498-0300] {processor.py:830} INFO - Processing file /home/jezandre/airflow/airflow_env/lib/python3.11/site-packages/airflow/example_dags/example_dynamic_task_mapping.py for tasks to queue
[2024-09-17T06:31:53.501-0300] {logging_mixin.py:188} INFO - [2024-09-17T06:31:53.500-0300] {dagbag.py:545} INFO - Filling up the DagBag from /home/jezandre/airflow/airflow_env/lib/python3.11/site-packages/airflow/example_dags/example_dynamic_task_mapping.py
[2024-09-17T06:31:53.510-0300] {processor.py:840} INFO - DAG(s) 'example_dynamic_task_mapping' retrieved from /home/jezandre/airflow/airflow_env/lib/python3.11/site-packages/airflow/example_dags/example_dynamic_task_mapping.py
[2024-09-17T06:31:53.544-0300] {logging_mixin.py:188} INFO - [2024-09-17T06:31:53.543-0300] {dag.py:3089} INFO - Sync 1 DAGs
[2024-09-17T06:31:53.582-0300] {logging_mixin.py:188} INFO - [2024-09-17T06:31:53.582-0300] {dag.py:3947} INFO - Setting next_dagrun for example_dynamic_task_mapping to 2022-03-04 00:00:00+00:00, run_after=2022-03-05 00:00:00+00:00
[2024-09-17T06:31:53.617-0300] {processor.py:183} INFO - Processing /home/jezandre/airflow/airflow_env/lib/python3.11/site-packages/airflow/example_dags/example_dynamic_task_mapping.py took 0.134 seconds
[2024-09-17T06:32:24.751-0300] {processor.py:161} INFO - Started process (PID=22514) to work on /home/jezandre/airflow/airflow_env/lib/python3.11/site-packages/airflow/example_dags/example_dynamic_task_mapping.py
[2024-09-17T06:32:24.753-0300] {processor.py:830} INFO - Processing file /home/jezandre/airflow/airflow_env/lib/python3.11/site-packages/airflow/example_dags/example_dynamic_task_mapping.py for tasks to queue
[2024-09-17T06:32:24.756-0300] {logging_mixin.py:188} INFO - [2024-09-17T06:32:24.755-0300] {dagbag.py:545} INFO - Filling up the DagBag from /home/jezandre/airflow/airflow_env/lib/python3.11/site-packages/airflow/example_dags/example_dynamic_task_mapping.py
[2024-09-17T06:32:24.769-0300] {processor.py:840} INFO - DAG(s) 'example_dynamic_task_mapping' retrieved from /home/jezandre/airflow/airflow_env/lib/python3.11/site-packages/airflow/example_dags/example_dynamic_task_mapping.py
[2024-09-17T06:32:24.982-0300] {logging_mixin.py:188} INFO - [2024-09-17T06:32:24.982-0300] {dag.py:3089} INFO - Sync 1 DAGs
[2024-09-17T06:32:25.018-0300] {logging_mixin.py:188} INFO - [2024-09-17T06:32:25.018-0300] {dag.py:3947} INFO - Setting next_dagrun for example_dynamic_task_mapping to 2022-03-04 00:00:00+00:00, run_after=2022-03-05 00:00:00+00:00
[2024-09-17T06:32:25.048-0300] {processor.py:183} INFO - Processing /home/jezandre/airflow/airflow_env/lib/python3.11/site-packages/airflow/example_dags/example_dynamic_task_mapping.py took 0.310 seconds
[2024-09-17T06:32:55.146-0300] {processor.py:161} INFO - Started process (PID=22882) to work on /home/jezandre/airflow/airflow_env/lib/python3.11/site-packages/airflow/example_dags/example_dynamic_task_mapping.py
[2024-09-17T06:32:55.147-0300] {processor.py:830} INFO - Processing file /home/jezandre/airflow/airflow_env/lib/python3.11/site-packages/airflow/example_dags/example_dynamic_task_mapping.py for tasks to queue
[2024-09-17T06:32:55.150-0300] {logging_mixin.py:188} INFO - [2024-09-17T06:32:55.149-0300] {dagbag.py:545} INFO - Filling up the DagBag from /home/jezandre/airflow/airflow_env/lib/python3.11/site-packages/airflow/example_dags/example_dynamic_task_mapping.py
[2024-09-17T06:32:55.159-0300] {processor.py:840} INFO - DAG(s) 'example_dynamic_task_mapping' retrieved from /home/jezandre/airflow/airflow_env/lib/python3.11/site-packages/airflow/example_dags/example_dynamic_task_mapping.py
[2024-09-17T06:32:55.187-0300] {logging_mixin.py:188} INFO - [2024-09-17T06:32:55.187-0300] {dag.py:3089} INFO - Sync 1 DAGs
[2024-09-17T06:32:55.211-0300] {logging_mixin.py:188} INFO - [2024-09-17T06:32:55.211-0300] {dag.py:3947} INFO - Setting next_dagrun for example_dynamic_task_mapping to 2022-03-04 00:00:00+00:00, run_after=2022-03-05 00:00:00+00:00
[2024-09-17T06:32:55.235-0300] {processor.py:183} INFO - Processing /home/jezandre/airflow/airflow_env/lib/python3.11/site-packages/airflow/example_dags/example_dynamic_task_mapping.py took 0.096 seconds
[2024-09-17T06:33:25.706-0300] {processor.py:161} INFO - Started process (PID=23114) to work on /home/jezandre/airflow/airflow_env/lib/python3.11/site-packages/airflow/example_dags/example_dynamic_task_mapping.py
[2024-09-17T06:33:25.708-0300] {processor.py:830} INFO - Processing file /home/jezandre/airflow/airflow_env/lib/python3.11/site-packages/airflow/example_dags/example_dynamic_task_mapping.py for tasks to queue
[2024-09-17T06:33:25.709-0300] {logging_mixin.py:188} INFO - [2024-09-17T06:33:25.709-0300] {dagbag.py:545} INFO - Filling up the DagBag from /home/jezandre/airflow/airflow_env/lib/python3.11/site-packages/airflow/example_dags/example_dynamic_task_mapping.py
[2024-09-17T06:33:25.716-0300] {processor.py:840} INFO - DAG(s) 'example_dynamic_task_mapping' retrieved from /home/jezandre/airflow/airflow_env/lib/python3.11/site-packages/airflow/example_dags/example_dynamic_task_mapping.py
[2024-09-17T06:33:25.743-0300] {logging_mixin.py:188} INFO - [2024-09-17T06:33:25.743-0300] {dag.py:3089} INFO - Sync 1 DAGs
[2024-09-17T06:33:25.771-0300] {logging_mixin.py:188} INFO - [2024-09-17T06:33:25.771-0300] {dag.py:3947} INFO - Setting next_dagrun for example_dynamic_task_mapping to 2022-03-04 00:00:00+00:00, run_after=2022-03-05 00:00:00+00:00
[2024-09-17T06:33:25.798-0300] {processor.py:183} INFO - Processing /home/jezandre/airflow/airflow_env/lib/python3.11/site-packages/airflow/example_dags/example_dynamic_task_mapping.py took 0.097 seconds
[2024-09-17T06:33:56.335-0300] {processor.py:161} INFO - Started process (PID=23392) to work on /home/jezandre/airflow/airflow_env/lib/python3.11/site-packages/airflow/example_dags/example_dynamic_task_mapping.py
[2024-09-17T06:33:56.337-0300] {processor.py:830} INFO - Processing file /home/jezandre/airflow/airflow_env/lib/python3.11/site-packages/airflow/example_dags/example_dynamic_task_mapping.py for tasks to queue
[2024-09-17T06:33:56.338-0300] {logging_mixin.py:188} INFO - [2024-09-17T06:33:56.338-0300] {dagbag.py:545} INFO - Filling up the DagBag from /home/jezandre/airflow/airflow_env/lib/python3.11/site-packages/airflow/example_dags/example_dynamic_task_mapping.py
[2024-09-17T06:33:56.346-0300] {processor.py:840} INFO - DAG(s) 'example_dynamic_task_mapping' retrieved from /home/jezandre/airflow/airflow_env/lib/python3.11/site-packages/airflow/example_dags/example_dynamic_task_mapping.py
[2024-09-17T06:33:56.373-0300] {logging_mixin.py:188} INFO - [2024-09-17T06:33:56.373-0300] {dag.py:3089} INFO - Sync 1 DAGs
[2024-09-17T06:33:56.402-0300] {logging_mixin.py:188} INFO - [2024-09-17T06:33:56.401-0300] {dag.py:3947} INFO - Setting next_dagrun for example_dynamic_task_mapping to 2022-03-04 00:00:00+00:00, run_after=2022-03-05 00:00:00+00:00
[2024-09-17T06:33:56.431-0300] {processor.py:183} INFO - Processing /home/jezandre/airflow/airflow_env/lib/python3.11/site-packages/airflow/example_dags/example_dynamic_task_mapping.py took 0.100 seconds
[2024-09-17T06:34:26.718-0300] {processor.py:161} INFO - Started process (PID=23637) to work on /home/jezandre/airflow/airflow_env/lib/python3.11/site-packages/airflow/example_dags/example_dynamic_task_mapping.py
[2024-09-17T06:34:26.719-0300] {processor.py:830} INFO - Processing file /home/jezandre/airflow/airflow_env/lib/python3.11/site-packages/airflow/example_dags/example_dynamic_task_mapping.py for tasks to queue
[2024-09-17T06:34:26.720-0300] {logging_mixin.py:188} INFO - [2024-09-17T06:34:26.720-0300] {dagbag.py:545} INFO - Filling up the DagBag from /home/jezandre/airflow/airflow_env/lib/python3.11/site-packages/airflow/example_dags/example_dynamic_task_mapping.py
[2024-09-17T06:34:26.727-0300] {processor.py:840} INFO - DAG(s) 'example_dynamic_task_mapping' retrieved from /home/jezandre/airflow/airflow_env/lib/python3.11/site-packages/airflow/example_dags/example_dynamic_task_mapping.py
[2024-09-17T06:34:26.757-0300] {logging_mixin.py:188} INFO - [2024-09-17T06:34:26.757-0300] {dag.py:3089} INFO - Sync 1 DAGs
[2024-09-17T06:34:26.783-0300] {logging_mixin.py:188} INFO - [2024-09-17T06:34:26.783-0300] {dag.py:3947} INFO - Setting next_dagrun for example_dynamic_task_mapping to 2022-03-04 00:00:00+00:00, run_after=2022-03-05 00:00:00+00:00
[2024-09-17T06:34:26.810-0300] {processor.py:183} INFO - Processing /home/jezandre/airflow/airflow_env/lib/python3.11/site-packages/airflow/example_dags/example_dynamic_task_mapping.py took 0.098 seconds
[2024-09-17T06:34:57.152-0300] {processor.py:161} INFO - Started process (PID=23980) to work on /home/jezandre/airflow/airflow_env/lib/python3.11/site-packages/airflow/example_dags/example_dynamic_task_mapping.py
[2024-09-17T06:34:57.153-0300] {processor.py:830} INFO - Processing file /home/jezandre/airflow/airflow_env/lib/python3.11/site-packages/airflow/example_dags/example_dynamic_task_mapping.py for tasks to queue
[2024-09-17T06:34:57.155-0300] {logging_mixin.py:188} INFO - [2024-09-17T06:34:57.155-0300] {dagbag.py:545} INFO - Filling up the DagBag from /home/jezandre/airflow/airflow_env/lib/python3.11/site-packages/airflow/example_dags/example_dynamic_task_mapping.py
[2024-09-17T06:34:57.162-0300] {processor.py:840} INFO - DAG(s) 'example_dynamic_task_mapping' retrieved from /home/jezandre/airflow/airflow_env/lib/python3.11/site-packages/airflow/example_dags/example_dynamic_task_mapping.py
[2024-09-17T06:34:57.188-0300] {logging_mixin.py:188} INFO - [2024-09-17T06:34:57.188-0300] {dag.py:3089} INFO - Sync 1 DAGs
[2024-09-17T06:34:57.213-0300] {logging_mixin.py:188} INFO - [2024-09-17T06:34:57.213-0300] {dag.py:3947} INFO - Setting next_dagrun for example_dynamic_task_mapping to 2022-03-04 00:00:00+00:00, run_after=2022-03-05 00:00:00+00:00
[2024-09-17T06:34:57.239-0300] {processor.py:183} INFO - Processing /home/jezandre/airflow/airflow_env/lib/python3.11/site-packages/airflow/example_dags/example_dynamic_task_mapping.py took 0.094 seconds
[2024-09-17T06:35:27.877-0300] {processor.py:161} INFO - Started process (PID=24214) to work on /home/jezandre/airflow/airflow_env/lib/python3.11/site-packages/airflow/example_dags/example_dynamic_task_mapping.py
[2024-09-17T06:35:27.878-0300] {processor.py:830} INFO - Processing file /home/jezandre/airflow/airflow_env/lib/python3.11/site-packages/airflow/example_dags/example_dynamic_task_mapping.py for tasks to queue
[2024-09-17T06:35:27.879-0300] {logging_mixin.py:188} INFO - [2024-09-17T06:35:27.879-0300] {dagbag.py:545} INFO - Filling up the DagBag from /home/jezandre/airflow/airflow_env/lib/python3.11/site-packages/airflow/example_dags/example_dynamic_task_mapping.py
[2024-09-17T06:35:27.885-0300] {processor.py:840} INFO - DAG(s) 'example_dynamic_task_mapping' retrieved from /home/jezandre/airflow/airflow_env/lib/python3.11/site-packages/airflow/example_dags/example_dynamic_task_mapping.py
[2024-09-17T06:35:27.912-0300] {logging_mixin.py:188} INFO - [2024-09-17T06:35:27.911-0300] {dag.py:3089} INFO - Sync 1 DAGs
[2024-09-17T06:35:27.937-0300] {logging_mixin.py:188} INFO - [2024-09-17T06:35:27.937-0300] {dag.py:3947} INFO - Setting next_dagrun for example_dynamic_task_mapping to 2022-03-04 00:00:00+00:00, run_after=2022-03-05 00:00:00+00:00
[2024-09-17T06:35:27.964-0300] {processor.py:183} INFO - Processing /home/jezandre/airflow/airflow_env/lib/python3.11/site-packages/airflow/example_dags/example_dynamic_task_mapping.py took 0.092 seconds
[2024-09-17T06:35:58.103-0300] {processor.py:161} INFO - Started process (PID=24541) to work on /home/jezandre/airflow/airflow_env/lib/python3.11/site-packages/airflow/example_dags/example_dynamic_task_mapping.py
[2024-09-17T06:35:58.104-0300] {processor.py:830} INFO - Processing file /home/jezandre/airflow/airflow_env/lib/python3.11/site-packages/airflow/example_dags/example_dynamic_task_mapping.py for tasks to queue
[2024-09-17T06:35:58.106-0300] {logging_mixin.py:188} INFO - [2024-09-17T06:35:58.105-0300] {dagbag.py:545} INFO - Filling up the DagBag from /home/jezandre/airflow/airflow_env/lib/python3.11/site-packages/airflow/example_dags/example_dynamic_task_mapping.py
[2024-09-17T06:35:58.114-0300] {processor.py:840} INFO - DAG(s) 'example_dynamic_task_mapping' retrieved from /home/jezandre/airflow/airflow_env/lib/python3.11/site-packages/airflow/example_dags/example_dynamic_task_mapping.py
[2024-09-17T06:35:58.142-0300] {logging_mixin.py:188} INFO - [2024-09-17T06:35:58.141-0300] {dag.py:3089} INFO - Sync 1 DAGs
[2024-09-17T06:35:58.167-0300] {logging_mixin.py:188} INFO - [2024-09-17T06:35:58.167-0300] {dag.py:3947} INFO - Setting next_dagrun for example_dynamic_task_mapping to 2022-03-04 00:00:00+00:00, run_after=2022-03-05 00:00:00+00:00
[2024-09-17T06:35:58.194-0300] {processor.py:183} INFO - Processing /home/jezandre/airflow/airflow_env/lib/python3.11/site-packages/airflow/example_dags/example_dynamic_task_mapping.py took 0.096 seconds
[2024-09-17T06:36:28.494-0300] {processor.py:161} INFO - Started process (PID=24762) to work on /home/jezandre/airflow/airflow_env/lib/python3.11/site-packages/airflow/example_dags/example_dynamic_task_mapping.py
[2024-09-17T06:36:28.496-0300] {processor.py:830} INFO - Processing file /home/jezandre/airflow/airflow_env/lib/python3.11/site-packages/airflow/example_dags/example_dynamic_task_mapping.py for tasks to queue
[2024-09-17T06:36:28.498-0300] {logging_mixin.py:188} INFO - [2024-09-17T06:36:28.498-0300] {dagbag.py:545} INFO - Filling up the DagBag from /home/jezandre/airflow/airflow_env/lib/python3.11/site-packages/airflow/example_dags/example_dynamic_task_mapping.py
[2024-09-17T06:36:28.507-0300] {processor.py:840} INFO - DAG(s) 'example_dynamic_task_mapping' retrieved from /home/jezandre/airflow/airflow_env/lib/python3.11/site-packages/airflow/example_dags/example_dynamic_task_mapping.py
[2024-09-17T06:36:28.535-0300] {logging_mixin.py:188} INFO - [2024-09-17T06:36:28.535-0300] {dag.py:3089} INFO - Sync 1 DAGs
[2024-09-17T06:36:28.565-0300] {logging_mixin.py:188} INFO - [2024-09-17T06:36:28.565-0300] {dag.py:3947} INFO - Setting next_dagrun for example_dynamic_task_mapping to 2022-03-04 00:00:00+00:00, run_after=2022-03-05 00:00:00+00:00
[2024-09-17T06:36:28.591-0300] {processor.py:183} INFO - Processing /home/jezandre/airflow/airflow_env/lib/python3.11/site-packages/airflow/example_dags/example_dynamic_task_mapping.py took 0.105 seconds
[2024-09-17T06:36:58.914-0300] {processor.py:161} INFO - Started process (PID=24991) to work on /home/jezandre/airflow/airflow_env/lib/python3.11/site-packages/airflow/example_dags/example_dynamic_task_mapping.py
[2024-09-17T06:36:58.915-0300] {processor.py:830} INFO - Processing file /home/jezandre/airflow/airflow_env/lib/python3.11/site-packages/airflow/example_dags/example_dynamic_task_mapping.py for tasks to queue
[2024-09-17T06:36:58.917-0300] {logging_mixin.py:188} INFO - [2024-09-17T06:36:58.917-0300] {dagbag.py:545} INFO - Filling up the DagBag from /home/jezandre/airflow/airflow_env/lib/python3.11/site-packages/airflow/example_dags/example_dynamic_task_mapping.py
[2024-09-17T06:36:58.925-0300] {processor.py:840} INFO - DAG(s) 'example_dynamic_task_mapping' retrieved from /home/jezandre/airflow/airflow_env/lib/python3.11/site-packages/airflow/example_dags/example_dynamic_task_mapping.py
[2024-09-17T06:36:58.953-0300] {logging_mixin.py:188} INFO - [2024-09-17T06:36:58.952-0300] {dag.py:3089} INFO - Sync 1 DAGs
[2024-09-17T06:36:58.984-0300] {logging_mixin.py:188} INFO - [2024-09-17T06:36:58.984-0300] {dag.py:3947} INFO - Setting next_dagrun for example_dynamic_task_mapping to 2022-03-04 00:00:00+00:00, run_after=2022-03-05 00:00:00+00:00
[2024-09-17T06:36:59.011-0300] {processor.py:183} INFO - Processing /home/jezandre/airflow/airflow_env/lib/python3.11/site-packages/airflow/example_dags/example_dynamic_task_mapping.py took 0.103 seconds
[2024-09-17T06:37:30.104-0300] {processor.py:161} INFO - Started process (PID=25201) to work on /home/jezandre/airflow/airflow_env/lib/python3.11/site-packages/airflow/example_dags/example_dynamic_task_mapping.py
[2024-09-17T06:37:30.105-0300] {processor.py:830} INFO - Processing file /home/jezandre/airflow/airflow_env/lib/python3.11/site-packages/airflow/example_dags/example_dynamic_task_mapping.py for tasks to queue
[2024-09-17T06:37:30.108-0300] {logging_mixin.py:188} INFO - [2024-09-17T06:37:30.108-0300] {dagbag.py:545} INFO - Filling up the DagBag from /home/jezandre/airflow/airflow_env/lib/python3.11/site-packages/airflow/example_dags/example_dynamic_task_mapping.py
[2024-09-17T06:37:30.119-0300] {processor.py:840} INFO - DAG(s) 'example_dynamic_task_mapping' retrieved from /home/jezandre/airflow/airflow_env/lib/python3.11/site-packages/airflow/example_dags/example_dynamic_task_mapping.py
[2024-09-17T06:37:30.265-0300] {logging_mixin.py:188} INFO - [2024-09-17T06:37:30.265-0300] {dag.py:3089} INFO - Sync 1 DAGs
[2024-09-17T06:37:30.300-0300] {logging_mixin.py:188} INFO - [2024-09-17T06:37:30.299-0300] {dag.py:3947} INFO - Setting next_dagrun for example_dynamic_task_mapping to 2022-03-04 00:00:00+00:00, run_after=2022-03-05 00:00:00+00:00
[2024-09-17T06:37:30.332-0300] {processor.py:183} INFO - Processing /home/jezandre/airflow/airflow_env/lib/python3.11/site-packages/airflow/example_dags/example_dynamic_task_mapping.py took 0.235 seconds
[2024-09-17T06:38:00.500-0300] {processor.py:161} INFO - Started process (PID=25436) to work on /home/jezandre/airflow/airflow_env/lib/python3.11/site-packages/airflow/example_dags/example_dynamic_task_mapping.py
[2024-09-17T06:38:00.501-0300] {processor.py:830} INFO - Processing file /home/jezandre/airflow/airflow_env/lib/python3.11/site-packages/airflow/example_dags/example_dynamic_task_mapping.py for tasks to queue
[2024-09-17T06:38:00.502-0300] {logging_mixin.py:188} INFO - [2024-09-17T06:38:00.502-0300] {dagbag.py:545} INFO - Filling up the DagBag from /home/jezandre/airflow/airflow_env/lib/python3.11/site-packages/airflow/example_dags/example_dynamic_task_mapping.py
[2024-09-17T06:38:00.508-0300] {processor.py:840} INFO - DAG(s) 'example_dynamic_task_mapping' retrieved from /home/jezandre/airflow/airflow_env/lib/python3.11/site-packages/airflow/example_dags/example_dynamic_task_mapping.py
[2024-09-17T06:38:00.533-0300] {logging_mixin.py:188} INFO - [2024-09-17T06:38:00.533-0300] {dag.py:3089} INFO - Sync 1 DAGs
[2024-09-17T06:38:00.559-0300] {logging_mixin.py:188} INFO - [2024-09-17T06:38:00.559-0300] {dag.py:3947} INFO - Setting next_dagrun for example_dynamic_task_mapping to 2022-03-04 00:00:00+00:00, run_after=2022-03-05 00:00:00+00:00
[2024-09-17T06:38:00.589-0300] {processor.py:183} INFO - Processing /home/jezandre/airflow/airflow_env/lib/python3.11/site-packages/airflow/example_dags/example_dynamic_task_mapping.py took 0.097 seconds
[2024-09-17T06:38:30.980-0300] {processor.py:161} INFO - Started process (PID=25753) to work on /home/jezandre/airflow/airflow_env/lib/python3.11/site-packages/airflow/example_dags/example_dynamic_task_mapping.py
[2024-09-17T06:38:30.981-0300] {processor.py:830} INFO - Processing file /home/jezandre/airflow/airflow_env/lib/python3.11/site-packages/airflow/example_dags/example_dynamic_task_mapping.py for tasks to queue
[2024-09-17T06:38:30.982-0300] {logging_mixin.py:188} INFO - [2024-09-17T06:38:30.982-0300] {dagbag.py:545} INFO - Filling up the DagBag from /home/jezandre/airflow/airflow_env/lib/python3.11/site-packages/airflow/example_dags/example_dynamic_task_mapping.py
[2024-09-17T06:38:30.989-0300] {processor.py:840} INFO - DAG(s) 'example_dynamic_task_mapping' retrieved from /home/jezandre/airflow/airflow_env/lib/python3.11/site-packages/airflow/example_dags/example_dynamic_task_mapping.py
[2024-09-17T06:38:31.016-0300] {logging_mixin.py:188} INFO - [2024-09-17T06:38:31.016-0300] {dag.py:3089} INFO - Sync 1 DAGs
[2024-09-17T06:38:31.045-0300] {logging_mixin.py:188} INFO - [2024-09-17T06:38:31.045-0300] {dag.py:3947} INFO - Setting next_dagrun for example_dynamic_task_mapping to 2022-03-04 00:00:00+00:00, run_after=2022-03-05 00:00:00+00:00
[2024-09-17T06:38:31.076-0300] {processor.py:183} INFO - Processing /home/jezandre/airflow/airflow_env/lib/python3.11/site-packages/airflow/example_dags/example_dynamic_task_mapping.py took 0.104 seconds
[2024-09-17T06:39:01.502-0300] {processor.py:161} INFO - Started process (PID=26073) to work on /home/jezandre/airflow/airflow_env/lib/python3.11/site-packages/airflow/example_dags/example_dynamic_task_mapping.py
[2024-09-17T06:39:01.503-0300] {processor.py:830} INFO - Processing file /home/jezandre/airflow/airflow_env/lib/python3.11/site-packages/airflow/example_dags/example_dynamic_task_mapping.py for tasks to queue
[2024-09-17T06:39:01.504-0300] {logging_mixin.py:188} INFO - [2024-09-17T06:39:01.504-0300] {dagbag.py:545} INFO - Filling up the DagBag from /home/jezandre/airflow/airflow_env/lib/python3.11/site-packages/airflow/example_dags/example_dynamic_task_mapping.py
[2024-09-17T06:39:01.510-0300] {processor.py:840} INFO - DAG(s) 'example_dynamic_task_mapping' retrieved from /home/jezandre/airflow/airflow_env/lib/python3.11/site-packages/airflow/example_dags/example_dynamic_task_mapping.py
[2024-09-17T06:39:01.540-0300] {logging_mixin.py:188} INFO - [2024-09-17T06:39:01.539-0300] {dag.py:3089} INFO - Sync 1 DAGs
[2024-09-17T06:39:01.571-0300] {logging_mixin.py:188} INFO - [2024-09-17T06:39:01.571-0300] {dag.py:3947} INFO - Setting next_dagrun for example_dynamic_task_mapping to 2022-03-04 00:00:00+00:00, run_after=2022-03-05 00:00:00+00:00
[2024-09-17T06:39:01.597-0300] {processor.py:183} INFO - Processing /home/jezandre/airflow/airflow_env/lib/python3.11/site-packages/airflow/example_dags/example_dynamic_task_mapping.py took 0.104 seconds
[2024-09-17T06:39:32.086-0300] {processor.py:161} INFO - Started process (PID=26314) to work on /home/jezandre/airflow/airflow_env/lib/python3.11/site-packages/airflow/example_dags/example_dynamic_task_mapping.py
[2024-09-17T06:39:32.088-0300] {processor.py:830} INFO - Processing file /home/jezandre/airflow/airflow_env/lib/python3.11/site-packages/airflow/example_dags/example_dynamic_task_mapping.py for tasks to queue
[2024-09-17T06:39:32.090-0300] {logging_mixin.py:188} INFO - [2024-09-17T06:39:32.089-0300] {dagbag.py:545} INFO - Filling up the DagBag from /home/jezandre/airflow/airflow_env/lib/python3.11/site-packages/airflow/example_dags/example_dynamic_task_mapping.py
[2024-09-17T06:39:32.099-0300] {processor.py:840} INFO - DAG(s) 'example_dynamic_task_mapping' retrieved from /home/jezandre/airflow/airflow_env/lib/python3.11/site-packages/airflow/example_dags/example_dynamic_task_mapping.py
[2024-09-17T06:39:32.127-0300] {logging_mixin.py:188} INFO - [2024-09-17T06:39:32.126-0300] {dag.py:3089} INFO - Sync 1 DAGs
[2024-09-17T06:39:32.155-0300] {logging_mixin.py:188} INFO - [2024-09-17T06:39:32.155-0300] {dag.py:3947} INFO - Setting next_dagrun for example_dynamic_task_mapping to 2022-03-04 00:00:00+00:00, run_after=2022-03-05 00:00:00+00:00
[2024-09-17T06:39:32.179-0300] {processor.py:183} INFO - Processing /home/jezandre/airflow/airflow_env/lib/python3.11/site-packages/airflow/example_dags/example_dynamic_task_mapping.py took 0.103 seconds
[2024-09-17T06:40:02.862-0300] {processor.py:161} INFO - Started process (PID=26587) to work on /home/jezandre/airflow/airflow_env/lib/python3.11/site-packages/airflow/example_dags/example_dynamic_task_mapping.py
[2024-09-17T06:40:02.863-0300] {processor.py:830} INFO - Processing file /home/jezandre/airflow/airflow_env/lib/python3.11/site-packages/airflow/example_dags/example_dynamic_task_mapping.py for tasks to queue
[2024-09-17T06:40:02.865-0300] {logging_mixin.py:188} INFO - [2024-09-17T06:40:02.864-0300] {dagbag.py:545} INFO - Filling up the DagBag from /home/jezandre/airflow/airflow_env/lib/python3.11/site-packages/airflow/example_dags/example_dynamic_task_mapping.py
[2024-09-17T06:40:02.870-0300] {processor.py:840} INFO - DAG(s) 'example_dynamic_task_mapping' retrieved from /home/jezandre/airflow/airflow_env/lib/python3.11/site-packages/airflow/example_dags/example_dynamic_task_mapping.py
[2024-09-17T06:40:02.899-0300] {logging_mixin.py:188} INFO - [2024-09-17T06:40:02.898-0300] {dag.py:3089} INFO - Sync 1 DAGs
[2024-09-17T06:40:02.926-0300] {logging_mixin.py:188} INFO - [2024-09-17T06:40:02.926-0300] {dag.py:3947} INFO - Setting next_dagrun for example_dynamic_task_mapping to 2022-03-04 00:00:00+00:00, run_after=2022-03-05 00:00:00+00:00
[2024-09-17T06:40:02.956-0300] {processor.py:183} INFO - Processing /home/jezandre/airflow/airflow_env/lib/python3.11/site-packages/airflow/example_dags/example_dynamic_task_mapping.py took 0.103 seconds
[2024-09-17T06:40:33.280-0300] {processor.py:161} INFO - Started process (PID=26942) to work on /home/jezandre/airflow/airflow_env/lib/python3.11/site-packages/airflow/example_dags/example_dynamic_task_mapping.py
[2024-09-17T06:40:33.282-0300] {processor.py:830} INFO - Processing file /home/jezandre/airflow/airflow_env/lib/python3.11/site-packages/airflow/example_dags/example_dynamic_task_mapping.py for tasks to queue
[2024-09-17T06:40:33.284-0300] {logging_mixin.py:188} INFO - [2024-09-17T06:40:33.283-0300] {dagbag.py:545} INFO - Filling up the DagBag from /home/jezandre/airflow/airflow_env/lib/python3.11/site-packages/airflow/example_dags/example_dynamic_task_mapping.py
[2024-09-17T06:40:33.292-0300] {processor.py:840} INFO - DAG(s) 'example_dynamic_task_mapping' retrieved from /home/jezandre/airflow/airflow_env/lib/python3.11/site-packages/airflow/example_dags/example_dynamic_task_mapping.py
[2024-09-17T06:40:33.318-0300] {logging_mixin.py:188} INFO - [2024-09-17T06:40:33.318-0300] {dag.py:3089} INFO - Sync 1 DAGs
[2024-09-17T06:40:33.345-0300] {logging_mixin.py:188} INFO - [2024-09-17T06:40:33.344-0300] {dag.py:3947} INFO - Setting next_dagrun for example_dynamic_task_mapping to 2022-03-04 00:00:00+00:00, run_after=2022-03-05 00:00:00+00:00
[2024-09-17T06:40:33.369-0300] {processor.py:183} INFO - Processing /home/jezandre/airflow/airflow_env/lib/python3.11/site-packages/airflow/example_dags/example_dynamic_task_mapping.py took 0.097 seconds
[2024-09-17T06:41:03.925-0300] {processor.py:161} INFO - Started process (PID=27291) to work on /home/jezandre/airflow/airflow_env/lib/python3.11/site-packages/airflow/example_dags/example_dynamic_task_mapping.py
[2024-09-17T06:41:03.927-0300] {processor.py:830} INFO - Processing file /home/jezandre/airflow/airflow_env/lib/python3.11/site-packages/airflow/example_dags/example_dynamic_task_mapping.py for tasks to queue
[2024-09-17T06:41:03.929-0300] {logging_mixin.py:188} INFO - [2024-09-17T06:41:03.929-0300] {dagbag.py:545} INFO - Filling up the DagBag from /home/jezandre/airflow/airflow_env/lib/python3.11/site-packages/airflow/example_dags/example_dynamic_task_mapping.py
[2024-09-17T06:41:03.937-0300] {processor.py:840} INFO - DAG(s) 'example_dynamic_task_mapping' retrieved from /home/jezandre/airflow/airflow_env/lib/python3.11/site-packages/airflow/example_dags/example_dynamic_task_mapping.py
[2024-09-17T06:41:03.963-0300] {logging_mixin.py:188} INFO - [2024-09-17T06:41:03.962-0300] {dag.py:3089} INFO - Sync 1 DAGs
[2024-09-17T06:41:03.991-0300] {logging_mixin.py:188} INFO - [2024-09-17T06:41:03.991-0300] {dag.py:3947} INFO - Setting next_dagrun for example_dynamic_task_mapping to 2022-03-04 00:00:00+00:00, run_after=2022-03-05 00:00:00+00:00
[2024-09-17T06:41:04.018-0300] {processor.py:183} INFO - Processing /home/jezandre/airflow/airflow_env/lib/python3.11/site-packages/airflow/example_dags/example_dynamic_task_mapping.py took 0.100 seconds
[2024-09-17T06:41:34.482-0300] {processor.py:161} INFO - Started process (PID=27630) to work on /home/jezandre/airflow/airflow_env/lib/python3.11/site-packages/airflow/example_dags/example_dynamic_task_mapping.py
[2024-09-17T06:41:34.484-0300] {processor.py:830} INFO - Processing file /home/jezandre/airflow/airflow_env/lib/python3.11/site-packages/airflow/example_dags/example_dynamic_task_mapping.py for tasks to queue
[2024-09-17T06:41:34.486-0300] {logging_mixin.py:188} INFO - [2024-09-17T06:41:34.485-0300] {dagbag.py:545} INFO - Filling up the DagBag from /home/jezandre/airflow/airflow_env/lib/python3.11/site-packages/airflow/example_dags/example_dynamic_task_mapping.py
[2024-09-17T06:41:34.492-0300] {processor.py:840} INFO - DAG(s) 'example_dynamic_task_mapping' retrieved from /home/jezandre/airflow/airflow_env/lib/python3.11/site-packages/airflow/example_dags/example_dynamic_task_mapping.py
[2024-09-17T06:41:34.521-0300] {logging_mixin.py:188} INFO - [2024-09-17T06:41:34.521-0300] {dag.py:3089} INFO - Sync 1 DAGs
[2024-09-17T06:41:34.552-0300] {logging_mixin.py:188} INFO - [2024-09-17T06:41:34.552-0300] {dag.py:3947} INFO - Setting next_dagrun for example_dynamic_task_mapping to 2022-03-04 00:00:00+00:00, run_after=2022-03-05 00:00:00+00:00
[2024-09-17T06:41:34.580-0300] {processor.py:183} INFO - Processing /home/jezandre/airflow/airflow_env/lib/python3.11/site-packages/airflow/example_dags/example_dynamic_task_mapping.py took 0.109 seconds
[2024-09-17T06:42:04.769-0300] {processor.py:161} INFO - Started process (PID=27867) to work on /home/jezandre/airflow/airflow_env/lib/python3.11/site-packages/airflow/example_dags/example_dynamic_task_mapping.py
[2024-09-17T06:42:04.770-0300] {processor.py:830} INFO - Processing file /home/jezandre/airflow/airflow_env/lib/python3.11/site-packages/airflow/example_dags/example_dynamic_task_mapping.py for tasks to queue
[2024-09-17T06:42:04.773-0300] {logging_mixin.py:188} INFO - [2024-09-17T06:42:04.772-0300] {dagbag.py:545} INFO - Filling up the DagBag from /home/jezandre/airflow/airflow_env/lib/python3.11/site-packages/airflow/example_dags/example_dynamic_task_mapping.py
[2024-09-17T06:42:04.779-0300] {processor.py:840} INFO - DAG(s) 'example_dynamic_task_mapping' retrieved from /home/jezandre/airflow/airflow_env/lib/python3.11/site-packages/airflow/example_dags/example_dynamic_task_mapping.py
[2024-09-17T06:42:04.805-0300] {logging_mixin.py:188} INFO - [2024-09-17T06:42:04.805-0300] {dag.py:3089} INFO - Sync 1 DAGs
[2024-09-17T06:42:04.830-0300] {logging_mixin.py:188} INFO - [2024-09-17T06:42:04.829-0300] {dag.py:3947} INFO - Setting next_dagrun for example_dynamic_task_mapping to 2022-03-04 00:00:00+00:00, run_after=2022-03-05 00:00:00+00:00
[2024-09-17T06:42:04.852-0300] {processor.py:183} INFO - Processing /home/jezandre/airflow/airflow_env/lib/python3.11/site-packages/airflow/example_dags/example_dynamic_task_mapping.py took 0.091 seconds
[2024-09-17T06:42:35.875-0300] {processor.py:161} INFO - Started process (PID=28069) to work on /home/jezandre/airflow/airflow_env/lib/python3.11/site-packages/airflow/example_dags/example_dynamic_task_mapping.py
[2024-09-17T06:42:35.877-0300] {processor.py:830} INFO - Processing file /home/jezandre/airflow/airflow_env/lib/python3.11/site-packages/airflow/example_dags/example_dynamic_task_mapping.py for tasks to queue
[2024-09-17T06:42:35.879-0300] {logging_mixin.py:188} INFO - [2024-09-17T06:42:35.878-0300] {dagbag.py:545} INFO - Filling up the DagBag from /home/jezandre/airflow/airflow_env/lib/python3.11/site-packages/airflow/example_dags/example_dynamic_task_mapping.py
[2024-09-17T06:42:35.885-0300] {processor.py:840} INFO - DAG(s) 'example_dynamic_task_mapping' retrieved from /home/jezandre/airflow/airflow_env/lib/python3.11/site-packages/airflow/example_dags/example_dynamic_task_mapping.py
[2024-09-17T06:42:36.021-0300] {logging_mixin.py:188} INFO - [2024-09-17T06:42:36.021-0300] {dag.py:3089} INFO - Sync 1 DAGs
[2024-09-17T06:42:36.050-0300] {logging_mixin.py:188} INFO - [2024-09-17T06:42:36.049-0300] {dag.py:3947} INFO - Setting next_dagrun for example_dynamic_task_mapping to 2022-03-04 00:00:00+00:00, run_after=2022-03-05 00:00:00+00:00
[2024-09-17T06:42:36.078-0300] {processor.py:183} INFO - Processing /home/jezandre/airflow/airflow_env/lib/python3.11/site-packages/airflow/example_dags/example_dynamic_task_mapping.py took 0.212 seconds
[2024-09-17T06:43:06.303-0300] {processor.py:161} INFO - Started process (PID=28835) to work on /home/jezandre/airflow/airflow_env/lib/python3.11/site-packages/airflow/example_dags/example_dynamic_task_mapping.py
[2024-09-17T06:43:06.305-0300] {processor.py:830} INFO - Processing file /home/jezandre/airflow/airflow_env/lib/python3.11/site-packages/airflow/example_dags/example_dynamic_task_mapping.py for tasks to queue
[2024-09-17T06:43:06.307-0300] {logging_mixin.py:188} INFO - [2024-09-17T06:43:06.307-0300] {dagbag.py:545} INFO - Filling up the DagBag from /home/jezandre/airflow/airflow_env/lib/python3.11/site-packages/airflow/example_dags/example_dynamic_task_mapping.py
[2024-09-17T06:43:06.316-0300] {processor.py:840} INFO - DAG(s) 'example_dynamic_task_mapping' retrieved from /home/jezandre/airflow/airflow_env/lib/python3.11/site-packages/airflow/example_dags/example_dynamic_task_mapping.py
[2024-09-17T06:43:06.350-0300] {logging_mixin.py:188} INFO - [2024-09-17T06:43:06.350-0300] {dag.py:3089} INFO - Sync 1 DAGs
[2024-09-17T06:43:06.384-0300] {logging_mixin.py:188} INFO - [2024-09-17T06:43:06.383-0300] {dag.py:3947} INFO - Setting next_dagrun for example_dynamic_task_mapping to 2022-03-04 00:00:00+00:00, run_after=2022-03-05 00:00:00+00:00
[2024-09-17T06:43:06.427-0300] {processor.py:183} INFO - Processing /home/jezandre/airflow/airflow_env/lib/python3.11/site-packages/airflow/example_dags/example_dynamic_task_mapping.py took 0.132 seconds
[2024-09-17T06:43:37.395-0300] {processor.py:161} INFO - Started process (PID=29128) to work on /home/jezandre/airflow/airflow_env/lib/python3.11/site-packages/airflow/example_dags/example_dynamic_task_mapping.py
[2024-09-17T06:43:37.396-0300] {processor.py:830} INFO - Processing file /home/jezandre/airflow/airflow_env/lib/python3.11/site-packages/airflow/example_dags/example_dynamic_task_mapping.py for tasks to queue
[2024-09-17T06:43:37.398-0300] {logging_mixin.py:188} INFO - [2024-09-17T06:43:37.398-0300] {dagbag.py:545} INFO - Filling up the DagBag from /home/jezandre/airflow/airflow_env/lib/python3.11/site-packages/airflow/example_dags/example_dynamic_task_mapping.py
[2024-09-17T06:43:37.405-0300] {processor.py:840} INFO - DAG(s) 'example_dynamic_task_mapping' retrieved from /home/jezandre/airflow/airflow_env/lib/python3.11/site-packages/airflow/example_dags/example_dynamic_task_mapping.py
[2024-09-17T06:43:37.437-0300] {logging_mixin.py:188} INFO - [2024-09-17T06:43:37.437-0300] {dag.py:3089} INFO - Sync 1 DAGs
[2024-09-17T06:43:37.465-0300] {logging_mixin.py:188} INFO - [2024-09-17T06:43:37.465-0300] {dag.py:3947} INFO - Setting next_dagrun for example_dynamic_task_mapping to 2022-03-04 00:00:00+00:00, run_after=2022-03-05 00:00:00+00:00
[2024-09-17T06:43:37.489-0300] {processor.py:183} INFO - Processing /home/jezandre/airflow/airflow_env/lib/python3.11/site-packages/airflow/example_dags/example_dynamic_task_mapping.py took 0.104 seconds
[2024-09-17T06:44:08.049-0300] {processor.py:161} INFO - Started process (PID=29354) to work on /home/jezandre/airflow/airflow_env/lib/python3.11/site-packages/airflow/example_dags/example_dynamic_task_mapping.py
[2024-09-17T06:44:08.050-0300] {processor.py:830} INFO - Processing file /home/jezandre/airflow/airflow_env/lib/python3.11/site-packages/airflow/example_dags/example_dynamic_task_mapping.py for tasks to queue
[2024-09-17T06:44:08.051-0300] {logging_mixin.py:188} INFO - [2024-09-17T06:44:08.051-0300] {dagbag.py:545} INFO - Filling up the DagBag from /home/jezandre/airflow/airflow_env/lib/python3.11/site-packages/airflow/example_dags/example_dynamic_task_mapping.py
[2024-09-17T06:44:08.059-0300] {processor.py:840} INFO - DAG(s) 'example_dynamic_task_mapping' retrieved from /home/jezandre/airflow/airflow_env/lib/python3.11/site-packages/airflow/example_dags/example_dynamic_task_mapping.py
[2024-09-17T06:44:08.083-0300] {logging_mixin.py:188} INFO - [2024-09-17T06:44:08.082-0300] {dag.py:3089} INFO - Sync 1 DAGs
[2024-09-17T06:44:08.106-0300] {logging_mixin.py:188} INFO - [2024-09-17T06:44:08.105-0300] {dag.py:3947} INFO - Setting next_dagrun for example_dynamic_task_mapping to 2022-03-04 00:00:00+00:00, run_after=2022-03-05 00:00:00+00:00
[2024-09-17T06:44:08.127-0300] {processor.py:183} INFO - Processing /home/jezandre/airflow/airflow_env/lib/python3.11/site-packages/airflow/example_dags/example_dynamic_task_mapping.py took 0.085 seconds
[2024-09-17T06:44:38.512-0300] {processor.py:161} INFO - Started process (PID=29549) to work on /home/jezandre/airflow/airflow_env/lib/python3.11/site-packages/airflow/example_dags/example_dynamic_task_mapping.py
[2024-09-17T06:44:38.513-0300] {processor.py:830} INFO - Processing file /home/jezandre/airflow/airflow_env/lib/python3.11/site-packages/airflow/example_dags/example_dynamic_task_mapping.py for tasks to queue
[2024-09-17T06:44:38.515-0300] {logging_mixin.py:188} INFO - [2024-09-17T06:44:38.515-0300] {dagbag.py:545} INFO - Filling up the DagBag from /home/jezandre/airflow/airflow_env/lib/python3.11/site-packages/airflow/example_dags/example_dynamic_task_mapping.py
[2024-09-17T06:44:38.523-0300] {processor.py:840} INFO - DAG(s) 'example_dynamic_task_mapping' retrieved from /home/jezandre/airflow/airflow_env/lib/python3.11/site-packages/airflow/example_dags/example_dynamic_task_mapping.py
[2024-09-17T06:44:38.555-0300] {logging_mixin.py:188} INFO - [2024-09-17T06:44:38.555-0300] {dag.py:3089} INFO - Sync 1 DAGs
[2024-09-17T06:44:38.591-0300] {logging_mixin.py:188} INFO - [2024-09-17T06:44:38.590-0300] {dag.py:3947} INFO - Setting next_dagrun for example_dynamic_task_mapping to 2022-03-04 00:00:00+00:00, run_after=2022-03-05 00:00:00+00:00
[2024-09-17T06:44:38.624-0300] {processor.py:183} INFO - Processing /home/jezandre/airflow/airflow_env/lib/python3.11/site-packages/airflow/example_dags/example_dynamic_task_mapping.py took 0.125 seconds
[2024-09-17T06:45:09.387-0300] {processor.py:161} INFO - Started process (PID=29893) to work on /home/jezandre/airflow/airflow_env/lib/python3.11/site-packages/airflow/example_dags/example_dynamic_task_mapping.py
[2024-09-17T06:45:09.388-0300] {processor.py:830} INFO - Processing file /home/jezandre/airflow/airflow_env/lib/python3.11/site-packages/airflow/example_dags/example_dynamic_task_mapping.py for tasks to queue
[2024-09-17T06:45:09.391-0300] {logging_mixin.py:188} INFO - [2024-09-17T06:45:09.391-0300] {dagbag.py:545} INFO - Filling up the DagBag from /home/jezandre/airflow/airflow_env/lib/python3.11/site-packages/airflow/example_dags/example_dynamic_task_mapping.py
[2024-09-17T06:45:09.400-0300] {processor.py:840} INFO - DAG(s) 'example_dynamic_task_mapping' retrieved from /home/jezandre/airflow/airflow_env/lib/python3.11/site-packages/airflow/example_dags/example_dynamic_task_mapping.py
[2024-09-17T06:45:09.437-0300] {logging_mixin.py:188} INFO - [2024-09-17T06:45:09.436-0300] {dag.py:3089} INFO - Sync 1 DAGs
[2024-09-17T06:45:09.490-0300] {logging_mixin.py:188} INFO - [2024-09-17T06:45:09.489-0300] {dag.py:3947} INFO - Setting next_dagrun for example_dynamic_task_mapping to 2022-03-04 00:00:00+00:00, run_after=2022-03-05 00:00:00+00:00
[2024-09-17T06:45:09.527-0300] {processor.py:183} INFO - Processing /home/jezandre/airflow/airflow_env/lib/python3.11/site-packages/airflow/example_dags/example_dynamic_task_mapping.py took 0.149 seconds
[2024-09-17T06:45:39.705-0300] {processor.py:161} INFO - Started process (PID=30171) to work on /home/jezandre/airflow/airflow_env/lib/python3.11/site-packages/airflow/example_dags/example_dynamic_task_mapping.py
[2024-09-17T06:45:39.705-0300] {processor.py:830} INFO - Processing file /home/jezandre/airflow/airflow_env/lib/python3.11/site-packages/airflow/example_dags/example_dynamic_task_mapping.py for tasks to queue
[2024-09-17T06:45:39.707-0300] {logging_mixin.py:188} INFO - [2024-09-17T06:45:39.707-0300] {dagbag.py:545} INFO - Filling up the DagBag from /home/jezandre/airflow/airflow_env/lib/python3.11/site-packages/airflow/example_dags/example_dynamic_task_mapping.py
[2024-09-17T06:45:39.713-0300] {processor.py:840} INFO - DAG(s) 'example_dynamic_task_mapping' retrieved from /home/jezandre/airflow/airflow_env/lib/python3.11/site-packages/airflow/example_dags/example_dynamic_task_mapping.py
[2024-09-17T06:45:39.741-0300] {logging_mixin.py:188} INFO - [2024-09-17T06:45:39.740-0300] {dag.py:3089} INFO - Sync 1 DAGs
[2024-09-17T06:45:39.766-0300] {logging_mixin.py:188} INFO - [2024-09-17T06:45:39.766-0300] {dag.py:3947} INFO - Setting next_dagrun for example_dynamic_task_mapping to 2022-03-04 00:00:00+00:00, run_after=2022-03-05 00:00:00+00:00
[2024-09-17T06:45:39.792-0300] {processor.py:183} INFO - Processing /home/jezandre/airflow/airflow_env/lib/python3.11/site-packages/airflow/example_dags/example_dynamic_task_mapping.py took 0.095 seconds
[2024-09-17T06:46:10.651-0300] {processor.py:161} INFO - Started process (PID=30507) to work on /home/jezandre/airflow/airflow_env/lib/python3.11/site-packages/airflow/example_dags/example_dynamic_task_mapping.py
[2024-09-17T06:46:10.652-0300] {processor.py:830} INFO - Processing file /home/jezandre/airflow/airflow_env/lib/python3.11/site-packages/airflow/example_dags/example_dynamic_task_mapping.py for tasks to queue
[2024-09-17T06:46:10.655-0300] {logging_mixin.py:188} INFO - [2024-09-17T06:46:10.654-0300] {dagbag.py:545} INFO - Filling up the DagBag from /home/jezandre/airflow/airflow_env/lib/python3.11/site-packages/airflow/example_dags/example_dynamic_task_mapping.py
[2024-09-17T06:46:10.661-0300] {processor.py:840} INFO - DAG(s) 'example_dynamic_task_mapping' retrieved from /home/jezandre/airflow/airflow_env/lib/python3.11/site-packages/airflow/example_dags/example_dynamic_task_mapping.py
[2024-09-17T06:46:10.688-0300] {logging_mixin.py:188} INFO - [2024-09-17T06:46:10.687-0300] {dag.py:3089} INFO - Sync 1 DAGs
[2024-09-17T06:46:10.714-0300] {logging_mixin.py:188} INFO - [2024-09-17T06:46:10.713-0300] {dag.py:3947} INFO - Setting next_dagrun for example_dynamic_task_mapping to 2022-03-04 00:00:00+00:00, run_after=2022-03-05 00:00:00+00:00
[2024-09-17T06:46:10.739-0300] {processor.py:183} INFO - Processing /home/jezandre/airflow/airflow_env/lib/python3.11/site-packages/airflow/example_dags/example_dynamic_task_mapping.py took 0.098 seconds
[2024-09-17T06:46:41.652-0300] {processor.py:161} INFO - Started process (PID=30827) to work on /home/jezandre/airflow/airflow_env/lib/python3.11/site-packages/airflow/example_dags/example_dynamic_task_mapping.py
[2024-09-17T06:46:41.653-0300] {processor.py:830} INFO - Processing file /home/jezandre/airflow/airflow_env/lib/python3.11/site-packages/airflow/example_dags/example_dynamic_task_mapping.py for tasks to queue
[2024-09-17T06:46:41.654-0300] {logging_mixin.py:188} INFO - [2024-09-17T06:46:41.654-0300] {dagbag.py:545} INFO - Filling up the DagBag from /home/jezandre/airflow/airflow_env/lib/python3.11/site-packages/airflow/example_dags/example_dynamic_task_mapping.py
[2024-09-17T06:46:41.663-0300] {processor.py:840} INFO - DAG(s) 'example_dynamic_task_mapping' retrieved from /home/jezandre/airflow/airflow_env/lib/python3.11/site-packages/airflow/example_dags/example_dynamic_task_mapping.py
[2024-09-17T06:46:41.691-0300] {logging_mixin.py:188} INFO - [2024-09-17T06:46:41.691-0300] {dag.py:3089} INFO - Sync 1 DAGs
[2024-09-17T06:46:41.717-0300] {logging_mixin.py:188} INFO - [2024-09-17T06:46:41.717-0300] {dag.py:3947} INFO - Setting next_dagrun for example_dynamic_task_mapping to 2022-03-04 00:00:00+00:00, run_after=2022-03-05 00:00:00+00:00
[2024-09-17T06:46:41.741-0300] {processor.py:183} INFO - Processing /home/jezandre/airflow/airflow_env/lib/python3.11/site-packages/airflow/example_dags/example_dynamic_task_mapping.py took 0.097 seconds
[2024-09-17T06:47:12.656-0300] {processor.py:161} INFO - Started process (PID=31120) to work on /home/jezandre/airflow/airflow_env/lib/python3.11/site-packages/airflow/example_dags/example_dynamic_task_mapping.py
[2024-09-17T06:47:12.657-0300] {processor.py:830} INFO - Processing file /home/jezandre/airflow/airflow_env/lib/python3.11/site-packages/airflow/example_dags/example_dynamic_task_mapping.py for tasks to queue
[2024-09-17T06:47:12.659-0300] {logging_mixin.py:188} INFO - [2024-09-17T06:47:12.658-0300] {dagbag.py:545} INFO - Filling up the DagBag from /home/jezandre/airflow/airflow_env/lib/python3.11/site-packages/airflow/example_dags/example_dynamic_task_mapping.py
[2024-09-17T06:47:12.666-0300] {processor.py:840} INFO - DAG(s) 'example_dynamic_task_mapping' retrieved from /home/jezandre/airflow/airflow_env/lib/python3.11/site-packages/airflow/example_dags/example_dynamic_task_mapping.py
[2024-09-17T06:47:12.791-0300] {logging_mixin.py:188} INFO - [2024-09-17T06:47:12.791-0300] {dag.py:3089} INFO - Sync 1 DAGs
[2024-09-17T06:47:12.817-0300] {logging_mixin.py:188} INFO - [2024-09-17T06:47:12.817-0300] {dag.py:3947} INFO - Setting next_dagrun for example_dynamic_task_mapping to 2022-03-04 00:00:00+00:00, run_after=2022-03-05 00:00:00+00:00
[2024-09-17T06:47:12.846-0300] {processor.py:183} INFO - Processing /home/jezandre/airflow/airflow_env/lib/python3.11/site-packages/airflow/example_dags/example_dynamic_task_mapping.py took 0.199 seconds
[2024-09-17T06:47:42.976-0300] {processor.py:161} INFO - Started process (PID=31350) to work on /home/jezandre/airflow/airflow_env/lib/python3.11/site-packages/airflow/example_dags/example_dynamic_task_mapping.py
[2024-09-17T06:47:42.978-0300] {processor.py:830} INFO - Processing file /home/jezandre/airflow/airflow_env/lib/python3.11/site-packages/airflow/example_dags/example_dynamic_task_mapping.py for tasks to queue
[2024-09-17T06:47:42.980-0300] {logging_mixin.py:188} INFO - [2024-09-17T06:47:42.979-0300] {dagbag.py:545} INFO - Filling up the DagBag from /home/jezandre/airflow/airflow_env/lib/python3.11/site-packages/airflow/example_dags/example_dynamic_task_mapping.py
[2024-09-17T06:47:42.987-0300] {processor.py:840} INFO - DAG(s) 'example_dynamic_task_mapping' retrieved from /home/jezandre/airflow/airflow_env/lib/python3.11/site-packages/airflow/example_dags/example_dynamic_task_mapping.py
[2024-09-17T06:47:43.016-0300] {logging_mixin.py:188} INFO - [2024-09-17T06:47:43.016-0300] {dag.py:3089} INFO - Sync 1 DAGs
[2024-09-17T06:47:43.044-0300] {logging_mixin.py:188} INFO - [2024-09-17T06:47:43.044-0300] {dag.py:3947} INFO - Setting next_dagrun for example_dynamic_task_mapping to 2022-03-04 00:00:00+00:00, run_after=2022-03-05 00:00:00+00:00
[2024-09-17T06:47:43.070-0300] {processor.py:183} INFO - Processing /home/jezandre/airflow/airflow_env/lib/python3.11/site-packages/airflow/example_dags/example_dynamic_task_mapping.py took 0.102 seconds
[2024-09-17T06:48:13.236-0300] {processor.py:161} INFO - Started process (PID=31596) to work on /home/jezandre/airflow/airflow_env/lib/python3.11/site-packages/airflow/example_dags/example_dynamic_task_mapping.py
[2024-09-17T06:48:13.238-0300] {processor.py:830} INFO - Processing file /home/jezandre/airflow/airflow_env/lib/python3.11/site-packages/airflow/example_dags/example_dynamic_task_mapping.py for tasks to queue
[2024-09-17T06:48:13.241-0300] {logging_mixin.py:188} INFO - [2024-09-17T06:48:13.240-0300] {dagbag.py:545} INFO - Filling up the DagBag from /home/jezandre/airflow/airflow_env/lib/python3.11/site-packages/airflow/example_dags/example_dynamic_task_mapping.py
[2024-09-17T06:48:13.250-0300] {processor.py:840} INFO - DAG(s) 'example_dynamic_task_mapping' retrieved from /home/jezandre/airflow/airflow_env/lib/python3.11/site-packages/airflow/example_dags/example_dynamic_task_mapping.py
[2024-09-17T06:48:13.285-0300] {logging_mixin.py:188} INFO - [2024-09-17T06:48:13.284-0300] {dag.py:3089} INFO - Sync 1 DAGs
[2024-09-17T06:48:13.314-0300] {logging_mixin.py:188} INFO - [2024-09-17T06:48:13.314-0300] {dag.py:3947} INFO - Setting next_dagrun for example_dynamic_task_mapping to 2022-03-04 00:00:00+00:00, run_after=2022-03-05 00:00:00+00:00
[2024-09-17T06:48:13.342-0300] {processor.py:183} INFO - Processing /home/jezandre/airflow/airflow_env/lib/python3.11/site-packages/airflow/example_dags/example_dynamic_task_mapping.py took 0.120 seconds
[2024-09-17T06:48:44.075-0300] {processor.py:161} INFO - Started process (PID=31858) to work on /home/jezandre/airflow/airflow_env/lib/python3.11/site-packages/airflow/example_dags/example_dynamic_task_mapping.py
[2024-09-17T06:48:44.077-0300] {processor.py:830} INFO - Processing file /home/jezandre/airflow/airflow_env/lib/python3.11/site-packages/airflow/example_dags/example_dynamic_task_mapping.py for tasks to queue
[2024-09-17T06:48:44.078-0300] {logging_mixin.py:188} INFO - [2024-09-17T06:48:44.078-0300] {dagbag.py:545} INFO - Filling up the DagBag from /home/jezandre/airflow/airflow_env/lib/python3.11/site-packages/airflow/example_dags/example_dynamic_task_mapping.py
[2024-09-17T06:48:44.084-0300] {processor.py:840} INFO - DAG(s) 'example_dynamic_task_mapping' retrieved from /home/jezandre/airflow/airflow_env/lib/python3.11/site-packages/airflow/example_dags/example_dynamic_task_mapping.py
[2024-09-17T06:48:44.113-0300] {logging_mixin.py:188} INFO - [2024-09-17T06:48:44.113-0300] {dag.py:3089} INFO - Sync 1 DAGs
[2024-09-17T06:48:44.141-0300] {logging_mixin.py:188} INFO - [2024-09-17T06:48:44.141-0300] {dag.py:3947} INFO - Setting next_dagrun for example_dynamic_task_mapping to 2022-03-04 00:00:00+00:00, run_after=2022-03-05 00:00:00+00:00
[2024-09-17T06:48:44.168-0300] {processor.py:183} INFO - Processing /home/jezandre/airflow/airflow_env/lib/python3.11/site-packages/airflow/example_dags/example_dynamic_task_mapping.py took 0.102 seconds
[2024-09-17T06:49:15.091-0300] {processor.py:161} INFO - Started process (PID=32071) to work on /home/jezandre/airflow/airflow_env/lib/python3.11/site-packages/airflow/example_dags/example_dynamic_task_mapping.py
[2024-09-17T06:49:15.092-0300] {processor.py:830} INFO - Processing file /home/jezandre/airflow/airflow_env/lib/python3.11/site-packages/airflow/example_dags/example_dynamic_task_mapping.py for tasks to queue
[2024-09-17T06:49:15.095-0300] {logging_mixin.py:188} INFO - [2024-09-17T06:49:15.094-0300] {dagbag.py:545} INFO - Filling up the DagBag from /home/jezandre/airflow/airflow_env/lib/python3.11/site-packages/airflow/example_dags/example_dynamic_task_mapping.py
[2024-09-17T06:49:15.102-0300] {processor.py:840} INFO - DAG(s) 'example_dynamic_task_mapping' retrieved from /home/jezandre/airflow/airflow_env/lib/python3.11/site-packages/airflow/example_dags/example_dynamic_task_mapping.py
[2024-09-17T06:49:15.133-0300] {logging_mixin.py:188} INFO - [2024-09-17T06:49:15.132-0300] {dag.py:3089} INFO - Sync 1 DAGs
[2024-09-17T06:49:15.164-0300] {logging_mixin.py:188} INFO - [2024-09-17T06:49:15.164-0300] {dag.py:3947} INFO - Setting next_dagrun for example_dynamic_task_mapping to 2022-03-04 00:00:00+00:00, run_after=2022-03-05 00:00:00+00:00
[2024-09-17T06:49:15.194-0300] {processor.py:183} INFO - Processing /home/jezandre/airflow/airflow_env/lib/python3.11/site-packages/airflow/example_dags/example_dynamic_task_mapping.py took 0.113 seconds
[2024-09-17T06:49:45.830-0300] {processor.py:161} INFO - Started process (PID=32378) to work on /home/jezandre/airflow/airflow_env/lib/python3.11/site-packages/airflow/example_dags/example_dynamic_task_mapping.py
[2024-09-17T06:49:45.832-0300] {processor.py:830} INFO - Processing file /home/jezandre/airflow/airflow_env/lib/python3.11/site-packages/airflow/example_dags/example_dynamic_task_mapping.py for tasks to queue
[2024-09-17T06:49:45.833-0300] {logging_mixin.py:188} INFO - [2024-09-17T06:49:45.833-0300] {dagbag.py:545} INFO - Filling up the DagBag from /home/jezandre/airflow/airflow_env/lib/python3.11/site-packages/airflow/example_dags/example_dynamic_task_mapping.py
[2024-09-17T06:49:45.840-0300] {processor.py:840} INFO - DAG(s) 'example_dynamic_task_mapping' retrieved from /home/jezandre/airflow/airflow_env/lib/python3.11/site-packages/airflow/example_dags/example_dynamic_task_mapping.py
[2024-09-17T06:49:45.869-0300] {logging_mixin.py:188} INFO - [2024-09-17T06:49:45.869-0300] {dag.py:3089} INFO - Sync 1 DAGs
[2024-09-17T06:49:45.900-0300] {logging_mixin.py:188} INFO - [2024-09-17T06:49:45.900-0300] {dag.py:3947} INFO - Setting next_dagrun for example_dynamic_task_mapping to 2022-03-04 00:00:00+00:00, run_after=2022-03-05 00:00:00+00:00
[2024-09-17T06:49:45.925-0300] {processor.py:183} INFO - Processing /home/jezandre/airflow/airflow_env/lib/python3.11/site-packages/airflow/example_dags/example_dynamic_task_mapping.py took 0.104 seconds
[2024-09-17T06:50:16.558-0300] {processor.py:161} INFO - Started process (PID=32641) to work on /home/jezandre/airflow/airflow_env/lib/python3.11/site-packages/airflow/example_dags/example_dynamic_task_mapping.py
[2024-09-17T06:50:16.559-0300] {processor.py:830} INFO - Processing file /home/jezandre/airflow/airflow_env/lib/python3.11/site-packages/airflow/example_dags/example_dynamic_task_mapping.py for tasks to queue
[2024-09-17T06:50:16.560-0300] {logging_mixin.py:188} INFO - [2024-09-17T06:50:16.560-0300] {dagbag.py:545} INFO - Filling up the DagBag from /home/jezandre/airflow/airflow_env/lib/python3.11/site-packages/airflow/example_dags/example_dynamic_task_mapping.py
[2024-09-17T06:50:16.566-0300] {processor.py:840} INFO - DAG(s) 'example_dynamic_task_mapping' retrieved from /home/jezandre/airflow/airflow_env/lib/python3.11/site-packages/airflow/example_dags/example_dynamic_task_mapping.py
[2024-09-17T06:50:16.593-0300] {logging_mixin.py:188} INFO - [2024-09-17T06:50:16.593-0300] {dag.py:3089} INFO - Sync 1 DAGs
[2024-09-17T06:50:16.621-0300] {logging_mixin.py:188} INFO - [2024-09-17T06:50:16.621-0300] {dag.py:3947} INFO - Setting next_dagrun for example_dynamic_task_mapping to 2022-03-04 00:00:00+00:00, run_after=2022-03-05 00:00:00+00:00
[2024-09-17T06:50:16.645-0300] {processor.py:183} INFO - Processing /home/jezandre/airflow/airflow_env/lib/python3.11/site-packages/airflow/example_dags/example_dynamic_task_mapping.py took 0.096 seconds
[2024-09-17T06:50:47.117-0300] {processor.py:161} INFO - Started process (PID=32919) to work on /home/jezandre/airflow/airflow_env/lib/python3.11/site-packages/airflow/example_dags/example_dynamic_task_mapping.py
[2024-09-17T06:50:47.118-0300] {processor.py:830} INFO - Processing file /home/jezandre/airflow/airflow_env/lib/python3.11/site-packages/airflow/example_dags/example_dynamic_task_mapping.py for tasks to queue
[2024-09-17T06:50:47.120-0300] {logging_mixin.py:188} INFO - [2024-09-17T06:50:47.120-0300] {dagbag.py:545} INFO - Filling up the DagBag from /home/jezandre/airflow/airflow_env/lib/python3.11/site-packages/airflow/example_dags/example_dynamic_task_mapping.py
[2024-09-17T06:50:47.128-0300] {processor.py:840} INFO - DAG(s) 'example_dynamic_task_mapping' retrieved from /home/jezandre/airflow/airflow_env/lib/python3.11/site-packages/airflow/example_dags/example_dynamic_task_mapping.py
[2024-09-17T06:50:47.159-0300] {logging_mixin.py:188} INFO - [2024-09-17T06:50:47.158-0300] {dag.py:3089} INFO - Sync 1 DAGs
[2024-09-17T06:50:47.189-0300] {logging_mixin.py:188} INFO - [2024-09-17T06:50:47.189-0300] {dag.py:3947} INFO - Setting next_dagrun for example_dynamic_task_mapping to 2022-03-04 00:00:00+00:00, run_after=2022-03-05 00:00:00+00:00
[2024-09-17T06:50:47.221-0300] {processor.py:183} INFO - Processing /home/jezandre/airflow/airflow_env/lib/python3.11/site-packages/airflow/example_dags/example_dynamic_task_mapping.py took 0.114 seconds
[2024-09-17T06:51:17.962-0300] {processor.py:161} INFO - Started process (PID=33257) to work on /home/jezandre/airflow/airflow_env/lib/python3.11/site-packages/airflow/example_dags/example_dynamic_task_mapping.py
[2024-09-17T06:51:17.965-0300] {processor.py:830} INFO - Processing file /home/jezandre/airflow/airflow_env/lib/python3.11/site-packages/airflow/example_dags/example_dynamic_task_mapping.py for tasks to queue
[2024-09-17T06:51:17.977-0300] {logging_mixin.py:188} INFO - [2024-09-17T06:51:17.971-0300] {dagbag.py:545} INFO - Filling up the DagBag from /home/jezandre/airflow/airflow_env/lib/python3.11/site-packages/airflow/example_dags/example_dynamic_task_mapping.py
[2024-09-17T06:51:18.001-0300] {processor.py:840} INFO - DAG(s) 'example_dynamic_task_mapping' retrieved from /home/jezandre/airflow/airflow_env/lib/python3.11/site-packages/airflow/example_dags/example_dynamic_task_mapping.py
[2024-09-17T06:51:18.090-0300] {logging_mixin.py:188} INFO - [2024-09-17T06:51:18.089-0300] {dag.py:3089} INFO - Sync 1 DAGs
[2024-09-17T06:51:18.168-0300] {logging_mixin.py:188} INFO - [2024-09-17T06:51:18.168-0300] {dag.py:3947} INFO - Setting next_dagrun for example_dynamic_task_mapping to 2022-03-04 00:00:00+00:00, run_after=2022-03-05 00:00:00+00:00
[2024-09-17T06:51:18.246-0300] {processor.py:183} INFO - Processing /home/jezandre/airflow/airflow_env/lib/python3.11/site-packages/airflow/example_dags/example_dynamic_task_mapping.py took 0.320 seconds
[2024-09-17T06:51:48.914-0300] {processor.py:161} INFO - Started process (PID=33678) to work on /home/jezandre/airflow/airflow_env/lib/python3.11/site-packages/airflow/example_dags/example_dynamic_task_mapping.py
[2024-09-17T06:51:48.916-0300] {processor.py:830} INFO - Processing file /home/jezandre/airflow/airflow_env/lib/python3.11/site-packages/airflow/example_dags/example_dynamic_task_mapping.py for tasks to queue
[2024-09-17T06:51:48.917-0300] {logging_mixin.py:188} INFO - [2024-09-17T06:51:48.917-0300] {dagbag.py:545} INFO - Filling up the DagBag from /home/jezandre/airflow/airflow_env/lib/python3.11/site-packages/airflow/example_dags/example_dynamic_task_mapping.py
[2024-09-17T06:51:48.924-0300] {processor.py:840} INFO - DAG(s) 'example_dynamic_task_mapping' retrieved from /home/jezandre/airflow/airflow_env/lib/python3.11/site-packages/airflow/example_dags/example_dynamic_task_mapping.py
[2024-09-17T06:51:48.952-0300] {logging_mixin.py:188} INFO - [2024-09-17T06:51:48.952-0300] {dag.py:3089} INFO - Sync 1 DAGs
[2024-09-17T06:51:48.984-0300] {logging_mixin.py:188} INFO - [2024-09-17T06:51:48.983-0300] {dag.py:3947} INFO - Setting next_dagrun for example_dynamic_task_mapping to 2022-03-04 00:00:00+00:00, run_after=2022-03-05 00:00:00+00:00
[2024-09-17T06:51:49.008-0300] {processor.py:183} INFO - Processing /home/jezandre/airflow/airflow_env/lib/python3.11/site-packages/airflow/example_dags/example_dynamic_task_mapping.py took 0.105 seconds
[2024-09-17T06:52:19.702-0300] {processor.py:161} INFO - Started process (PID=34207) to work on /home/jezandre/airflow/airflow_env/lib/python3.11/site-packages/airflow/example_dags/example_dynamic_task_mapping.py
[2024-09-17T06:52:19.704-0300] {processor.py:830} INFO - Processing file /home/jezandre/airflow/airflow_env/lib/python3.11/site-packages/airflow/example_dags/example_dynamic_task_mapping.py for tasks to queue
[2024-09-17T06:52:19.706-0300] {logging_mixin.py:188} INFO - [2024-09-17T06:52:19.706-0300] {dagbag.py:545} INFO - Filling up the DagBag from /home/jezandre/airflow/airflow_env/lib/python3.11/site-packages/airflow/example_dags/example_dynamic_task_mapping.py
[2024-09-17T06:52:19.714-0300] {processor.py:840} INFO - DAG(s) 'example_dynamic_task_mapping' retrieved from /home/jezandre/airflow/airflow_env/lib/python3.11/site-packages/airflow/example_dags/example_dynamic_task_mapping.py
[2024-09-17T06:52:19.837-0300] {logging_mixin.py:188} INFO - [2024-09-17T06:52:19.837-0300] {dag.py:3089} INFO - Sync 1 DAGs
[2024-09-17T06:52:19.863-0300] {logging_mixin.py:188} INFO - [2024-09-17T06:52:19.862-0300] {dag.py:3947} INFO - Setting next_dagrun for example_dynamic_task_mapping to 2022-03-04 00:00:00+00:00, run_after=2022-03-05 00:00:00+00:00
[2024-09-17T06:52:19.889-0300] {processor.py:183} INFO - Processing /home/jezandre/airflow/airflow_env/lib/python3.11/site-packages/airflow/example_dags/example_dynamic_task_mapping.py took 0.197 seconds
[2024-09-17T06:52:50.018-0300] {processor.py:161} INFO - Started process (PID=34612) to work on /home/jezandre/airflow/airflow_env/lib/python3.11/site-packages/airflow/example_dags/example_dynamic_task_mapping.py
[2024-09-17T06:52:50.020-0300] {processor.py:830} INFO - Processing file /home/jezandre/airflow/airflow_env/lib/python3.11/site-packages/airflow/example_dags/example_dynamic_task_mapping.py for tasks to queue
[2024-09-17T06:52:50.022-0300] {logging_mixin.py:188} INFO - [2024-09-17T06:52:50.022-0300] {dagbag.py:545} INFO - Filling up the DagBag from /home/jezandre/airflow/airflow_env/lib/python3.11/site-packages/airflow/example_dags/example_dynamic_task_mapping.py
[2024-09-17T06:52:50.029-0300] {processor.py:840} INFO - DAG(s) 'example_dynamic_task_mapping' retrieved from /home/jezandre/airflow/airflow_env/lib/python3.11/site-packages/airflow/example_dags/example_dynamic_task_mapping.py
[2024-09-17T06:52:50.059-0300] {logging_mixin.py:188} INFO - [2024-09-17T06:52:50.058-0300] {dag.py:3089} INFO - Sync 1 DAGs
[2024-09-17T06:52:50.091-0300] {logging_mixin.py:188} INFO - [2024-09-17T06:52:50.091-0300] {dag.py:3947} INFO - Setting next_dagrun for example_dynamic_task_mapping to 2022-03-04 00:00:00+00:00, run_after=2022-03-05 00:00:00+00:00
[2024-09-17T06:52:50.119-0300] {processor.py:183} INFO - Processing /home/jezandre/airflow/airflow_env/lib/python3.11/site-packages/airflow/example_dags/example_dynamic_task_mapping.py took 0.109 seconds
[2024-09-17T06:53:20.451-0300] {processor.py:161} INFO - Started process (PID=34836) to work on /home/jezandre/airflow/airflow_env/lib/python3.11/site-packages/airflow/example_dags/example_dynamic_task_mapping.py
[2024-09-17T06:53:20.452-0300] {processor.py:830} INFO - Processing file /home/jezandre/airflow/airflow_env/lib/python3.11/site-packages/airflow/example_dags/example_dynamic_task_mapping.py for tasks to queue
[2024-09-17T06:53:20.455-0300] {logging_mixin.py:188} INFO - [2024-09-17T06:53:20.454-0300] {dagbag.py:545} INFO - Filling up the DagBag from /home/jezandre/airflow/airflow_env/lib/python3.11/site-packages/airflow/example_dags/example_dynamic_task_mapping.py
[2024-09-17T06:53:20.463-0300] {processor.py:840} INFO - DAG(s) 'example_dynamic_task_mapping' retrieved from /home/jezandre/airflow/airflow_env/lib/python3.11/site-packages/airflow/example_dags/example_dynamic_task_mapping.py
[2024-09-17T06:53:20.492-0300] {logging_mixin.py:188} INFO - [2024-09-17T06:53:20.492-0300] {dag.py:3089} INFO - Sync 1 DAGs
[2024-09-17T06:53:20.520-0300] {logging_mixin.py:188} INFO - [2024-09-17T06:53:20.519-0300] {dag.py:3947} INFO - Setting next_dagrun for example_dynamic_task_mapping to 2022-03-04 00:00:00+00:00, run_after=2022-03-05 00:00:00+00:00
[2024-09-17T06:53:20.546-0300] {processor.py:183} INFO - Processing /home/jezandre/airflow/airflow_env/lib/python3.11/site-packages/airflow/example_dags/example_dynamic_task_mapping.py took 0.108 seconds
[2024-09-17T06:53:51.131-0300] {processor.py:161} INFO - Started process (PID=35158) to work on /home/jezandre/airflow/airflow_env/lib/python3.11/site-packages/airflow/example_dags/example_dynamic_task_mapping.py
[2024-09-17T06:53:51.145-0300] {processor.py:830} INFO - Processing file /home/jezandre/airflow/airflow_env/lib/python3.11/site-packages/airflow/example_dags/example_dynamic_task_mapping.py for tasks to queue
[2024-09-17T06:53:51.147-0300] {logging_mixin.py:188} INFO - [2024-09-17T06:53:51.146-0300] {dagbag.py:545} INFO - Filling up the DagBag from /home/jezandre/airflow/airflow_env/lib/python3.11/site-packages/airflow/example_dags/example_dynamic_task_mapping.py
[2024-09-17T06:53:51.153-0300] {processor.py:840} INFO - DAG(s) 'example_dynamic_task_mapping' retrieved from /home/jezandre/airflow/airflow_env/lib/python3.11/site-packages/airflow/example_dags/example_dynamic_task_mapping.py
[2024-09-17T06:53:51.182-0300] {logging_mixin.py:188} INFO - [2024-09-17T06:53:51.182-0300] {dag.py:3089} INFO - Sync 1 DAGs
[2024-09-17T06:53:51.208-0300] {logging_mixin.py:188} INFO - [2024-09-17T06:53:51.208-0300] {dag.py:3947} INFO - Setting next_dagrun for example_dynamic_task_mapping to 2022-03-04 00:00:00+00:00, run_after=2022-03-05 00:00:00+00:00
[2024-09-17T06:53:51.232-0300] {processor.py:183} INFO - Processing /home/jezandre/airflow/airflow_env/lib/python3.11/site-packages/airflow/example_dags/example_dynamic_task_mapping.py took 0.111 seconds
[2024-09-17T06:54:22.051-0300] {processor.py:161} INFO - Started process (PID=35386) to work on /home/jezandre/airflow/airflow_env/lib/python3.11/site-packages/airflow/example_dags/example_dynamic_task_mapping.py
[2024-09-17T06:54:22.052-0300] {processor.py:830} INFO - Processing file /home/jezandre/airflow/airflow_env/lib/python3.11/site-packages/airflow/example_dags/example_dynamic_task_mapping.py for tasks to queue
[2024-09-17T06:54:22.054-0300] {logging_mixin.py:188} INFO - [2024-09-17T06:54:22.053-0300] {dagbag.py:545} INFO - Filling up the DagBag from /home/jezandre/airflow/airflow_env/lib/python3.11/site-packages/airflow/example_dags/example_dynamic_task_mapping.py
[2024-09-17T06:54:22.060-0300] {processor.py:840} INFO - DAG(s) 'example_dynamic_task_mapping' retrieved from /home/jezandre/airflow/airflow_env/lib/python3.11/site-packages/airflow/example_dags/example_dynamic_task_mapping.py
[2024-09-17T06:54:22.092-0300] {logging_mixin.py:188} INFO - [2024-09-17T06:54:22.091-0300] {dag.py:3089} INFO - Sync 1 DAGs
[2024-09-17T06:54:22.121-0300] {logging_mixin.py:188} INFO - [2024-09-17T06:54:22.121-0300] {dag.py:3947} INFO - Setting next_dagrun for example_dynamic_task_mapping to 2022-03-04 00:00:00+00:00, run_after=2022-03-05 00:00:00+00:00
[2024-09-17T06:54:22.147-0300] {processor.py:183} INFO - Processing /home/jezandre/airflow/airflow_env/lib/python3.11/site-packages/airflow/example_dags/example_dynamic_task_mapping.py took 0.105 seconds
[2024-09-17T06:54:52.649-0300] {processor.py:161} INFO - Started process (PID=35635) to work on /home/jezandre/airflow/airflow_env/lib/python3.11/site-packages/airflow/example_dags/example_dynamic_task_mapping.py
[2024-09-17T06:54:52.650-0300] {processor.py:830} INFO - Processing file /home/jezandre/airflow/airflow_env/lib/python3.11/site-packages/airflow/example_dags/example_dynamic_task_mapping.py for tasks to queue
[2024-09-17T06:54:52.652-0300] {logging_mixin.py:188} INFO - [2024-09-17T06:54:52.652-0300] {dagbag.py:545} INFO - Filling up the DagBag from /home/jezandre/airflow/airflow_env/lib/python3.11/site-packages/airflow/example_dags/example_dynamic_task_mapping.py
[2024-09-17T06:54:52.659-0300] {processor.py:840} INFO - DAG(s) 'example_dynamic_task_mapping' retrieved from /home/jezandre/airflow/airflow_env/lib/python3.11/site-packages/airflow/example_dags/example_dynamic_task_mapping.py
[2024-09-17T06:54:52.687-0300] {logging_mixin.py:188} INFO - [2024-09-17T06:54:52.687-0300] {dag.py:3089} INFO - Sync 1 DAGs
[2024-09-17T06:54:52.713-0300] {logging_mixin.py:188} INFO - [2024-09-17T06:54:52.712-0300] {dag.py:3947} INFO - Setting next_dagrun for example_dynamic_task_mapping to 2022-03-04 00:00:00+00:00, run_after=2022-03-05 00:00:00+00:00
[2024-09-17T06:54:52.735-0300] {processor.py:183} INFO - Processing /home/jezandre/airflow/airflow_env/lib/python3.11/site-packages/airflow/example_dags/example_dynamic_task_mapping.py took 0.094 seconds
