[2024-09-17T06:27:22.314-0300] {processor.py:161} INFO - Started process (PID=20036) to work on /home/jezandre/airflow/airflow_env/lib/python3.11/site-packages/airflow/example_dags/example_dag_decorator.py
[2024-09-17T06:27:22.315-0300] {processor.py:830} INFO - Processing file /home/jezandre/airflow/airflow_env/lib/python3.11/site-packages/airflow/example_dags/example_dag_decorator.py for tasks to queue
[2024-09-17T06:27:22.316-0300] {logging_mixin.py:188} INFO - [2024-09-17T06:27:22.316-0300] {dagbag.py:545} INFO - Filling up the DagBag from /home/jezandre/airflow/airflow_env/lib/python3.11/site-packages/airflow/example_dags/example_dag_decorator.py
[2024-09-17T06:27:22.462-0300] {processor.py:840} INFO - DAG(s) 'example_dag_decorator' retrieved from /home/jezandre/airflow/airflow_env/lib/python3.11/site-packages/airflow/example_dags/example_dag_decorator.py
[2024-09-17T06:27:22.769-0300] {logging_mixin.py:188} INFO - [2024-09-17T06:27:22.768-0300] {dag.py:3089} INFO - Sync 1 DAGs
[2024-09-17T06:27:22.812-0300] {logging_mixin.py:188} INFO - [2024-09-17T06:27:22.812-0300] {dag.py:3947} INFO - Setting next_dagrun for example_dag_decorator to None, run_after=None
[2024-09-17T06:27:22.872-0300] {processor.py:183} INFO - Processing /home/jezandre/airflow/airflow_env/lib/python3.11/site-packages/airflow/example_dags/example_dag_decorator.py took 0.566 seconds
[2024-09-17T06:28:24.768-0300] {processor.py:161} INFO - Started process (PID=20305) to work on /home/jezandre/airflow/airflow_env/lib/python3.11/site-packages/airflow/example_dags/example_dag_decorator.py
[2024-09-17T06:28:24.769-0300] {processor.py:830} INFO - Processing file /home/jezandre/airflow/airflow_env/lib/python3.11/site-packages/airflow/example_dags/example_dag_decorator.py for tasks to queue
[2024-09-17T06:28:24.771-0300] {logging_mixin.py:188} INFO - [2024-09-17T06:28:24.770-0300] {dagbag.py:545} INFO - Filling up the DagBag from /home/jezandre/airflow/airflow_env/lib/python3.11/site-packages/airflow/example_dags/example_dag_decorator.py
[2024-09-17T06:28:24.971-0300] {processor.py:840} INFO - DAG(s) 'example_dag_decorator' retrieved from /home/jezandre/airflow/airflow_env/lib/python3.11/site-packages/airflow/example_dags/example_dag_decorator.py
[2024-09-17T06:28:25.056-0300] {logging_mixin.py:188} INFO - [2024-09-17T06:28:25.056-0300] {dag.py:3089} INFO - Sync 1 DAGs
[2024-09-17T06:28:25.065-0300] {logging_mixin.py:188} INFO - [2024-09-17T06:28:25.065-0300] {dag.py:3947} INFO - Setting next_dagrun for example_dag_decorator to None, run_after=None
[2024-09-17T06:28:25.095-0300] {processor.py:183} INFO - Processing /home/jezandre/airflow/airflow_env/lib/python3.11/site-packages/airflow/example_dags/example_dag_decorator.py took 0.333 seconds
[2024-09-17T06:29:18.922-0300] {processor.py:161} INFO - Started process (PID=20654) to work on /home/jezandre/airflow/airflow_env/lib/python3.11/site-packages/airflow/example_dags/example_dag_decorator.py
[2024-09-17T06:29:18.927-0300] {processor.py:830} INFO - Processing file /home/jezandre/airflow/airflow_env/lib/python3.11/site-packages/airflow/example_dags/example_dag_decorator.py for tasks to queue
[2024-09-17T06:29:18.929-0300] {logging_mixin.py:188} INFO - [2024-09-17T06:29:18.929-0300] {dagbag.py:545} INFO - Filling up the DagBag from /home/jezandre/airflow/airflow_env/lib/python3.11/site-packages/airflow/example_dags/example_dag_decorator.py
[2024-09-17T06:29:19.015-0300] {processor.py:840} INFO - DAG(s) 'example_dag_decorator' retrieved from /home/jezandre/airflow/airflow_env/lib/python3.11/site-packages/airflow/example_dags/example_dag_decorator.py
[2024-09-17T06:29:19.188-0300] {logging_mixin.py:188} INFO - [2024-09-17T06:29:19.188-0300] {dag.py:3089} INFO - Sync 1 DAGs
[2024-09-17T06:29:19.198-0300] {logging_mixin.py:188} INFO - [2024-09-17T06:29:19.197-0300] {dag.py:3947} INFO - Setting next_dagrun for example_dag_decorator to None, run_after=None
[2024-09-17T06:29:19.234-0300] {processor.py:183} INFO - Processing /home/jezandre/airflow/airflow_env/lib/python3.11/site-packages/airflow/example_dags/example_dag_decorator.py took 0.317 seconds
[2024-09-17T06:29:50.678-0300] {processor.py:161} INFO - Started process (PID=21018) to work on /home/jezandre/airflow/airflow_env/lib/python3.11/site-packages/airflow/example_dags/example_dag_decorator.py
[2024-09-17T06:29:50.679-0300] {processor.py:830} INFO - Processing file /home/jezandre/airflow/airflow_env/lib/python3.11/site-packages/airflow/example_dags/example_dag_decorator.py for tasks to queue
[2024-09-17T06:29:50.681-0300] {logging_mixin.py:188} INFO - [2024-09-17T06:29:50.681-0300] {dagbag.py:545} INFO - Filling up the DagBag from /home/jezandre/airflow/airflow_env/lib/python3.11/site-packages/airflow/example_dags/example_dag_decorator.py
[2024-09-17T06:29:50.773-0300] {processor.py:840} INFO - DAG(s) 'example_dag_decorator' retrieved from /home/jezandre/airflow/airflow_env/lib/python3.11/site-packages/airflow/example_dags/example_dag_decorator.py
[2024-09-17T06:29:51.136-0300] {logging_mixin.py:188} INFO - [2024-09-17T06:29:51.135-0300] {dag.py:3089} INFO - Sync 1 DAGs
[2024-09-17T06:29:51.168-0300] {logging_mixin.py:188} INFO - [2024-09-17T06:29:51.168-0300] {dag.py:3947} INFO - Setting next_dagrun for example_dag_decorator to None, run_after=None
[2024-09-17T06:29:51.213-0300] {processor.py:183} INFO - Processing /home/jezandre/airflow/airflow_env/lib/python3.11/site-packages/airflow/example_dags/example_dag_decorator.py took 0.540 seconds
[2024-09-17T06:30:21.785-0300] {processor.py:161} INFO - Started process (PID=21337) to work on /home/jezandre/airflow/airflow_env/lib/python3.11/site-packages/airflow/example_dags/example_dag_decorator.py
[2024-09-17T06:30:21.787-0300] {processor.py:830} INFO - Processing file /home/jezandre/airflow/airflow_env/lib/python3.11/site-packages/airflow/example_dags/example_dag_decorator.py for tasks to queue
[2024-09-17T06:30:21.789-0300] {logging_mixin.py:188} INFO - [2024-09-17T06:30:21.789-0300] {dagbag.py:545} INFO - Filling up the DagBag from /home/jezandre/airflow/airflow_env/lib/python3.11/site-packages/airflow/example_dags/example_dag_decorator.py
[2024-09-17T06:30:21.899-0300] {processor.py:840} INFO - DAG(s) 'example_dag_decorator' retrieved from /home/jezandre/airflow/airflow_env/lib/python3.11/site-packages/airflow/example_dags/example_dag_decorator.py
[2024-09-17T06:30:22.059-0300] {logging_mixin.py:188} INFO - [2024-09-17T06:30:22.058-0300] {dag.py:3089} INFO - Sync 1 DAGs
[2024-09-17T06:30:22.072-0300] {logging_mixin.py:188} INFO - [2024-09-17T06:30:22.071-0300] {dag.py:3947} INFO - Setting next_dagrun for example_dag_decorator to None, run_after=None
[2024-09-17T06:30:22.106-0300] {processor.py:183} INFO - Processing /home/jezandre/airflow/airflow_env/lib/python3.11/site-packages/airflow/example_dags/example_dag_decorator.py took 0.328 seconds
[2024-09-17T06:30:52.682-0300] {processor.py:161} INFO - Started process (PID=21548) to work on /home/jezandre/airflow/airflow_env/lib/python3.11/site-packages/airflow/example_dags/example_dag_decorator.py
[2024-09-17T06:30:52.684-0300] {processor.py:830} INFO - Processing file /home/jezandre/airflow/airflow_env/lib/python3.11/site-packages/airflow/example_dags/example_dag_decorator.py for tasks to queue
[2024-09-17T06:30:52.687-0300] {logging_mixin.py:188} INFO - [2024-09-17T06:30:52.686-0300] {dagbag.py:545} INFO - Filling up the DagBag from /home/jezandre/airflow/airflow_env/lib/python3.11/site-packages/airflow/example_dags/example_dag_decorator.py
[2024-09-17T06:30:52.784-0300] {processor.py:840} INFO - DAG(s) 'example_dag_decorator' retrieved from /home/jezandre/airflow/airflow_env/lib/python3.11/site-packages/airflow/example_dags/example_dag_decorator.py
[2024-09-17T06:30:52.908-0300] {logging_mixin.py:188} INFO - [2024-09-17T06:30:52.908-0300] {dag.py:3089} INFO - Sync 1 DAGs
[2024-09-17T06:30:52.924-0300] {logging_mixin.py:188} INFO - [2024-09-17T06:30:52.923-0300] {dag.py:3947} INFO - Setting next_dagrun for example_dag_decorator to None, run_after=None
[2024-09-17T06:30:52.949-0300] {processor.py:183} INFO - Processing /home/jezandre/airflow/airflow_env/lib/python3.11/site-packages/airflow/example_dags/example_dag_decorator.py took 0.274 seconds
[2024-09-17T06:31:23.038-0300] {processor.py:161} INFO - Started process (PID=21749) to work on /home/jezandre/airflow/airflow_env/lib/python3.11/site-packages/airflow/example_dags/example_dag_decorator.py
[2024-09-17T06:31:23.040-0300] {processor.py:830} INFO - Processing file /home/jezandre/airflow/airflow_env/lib/python3.11/site-packages/airflow/example_dags/example_dag_decorator.py for tasks to queue
[2024-09-17T06:31:23.044-0300] {logging_mixin.py:188} INFO - [2024-09-17T06:31:23.043-0300] {dagbag.py:545} INFO - Filling up the DagBag from /home/jezandre/airflow/airflow_env/lib/python3.11/site-packages/airflow/example_dags/example_dag_decorator.py
[2024-09-17T06:31:23.155-0300] {processor.py:840} INFO - DAG(s) 'example_dag_decorator' retrieved from /home/jezandre/airflow/airflow_env/lib/python3.11/site-packages/airflow/example_dags/example_dag_decorator.py
[2024-09-17T06:31:23.379-0300] {logging_mixin.py:188} INFO - [2024-09-17T06:31:23.378-0300] {dag.py:3089} INFO - Sync 1 DAGs
[2024-09-17T06:31:23.393-0300] {logging_mixin.py:188} INFO - [2024-09-17T06:31:23.393-0300] {dag.py:3947} INFO - Setting next_dagrun for example_dag_decorator to None, run_after=None
[2024-09-17T06:31:23.430-0300] {processor.py:183} INFO - Processing /home/jezandre/airflow/airflow_env/lib/python3.11/site-packages/airflow/example_dags/example_dag_decorator.py took 0.398 seconds
[2024-09-17T06:31:53.519-0300] {processor.py:161} INFO - Started process (PID=22038) to work on /home/jezandre/airflow/airflow_env/lib/python3.11/site-packages/airflow/example_dags/example_dag_decorator.py
[2024-09-17T06:31:53.521-0300] {processor.py:830} INFO - Processing file /home/jezandre/airflow/airflow_env/lib/python3.11/site-packages/airflow/example_dags/example_dag_decorator.py for tasks to queue
[2024-09-17T06:31:53.523-0300] {logging_mixin.py:188} INFO - [2024-09-17T06:31:53.522-0300] {dagbag.py:545} INFO - Filling up the DagBag from /home/jezandre/airflow/airflow_env/lib/python3.11/site-packages/airflow/example_dags/example_dag_decorator.py
[2024-09-17T06:31:53.657-0300] {processor.py:840} INFO - DAG(s) 'example_dag_decorator' retrieved from /home/jezandre/airflow/airflow_env/lib/python3.11/site-packages/airflow/example_dags/example_dag_decorator.py
[2024-09-17T06:31:53.790-0300] {logging_mixin.py:188} INFO - [2024-09-17T06:31:53.790-0300] {dag.py:3089} INFO - Sync 1 DAGs
[2024-09-17T06:31:53.803-0300] {logging_mixin.py:188} INFO - [2024-09-17T06:31:53.803-0300] {dag.py:3947} INFO - Setting next_dagrun for example_dag_decorator to None, run_after=None
[2024-09-17T06:31:53.832-0300] {processor.py:183} INFO - Processing /home/jezandre/airflow/airflow_env/lib/python3.11/site-packages/airflow/example_dags/example_dag_decorator.py took 0.322 seconds
[2024-09-17T06:32:24.516-0300] {processor.py:161} INFO - Started process (PID=22507) to work on /home/jezandre/airflow/airflow_env/lib/python3.11/site-packages/airflow/example_dags/example_dag_decorator.py
[2024-09-17T06:32:24.518-0300] {processor.py:830} INFO - Processing file /home/jezandre/airflow/airflow_env/lib/python3.11/site-packages/airflow/example_dags/example_dag_decorator.py for tasks to queue
[2024-09-17T06:32:24.519-0300] {logging_mixin.py:188} INFO - [2024-09-17T06:32:24.519-0300] {dagbag.py:545} INFO - Filling up the DagBag from /home/jezandre/airflow/airflow_env/lib/python3.11/site-packages/airflow/example_dags/example_dag_decorator.py
[2024-09-17T06:32:24.597-0300] {processor.py:840} INFO - DAG(s) 'example_dag_decorator' retrieved from /home/jezandre/airflow/airflow_env/lib/python3.11/site-packages/airflow/example_dags/example_dag_decorator.py
[2024-09-17T06:32:24.767-0300] {logging_mixin.py:188} INFO - [2024-09-17T06:32:24.767-0300] {dag.py:3089} INFO - Sync 1 DAGs
[2024-09-17T06:32:24.786-0300] {logging_mixin.py:188} INFO - [2024-09-17T06:32:24.786-0300] {dag.py:3947} INFO - Setting next_dagrun for example_dag_decorator to None, run_after=None
[2024-09-17T06:32:24.823-0300] {processor.py:183} INFO - Processing /home/jezandre/airflow/airflow_env/lib/python3.11/site-packages/airflow/example_dags/example_dag_decorator.py took 0.313 seconds
[2024-09-17T06:32:54.882-0300] {processor.py:161} INFO - Started process (PID=22878) to work on /home/jezandre/airflow/airflow_env/lib/python3.11/site-packages/airflow/example_dags/example_dag_decorator.py
[2024-09-17T06:32:54.883-0300] {processor.py:830} INFO - Processing file /home/jezandre/airflow/airflow_env/lib/python3.11/site-packages/airflow/example_dags/example_dag_decorator.py for tasks to queue
[2024-09-17T06:32:54.885-0300] {logging_mixin.py:188} INFO - [2024-09-17T06:32:54.885-0300] {dagbag.py:545} INFO - Filling up the DagBag from /home/jezandre/airflow/airflow_env/lib/python3.11/site-packages/airflow/example_dags/example_dag_decorator.py
[2024-09-17T06:32:54.969-0300] {processor.py:840} INFO - DAG(s) 'example_dag_decorator' retrieved from /home/jezandre/airflow/airflow_env/lib/python3.11/site-packages/airflow/example_dags/example_dag_decorator.py
[2024-09-17T06:32:55.078-0300] {logging_mixin.py:188} INFO - [2024-09-17T06:32:55.077-0300] {dag.py:3089} INFO - Sync 1 DAGs
[2024-09-17T06:32:55.095-0300] {logging_mixin.py:188} INFO - [2024-09-17T06:32:55.094-0300] {dag.py:3947} INFO - Setting next_dagrun for example_dag_decorator to None, run_after=None
[2024-09-17T06:32:55.119-0300] {processor.py:183} INFO - Processing /home/jezandre/airflow/airflow_env/lib/python3.11/site-packages/airflow/example_dags/example_dag_decorator.py took 0.243 seconds
[2024-09-17T06:33:25.484-0300] {processor.py:161} INFO - Started process (PID=23109) to work on /home/jezandre/airflow/airflow_env/lib/python3.11/site-packages/airflow/example_dags/example_dag_decorator.py
[2024-09-17T06:33:25.486-0300] {processor.py:830} INFO - Processing file /home/jezandre/airflow/airflow_env/lib/python3.11/site-packages/airflow/example_dags/example_dag_decorator.py for tasks to queue
[2024-09-17T06:33:25.488-0300] {logging_mixin.py:188} INFO - [2024-09-17T06:33:25.488-0300] {dagbag.py:545} INFO - Filling up the DagBag from /home/jezandre/airflow/airflow_env/lib/python3.11/site-packages/airflow/example_dags/example_dag_decorator.py
[2024-09-17T06:33:25.587-0300] {processor.py:840} INFO - DAG(s) 'example_dag_decorator' retrieved from /home/jezandre/airflow/airflow_env/lib/python3.11/site-packages/airflow/example_dags/example_dag_decorator.py
[2024-09-17T06:33:25.713-0300] {logging_mixin.py:188} INFO - [2024-09-17T06:33:25.712-0300] {dag.py:3089} INFO - Sync 1 DAGs
[2024-09-17T06:33:25.726-0300] {logging_mixin.py:188} INFO - [2024-09-17T06:33:25.726-0300] {dag.py:3947} INFO - Setting next_dagrun for example_dag_decorator to None, run_after=None
[2024-09-17T06:33:25.754-0300] {processor.py:183} INFO - Processing /home/jezandre/airflow/airflow_env/lib/python3.11/site-packages/airflow/example_dags/example_dag_decorator.py took 0.277 seconds
[2024-09-17T06:33:56.110-0300] {processor.py:161} INFO - Started process (PID=23387) to work on /home/jezandre/airflow/airflow_env/lib/python3.11/site-packages/airflow/example_dags/example_dag_decorator.py
[2024-09-17T06:33:56.112-0300] {processor.py:830} INFO - Processing file /home/jezandre/airflow/airflow_env/lib/python3.11/site-packages/airflow/example_dags/example_dag_decorator.py for tasks to queue
[2024-09-17T06:33:56.114-0300] {logging_mixin.py:188} INFO - [2024-09-17T06:33:56.113-0300] {dagbag.py:545} INFO - Filling up the DagBag from /home/jezandre/airflow/airflow_env/lib/python3.11/site-packages/airflow/example_dags/example_dag_decorator.py
[2024-09-17T06:33:56.201-0300] {processor.py:840} INFO - DAG(s) 'example_dag_decorator' retrieved from /home/jezandre/airflow/airflow_env/lib/python3.11/site-packages/airflow/example_dags/example_dag_decorator.py
[2024-09-17T06:33:56.333-0300] {logging_mixin.py:188} INFO - [2024-09-17T06:33:56.333-0300] {dag.py:3089} INFO - Sync 1 DAGs
[2024-09-17T06:33:56.346-0300] {logging_mixin.py:188} INFO - [2024-09-17T06:33:56.346-0300] {dag.py:3947} INFO - Setting next_dagrun for example_dag_decorator to None, run_after=None
[2024-09-17T06:33:56.374-0300] {processor.py:183} INFO - Processing /home/jezandre/airflow/airflow_env/lib/python3.11/site-packages/airflow/example_dags/example_dag_decorator.py took 0.270 seconds
[2024-09-17T06:34:26.608-0300] {processor.py:161} INFO - Started process (PID=23633) to work on /home/jezandre/airflow/airflow_env/lib/python3.11/site-packages/airflow/example_dags/example_dag_decorator.py
[2024-09-17T06:34:26.610-0300] {processor.py:830} INFO - Processing file /home/jezandre/airflow/airflow_env/lib/python3.11/site-packages/airflow/example_dags/example_dag_decorator.py for tasks to queue
[2024-09-17T06:34:26.611-0300] {logging_mixin.py:188} INFO - [2024-09-17T06:34:26.611-0300] {dagbag.py:545} INFO - Filling up the DagBag from /home/jezandre/airflow/airflow_env/lib/python3.11/site-packages/airflow/example_dags/example_dag_decorator.py
[2024-09-17T06:34:26.695-0300] {processor.py:840} INFO - DAG(s) 'example_dag_decorator' retrieved from /home/jezandre/airflow/airflow_env/lib/python3.11/site-packages/airflow/example_dags/example_dag_decorator.py
[2024-09-17T06:34:26.822-0300] {logging_mixin.py:188} INFO - [2024-09-17T06:34:26.821-0300] {dag.py:3089} INFO - Sync 1 DAGs
[2024-09-17T06:34:26.834-0300] {logging_mixin.py:188} INFO - [2024-09-17T06:34:26.834-0300] {dag.py:3947} INFO - Setting next_dagrun for example_dag_decorator to None, run_after=None
[2024-09-17T06:34:26.863-0300] {processor.py:183} INFO - Processing /home/jezandre/airflow/airflow_env/lib/python3.11/site-packages/airflow/example_dags/example_dag_decorator.py took 0.263 seconds
[2024-09-17T06:34:57.145-0300] {processor.py:161} INFO - Started process (PID=23979) to work on /home/jezandre/airflow/airflow_env/lib/python3.11/site-packages/airflow/example_dags/example_dag_decorator.py
[2024-09-17T06:34:57.147-0300] {processor.py:830} INFO - Processing file /home/jezandre/airflow/airflow_env/lib/python3.11/site-packages/airflow/example_dags/example_dag_decorator.py for tasks to queue
[2024-09-17T06:34:57.149-0300] {logging_mixin.py:188} INFO - [2024-09-17T06:34:57.148-0300] {dagbag.py:545} INFO - Filling up the DagBag from /home/jezandre/airflow/airflow_env/lib/python3.11/site-packages/airflow/example_dags/example_dag_decorator.py
[2024-09-17T06:34:57.226-0300] {processor.py:840} INFO - DAG(s) 'example_dag_decorator' retrieved from /home/jezandre/airflow/airflow_env/lib/python3.11/site-packages/airflow/example_dags/example_dag_decorator.py
[2024-09-17T06:34:57.340-0300] {logging_mixin.py:188} INFO - [2024-09-17T06:34:57.340-0300] {dag.py:3089} INFO - Sync 1 DAGs
[2024-09-17T06:34:57.359-0300] {logging_mixin.py:188} INFO - [2024-09-17T06:34:57.358-0300] {dag.py:3947} INFO - Setting next_dagrun for example_dag_decorator to None, run_after=None
[2024-09-17T06:34:57.394-0300] {processor.py:183} INFO - Processing /home/jezandre/airflow/airflow_env/lib/python3.11/site-packages/airflow/example_dags/example_dag_decorator.py took 0.256 seconds
[2024-09-17T06:35:27.666-0300] {processor.py:161} INFO - Started process (PID=24209) to work on /home/jezandre/airflow/airflow_env/lib/python3.11/site-packages/airflow/example_dags/example_dag_decorator.py
[2024-09-17T06:35:27.667-0300] {processor.py:830} INFO - Processing file /home/jezandre/airflow/airflow_env/lib/python3.11/site-packages/airflow/example_dags/example_dag_decorator.py for tasks to queue
[2024-09-17T06:35:27.668-0300] {logging_mixin.py:188} INFO - [2024-09-17T06:35:27.668-0300] {dagbag.py:545} INFO - Filling up the DagBag from /home/jezandre/airflow/airflow_env/lib/python3.11/site-packages/airflow/example_dags/example_dag_decorator.py
[2024-09-17T06:35:27.756-0300] {processor.py:840} INFO - DAG(s) 'example_dag_decorator' retrieved from /home/jezandre/airflow/airflow_env/lib/python3.11/site-packages/airflow/example_dags/example_dag_decorator.py
[2024-09-17T06:35:27.881-0300] {logging_mixin.py:188} INFO - [2024-09-17T06:35:27.881-0300] {dag.py:3089} INFO - Sync 1 DAGs
[2024-09-17T06:35:27.894-0300] {logging_mixin.py:188} INFO - [2024-09-17T06:35:27.894-0300] {dag.py:3947} INFO - Setting next_dagrun for example_dag_decorator to None, run_after=None
[2024-09-17T06:35:27.919-0300] {processor.py:183} INFO - Processing /home/jezandre/airflow/airflow_env/lib/python3.11/site-packages/airflow/example_dags/example_dag_decorator.py took 0.258 seconds
[2024-09-17T06:35:58.099-0300] {processor.py:161} INFO - Started process (PID=24540) to work on /home/jezandre/airflow/airflow_env/lib/python3.11/site-packages/airflow/example_dags/example_dag_decorator.py
[2024-09-17T06:35:58.100-0300] {processor.py:830} INFO - Processing file /home/jezandre/airflow/airflow_env/lib/python3.11/site-packages/airflow/example_dags/example_dag_decorator.py for tasks to queue
[2024-09-17T06:35:58.102-0300] {logging_mixin.py:188} INFO - [2024-09-17T06:35:58.102-0300] {dagbag.py:545} INFO - Filling up the DagBag from /home/jezandre/airflow/airflow_env/lib/python3.11/site-packages/airflow/example_dags/example_dag_decorator.py
[2024-09-17T06:35:58.182-0300] {processor.py:840} INFO - DAG(s) 'example_dag_decorator' retrieved from /home/jezandre/airflow/airflow_env/lib/python3.11/site-packages/airflow/example_dags/example_dag_decorator.py
[2024-09-17T06:35:58.213-0300] {logging_mixin.py:188} INFO - [2024-09-17T06:35:58.212-0300] {dag.py:3089} INFO - Sync 1 DAGs
[2024-09-17T06:35:58.226-0300] {logging_mixin.py:188} INFO - [2024-09-17T06:35:58.226-0300] {dag.py:3947} INFO - Setting next_dagrun for example_dag_decorator to None, run_after=None
[2024-09-17T06:35:58.249-0300] {processor.py:183} INFO - Processing /home/jezandre/airflow/airflow_env/lib/python3.11/site-packages/airflow/example_dags/example_dag_decorator.py took 0.158 seconds
[2024-09-17T06:36:28.486-0300] {processor.py:161} INFO - Started process (PID=24761) to work on /home/jezandre/airflow/airflow_env/lib/python3.11/site-packages/airflow/example_dags/example_dag_decorator.py
[2024-09-17T06:36:28.488-0300] {processor.py:830} INFO - Processing file /home/jezandre/airflow/airflow_env/lib/python3.11/site-packages/airflow/example_dags/example_dag_decorator.py for tasks to queue
[2024-09-17T06:36:28.490-0300] {logging_mixin.py:188} INFO - [2024-09-17T06:36:28.490-0300] {dagbag.py:545} INFO - Filling up the DagBag from /home/jezandre/airflow/airflow_env/lib/python3.11/site-packages/airflow/example_dags/example_dag_decorator.py
[2024-09-17T06:36:28.576-0300] {processor.py:840} INFO - DAG(s) 'example_dag_decorator' retrieved from /home/jezandre/airflow/airflow_env/lib/python3.11/site-packages/airflow/example_dags/example_dag_decorator.py
[2024-09-17T06:36:28.607-0300] {logging_mixin.py:188} INFO - [2024-09-17T06:36:28.607-0300] {dag.py:3089} INFO - Sync 1 DAGs
[2024-09-17T06:36:28.623-0300] {logging_mixin.py:188} INFO - [2024-09-17T06:36:28.623-0300] {dag.py:3947} INFO - Setting next_dagrun for example_dag_decorator to None, run_after=None
[2024-09-17T06:36:28.648-0300] {processor.py:183} INFO - Processing /home/jezandre/airflow/airflow_env/lib/python3.11/site-packages/airflow/example_dags/example_dag_decorator.py took 0.169 seconds
[2024-09-17T06:36:58.909-0300] {processor.py:161} INFO - Started process (PID=24990) to work on /home/jezandre/airflow/airflow_env/lib/python3.11/site-packages/airflow/example_dags/example_dag_decorator.py
[2024-09-17T06:36:58.910-0300] {processor.py:830} INFO - Processing file /home/jezandre/airflow/airflow_env/lib/python3.11/site-packages/airflow/example_dags/example_dag_decorator.py for tasks to queue
[2024-09-17T06:36:58.912-0300] {logging_mixin.py:188} INFO - [2024-09-17T06:36:58.911-0300] {dagbag.py:545} INFO - Filling up the DagBag from /home/jezandre/airflow/airflow_env/lib/python3.11/site-packages/airflow/example_dags/example_dag_decorator.py
[2024-09-17T06:36:58.996-0300] {processor.py:840} INFO - DAG(s) 'example_dag_decorator' retrieved from /home/jezandre/airflow/airflow_env/lib/python3.11/site-packages/airflow/example_dags/example_dag_decorator.py
[2024-09-17T06:36:59.114-0300] {logging_mixin.py:188} INFO - [2024-09-17T06:36:59.113-0300] {dag.py:3089} INFO - Sync 1 DAGs
[2024-09-17T06:36:59.128-0300] {logging_mixin.py:188} INFO - [2024-09-17T06:36:59.127-0300] {dag.py:3947} INFO - Setting next_dagrun for example_dag_decorator to None, run_after=None
[2024-09-17T06:36:59.157-0300] {processor.py:183} INFO - Processing /home/jezandre/airflow/airflow_env/lib/python3.11/site-packages/airflow/example_dags/example_dag_decorator.py took 0.255 seconds
[2024-09-17T06:37:29.731-0300] {processor.py:161} INFO - Started process (PID=25197) to work on /home/jezandre/airflow/airflow_env/lib/python3.11/site-packages/airflow/example_dags/example_dag_decorator.py
[2024-09-17T06:37:29.732-0300] {processor.py:830} INFO - Processing file /home/jezandre/airflow/airflow_env/lib/python3.11/site-packages/airflow/example_dags/example_dag_decorator.py for tasks to queue
[2024-09-17T06:37:29.736-0300] {logging_mixin.py:188} INFO - [2024-09-17T06:37:29.735-0300] {dagbag.py:545} INFO - Filling up the DagBag from /home/jezandre/airflow/airflow_env/lib/python3.11/site-packages/airflow/example_dags/example_dag_decorator.py
[2024-09-17T06:37:29.852-0300] {processor.py:840} INFO - DAG(s) 'example_dag_decorator' retrieved from /home/jezandre/airflow/airflow_env/lib/python3.11/site-packages/airflow/example_dags/example_dag_decorator.py
[2024-09-17T06:37:30.009-0300] {logging_mixin.py:188} INFO - [2024-09-17T06:37:30.009-0300] {dag.py:3089} INFO - Sync 1 DAGs
[2024-09-17T06:37:30.031-0300] {logging_mixin.py:188} INFO - [2024-09-17T06:37:30.030-0300] {dag.py:3947} INFO - Setting next_dagrun for example_dag_decorator to None, run_after=None
[2024-09-17T06:37:30.073-0300] {processor.py:183} INFO - Processing /home/jezandre/airflow/airflow_env/lib/python3.11/site-packages/airflow/example_dags/example_dag_decorator.py took 0.351 seconds
[2024-09-17T06:38:00.390-0300] {processor.py:161} INFO - Started process (PID=25433) to work on /home/jezandre/airflow/airflow_env/lib/python3.11/site-packages/airflow/example_dags/example_dag_decorator.py
[2024-09-17T06:38:00.391-0300] {processor.py:830} INFO - Processing file /home/jezandre/airflow/airflow_env/lib/python3.11/site-packages/airflow/example_dags/example_dag_decorator.py for tasks to queue
[2024-09-17T06:38:00.394-0300] {logging_mixin.py:188} INFO - [2024-09-17T06:38:00.393-0300] {dagbag.py:545} INFO - Filling up the DagBag from /home/jezandre/airflow/airflow_env/lib/python3.11/site-packages/airflow/example_dags/example_dag_decorator.py
[2024-09-17T06:38:00.488-0300] {processor.py:840} INFO - DAG(s) 'example_dag_decorator' retrieved from /home/jezandre/airflow/airflow_env/lib/python3.11/site-packages/airflow/example_dags/example_dag_decorator.py
[2024-09-17T06:38:00.608-0300] {logging_mixin.py:188} INFO - [2024-09-17T06:38:00.607-0300] {dag.py:3089} INFO - Sync 1 DAGs
[2024-09-17T06:38:00.620-0300] {logging_mixin.py:188} INFO - [2024-09-17T06:38:00.620-0300] {dag.py:3947} INFO - Setting next_dagrun for example_dag_decorator to None, run_after=None
[2024-09-17T06:38:00.649-0300] {processor.py:183} INFO - Processing /home/jezandre/airflow/airflow_env/lib/python3.11/site-packages/airflow/example_dags/example_dag_decorator.py took 0.266 seconds
[2024-09-17T06:38:30.700-0300] {processor.py:161} INFO - Started process (PID=25742) to work on /home/jezandre/airflow/airflow_env/lib/python3.11/site-packages/airflow/example_dags/example_dag_decorator.py
[2024-09-17T06:38:30.702-0300] {processor.py:830} INFO - Processing file /home/jezandre/airflow/airflow_env/lib/python3.11/site-packages/airflow/example_dags/example_dag_decorator.py for tasks to queue
[2024-09-17T06:38:30.704-0300] {logging_mixin.py:188} INFO - [2024-09-17T06:38:30.703-0300] {dagbag.py:545} INFO - Filling up the DagBag from /home/jezandre/airflow/airflow_env/lib/python3.11/site-packages/airflow/example_dags/example_dag_decorator.py
[2024-09-17T06:38:30.837-0300] {processor.py:840} INFO - DAG(s) 'example_dag_decorator' retrieved from /home/jezandre/airflow/airflow_env/lib/python3.11/site-packages/airflow/example_dags/example_dag_decorator.py
[2024-09-17T06:38:30.994-0300] {logging_mixin.py:188} INFO - [2024-09-17T06:38:30.994-0300] {dag.py:3089} INFO - Sync 1 DAGs
[2024-09-17T06:38:31.005-0300] {logging_mixin.py:188} INFO - [2024-09-17T06:38:31.005-0300] {dag.py:3947} INFO - Setting next_dagrun for example_dag_decorator to None, run_after=None
[2024-09-17T06:38:31.034-0300] {processor.py:183} INFO - Processing /home/jezandre/airflow/airflow_env/lib/python3.11/site-packages/airflow/example_dags/example_dag_decorator.py took 0.340 seconds
[2024-09-17T06:39:01.498-0300] {processor.py:161} INFO - Started process (PID=26072) to work on /home/jezandre/airflow/airflow_env/lib/python3.11/site-packages/airflow/example_dags/example_dag_decorator.py
[2024-09-17T06:39:01.500-0300] {processor.py:830} INFO - Processing file /home/jezandre/airflow/airflow_env/lib/python3.11/site-packages/airflow/example_dags/example_dag_decorator.py for tasks to queue
[2024-09-17T06:39:01.501-0300] {logging_mixin.py:188} INFO - [2024-09-17T06:39:01.501-0300] {dagbag.py:545} INFO - Filling up the DagBag from /home/jezandre/airflow/airflow_env/lib/python3.11/site-packages/airflow/example_dags/example_dag_decorator.py
[2024-09-17T06:39:01.578-0300] {processor.py:840} INFO - DAG(s) 'example_dag_decorator' retrieved from /home/jezandre/airflow/airflow_env/lib/python3.11/site-packages/airflow/example_dags/example_dag_decorator.py
[2024-09-17T06:39:01.690-0300] {logging_mixin.py:188} INFO - [2024-09-17T06:39:01.690-0300] {dag.py:3089} INFO - Sync 1 DAGs
[2024-09-17T06:39:01.704-0300] {logging_mixin.py:188} INFO - [2024-09-17T06:39:01.704-0300] {dag.py:3947} INFO - Setting next_dagrun for example_dag_decorator to None, run_after=None
[2024-09-17T06:39:01.731-0300] {processor.py:183} INFO - Processing /home/jezandre/airflow/airflow_env/lib/python3.11/site-packages/airflow/example_dags/example_dag_decorator.py took 0.241 seconds
[2024-09-17T06:39:31.995-0300] {processor.py:161} INFO - Started process (PID=26312) to work on /home/jezandre/airflow/airflow_env/lib/python3.11/site-packages/airflow/example_dags/example_dag_decorator.py
[2024-09-17T06:39:31.996-0300] {processor.py:830} INFO - Processing file /home/jezandre/airflow/airflow_env/lib/python3.11/site-packages/airflow/example_dags/example_dag_decorator.py for tasks to queue
[2024-09-17T06:39:31.998-0300] {logging_mixin.py:188} INFO - [2024-09-17T06:39:31.997-0300] {dagbag.py:545} INFO - Filling up the DagBag from /home/jezandre/airflow/airflow_env/lib/python3.11/site-packages/airflow/example_dags/example_dag_decorator.py
[2024-09-17T06:39:32.081-0300] {processor.py:840} INFO - DAG(s) 'example_dag_decorator' retrieved from /home/jezandre/airflow/airflow_env/lib/python3.11/site-packages/airflow/example_dags/example_dag_decorator.py
[2024-09-17T06:39:32.209-0300] {logging_mixin.py:188} INFO - [2024-09-17T06:39:32.209-0300] {dag.py:3089} INFO - Sync 1 DAGs
[2024-09-17T06:39:32.223-0300] {logging_mixin.py:188} INFO - [2024-09-17T06:39:32.223-0300] {dag.py:3947} INFO - Setting next_dagrun for example_dag_decorator to None, run_after=None
[2024-09-17T06:39:32.253-0300] {processor.py:183} INFO - Processing /home/jezandre/airflow/airflow_env/lib/python3.11/site-packages/airflow/example_dags/example_dag_decorator.py took 0.268 seconds
[2024-09-17T06:40:02.874-0300] {processor.py:161} INFO - Started process (PID=26588) to work on /home/jezandre/airflow/airflow_env/lib/python3.11/site-packages/airflow/example_dags/example_dag_decorator.py
[2024-09-17T06:40:02.875-0300] {processor.py:830} INFO - Processing file /home/jezandre/airflow/airflow_env/lib/python3.11/site-packages/airflow/example_dags/example_dag_decorator.py for tasks to queue
[2024-09-17T06:40:02.876-0300] {logging_mixin.py:188} INFO - [2024-09-17T06:40:02.876-0300] {dagbag.py:545} INFO - Filling up the DagBag from /home/jezandre/airflow/airflow_env/lib/python3.11/site-packages/airflow/example_dags/example_dag_decorator.py
[2024-09-17T06:40:02.969-0300] {processor.py:840} INFO - DAG(s) 'example_dag_decorator' retrieved from /home/jezandre/airflow/airflow_env/lib/python3.11/site-packages/airflow/example_dags/example_dag_decorator.py
[2024-09-17T06:40:03.115-0300] {logging_mixin.py:188} INFO - [2024-09-17T06:40:03.115-0300] {dag.py:3089} INFO - Sync 1 DAGs
[2024-09-17T06:40:03.140-0300] {logging_mixin.py:188} INFO - [2024-09-17T06:40:03.139-0300] {dag.py:3947} INFO - Setting next_dagrun for example_dag_decorator to None, run_after=None
[2024-09-17T06:40:03.181-0300] {processor.py:183} INFO - Processing /home/jezandre/airflow/airflow_env/lib/python3.11/site-packages/airflow/example_dags/example_dag_decorator.py took 0.316 seconds
[2024-09-17T06:40:33.399-0300] {processor.py:161} INFO - Started process (PID=26946) to work on /home/jezandre/airflow/airflow_env/lib/python3.11/site-packages/airflow/example_dags/example_dag_decorator.py
[2024-09-17T06:40:33.400-0300] {processor.py:830} INFO - Processing file /home/jezandre/airflow/airflow_env/lib/python3.11/site-packages/airflow/example_dags/example_dag_decorator.py for tasks to queue
[2024-09-17T06:40:33.403-0300] {logging_mixin.py:188} INFO - [2024-09-17T06:40:33.402-0300] {dagbag.py:545} INFO - Filling up the DagBag from /home/jezandre/airflow/airflow_env/lib/python3.11/site-packages/airflow/example_dags/example_dag_decorator.py
[2024-09-17T06:40:33.490-0300] {processor.py:840} INFO - DAG(s) 'example_dag_decorator' retrieved from /home/jezandre/airflow/airflow_env/lib/python3.11/site-packages/airflow/example_dags/example_dag_decorator.py
[2024-09-17T06:40:33.621-0300] {logging_mixin.py:188} INFO - [2024-09-17T06:40:33.621-0300] {dag.py:3089} INFO - Sync 1 DAGs
[2024-09-17T06:40:33.633-0300] {logging_mixin.py:188} INFO - [2024-09-17T06:40:33.632-0300] {dag.py:3947} INFO - Setting next_dagrun for example_dag_decorator to None, run_after=None
[2024-09-17T06:40:33.655-0300] {processor.py:183} INFO - Processing /home/jezandre/airflow/airflow_env/lib/python3.11/site-packages/airflow/example_dags/example_dag_decorator.py took 0.265 seconds
[2024-09-17T06:41:03.808-0300] {processor.py:161} INFO - Started process (PID=27287) to work on /home/jezandre/airflow/airflow_env/lib/python3.11/site-packages/airflow/example_dags/example_dag_decorator.py
[2024-09-17T06:41:03.810-0300] {processor.py:830} INFO - Processing file /home/jezandre/airflow/airflow_env/lib/python3.11/site-packages/airflow/example_dags/example_dag_decorator.py for tasks to queue
[2024-09-17T06:41:03.812-0300] {logging_mixin.py:188} INFO - [2024-09-17T06:41:03.811-0300] {dagbag.py:545} INFO - Filling up the DagBag from /home/jezandre/airflow/airflow_env/lib/python3.11/site-packages/airflow/example_dags/example_dag_decorator.py
[2024-09-17T06:41:03.889-0300] {processor.py:840} INFO - DAG(s) 'example_dag_decorator' retrieved from /home/jezandre/airflow/airflow_env/lib/python3.11/site-packages/airflow/example_dags/example_dag_decorator.py
[2024-09-17T06:41:03.921-0300] {logging_mixin.py:188} INFO - [2024-09-17T06:41:03.921-0300] {dag.py:3089} INFO - Sync 1 DAGs
[2024-09-17T06:41:03.942-0300] {logging_mixin.py:188} INFO - [2024-09-17T06:41:03.941-0300] {dag.py:3947} INFO - Setting next_dagrun for example_dag_decorator to None, run_after=None
[2024-09-17T06:41:03.968-0300] {processor.py:183} INFO - Processing /home/jezandre/airflow/airflow_env/lib/python3.11/site-packages/airflow/example_dags/example_dag_decorator.py took 0.169 seconds
[2024-09-17T06:41:34.359-0300] {processor.py:161} INFO - Started process (PID=27627) to work on /home/jezandre/airflow/airflow_env/lib/python3.11/site-packages/airflow/example_dags/example_dag_decorator.py
[2024-09-17T06:41:34.360-0300] {processor.py:830} INFO - Processing file /home/jezandre/airflow/airflow_env/lib/python3.11/site-packages/airflow/example_dags/example_dag_decorator.py for tasks to queue
[2024-09-17T06:41:34.361-0300] {logging_mixin.py:188} INFO - [2024-09-17T06:41:34.361-0300] {dagbag.py:545} INFO - Filling up the DagBag from /home/jezandre/airflow/airflow_env/lib/python3.11/site-packages/airflow/example_dags/example_dag_decorator.py
[2024-09-17T06:41:34.466-0300] {processor.py:840} INFO - DAG(s) 'example_dag_decorator' retrieved from /home/jezandre/airflow/airflow_env/lib/python3.11/site-packages/airflow/example_dags/example_dag_decorator.py
[2024-09-17T06:41:34.592-0300] {logging_mixin.py:188} INFO - [2024-09-17T06:41:34.592-0300] {dag.py:3089} INFO - Sync 1 DAGs
[2024-09-17T06:41:34.605-0300] {logging_mixin.py:188} INFO - [2024-09-17T06:41:34.604-0300] {dag.py:3947} INFO - Setting next_dagrun for example_dag_decorator to None, run_after=None
[2024-09-17T06:41:34.632-0300] {processor.py:183} INFO - Processing /home/jezandre/airflow/airflow_env/lib/python3.11/site-packages/airflow/example_dags/example_dag_decorator.py took 0.283 seconds
[2024-09-17T06:42:04.878-0300] {processor.py:161} INFO - Started process (PID=27869) to work on /home/jezandre/airflow/airflow_env/lib/python3.11/site-packages/airflow/example_dags/example_dag_decorator.py
[2024-09-17T06:42:04.879-0300] {processor.py:830} INFO - Processing file /home/jezandre/airflow/airflow_env/lib/python3.11/site-packages/airflow/example_dags/example_dag_decorator.py for tasks to queue
[2024-09-17T06:42:04.881-0300] {logging_mixin.py:188} INFO - [2024-09-17T06:42:04.880-0300] {dagbag.py:545} INFO - Filling up the DagBag from /home/jezandre/airflow/airflow_env/lib/python3.11/site-packages/airflow/example_dags/example_dag_decorator.py
[2024-09-17T06:42:04.979-0300] {processor.py:840} INFO - DAG(s) 'example_dag_decorator' retrieved from /home/jezandre/airflow/airflow_env/lib/python3.11/site-packages/airflow/example_dags/example_dag_decorator.py
[2024-09-17T06:42:05.116-0300] {logging_mixin.py:188} INFO - [2024-09-17T06:42:05.116-0300] {dag.py:3089} INFO - Sync 1 DAGs
[2024-09-17T06:42:05.128-0300] {logging_mixin.py:188} INFO - [2024-09-17T06:42:05.127-0300] {dag.py:3947} INFO - Setting next_dagrun for example_dag_decorator to None, run_after=None
[2024-09-17T06:42:05.154-0300] {processor.py:183} INFO - Processing /home/jezandre/airflow/airflow_env/lib/python3.11/site-packages/airflow/example_dags/example_dag_decorator.py took 0.285 seconds
[2024-09-17T06:42:35.566-0300] {processor.py:161} INFO - Started process (PID=28066) to work on /home/jezandre/airflow/airflow_env/lib/python3.11/site-packages/airflow/example_dags/example_dag_decorator.py
[2024-09-17T06:42:35.568-0300] {processor.py:830} INFO - Processing file /home/jezandre/airflow/airflow_env/lib/python3.11/site-packages/airflow/example_dags/example_dag_decorator.py for tasks to queue
[2024-09-17T06:42:35.570-0300] {logging_mixin.py:188} INFO - [2024-09-17T06:42:35.570-0300] {dagbag.py:545} INFO - Filling up the DagBag from /home/jezandre/airflow/airflow_env/lib/python3.11/site-packages/airflow/example_dags/example_dag_decorator.py
[2024-09-17T06:42:35.670-0300] {processor.py:840} INFO - DAG(s) 'example_dag_decorator' retrieved from /home/jezandre/airflow/airflow_env/lib/python3.11/site-packages/airflow/example_dags/example_dag_decorator.py
[2024-09-17T06:42:35.798-0300] {logging_mixin.py:188} INFO - [2024-09-17T06:42:35.797-0300] {dag.py:3089} INFO - Sync 1 DAGs
[2024-09-17T06:42:35.810-0300] {logging_mixin.py:188} INFO - [2024-09-17T06:42:35.810-0300] {dag.py:3947} INFO - Setting next_dagrun for example_dag_decorator to None, run_after=None
[2024-09-17T06:42:35.840-0300] {processor.py:183} INFO - Processing /home/jezandre/airflow/airflow_env/lib/python3.11/site-packages/airflow/example_dags/example_dag_decorator.py took 0.283 seconds
[2024-09-17T06:43:06.186-0300] {processor.py:161} INFO - Started process (PID=28831) to work on /home/jezandre/airflow/airflow_env/lib/python3.11/site-packages/airflow/example_dags/example_dag_decorator.py
[2024-09-17T06:43:06.187-0300] {processor.py:830} INFO - Processing file /home/jezandre/airflow/airflow_env/lib/python3.11/site-packages/airflow/example_dags/example_dag_decorator.py for tasks to queue
[2024-09-17T06:43:06.189-0300] {logging_mixin.py:188} INFO - [2024-09-17T06:43:06.188-0300] {dagbag.py:545} INFO - Filling up the DagBag from /home/jezandre/airflow/airflow_env/lib/python3.11/site-packages/airflow/example_dags/example_dag_decorator.py
[2024-09-17T06:43:06.283-0300] {processor.py:840} INFO - DAG(s) 'example_dag_decorator' retrieved from /home/jezandre/airflow/airflow_env/lib/python3.11/site-packages/airflow/example_dags/example_dag_decorator.py
[2024-09-17T06:43:06.436-0300] {logging_mixin.py:188} INFO - [2024-09-17T06:43:06.436-0300] {dag.py:3089} INFO - Sync 1 DAGs
[2024-09-17T06:43:06.451-0300] {logging_mixin.py:188} INFO - [2024-09-17T06:43:06.451-0300] {dag.py:3947} INFO - Setting next_dagrun for example_dag_decorator to None, run_after=None
[2024-09-17T06:43:06.481-0300] {processor.py:183} INFO - Processing /home/jezandre/airflow/airflow_env/lib/python3.11/site-packages/airflow/example_dags/example_dag_decorator.py took 0.305 seconds
[2024-09-17T06:43:37.278-0300] {processor.py:161} INFO - Started process (PID=29125) to work on /home/jezandre/airflow/airflow_env/lib/python3.11/site-packages/airflow/example_dags/example_dag_decorator.py
[2024-09-17T06:43:37.279-0300] {processor.py:830} INFO - Processing file /home/jezandre/airflow/airflow_env/lib/python3.11/site-packages/airflow/example_dags/example_dag_decorator.py for tasks to queue
[2024-09-17T06:43:37.281-0300] {logging_mixin.py:188} INFO - [2024-09-17T06:43:37.280-0300] {dagbag.py:545} INFO - Filling up the DagBag from /home/jezandre/airflow/airflow_env/lib/python3.11/site-packages/airflow/example_dags/example_dag_decorator.py
[2024-09-17T06:43:37.378-0300] {processor.py:840} INFO - DAG(s) 'example_dag_decorator' retrieved from /home/jezandre/airflow/airflow_env/lib/python3.11/site-packages/airflow/example_dags/example_dag_decorator.py
[2024-09-17T06:43:37.503-0300] {logging_mixin.py:188} INFO - [2024-09-17T06:43:37.502-0300] {dag.py:3089} INFO - Sync 1 DAGs
[2024-09-17T06:43:37.517-0300] {logging_mixin.py:188} INFO - [2024-09-17T06:43:37.516-0300] {dag.py:3947} INFO - Setting next_dagrun for example_dag_decorator to None, run_after=None
[2024-09-17T06:43:37.543-0300] {processor.py:183} INFO - Processing /home/jezandre/airflow/airflow_env/lib/python3.11/site-packages/airflow/example_dags/example_dag_decorator.py took 0.274 seconds
[2024-09-17T06:44:08.153-0300] {processor.py:161} INFO - Started process (PID=29356) to work on /home/jezandre/airflow/airflow_env/lib/python3.11/site-packages/airflow/example_dags/example_dag_decorator.py
[2024-09-17T06:44:08.154-0300] {processor.py:830} INFO - Processing file /home/jezandre/airflow/airflow_env/lib/python3.11/site-packages/airflow/example_dags/example_dag_decorator.py for tasks to queue
[2024-09-17T06:44:08.155-0300] {logging_mixin.py:188} INFO - [2024-09-17T06:44:08.155-0300] {dagbag.py:545} INFO - Filling up the DagBag from /home/jezandre/airflow/airflow_env/lib/python3.11/site-packages/airflow/example_dags/example_dag_decorator.py
[2024-09-17T06:44:08.246-0300] {processor.py:840} INFO - DAG(s) 'example_dag_decorator' retrieved from /home/jezandre/airflow/airflow_env/lib/python3.11/site-packages/airflow/example_dags/example_dag_decorator.py
[2024-09-17T06:44:08.373-0300] {logging_mixin.py:188} INFO - [2024-09-17T06:44:08.372-0300] {dag.py:3089} INFO - Sync 1 DAGs
[2024-09-17T06:44:08.386-0300] {logging_mixin.py:188} INFO - [2024-09-17T06:44:08.385-0300] {dag.py:3947} INFO - Setting next_dagrun for example_dag_decorator to None, run_after=None
[2024-09-17T06:44:08.415-0300] {processor.py:183} INFO - Processing /home/jezandre/airflow/airflow_env/lib/python3.11/site-packages/airflow/example_dags/example_dag_decorator.py took 0.271 seconds
[2024-09-17T06:44:38.660-0300] {processor.py:161} INFO - Started process (PID=29553) to work on /home/jezandre/airflow/airflow_env/lib/python3.11/site-packages/airflow/example_dags/example_dag_decorator.py
[2024-09-17T06:44:38.662-0300] {processor.py:830} INFO - Processing file /home/jezandre/airflow/airflow_env/lib/python3.11/site-packages/airflow/example_dags/example_dag_decorator.py for tasks to queue
[2024-09-17T06:44:38.664-0300] {logging_mixin.py:188} INFO - [2024-09-17T06:44:38.664-0300] {dagbag.py:545} INFO - Filling up the DagBag from /home/jezandre/airflow/airflow_env/lib/python3.11/site-packages/airflow/example_dags/example_dag_decorator.py
[2024-09-17T06:44:38.789-0300] {processor.py:840} INFO - DAG(s) 'example_dag_decorator' retrieved from /home/jezandre/airflow/airflow_env/lib/python3.11/site-packages/airflow/example_dags/example_dag_decorator.py
[2024-09-17T06:44:38.968-0300] {logging_mixin.py:188} INFO - [2024-09-17T06:44:38.967-0300] {dag.py:3089} INFO - Sync 1 DAGs
[2024-09-17T06:44:38.990-0300] {logging_mixin.py:188} INFO - [2024-09-17T06:44:38.989-0300] {dag.py:3947} INFO - Setting next_dagrun for example_dag_decorator to None, run_after=None
[2024-09-17T06:44:39.026-0300] {processor.py:183} INFO - Processing /home/jezandre/airflow/airflow_env/lib/python3.11/site-packages/airflow/example_dags/example_dag_decorator.py took 0.377 seconds
[2024-09-17T06:45:09.703-0300] {processor.py:161} INFO - Started process (PID=29902) to work on /home/jezandre/airflow/airflow_env/lib/python3.11/site-packages/airflow/example_dags/example_dag_decorator.py
[2024-09-17T06:45:09.705-0300] {processor.py:830} INFO - Processing file /home/jezandre/airflow/airflow_env/lib/python3.11/site-packages/airflow/example_dags/example_dag_decorator.py for tasks to queue
[2024-09-17T06:45:09.708-0300] {logging_mixin.py:188} INFO - [2024-09-17T06:45:09.707-0300] {dagbag.py:545} INFO - Filling up the DagBag from /home/jezandre/airflow/airflow_env/lib/python3.11/site-packages/airflow/example_dags/example_dag_decorator.py
[2024-09-17T06:45:09.877-0300] {processor.py:840} INFO - DAG(s) 'example_dag_decorator' retrieved from /home/jezandre/airflow/airflow_env/lib/python3.11/site-packages/airflow/example_dags/example_dag_decorator.py
[2024-09-17T06:45:10.051-0300] {logging_mixin.py:188} INFO - [2024-09-17T06:45:10.051-0300] {dag.py:3089} INFO - Sync 1 DAGs
[2024-09-17T06:45:10.065-0300] {logging_mixin.py:188} INFO - [2024-09-17T06:45:10.065-0300] {dag.py:3947} INFO - Setting next_dagrun for example_dag_decorator to None, run_after=None
[2024-09-17T06:45:10.093-0300] {processor.py:183} INFO - Processing /home/jezandre/airflow/airflow_env/lib/python3.11/site-packages/airflow/example_dags/example_dag_decorator.py took 0.420 seconds
[2024-09-17T06:45:41.059-0300] {processor.py:161} INFO - Started process (PID=30187) to work on /home/jezandre/airflow/airflow_env/lib/python3.11/site-packages/airflow/example_dags/example_dag_decorator.py
[2024-09-17T06:45:41.060-0300] {processor.py:830} INFO - Processing file /home/jezandre/airflow/airflow_env/lib/python3.11/site-packages/airflow/example_dags/example_dag_decorator.py for tasks to queue
[2024-09-17T06:45:41.062-0300] {logging_mixin.py:188} INFO - [2024-09-17T06:45:41.062-0300] {dagbag.py:545} INFO - Filling up the DagBag from /home/jezandre/airflow/airflow_env/lib/python3.11/site-packages/airflow/example_dags/example_dag_decorator.py
[2024-09-17T06:45:41.159-0300] {processor.py:840} INFO - DAG(s) 'example_dag_decorator' retrieved from /home/jezandre/airflow/airflow_env/lib/python3.11/site-packages/airflow/example_dags/example_dag_decorator.py
[2024-09-17T06:45:41.280-0300] {logging_mixin.py:188} INFO - [2024-09-17T06:45:41.280-0300] {dag.py:3089} INFO - Sync 1 DAGs
[2024-09-17T06:45:41.293-0300] {logging_mixin.py:188} INFO - [2024-09-17T06:45:41.293-0300] {dag.py:3947} INFO - Setting next_dagrun for example_dag_decorator to None, run_after=None
[2024-09-17T06:45:41.321-0300] {processor.py:183} INFO - Processing /home/jezandre/airflow/airflow_env/lib/python3.11/site-packages/airflow/example_dags/example_dag_decorator.py took 0.271 seconds
[2024-09-17T06:46:12.024-0300] {processor.py:161} INFO - Started process (PID=30521) to work on /home/jezandre/airflow/airflow_env/lib/python3.11/site-packages/airflow/example_dags/example_dag_decorator.py
[2024-09-17T06:46:12.029-0300] {processor.py:830} INFO - Processing file /home/jezandre/airflow/airflow_env/lib/python3.11/site-packages/airflow/example_dags/example_dag_decorator.py for tasks to queue
[2024-09-17T06:46:12.032-0300] {logging_mixin.py:188} INFO - [2024-09-17T06:46:12.031-0300] {dagbag.py:545} INFO - Filling up the DagBag from /home/jezandre/airflow/airflow_env/lib/python3.11/site-packages/airflow/example_dags/example_dag_decorator.py
[2024-09-17T06:46:12.179-0300] {processor.py:840} INFO - DAG(s) 'example_dag_decorator' retrieved from /home/jezandre/airflow/airflow_env/lib/python3.11/site-packages/airflow/example_dags/example_dag_decorator.py
[2024-09-17T06:46:12.303-0300] {logging_mixin.py:188} INFO - [2024-09-17T06:46:12.302-0300] {dag.py:3089} INFO - Sync 1 DAGs
[2024-09-17T06:46:12.316-0300] {logging_mixin.py:188} INFO - [2024-09-17T06:46:12.315-0300] {dag.py:3947} INFO - Setting next_dagrun for example_dag_decorator to None, run_after=None
[2024-09-17T06:46:12.344-0300] {processor.py:183} INFO - Processing /home/jezandre/airflow/airflow_env/lib/python3.11/site-packages/airflow/example_dags/example_dag_decorator.py took 0.332 seconds
[2024-09-17T06:46:42.950-0300] {processor.py:161} INFO - Started process (PID=30845) to work on /home/jezandre/airflow/airflow_env/lib/python3.11/site-packages/airflow/example_dags/example_dag_decorator.py
[2024-09-17T06:46:42.955-0300] {processor.py:830} INFO - Processing file /home/jezandre/airflow/airflow_env/lib/python3.11/site-packages/airflow/example_dags/example_dag_decorator.py for tasks to queue
[2024-09-17T06:46:42.957-0300] {logging_mixin.py:188} INFO - [2024-09-17T06:46:42.956-0300] {dagbag.py:545} INFO - Filling up the DagBag from /home/jezandre/airflow/airflow_env/lib/python3.11/site-packages/airflow/example_dags/example_dag_decorator.py
[2024-09-17T06:46:43.037-0300] {processor.py:840} INFO - DAG(s) 'example_dag_decorator' retrieved from /home/jezandre/airflow/airflow_env/lib/python3.11/site-packages/airflow/example_dags/example_dag_decorator.py
[2024-09-17T06:46:43.159-0300] {logging_mixin.py:188} INFO - [2024-09-17T06:46:43.159-0300] {dag.py:3089} INFO - Sync 1 DAGs
[2024-09-17T06:46:43.173-0300] {logging_mixin.py:188} INFO - [2024-09-17T06:46:43.172-0300] {dag.py:3947} INFO - Setting next_dagrun for example_dag_decorator to None, run_after=None
[2024-09-17T06:46:43.199-0300] {processor.py:183} INFO - Processing /home/jezandre/airflow/airflow_env/lib/python3.11/site-packages/airflow/example_dags/example_dag_decorator.py took 0.259 seconds
[2024-09-17T06:47:14.134-0300] {processor.py:161} INFO - Started process (PID=31130) to work on /home/jezandre/airflow/airflow_env/lib/python3.11/site-packages/airflow/example_dags/example_dag_decorator.py
[2024-09-17T06:47:14.135-0300] {processor.py:830} INFO - Processing file /home/jezandre/airflow/airflow_env/lib/python3.11/site-packages/airflow/example_dags/example_dag_decorator.py for tasks to queue
[2024-09-17T06:47:14.138-0300] {logging_mixin.py:188} INFO - [2024-09-17T06:47:14.138-0300] {dagbag.py:545} INFO - Filling up the DagBag from /home/jezandre/airflow/airflow_env/lib/python3.11/site-packages/airflow/example_dags/example_dag_decorator.py
[2024-09-17T06:47:14.241-0300] {processor.py:840} INFO - DAG(s) 'example_dag_decorator' retrieved from /home/jezandre/airflow/airflow_env/lib/python3.11/site-packages/airflow/example_dags/example_dag_decorator.py
[2024-09-17T06:47:14.389-0300] {logging_mixin.py:188} INFO - [2024-09-17T06:47:14.389-0300] {dag.py:3089} INFO - Sync 1 DAGs
[2024-09-17T06:47:14.418-0300] {logging_mixin.py:188} INFO - [2024-09-17T06:47:14.418-0300] {dag.py:3947} INFO - Setting next_dagrun for example_dag_decorator to None, run_after=None
[2024-09-17T06:47:14.472-0300] {processor.py:183} INFO - Processing /home/jezandre/airflow/airflow_env/lib/python3.11/site-packages/airflow/example_dags/example_dag_decorator.py took 0.348 seconds
[2024-09-17T06:47:45.293-0300] {processor.py:161} INFO - Started process (PID=31379) to work on /home/jezandre/airflow/airflow_env/lib/python3.11/site-packages/airflow/example_dags/example_dag_decorator.py
[2024-09-17T06:47:45.298-0300] {processor.py:830} INFO - Processing file /home/jezandre/airflow/airflow_env/lib/python3.11/site-packages/airflow/example_dags/example_dag_decorator.py for tasks to queue
[2024-09-17T06:47:45.301-0300] {logging_mixin.py:188} INFO - [2024-09-17T06:47:45.300-0300] {dagbag.py:545} INFO - Filling up the DagBag from /home/jezandre/airflow/airflow_env/lib/python3.11/site-packages/airflow/example_dags/example_dag_decorator.py
[2024-09-17T06:47:45.522-0300] {processor.py:840} INFO - DAG(s) 'example_dag_decorator' retrieved from /home/jezandre/airflow/airflow_env/lib/python3.11/site-packages/airflow/example_dags/example_dag_decorator.py
[2024-09-17T06:47:45.689-0300] {logging_mixin.py:188} INFO - [2024-09-17T06:47:45.688-0300] {dag.py:3089} INFO - Sync 1 DAGs
[2024-09-17T06:47:45.703-0300] {logging_mixin.py:188} INFO - [2024-09-17T06:47:45.702-0300] {dag.py:3947} INFO - Setting next_dagrun for example_dag_decorator to None, run_after=None
[2024-09-17T06:47:45.737-0300] {processor.py:183} INFO - Processing /home/jezandre/airflow/airflow_env/lib/python3.11/site-packages/airflow/example_dags/example_dag_decorator.py took 0.454 seconds
[2024-09-17T06:48:16.550-0300] {processor.py:161} INFO - Started process (PID=31616) to work on /home/jezandre/airflow/airflow_env/lib/python3.11/site-packages/airflow/example_dags/example_dag_decorator.py
[2024-09-17T06:48:16.552-0300] {processor.py:830} INFO - Processing file /home/jezandre/airflow/airflow_env/lib/python3.11/site-packages/airflow/example_dags/example_dag_decorator.py for tasks to queue
[2024-09-17T06:48:16.555-0300] {logging_mixin.py:188} INFO - [2024-09-17T06:48:16.554-0300] {dagbag.py:545} INFO - Filling up the DagBag from /home/jezandre/airflow/airflow_env/lib/python3.11/site-packages/airflow/example_dags/example_dag_decorator.py
[2024-09-17T06:48:16.705-0300] {processor.py:840} INFO - DAG(s) 'example_dag_decorator' retrieved from /home/jezandre/airflow/airflow_env/lib/python3.11/site-packages/airflow/example_dags/example_dag_decorator.py
[2024-09-17T06:48:16.820-0300] {logging_mixin.py:188} INFO - [2024-09-17T06:48:16.820-0300] {dag.py:3089} INFO - Sync 1 DAGs
[2024-09-17T06:48:16.833-0300] {logging_mixin.py:188} INFO - [2024-09-17T06:48:16.833-0300] {dag.py:3947} INFO - Setting next_dagrun for example_dag_decorator to None, run_after=None
[2024-09-17T06:48:16.862-0300] {processor.py:183} INFO - Processing /home/jezandre/airflow/airflow_env/lib/python3.11/site-packages/airflow/example_dags/example_dag_decorator.py took 0.331 seconds
[2024-09-17T06:48:47.354-0300] {processor.py:161} INFO - Started process (PID=31880) to work on /home/jezandre/airflow/airflow_env/lib/python3.11/site-packages/airflow/example_dags/example_dag_decorator.py
[2024-09-17T06:48:47.356-0300] {processor.py:830} INFO - Processing file /home/jezandre/airflow/airflow_env/lib/python3.11/site-packages/airflow/example_dags/example_dag_decorator.py for tasks to queue
[2024-09-17T06:48:47.359-0300] {logging_mixin.py:188} INFO - [2024-09-17T06:48:47.359-0300] {dagbag.py:545} INFO - Filling up the DagBag from /home/jezandre/airflow/airflow_env/lib/python3.11/site-packages/airflow/example_dags/example_dag_decorator.py
[2024-09-17T06:48:47.485-0300] {processor.py:840} INFO - DAG(s) 'example_dag_decorator' retrieved from /home/jezandre/airflow/airflow_env/lib/python3.11/site-packages/airflow/example_dags/example_dag_decorator.py
[2024-09-17T06:48:47.631-0300] {logging_mixin.py:188} INFO - [2024-09-17T06:48:47.631-0300] {dag.py:3089} INFO - Sync 1 DAGs
[2024-09-17T06:48:47.645-0300] {logging_mixin.py:188} INFO - [2024-09-17T06:48:47.645-0300] {dag.py:3947} INFO - Setting next_dagrun for example_dag_decorator to None, run_after=None
[2024-09-17T06:48:47.674-0300] {processor.py:183} INFO - Processing /home/jezandre/airflow/airflow_env/lib/python3.11/site-packages/airflow/example_dags/example_dag_decorator.py took 0.333 seconds
[2024-09-17T06:49:18.539-0300] {processor.py:161} INFO - Started process (PID=32095) to work on /home/jezandre/airflow/airflow_env/lib/python3.11/site-packages/airflow/example_dags/example_dag_decorator.py
[2024-09-17T06:49:18.543-0300] {processor.py:830} INFO - Processing file /home/jezandre/airflow/airflow_env/lib/python3.11/site-packages/airflow/example_dags/example_dag_decorator.py for tasks to queue
[2024-09-17T06:49:18.546-0300] {logging_mixin.py:188} INFO - [2024-09-17T06:49:18.545-0300] {dagbag.py:545} INFO - Filling up the DagBag from /home/jezandre/airflow/airflow_env/lib/python3.11/site-packages/airflow/example_dags/example_dag_decorator.py
[2024-09-17T06:49:18.657-0300] {processor.py:840} INFO - DAG(s) 'example_dag_decorator' retrieved from /home/jezandre/airflow/airflow_env/lib/python3.11/site-packages/airflow/example_dags/example_dag_decorator.py
[2024-09-17T06:49:18.793-0300] {logging_mixin.py:188} INFO - [2024-09-17T06:49:18.792-0300] {dag.py:3089} INFO - Sync 1 DAGs
[2024-09-17T06:49:18.807-0300] {logging_mixin.py:188} INFO - [2024-09-17T06:49:18.807-0300] {dag.py:3947} INFO - Setting next_dagrun for example_dag_decorator to None, run_after=None
[2024-09-17T06:49:18.835-0300] {processor.py:183} INFO - Processing /home/jezandre/airflow/airflow_env/lib/python3.11/site-packages/airflow/example_dags/example_dag_decorator.py took 0.309 seconds
[2024-09-17T06:49:49.226-0300] {processor.py:161} INFO - Started process (PID=32405) to work on /home/jezandre/airflow/airflow_env/lib/python3.11/site-packages/airflow/example_dags/example_dag_decorator.py
[2024-09-17T06:49:49.235-0300] {processor.py:830} INFO - Processing file /home/jezandre/airflow/airflow_env/lib/python3.11/site-packages/airflow/example_dags/example_dag_decorator.py for tasks to queue
[2024-09-17T06:49:49.239-0300] {logging_mixin.py:188} INFO - [2024-09-17T06:49:49.237-0300] {dagbag.py:545} INFO - Filling up the DagBag from /home/jezandre/airflow/airflow_env/lib/python3.11/site-packages/airflow/example_dags/example_dag_decorator.py
[2024-09-17T06:49:49.352-0300] {processor.py:840} INFO - DAG(s) 'example_dag_decorator' retrieved from /home/jezandre/airflow/airflow_env/lib/python3.11/site-packages/airflow/example_dags/example_dag_decorator.py
[2024-09-17T06:49:49.519-0300] {logging_mixin.py:188} INFO - [2024-09-17T06:49:49.519-0300] {dag.py:3089} INFO - Sync 1 DAGs
[2024-09-17T06:49:49.541-0300] {logging_mixin.py:188} INFO - [2024-09-17T06:49:49.540-0300] {dag.py:3947} INFO - Setting next_dagrun for example_dag_decorator to None, run_after=None
[2024-09-17T06:49:49.571-0300] {processor.py:183} INFO - Processing /home/jezandre/airflow/airflow_env/lib/python3.11/site-packages/airflow/example_dags/example_dag_decorator.py took 0.365 seconds
[2024-09-17T06:50:19.945-0300] {processor.py:161} INFO - Started process (PID=32685) to work on /home/jezandre/airflow/airflow_env/lib/python3.11/site-packages/airflow/example_dags/example_dag_decorator.py
[2024-09-17T06:50:19.948-0300] {processor.py:830} INFO - Processing file /home/jezandre/airflow/airflow_env/lib/python3.11/site-packages/airflow/example_dags/example_dag_decorator.py for tasks to queue
[2024-09-17T06:50:19.950-0300] {logging_mixin.py:188} INFO - [2024-09-17T06:50:19.950-0300] {dagbag.py:545} INFO - Filling up the DagBag from /home/jezandre/airflow/airflow_env/lib/python3.11/site-packages/airflow/example_dags/example_dag_decorator.py
[2024-09-17T06:50:20.071-0300] {processor.py:840} INFO - DAG(s) 'example_dag_decorator' retrieved from /home/jezandre/airflow/airflow_env/lib/python3.11/site-packages/airflow/example_dags/example_dag_decorator.py
[2024-09-17T06:50:20.210-0300] {logging_mixin.py:188} INFO - [2024-09-17T06:50:20.210-0300] {dag.py:3089} INFO - Sync 1 DAGs
[2024-09-17T06:50:20.224-0300] {logging_mixin.py:188} INFO - [2024-09-17T06:50:20.224-0300] {dag.py:3947} INFO - Setting next_dagrun for example_dag_decorator to None, run_after=None
[2024-09-17T06:50:20.254-0300] {processor.py:183} INFO - Processing /home/jezandre/airflow/airflow_env/lib/python3.11/site-packages/airflow/example_dags/example_dag_decorator.py took 0.320 seconds
[2024-09-17T06:50:50.464-0300] {processor.py:161} INFO - Started process (PID=32948) to work on /home/jezandre/airflow/airflow_env/lib/python3.11/site-packages/airflow/example_dags/example_dag_decorator.py
[2024-09-17T06:50:50.465-0300] {processor.py:830} INFO - Processing file /home/jezandre/airflow/airflow_env/lib/python3.11/site-packages/airflow/example_dags/example_dag_decorator.py for tasks to queue
[2024-09-17T06:50:50.467-0300] {logging_mixin.py:188} INFO - [2024-09-17T06:50:50.466-0300] {dagbag.py:545} INFO - Filling up the DagBag from /home/jezandre/airflow/airflow_env/lib/python3.11/site-packages/airflow/example_dags/example_dag_decorator.py
[2024-09-17T06:50:50.557-0300] {processor.py:840} INFO - DAG(s) 'example_dag_decorator' retrieved from /home/jezandre/airflow/airflow_env/lib/python3.11/site-packages/airflow/example_dags/example_dag_decorator.py
[2024-09-17T06:50:50.675-0300] {logging_mixin.py:188} INFO - [2024-09-17T06:50:50.675-0300] {dag.py:3089} INFO - Sync 1 DAGs
[2024-09-17T06:50:50.691-0300] {logging_mixin.py:188} INFO - [2024-09-17T06:50:50.691-0300] {dag.py:3947} INFO - Setting next_dagrun for example_dag_decorator to None, run_after=None
[2024-09-17T06:50:50.718-0300] {processor.py:183} INFO - Processing /home/jezandre/airflow/airflow_env/lib/python3.11/site-packages/airflow/example_dags/example_dag_decorator.py took 0.267 seconds
[2024-09-17T06:51:20.987-0300] {processor.py:161} INFO - Started process (PID=33385) to work on /home/jezandre/airflow/airflow_env/lib/python3.11/site-packages/airflow/example_dags/example_dag_decorator.py
[2024-09-17T06:51:20.988-0300] {processor.py:830} INFO - Processing file /home/jezandre/airflow/airflow_env/lib/python3.11/site-packages/airflow/example_dags/example_dag_decorator.py for tasks to queue
[2024-09-17T06:51:20.991-0300] {logging_mixin.py:188} INFO - [2024-09-17T06:51:20.991-0300] {dagbag.py:545} INFO - Filling up the DagBag from /home/jezandre/airflow/airflow_env/lib/python3.11/site-packages/airflow/example_dags/example_dag_decorator.py
[2024-09-17T06:51:21.117-0300] {processor.py:840} INFO - DAG(s) 'example_dag_decorator' retrieved from /home/jezandre/airflow/airflow_env/lib/python3.11/site-packages/airflow/example_dags/example_dag_decorator.py
[2024-09-17T06:51:21.275-0300] {logging_mixin.py:188} INFO - [2024-09-17T06:51:21.275-0300] {dag.py:3089} INFO - Sync 1 DAGs
[2024-09-17T06:51:21.292-0300] {logging_mixin.py:188} INFO - [2024-09-17T06:51:21.292-0300] {dag.py:3947} INFO - Setting next_dagrun for example_dag_decorator to None, run_after=None
[2024-09-17T06:51:21.340-0300] {processor.py:183} INFO - Processing /home/jezandre/airflow/airflow_env/lib/python3.11/site-packages/airflow/example_dags/example_dag_decorator.py took 0.364 seconds
[2024-09-17T06:51:51.461-0300] {processor.py:161} INFO - Started process (PID=33703) to work on /home/jezandre/airflow/airflow_env/lib/python3.11/site-packages/airflow/example_dags/example_dag_decorator.py
[2024-09-17T06:51:51.462-0300] {processor.py:830} INFO - Processing file /home/jezandre/airflow/airflow_env/lib/python3.11/site-packages/airflow/example_dags/example_dag_decorator.py for tasks to queue
[2024-09-17T06:51:51.463-0300] {logging_mixin.py:188} INFO - [2024-09-17T06:51:51.463-0300] {dagbag.py:545} INFO - Filling up the DagBag from /home/jezandre/airflow/airflow_env/lib/python3.11/site-packages/airflow/example_dags/example_dag_decorator.py
[2024-09-17T06:51:51.532-0300] {processor.py:840} INFO - DAG(s) 'example_dag_decorator' retrieved from /home/jezandre/airflow/airflow_env/lib/python3.11/site-packages/airflow/example_dags/example_dag_decorator.py
[2024-09-17T06:51:51.652-0300] {logging_mixin.py:188} INFO - [2024-09-17T06:51:51.651-0300] {dag.py:3089} INFO - Sync 1 DAGs
[2024-09-17T06:51:51.663-0300] {logging_mixin.py:188} INFO - [2024-09-17T06:51:51.663-0300] {dag.py:3947} INFO - Setting next_dagrun for example_dag_decorator to None, run_after=None
[2024-09-17T06:51:51.687-0300] {processor.py:183} INFO - Processing /home/jezandre/airflow/airflow_env/lib/python3.11/site-packages/airflow/example_dags/example_dag_decorator.py took 0.235 seconds
[2024-09-17T06:52:22.161-0300] {processor.py:161} INFO - Started process (PID=34229) to work on /home/jezandre/airflow/airflow_env/lib/python3.11/site-packages/airflow/example_dags/example_dag_decorator.py
[2024-09-17T06:52:22.162-0300] {processor.py:830} INFO - Processing file /home/jezandre/airflow/airflow_env/lib/python3.11/site-packages/airflow/example_dags/example_dag_decorator.py for tasks to queue
[2024-09-17T06:52:22.164-0300] {logging_mixin.py:188} INFO - [2024-09-17T06:52:22.164-0300] {dagbag.py:545} INFO - Filling up the DagBag from /home/jezandre/airflow/airflow_env/lib/python3.11/site-packages/airflow/example_dags/example_dag_decorator.py
[2024-09-17T06:52:22.253-0300] {processor.py:840} INFO - DAG(s) 'example_dag_decorator' retrieved from /home/jezandre/airflow/airflow_env/lib/python3.11/site-packages/airflow/example_dags/example_dag_decorator.py
[2024-09-17T06:52:22.377-0300] {logging_mixin.py:188} INFO - [2024-09-17T06:52:22.377-0300] {dag.py:3089} INFO - Sync 1 DAGs
[2024-09-17T06:52:22.389-0300] {logging_mixin.py:188} INFO - [2024-09-17T06:52:22.389-0300] {dag.py:3947} INFO - Setting next_dagrun for example_dag_decorator to None, run_after=None
[2024-09-17T06:52:22.416-0300] {processor.py:183} INFO - Processing /home/jezandre/airflow/airflow_env/lib/python3.11/site-packages/airflow/example_dags/example_dag_decorator.py took 0.265 seconds
[2024-09-17T06:52:53.316-0300] {processor.py:161} INFO - Started process (PID=34634) to work on /home/jezandre/airflow/airflow_env/lib/python3.11/site-packages/airflow/example_dags/example_dag_decorator.py
[2024-09-17T06:52:53.318-0300] {processor.py:830} INFO - Processing file /home/jezandre/airflow/airflow_env/lib/python3.11/site-packages/airflow/example_dags/example_dag_decorator.py for tasks to queue
[2024-09-17T06:52:53.319-0300] {logging_mixin.py:188} INFO - [2024-09-17T06:52:53.319-0300] {dagbag.py:545} INFO - Filling up the DagBag from /home/jezandre/airflow/airflow_env/lib/python3.11/site-packages/airflow/example_dags/example_dag_decorator.py
[2024-09-17T06:52:53.409-0300] {processor.py:840} INFO - DAG(s) 'example_dag_decorator' retrieved from /home/jezandre/airflow/airflow_env/lib/python3.11/site-packages/airflow/example_dags/example_dag_decorator.py
[2024-09-17T06:52:53.539-0300] {logging_mixin.py:188} INFO - [2024-09-17T06:52:53.538-0300] {dag.py:3089} INFO - Sync 1 DAGs
[2024-09-17T06:52:53.551-0300] {logging_mixin.py:188} INFO - [2024-09-17T06:52:53.550-0300] {dag.py:3947} INFO - Setting next_dagrun for example_dag_decorator to None, run_after=None
[2024-09-17T06:52:53.578-0300] {processor.py:183} INFO - Processing /home/jezandre/airflow/airflow_env/lib/python3.11/site-packages/airflow/example_dags/example_dag_decorator.py took 0.271 seconds
[2024-09-17T06:53:23.839-0300] {processor.py:161} INFO - Started process (PID=34857) to work on /home/jezandre/airflow/airflow_env/lib/python3.11/site-packages/airflow/example_dags/example_dag_decorator.py
[2024-09-17T06:53:23.840-0300] {processor.py:830} INFO - Processing file /home/jezandre/airflow/airflow_env/lib/python3.11/site-packages/airflow/example_dags/example_dag_decorator.py for tasks to queue
[2024-09-17T06:53:23.842-0300] {logging_mixin.py:188} INFO - [2024-09-17T06:53:23.841-0300] {dagbag.py:545} INFO - Filling up the DagBag from /home/jezandre/airflow/airflow_env/lib/python3.11/site-packages/airflow/example_dags/example_dag_decorator.py
[2024-09-17T06:53:23.926-0300] {processor.py:840} INFO - DAG(s) 'example_dag_decorator' retrieved from /home/jezandre/airflow/airflow_env/lib/python3.11/site-packages/airflow/example_dags/example_dag_decorator.py
[2024-09-17T06:53:24.050-0300] {logging_mixin.py:188} INFO - [2024-09-17T06:53:24.050-0300] {dag.py:3089} INFO - Sync 1 DAGs
[2024-09-17T06:53:24.063-0300] {logging_mixin.py:188} INFO - [2024-09-17T06:53:24.063-0300] {dag.py:3947} INFO - Setting next_dagrun for example_dag_decorator to None, run_after=None
[2024-09-17T06:53:24.093-0300] {processor.py:183} INFO - Processing /home/jezandre/airflow/airflow_env/lib/python3.11/site-packages/airflow/example_dags/example_dag_decorator.py took 0.265 seconds
[2024-09-17T06:53:54.449-0300] {processor.py:161} INFO - Started process (PID=35192) to work on /home/jezandre/airflow/airflow_env/lib/python3.11/site-packages/airflow/example_dags/example_dag_decorator.py
[2024-09-17T06:53:54.454-0300] {processor.py:830} INFO - Processing file /home/jezandre/airflow/airflow_env/lib/python3.11/site-packages/airflow/example_dags/example_dag_decorator.py for tasks to queue
[2024-09-17T06:53:54.456-0300] {logging_mixin.py:188} INFO - [2024-09-17T06:53:54.455-0300] {dagbag.py:545} INFO - Filling up the DagBag from /home/jezandre/airflow/airflow_env/lib/python3.11/site-packages/airflow/example_dags/example_dag_decorator.py
[2024-09-17T06:53:54.562-0300] {processor.py:840} INFO - DAG(s) 'example_dag_decorator' retrieved from /home/jezandre/airflow/airflow_env/lib/python3.11/site-packages/airflow/example_dags/example_dag_decorator.py
[2024-09-17T06:53:54.692-0300] {logging_mixin.py:188} INFO - [2024-09-17T06:53:54.692-0300] {dag.py:3089} INFO - Sync 1 DAGs
[2024-09-17T06:53:54.708-0300] {logging_mixin.py:188} INFO - [2024-09-17T06:53:54.708-0300] {dag.py:3947} INFO - Setting next_dagrun for example_dag_decorator to None, run_after=None
[2024-09-17T06:53:54.740-0300] {processor.py:183} INFO - Processing /home/jezandre/airflow/airflow_env/lib/python3.11/site-packages/airflow/example_dags/example_dag_decorator.py took 0.305 seconds
[2024-09-17T06:54:25.384-0300] {processor.py:161} INFO - Started process (PID=35409) to work on /home/jezandre/airflow/airflow_env/lib/python3.11/site-packages/airflow/example_dags/example_dag_decorator.py
[2024-09-17T06:54:25.389-0300] {processor.py:830} INFO - Processing file /home/jezandre/airflow/airflow_env/lib/python3.11/site-packages/airflow/example_dags/example_dag_decorator.py for tasks to queue
[2024-09-17T06:54:25.391-0300] {logging_mixin.py:188} INFO - [2024-09-17T06:54:25.391-0300] {dagbag.py:545} INFO - Filling up the DagBag from /home/jezandre/airflow/airflow_env/lib/python3.11/site-packages/airflow/example_dags/example_dag_decorator.py
[2024-09-17T06:54:25.529-0300] {processor.py:840} INFO - DAG(s) 'example_dag_decorator' retrieved from /home/jezandre/airflow/airflow_env/lib/python3.11/site-packages/airflow/example_dags/example_dag_decorator.py
[2024-09-17T06:54:25.673-0300] {logging_mixin.py:188} INFO - [2024-09-17T06:54:25.673-0300] {dag.py:3089} INFO - Sync 1 DAGs
[2024-09-17T06:54:25.687-0300] {logging_mixin.py:188} INFO - [2024-09-17T06:54:25.687-0300] {dag.py:3947} INFO - Setting next_dagrun for example_dag_decorator to None, run_after=None
[2024-09-17T06:54:25.718-0300] {processor.py:183} INFO - Processing /home/jezandre/airflow/airflow_env/lib/python3.11/site-packages/airflow/example_dags/example_dag_decorator.py took 0.347 seconds
[2024-09-17T06:54:55.987-0300] {processor.py:161} INFO - Started process (PID=35662) to work on /home/jezandre/airflow/airflow_env/lib/python3.11/site-packages/airflow/example_dags/example_dag_decorator.py
[2024-09-17T06:54:55.988-0300] {processor.py:830} INFO - Processing file /home/jezandre/airflow/airflow_env/lib/python3.11/site-packages/airflow/example_dags/example_dag_decorator.py for tasks to queue
[2024-09-17T06:54:55.992-0300] {logging_mixin.py:188} INFO - [2024-09-17T06:54:55.991-0300] {dagbag.py:545} INFO - Filling up the DagBag from /home/jezandre/airflow/airflow_env/lib/python3.11/site-packages/airflow/example_dags/example_dag_decorator.py
[2024-09-17T06:54:56.082-0300] {processor.py:840} INFO - DAG(s) 'example_dag_decorator' retrieved from /home/jezandre/airflow/airflow_env/lib/python3.11/site-packages/airflow/example_dags/example_dag_decorator.py
[2024-09-17T06:54:56.204-0300] {logging_mixin.py:188} INFO - [2024-09-17T06:54:56.204-0300] {dag.py:3089} INFO - Sync 1 DAGs
[2024-09-17T06:54:56.217-0300] {logging_mixin.py:188} INFO - [2024-09-17T06:54:56.216-0300] {dag.py:3947} INFO - Setting next_dagrun for example_dag_decorator to None, run_after=None
[2024-09-17T06:54:56.244-0300] {processor.py:183} INFO - Processing /home/jezandre/airflow/airflow_env/lib/python3.11/site-packages/airflow/example_dags/example_dag_decorator.py took 0.268 seconds
