[2024-09-17T06:27:16.833-0300] {processor.py:161} INFO - Started process (PID=20009) to work on /home/jezandre/airflow/airflow_env/lib/python3.11/site-packages/airflow/example_dags/example_latest_only.py
[2024-09-17T06:27:16.833-0300] {processor.py:830} INFO - Processing file /home/jezandre/airflow/airflow_env/lib/python3.11/site-packages/airflow/example_dags/example_latest_only.py for tasks to queue
[2024-09-17T06:27:16.835-0300] {logging_mixin.py:188} INFO - [2024-09-17T06:27:16.835-0300] {dagbag.py:545} INFO - Filling up the DagBag from /home/jezandre/airflow/airflow_env/lib/python3.11/site-packages/airflow/example_dags/example_latest_only.py
[2024-09-17T06:27:16.841-0300] {processor.py:840} INFO - DAG(s) 'latest_only' retrieved from /home/jezandre/airflow/airflow_env/lib/python3.11/site-packages/airflow/example_dags/example_latest_only.py
[2024-09-17T06:27:16.928-0300] {logging_mixin.py:188} INFO - [2024-09-17T06:27:16.928-0300] {dag.py:3089} INFO - Sync 1 DAGs
[2024-09-17T06:27:16.946-0300] {logging_mixin.py:188} INFO - [2024-09-17T06:27:16.946-0300] {dag.py:3947} INFO - Setting next_dagrun for latest_only to 2024-09-17 04:00:00+00:00, run_after=2024-09-17 08:00:00+00:00
[2024-09-17T06:27:17.094-0300] {processor.py:183} INFO - Processing /home/jezandre/airflow/airflow_env/lib/python3.11/site-packages/airflow/example_dags/example_latest_only.py took 0.267 seconds
[2024-09-17T06:28:18.971-0300] {processor.py:161} INFO - Started process (PID=20274) to work on /home/jezandre/airflow/airflow_env/lib/python3.11/site-packages/airflow/example_dags/example_latest_only.py
[2024-09-17T06:28:18.973-0300] {processor.py:830} INFO - Processing file /home/jezandre/airflow/airflow_env/lib/python3.11/site-packages/airflow/example_dags/example_latest_only.py for tasks to queue
[2024-09-17T06:28:18.974-0300] {logging_mixin.py:188} INFO - [2024-09-17T06:28:18.974-0300] {dagbag.py:545} INFO - Filling up the DagBag from /home/jezandre/airflow/airflow_env/lib/python3.11/site-packages/airflow/example_dags/example_latest_only.py
[2024-09-17T06:28:18.979-0300] {processor.py:840} INFO - DAG(s) 'latest_only' retrieved from /home/jezandre/airflow/airflow_env/lib/python3.11/site-packages/airflow/example_dags/example_latest_only.py
[2024-09-17T06:28:18.993-0300] {logging_mixin.py:188} INFO - [2024-09-17T06:28:18.992-0300] {dag.py:3089} INFO - Sync 1 DAGs
[2024-09-17T06:28:19.117-0300] {logging_mixin.py:188} INFO - [2024-09-17T06:28:19.117-0300] {dag.py:3947} INFO - Setting next_dagrun for latest_only to 2024-09-17 04:00:00+00:00, run_after=2024-09-17 08:00:00+00:00
[2024-09-17T06:28:19.145-0300] {processor.py:183} INFO - Processing /home/jezandre/airflow/airflow_env/lib/python3.11/site-packages/airflow/example_dags/example_latest_only.py took 0.180 seconds
[2024-09-17T06:29:12.622-0300] {processor.py:161} INFO - Started process (PID=20624) to work on /home/jezandre/airflow/airflow_env/lib/python3.11/site-packages/airflow/example_dags/example_latest_only.py
[2024-09-17T06:29:12.627-0300] {processor.py:830} INFO - Processing file /home/jezandre/airflow/airflow_env/lib/python3.11/site-packages/airflow/example_dags/example_latest_only.py for tasks to queue
[2024-09-17T06:29:12.629-0300] {logging_mixin.py:188} INFO - [2024-09-17T06:29:12.628-0300] {dagbag.py:545} INFO - Filling up the DagBag from /home/jezandre/airflow/airflow_env/lib/python3.11/site-packages/airflow/example_dags/example_latest_only.py
[2024-09-17T06:29:12.635-0300] {processor.py:840} INFO - DAG(s) 'latest_only' retrieved from /home/jezandre/airflow/airflow_env/lib/python3.11/site-packages/airflow/example_dags/example_latest_only.py
[2024-09-17T06:29:12.654-0300] {logging_mixin.py:188} INFO - [2024-09-17T06:29:12.653-0300] {dag.py:3089} INFO - Sync 1 DAGs
[2024-09-17T06:29:12.679-0300] {logging_mixin.py:188} INFO - [2024-09-17T06:29:12.679-0300] {dag.py:3947} INFO - Setting next_dagrun for latest_only to 2024-09-17 04:00:00+00:00, run_after=2024-09-17 08:00:00+00:00
[2024-09-17T06:29:12.713-0300] {processor.py:183} INFO - Processing /home/jezandre/airflow/airflow_env/lib/python3.11/site-packages/airflow/example_dags/example_latest_only.py took 0.098 seconds
[2024-09-17T06:29:49.891-0300] {processor.py:161} INFO - Started process (PID=21009) to work on /home/jezandre/airflow/airflow_env/lib/python3.11/site-packages/airflow/example_dags/example_latest_only.py
[2024-09-17T06:29:49.892-0300] {processor.py:830} INFO - Processing file /home/jezandre/airflow/airflow_env/lib/python3.11/site-packages/airflow/example_dags/example_latest_only.py for tasks to queue
[2024-09-17T06:29:49.893-0300] {logging_mixin.py:188} INFO - [2024-09-17T06:29:49.893-0300] {dagbag.py:545} INFO - Filling up the DagBag from /home/jezandre/airflow/airflow_env/lib/python3.11/site-packages/airflow/example_dags/example_latest_only.py
[2024-09-17T06:29:49.900-0300] {processor.py:840} INFO - DAG(s) 'latest_only' retrieved from /home/jezandre/airflow/airflow_env/lib/python3.11/site-packages/airflow/example_dags/example_latest_only.py
[2024-09-17T06:29:50.016-0300] {logging_mixin.py:188} INFO - [2024-09-17T06:29:50.016-0300] {dag.py:3089} INFO - Sync 1 DAGs
[2024-09-17T06:29:50.204-0300] {logging_mixin.py:188} INFO - [2024-09-17T06:29:50.204-0300] {dag.py:3947} INFO - Setting next_dagrun for latest_only to 2024-09-17 04:00:00+00:00, run_after=2024-09-17 08:00:00+00:00
[2024-09-17T06:29:50.244-0300] {processor.py:183} INFO - Processing /home/jezandre/airflow/airflow_env/lib/python3.11/site-packages/airflow/example_dags/example_latest_only.py took 0.358 seconds
[2024-09-17T06:30:20.389-0300] {processor.py:161} INFO - Started process (PID=21322) to work on /home/jezandre/airflow/airflow_env/lib/python3.11/site-packages/airflow/example_dags/example_latest_only.py
[2024-09-17T06:30:20.392-0300] {processor.py:830} INFO - Processing file /home/jezandre/airflow/airflow_env/lib/python3.11/site-packages/airflow/example_dags/example_latest_only.py for tasks to queue
[2024-09-17T06:30:20.401-0300] {logging_mixin.py:188} INFO - [2024-09-17T06:30:20.401-0300] {dagbag.py:545} INFO - Filling up the DagBag from /home/jezandre/airflow/airflow_env/lib/python3.11/site-packages/airflow/example_dags/example_latest_only.py
[2024-09-17T06:30:20.409-0300] {processor.py:840} INFO - DAG(s) 'latest_only' retrieved from /home/jezandre/airflow/airflow_env/lib/python3.11/site-packages/airflow/example_dags/example_latest_only.py
[2024-09-17T06:30:20.469-0300] {logging_mixin.py:188} INFO - [2024-09-17T06:30:20.469-0300] {dag.py:3089} INFO - Sync 1 DAGs
[2024-09-17T06:30:20.501-0300] {logging_mixin.py:188} INFO - [2024-09-17T06:30:20.501-0300] {dag.py:3947} INFO - Setting next_dagrun for latest_only to 2024-09-17 04:00:00+00:00, run_after=2024-09-17 08:00:00+00:00
[2024-09-17T06:30:20.557-0300] {processor.py:183} INFO - Processing /home/jezandre/airflow/airflow_env/lib/python3.11/site-packages/airflow/example_dags/example_latest_only.py took 0.188 seconds
[2024-09-17T06:30:51.285-0300] {processor.py:161} INFO - Started process (PID=21524) to work on /home/jezandre/airflow/airflow_env/lib/python3.11/site-packages/airflow/example_dags/example_latest_only.py
[2024-09-17T06:30:51.286-0300] {processor.py:830} INFO - Processing file /home/jezandre/airflow/airflow_env/lib/python3.11/site-packages/airflow/example_dags/example_latest_only.py for tasks to queue
[2024-09-17T06:30:51.287-0300] {logging_mixin.py:188} INFO - [2024-09-17T06:30:51.287-0300] {dagbag.py:545} INFO - Filling up the DagBag from /home/jezandre/airflow/airflow_env/lib/python3.11/site-packages/airflow/example_dags/example_latest_only.py
[2024-09-17T06:30:51.294-0300] {processor.py:840} INFO - DAG(s) 'latest_only' retrieved from /home/jezandre/airflow/airflow_env/lib/python3.11/site-packages/airflow/example_dags/example_latest_only.py
[2024-09-17T06:30:51.324-0300] {logging_mixin.py:188} INFO - [2024-09-17T06:30:51.324-0300] {dag.py:3089} INFO - Sync 1 DAGs
[2024-09-17T06:30:51.353-0300] {logging_mixin.py:188} INFO - [2024-09-17T06:30:51.352-0300] {dag.py:3947} INFO - Setting next_dagrun for latest_only to 2024-09-17 04:00:00+00:00, run_after=2024-09-17 08:00:00+00:00
[2024-09-17T06:30:51.382-0300] {processor.py:183} INFO - Processing /home/jezandre/airflow/airflow_env/lib/python3.11/site-packages/airflow/example_dags/example_latest_only.py took 0.103 seconds
[2024-09-17T06:31:21.549-0300] {processor.py:161} INFO - Started process (PID=21734) to work on /home/jezandre/airflow/airflow_env/lib/python3.11/site-packages/airflow/example_dags/example_latest_only.py
[2024-09-17T06:31:21.551-0300] {processor.py:830} INFO - Processing file /home/jezandre/airflow/airflow_env/lib/python3.11/site-packages/airflow/example_dags/example_latest_only.py for tasks to queue
[2024-09-17T06:31:21.552-0300] {logging_mixin.py:188} INFO - [2024-09-17T06:31:21.552-0300] {dagbag.py:545} INFO - Filling up the DagBag from /home/jezandre/airflow/airflow_env/lib/python3.11/site-packages/airflow/example_dags/example_latest_only.py
[2024-09-17T06:31:21.556-0300] {processor.py:840} INFO - DAG(s) 'latest_only' retrieved from /home/jezandre/airflow/airflow_env/lib/python3.11/site-packages/airflow/example_dags/example_latest_only.py
[2024-09-17T06:31:21.585-0300] {logging_mixin.py:188} INFO - [2024-09-17T06:31:21.585-0300] {dag.py:3089} INFO - Sync 1 DAGs
[2024-09-17T06:31:21.616-0300] {logging_mixin.py:188} INFO - [2024-09-17T06:31:21.616-0300] {dag.py:3947} INFO - Setting next_dagrun for latest_only to 2024-09-17 04:00:00+00:00, run_after=2024-09-17 08:00:00+00:00
[2024-09-17T06:31:21.645-0300] {processor.py:183} INFO - Processing /home/jezandre/airflow/airflow_env/lib/python3.11/site-packages/airflow/example_dags/example_latest_only.py took 0.101 seconds
[2024-09-17T06:31:52.087-0300] {processor.py:161} INFO - Started process (PID=22011) to work on /home/jezandre/airflow/airflow_env/lib/python3.11/site-packages/airflow/example_dags/example_latest_only.py
[2024-09-17T06:31:52.088-0300] {processor.py:830} INFO - Processing file /home/jezandre/airflow/airflow_env/lib/python3.11/site-packages/airflow/example_dags/example_latest_only.py for tasks to queue
[2024-09-17T06:31:52.091-0300] {logging_mixin.py:188} INFO - [2024-09-17T06:31:52.090-0300] {dagbag.py:545} INFO - Filling up the DagBag from /home/jezandre/airflow/airflow_env/lib/python3.11/site-packages/airflow/example_dags/example_latest_only.py
[2024-09-17T06:31:52.096-0300] {processor.py:840} INFO - DAG(s) 'latest_only' retrieved from /home/jezandre/airflow/airflow_env/lib/python3.11/site-packages/airflow/example_dags/example_latest_only.py
[2024-09-17T06:31:52.125-0300] {logging_mixin.py:188} INFO - [2024-09-17T06:31:52.125-0300] {dag.py:3089} INFO - Sync 1 DAGs
[2024-09-17T06:31:52.156-0300] {logging_mixin.py:188} INFO - [2024-09-17T06:31:52.155-0300] {dag.py:3947} INFO - Setting next_dagrun for latest_only to 2024-09-17 04:00:00+00:00, run_after=2024-09-17 08:00:00+00:00
[2024-09-17T06:31:52.183-0300] {processor.py:183} INFO - Processing /home/jezandre/airflow/airflow_env/lib/python3.11/site-packages/airflow/example_dags/example_latest_only.py took 0.104 seconds
[2024-09-17T06:32:22.747-0300] {processor.py:161} INFO - Started process (PID=22496) to work on /home/jezandre/airflow/airflow_env/lib/python3.11/site-packages/airflow/example_dags/example_latest_only.py
[2024-09-17T06:32:22.748-0300] {processor.py:830} INFO - Processing file /home/jezandre/airflow/airflow_env/lib/python3.11/site-packages/airflow/example_dags/example_latest_only.py for tasks to queue
[2024-09-17T06:32:22.750-0300] {logging_mixin.py:188} INFO - [2024-09-17T06:32:22.750-0300] {dagbag.py:545} INFO - Filling up the DagBag from /home/jezandre/airflow/airflow_env/lib/python3.11/site-packages/airflow/example_dags/example_latest_only.py
[2024-09-17T06:32:22.758-0300] {processor.py:840} INFO - DAG(s) 'latest_only' retrieved from /home/jezandre/airflow/airflow_env/lib/python3.11/site-packages/airflow/example_dags/example_latest_only.py
[2024-09-17T06:32:22.918-0300] {logging_mixin.py:188} INFO - [2024-09-17T06:32:22.918-0300] {dag.py:3089} INFO - Sync 1 DAGs
[2024-09-17T06:32:22.959-0300] {logging_mixin.py:188} INFO - [2024-09-17T06:32:22.958-0300] {dag.py:3947} INFO - Setting next_dagrun for latest_only to 2024-09-17 04:00:00+00:00, run_after=2024-09-17 08:00:00+00:00
[2024-09-17T06:32:23.001-0300] {processor.py:183} INFO - Processing /home/jezandre/airflow/airflow_env/lib/python3.11/site-packages/airflow/example_dags/example_latest_only.py took 0.260 seconds
