[2024-09-17T06:27:11.223-0300] {processor.py:161} INFO - Started process (PID=19977) to work on /home/jezandre/airflow/airflow_env/lib/python3.11/site-packages/airflow/example_dags/example_python_decorator.py
[2024-09-17T06:27:11.224-0300] {processor.py:830} INFO - Processing file /home/jezandre/airflow/airflow_env/lib/python3.11/site-packages/airflow/example_dags/example_python_decorator.py for tasks to queue
[2024-09-17T06:27:11.227-0300] {logging_mixin.py:188} INFO - [2024-09-17T06:27:11.226-0300] {dagbag.py:545} INFO - Filling up the DagBag from /home/jezandre/airflow/airflow_env/lib/python3.11/site-packages/airflow/example_dags/example_python_decorator.py
[2024-09-17T06:27:11.246-0300] {processor.py:840} INFO - DAG(s) 'example_python_decorator' retrieved from /home/jezandre/airflow/airflow_env/lib/python3.11/site-packages/airflow/example_dags/example_python_decorator.py
[2024-09-17T06:27:11.381-0300] {logging_mixin.py:188} INFO - [2024-09-17T06:27:11.380-0300] {dag.py:3089} INFO - Sync 1 DAGs
[2024-09-17T06:27:11.390-0300] {logging_mixin.py:188} INFO - [2024-09-17T06:27:11.390-0300] {dag.py:3947} INFO - Setting next_dagrun for example_python_decorator to None, run_after=None
[2024-09-17T06:27:11.429-0300] {processor.py:183} INFO - Processing /home/jezandre/airflow/airflow_env/lib/python3.11/site-packages/airflow/example_dags/example_python_decorator.py took 0.212 seconds
[2024-09-17T06:28:14.279-0300] {processor.py:161} INFO - Started process (PID=20258) to work on /home/jezandre/airflow/airflow_env/lib/python3.11/site-packages/airflow/example_dags/example_python_decorator.py
[2024-09-17T06:28:14.283-0300] {processor.py:830} INFO - Processing file /home/jezandre/airflow/airflow_env/lib/python3.11/site-packages/airflow/example_dags/example_python_decorator.py for tasks to queue
[2024-09-17T06:28:14.285-0300] {logging_mixin.py:188} INFO - [2024-09-17T06:28:14.285-0300] {dagbag.py:545} INFO - Filling up the DagBag from /home/jezandre/airflow/airflow_env/lib/python3.11/site-packages/airflow/example_dags/example_python_decorator.py
[2024-09-17T06:28:14.299-0300] {processor.py:840} INFO - DAG(s) 'example_python_decorator' retrieved from /home/jezandre/airflow/airflow_env/lib/python3.11/site-packages/airflow/example_dags/example_python_decorator.py
[2024-09-17T06:28:14.321-0300] {logging_mixin.py:188} INFO - [2024-09-17T06:28:14.320-0300] {dag.py:3089} INFO - Sync 1 DAGs
[2024-09-17T06:28:14.465-0300] {logging_mixin.py:188} INFO - [2024-09-17T06:28:14.465-0300] {dag.py:3947} INFO - Setting next_dagrun for example_python_decorator to None, run_after=None
[2024-09-17T06:28:14.491-0300] {processor.py:183} INFO - Processing /home/jezandre/airflow/airflow_env/lib/python3.11/site-packages/airflow/example_dags/example_python_decorator.py took 0.220 seconds
[2024-09-17T06:29:08.775-0300] {processor.py:161} INFO - Started process (PID=20588) to work on /home/jezandre/airflow/airflow_env/lib/python3.11/site-packages/airflow/example_dags/example_python_decorator.py
[2024-09-17T06:29:08.779-0300] {processor.py:830} INFO - Processing file /home/jezandre/airflow/airflow_env/lib/python3.11/site-packages/airflow/example_dags/example_python_decorator.py for tasks to queue
[2024-09-17T06:29:08.781-0300] {logging_mixin.py:188} INFO - [2024-09-17T06:29:08.781-0300] {dagbag.py:545} INFO - Filling up the DagBag from /home/jezandre/airflow/airflow_env/lib/python3.11/site-packages/airflow/example_dags/example_python_decorator.py
[2024-09-17T06:29:08.797-0300] {processor.py:840} INFO - DAG(s) 'example_python_decorator' retrieved from /home/jezandre/airflow/airflow_env/lib/python3.11/site-packages/airflow/example_dags/example_python_decorator.py
[2024-09-17T06:29:08.823-0300] {logging_mixin.py:188} INFO - [2024-09-17T06:29:08.822-0300] {dag.py:3089} INFO - Sync 1 DAGs
[2024-09-17T06:29:08.839-0300] {logging_mixin.py:188} INFO - [2024-09-17T06:29:08.838-0300] {dag.py:3947} INFO - Setting next_dagrun for example_python_decorator to None, run_after=None
[2024-09-17T06:29:08.869-0300] {processor.py:183} INFO - Processing /home/jezandre/airflow/airflow_env/lib/python3.11/site-packages/airflow/example_dags/example_python_decorator.py took 0.101 seconds
[2024-09-17T06:29:49.152-0300] {processor.py:161} INFO - Started process (PID=20995) to work on /home/jezandre/airflow/airflow_env/lib/python3.11/site-packages/airflow/example_dags/example_python_decorator.py
[2024-09-17T06:29:49.154-0300] {processor.py:830} INFO - Processing file /home/jezandre/airflow/airflow_env/lib/python3.11/site-packages/airflow/example_dags/example_python_decorator.py for tasks to queue
[2024-09-17T06:29:49.155-0300] {logging_mixin.py:188} INFO - [2024-09-17T06:29:49.155-0300] {dagbag.py:545} INFO - Filling up the DagBag from /home/jezandre/airflow/airflow_env/lib/python3.11/site-packages/airflow/example_dags/example_python_decorator.py
[2024-09-17T06:29:49.173-0300] {processor.py:840} INFO - DAG(s) 'example_python_decorator' retrieved from /home/jezandre/airflow/airflow_env/lib/python3.11/site-packages/airflow/example_dags/example_python_decorator.py
[2024-09-17T06:29:49.317-0300] {logging_mixin.py:188} INFO - [2024-09-17T06:29:49.316-0300] {dag.py:3089} INFO - Sync 1 DAGs
[2024-09-17T06:29:49.333-0300] {logging_mixin.py:188} INFO - [2024-09-17T06:29:49.332-0300] {dag.py:3947} INFO - Setting next_dagrun for example_python_decorator to None, run_after=None
[2024-09-17T06:29:49.508-0300] {processor.py:183} INFO - Processing /home/jezandre/airflow/airflow_env/lib/python3.11/site-packages/airflow/example_dags/example_python_decorator.py took 0.362 seconds
[2024-09-17T06:30:19.973-0300] {processor.py:161} INFO - Started process (PID=21314) to work on /home/jezandre/airflow/airflow_env/lib/python3.11/site-packages/airflow/example_dags/example_python_decorator.py
[2024-09-17T06:30:19.974-0300] {processor.py:830} INFO - Processing file /home/jezandre/airflow/airflow_env/lib/python3.11/site-packages/airflow/example_dags/example_python_decorator.py for tasks to queue
[2024-09-17T06:30:19.976-0300] {logging_mixin.py:188} INFO - [2024-09-17T06:30:19.976-0300] {dagbag.py:545} INFO - Filling up the DagBag from /home/jezandre/airflow/airflow_env/lib/python3.11/site-packages/airflow/example_dags/example_python_decorator.py
[2024-09-17T06:30:19.994-0300] {processor.py:840} INFO - DAG(s) 'example_python_decorator' retrieved from /home/jezandre/airflow/airflow_env/lib/python3.11/site-packages/airflow/example_dags/example_python_decorator.py
[2024-09-17T06:30:20.026-0300] {logging_mixin.py:188} INFO - [2024-09-17T06:30:20.025-0300] {dag.py:3089} INFO - Sync 1 DAGs
[2024-09-17T06:30:20.041-0300] {logging_mixin.py:188} INFO - [2024-09-17T06:30:20.041-0300] {dag.py:3947} INFO - Setting next_dagrun for example_python_decorator to None, run_after=None
[2024-09-17T06:30:20.070-0300] {processor.py:183} INFO - Processing /home/jezandre/airflow/airflow_env/lib/python3.11/site-packages/airflow/example_dags/example_python_decorator.py took 0.104 seconds
[2024-09-17T06:30:51.029-0300] {processor.py:161} INFO - Started process (PID=21516) to work on /home/jezandre/airflow/airflow_env/lib/python3.11/site-packages/airflow/example_dags/example_python_decorator.py
[2024-09-17T06:30:51.031-0300] {processor.py:830} INFO - Processing file /home/jezandre/airflow/airflow_env/lib/python3.11/site-packages/airflow/example_dags/example_python_decorator.py for tasks to queue
[2024-09-17T06:30:51.032-0300] {logging_mixin.py:188} INFO - [2024-09-17T06:30:51.032-0300] {dagbag.py:545} INFO - Filling up the DagBag from /home/jezandre/airflow/airflow_env/lib/python3.11/site-packages/airflow/example_dags/example_python_decorator.py
[2024-09-17T06:30:51.045-0300] {processor.py:840} INFO - DAG(s) 'example_python_decorator' retrieved from /home/jezandre/airflow/airflow_env/lib/python3.11/site-packages/airflow/example_dags/example_python_decorator.py
[2024-09-17T06:30:51.078-0300] {logging_mixin.py:188} INFO - [2024-09-17T06:30:51.077-0300] {dag.py:3089} INFO - Sync 1 DAGs
[2024-09-17T06:30:51.093-0300] {logging_mixin.py:188} INFO - [2024-09-17T06:30:51.092-0300] {dag.py:3947} INFO - Setting next_dagrun for example_python_decorator to None, run_after=None
[2024-09-17T06:30:51.118-0300] {processor.py:183} INFO - Processing /home/jezandre/airflow/airflow_env/lib/python3.11/site-packages/airflow/example_dags/example_python_decorator.py took 0.095 seconds
[2024-09-17T06:31:21.226-0300] {processor.py:161} INFO - Started process (PID=21725) to work on /home/jezandre/airflow/airflow_env/lib/python3.11/site-packages/airflow/example_dags/example_python_decorator.py
[2024-09-17T06:31:21.230-0300] {processor.py:830} INFO - Processing file /home/jezandre/airflow/airflow_env/lib/python3.11/site-packages/airflow/example_dags/example_python_decorator.py for tasks to queue
[2024-09-17T06:31:21.234-0300] {logging_mixin.py:188} INFO - [2024-09-17T06:31:21.233-0300] {dagbag.py:545} INFO - Filling up the DagBag from /home/jezandre/airflow/airflow_env/lib/python3.11/site-packages/airflow/example_dags/example_python_decorator.py
[2024-09-17T06:31:21.260-0300] {processor.py:840} INFO - DAG(s) 'example_python_decorator' retrieved from /home/jezandre/airflow/airflow_env/lib/python3.11/site-packages/airflow/example_dags/example_python_decorator.py
[2024-09-17T06:31:21.324-0300] {logging_mixin.py:188} INFO - [2024-09-17T06:31:21.323-0300] {dag.py:3089} INFO - Sync 1 DAGs
[2024-09-17T06:31:21.345-0300] {logging_mixin.py:188} INFO - [2024-09-17T06:31:21.344-0300] {dag.py:3947} INFO - Setting next_dagrun for example_python_decorator to None, run_after=None
[2024-09-17T06:31:21.377-0300] {processor.py:183} INFO - Processing /home/jezandre/airflow/airflow_env/lib/python3.11/site-packages/airflow/example_dags/example_python_decorator.py took 0.161 seconds
[2024-09-17T06:31:51.830-0300] {processor.py:161} INFO - Started process (PID=21999) to work on /home/jezandre/airflow/airflow_env/lib/python3.11/site-packages/airflow/example_dags/example_python_decorator.py
[2024-09-17T06:31:51.832-0300] {processor.py:830} INFO - Processing file /home/jezandre/airflow/airflow_env/lib/python3.11/site-packages/airflow/example_dags/example_python_decorator.py for tasks to queue
[2024-09-17T06:31:51.835-0300] {logging_mixin.py:188} INFO - [2024-09-17T06:31:51.834-0300] {dagbag.py:545} INFO - Filling up the DagBag from /home/jezandre/airflow/airflow_env/lib/python3.11/site-packages/airflow/example_dags/example_python_decorator.py
[2024-09-17T06:31:51.855-0300] {processor.py:840} INFO - DAG(s) 'example_python_decorator' retrieved from /home/jezandre/airflow/airflow_env/lib/python3.11/site-packages/airflow/example_dags/example_python_decorator.py
[2024-09-17T06:31:51.886-0300] {logging_mixin.py:188} INFO - [2024-09-17T06:31:51.885-0300] {dag.py:3089} INFO - Sync 1 DAGs
[2024-09-17T06:31:51.901-0300] {logging_mixin.py:188} INFO - [2024-09-17T06:31:51.901-0300] {dag.py:3947} INFO - Setting next_dagrun for example_python_decorator to None, run_after=None
[2024-09-17T06:31:51.933-0300] {processor.py:183} INFO - Processing /home/jezandre/airflow/airflow_env/lib/python3.11/site-packages/airflow/example_dags/example_python_decorator.py took 0.110 seconds
[2024-09-17T06:32:22.209-0300] {processor.py:161} INFO - Started process (PID=22481) to work on /home/jezandre/airflow/airflow_env/lib/python3.11/site-packages/airflow/example_dags/example_python_decorator.py
[2024-09-17T06:32:22.210-0300] {processor.py:830} INFO - Processing file /home/jezandre/airflow/airflow_env/lib/python3.11/site-packages/airflow/example_dags/example_python_decorator.py for tasks to queue
[2024-09-17T06:32:22.212-0300] {logging_mixin.py:188} INFO - [2024-09-17T06:32:22.212-0300] {dagbag.py:545} INFO - Filling up the DagBag from /home/jezandre/airflow/airflow_env/lib/python3.11/site-packages/airflow/example_dags/example_python_decorator.py
[2024-09-17T06:32:22.225-0300] {processor.py:840} INFO - DAG(s) 'example_python_decorator' retrieved from /home/jezandre/airflow/airflow_env/lib/python3.11/site-packages/airflow/example_dags/example_python_decorator.py
[2024-09-17T06:32:22.339-0300] {logging_mixin.py:188} INFO - [2024-09-17T06:32:22.338-0300] {dag.py:3089} INFO - Sync 1 DAGs
[2024-09-17T06:32:22.367-0300] {logging_mixin.py:188} INFO - [2024-09-17T06:32:22.366-0300] {dag.py:3947} INFO - Setting next_dagrun for example_python_decorator to None, run_after=None
[2024-09-17T06:32:22.409-0300] {processor.py:183} INFO - Processing /home/jezandre/airflow/airflow_env/lib/python3.11/site-packages/airflow/example_dags/example_python_decorator.py took 0.207 seconds
[2024-09-17T06:32:53.232-0300] {processor.py:161} INFO - Started process (PID=22846) to work on /home/jezandre/airflow/airflow_env/lib/python3.11/site-packages/airflow/example_dags/example_python_decorator.py
[2024-09-17T06:32:53.233-0300] {processor.py:830} INFO - Processing file /home/jezandre/airflow/airflow_env/lib/python3.11/site-packages/airflow/example_dags/example_python_decorator.py for tasks to queue
[2024-09-17T06:32:53.236-0300] {logging_mixin.py:188} INFO - [2024-09-17T06:32:53.235-0300] {dagbag.py:545} INFO - Filling up the DagBag from /home/jezandre/airflow/airflow_env/lib/python3.11/site-packages/airflow/example_dags/example_python_decorator.py
[2024-09-17T06:32:53.251-0300] {processor.py:840} INFO - DAG(s) 'example_python_decorator' retrieved from /home/jezandre/airflow/airflow_env/lib/python3.11/site-packages/airflow/example_dags/example_python_decorator.py
[2024-09-17T06:32:53.283-0300] {logging_mixin.py:188} INFO - [2024-09-17T06:32:53.283-0300] {dag.py:3089} INFO - Sync 1 DAGs
[2024-09-17T06:32:53.298-0300] {logging_mixin.py:188} INFO - [2024-09-17T06:32:53.297-0300] {dag.py:3947} INFO - Setting next_dagrun for example_python_decorator to None, run_after=None
[2024-09-17T06:32:53.326-0300] {processor.py:183} INFO - Processing /home/jezandre/airflow/airflow_env/lib/python3.11/site-packages/airflow/example_dags/example_python_decorator.py took 0.101 seconds
[2024-09-17T06:33:23.972-0300] {processor.py:161} INFO - Started process (PID=23078) to work on /home/jezandre/airflow/airflow_env/lib/python3.11/site-packages/airflow/example_dags/example_python_decorator.py
[2024-09-17T06:33:23.974-0300] {processor.py:830} INFO - Processing file /home/jezandre/airflow/airflow_env/lib/python3.11/site-packages/airflow/example_dags/example_python_decorator.py for tasks to queue
[2024-09-17T06:33:23.976-0300] {logging_mixin.py:188} INFO - [2024-09-17T06:33:23.975-0300] {dagbag.py:545} INFO - Filling up the DagBag from /home/jezandre/airflow/airflow_env/lib/python3.11/site-packages/airflow/example_dags/example_python_decorator.py
[2024-09-17T06:33:23.989-0300] {processor.py:840} INFO - DAG(s) 'example_python_decorator' retrieved from /home/jezandre/airflow/airflow_env/lib/python3.11/site-packages/airflow/example_dags/example_python_decorator.py
[2024-09-17T06:33:24.023-0300] {logging_mixin.py:188} INFO - [2024-09-17T06:33:24.023-0300] {dag.py:3089} INFO - Sync 1 DAGs
[2024-09-17T06:33:24.039-0300] {logging_mixin.py:188} INFO - [2024-09-17T06:33:24.039-0300] {dag.py:3947} INFO - Setting next_dagrun for example_python_decorator to None, run_after=None
[2024-09-17T06:33:24.068-0300] {processor.py:183} INFO - Processing /home/jezandre/airflow/airflow_env/lib/python3.11/site-packages/airflow/example_dags/example_python_decorator.py took 0.104 seconds
[2024-09-17T06:33:54.502-0300] {processor.py:161} INFO - Started process (PID=23359) to work on /home/jezandre/airflow/airflow_env/lib/python3.11/site-packages/airflow/example_dags/example_python_decorator.py
[2024-09-17T06:33:54.503-0300] {processor.py:830} INFO - Processing file /home/jezandre/airflow/airflow_env/lib/python3.11/site-packages/airflow/example_dags/example_python_decorator.py for tasks to queue
[2024-09-17T06:33:54.504-0300] {logging_mixin.py:188} INFO - [2024-09-17T06:33:54.504-0300] {dagbag.py:545} INFO - Filling up the DagBag from /home/jezandre/airflow/airflow_env/lib/python3.11/site-packages/airflow/example_dags/example_python_decorator.py
[2024-09-17T06:33:54.517-0300] {processor.py:840} INFO - DAG(s) 'example_python_decorator' retrieved from /home/jezandre/airflow/airflow_env/lib/python3.11/site-packages/airflow/example_dags/example_python_decorator.py
[2024-09-17T06:33:54.547-0300] {logging_mixin.py:188} INFO - [2024-09-17T06:33:54.546-0300] {dag.py:3089} INFO - Sync 1 DAGs
[2024-09-17T06:33:54.560-0300] {logging_mixin.py:188} INFO - [2024-09-17T06:33:54.560-0300] {dag.py:3947} INFO - Setting next_dagrun for example_python_decorator to None, run_after=None
[2024-09-17T06:33:54.589-0300] {processor.py:183} INFO - Processing /home/jezandre/airflow/airflow_env/lib/python3.11/site-packages/airflow/example_dags/example_python_decorator.py took 0.095 seconds
[2024-09-17T06:34:24.915-0300] {processor.py:161} INFO - Started process (PID=23608) to work on /home/jezandre/airflow/airflow_env/lib/python3.11/site-packages/airflow/example_dags/example_python_decorator.py
[2024-09-17T06:34:24.917-0300] {processor.py:830} INFO - Processing file /home/jezandre/airflow/airflow_env/lib/python3.11/site-packages/airflow/example_dags/example_python_decorator.py for tasks to queue
[2024-09-17T06:34:24.920-0300] {logging_mixin.py:188} INFO - [2024-09-17T06:34:24.919-0300] {dagbag.py:545} INFO - Filling up the DagBag from /home/jezandre/airflow/airflow_env/lib/python3.11/site-packages/airflow/example_dags/example_python_decorator.py
[2024-09-17T06:34:24.934-0300] {processor.py:840} INFO - DAG(s) 'example_python_decorator' retrieved from /home/jezandre/airflow/airflow_env/lib/python3.11/site-packages/airflow/example_dags/example_python_decorator.py
[2024-09-17T06:34:24.965-0300] {logging_mixin.py:188} INFO - [2024-09-17T06:34:24.965-0300] {dag.py:3089} INFO - Sync 1 DAGs
[2024-09-17T06:34:24.980-0300] {logging_mixin.py:188} INFO - [2024-09-17T06:34:24.980-0300] {dag.py:3947} INFO - Setting next_dagrun for example_python_decorator to None, run_after=None
[2024-09-17T06:34:25.009-0300] {processor.py:183} INFO - Processing /home/jezandre/airflow/airflow_env/lib/python3.11/site-packages/airflow/example_dags/example_python_decorator.py took 0.104 seconds
[2024-09-17T06:34:55.464-0300] {processor.py:161} INFO - Started process (PID=23939) to work on /home/jezandre/airflow/airflow_env/lib/python3.11/site-packages/airflow/example_dags/example_python_decorator.py
[2024-09-17T06:34:55.465-0300] {processor.py:830} INFO - Processing file /home/jezandre/airflow/airflow_env/lib/python3.11/site-packages/airflow/example_dags/example_python_decorator.py for tasks to queue
[2024-09-17T06:34:55.467-0300] {logging_mixin.py:188} INFO - [2024-09-17T06:34:55.467-0300] {dagbag.py:545} INFO - Filling up the DagBag from /home/jezandre/airflow/airflow_env/lib/python3.11/site-packages/airflow/example_dags/example_python_decorator.py
[2024-09-17T06:34:55.482-0300] {processor.py:840} INFO - DAG(s) 'example_python_decorator' retrieved from /home/jezandre/airflow/airflow_env/lib/python3.11/site-packages/airflow/example_dags/example_python_decorator.py
[2024-09-17T06:34:55.512-0300] {logging_mixin.py:188} INFO - [2024-09-17T06:34:55.511-0300] {dag.py:3089} INFO - Sync 1 DAGs
[2024-09-17T06:34:55.525-0300] {logging_mixin.py:188} INFO - [2024-09-17T06:34:55.525-0300] {dag.py:3947} INFO - Setting next_dagrun for example_python_decorator to None, run_after=None
[2024-09-17T06:34:55.553-0300] {processor.py:183} INFO - Processing /home/jezandre/airflow/airflow_env/lib/python3.11/site-packages/airflow/example_dags/example_python_decorator.py took 0.096 seconds
[2024-09-17T06:35:26.113-0300] {processor.py:161} INFO - Started process (PID=24185) to work on /home/jezandre/airflow/airflow_env/lib/python3.11/site-packages/airflow/example_dags/example_python_decorator.py
[2024-09-17T06:35:26.114-0300] {processor.py:830} INFO - Processing file /home/jezandre/airflow/airflow_env/lib/python3.11/site-packages/airflow/example_dags/example_python_decorator.py for tasks to queue
[2024-09-17T06:35:26.116-0300] {logging_mixin.py:188} INFO - [2024-09-17T06:35:26.116-0300] {dagbag.py:545} INFO - Filling up the DagBag from /home/jezandre/airflow/airflow_env/lib/python3.11/site-packages/airflow/example_dags/example_python_decorator.py
[2024-09-17T06:35:26.133-0300] {processor.py:840} INFO - DAG(s) 'example_python_decorator' retrieved from /home/jezandre/airflow/airflow_env/lib/python3.11/site-packages/airflow/example_dags/example_python_decorator.py
[2024-09-17T06:35:26.165-0300] {logging_mixin.py:188} INFO - [2024-09-17T06:35:26.165-0300] {dag.py:3089} INFO - Sync 1 DAGs
[2024-09-17T06:35:26.180-0300] {logging_mixin.py:188} INFO - [2024-09-17T06:35:26.180-0300] {dag.py:3947} INFO - Setting next_dagrun for example_python_decorator to None, run_after=None
[2024-09-17T06:35:26.211-0300] {processor.py:183} INFO - Processing /home/jezandre/airflow/airflow_env/lib/python3.11/site-packages/airflow/example_dags/example_python_decorator.py took 0.106 seconds
[2024-09-17T06:35:56.408-0300] {processor.py:161} INFO - Started process (PID=24519) to work on /home/jezandre/airflow/airflow_env/lib/python3.11/site-packages/airflow/example_dags/example_python_decorator.py
[2024-09-17T06:35:56.409-0300] {processor.py:830} INFO - Processing file /home/jezandre/airflow/airflow_env/lib/python3.11/site-packages/airflow/example_dags/example_python_decorator.py for tasks to queue
[2024-09-17T06:35:56.411-0300] {logging_mixin.py:188} INFO - [2024-09-17T06:35:56.410-0300] {dagbag.py:545} INFO - Filling up the DagBag from /home/jezandre/airflow/airflow_env/lib/python3.11/site-packages/airflow/example_dags/example_python_decorator.py
[2024-09-17T06:35:56.427-0300] {processor.py:840} INFO - DAG(s) 'example_python_decorator' retrieved from /home/jezandre/airflow/airflow_env/lib/python3.11/site-packages/airflow/example_dags/example_python_decorator.py
[2024-09-17T06:35:56.460-0300] {logging_mixin.py:188} INFO - [2024-09-17T06:35:56.460-0300] {dag.py:3089} INFO - Sync 1 DAGs
[2024-09-17T06:35:56.477-0300] {logging_mixin.py:188} INFO - [2024-09-17T06:35:56.476-0300] {dag.py:3947} INFO - Setting next_dagrun for example_python_decorator to None, run_after=None
[2024-09-17T06:35:56.504-0300] {processor.py:183} INFO - Processing /home/jezandre/airflow/airflow_env/lib/python3.11/site-packages/airflow/example_dags/example_python_decorator.py took 0.102 seconds
[2024-09-17T06:36:26.734-0300] {processor.py:161} INFO - Started process (PID=24734) to work on /home/jezandre/airflow/airflow_env/lib/python3.11/site-packages/airflow/example_dags/example_python_decorator.py
[2024-09-17T06:36:26.735-0300] {processor.py:830} INFO - Processing file /home/jezandre/airflow/airflow_env/lib/python3.11/site-packages/airflow/example_dags/example_python_decorator.py for tasks to queue
[2024-09-17T06:36:26.737-0300] {logging_mixin.py:188} INFO - [2024-09-17T06:36:26.737-0300] {dagbag.py:545} INFO - Filling up the DagBag from /home/jezandre/airflow/airflow_env/lib/python3.11/site-packages/airflow/example_dags/example_python_decorator.py
[2024-09-17T06:36:26.751-0300] {processor.py:840} INFO - DAG(s) 'example_python_decorator' retrieved from /home/jezandre/airflow/airflow_env/lib/python3.11/site-packages/airflow/example_dags/example_python_decorator.py
[2024-09-17T06:36:26.778-0300] {logging_mixin.py:188} INFO - [2024-09-17T06:36:26.777-0300] {dag.py:3089} INFO - Sync 1 DAGs
[2024-09-17T06:36:26.791-0300] {logging_mixin.py:188} INFO - [2024-09-17T06:36:26.791-0300] {dag.py:3947} INFO - Setting next_dagrun for example_python_decorator to None, run_after=None
[2024-09-17T06:36:26.819-0300] {processor.py:183} INFO - Processing /home/jezandre/airflow/airflow_env/lib/python3.11/site-packages/airflow/example_dags/example_python_decorator.py took 0.093 seconds
[2024-09-17T06:36:57.219-0300] {processor.py:161} INFO - Started process (PID=24963) to work on /home/jezandre/airflow/airflow_env/lib/python3.11/site-packages/airflow/example_dags/example_python_decorator.py
[2024-09-17T06:36:57.220-0300] {processor.py:830} INFO - Processing file /home/jezandre/airflow/airflow_env/lib/python3.11/site-packages/airflow/example_dags/example_python_decorator.py for tasks to queue
[2024-09-17T06:36:57.222-0300] {logging_mixin.py:188} INFO - [2024-09-17T06:36:57.221-0300] {dagbag.py:545} INFO - Filling up the DagBag from /home/jezandre/airflow/airflow_env/lib/python3.11/site-packages/airflow/example_dags/example_python_decorator.py
[2024-09-17T06:36:57.234-0300] {processor.py:840} INFO - DAG(s) 'example_python_decorator' retrieved from /home/jezandre/airflow/airflow_env/lib/python3.11/site-packages/airflow/example_dags/example_python_decorator.py
[2024-09-17T06:36:57.262-0300] {logging_mixin.py:188} INFO - [2024-09-17T06:36:57.262-0300] {dag.py:3089} INFO - Sync 1 DAGs
[2024-09-17T06:36:57.276-0300] {logging_mixin.py:188} INFO - [2024-09-17T06:36:57.276-0300] {dag.py:3947} INFO - Setting next_dagrun for example_python_decorator to None, run_after=None
[2024-09-17T06:36:57.305-0300] {processor.py:183} INFO - Processing /home/jezandre/airflow/airflow_env/lib/python3.11/site-packages/airflow/example_dags/example_python_decorator.py took 0.092 seconds
[2024-09-17T06:37:27.802-0300] {processor.py:161} INFO - Started process (PID=25172) to work on /home/jezandre/airflow/airflow_env/lib/python3.11/site-packages/airflow/example_dags/example_python_decorator.py
[2024-09-17T06:37:27.803-0300] {processor.py:830} INFO - Processing file /home/jezandre/airflow/airflow_env/lib/python3.11/site-packages/airflow/example_dags/example_python_decorator.py for tasks to queue
[2024-09-17T06:37:27.805-0300] {logging_mixin.py:188} INFO - [2024-09-17T06:37:27.805-0300] {dagbag.py:545} INFO - Filling up the DagBag from /home/jezandre/airflow/airflow_env/lib/python3.11/site-packages/airflow/example_dags/example_python_decorator.py
[2024-09-17T06:37:27.821-0300] {processor.py:840} INFO - DAG(s) 'example_python_decorator' retrieved from /home/jezandre/airflow/airflow_env/lib/python3.11/site-packages/airflow/example_dags/example_python_decorator.py
[2024-09-17T06:37:28.011-0300] {logging_mixin.py:188} INFO - [2024-09-17T06:37:28.011-0300] {dag.py:3089} INFO - Sync 1 DAGs
[2024-09-17T06:37:28.028-0300] {logging_mixin.py:188} INFO - [2024-09-17T06:37:28.027-0300] {dag.py:3947} INFO - Setting next_dagrun for example_python_decorator to None, run_after=None
[2024-09-17T06:37:28.081-0300] {processor.py:183} INFO - Processing /home/jezandre/airflow/airflow_env/lib/python3.11/site-packages/airflow/example_dags/example_python_decorator.py took 0.288 seconds
[2024-09-17T06:37:58.560-0300] {processor.py:161} INFO - Started process (PID=25390) to work on /home/jezandre/airflow/airflow_env/lib/python3.11/site-packages/airflow/example_dags/example_python_decorator.py
[2024-09-17T06:37:58.561-0300] {processor.py:830} INFO - Processing file /home/jezandre/airflow/airflow_env/lib/python3.11/site-packages/airflow/example_dags/example_python_decorator.py for tasks to queue
[2024-09-17T06:37:58.563-0300] {logging_mixin.py:188} INFO - [2024-09-17T06:37:58.563-0300] {dagbag.py:545} INFO - Filling up the DagBag from /home/jezandre/airflow/airflow_env/lib/python3.11/site-packages/airflow/example_dags/example_python_decorator.py
[2024-09-17T06:37:58.579-0300] {processor.py:840} INFO - DAG(s) 'example_python_decorator' retrieved from /home/jezandre/airflow/airflow_env/lib/python3.11/site-packages/airflow/example_dags/example_python_decorator.py
[2024-09-17T06:37:58.613-0300] {logging_mixin.py:188} INFO - [2024-09-17T06:37:58.612-0300] {dag.py:3089} INFO - Sync 1 DAGs
[2024-09-17T06:37:58.634-0300] {logging_mixin.py:188} INFO - [2024-09-17T06:37:58.634-0300] {dag.py:3947} INFO - Setting next_dagrun for example_python_decorator to None, run_after=None
[2024-09-17T06:37:58.668-0300] {processor.py:183} INFO - Processing /home/jezandre/airflow/airflow_env/lib/python3.11/site-packages/airflow/example_dags/example_python_decorator.py took 0.115 seconds
[2024-09-17T06:38:29.186-0300] {processor.py:161} INFO - Started process (PID=25724) to work on /home/jezandre/airflow/airflow_env/lib/python3.11/site-packages/airflow/example_dags/example_python_decorator.py
[2024-09-17T06:38:29.187-0300] {processor.py:830} INFO - Processing file /home/jezandre/airflow/airflow_env/lib/python3.11/site-packages/airflow/example_dags/example_python_decorator.py for tasks to queue
[2024-09-17T06:38:29.189-0300] {logging_mixin.py:188} INFO - [2024-09-17T06:38:29.189-0300] {dagbag.py:545} INFO - Filling up the DagBag from /home/jezandre/airflow/airflow_env/lib/python3.11/site-packages/airflow/example_dags/example_python_decorator.py
[2024-09-17T06:38:29.202-0300] {processor.py:840} INFO - DAG(s) 'example_python_decorator' retrieved from /home/jezandre/airflow/airflow_env/lib/python3.11/site-packages/airflow/example_dags/example_python_decorator.py
[2024-09-17T06:38:29.232-0300] {logging_mixin.py:188} INFO - [2024-09-17T06:38:29.231-0300] {dag.py:3089} INFO - Sync 1 DAGs
[2024-09-17T06:38:29.245-0300] {logging_mixin.py:188} INFO - [2024-09-17T06:38:29.245-0300] {dag.py:3947} INFO - Setting next_dagrun for example_python_decorator to None, run_after=None
[2024-09-17T06:38:29.273-0300] {processor.py:183} INFO - Processing /home/jezandre/airflow/airflow_env/lib/python3.11/site-packages/airflow/example_dags/example_python_decorator.py took 0.093 seconds
[2024-09-17T06:38:59.656-0300] {processor.py:161} INFO - Started process (PID=26038) to work on /home/jezandre/airflow/airflow_env/lib/python3.11/site-packages/airflow/example_dags/example_python_decorator.py
[2024-09-17T06:38:59.658-0300] {processor.py:830} INFO - Processing file /home/jezandre/airflow/airflow_env/lib/python3.11/site-packages/airflow/example_dags/example_python_decorator.py for tasks to queue
[2024-09-17T06:38:59.660-0300] {logging_mixin.py:188} INFO - [2024-09-17T06:38:59.660-0300] {dagbag.py:545} INFO - Filling up the DagBag from /home/jezandre/airflow/airflow_env/lib/python3.11/site-packages/airflow/example_dags/example_python_decorator.py
[2024-09-17T06:38:59.685-0300] {processor.py:840} INFO - DAG(s) 'example_python_decorator' retrieved from /home/jezandre/airflow/airflow_env/lib/python3.11/site-packages/airflow/example_dags/example_python_decorator.py
[2024-09-17T06:38:59.740-0300] {logging_mixin.py:188} INFO - [2024-09-17T06:38:59.739-0300] {dag.py:3089} INFO - Sync 1 DAGs
[2024-09-17T06:38:59.778-0300] {logging_mixin.py:188} INFO - [2024-09-17T06:38:59.777-0300] {dag.py:3947} INFO - Setting next_dagrun for example_python_decorator to None, run_after=None
[2024-09-17T06:38:59.830-0300] {processor.py:183} INFO - Processing /home/jezandre/airflow/airflow_env/lib/python3.11/site-packages/airflow/example_dags/example_python_decorator.py took 0.188 seconds
[2024-09-17T06:39:30.356-0300] {processor.py:161} INFO - Started process (PID=26279) to work on /home/jezandre/airflow/airflow_env/lib/python3.11/site-packages/airflow/example_dags/example_python_decorator.py
[2024-09-17T06:39:30.357-0300] {processor.py:830} INFO - Processing file /home/jezandre/airflow/airflow_env/lib/python3.11/site-packages/airflow/example_dags/example_python_decorator.py for tasks to queue
[2024-09-17T06:39:30.359-0300] {logging_mixin.py:188} INFO - [2024-09-17T06:39:30.359-0300] {dagbag.py:545} INFO - Filling up the DagBag from /home/jezandre/airflow/airflow_env/lib/python3.11/site-packages/airflow/example_dags/example_python_decorator.py
[2024-09-17T06:39:30.372-0300] {processor.py:840} INFO - DAG(s) 'example_python_decorator' retrieved from /home/jezandre/airflow/airflow_env/lib/python3.11/site-packages/airflow/example_dags/example_python_decorator.py
[2024-09-17T06:39:30.402-0300] {logging_mixin.py:188} INFO - [2024-09-17T06:39:30.402-0300] {dag.py:3089} INFO - Sync 1 DAGs
[2024-09-17T06:39:30.417-0300] {logging_mixin.py:188} INFO - [2024-09-17T06:39:30.417-0300] {dag.py:3947} INFO - Setting next_dagrun for example_python_decorator to None, run_after=None
[2024-09-17T06:39:30.447-0300] {processor.py:183} INFO - Processing /home/jezandre/airflow/airflow_env/lib/python3.11/site-packages/airflow/example_dags/example_python_decorator.py took 0.101 seconds
[2024-09-17T06:40:00.996-0300] {processor.py:161} INFO - Started process (PID=26545) to work on /home/jezandre/airflow/airflow_env/lib/python3.11/site-packages/airflow/example_dags/example_python_decorator.py
[2024-09-17T06:40:00.997-0300] {processor.py:830} INFO - Processing file /home/jezandre/airflow/airflow_env/lib/python3.11/site-packages/airflow/example_dags/example_python_decorator.py for tasks to queue
[2024-09-17T06:40:00.999-0300] {logging_mixin.py:188} INFO - [2024-09-17T06:40:00.999-0300] {dagbag.py:545} INFO - Filling up the DagBag from /home/jezandre/airflow/airflow_env/lib/python3.11/site-packages/airflow/example_dags/example_python_decorator.py
[2024-09-17T06:40:01.011-0300] {processor.py:840} INFO - DAG(s) 'example_python_decorator' retrieved from /home/jezandre/airflow/airflow_env/lib/python3.11/site-packages/airflow/example_dags/example_python_decorator.py
[2024-09-17T06:40:01.040-0300] {logging_mixin.py:188} INFO - [2024-09-17T06:40:01.040-0300] {dag.py:3089} INFO - Sync 1 DAGs
[2024-09-17T06:40:01.054-0300] {logging_mixin.py:188} INFO - [2024-09-17T06:40:01.054-0300] {dag.py:3947} INFO - Setting next_dagrun for example_python_decorator to None, run_after=None
[2024-09-17T06:40:01.081-0300] {processor.py:183} INFO - Processing /home/jezandre/airflow/airflow_env/lib/python3.11/site-packages/airflow/example_dags/example_python_decorator.py took 0.096 seconds
[2024-09-17T06:40:31.565-0300] {processor.py:161} INFO - Started process (PID=26895) to work on /home/jezandre/airflow/airflow_env/lib/python3.11/site-packages/airflow/example_dags/example_python_decorator.py
[2024-09-17T06:40:31.567-0300] {processor.py:830} INFO - Processing file /home/jezandre/airflow/airflow_env/lib/python3.11/site-packages/airflow/example_dags/example_python_decorator.py for tasks to queue
[2024-09-17T06:40:31.569-0300] {logging_mixin.py:188} INFO - [2024-09-17T06:40:31.568-0300] {dagbag.py:545} INFO - Filling up the DagBag from /home/jezandre/airflow/airflow_env/lib/python3.11/site-packages/airflow/example_dags/example_python_decorator.py
[2024-09-17T06:40:31.582-0300] {processor.py:840} INFO - DAG(s) 'example_python_decorator' retrieved from /home/jezandre/airflow/airflow_env/lib/python3.11/site-packages/airflow/example_dags/example_python_decorator.py
[2024-09-17T06:40:31.612-0300] {logging_mixin.py:188} INFO - [2024-09-17T06:40:31.611-0300] {dag.py:3089} INFO - Sync 1 DAGs
[2024-09-17T06:40:31.628-0300] {logging_mixin.py:188} INFO - [2024-09-17T06:40:31.628-0300] {dag.py:3947} INFO - Setting next_dagrun for example_python_decorator to None, run_after=None
[2024-09-17T06:40:31.656-0300] {processor.py:183} INFO - Processing /home/jezandre/airflow/airflow_env/lib/python3.11/site-packages/airflow/example_dags/example_python_decorator.py took 0.100 seconds
[2024-09-17T06:41:02.059-0300] {processor.py:161} INFO - Started process (PID=27261) to work on /home/jezandre/airflow/airflow_env/lib/python3.11/site-packages/airflow/example_dags/example_python_decorator.py
[2024-09-17T06:41:02.060-0300] {processor.py:830} INFO - Processing file /home/jezandre/airflow/airflow_env/lib/python3.11/site-packages/airflow/example_dags/example_python_decorator.py for tasks to queue
[2024-09-17T06:41:02.062-0300] {logging_mixin.py:188} INFO - [2024-09-17T06:41:02.062-0300] {dagbag.py:545} INFO - Filling up the DagBag from /home/jezandre/airflow/airflow_env/lib/python3.11/site-packages/airflow/example_dags/example_python_decorator.py
[2024-09-17T06:41:02.076-0300] {processor.py:840} INFO - DAG(s) 'example_python_decorator' retrieved from /home/jezandre/airflow/airflow_env/lib/python3.11/site-packages/airflow/example_dags/example_python_decorator.py
[2024-09-17T06:41:02.109-0300] {logging_mixin.py:188} INFO - [2024-09-17T06:41:02.108-0300] {dag.py:3089} INFO - Sync 1 DAGs
[2024-09-17T06:41:02.124-0300] {logging_mixin.py:188} INFO - [2024-09-17T06:41:02.124-0300] {dag.py:3947} INFO - Setting next_dagrun for example_python_decorator to None, run_after=None
[2024-09-17T06:41:02.152-0300] {processor.py:183} INFO - Processing /home/jezandre/airflow/airflow_env/lib/python3.11/site-packages/airflow/example_dags/example_python_decorator.py took 0.106 seconds
[2024-09-17T06:41:32.633-0300] {processor.py:161} INFO - Started process (PID=27594) to work on /home/jezandre/airflow/airflow_env/lib/python3.11/site-packages/airflow/example_dags/example_python_decorator.py
[2024-09-17T06:41:32.634-0300] {processor.py:830} INFO - Processing file /home/jezandre/airflow/airflow_env/lib/python3.11/site-packages/airflow/example_dags/example_python_decorator.py for tasks to queue
[2024-09-17T06:41:32.636-0300] {logging_mixin.py:188} INFO - [2024-09-17T06:41:32.635-0300] {dagbag.py:545} INFO - Filling up the DagBag from /home/jezandre/airflow/airflow_env/lib/python3.11/site-packages/airflow/example_dags/example_python_decorator.py
[2024-09-17T06:41:32.651-0300] {processor.py:840} INFO - DAG(s) 'example_python_decorator' retrieved from /home/jezandre/airflow/airflow_env/lib/python3.11/site-packages/airflow/example_dags/example_python_decorator.py
[2024-09-17T06:41:32.683-0300] {logging_mixin.py:188} INFO - [2024-09-17T06:41:32.682-0300] {dag.py:3089} INFO - Sync 1 DAGs
[2024-09-17T06:41:32.700-0300] {logging_mixin.py:188} INFO - [2024-09-17T06:41:32.699-0300] {dag.py:3947} INFO - Setting next_dagrun for example_python_decorator to None, run_after=None
[2024-09-17T06:41:32.734-0300] {processor.py:183} INFO - Processing /home/jezandre/airflow/airflow_env/lib/python3.11/site-packages/airflow/example_dags/example_python_decorator.py took 0.113 seconds
[2024-09-17T06:42:03.007-0300] {processor.py:161} INFO - Started process (PID=27840) to work on /home/jezandre/airflow/airflow_env/lib/python3.11/site-packages/airflow/example_dags/example_python_decorator.py
[2024-09-17T06:42:03.009-0300] {processor.py:830} INFO - Processing file /home/jezandre/airflow/airflow_env/lib/python3.11/site-packages/airflow/example_dags/example_python_decorator.py for tasks to queue
[2024-09-17T06:42:03.012-0300] {logging_mixin.py:188} INFO - [2024-09-17T06:42:03.012-0300] {dagbag.py:545} INFO - Filling up the DagBag from /home/jezandre/airflow/airflow_env/lib/python3.11/site-packages/airflow/example_dags/example_python_decorator.py
[2024-09-17T06:42:03.037-0300] {processor.py:840} INFO - DAG(s) 'example_python_decorator' retrieved from /home/jezandre/airflow/airflow_env/lib/python3.11/site-packages/airflow/example_dags/example_python_decorator.py
[2024-09-17T06:42:03.077-0300] {logging_mixin.py:188} INFO - [2024-09-17T06:42:03.077-0300] {dag.py:3089} INFO - Sync 1 DAGs
[2024-09-17T06:42:03.094-0300] {logging_mixin.py:188} INFO - [2024-09-17T06:42:03.094-0300] {dag.py:3947} INFO - Setting next_dagrun for example_python_decorator to None, run_after=None
[2024-09-17T06:42:03.124-0300] {processor.py:183} INFO - Processing /home/jezandre/airflow/airflow_env/lib/python3.11/site-packages/airflow/example_dags/example_python_decorator.py took 0.130 seconds
[2024-09-17T06:42:33.243-0300] {processor.py:161} INFO - Started process (PID=28041) to work on /home/jezandre/airflow/airflow_env/lib/python3.11/site-packages/airflow/example_dags/example_python_decorator.py
[2024-09-17T06:42:33.244-0300] {processor.py:830} INFO - Processing file /home/jezandre/airflow/airflow_env/lib/python3.11/site-packages/airflow/example_dags/example_python_decorator.py for tasks to queue
[2024-09-17T06:42:33.246-0300] {logging_mixin.py:188} INFO - [2024-09-17T06:42:33.246-0300] {dagbag.py:545} INFO - Filling up the DagBag from /home/jezandre/airflow/airflow_env/lib/python3.11/site-packages/airflow/example_dags/example_python_decorator.py
[2024-09-17T06:42:33.264-0300] {processor.py:840} INFO - DAG(s) 'example_python_decorator' retrieved from /home/jezandre/airflow/airflow_env/lib/python3.11/site-packages/airflow/example_dags/example_python_decorator.py
[2024-09-17T06:42:33.416-0300] {logging_mixin.py:188} INFO - [2024-09-17T06:42:33.416-0300] {dag.py:3089} INFO - Sync 1 DAGs
[2024-09-17T06:42:33.430-0300] {logging_mixin.py:188} INFO - [2024-09-17T06:42:33.429-0300] {dag.py:3947} INFO - Setting next_dagrun for example_python_decorator to None, run_after=None
[2024-09-17T06:42:33.469-0300] {processor.py:183} INFO - Processing /home/jezandre/airflow/airflow_env/lib/python3.11/site-packages/airflow/example_dags/example_python_decorator.py took 0.235 seconds
[2024-09-17T06:43:03.498-0300] {processor.py:161} INFO - Started process (PID=28800) to work on /home/jezandre/airflow/airflow_env/lib/python3.11/site-packages/airflow/example_dags/example_python_decorator.py
[2024-09-17T06:43:03.499-0300] {processor.py:830} INFO - Processing file /home/jezandre/airflow/airflow_env/lib/python3.11/site-packages/airflow/example_dags/example_python_decorator.py for tasks to queue
[2024-09-17T06:43:03.502-0300] {logging_mixin.py:188} INFO - [2024-09-17T06:43:03.502-0300] {dagbag.py:545} INFO - Filling up the DagBag from /home/jezandre/airflow/airflow_env/lib/python3.11/site-packages/airflow/example_dags/example_python_decorator.py
[2024-09-17T06:43:03.515-0300] {processor.py:840} INFO - DAG(s) 'example_python_decorator' retrieved from /home/jezandre/airflow/airflow_env/lib/python3.11/site-packages/airflow/example_dags/example_python_decorator.py
[2024-09-17T06:43:03.567-0300] {logging_mixin.py:188} INFO - [2024-09-17T06:43:03.567-0300] {dag.py:3089} INFO - Sync 1 DAGs
[2024-09-17T06:43:03.592-0300] {logging_mixin.py:188} INFO - [2024-09-17T06:43:03.592-0300] {dag.py:3947} INFO - Setting next_dagrun for example_python_decorator to None, run_after=None
[2024-09-17T06:43:03.622-0300] {processor.py:183} INFO - Processing /home/jezandre/airflow/airflow_env/lib/python3.11/site-packages/airflow/example_dags/example_python_decorator.py took 0.134 seconds
[2024-09-17T06:43:34.367-0300] {processor.py:161} INFO - Started process (PID=29094) to work on /home/jezandre/airflow/airflow_env/lib/python3.11/site-packages/airflow/example_dags/example_python_decorator.py
[2024-09-17T06:43:34.368-0300] {processor.py:830} INFO - Processing file /home/jezandre/airflow/airflow_env/lib/python3.11/site-packages/airflow/example_dags/example_python_decorator.py for tasks to queue
[2024-09-17T06:43:34.370-0300] {logging_mixin.py:188} INFO - [2024-09-17T06:43:34.369-0300] {dagbag.py:545} INFO - Filling up the DagBag from /home/jezandre/airflow/airflow_env/lib/python3.11/site-packages/airflow/example_dags/example_python_decorator.py
[2024-09-17T06:43:34.382-0300] {processor.py:840} INFO - DAG(s) 'example_python_decorator' retrieved from /home/jezandre/airflow/airflow_env/lib/python3.11/site-packages/airflow/example_dags/example_python_decorator.py
[2024-09-17T06:43:34.415-0300] {logging_mixin.py:188} INFO - [2024-09-17T06:43:34.415-0300] {dag.py:3089} INFO - Sync 1 DAGs
[2024-09-17T06:43:34.432-0300] {logging_mixin.py:188} INFO - [2024-09-17T06:43:34.432-0300] {dag.py:3947} INFO - Setting next_dagrun for example_python_decorator to None, run_after=None
[2024-09-17T06:43:34.459-0300] {processor.py:183} INFO - Processing /home/jezandre/airflow/airflow_env/lib/python3.11/site-packages/airflow/example_dags/example_python_decorator.py took 0.100 seconds
[2024-09-17T06:44:05.238-0300] {processor.py:161} INFO - Started process (PID=29328) to work on /home/jezandre/airflow/airflow_env/lib/python3.11/site-packages/airflow/example_dags/example_python_decorator.py
[2024-09-17T06:44:05.240-0300] {processor.py:830} INFO - Processing file /home/jezandre/airflow/airflow_env/lib/python3.11/site-packages/airflow/example_dags/example_python_decorator.py for tasks to queue
[2024-09-17T06:44:05.242-0300] {logging_mixin.py:188} INFO - [2024-09-17T06:44:05.242-0300] {dagbag.py:545} INFO - Filling up the DagBag from /home/jezandre/airflow/airflow_env/lib/python3.11/site-packages/airflow/example_dags/example_python_decorator.py
[2024-09-17T06:44:05.267-0300] {processor.py:840} INFO - DAG(s) 'example_python_decorator' retrieved from /home/jezandre/airflow/airflow_env/lib/python3.11/site-packages/airflow/example_dags/example_python_decorator.py
[2024-09-17T06:44:05.314-0300] {logging_mixin.py:188} INFO - [2024-09-17T06:44:05.314-0300] {dag.py:3089} INFO - Sync 1 DAGs
[2024-09-17T06:44:05.330-0300] {logging_mixin.py:188} INFO - [2024-09-17T06:44:05.330-0300] {dag.py:3947} INFO - Setting next_dagrun for example_python_decorator to None, run_after=None
[2024-09-17T06:44:05.363-0300] {processor.py:183} INFO - Processing /home/jezandre/airflow/airflow_env/lib/python3.11/site-packages/airflow/example_dags/example_python_decorator.py took 0.138 seconds
[2024-09-17T06:44:35.731-0300] {processor.py:161} INFO - Started process (PID=29515) to work on /home/jezandre/airflow/airflow_env/lib/python3.11/site-packages/airflow/example_dags/example_python_decorator.py
[2024-09-17T06:44:35.732-0300] {processor.py:830} INFO - Processing file /home/jezandre/airflow/airflow_env/lib/python3.11/site-packages/airflow/example_dags/example_python_decorator.py for tasks to queue
[2024-09-17T06:44:35.734-0300] {logging_mixin.py:188} INFO - [2024-09-17T06:44:35.733-0300] {dagbag.py:545} INFO - Filling up the DagBag from /home/jezandre/airflow/airflow_env/lib/python3.11/site-packages/airflow/example_dags/example_python_decorator.py
[2024-09-17T06:44:35.751-0300] {processor.py:840} INFO - DAG(s) 'example_python_decorator' retrieved from /home/jezandre/airflow/airflow_env/lib/python3.11/site-packages/airflow/example_dags/example_python_decorator.py
[2024-09-17T06:44:35.785-0300] {logging_mixin.py:188} INFO - [2024-09-17T06:44:35.785-0300] {dag.py:3089} INFO - Sync 1 DAGs
[2024-09-17T06:44:35.801-0300] {logging_mixin.py:188} INFO - [2024-09-17T06:44:35.800-0300] {dag.py:3947} INFO - Setting next_dagrun for example_python_decorator to None, run_after=None
[2024-09-17T06:44:35.833-0300] {processor.py:183} INFO - Processing /home/jezandre/airflow/airflow_env/lib/python3.11/site-packages/airflow/example_dags/example_python_decorator.py took 0.110 seconds
[2024-09-17T06:45:06.624-0300] {processor.py:161} INFO - Started process (PID=29846) to work on /home/jezandre/airflow/airflow_env/lib/python3.11/site-packages/airflow/example_dags/example_python_decorator.py
[2024-09-17T06:45:06.626-0300] {processor.py:830} INFO - Processing file /home/jezandre/airflow/airflow_env/lib/python3.11/site-packages/airflow/example_dags/example_python_decorator.py for tasks to queue
[2024-09-17T06:45:06.628-0300] {logging_mixin.py:188} INFO - [2024-09-17T06:45:06.627-0300] {dagbag.py:545} INFO - Filling up the DagBag from /home/jezandre/airflow/airflow_env/lib/python3.11/site-packages/airflow/example_dags/example_python_decorator.py
[2024-09-17T06:45:06.644-0300] {processor.py:840} INFO - DAG(s) 'example_python_decorator' retrieved from /home/jezandre/airflow/airflow_env/lib/python3.11/site-packages/airflow/example_dags/example_python_decorator.py
[2024-09-17T06:45:06.678-0300] {logging_mixin.py:188} INFO - [2024-09-17T06:45:06.678-0300] {dag.py:3089} INFO - Sync 1 DAGs
[2024-09-17T06:45:06.698-0300] {logging_mixin.py:188} INFO - [2024-09-17T06:45:06.698-0300] {dag.py:3947} INFO - Setting next_dagrun for example_python_decorator to None, run_after=None
[2024-09-17T06:45:06.735-0300] {processor.py:183} INFO - Processing /home/jezandre/airflow/airflow_env/lib/python3.11/site-packages/airflow/example_dags/example_python_decorator.py took 0.127 seconds
[2024-09-17T06:45:36.932-0300] {processor.py:161} INFO - Started process (PID=30144) to work on /home/jezandre/airflow/airflow_env/lib/python3.11/site-packages/airflow/example_dags/example_python_decorator.py
[2024-09-17T06:45:36.933-0300] {processor.py:830} INFO - Processing file /home/jezandre/airflow/airflow_env/lib/python3.11/site-packages/airflow/example_dags/example_python_decorator.py for tasks to queue
[2024-09-17T06:45:36.935-0300] {logging_mixin.py:188} INFO - [2024-09-17T06:45:36.934-0300] {dagbag.py:545} INFO - Filling up the DagBag from /home/jezandre/airflow/airflow_env/lib/python3.11/site-packages/airflow/example_dags/example_python_decorator.py
[2024-09-17T06:45:36.946-0300] {processor.py:840} INFO - DAG(s) 'example_python_decorator' retrieved from /home/jezandre/airflow/airflow_env/lib/python3.11/site-packages/airflow/example_dags/example_python_decorator.py
[2024-09-17T06:45:36.977-0300] {logging_mixin.py:188} INFO - [2024-09-17T06:45:36.976-0300] {dag.py:3089} INFO - Sync 1 DAGs
[2024-09-17T06:45:36.992-0300] {logging_mixin.py:188} INFO - [2024-09-17T06:45:36.992-0300] {dag.py:3947} INFO - Setting next_dagrun for example_python_decorator to None, run_after=None
[2024-09-17T06:45:37.016-0300] {processor.py:183} INFO - Processing /home/jezandre/airflow/airflow_env/lib/python3.11/site-packages/airflow/example_dags/example_python_decorator.py took 0.092 seconds
[2024-09-17T06:46:07.943-0300] {processor.py:161} INFO - Started process (PID=30481) to work on /home/jezandre/airflow/airflow_env/lib/python3.11/site-packages/airflow/example_dags/example_python_decorator.py
[2024-09-17T06:46:07.944-0300] {processor.py:830} INFO - Processing file /home/jezandre/airflow/airflow_env/lib/python3.11/site-packages/airflow/example_dags/example_python_decorator.py for tasks to queue
[2024-09-17T06:46:07.945-0300] {logging_mixin.py:188} INFO - [2024-09-17T06:46:07.945-0300] {dagbag.py:545} INFO - Filling up the DagBag from /home/jezandre/airflow/airflow_env/lib/python3.11/site-packages/airflow/example_dags/example_python_decorator.py
[2024-09-17T06:46:07.957-0300] {processor.py:840} INFO - DAG(s) 'example_python_decorator' retrieved from /home/jezandre/airflow/airflow_env/lib/python3.11/site-packages/airflow/example_dags/example_python_decorator.py
[2024-09-17T06:46:07.988-0300] {logging_mixin.py:188} INFO - [2024-09-17T06:46:07.987-0300] {dag.py:3089} INFO - Sync 1 DAGs
[2024-09-17T06:46:08.005-0300] {logging_mixin.py:188} INFO - [2024-09-17T06:46:08.004-0300] {dag.py:3947} INFO - Setting next_dagrun for example_python_decorator to None, run_after=None
[2024-09-17T06:46:08.028-0300] {processor.py:183} INFO - Processing /home/jezandre/airflow/airflow_env/lib/python3.11/site-packages/airflow/example_dags/example_python_decorator.py took 0.093 seconds
[2024-09-17T06:46:38.892-0300] {processor.py:161} INFO - Started process (PID=30783) to work on /home/jezandre/airflow/airflow_env/lib/python3.11/site-packages/airflow/example_dags/example_python_decorator.py
[2024-09-17T06:46:38.894-0300] {processor.py:830} INFO - Processing file /home/jezandre/airflow/airflow_env/lib/python3.11/site-packages/airflow/example_dags/example_python_decorator.py for tasks to queue
[2024-09-17T06:46:38.897-0300] {logging_mixin.py:188} INFO - [2024-09-17T06:46:38.896-0300] {dagbag.py:545} INFO - Filling up the DagBag from /home/jezandre/airflow/airflow_env/lib/python3.11/site-packages/airflow/example_dags/example_python_decorator.py
[2024-09-17T06:46:38.920-0300] {processor.py:840} INFO - DAG(s) 'example_python_decorator' retrieved from /home/jezandre/airflow/airflow_env/lib/python3.11/site-packages/airflow/example_dags/example_python_decorator.py
[2024-09-17T06:46:38.956-0300] {logging_mixin.py:188} INFO - [2024-09-17T06:46:38.956-0300] {dag.py:3089} INFO - Sync 1 DAGs
[2024-09-17T06:46:38.979-0300] {logging_mixin.py:188} INFO - [2024-09-17T06:46:38.978-0300] {dag.py:3947} INFO - Setting next_dagrun for example_python_decorator to None, run_after=None
[2024-09-17T06:46:39.006-0300] {processor.py:183} INFO - Processing /home/jezandre/airflow/airflow_env/lib/python3.11/site-packages/airflow/example_dags/example_python_decorator.py took 0.127 seconds
[2024-09-17T06:47:09.445-0300] {processor.py:161} INFO - Started process (PID=31080) to work on /home/jezandre/airflow/airflow_env/lib/python3.11/site-packages/airflow/example_dags/example_python_decorator.py
[2024-09-17T06:47:09.445-0300] {processor.py:830} INFO - Processing file /home/jezandre/airflow/airflow_env/lib/python3.11/site-packages/airflow/example_dags/example_python_decorator.py for tasks to queue
[2024-09-17T06:47:09.447-0300] {logging_mixin.py:188} INFO - [2024-09-17T06:47:09.447-0300] {dagbag.py:545} INFO - Filling up the DagBag from /home/jezandre/airflow/airflow_env/lib/python3.11/site-packages/airflow/example_dags/example_python_decorator.py
[2024-09-17T06:47:09.464-0300] {processor.py:840} INFO - DAG(s) 'example_python_decorator' retrieved from /home/jezandre/airflow/airflow_env/lib/python3.11/site-packages/airflow/example_dags/example_python_decorator.py
[2024-09-17T06:47:09.599-0300] {logging_mixin.py:188} INFO - [2024-09-17T06:47:09.598-0300] {dag.py:3089} INFO - Sync 1 DAGs
[2024-09-17T06:47:09.612-0300] {logging_mixin.py:188} INFO - [2024-09-17T06:47:09.611-0300] {dag.py:3947} INFO - Setting next_dagrun for example_python_decorator to None, run_after=None
[2024-09-17T06:47:09.668-0300] {processor.py:183} INFO - Processing /home/jezandre/airflow/airflow_env/lib/python3.11/site-packages/airflow/example_dags/example_python_decorator.py took 0.231 seconds
[2024-09-17T06:47:40.044-0300] {processor.py:161} INFO - Started process (PID=31309) to work on /home/jezandre/airflow/airflow_env/lib/python3.11/site-packages/airflow/example_dags/example_python_decorator.py
[2024-09-17T06:47:40.045-0300] {processor.py:830} INFO - Processing file /home/jezandre/airflow/airflow_env/lib/python3.11/site-packages/airflow/example_dags/example_python_decorator.py for tasks to queue
[2024-09-17T06:47:40.047-0300] {logging_mixin.py:188} INFO - [2024-09-17T06:47:40.047-0300] {dagbag.py:545} INFO - Filling up the DagBag from /home/jezandre/airflow/airflow_env/lib/python3.11/site-packages/airflow/example_dags/example_python_decorator.py
[2024-09-17T06:47:40.067-0300] {processor.py:840} INFO - DAG(s) 'example_python_decorator' retrieved from /home/jezandre/airflow/airflow_env/lib/python3.11/site-packages/airflow/example_dags/example_python_decorator.py
[2024-09-17T06:47:40.111-0300] {logging_mixin.py:188} INFO - [2024-09-17T06:47:40.110-0300] {dag.py:3089} INFO - Sync 1 DAGs
[2024-09-17T06:47:40.135-0300] {logging_mixin.py:188} INFO - [2024-09-17T06:47:40.135-0300] {dag.py:3947} INFO - Setting next_dagrun for example_python_decorator to None, run_after=None
[2024-09-17T06:47:40.174-0300] {processor.py:183} INFO - Processing /home/jezandre/airflow/airflow_env/lib/python3.11/site-packages/airflow/example_dags/example_python_decorator.py took 0.139 seconds
[2024-09-17T06:48:10.552-0300] {processor.py:161} INFO - Started process (PID=31563) to work on /home/jezandre/airflow/airflow_env/lib/python3.11/site-packages/airflow/example_dags/example_python_decorator.py
[2024-09-17T06:48:10.553-0300] {processor.py:830} INFO - Processing file /home/jezandre/airflow/airflow_env/lib/python3.11/site-packages/airflow/example_dags/example_python_decorator.py for tasks to queue
[2024-09-17T06:48:10.555-0300] {logging_mixin.py:188} INFO - [2024-09-17T06:48:10.555-0300] {dagbag.py:545} INFO - Filling up the DagBag from /home/jezandre/airflow/airflow_env/lib/python3.11/site-packages/airflow/example_dags/example_python_decorator.py
[2024-09-17T06:48:10.568-0300] {processor.py:840} INFO - DAG(s) 'example_python_decorator' retrieved from /home/jezandre/airflow/airflow_env/lib/python3.11/site-packages/airflow/example_dags/example_python_decorator.py
[2024-09-17T06:48:10.600-0300] {logging_mixin.py:188} INFO - [2024-09-17T06:48:10.600-0300] {dag.py:3089} INFO - Sync 1 DAGs
[2024-09-17T06:48:10.620-0300] {logging_mixin.py:188} INFO - [2024-09-17T06:48:10.619-0300] {dag.py:3947} INFO - Setting next_dagrun for example_python_decorator to None, run_after=None
[2024-09-17T06:48:10.648-0300] {processor.py:183} INFO - Processing /home/jezandre/airflow/airflow_env/lib/python3.11/site-packages/airflow/example_dags/example_python_decorator.py took 0.107 seconds
[2024-09-17T06:48:41.314-0300] {processor.py:161} INFO - Started process (PID=31831) to work on /home/jezandre/airflow/airflow_env/lib/python3.11/site-packages/airflow/example_dags/example_python_decorator.py
[2024-09-17T06:48:41.316-0300] {processor.py:830} INFO - Processing file /home/jezandre/airflow/airflow_env/lib/python3.11/site-packages/airflow/example_dags/example_python_decorator.py for tasks to queue
[2024-09-17T06:48:41.319-0300] {logging_mixin.py:188} INFO - [2024-09-17T06:48:41.318-0300] {dagbag.py:545} INFO - Filling up the DagBag from /home/jezandre/airflow/airflow_env/lib/python3.11/site-packages/airflow/example_dags/example_python_decorator.py
[2024-09-17T06:48:41.339-0300] {processor.py:840} INFO - DAG(s) 'example_python_decorator' retrieved from /home/jezandre/airflow/airflow_env/lib/python3.11/site-packages/airflow/example_dags/example_python_decorator.py
[2024-09-17T06:48:41.379-0300] {logging_mixin.py:188} INFO - [2024-09-17T06:48:41.378-0300] {dag.py:3089} INFO - Sync 1 DAGs
[2024-09-17T06:48:41.401-0300] {logging_mixin.py:188} INFO - [2024-09-17T06:48:41.401-0300] {dag.py:3947} INFO - Setting next_dagrun for example_python_decorator to None, run_after=None
[2024-09-17T06:48:41.436-0300] {processor.py:183} INFO - Processing /home/jezandre/airflow/airflow_env/lib/python3.11/site-packages/airflow/example_dags/example_python_decorator.py took 0.137 seconds
[2024-09-17T06:49:12.272-0300] {processor.py:161} INFO - Started process (PID=32039) to work on /home/jezandre/airflow/airflow_env/lib/python3.11/site-packages/airflow/example_dags/example_python_decorator.py
[2024-09-17T06:49:12.274-0300] {processor.py:830} INFO - Processing file /home/jezandre/airflow/airflow_env/lib/python3.11/site-packages/airflow/example_dags/example_python_decorator.py for tasks to queue
[2024-09-17T06:49:12.277-0300] {logging_mixin.py:188} INFO - [2024-09-17T06:49:12.276-0300] {dagbag.py:545} INFO - Filling up the DagBag from /home/jezandre/airflow/airflow_env/lib/python3.11/site-packages/airflow/example_dags/example_python_decorator.py
[2024-09-17T06:49:12.292-0300] {processor.py:840} INFO - DAG(s) 'example_python_decorator' retrieved from /home/jezandre/airflow/airflow_env/lib/python3.11/site-packages/airflow/example_dags/example_python_decorator.py
[2024-09-17T06:49:12.325-0300] {logging_mixin.py:188} INFO - [2024-09-17T06:49:12.324-0300] {dag.py:3089} INFO - Sync 1 DAGs
[2024-09-17T06:49:12.340-0300] {logging_mixin.py:188} INFO - [2024-09-17T06:49:12.340-0300] {dag.py:3947} INFO - Setting next_dagrun for example_python_decorator to None, run_after=None
[2024-09-17T06:49:12.364-0300] {processor.py:183} INFO - Processing /home/jezandre/airflow/airflow_env/lib/python3.11/site-packages/airflow/example_dags/example_python_decorator.py took 0.108 seconds
[2024-09-17T06:49:43.141-0300] {processor.py:161} INFO - Started process (PID=32351) to work on /home/jezandre/airflow/airflow_env/lib/python3.11/site-packages/airflow/example_dags/example_python_decorator.py
[2024-09-17T06:49:43.142-0300] {processor.py:830} INFO - Processing file /home/jezandre/airflow/airflow_env/lib/python3.11/site-packages/airflow/example_dags/example_python_decorator.py for tasks to queue
[2024-09-17T06:49:43.145-0300] {logging_mixin.py:188} INFO - [2024-09-17T06:49:43.144-0300] {dagbag.py:545} INFO - Filling up the DagBag from /home/jezandre/airflow/airflow_env/lib/python3.11/site-packages/airflow/example_dags/example_python_decorator.py
[2024-09-17T06:49:43.161-0300] {processor.py:840} INFO - DAG(s) 'example_python_decorator' retrieved from /home/jezandre/airflow/airflow_env/lib/python3.11/site-packages/airflow/example_dags/example_python_decorator.py
[2024-09-17T06:49:43.195-0300] {logging_mixin.py:188} INFO - [2024-09-17T06:49:43.194-0300] {dag.py:3089} INFO - Sync 1 DAGs
[2024-09-17T06:49:43.224-0300] {logging_mixin.py:188} INFO - [2024-09-17T06:49:43.223-0300] {dag.py:3947} INFO - Setting next_dagrun for example_python_decorator to None, run_after=None
[2024-09-17T06:49:43.255-0300] {processor.py:183} INFO - Processing /home/jezandre/airflow/airflow_env/lib/python3.11/site-packages/airflow/example_dags/example_python_decorator.py took 0.122 seconds
[2024-09-17T06:50:13.857-0300] {processor.py:161} INFO - Started process (PID=32604) to work on /home/jezandre/airflow/airflow_env/lib/python3.11/site-packages/airflow/example_dags/example_python_decorator.py
[2024-09-17T06:50:13.858-0300] {processor.py:830} INFO - Processing file /home/jezandre/airflow/airflow_env/lib/python3.11/site-packages/airflow/example_dags/example_python_decorator.py for tasks to queue
[2024-09-17T06:50:13.860-0300] {logging_mixin.py:188} INFO - [2024-09-17T06:50:13.859-0300] {dagbag.py:545} INFO - Filling up the DagBag from /home/jezandre/airflow/airflow_env/lib/python3.11/site-packages/airflow/example_dags/example_python_decorator.py
[2024-09-17T06:50:13.873-0300] {processor.py:840} INFO - DAG(s) 'example_python_decorator' retrieved from /home/jezandre/airflow/airflow_env/lib/python3.11/site-packages/airflow/example_dags/example_python_decorator.py
[2024-09-17T06:50:13.905-0300] {logging_mixin.py:188} INFO - [2024-09-17T06:50:13.905-0300] {dag.py:3089} INFO - Sync 1 DAGs
[2024-09-17T06:50:13.921-0300] {logging_mixin.py:188} INFO - [2024-09-17T06:50:13.920-0300] {dag.py:3947} INFO - Setting next_dagrun for example_python_decorator to None, run_after=None
[2024-09-17T06:50:13.951-0300] {processor.py:183} INFO - Processing /home/jezandre/airflow/airflow_env/lib/python3.11/site-packages/airflow/example_dags/example_python_decorator.py took 0.104 seconds
[2024-09-17T06:50:44.563-0300] {processor.py:161} INFO - Started process (PID=32876) to work on /home/jezandre/airflow/airflow_env/lib/python3.11/site-packages/airflow/example_dags/example_python_decorator.py
[2024-09-17T06:50:44.564-0300] {processor.py:830} INFO - Processing file /home/jezandre/airflow/airflow_env/lib/python3.11/site-packages/airflow/example_dags/example_python_decorator.py for tasks to queue
[2024-09-17T06:50:44.565-0300] {logging_mixin.py:188} INFO - [2024-09-17T06:50:44.565-0300] {dagbag.py:545} INFO - Filling up the DagBag from /home/jezandre/airflow/airflow_env/lib/python3.11/site-packages/airflow/example_dags/example_python_decorator.py
[2024-09-17T06:50:44.577-0300] {processor.py:840} INFO - DAG(s) 'example_python_decorator' retrieved from /home/jezandre/airflow/airflow_env/lib/python3.11/site-packages/airflow/example_dags/example_python_decorator.py
[2024-09-17T06:50:44.611-0300] {logging_mixin.py:188} INFO - [2024-09-17T06:50:44.610-0300] {dag.py:3089} INFO - Sync 1 DAGs
[2024-09-17T06:50:44.626-0300] {logging_mixin.py:188} INFO - [2024-09-17T06:50:44.626-0300] {dag.py:3947} INFO - Setting next_dagrun for example_python_decorator to None, run_after=None
[2024-09-17T06:50:44.650-0300] {processor.py:183} INFO - Processing /home/jezandre/airflow/airflow_env/lib/python3.11/site-packages/airflow/example_dags/example_python_decorator.py took 0.097 seconds
[2024-09-17T06:51:14.973-0300] {processor.py:161} INFO - Started process (PID=33102) to work on /home/jezandre/airflow/airflow_env/lib/python3.11/site-packages/airflow/example_dags/example_python_decorator.py
[2024-09-17T06:51:14.975-0300] {processor.py:830} INFO - Processing file /home/jezandre/airflow/airflow_env/lib/python3.11/site-packages/airflow/example_dags/example_python_decorator.py for tasks to queue
[2024-09-17T06:51:14.977-0300] {logging_mixin.py:188} INFO - [2024-09-17T06:51:14.976-0300] {dagbag.py:545} INFO - Filling up the DagBag from /home/jezandre/airflow/airflow_env/lib/python3.11/site-packages/airflow/example_dags/example_python_decorator.py
[2024-09-17T06:51:14.990-0300] {processor.py:840} INFO - DAG(s) 'example_python_decorator' retrieved from /home/jezandre/airflow/airflow_env/lib/python3.11/site-packages/airflow/example_dags/example_python_decorator.py
[2024-09-17T06:51:15.020-0300] {logging_mixin.py:188} INFO - [2024-09-17T06:51:15.020-0300] {dag.py:3089} INFO - Sync 1 DAGs
[2024-09-17T06:51:15.034-0300] {logging_mixin.py:188} INFO - [2024-09-17T06:51:15.034-0300] {dag.py:3947} INFO - Setting next_dagrun for example_python_decorator to None, run_after=None
[2024-09-17T06:51:15.056-0300] {processor.py:183} INFO - Processing /home/jezandre/airflow/airflow_env/lib/python3.11/site-packages/airflow/example_dags/example_python_decorator.py took 0.091 seconds
[2024-09-17T06:51:45.123-0300] {processor.py:161} INFO - Started process (PID=33649) to work on /home/jezandre/airflow/airflow_env/lib/python3.11/site-packages/airflow/example_dags/example_python_decorator.py
[2024-09-17T06:51:45.124-0300] {processor.py:830} INFO - Processing file /home/jezandre/airflow/airflow_env/lib/python3.11/site-packages/airflow/example_dags/example_python_decorator.py for tasks to queue
[2024-09-17T06:51:45.125-0300] {logging_mixin.py:188} INFO - [2024-09-17T06:51:45.125-0300] {dagbag.py:545} INFO - Filling up the DagBag from /home/jezandre/airflow/airflow_env/lib/python3.11/site-packages/airflow/example_dags/example_python_decorator.py
[2024-09-17T06:51:45.138-0300] {processor.py:840} INFO - DAG(s) 'example_python_decorator' retrieved from /home/jezandre/airflow/airflow_env/lib/python3.11/site-packages/airflow/example_dags/example_python_decorator.py
[2024-09-17T06:51:45.171-0300] {logging_mixin.py:188} INFO - [2024-09-17T06:51:45.171-0300] {dag.py:3089} INFO - Sync 1 DAGs
[2024-09-17T06:51:45.188-0300] {logging_mixin.py:188} INFO - [2024-09-17T06:51:45.188-0300] {dag.py:3947} INFO - Setting next_dagrun for example_python_decorator to None, run_after=None
[2024-09-17T06:51:45.219-0300] {processor.py:183} INFO - Processing /home/jezandre/airflow/airflow_env/lib/python3.11/site-packages/airflow/example_dags/example_python_decorator.py took 0.106 seconds
[2024-09-17T06:52:15.583-0300] {processor.py:161} INFO - Started process (PID=34054) to work on /home/jezandre/airflow/airflow_env/lib/python3.11/site-packages/airflow/example_dags/example_python_decorator.py
[2024-09-17T06:52:15.585-0300] {processor.py:830} INFO - Processing file /home/jezandre/airflow/airflow_env/lib/python3.11/site-packages/airflow/example_dags/example_python_decorator.py for tasks to queue
[2024-09-17T06:52:15.588-0300] {logging_mixin.py:188} INFO - [2024-09-17T06:52:15.587-0300] {dagbag.py:545} INFO - Filling up the DagBag from /home/jezandre/airflow/airflow_env/lib/python3.11/site-packages/airflow/example_dags/example_python_decorator.py
[2024-09-17T06:52:15.611-0300] {processor.py:840} INFO - DAG(s) 'example_python_decorator' retrieved from /home/jezandre/airflow/airflow_env/lib/python3.11/site-packages/airflow/example_dags/example_python_decorator.py
[2024-09-17T06:52:15.773-0300] {logging_mixin.py:188} INFO - [2024-09-17T06:52:15.773-0300] {dag.py:3089} INFO - Sync 1 DAGs
[2024-09-17T06:52:15.792-0300] {logging_mixin.py:188} INFO - [2024-09-17T06:52:15.792-0300] {dag.py:3947} INFO - Setting next_dagrun for example_python_decorator to None, run_after=None
[2024-09-17T06:52:15.829-0300] {processor.py:183} INFO - Processing /home/jezandre/airflow/airflow_env/lib/python3.11/site-packages/airflow/example_dags/example_python_decorator.py took 0.258 seconds
[2024-09-17T06:52:46.012-0300] {processor.py:161} INFO - Started process (PID=34556) to work on /home/jezandre/airflow/airflow_env/lib/python3.11/site-packages/airflow/example_dags/example_python_decorator.py
[2024-09-17T06:52:46.014-0300] {processor.py:830} INFO - Processing file /home/jezandre/airflow/airflow_env/lib/python3.11/site-packages/airflow/example_dags/example_python_decorator.py for tasks to queue
[2024-09-17T06:52:46.017-0300] {logging_mixin.py:188} INFO - [2024-09-17T06:52:46.016-0300] {dagbag.py:545} INFO - Filling up the DagBag from /home/jezandre/airflow/airflow_env/lib/python3.11/site-packages/airflow/example_dags/example_python_decorator.py
[2024-09-17T06:52:46.043-0300] {processor.py:840} INFO - DAG(s) 'example_python_decorator' retrieved from /home/jezandre/airflow/airflow_env/lib/python3.11/site-packages/airflow/example_dags/example_python_decorator.py
[2024-09-17T06:52:46.095-0300] {logging_mixin.py:188} INFO - [2024-09-17T06:52:46.094-0300] {dag.py:3089} INFO - Sync 1 DAGs
[2024-09-17T06:52:46.125-0300] {logging_mixin.py:188} INFO - [2024-09-17T06:52:46.125-0300] {dag.py:3947} INFO - Setting next_dagrun for example_python_decorator to None, run_after=None
[2024-09-17T06:52:46.168-0300] {processor.py:183} INFO - Processing /home/jezandre/airflow/airflow_env/lib/python3.11/site-packages/airflow/example_dags/example_python_decorator.py took 0.169 seconds
[2024-09-17T06:53:16.822-0300] {processor.py:161} INFO - Started process (PID=34807) to work on /home/jezandre/airflow/airflow_env/lib/python3.11/site-packages/airflow/example_dags/example_python_decorator.py
[2024-09-17T06:53:16.823-0300] {processor.py:830} INFO - Processing file /home/jezandre/airflow/airflow_env/lib/python3.11/site-packages/airflow/example_dags/example_python_decorator.py for tasks to queue
[2024-09-17T06:53:16.825-0300] {logging_mixin.py:188} INFO - [2024-09-17T06:53:16.824-0300] {dagbag.py:545} INFO - Filling up the DagBag from /home/jezandre/airflow/airflow_env/lib/python3.11/site-packages/airflow/example_dags/example_python_decorator.py
[2024-09-17T06:53:16.839-0300] {processor.py:840} INFO - DAG(s) 'example_python_decorator' retrieved from /home/jezandre/airflow/airflow_env/lib/python3.11/site-packages/airflow/example_dags/example_python_decorator.py
[2024-09-17T06:53:16.873-0300] {logging_mixin.py:188} INFO - [2024-09-17T06:53:16.873-0300] {dag.py:3089} INFO - Sync 1 DAGs
[2024-09-17T06:53:16.890-0300] {logging_mixin.py:188} INFO - [2024-09-17T06:53:16.890-0300] {dag.py:3947} INFO - Setting next_dagrun for example_python_decorator to None, run_after=None
[2024-09-17T06:53:16.917-0300] {processor.py:183} INFO - Processing /home/jezandre/airflow/airflow_env/lib/python3.11/site-packages/airflow/example_dags/example_python_decorator.py took 0.109 seconds
[2024-09-17T06:53:47.491-0300] {processor.py:161} INFO - Started process (PID=35119) to work on /home/jezandre/airflow/airflow_env/lib/python3.11/site-packages/airflow/example_dags/example_python_decorator.py
[2024-09-17T06:53:47.492-0300] {processor.py:830} INFO - Processing file /home/jezandre/airflow/airflow_env/lib/python3.11/site-packages/airflow/example_dags/example_python_decorator.py for tasks to queue
[2024-09-17T06:53:47.494-0300] {logging_mixin.py:188} INFO - [2024-09-17T06:53:47.494-0300] {dagbag.py:545} INFO - Filling up the DagBag from /home/jezandre/airflow/airflow_env/lib/python3.11/site-packages/airflow/example_dags/example_python_decorator.py
[2024-09-17T06:53:47.507-0300] {processor.py:840} INFO - DAG(s) 'example_python_decorator' retrieved from /home/jezandre/airflow/airflow_env/lib/python3.11/site-packages/airflow/example_dags/example_python_decorator.py
[2024-09-17T06:53:47.534-0300] {logging_mixin.py:188} INFO - [2024-09-17T06:53:47.533-0300] {dag.py:3089} INFO - Sync 1 DAGs
[2024-09-17T06:53:47.550-0300] {logging_mixin.py:188} INFO - [2024-09-17T06:53:47.550-0300] {dag.py:3947} INFO - Setting next_dagrun for example_python_decorator to None, run_after=None
[2024-09-17T06:53:47.574-0300] {processor.py:183} INFO - Processing /home/jezandre/airflow/airflow_env/lib/python3.11/site-packages/airflow/example_dags/example_python_decorator.py took 0.091 seconds
[2024-09-17T06:54:18.224-0300] {processor.py:161} INFO - Started process (PID=35358) to work on /home/jezandre/airflow/airflow_env/lib/python3.11/site-packages/airflow/example_dags/example_python_decorator.py
[2024-09-17T06:54:18.225-0300] {processor.py:830} INFO - Processing file /home/jezandre/airflow/airflow_env/lib/python3.11/site-packages/airflow/example_dags/example_python_decorator.py for tasks to queue
[2024-09-17T06:54:18.227-0300] {logging_mixin.py:188} INFO - [2024-09-17T06:54:18.227-0300] {dagbag.py:545} INFO - Filling up the DagBag from /home/jezandre/airflow/airflow_env/lib/python3.11/site-packages/airflow/example_dags/example_python_decorator.py
[2024-09-17T06:54:18.239-0300] {processor.py:840} INFO - DAG(s) 'example_python_decorator' retrieved from /home/jezandre/airflow/airflow_env/lib/python3.11/site-packages/airflow/example_dags/example_python_decorator.py
[2024-09-17T06:54:18.272-0300] {logging_mixin.py:188} INFO - [2024-09-17T06:54:18.271-0300] {dag.py:3089} INFO - Sync 1 DAGs
[2024-09-17T06:54:18.285-0300] {logging_mixin.py:188} INFO - [2024-09-17T06:54:18.285-0300] {dag.py:3947} INFO - Setting next_dagrun for example_python_decorator to None, run_after=None
[2024-09-17T06:54:18.312-0300] {processor.py:183} INFO - Processing /home/jezandre/airflow/airflow_env/lib/python3.11/site-packages/airflow/example_dags/example_python_decorator.py took 0.096 seconds
[2024-09-17T06:54:48.928-0300] {processor.py:161} INFO - Started process (PID=35595) to work on /home/jezandre/airflow/airflow_env/lib/python3.11/site-packages/airflow/example_dags/example_python_decorator.py
[2024-09-17T06:54:48.929-0300] {processor.py:830} INFO - Processing file /home/jezandre/airflow/airflow_env/lib/python3.11/site-packages/airflow/example_dags/example_python_decorator.py for tasks to queue
[2024-09-17T06:54:48.931-0300] {logging_mixin.py:188} INFO - [2024-09-17T06:54:48.930-0300] {dagbag.py:545} INFO - Filling up the DagBag from /home/jezandre/airflow/airflow_env/lib/python3.11/site-packages/airflow/example_dags/example_python_decorator.py
[2024-09-17T06:54:48.948-0300] {processor.py:840} INFO - DAG(s) 'example_python_decorator' retrieved from /home/jezandre/airflow/airflow_env/lib/python3.11/site-packages/airflow/example_dags/example_python_decorator.py
[2024-09-17T06:54:48.982-0300] {logging_mixin.py:188} INFO - [2024-09-17T06:54:48.981-0300] {dag.py:3089} INFO - Sync 1 DAGs
[2024-09-17T06:54:48.998-0300] {logging_mixin.py:188} INFO - [2024-09-17T06:54:48.998-0300] {dag.py:3947} INFO - Setting next_dagrun for example_python_decorator to None, run_after=None
[2024-09-17T06:54:49.023-0300] {processor.py:183} INFO - Processing /home/jezandre/airflow/airflow_env/lib/python3.11/site-packages/airflow/example_dags/example_python_decorator.py took 0.105 seconds
