[2024-09-17T06:27:49.652-0300] {processor.py:161} INFO - Started process (PID=20164) to work on /home/jezandre/airflow/airflow_env/lib/python3.11/site-packages/airflow/example_dags/example_branch_python_dop_operator_3.py
[2024-09-17T06:27:49.652-0300] {processor.py:830} INFO - Processing file /home/jezandre/airflow/airflow_env/lib/python3.11/site-packages/airflow/example_dags/example_branch_python_dop_operator_3.py for tasks to queue
[2024-09-17T06:27:49.654-0300] {logging_mixin.py:188} INFO - [2024-09-17T06:27:49.653-0300] {dagbag.py:545} INFO - Filling up the DagBag from /home/jezandre/airflow/airflow_env/lib/python3.11/site-packages/airflow/example_dags/example_branch_python_dop_operator_3.py
[2024-09-17T06:27:49.666-0300] {processor.py:840} INFO - DAG(s) 'example_branch_dop_operator_v3' retrieved from /home/jezandre/airflow/airflow_env/lib/python3.11/site-packages/airflow/example_dags/example_branch_python_dop_operator_3.py
[2024-09-17T06:27:49.872-0300] {logging_mixin.py:188} INFO - [2024-09-17T06:27:49.872-0300] {dag.py:3089} INFO - Sync 1 DAGs
[2024-09-17T06:27:49.904-0300] {logging_mixin.py:188} INFO - [2024-09-17T06:27:49.904-0300] {dag.py:3947} INFO - Setting next_dagrun for example_branch_dop_operator_v3 to 2024-09-17 09:26:00+00:00, run_after=2024-09-17 09:27:00+00:00
[2024-09-17T06:27:49.947-0300] {processor.py:183} INFO - Processing /home/jezandre/airflow/airflow_env/lib/python3.11/site-packages/airflow/example_dags/example_branch_python_dop_operator_3.py took 0.301 seconds
[2024-09-17T06:28:49.939-0300] {processor.py:161} INFO - Started process (PID=20437) to work on /home/jezandre/airflow/airflow_env/lib/python3.11/site-packages/airflow/example_dags/example_branch_python_dop_operator_3.py
[2024-09-17T06:28:49.941-0300] {processor.py:830} INFO - Processing file /home/jezandre/airflow/airflow_env/lib/python3.11/site-packages/airflow/example_dags/example_branch_python_dop_operator_3.py for tasks to queue
[2024-09-17T06:28:49.943-0300] {logging_mixin.py:188} INFO - [2024-09-17T06:28:49.943-0300] {dagbag.py:545} INFO - Filling up the DagBag from /home/jezandre/airflow/airflow_env/lib/python3.11/site-packages/airflow/example_dags/example_branch_python_dop_operator_3.py
[2024-09-17T06:28:49.950-0300] {processor.py:840} INFO - DAG(s) 'example_branch_dop_operator_v3' retrieved from /home/jezandre/airflow/airflow_env/lib/python3.11/site-packages/airflow/example_dags/example_branch_python_dop_operator_3.py
[2024-09-17T06:28:49.962-0300] {logging_mixin.py:188} INFO - [2024-09-17T06:28:49.962-0300] {dag.py:3089} INFO - Sync 1 DAGs
[2024-09-17T06:28:49.986-0300] {logging_mixin.py:188} INFO - [2024-09-17T06:28:49.986-0300] {dag.py:3947} INFO - Setting next_dagrun for example_branch_dop_operator_v3 to 2024-09-17 09:27:00+00:00, run_after=2024-09-17 09:28:00+00:00
[2024-09-17T06:28:50.012-0300] {processor.py:183} INFO - Processing /home/jezandre/airflow/airflow_env/lib/python3.11/site-packages/airflow/example_dags/example_branch_python_dop_operator_3.py took 0.079 seconds
[2024-09-17T06:29:54.975-0300] {processor.py:161} INFO - Started process (PID=21098) to work on /home/jezandre/airflow/airflow_env/lib/python3.11/site-packages/airflow/example_dags/example_branch_python_dop_operator_3.py
[2024-09-17T06:29:54.977-0300] {processor.py:830} INFO - Processing file /home/jezandre/airflow/airflow_env/lib/python3.11/site-packages/airflow/example_dags/example_branch_python_dop_operator_3.py for tasks to queue
[2024-09-17T06:29:54.979-0300] {logging_mixin.py:188} INFO - [2024-09-17T06:29:54.978-0300] {dagbag.py:545} INFO - Filling up the DagBag from /home/jezandre/airflow/airflow_env/lib/python3.11/site-packages/airflow/example_dags/example_branch_python_dop_operator_3.py
[2024-09-17T06:29:54.988-0300] {processor.py:840} INFO - DAG(s) 'example_branch_dop_operator_v3' retrieved from /home/jezandre/airflow/airflow_env/lib/python3.11/site-packages/airflow/example_dags/example_branch_python_dop_operator_3.py
[2024-09-17T06:29:55.251-0300] {logging_mixin.py:188} INFO - [2024-09-17T06:29:55.251-0300] {dag.py:3089} INFO - Sync 1 DAGs
[2024-09-17T06:29:55.284-0300] {logging_mixin.py:188} INFO - [2024-09-17T06:29:55.283-0300] {dag.py:3947} INFO - Setting next_dagrun for example_branch_dop_operator_v3 to 2024-09-17 09:28:00+00:00, run_after=2024-09-17 09:29:00+00:00
[2024-09-17T06:29:55.313-0300] {processor.py:183} INFO - Processing /home/jezandre/airflow/airflow_env/lib/python3.11/site-packages/airflow/example_dags/example_branch_python_dop_operator_3.py took 0.343 seconds
[2024-09-17T06:30:25.581-0300] {processor.py:161} INFO - Started process (PID=21392) to work on /home/jezandre/airflow/airflow_env/lib/python3.11/site-packages/airflow/example_dags/example_branch_python_dop_operator_3.py
[2024-09-17T06:30:25.582-0300] {processor.py:830} INFO - Processing file /home/jezandre/airflow/airflow_env/lib/python3.11/site-packages/airflow/example_dags/example_branch_python_dop_operator_3.py for tasks to queue
[2024-09-17T06:30:25.584-0300] {logging_mixin.py:188} INFO - [2024-09-17T06:30:25.583-0300] {dagbag.py:545} INFO - Filling up the DagBag from /home/jezandre/airflow/airflow_env/lib/python3.11/site-packages/airflow/example_dags/example_branch_python_dop_operator_3.py
[2024-09-17T06:30:25.592-0300] {processor.py:840} INFO - DAG(s) 'example_branch_dop_operator_v3' retrieved from /home/jezandre/airflow/airflow_env/lib/python3.11/site-packages/airflow/example_dags/example_branch_python_dop_operator_3.py
[2024-09-17T06:30:25.622-0300] {logging_mixin.py:188} INFO - [2024-09-17T06:30:25.621-0300] {dag.py:3089} INFO - Sync 1 DAGs
[2024-09-17T06:30:25.651-0300] {logging_mixin.py:188} INFO - [2024-09-17T06:30:25.651-0300] {dag.py:3947} INFO - Setting next_dagrun for example_branch_dop_operator_v3 to 2024-09-17 09:29:00+00:00, run_after=2024-09-17 09:30:00+00:00
[2024-09-17T06:30:25.679-0300] {processor.py:183} INFO - Processing /home/jezandre/airflow/airflow_env/lib/python3.11/site-packages/airflow/example_dags/example_branch_python_dop_operator_3.py took 0.104 seconds
[2024-09-17T06:30:55.936-0300] {processor.py:161} INFO - Started process (PID=21595) to work on /home/jezandre/airflow/airflow_env/lib/python3.11/site-packages/airflow/example_dags/example_branch_python_dop_operator_3.py
[2024-09-17T06:30:55.938-0300] {processor.py:830} INFO - Processing file /home/jezandre/airflow/airflow_env/lib/python3.11/site-packages/airflow/example_dags/example_branch_python_dop_operator_3.py for tasks to queue
[2024-09-17T06:30:55.940-0300] {logging_mixin.py:188} INFO - [2024-09-17T06:30:55.940-0300] {dagbag.py:545} INFO - Filling up the DagBag from /home/jezandre/airflow/airflow_env/lib/python3.11/site-packages/airflow/example_dags/example_branch_python_dop_operator_3.py
[2024-09-17T06:30:55.948-0300] {processor.py:840} INFO - DAG(s) 'example_branch_dop_operator_v3' retrieved from /home/jezandre/airflow/airflow_env/lib/python3.11/site-packages/airflow/example_dags/example_branch_python_dop_operator_3.py
[2024-09-17T06:30:55.978-0300] {logging_mixin.py:188} INFO - [2024-09-17T06:30:55.978-0300] {dag.py:3089} INFO - Sync 1 DAGs
[2024-09-17T06:30:56.012-0300] {logging_mixin.py:188} INFO - [2024-09-17T06:30:56.012-0300] {dag.py:3947} INFO - Setting next_dagrun for example_branch_dop_operator_v3 to 2024-09-17 09:29:00+00:00, run_after=2024-09-17 09:30:00+00:00
[2024-09-17T06:30:56.042-0300] {processor.py:183} INFO - Processing /home/jezandre/airflow/airflow_env/lib/python3.11/site-packages/airflow/example_dags/example_branch_python_dop_operator_3.py took 0.114 seconds
[2024-09-17T06:31:26.331-0300] {processor.py:161} INFO - Started process (PID=21799) to work on /home/jezandre/airflow/airflow_env/lib/python3.11/site-packages/airflow/example_dags/example_branch_python_dop_operator_3.py
[2024-09-17T06:31:26.332-0300] {processor.py:830} INFO - Processing file /home/jezandre/airflow/airflow_env/lib/python3.11/site-packages/airflow/example_dags/example_branch_python_dop_operator_3.py for tasks to queue
[2024-09-17T06:31:26.334-0300] {logging_mixin.py:188} INFO - [2024-09-17T06:31:26.334-0300] {dagbag.py:545} INFO - Filling up the DagBag from /home/jezandre/airflow/airflow_env/lib/python3.11/site-packages/airflow/example_dags/example_branch_python_dop_operator_3.py
[2024-09-17T06:31:26.342-0300] {processor.py:840} INFO - DAG(s) 'example_branch_dop_operator_v3' retrieved from /home/jezandre/airflow/airflow_env/lib/python3.11/site-packages/airflow/example_dags/example_branch_python_dop_operator_3.py
[2024-09-17T06:31:26.379-0300] {logging_mixin.py:188} INFO - [2024-09-17T06:31:26.379-0300] {dag.py:3089} INFO - Sync 1 DAGs
[2024-09-17T06:31:26.416-0300] {logging_mixin.py:188} INFO - [2024-09-17T06:31:26.416-0300] {dag.py:3947} INFO - Setting next_dagrun for example_branch_dop_operator_v3 to 2024-09-17 09:30:00+00:00, run_after=2024-09-17 09:31:00+00:00
[2024-09-17T06:31:26.450-0300] {processor.py:183} INFO - Processing /home/jezandre/airflow/airflow_env/lib/python3.11/site-packages/airflow/example_dags/example_branch_python_dop_operator_3.py took 0.126 seconds
[2024-09-17T06:31:56.800-0300] {processor.py:161} INFO - Started process (PID=22088) to work on /home/jezandre/airflow/airflow_env/lib/python3.11/site-packages/airflow/example_dags/example_branch_python_dop_operator_3.py
[2024-09-17T06:31:56.801-0300] {processor.py:830} INFO - Processing file /home/jezandre/airflow/airflow_env/lib/python3.11/site-packages/airflow/example_dags/example_branch_python_dop_operator_3.py for tasks to queue
[2024-09-17T06:31:56.804-0300] {logging_mixin.py:188} INFO - [2024-09-17T06:31:56.803-0300] {dagbag.py:545} INFO - Filling up the DagBag from /home/jezandre/airflow/airflow_env/lib/python3.11/site-packages/airflow/example_dags/example_branch_python_dop_operator_3.py
[2024-09-17T06:31:56.811-0300] {processor.py:840} INFO - DAG(s) 'example_branch_dop_operator_v3' retrieved from /home/jezandre/airflow/airflow_env/lib/python3.11/site-packages/airflow/example_dags/example_branch_python_dop_operator_3.py
[2024-09-17T06:31:56.839-0300] {logging_mixin.py:188} INFO - [2024-09-17T06:31:56.839-0300] {dag.py:3089} INFO - Sync 1 DAGs
[2024-09-17T06:31:56.868-0300] {logging_mixin.py:188} INFO - [2024-09-17T06:31:56.867-0300] {dag.py:3947} INFO - Setting next_dagrun for example_branch_dop_operator_v3 to 2024-09-17 09:30:00+00:00, run_after=2024-09-17 09:31:00+00:00
[2024-09-17T06:31:56.892-0300] {processor.py:183} INFO - Processing /home/jezandre/airflow/airflow_env/lib/python3.11/site-packages/airflow/example_dags/example_branch_python_dop_operator_3.py took 0.099 seconds
[2024-09-17T06:32:27.318-0300] {processor.py:161} INFO - Started process (PID=22568) to work on /home/jezandre/airflow/airflow_env/lib/python3.11/site-packages/airflow/example_dags/example_branch_python_dop_operator_3.py
[2024-09-17T06:32:27.319-0300] {processor.py:830} INFO - Processing file /home/jezandre/airflow/airflow_env/lib/python3.11/site-packages/airflow/example_dags/example_branch_python_dop_operator_3.py for tasks to queue
[2024-09-17T06:32:27.321-0300] {logging_mixin.py:188} INFO - [2024-09-17T06:32:27.320-0300] {dagbag.py:545} INFO - Filling up the DagBag from /home/jezandre/airflow/airflow_env/lib/python3.11/site-packages/airflow/example_dags/example_branch_python_dop_operator_3.py
[2024-09-17T06:32:27.328-0300] {processor.py:840} INFO - DAG(s) 'example_branch_dop_operator_v3' retrieved from /home/jezandre/airflow/airflow_env/lib/python3.11/site-packages/airflow/example_dags/example_branch_python_dop_operator_3.py
[2024-09-17T06:32:27.449-0300] {logging_mixin.py:188} INFO - [2024-09-17T06:32:27.449-0300] {dag.py:3089} INFO - Sync 1 DAGs
[2024-09-17T06:32:27.487-0300] {logging_mixin.py:188} INFO - [2024-09-17T06:32:27.486-0300] {dag.py:3947} INFO - Setting next_dagrun for example_branch_dop_operator_v3 to 2024-09-17 09:31:00+00:00, run_after=2024-09-17 09:32:00+00:00
[2024-09-17T06:32:27.523-0300] {processor.py:183} INFO - Processing /home/jezandre/airflow/airflow_env/lib/python3.11/site-packages/airflow/example_dags/example_branch_python_dop_operator_3.py took 0.211 seconds
[2024-09-17T06:32:57.559-0300] {processor.py:161} INFO - Started process (PID=22929) to work on /home/jezandre/airflow/airflow_env/lib/python3.11/site-packages/airflow/example_dags/example_branch_python_dop_operator_3.py
[2024-09-17T06:32:57.560-0300] {processor.py:830} INFO - Processing file /home/jezandre/airflow/airflow_env/lib/python3.11/site-packages/airflow/example_dags/example_branch_python_dop_operator_3.py for tasks to queue
[2024-09-17T06:32:57.562-0300] {logging_mixin.py:188} INFO - [2024-09-17T06:32:57.561-0300] {dagbag.py:545} INFO - Filling up the DagBag from /home/jezandre/airflow/airflow_env/lib/python3.11/site-packages/airflow/example_dags/example_branch_python_dop_operator_3.py
[2024-09-17T06:32:57.570-0300] {processor.py:840} INFO - DAG(s) 'example_branch_dop_operator_v3' retrieved from /home/jezandre/airflow/airflow_env/lib/python3.11/site-packages/airflow/example_dags/example_branch_python_dop_operator_3.py
[2024-09-17T06:32:57.597-0300] {logging_mixin.py:188} INFO - [2024-09-17T06:32:57.597-0300] {dag.py:3089} INFO - Sync 1 DAGs
[2024-09-17T06:32:57.627-0300] {logging_mixin.py:188} INFO - [2024-09-17T06:32:57.627-0300] {dag.py:3947} INFO - Setting next_dagrun for example_branch_dop_operator_v3 to 2024-09-17 09:31:00+00:00, run_after=2024-09-17 09:32:00+00:00
[2024-09-17T06:32:57.654-0300] {processor.py:183} INFO - Processing /home/jezandre/airflow/airflow_env/lib/python3.11/site-packages/airflow/example_dags/example_branch_python_dop_operator_3.py took 0.101 seconds
[2024-09-17T06:33:27.983-0300] {processor.py:161} INFO - Started process (PID=23158) to work on /home/jezandre/airflow/airflow_env/lib/python3.11/site-packages/airflow/example_dags/example_branch_python_dop_operator_3.py
[2024-09-17T06:33:27.984-0300] {processor.py:830} INFO - Processing file /home/jezandre/airflow/airflow_env/lib/python3.11/site-packages/airflow/example_dags/example_branch_python_dop_operator_3.py for tasks to queue
[2024-09-17T06:33:27.986-0300] {logging_mixin.py:188} INFO - [2024-09-17T06:33:27.986-0300] {dagbag.py:545} INFO - Filling up the DagBag from /home/jezandre/airflow/airflow_env/lib/python3.11/site-packages/airflow/example_dags/example_branch_python_dop_operator_3.py
[2024-09-17T06:33:27.995-0300] {processor.py:840} INFO - DAG(s) 'example_branch_dop_operator_v3' retrieved from /home/jezandre/airflow/airflow_env/lib/python3.11/site-packages/airflow/example_dags/example_branch_python_dop_operator_3.py
[2024-09-17T06:33:28.023-0300] {logging_mixin.py:188} INFO - [2024-09-17T06:33:28.022-0300] {dag.py:3089} INFO - Sync 1 DAGs
[2024-09-17T06:33:28.052-0300] {logging_mixin.py:188} INFO - [2024-09-17T06:33:28.051-0300] {dag.py:3947} INFO - Setting next_dagrun for example_branch_dop_operator_v3 to 2024-09-17 09:32:00+00:00, run_after=2024-09-17 09:33:00+00:00
[2024-09-17T06:33:28.078-0300] {processor.py:183} INFO - Processing /home/jezandre/airflow/airflow_env/lib/python3.11/site-packages/airflow/example_dags/example_branch_python_dop_operator_3.py took 0.101 seconds
[2024-09-17T06:33:58.657-0300] {processor.py:161} INFO - Started process (PID=23439) to work on /home/jezandre/airflow/airflow_env/lib/python3.11/site-packages/airflow/example_dags/example_branch_python_dop_operator_3.py
[2024-09-17T06:33:58.659-0300] {processor.py:830} INFO - Processing file /home/jezandre/airflow/airflow_env/lib/python3.11/site-packages/airflow/example_dags/example_branch_python_dop_operator_3.py for tasks to queue
[2024-09-17T06:33:58.660-0300] {logging_mixin.py:188} INFO - [2024-09-17T06:33:58.660-0300] {dagbag.py:545} INFO - Filling up the DagBag from /home/jezandre/airflow/airflow_env/lib/python3.11/site-packages/airflow/example_dags/example_branch_python_dop_operator_3.py
[2024-09-17T06:33:58.669-0300] {processor.py:840} INFO - DAG(s) 'example_branch_dop_operator_v3' retrieved from /home/jezandre/airflow/airflow_env/lib/python3.11/site-packages/airflow/example_dags/example_branch_python_dop_operator_3.py
[2024-09-17T06:33:58.699-0300] {logging_mixin.py:188} INFO - [2024-09-17T06:33:58.699-0300] {dag.py:3089} INFO - Sync 1 DAGs
[2024-09-17T06:33:58.739-0300] {logging_mixin.py:188} INFO - [2024-09-17T06:33:58.739-0300] {dag.py:3947} INFO - Setting next_dagrun for example_branch_dop_operator_v3 to 2024-09-17 09:32:00+00:00, run_after=2024-09-17 09:33:00+00:00
[2024-09-17T06:33:58.771-0300] {processor.py:183} INFO - Processing /home/jezandre/airflow/airflow_env/lib/python3.11/site-packages/airflow/example_dags/example_branch_python_dop_operator_3.py took 0.119 seconds
[2024-09-17T06:34:29.131-0300] {processor.py:161} INFO - Started process (PID=23681) to work on /home/jezandre/airflow/airflow_env/lib/python3.11/site-packages/airflow/example_dags/example_branch_python_dop_operator_3.py
[2024-09-17T06:34:29.133-0300] {processor.py:830} INFO - Processing file /home/jezandre/airflow/airflow_env/lib/python3.11/site-packages/airflow/example_dags/example_branch_python_dop_operator_3.py for tasks to queue
[2024-09-17T06:34:29.135-0300] {logging_mixin.py:188} INFO - [2024-09-17T06:34:29.134-0300] {dagbag.py:545} INFO - Filling up the DagBag from /home/jezandre/airflow/airflow_env/lib/python3.11/site-packages/airflow/example_dags/example_branch_python_dop_operator_3.py
[2024-09-17T06:34:29.146-0300] {processor.py:840} INFO - DAG(s) 'example_branch_dop_operator_v3' retrieved from /home/jezandre/airflow/airflow_env/lib/python3.11/site-packages/airflow/example_dags/example_branch_python_dop_operator_3.py
[2024-09-17T06:34:29.178-0300] {logging_mixin.py:188} INFO - [2024-09-17T06:34:29.177-0300] {dag.py:3089} INFO - Sync 1 DAGs
[2024-09-17T06:34:29.215-0300] {logging_mixin.py:188} INFO - [2024-09-17T06:34:29.215-0300] {dag.py:3947} INFO - Setting next_dagrun for example_branch_dop_operator_v3 to 2024-09-17 09:33:00+00:00, run_after=2024-09-17 09:34:00+00:00
[2024-09-17T06:34:29.243-0300] {processor.py:183} INFO - Processing /home/jezandre/airflow/airflow_env/lib/python3.11/site-packages/airflow/example_dags/example_branch_python_dop_operator_3.py took 0.119 seconds
[2024-09-17T06:34:59.528-0300] {processor.py:161} INFO - Started process (PID=24025) to work on /home/jezandre/airflow/airflow_env/lib/python3.11/site-packages/airflow/example_dags/example_branch_python_dop_operator_3.py
[2024-09-17T06:34:59.530-0300] {processor.py:830} INFO - Processing file /home/jezandre/airflow/airflow_env/lib/python3.11/site-packages/airflow/example_dags/example_branch_python_dop_operator_3.py for tasks to queue
[2024-09-17T06:34:59.531-0300] {logging_mixin.py:188} INFO - [2024-09-17T06:34:59.531-0300] {dagbag.py:545} INFO - Filling up the DagBag from /home/jezandre/airflow/airflow_env/lib/python3.11/site-packages/airflow/example_dags/example_branch_python_dop_operator_3.py
[2024-09-17T06:34:59.547-0300] {processor.py:840} INFO - DAG(s) 'example_branch_dop_operator_v3' retrieved from /home/jezandre/airflow/airflow_env/lib/python3.11/site-packages/airflow/example_dags/example_branch_python_dop_operator_3.py
[2024-09-17T06:34:59.593-0300] {logging_mixin.py:188} INFO - [2024-09-17T06:34:59.592-0300] {dag.py:3089} INFO - Sync 1 DAGs
[2024-09-17T06:34:59.667-0300] {logging_mixin.py:188} INFO - [2024-09-17T06:34:59.666-0300] {dag.py:3947} INFO - Setting next_dagrun for example_branch_dop_operator_v3 to 2024-09-17 09:33:00+00:00, run_after=2024-09-17 09:34:00+00:00
[2024-09-17T06:34:59.745-0300] {processor.py:183} INFO - Processing /home/jezandre/airflow/airflow_env/lib/python3.11/site-packages/airflow/example_dags/example_branch_python_dop_operator_3.py took 0.223 seconds
[2024-09-17T06:35:30.127-0300] {processor.py:161} INFO - Started process (PID=24266) to work on /home/jezandre/airflow/airflow_env/lib/python3.11/site-packages/airflow/example_dags/example_branch_python_dop_operator_3.py
[2024-09-17T06:35:30.129-0300] {processor.py:830} INFO - Processing file /home/jezandre/airflow/airflow_env/lib/python3.11/site-packages/airflow/example_dags/example_branch_python_dop_operator_3.py for tasks to queue
[2024-09-17T06:35:30.130-0300] {logging_mixin.py:188} INFO - [2024-09-17T06:35:30.130-0300] {dagbag.py:545} INFO - Filling up the DagBag from /home/jezandre/airflow/airflow_env/lib/python3.11/site-packages/airflow/example_dags/example_branch_python_dop_operator_3.py
[2024-09-17T06:35:30.139-0300] {processor.py:840} INFO - DAG(s) 'example_branch_dop_operator_v3' retrieved from /home/jezandre/airflow/airflow_env/lib/python3.11/site-packages/airflow/example_dags/example_branch_python_dop_operator_3.py
[2024-09-17T06:35:30.170-0300] {logging_mixin.py:188} INFO - [2024-09-17T06:35:30.170-0300] {dag.py:3089} INFO - Sync 1 DAGs
[2024-09-17T06:35:30.208-0300] {logging_mixin.py:188} INFO - [2024-09-17T06:35:30.208-0300] {dag.py:3947} INFO - Setting next_dagrun for example_branch_dop_operator_v3 to 2024-09-17 09:34:00+00:00, run_after=2024-09-17 09:35:00+00:00
[2024-09-17T06:35:30.237-0300] {processor.py:183} INFO - Processing /home/jezandre/airflow/airflow_env/lib/python3.11/site-packages/airflow/example_dags/example_branch_python_dop_operator_3.py took 0.115 seconds
