[2024-09-17T06:27:26.335-0300] {processor.py:161} INFO - Started process (PID=20059) to work on /home/jezandre/airflow/airflow_env/lib/python3.11/site-packages/airflow/example_dags/example_datasets.py
[2024-09-17T06:27:26.336-0300] {processor.py:830} INFO - Processing file /home/jezandre/airflow/airflow_env/lib/python3.11/site-packages/airflow/example_dags/example_datasets.py for tasks to queue
[2024-09-17T06:27:26.338-0300] {logging_mixin.py:188} INFO - [2024-09-17T06:27:26.338-0300] {dagbag.py:545} INFO - Filling up the DagBag from /home/jezandre/airflow/airflow_env/lib/python3.11/site-packages/airflow/example_dags/example_datasets.py
[2024-09-17T06:27:26.353-0300] {processor.py:840} INFO - DAG(s) 'dataset_produces_1', 'consume_1_or_2_with_dataset_expressions', 'dataset_consumes_unknown_never_scheduled', 'dataset_consumes_1', 'dataset_consumes_1_never_scheduled', 'dataset_produces_2', 'consume_1_or_both_2_and_3_with_dataset_expressions', 'dataset_consumes_1_and_2', 'conditional_dataset_and_time_based_timetable', 'consume_1_and_2_with_dataset_expressions' retrieved from /home/jezandre/airflow/airflow_env/lib/python3.11/site-packages/airflow/example_dags/example_datasets.py
[2024-09-17T06:27:26.638-0300] {logging_mixin.py:188} INFO - [2024-09-17T06:27:26.638-0300] {dag.py:3089} INFO - Sync 10 DAGs
[2024-09-17T06:27:26.656-0300] {logging_mixin.py:188} INFO - [2024-09-17T06:27:26.656-0300] {dag.py:3947} INFO - Setting next_dagrun for conditional_dataset_and_time_based_timetable to 2024-09-11 01:00:00+00:00, run_after=2024-09-11 01:00:00+00:00
[2024-09-17T06:27:26.659-0300] {logging_mixin.py:188} INFO - [2024-09-17T06:27:26.658-0300] {dag.py:3947} INFO - Setting next_dagrun for consume_1_and_2_with_dataset_expressions to None, run_after=None
[2024-09-17T06:27:26.660-0300] {logging_mixin.py:188} INFO - [2024-09-17T06:27:26.660-0300] {dag.py:3947} INFO - Setting next_dagrun for consume_1_or_2_with_dataset_expressions to None, run_after=None
[2024-09-17T06:27:26.660-0300] {logging_mixin.py:188} INFO - [2024-09-17T06:27:26.660-0300] {dag.py:3947} INFO - Setting next_dagrun for consume_1_or_both_2_and_3_with_dataset_expressions to None, run_after=None
[2024-09-17T06:27:26.661-0300] {logging_mixin.py:188} INFO - [2024-09-17T06:27:26.661-0300] {dag.py:3947} INFO - Setting next_dagrun for dataset_consumes_1 to None, run_after=None
[2024-09-17T06:27:26.662-0300] {logging_mixin.py:188} INFO - [2024-09-17T06:27:26.662-0300] {dag.py:3947} INFO - Setting next_dagrun for dataset_consumes_1_and_2 to None, run_after=None
[2024-09-17T06:27:26.663-0300] {logging_mixin.py:188} INFO - [2024-09-17T06:27:26.663-0300] {dag.py:3947} INFO - Setting next_dagrun for dataset_consumes_1_never_scheduled to None, run_after=None
[2024-09-17T06:27:26.664-0300] {logging_mixin.py:188} INFO - [2024-09-17T06:27:26.664-0300] {dag.py:3947} INFO - Setting next_dagrun for dataset_consumes_unknown_never_scheduled to None, run_after=None
[2024-09-17T06:27:26.666-0300] {logging_mixin.py:188} INFO - [2024-09-17T06:27:26.665-0300] {dag.py:3947} INFO - Setting next_dagrun for dataset_produces_1 to 2024-09-16 00:00:00+00:00, run_after=2024-09-17 00:00:00+00:00
[2024-09-17T06:27:26.667-0300] {logging_mixin.py:188} INFO - [2024-09-17T06:27:26.667-0300] {dag.py:3947} INFO - Setting next_dagrun for dataset_produces_2 to None, run_after=None
[2024-09-17T06:27:26.708-0300] {processor.py:183} INFO - Processing /home/jezandre/airflow/airflow_env/lib/python3.11/site-packages/airflow/example_dags/example_datasets.py took 0.379 seconds
[2024-09-17T06:28:28.800-0300] {processor.py:161} INFO - Started process (PID=20327) to work on /home/jezandre/airflow/airflow_env/lib/python3.11/site-packages/airflow/example_dags/example_datasets.py
[2024-09-17T06:28:28.805-0300] {processor.py:830} INFO - Processing file /home/jezandre/airflow/airflow_env/lib/python3.11/site-packages/airflow/example_dags/example_datasets.py for tasks to queue
[2024-09-17T06:28:28.807-0300] {logging_mixin.py:188} INFO - [2024-09-17T06:28:28.807-0300] {dagbag.py:545} INFO - Filling up the DagBag from /home/jezandre/airflow/airflow_env/lib/python3.11/site-packages/airflow/example_dags/example_datasets.py
[2024-09-17T06:28:28.825-0300] {processor.py:840} INFO - DAG(s) 'dataset_consumes_unknown_never_scheduled', 'dataset_consumes_1', 'consume_1_or_both_2_and_3_with_dataset_expressions', 'dataset_consumes_1_never_scheduled', 'dataset_consumes_1_and_2', 'dataset_produces_1', 'dataset_produces_2', 'conditional_dataset_and_time_based_timetable', 'consume_1_and_2_with_dataset_expressions', 'consume_1_or_2_with_dataset_expressions' retrieved from /home/jezandre/airflow/airflow_env/lib/python3.11/site-packages/airflow/example_dags/example_datasets.py
[2024-09-17T06:28:29.007-0300] {logging_mixin.py:188} INFO - [2024-09-17T06:28:29.007-0300] {dag.py:3089} INFO - Sync 10 DAGs
[2024-09-17T06:28:29.031-0300] {logging_mixin.py:188} INFO - [2024-09-17T06:28:29.031-0300] {dag.py:3947} INFO - Setting next_dagrun for conditional_dataset_and_time_based_timetable to 2024-09-11 01:00:00+00:00, run_after=2024-09-11 01:00:00+00:00
[2024-09-17T06:28:29.035-0300] {logging_mixin.py:188} INFO - [2024-09-17T06:28:29.035-0300] {dag.py:3947} INFO - Setting next_dagrun for consume_1_and_2_with_dataset_expressions to None, run_after=None
[2024-09-17T06:28:29.037-0300] {logging_mixin.py:188} INFO - [2024-09-17T06:28:29.037-0300] {dag.py:3947} INFO - Setting next_dagrun for consume_1_or_2_with_dataset_expressions to None, run_after=None
[2024-09-17T06:28:29.039-0300] {logging_mixin.py:188} INFO - [2024-09-17T06:28:29.039-0300] {dag.py:3947} INFO - Setting next_dagrun for consume_1_or_both_2_and_3_with_dataset_expressions to None, run_after=None
[2024-09-17T06:28:29.041-0300] {logging_mixin.py:188} INFO - [2024-09-17T06:28:29.041-0300] {dag.py:3947} INFO - Setting next_dagrun for dataset_consumes_1 to None, run_after=None
[2024-09-17T06:28:29.043-0300] {logging_mixin.py:188} INFO - [2024-09-17T06:28:29.042-0300] {dag.py:3947} INFO - Setting next_dagrun for dataset_consumes_1_and_2 to None, run_after=None
[2024-09-17T06:28:29.045-0300] {logging_mixin.py:188} INFO - [2024-09-17T06:28:29.045-0300] {dag.py:3947} INFO - Setting next_dagrun for dataset_consumes_1_never_scheduled to None, run_after=None
[2024-09-17T06:28:29.047-0300] {logging_mixin.py:188} INFO - [2024-09-17T06:28:29.046-0300] {dag.py:3947} INFO - Setting next_dagrun for dataset_consumes_unknown_never_scheduled to None, run_after=None
[2024-09-17T06:28:29.050-0300] {logging_mixin.py:188} INFO - [2024-09-17T06:28:29.050-0300] {dag.py:3947} INFO - Setting next_dagrun for dataset_produces_1 to 2024-09-16 00:00:00+00:00, run_after=2024-09-17 00:00:00+00:00
[2024-09-17T06:28:29.051-0300] {logging_mixin.py:188} INFO - [2024-09-17T06:28:29.051-0300] {dag.py:3947} INFO - Setting next_dagrun for dataset_produces_2 to None, run_after=None
[2024-09-17T06:28:29.092-0300] {processor.py:183} INFO - Processing /home/jezandre/airflow/airflow_env/lib/python3.11/site-packages/airflow/example_dags/example_datasets.py took 0.301 seconds
[2024-09-17T06:29:22.643-0300] {processor.py:161} INFO - Started process (PID=20679) to work on /home/jezandre/airflow/airflow_env/lib/python3.11/site-packages/airflow/example_dags/example_datasets.py
[2024-09-17T06:29:22.644-0300] {processor.py:830} INFO - Processing file /home/jezandre/airflow/airflow_env/lib/python3.11/site-packages/airflow/example_dags/example_datasets.py for tasks to queue
[2024-09-17T06:29:22.645-0300] {logging_mixin.py:188} INFO - [2024-09-17T06:29:22.645-0300] {dagbag.py:545} INFO - Filling up the DagBag from /home/jezandre/airflow/airflow_env/lib/python3.11/site-packages/airflow/example_dags/example_datasets.py
[2024-09-17T06:29:22.656-0300] {processor.py:840} INFO - DAG(s) 'dataset_consumes_1_and_2', 'consume_1_or_both_2_and_3_with_dataset_expressions', 'conditional_dataset_and_time_based_timetable', 'dataset_consumes_1_never_scheduled', 'dataset_produces_1', 'dataset_consumes_unknown_never_scheduled', 'dataset_produces_2', 'consume_1_or_2_with_dataset_expressions', 'consume_1_and_2_with_dataset_expressions', 'dataset_consumes_1' retrieved from /home/jezandre/airflow/airflow_env/lib/python3.11/site-packages/airflow/example_dags/example_datasets.py
[2024-09-17T06:29:22.697-0300] {logging_mixin.py:188} INFO - [2024-09-17T06:29:22.697-0300] {dag.py:3089} INFO - Sync 10 DAGs
[2024-09-17T06:29:22.718-0300] {logging_mixin.py:188} INFO - [2024-09-17T06:29:22.718-0300] {dag.py:3947} INFO - Setting next_dagrun for conditional_dataset_and_time_based_timetable to 2024-09-11 01:00:00+00:00, run_after=2024-09-11 01:00:00+00:00
[2024-09-17T06:29:22.722-0300] {logging_mixin.py:188} INFO - [2024-09-17T06:29:22.722-0300] {dag.py:3947} INFO - Setting next_dagrun for consume_1_and_2_with_dataset_expressions to None, run_after=None
[2024-09-17T06:29:22.723-0300] {logging_mixin.py:188} INFO - [2024-09-17T06:29:22.723-0300] {dag.py:3947} INFO - Setting next_dagrun for consume_1_or_2_with_dataset_expressions to None, run_after=None
[2024-09-17T06:29:22.724-0300] {logging_mixin.py:188} INFO - [2024-09-17T06:29:22.724-0300] {dag.py:3947} INFO - Setting next_dagrun for consume_1_or_both_2_and_3_with_dataset_expressions to None, run_after=None
[2024-09-17T06:29:22.725-0300] {logging_mixin.py:188} INFO - [2024-09-17T06:29:22.725-0300] {dag.py:3947} INFO - Setting next_dagrun for dataset_consumes_1 to None, run_after=None
[2024-09-17T06:29:22.726-0300] {logging_mixin.py:188} INFO - [2024-09-17T06:29:22.726-0300] {dag.py:3947} INFO - Setting next_dagrun for dataset_consumes_1_and_2 to None, run_after=None
[2024-09-17T06:29:22.727-0300] {logging_mixin.py:188} INFO - [2024-09-17T06:29:22.727-0300] {dag.py:3947} INFO - Setting next_dagrun for dataset_consumes_1_never_scheduled to None, run_after=None
[2024-09-17T06:29:22.728-0300] {logging_mixin.py:188} INFO - [2024-09-17T06:29:22.728-0300] {dag.py:3947} INFO - Setting next_dagrun for dataset_consumes_unknown_never_scheduled to None, run_after=None
[2024-09-17T06:29:22.730-0300] {logging_mixin.py:188} INFO - [2024-09-17T06:29:22.730-0300] {dag.py:3947} INFO - Setting next_dagrun for dataset_produces_1 to 2024-09-16 00:00:00+00:00, run_after=2024-09-17 00:00:00+00:00
[2024-09-17T06:29:22.731-0300] {logging_mixin.py:188} INFO - [2024-09-17T06:29:22.731-0300] {dag.py:3947} INFO - Setting next_dagrun for dataset_produces_2 to None, run_after=None
[2024-09-17T06:29:22.762-0300] {processor.py:183} INFO - Processing /home/jezandre/airflow/airflow_env/lib/python3.11/site-packages/airflow/example_dags/example_datasets.py took 0.125 seconds
[2024-09-17T06:29:51.616-0300] {processor.py:161} INFO - Started process (PID=21049) to work on /home/jezandre/airflow/airflow_env/lib/python3.11/site-packages/airflow/example_dags/example_datasets.py
[2024-09-17T06:29:51.618-0300] {processor.py:830} INFO - Processing file /home/jezandre/airflow/airflow_env/lib/python3.11/site-packages/airflow/example_dags/example_datasets.py for tasks to queue
[2024-09-17T06:29:51.620-0300] {logging_mixin.py:188} INFO - [2024-09-17T06:29:51.620-0300] {dagbag.py:545} INFO - Filling up the DagBag from /home/jezandre/airflow/airflow_env/lib/python3.11/site-packages/airflow/example_dags/example_datasets.py
[2024-09-17T06:29:51.638-0300] {processor.py:840} INFO - DAG(s) 'consume_1_or_2_with_dataset_expressions', 'dataset_consumes_1_never_scheduled', 'consume_1_or_both_2_and_3_with_dataset_expressions', 'consume_1_and_2_with_dataset_expressions', 'dataset_consumes_unknown_never_scheduled', 'dataset_consumes_1', 'dataset_consumes_1_and_2', 'dataset_produces_1', 'dataset_produces_2', 'conditional_dataset_and_time_based_timetable' retrieved from /home/jezandre/airflow/airflow_env/lib/python3.11/site-packages/airflow/example_dags/example_datasets.py
[2024-09-17T06:29:52.095-0300] {logging_mixin.py:188} INFO - [2024-09-17T06:29:52.094-0300] {dag.py:3089} INFO - Sync 10 DAGs
[2024-09-17T06:29:52.123-0300] {logging_mixin.py:188} INFO - [2024-09-17T06:29:52.123-0300] {dag.py:3947} INFO - Setting next_dagrun for conditional_dataset_and_time_based_timetable to 2024-09-11 01:00:00+00:00, run_after=2024-09-11 01:00:00+00:00
[2024-09-17T06:29:52.127-0300] {logging_mixin.py:188} INFO - [2024-09-17T06:29:52.127-0300] {dag.py:3947} INFO - Setting next_dagrun for consume_1_and_2_with_dataset_expressions to None, run_after=None
[2024-09-17T06:29:52.129-0300] {logging_mixin.py:188} INFO - [2024-09-17T06:29:52.129-0300] {dag.py:3947} INFO - Setting next_dagrun for consume_1_or_2_with_dataset_expressions to None, run_after=None
[2024-09-17T06:29:52.131-0300] {logging_mixin.py:188} INFO - [2024-09-17T06:29:52.130-0300] {dag.py:3947} INFO - Setting next_dagrun for consume_1_or_both_2_and_3_with_dataset_expressions to None, run_after=None
[2024-09-17T06:29:52.132-0300] {logging_mixin.py:188} INFO - [2024-09-17T06:29:52.132-0300] {dag.py:3947} INFO - Setting next_dagrun for dataset_consumes_1 to None, run_after=None
[2024-09-17T06:29:52.134-0300] {logging_mixin.py:188} INFO - [2024-09-17T06:29:52.134-0300] {dag.py:3947} INFO - Setting next_dagrun for dataset_consumes_1_and_2 to None, run_after=None
[2024-09-17T06:29:52.136-0300] {logging_mixin.py:188} INFO - [2024-09-17T06:29:52.136-0300] {dag.py:3947} INFO - Setting next_dagrun for dataset_consumes_1_never_scheduled to None, run_after=None
[2024-09-17T06:29:52.138-0300] {logging_mixin.py:188} INFO - [2024-09-17T06:29:52.138-0300] {dag.py:3947} INFO - Setting next_dagrun for dataset_consumes_unknown_never_scheduled to None, run_after=None
[2024-09-17T06:29:52.143-0300] {logging_mixin.py:188} INFO - [2024-09-17T06:29:52.142-0300] {dag.py:3947} INFO - Setting next_dagrun for dataset_produces_1 to 2024-09-16 00:00:00+00:00, run_after=2024-09-17 00:00:00+00:00
[2024-09-17T06:29:52.145-0300] {logging_mixin.py:188} INFO - [2024-09-17T06:29:52.144-0300] {dag.py:3947} INFO - Setting next_dagrun for dataset_produces_2 to None, run_after=None
[2024-09-17T06:29:52.209-0300] {processor.py:183} INFO - Processing /home/jezandre/airflow/airflow_env/lib/python3.11/site-packages/airflow/example_dags/example_datasets.py took 0.600 seconds
[2024-09-17T06:30:22.280-0300] {processor.py:161} INFO - Started process (PID=21346) to work on /home/jezandre/airflow/airflow_env/lib/python3.11/site-packages/airflow/example_dags/example_datasets.py
[2024-09-17T06:30:22.282-0300] {processor.py:830} INFO - Processing file /home/jezandre/airflow/airflow_env/lib/python3.11/site-packages/airflow/example_dags/example_datasets.py for tasks to queue
[2024-09-17T06:30:22.284-0300] {logging_mixin.py:188} INFO - [2024-09-17T06:30:22.283-0300] {dagbag.py:545} INFO - Filling up the DagBag from /home/jezandre/airflow/airflow_env/lib/python3.11/site-packages/airflow/example_dags/example_datasets.py
[2024-09-17T06:30:22.298-0300] {processor.py:840} INFO - DAG(s) 'dataset_produces_1', 'consume_1_or_2_with_dataset_expressions', 'dataset_consumes_1', 'dataset_consumes_1_never_scheduled', 'consume_1_and_2_with_dataset_expressions', 'dataset_produces_2', 'consume_1_or_both_2_and_3_with_dataset_expressions', 'conditional_dataset_and_time_based_timetable', 'dataset_consumes_unknown_never_scheduled', 'dataset_consumes_1_and_2' retrieved from /home/jezandre/airflow/airflow_env/lib/python3.11/site-packages/airflow/example_dags/example_datasets.py
[2024-09-17T06:30:22.383-0300] {logging_mixin.py:188} INFO - [2024-09-17T06:30:22.383-0300] {dag.py:3089} INFO - Sync 10 DAGs
[2024-09-17T06:30:22.414-0300] {logging_mixin.py:188} INFO - [2024-09-17T06:30:22.414-0300] {dag.py:3947} INFO - Setting next_dagrun for conditional_dataset_and_time_based_timetable to 2024-09-11 01:00:00+00:00, run_after=2024-09-11 01:00:00+00:00
[2024-09-17T06:30:22.419-0300] {logging_mixin.py:188} INFO - [2024-09-17T06:30:22.419-0300] {dag.py:3947} INFO - Setting next_dagrun for consume_1_and_2_with_dataset_expressions to None, run_after=None
[2024-09-17T06:30:22.421-0300] {logging_mixin.py:188} INFO - [2024-09-17T06:30:22.421-0300] {dag.py:3947} INFO - Setting next_dagrun for consume_1_or_2_with_dataset_expressions to None, run_after=None
[2024-09-17T06:30:22.423-0300] {logging_mixin.py:188} INFO - [2024-09-17T06:30:22.423-0300] {dag.py:3947} INFO - Setting next_dagrun for consume_1_or_both_2_and_3_with_dataset_expressions to None, run_after=None
[2024-09-17T06:30:22.425-0300] {logging_mixin.py:188} INFO - [2024-09-17T06:30:22.425-0300] {dag.py:3947} INFO - Setting next_dagrun for dataset_consumes_1 to None, run_after=None
[2024-09-17T06:30:22.427-0300] {logging_mixin.py:188} INFO - [2024-09-17T06:30:22.427-0300] {dag.py:3947} INFO - Setting next_dagrun for dataset_consumes_1_and_2 to None, run_after=None
[2024-09-17T06:30:22.429-0300] {logging_mixin.py:188} INFO - [2024-09-17T06:30:22.429-0300] {dag.py:3947} INFO - Setting next_dagrun for dataset_consumes_1_never_scheduled to None, run_after=None
[2024-09-17T06:30:22.430-0300] {logging_mixin.py:188} INFO - [2024-09-17T06:30:22.430-0300] {dag.py:3947} INFO - Setting next_dagrun for dataset_consumes_unknown_never_scheduled to None, run_after=None
[2024-09-17T06:30:22.436-0300] {logging_mixin.py:188} INFO - [2024-09-17T06:30:22.435-0300] {dag.py:3947} INFO - Setting next_dagrun for dataset_produces_1 to 2024-09-16 00:00:00+00:00, run_after=2024-09-17 00:00:00+00:00
[2024-09-17T06:30:22.441-0300] {logging_mixin.py:188} INFO - [2024-09-17T06:30:22.440-0300] {dag.py:3947} INFO - Setting next_dagrun for dataset_produces_2 to None, run_after=None
[2024-09-17T06:30:22.490-0300] {processor.py:183} INFO - Processing /home/jezandre/airflow/airflow_env/lib/python3.11/site-packages/airflow/example_dags/example_datasets.py took 0.219 seconds
[2024-09-17T06:30:52.977-0300] {processor.py:161} INFO - Started process (PID=21556) to work on /home/jezandre/airflow/airflow_env/lib/python3.11/site-packages/airflow/example_dags/example_datasets.py
[2024-09-17T06:30:52.978-0300] {processor.py:830} INFO - Processing file /home/jezandre/airflow/airflow_env/lib/python3.11/site-packages/airflow/example_dags/example_datasets.py for tasks to queue
[2024-09-17T06:30:52.980-0300] {logging_mixin.py:188} INFO - [2024-09-17T06:30:52.979-0300] {dagbag.py:545} INFO - Filling up the DagBag from /home/jezandre/airflow/airflow_env/lib/python3.11/site-packages/airflow/example_dags/example_datasets.py
[2024-09-17T06:30:52.992-0300] {processor.py:840} INFO - DAG(s) 'dataset_produces_1', 'consume_1_and_2_with_dataset_expressions', 'dataset_consumes_1_never_scheduled', 'dataset_consumes_1_and_2', 'dataset_consumes_unknown_never_scheduled', 'conditional_dataset_and_time_based_timetable', 'consume_1_or_both_2_and_3_with_dataset_expressions', 'dataset_produces_2', 'dataset_consumes_1', 'consume_1_or_2_with_dataset_expressions' retrieved from /home/jezandre/airflow/airflow_env/lib/python3.11/site-packages/airflow/example_dags/example_datasets.py
[2024-09-17T06:30:53.064-0300] {logging_mixin.py:188} INFO - [2024-09-17T06:30:53.064-0300] {dag.py:3089} INFO - Sync 10 DAGs
[2024-09-17T06:30:53.095-0300] {logging_mixin.py:188} INFO - [2024-09-17T06:30:53.095-0300] {dag.py:3947} INFO - Setting next_dagrun for conditional_dataset_and_time_based_timetable to 2024-09-11 01:00:00+00:00, run_after=2024-09-11 01:00:00+00:00
[2024-09-17T06:30:53.099-0300] {logging_mixin.py:188} INFO - [2024-09-17T06:30:53.099-0300] {dag.py:3947} INFO - Setting next_dagrun for consume_1_and_2_with_dataset_expressions to None, run_after=None
[2024-09-17T06:30:53.102-0300] {logging_mixin.py:188} INFO - [2024-09-17T06:30:53.101-0300] {dag.py:3947} INFO - Setting next_dagrun for consume_1_or_2_with_dataset_expressions to None, run_after=None
[2024-09-17T06:30:53.103-0300] {logging_mixin.py:188} INFO - [2024-09-17T06:30:53.103-0300] {dag.py:3947} INFO - Setting next_dagrun for consume_1_or_both_2_and_3_with_dataset_expressions to None, run_after=None
[2024-09-17T06:30:53.105-0300] {logging_mixin.py:188} INFO - [2024-09-17T06:30:53.105-0300] {dag.py:3947} INFO - Setting next_dagrun for dataset_consumes_1 to None, run_after=None
[2024-09-17T06:30:53.108-0300] {logging_mixin.py:188} INFO - [2024-09-17T06:30:53.108-0300] {dag.py:3947} INFO - Setting next_dagrun for dataset_consumes_1_and_2 to None, run_after=None
[2024-09-17T06:30:53.110-0300] {logging_mixin.py:188} INFO - [2024-09-17T06:30:53.110-0300] {dag.py:3947} INFO - Setting next_dagrun for dataset_consumes_1_never_scheduled to None, run_after=None
[2024-09-17T06:30:53.112-0300] {logging_mixin.py:188} INFO - [2024-09-17T06:30:53.112-0300] {dag.py:3947} INFO - Setting next_dagrun for dataset_consumes_unknown_never_scheduled to None, run_after=None
[2024-09-17T06:30:53.116-0300] {logging_mixin.py:188} INFO - [2024-09-17T06:30:53.115-0300] {dag.py:3947} INFO - Setting next_dagrun for dataset_produces_1 to 2024-09-16 00:00:00+00:00, run_after=2024-09-17 00:00:00+00:00
[2024-09-17T06:30:53.118-0300] {logging_mixin.py:188} INFO - [2024-09-17T06:30:53.118-0300] {dag.py:3947} INFO - Setting next_dagrun for dataset_produces_2 to None, run_after=None
[2024-09-17T06:30:53.178-0300] {processor.py:183} INFO - Processing /home/jezandre/airflow/airflow_env/lib/python3.11/site-packages/airflow/example_dags/example_datasets.py took 0.207 seconds
[2024-09-17T06:31:23.266-0300] {processor.py:161} INFO - Started process (PID=21756) to work on /home/jezandre/airflow/airflow_env/lib/python3.11/site-packages/airflow/example_dags/example_datasets.py
[2024-09-17T06:31:23.268-0300] {processor.py:830} INFO - Processing file /home/jezandre/airflow/airflow_env/lib/python3.11/site-packages/airflow/example_dags/example_datasets.py for tasks to queue
[2024-09-17T06:31:23.270-0300] {logging_mixin.py:188} INFO - [2024-09-17T06:31:23.269-0300] {dagbag.py:545} INFO - Filling up the DagBag from /home/jezandre/airflow/airflow_env/lib/python3.11/site-packages/airflow/example_dags/example_datasets.py
[2024-09-17T06:31:23.301-0300] {processor.py:840} INFO - DAG(s) 'dataset_consumes_1_and_2', 'dataset_produces_2', 'dataset_produces_1', 'dataset_consumes_unknown_never_scheduled', 'dataset_consumes_1', 'consume_1_or_2_with_dataset_expressions', 'conditional_dataset_and_time_based_timetable', 'consume_1_and_2_with_dataset_expressions', 'consume_1_or_both_2_and_3_with_dataset_expressions', 'dataset_consumes_1_never_scheduled' retrieved from /home/jezandre/airflow/airflow_env/lib/python3.11/site-packages/airflow/example_dags/example_datasets.py
[2024-09-17T06:31:23.387-0300] {logging_mixin.py:188} INFO - [2024-09-17T06:31:23.387-0300] {dag.py:3089} INFO - Sync 10 DAGs
[2024-09-17T06:31:23.432-0300] {logging_mixin.py:188} INFO - [2024-09-17T06:31:23.432-0300] {dag.py:3947} INFO - Setting next_dagrun for conditional_dataset_and_time_based_timetable to 2024-09-11 01:00:00+00:00, run_after=2024-09-11 01:00:00+00:00
[2024-09-17T06:31:23.439-0300] {logging_mixin.py:188} INFO - [2024-09-17T06:31:23.438-0300] {dag.py:3947} INFO - Setting next_dagrun for consume_1_and_2_with_dataset_expressions to None, run_after=None
[2024-09-17T06:31:23.443-0300] {logging_mixin.py:188} INFO - [2024-09-17T06:31:23.442-0300] {dag.py:3947} INFO - Setting next_dagrun for consume_1_or_2_with_dataset_expressions to None, run_after=None
[2024-09-17T06:31:23.445-0300] {logging_mixin.py:188} INFO - [2024-09-17T06:31:23.445-0300] {dag.py:3947} INFO - Setting next_dagrun for consume_1_or_both_2_and_3_with_dataset_expressions to None, run_after=None
[2024-09-17T06:31:23.449-0300] {logging_mixin.py:188} INFO - [2024-09-17T06:31:23.448-0300] {dag.py:3947} INFO - Setting next_dagrun for dataset_consumes_1 to None, run_after=None
[2024-09-17T06:31:23.452-0300] {logging_mixin.py:188} INFO - [2024-09-17T06:31:23.452-0300] {dag.py:3947} INFO - Setting next_dagrun for dataset_consumes_1_and_2 to None, run_after=None
[2024-09-17T06:31:23.455-0300] {logging_mixin.py:188} INFO - [2024-09-17T06:31:23.455-0300] {dag.py:3947} INFO - Setting next_dagrun for dataset_consumes_1_never_scheduled to None, run_after=None
[2024-09-17T06:31:23.459-0300] {logging_mixin.py:188} INFO - [2024-09-17T06:31:23.458-0300] {dag.py:3947} INFO - Setting next_dagrun for dataset_consumes_unknown_never_scheduled to None, run_after=None
[2024-09-17T06:31:23.463-0300] {logging_mixin.py:188} INFO - [2024-09-17T06:31:23.463-0300] {dag.py:3947} INFO - Setting next_dagrun for dataset_produces_1 to 2024-09-16 00:00:00+00:00, run_after=2024-09-17 00:00:00+00:00
[2024-09-17T06:31:23.466-0300] {logging_mixin.py:188} INFO - [2024-09-17T06:31:23.466-0300] {dag.py:3947} INFO - Setting next_dagrun for dataset_produces_2 to None, run_after=None
[2024-09-17T06:31:23.535-0300] {processor.py:183} INFO - Processing /home/jezandre/airflow/airflow_env/lib/python3.11/site-packages/airflow/example_dags/example_datasets.py took 0.277 seconds
[2024-09-17T06:31:53.795-0300] {processor.py:161} INFO - Started process (PID=22043) to work on /home/jezandre/airflow/airflow_env/lib/python3.11/site-packages/airflow/example_dags/example_datasets.py
[2024-09-17T06:31:53.797-0300] {processor.py:830} INFO - Processing file /home/jezandre/airflow/airflow_env/lib/python3.11/site-packages/airflow/example_dags/example_datasets.py for tasks to queue
[2024-09-17T06:31:53.799-0300] {logging_mixin.py:188} INFO - [2024-09-17T06:31:53.798-0300] {dagbag.py:545} INFO - Filling up the DagBag from /home/jezandre/airflow/airflow_env/lib/python3.11/site-packages/airflow/example_dags/example_datasets.py
[2024-09-17T06:31:53.811-0300] {processor.py:840} INFO - DAG(s) 'consume_1_or_2_with_dataset_expressions', 'consume_1_or_both_2_and_3_with_dataset_expressions', 'dataset_produces_1', 'dataset_consumes_1_and_2', 'dataset_consumes_1_never_scheduled', 'consume_1_and_2_with_dataset_expressions', 'dataset_consumes_1', 'dataset_produces_2', 'dataset_consumes_unknown_never_scheduled', 'conditional_dataset_and_time_based_timetable' retrieved from /home/jezandre/airflow/airflow_env/lib/python3.11/site-packages/airflow/example_dags/example_datasets.py
[2024-09-17T06:31:53.890-0300] {logging_mixin.py:188} INFO - [2024-09-17T06:31:53.890-0300] {dag.py:3089} INFO - Sync 10 DAGs
[2024-09-17T06:31:53.923-0300] {logging_mixin.py:188} INFO - [2024-09-17T06:31:53.923-0300] {dag.py:3947} INFO - Setting next_dagrun for conditional_dataset_and_time_based_timetable to 2024-09-11 01:00:00+00:00, run_after=2024-09-11 01:00:00+00:00
[2024-09-17T06:31:53.927-0300] {logging_mixin.py:188} INFO - [2024-09-17T06:31:53.927-0300] {dag.py:3947} INFO - Setting next_dagrun for consume_1_and_2_with_dataset_expressions to None, run_after=None
[2024-09-17T06:31:53.929-0300] {logging_mixin.py:188} INFO - [2024-09-17T06:31:53.929-0300] {dag.py:3947} INFO - Setting next_dagrun for consume_1_or_2_with_dataset_expressions to None, run_after=None
[2024-09-17T06:31:53.932-0300] {logging_mixin.py:188} INFO - [2024-09-17T06:31:53.932-0300] {dag.py:3947} INFO - Setting next_dagrun for consume_1_or_both_2_and_3_with_dataset_expressions to None, run_after=None
[2024-09-17T06:31:53.934-0300] {logging_mixin.py:188} INFO - [2024-09-17T06:31:53.934-0300] {dag.py:3947} INFO - Setting next_dagrun for dataset_consumes_1 to None, run_after=None
[2024-09-17T06:31:53.936-0300] {logging_mixin.py:188} INFO - [2024-09-17T06:31:53.936-0300] {dag.py:3947} INFO - Setting next_dagrun for dataset_consumes_1_and_2 to None, run_after=None
[2024-09-17T06:31:53.939-0300] {logging_mixin.py:188} INFO - [2024-09-17T06:31:53.938-0300] {dag.py:3947} INFO - Setting next_dagrun for dataset_consumes_1_never_scheduled to None, run_after=None
[2024-09-17T06:31:53.940-0300] {logging_mixin.py:188} INFO - [2024-09-17T06:31:53.940-0300] {dag.py:3947} INFO - Setting next_dagrun for dataset_consumes_unknown_never_scheduled to None, run_after=None
[2024-09-17T06:31:53.945-0300] {logging_mixin.py:188} INFO - [2024-09-17T06:31:53.944-0300] {dag.py:3947} INFO - Setting next_dagrun for dataset_produces_1 to 2024-09-16 00:00:00+00:00, run_after=2024-09-17 00:00:00+00:00
[2024-09-17T06:31:53.949-0300] {logging_mixin.py:188} INFO - [2024-09-17T06:31:53.949-0300] {dag.py:3947} INFO - Setting next_dagrun for dataset_produces_2 to None, run_after=None
[2024-09-17T06:31:54.017-0300] {processor.py:183} INFO - Processing /home/jezandre/airflow/airflow_env/lib/python3.11/site-packages/airflow/example_dags/example_datasets.py took 0.228 seconds
[2024-09-17T06:32:25.149-0300] {processor.py:161} INFO - Started process (PID=22523) to work on /home/jezandre/airflow/airflow_env/lib/python3.11/site-packages/airflow/example_dags/example_datasets.py
[2024-09-17T06:32:25.150-0300] {processor.py:830} INFO - Processing file /home/jezandre/airflow/airflow_env/lib/python3.11/site-packages/airflow/example_dags/example_datasets.py for tasks to queue
[2024-09-17T06:32:25.151-0300] {logging_mixin.py:188} INFO - [2024-09-17T06:32:25.151-0300] {dagbag.py:545} INFO - Filling up the DagBag from /home/jezandre/airflow/airflow_env/lib/python3.11/site-packages/airflow/example_dags/example_datasets.py
[2024-09-17T06:32:25.163-0300] {processor.py:840} INFO - DAG(s) 'consume_1_or_2_with_dataset_expressions', 'conditional_dataset_and_time_based_timetable', 'dataset_consumes_unknown_never_scheduled', 'dataset_produces_2', 'dataset_consumes_1', 'dataset_consumes_1_and_2', 'dataset_consumes_1_never_scheduled', 'dataset_produces_1', 'consume_1_and_2_with_dataset_expressions', 'consume_1_or_both_2_and_3_with_dataset_expressions' retrieved from /home/jezandre/airflow/airflow_env/lib/python3.11/site-packages/airflow/example_dags/example_datasets.py
[2024-09-17T06:32:25.478-0300] {logging_mixin.py:188} INFO - [2024-09-17T06:32:25.477-0300] {dag.py:3089} INFO - Sync 10 DAGs
[2024-09-17T06:32:25.516-0300] {logging_mixin.py:188} INFO - [2024-09-17T06:32:25.515-0300] {dag.py:3947} INFO - Setting next_dagrun for conditional_dataset_and_time_based_timetable to 2024-09-11 01:00:00+00:00, run_after=2024-09-11 01:00:00+00:00
[2024-09-17T06:32:25.521-0300] {logging_mixin.py:188} INFO - [2024-09-17T06:32:25.520-0300] {dag.py:3947} INFO - Setting next_dagrun for consume_1_and_2_with_dataset_expressions to None, run_after=None
[2024-09-17T06:32:25.524-0300] {logging_mixin.py:188} INFO - [2024-09-17T06:32:25.524-0300] {dag.py:3947} INFO - Setting next_dagrun for consume_1_or_2_with_dataset_expressions to None, run_after=None
[2024-09-17T06:32:25.526-0300] {logging_mixin.py:188} INFO - [2024-09-17T06:32:25.526-0300] {dag.py:3947} INFO - Setting next_dagrun for consume_1_or_both_2_and_3_with_dataset_expressions to None, run_after=None
[2024-09-17T06:32:25.528-0300] {logging_mixin.py:188} INFO - [2024-09-17T06:32:25.528-0300] {dag.py:3947} INFO - Setting next_dagrun for dataset_consumes_1 to None, run_after=None
[2024-09-17T06:32:25.530-0300] {logging_mixin.py:188} INFO - [2024-09-17T06:32:25.530-0300] {dag.py:3947} INFO - Setting next_dagrun for dataset_consumes_1_and_2 to None, run_after=None
[2024-09-17T06:32:25.532-0300] {logging_mixin.py:188} INFO - [2024-09-17T06:32:25.532-0300] {dag.py:3947} INFO - Setting next_dagrun for dataset_consumes_1_never_scheduled to None, run_after=None
[2024-09-17T06:32:25.535-0300] {logging_mixin.py:188} INFO - [2024-09-17T06:32:25.535-0300] {dag.py:3947} INFO - Setting next_dagrun for dataset_consumes_unknown_never_scheduled to None, run_after=None
[2024-09-17T06:32:25.539-0300] {logging_mixin.py:188} INFO - [2024-09-17T06:32:25.539-0300] {dag.py:3947} INFO - Setting next_dagrun for dataset_produces_1 to 2024-09-16 00:00:00+00:00, run_after=2024-09-17 00:00:00+00:00
[2024-09-17T06:32:25.541-0300] {logging_mixin.py:188} INFO - [2024-09-17T06:32:25.541-0300] {dag.py:3947} INFO - Setting next_dagrun for dataset_produces_2 to None, run_after=None
[2024-09-17T06:32:25.608-0300] {processor.py:183} INFO - Processing /home/jezandre/airflow/airflow_env/lib/python3.11/site-packages/airflow/example_dags/example_datasets.py took 0.465 seconds
[2024-09-17T06:32:56.399-0300] {processor.py:161} INFO - Started process (PID=22888) to work on /home/jezandre/airflow/airflow_env/lib/python3.11/site-packages/airflow/example_dags/example_datasets.py
[2024-09-17T06:32:56.400-0300] {processor.py:830} INFO - Processing file /home/jezandre/airflow/airflow_env/lib/python3.11/site-packages/airflow/example_dags/example_datasets.py for tasks to queue
[2024-09-17T06:32:56.404-0300] {logging_mixin.py:188} INFO - [2024-09-17T06:32:56.403-0300] {dagbag.py:545} INFO - Filling up the DagBag from /home/jezandre/airflow/airflow_env/lib/python3.11/site-packages/airflow/example_dags/example_datasets.py
[2024-09-17T06:32:56.422-0300] {processor.py:840} INFO - DAG(s) 'dataset_produces_1', 'consume_1_or_2_with_dataset_expressions', 'dataset_consumes_1', 'dataset_consumes_unknown_never_scheduled', 'conditional_dataset_and_time_based_timetable', 'dataset_produces_2', 'dataset_consumes_1_never_scheduled', 'dataset_consumes_1_and_2', 'consume_1_or_both_2_and_3_with_dataset_expressions', 'consume_1_and_2_with_dataset_expressions' retrieved from /home/jezandre/airflow/airflow_env/lib/python3.11/site-packages/airflow/example_dags/example_datasets.py
[2024-09-17T06:32:56.493-0300] {logging_mixin.py:188} INFO - [2024-09-17T06:32:56.493-0300] {dag.py:3089} INFO - Sync 10 DAGs
[2024-09-17T06:32:56.521-0300] {logging_mixin.py:188} INFO - [2024-09-17T06:32:56.521-0300] {dag.py:3947} INFO - Setting next_dagrun for conditional_dataset_and_time_based_timetable to 2024-09-11 01:00:00+00:00, run_after=2024-09-11 01:00:00+00:00
[2024-09-17T06:32:56.526-0300] {logging_mixin.py:188} INFO - [2024-09-17T06:32:56.526-0300] {dag.py:3947} INFO - Setting next_dagrun for consume_1_and_2_with_dataset_expressions to None, run_after=None
[2024-09-17T06:32:56.528-0300] {logging_mixin.py:188} INFO - [2024-09-17T06:32:56.528-0300] {dag.py:3947} INFO - Setting next_dagrun for consume_1_or_2_with_dataset_expressions to None, run_after=None
[2024-09-17T06:32:56.530-0300] {logging_mixin.py:188} INFO - [2024-09-17T06:32:56.530-0300] {dag.py:3947} INFO - Setting next_dagrun for consume_1_or_both_2_and_3_with_dataset_expressions to None, run_after=None
[2024-09-17T06:32:56.532-0300] {logging_mixin.py:188} INFO - [2024-09-17T06:32:56.532-0300] {dag.py:3947} INFO - Setting next_dagrun for dataset_consumes_1 to None, run_after=None
[2024-09-17T06:32:56.535-0300] {logging_mixin.py:188} INFO - [2024-09-17T06:32:56.535-0300] {dag.py:3947} INFO - Setting next_dagrun for dataset_consumes_1_and_2 to None, run_after=None
[2024-09-17T06:32:56.538-0300] {logging_mixin.py:188} INFO - [2024-09-17T06:32:56.537-0300] {dag.py:3947} INFO - Setting next_dagrun for dataset_consumes_1_never_scheduled to None, run_after=None
[2024-09-17T06:32:56.540-0300] {logging_mixin.py:188} INFO - [2024-09-17T06:32:56.540-0300] {dag.py:3947} INFO - Setting next_dagrun for dataset_consumes_unknown_never_scheduled to None, run_after=None
[2024-09-17T06:32:56.545-0300] {logging_mixin.py:188} INFO - [2024-09-17T06:32:56.544-0300] {dag.py:3947} INFO - Setting next_dagrun for dataset_produces_1 to 2024-09-16 00:00:00+00:00, run_after=2024-09-17 00:00:00+00:00
[2024-09-17T06:32:56.547-0300] {logging_mixin.py:188} INFO - [2024-09-17T06:32:56.546-0300] {dag.py:3947} INFO - Setting next_dagrun for dataset_produces_2 to None, run_after=None
[2024-09-17T06:32:56.608-0300] {processor.py:183} INFO - Processing /home/jezandre/airflow/airflow_env/lib/python3.11/site-packages/airflow/example_dags/example_datasets.py took 0.220 seconds
[2024-09-17T06:33:26.918-0300] {processor.py:161} INFO - Started process (PID=23126) to work on /home/jezandre/airflow/airflow_env/lib/python3.11/site-packages/airflow/example_dags/example_datasets.py
[2024-09-17T06:33:26.923-0300] {processor.py:830} INFO - Processing file /home/jezandre/airflow/airflow_env/lib/python3.11/site-packages/airflow/example_dags/example_datasets.py for tasks to queue
[2024-09-17T06:33:26.925-0300] {logging_mixin.py:188} INFO - [2024-09-17T06:33:26.925-0300] {dagbag.py:545} INFO - Filling up the DagBag from /home/jezandre/airflow/airflow_env/lib/python3.11/site-packages/airflow/example_dags/example_datasets.py
[2024-09-17T06:33:26.941-0300] {processor.py:840} INFO - DAG(s) 'dataset_consumes_1_never_scheduled', 'dataset_consumes_unknown_never_scheduled', 'consume_1_and_2_with_dataset_expressions', 'consume_1_or_both_2_and_3_with_dataset_expressions', 'dataset_consumes_1', 'dataset_produces_2', 'conditional_dataset_and_time_based_timetable', 'dataset_produces_1', 'consume_1_or_2_with_dataset_expressions', 'dataset_consumes_1_and_2' retrieved from /home/jezandre/airflow/airflow_env/lib/python3.11/site-packages/airflow/example_dags/example_datasets.py
[2024-09-17T06:33:27.011-0300] {logging_mixin.py:188} INFO - [2024-09-17T06:33:27.011-0300] {dag.py:3089} INFO - Sync 10 DAGs
[2024-09-17T06:33:27.045-0300] {logging_mixin.py:188} INFO - [2024-09-17T06:33:27.045-0300] {dag.py:3947} INFO - Setting next_dagrun for conditional_dataset_and_time_based_timetable to 2024-09-11 01:00:00+00:00, run_after=2024-09-11 01:00:00+00:00
[2024-09-17T06:33:27.049-0300] {logging_mixin.py:188} INFO - [2024-09-17T06:33:27.049-0300] {dag.py:3947} INFO - Setting next_dagrun for consume_1_and_2_with_dataset_expressions to None, run_after=None
[2024-09-17T06:33:27.051-0300] {logging_mixin.py:188} INFO - [2024-09-17T06:33:27.051-0300] {dag.py:3947} INFO - Setting next_dagrun for consume_1_or_2_with_dataset_expressions to None, run_after=None
[2024-09-17T06:33:27.053-0300] {logging_mixin.py:188} INFO - [2024-09-17T06:33:27.053-0300] {dag.py:3947} INFO - Setting next_dagrun for consume_1_or_both_2_and_3_with_dataset_expressions to None, run_after=None
[2024-09-17T06:33:27.055-0300] {logging_mixin.py:188} INFO - [2024-09-17T06:33:27.054-0300] {dag.py:3947} INFO - Setting next_dagrun for dataset_consumes_1 to None, run_after=None
[2024-09-17T06:33:27.057-0300] {logging_mixin.py:188} INFO - [2024-09-17T06:33:27.057-0300] {dag.py:3947} INFO - Setting next_dagrun for dataset_consumes_1_and_2 to None, run_after=None
[2024-09-17T06:33:27.059-0300] {logging_mixin.py:188} INFO - [2024-09-17T06:33:27.058-0300] {dag.py:3947} INFO - Setting next_dagrun for dataset_consumes_1_never_scheduled to None, run_after=None
[2024-09-17T06:33:27.060-0300] {logging_mixin.py:188} INFO - [2024-09-17T06:33:27.060-0300] {dag.py:3947} INFO - Setting next_dagrun for dataset_consumes_unknown_never_scheduled to None, run_after=None
[2024-09-17T06:33:27.063-0300] {logging_mixin.py:188} INFO - [2024-09-17T06:33:27.063-0300] {dag.py:3947} INFO - Setting next_dagrun for dataset_produces_1 to 2024-09-16 00:00:00+00:00, run_after=2024-09-17 00:00:00+00:00
[2024-09-17T06:33:27.065-0300] {logging_mixin.py:188} INFO - [2024-09-17T06:33:27.065-0300] {dag.py:3947} INFO - Setting next_dagrun for dataset_produces_2 to None, run_after=None
[2024-09-17T06:33:27.118-0300] {processor.py:183} INFO - Processing /home/jezandre/airflow/airflow_env/lib/python3.11/site-packages/airflow/example_dags/example_datasets.py took 0.208 seconds
[2024-09-17T06:33:57.561-0300] {processor.py:161} INFO - Started process (PID=23404) to work on /home/jezandre/airflow/airflow_env/lib/python3.11/site-packages/airflow/example_dags/example_datasets.py
[2024-09-17T06:33:57.562-0300] {processor.py:830} INFO - Processing file /home/jezandre/airflow/airflow_env/lib/python3.11/site-packages/airflow/example_dags/example_datasets.py for tasks to queue
[2024-09-17T06:33:57.564-0300] {logging_mixin.py:188} INFO - [2024-09-17T06:33:57.563-0300] {dagbag.py:545} INFO - Filling up the DagBag from /home/jezandre/airflow/airflow_env/lib/python3.11/site-packages/airflow/example_dags/example_datasets.py
[2024-09-17T06:33:57.577-0300] {processor.py:840} INFO - DAG(s) 'consume_1_or_both_2_and_3_with_dataset_expressions', 'dataset_consumes_1', 'conditional_dataset_and_time_based_timetable', 'dataset_produces_2', 'dataset_produces_1', 'dataset_consumes_unknown_never_scheduled', 'dataset_consumes_1_and_2', 'dataset_consumes_1_never_scheduled', 'consume_1_or_2_with_dataset_expressions', 'consume_1_and_2_with_dataset_expressions' retrieved from /home/jezandre/airflow/airflow_env/lib/python3.11/site-packages/airflow/example_dags/example_datasets.py
[2024-09-17T06:33:57.707-0300] {logging_mixin.py:188} INFO - [2024-09-17T06:33:57.706-0300] {dag.py:3089} INFO - Sync 10 DAGs
[2024-09-17T06:33:57.753-0300] {logging_mixin.py:188} INFO - [2024-09-17T06:33:57.752-0300] {dag.py:3947} INFO - Setting next_dagrun for conditional_dataset_and_time_based_timetable to 2024-09-11 01:00:00+00:00, run_after=2024-09-11 01:00:00+00:00
[2024-09-17T06:33:57.758-0300] {logging_mixin.py:188} INFO - [2024-09-17T06:33:57.757-0300] {dag.py:3947} INFO - Setting next_dagrun for consume_1_and_2_with_dataset_expressions to None, run_after=None
[2024-09-17T06:33:57.761-0300] {logging_mixin.py:188} INFO - [2024-09-17T06:33:57.760-0300] {dag.py:3947} INFO - Setting next_dagrun for consume_1_or_2_with_dataset_expressions to None, run_after=None
[2024-09-17T06:33:57.764-0300] {logging_mixin.py:188} INFO - [2024-09-17T06:33:57.763-0300] {dag.py:3947} INFO - Setting next_dagrun for consume_1_or_both_2_and_3_with_dataset_expressions to None, run_after=None
[2024-09-17T06:33:57.766-0300] {logging_mixin.py:188} INFO - [2024-09-17T06:33:57.766-0300] {dag.py:3947} INFO - Setting next_dagrun for dataset_consumes_1 to None, run_after=None
[2024-09-17T06:33:57.769-0300] {logging_mixin.py:188} INFO - [2024-09-17T06:33:57.768-0300] {dag.py:3947} INFO - Setting next_dagrun for dataset_consumes_1_and_2 to None, run_after=None
[2024-09-17T06:33:57.771-0300] {logging_mixin.py:188} INFO - [2024-09-17T06:33:57.771-0300] {dag.py:3947} INFO - Setting next_dagrun for dataset_consumes_1_never_scheduled to None, run_after=None
[2024-09-17T06:33:57.773-0300] {logging_mixin.py:188} INFO - [2024-09-17T06:33:57.773-0300] {dag.py:3947} INFO - Setting next_dagrun for dataset_consumes_unknown_never_scheduled to None, run_after=None
[2024-09-17T06:33:57.778-0300] {logging_mixin.py:188} INFO - [2024-09-17T06:33:57.778-0300] {dag.py:3947} INFO - Setting next_dagrun for dataset_produces_1 to 2024-09-16 00:00:00+00:00, run_after=2024-09-17 00:00:00+00:00
[2024-09-17T06:33:57.781-0300] {logging_mixin.py:188} INFO - [2024-09-17T06:33:57.780-0300] {dag.py:3947} INFO - Setting next_dagrun for dataset_produces_2 to None, run_after=None
[2024-09-17T06:33:57.847-0300] {processor.py:183} INFO - Processing /home/jezandre/airflow/airflow_env/lib/python3.11/site-packages/airflow/example_dags/example_datasets.py took 0.294 seconds
[2024-09-17T06:34:27.972-0300] {processor.py:161} INFO - Started process (PID=23643) to work on /home/jezandre/airflow/airflow_env/lib/python3.11/site-packages/airflow/example_dags/example_datasets.py
[2024-09-17T06:34:27.974-0300] {processor.py:830} INFO - Processing file /home/jezandre/airflow/airflow_env/lib/python3.11/site-packages/airflow/example_dags/example_datasets.py for tasks to queue
[2024-09-17T06:34:27.976-0300] {logging_mixin.py:188} INFO - [2024-09-17T06:34:27.976-0300] {dagbag.py:545} INFO - Filling up the DagBag from /home/jezandre/airflow/airflow_env/lib/python3.11/site-packages/airflow/example_dags/example_datasets.py
[2024-09-17T06:34:27.994-0300] {processor.py:840} INFO - DAG(s) 'consume_1_or_2_with_dataset_expressions', 'dataset_produces_2', 'dataset_produces_1', 'dataset_consumes_1_and_2', 'consume_1_and_2_with_dataset_expressions', 'conditional_dataset_and_time_based_timetable', 'consume_1_or_both_2_and_3_with_dataset_expressions', 'dataset_consumes_1', 'dataset_consumes_1_never_scheduled', 'dataset_consumes_unknown_never_scheduled' retrieved from /home/jezandre/airflow/airflow_env/lib/python3.11/site-packages/airflow/example_dags/example_datasets.py
[2024-09-17T06:34:28.066-0300] {logging_mixin.py:188} INFO - [2024-09-17T06:34:28.065-0300] {dag.py:3089} INFO - Sync 10 DAGs
[2024-09-17T06:34:28.103-0300] {logging_mixin.py:188} INFO - [2024-09-17T06:34:28.103-0300] {dag.py:3947} INFO - Setting next_dagrun for conditional_dataset_and_time_based_timetable to 2024-09-11 01:00:00+00:00, run_after=2024-09-11 01:00:00+00:00
[2024-09-17T06:34:28.108-0300] {logging_mixin.py:188} INFO - [2024-09-17T06:34:28.107-0300] {dag.py:3947} INFO - Setting next_dagrun for consume_1_and_2_with_dataset_expressions to None, run_after=None
[2024-09-17T06:34:28.111-0300] {logging_mixin.py:188} INFO - [2024-09-17T06:34:28.110-0300] {dag.py:3947} INFO - Setting next_dagrun for consume_1_or_2_with_dataset_expressions to None, run_after=None
[2024-09-17T06:34:28.113-0300] {logging_mixin.py:188} INFO - [2024-09-17T06:34:28.112-0300] {dag.py:3947} INFO - Setting next_dagrun for consume_1_or_both_2_and_3_with_dataset_expressions to None, run_after=None
[2024-09-17T06:34:28.115-0300] {logging_mixin.py:188} INFO - [2024-09-17T06:34:28.115-0300] {dag.py:3947} INFO - Setting next_dagrun for dataset_consumes_1 to None, run_after=None
[2024-09-17T06:34:28.117-0300] {logging_mixin.py:188} INFO - [2024-09-17T06:34:28.117-0300] {dag.py:3947} INFO - Setting next_dagrun for dataset_consumes_1_and_2 to None, run_after=None
[2024-09-17T06:34:28.119-0300] {logging_mixin.py:188} INFO - [2024-09-17T06:34:28.119-0300] {dag.py:3947} INFO - Setting next_dagrun for dataset_consumes_1_never_scheduled to None, run_after=None
[2024-09-17T06:34:28.121-0300] {logging_mixin.py:188} INFO - [2024-09-17T06:34:28.121-0300] {dag.py:3947} INFO - Setting next_dagrun for dataset_consumes_unknown_never_scheduled to None, run_after=None
[2024-09-17T06:34:28.125-0300] {logging_mixin.py:188} INFO - [2024-09-17T06:34:28.124-0300] {dag.py:3947} INFO - Setting next_dagrun for dataset_produces_1 to 2024-09-16 00:00:00+00:00, run_after=2024-09-17 00:00:00+00:00
[2024-09-17T06:34:28.127-0300] {logging_mixin.py:188} INFO - [2024-09-17T06:34:28.127-0300] {dag.py:3947} INFO - Setting next_dagrun for dataset_produces_2 to None, run_after=None
[2024-09-17T06:34:28.181-0300] {processor.py:183} INFO - Processing /home/jezandre/airflow/airflow_env/lib/python3.11/site-packages/airflow/example_dags/example_datasets.py took 0.215 seconds
[2024-09-17T06:34:58.447-0300] {processor.py:161} INFO - Started process (PID=23987) to work on /home/jezandre/airflow/airflow_env/lib/python3.11/site-packages/airflow/example_dags/example_datasets.py
[2024-09-17T06:34:58.452-0300] {processor.py:830} INFO - Processing file /home/jezandre/airflow/airflow_env/lib/python3.11/site-packages/airflow/example_dags/example_datasets.py for tasks to queue
[2024-09-17T06:34:58.455-0300] {logging_mixin.py:188} INFO - [2024-09-17T06:34:58.454-0300] {dagbag.py:545} INFO - Filling up the DagBag from /home/jezandre/airflow/airflow_env/lib/python3.11/site-packages/airflow/example_dags/example_datasets.py
[2024-09-17T06:34:58.477-0300] {processor.py:840} INFO - DAG(s) 'consume_1_and_2_with_dataset_expressions', 'consume_1_or_both_2_and_3_with_dataset_expressions', 'dataset_consumes_unknown_never_scheduled', 'dataset_consumes_1_and_2', 'dataset_produces_2', 'conditional_dataset_and_time_based_timetable', 'dataset_consumes_1', 'dataset_produces_1', 'dataset_consumes_1_never_scheduled', 'consume_1_or_2_with_dataset_expressions' retrieved from /home/jezandre/airflow/airflow_env/lib/python3.11/site-packages/airflow/example_dags/example_datasets.py
[2024-09-17T06:34:58.566-0300] {logging_mixin.py:188} INFO - [2024-09-17T06:34:58.565-0300] {dag.py:3089} INFO - Sync 10 DAGs
[2024-09-17T06:34:58.610-0300] {logging_mixin.py:188} INFO - [2024-09-17T06:34:58.610-0300] {dag.py:3947} INFO - Setting next_dagrun for conditional_dataset_and_time_based_timetable to 2024-09-11 01:00:00+00:00, run_after=2024-09-11 01:00:00+00:00
[2024-09-17T06:34:58.615-0300] {logging_mixin.py:188} INFO - [2024-09-17T06:34:58.614-0300] {dag.py:3947} INFO - Setting next_dagrun for consume_1_and_2_with_dataset_expressions to None, run_after=None
[2024-09-17T06:34:58.618-0300] {logging_mixin.py:188} INFO - [2024-09-17T06:34:58.617-0300] {dag.py:3947} INFO - Setting next_dagrun for consume_1_or_2_with_dataset_expressions to None, run_after=None
[2024-09-17T06:34:58.621-0300] {logging_mixin.py:188} INFO - [2024-09-17T06:34:58.621-0300] {dag.py:3947} INFO - Setting next_dagrun for consume_1_or_both_2_and_3_with_dataset_expressions to None, run_after=None
[2024-09-17T06:34:58.624-0300] {logging_mixin.py:188} INFO - [2024-09-17T06:34:58.623-0300] {dag.py:3947} INFO - Setting next_dagrun for dataset_consumes_1 to None, run_after=None
[2024-09-17T06:34:58.628-0300] {logging_mixin.py:188} INFO - [2024-09-17T06:34:58.627-0300] {dag.py:3947} INFO - Setting next_dagrun for dataset_consumes_1_and_2 to None, run_after=None
[2024-09-17T06:34:58.630-0300] {logging_mixin.py:188} INFO - [2024-09-17T06:34:58.629-0300] {dag.py:3947} INFO - Setting next_dagrun for dataset_consumes_1_never_scheduled to None, run_after=None
[2024-09-17T06:34:58.632-0300] {logging_mixin.py:188} INFO - [2024-09-17T06:34:58.632-0300] {dag.py:3947} INFO - Setting next_dagrun for dataset_consumes_unknown_never_scheduled to None, run_after=None
[2024-09-17T06:34:58.638-0300] {logging_mixin.py:188} INFO - [2024-09-17T06:34:58.637-0300] {dag.py:3947} INFO - Setting next_dagrun for dataset_produces_1 to 2024-09-16 00:00:00+00:00, run_after=2024-09-17 00:00:00+00:00
[2024-09-17T06:34:58.640-0300] {logging_mixin.py:188} INFO - [2024-09-17T06:34:58.639-0300] {dag.py:3947} INFO - Setting next_dagrun for dataset_produces_2 to None, run_after=None
[2024-09-17T06:34:58.701-0300] {processor.py:183} INFO - Processing /home/jezandre/airflow/airflow_env/lib/python3.11/site-packages/airflow/example_dags/example_datasets.py took 0.269 seconds
[2024-09-17T06:35:29.082-0300] {processor.py:161} INFO - Started process (PID=24233) to work on /home/jezandre/airflow/airflow_env/lib/python3.11/site-packages/airflow/example_dags/example_datasets.py
[2024-09-17T06:35:29.083-0300] {processor.py:830} INFO - Processing file /home/jezandre/airflow/airflow_env/lib/python3.11/site-packages/airflow/example_dags/example_datasets.py for tasks to queue
[2024-09-17T06:35:29.085-0300] {logging_mixin.py:188} INFO - [2024-09-17T06:35:29.084-0300] {dagbag.py:545} INFO - Filling up the DagBag from /home/jezandre/airflow/airflow_env/lib/python3.11/site-packages/airflow/example_dags/example_datasets.py
[2024-09-17T06:35:29.102-0300] {processor.py:840} INFO - DAG(s) 'dataset_consumes_1_never_scheduled', 'dataset_consumes_1_and_2', 'consume_1_and_2_with_dataset_expressions', 'consume_1_or_2_with_dataset_expressions', 'dataset_produces_1', 'dataset_produces_2', 'dataset_consumes_unknown_never_scheduled', 'conditional_dataset_and_time_based_timetable', 'dataset_consumes_1', 'consume_1_or_both_2_and_3_with_dataset_expressions' retrieved from /home/jezandre/airflow/airflow_env/lib/python3.11/site-packages/airflow/example_dags/example_datasets.py
[2024-09-17T06:35:29.177-0300] {logging_mixin.py:188} INFO - [2024-09-17T06:35:29.176-0300] {dag.py:3089} INFO - Sync 10 DAGs
[2024-09-17T06:35:29.210-0300] {logging_mixin.py:188} INFO - [2024-09-17T06:35:29.209-0300] {dag.py:3947} INFO - Setting next_dagrun for conditional_dataset_and_time_based_timetable to 2024-09-11 01:00:00+00:00, run_after=2024-09-11 01:00:00+00:00
[2024-09-17T06:35:29.215-0300] {logging_mixin.py:188} INFO - [2024-09-17T06:35:29.215-0300] {dag.py:3947} INFO - Setting next_dagrun for consume_1_and_2_with_dataset_expressions to None, run_after=None
[2024-09-17T06:35:29.218-0300] {logging_mixin.py:188} INFO - [2024-09-17T06:35:29.218-0300] {dag.py:3947} INFO - Setting next_dagrun for consume_1_or_2_with_dataset_expressions to None, run_after=None
[2024-09-17T06:35:29.221-0300] {logging_mixin.py:188} INFO - [2024-09-17T06:35:29.220-0300] {dag.py:3947} INFO - Setting next_dagrun for consume_1_or_both_2_and_3_with_dataset_expressions to None, run_after=None
[2024-09-17T06:35:29.223-0300] {logging_mixin.py:188} INFO - [2024-09-17T06:35:29.223-0300] {dag.py:3947} INFO - Setting next_dagrun for dataset_consumes_1 to None, run_after=None
[2024-09-17T06:35:29.226-0300] {logging_mixin.py:188} INFO - [2024-09-17T06:35:29.226-0300] {dag.py:3947} INFO - Setting next_dagrun for dataset_consumes_1_and_2 to None, run_after=None
[2024-09-17T06:35:29.228-0300] {logging_mixin.py:188} INFO - [2024-09-17T06:35:29.228-0300] {dag.py:3947} INFO - Setting next_dagrun for dataset_consumes_1_never_scheduled to None, run_after=None
[2024-09-17T06:35:29.230-0300] {logging_mixin.py:188} INFO - [2024-09-17T06:35:29.230-0300] {dag.py:3947} INFO - Setting next_dagrun for dataset_consumes_unknown_never_scheduled to None, run_after=None
[2024-09-17T06:35:29.233-0300] {logging_mixin.py:188} INFO - [2024-09-17T06:35:29.233-0300] {dag.py:3947} INFO - Setting next_dagrun for dataset_produces_1 to 2024-09-16 00:00:00+00:00, run_after=2024-09-17 00:00:00+00:00
[2024-09-17T06:35:29.235-0300] {logging_mixin.py:188} INFO - [2024-09-17T06:35:29.235-0300] {dag.py:3947} INFO - Setting next_dagrun for dataset_produces_2 to None, run_after=None
[2024-09-17T06:35:29.294-0300] {processor.py:183} INFO - Processing /home/jezandre/airflow/airflow_env/lib/python3.11/site-packages/airflow/example_dags/example_datasets.py took 0.218 seconds
