[2024-09-17T06:26:51.852-0300] {processor.py:161} INFO - Started process (PID=19793) to work on /home/jezandre/airflow/airflow_env/lib/python3.11/site-packages/airflow/example_dags/example_display_name.py
[2024-09-17T06:26:51.852-0300] {processor.py:830} INFO - Processing file /home/jezandre/airflow/airflow_env/lib/python3.11/site-packages/airflow/example_dags/example_display_name.py for tasks to queue
[2024-09-17T06:26:51.854-0300] {logging_mixin.py:188} INFO - [2024-09-17T06:26:51.854-0300] {dagbag.py:545} INFO - Filling up the DagBag from /home/jezandre/airflow/airflow_env/lib/python3.11/site-packages/airflow/example_dags/example_display_name.py
[2024-09-17T06:26:51.860-0300] {processor.py:840} INFO - DAG(s) 'example_display_name' retrieved from /home/jezandre/airflow/airflow_env/lib/python3.11/site-packages/airflow/example_dags/example_display_name.py
[2024-09-17T06:26:51.865-0300] {logging_mixin.py:188} INFO - [2024-09-17T06:26:51.865-0300] {dag.py:3089} INFO - Sync 1 DAGs
[2024-09-17T06:26:51.876-0300] {logging_mixin.py:188} INFO - [2024-09-17T06:26:51.876-0300] {dag.py:3947} INFO - Setting next_dagrun for example_display_name to None, run_after=None
[2024-09-17T06:26:51.910-0300] {processor.py:183} INFO - Processing /home/jezandre/airflow/airflow_env/lib/python3.11/site-packages/airflow/example_dags/example_display_name.py took 0.063 seconds
[2024-09-17T06:27:08.836-0300] {processor.py:161} INFO - Started process (PID=19952) to work on /home/jezandre/airflow/airflow_env/lib/python3.11/site-packages/airflow/example_dags/example_display_name.py
[2024-09-17T06:27:08.837-0300] {processor.py:830} INFO - Processing file /home/jezandre/airflow/airflow_env/lib/python3.11/site-packages/airflow/example_dags/example_display_name.py for tasks to queue
[2024-09-17T06:27:08.839-0300] {logging_mixin.py:188} INFO - [2024-09-17T06:27:08.839-0300] {dagbag.py:545} INFO - Filling up the DagBag from /home/jezandre/airflow/airflow_env/lib/python3.11/site-packages/airflow/example_dags/example_display_name.py
[2024-09-17T06:27:08.845-0300] {processor.py:840} INFO - DAG(s) 'example_display_name' retrieved from /home/jezandre/airflow/airflow_env/lib/python3.11/site-packages/airflow/example_dags/example_display_name.py
[2024-09-17T06:27:08.853-0300] {logging_mixin.py:188} INFO - [2024-09-17T06:27:08.852-0300] {dag.py:3089} INFO - Sync 1 DAGs
[2024-09-17T06:27:08.864-0300] {logging_mixin.py:188} INFO - [2024-09-17T06:27:08.864-0300] {dag.py:3947} INFO - Setting next_dagrun for example_display_name to None, run_after=None
[2024-09-17T06:27:08.891-0300] {processor.py:183} INFO - Processing /home/jezandre/airflow/airflow_env/lib/python3.11/site-packages/airflow/example_dags/example_display_name.py took 0.060 seconds
[2024-09-17T06:28:11.677-0300] {processor.py:161} INFO - Started process (PID=20250) to work on /home/jezandre/airflow/airflow_env/lib/python3.11/site-packages/airflow/example_dags/example_display_name.py
[2024-09-17T06:28:11.679-0300] {processor.py:830} INFO - Processing file /home/jezandre/airflow/airflow_env/lib/python3.11/site-packages/airflow/example_dags/example_display_name.py for tasks to queue
[2024-09-17T06:28:11.681-0300] {logging_mixin.py:188} INFO - [2024-09-17T06:28:11.680-0300] {dagbag.py:545} INFO - Filling up the DagBag from /home/jezandre/airflow/airflow_env/lib/python3.11/site-packages/airflow/example_dags/example_display_name.py
[2024-09-17T06:28:11.686-0300] {processor.py:840} INFO - DAG(s) 'example_display_name' retrieved from /home/jezandre/airflow/airflow_env/lib/python3.11/site-packages/airflow/example_dags/example_display_name.py
[2024-09-17T06:28:11.890-0300] {logging_mixin.py:188} INFO - [2024-09-17T06:28:11.889-0300] {dag.py:3089} INFO - Sync 1 DAGs
[2024-09-17T06:28:11.904-0300] {logging_mixin.py:188} INFO - [2024-09-17T06:28:11.904-0300] {dag.py:3947} INFO - Setting next_dagrun for example_display_name to None, run_after=None
[2024-09-17T06:28:11.931-0300] {processor.py:183} INFO - Processing /home/jezandre/airflow/airflow_env/lib/python3.11/site-packages/airflow/example_dags/example_display_name.py took 0.260 seconds
[2024-09-17T06:28:43.067-0300] {processor.py:161} INFO - Started process (PID=20403) to work on /home/jezandre/airflow/airflow_env/lib/python3.11/site-packages/airflow/example_dags/example_display_name.py
[2024-09-17T06:28:43.068-0300] {processor.py:830} INFO - Processing file /home/jezandre/airflow/airflow_env/lib/python3.11/site-packages/airflow/example_dags/example_display_name.py for tasks to queue
[2024-09-17T06:28:43.069-0300] {logging_mixin.py:188} INFO - [2024-09-17T06:28:43.069-0300] {dagbag.py:545} INFO - Filling up the DagBag from /home/jezandre/airflow/airflow_env/lib/python3.11/site-packages/airflow/example_dags/example_display_name.py
[2024-09-17T06:28:43.073-0300] {processor.py:840} INFO - DAG(s) 'example_display_name' retrieved from /home/jezandre/airflow/airflow_env/lib/python3.11/site-packages/airflow/example_dags/example_display_name.py
[2024-09-17T06:28:43.090-0300] {logging_mixin.py:188} INFO - [2024-09-17T06:28:43.089-0300] {dag.py:3089} INFO - Sync 1 DAGs
[2024-09-17T06:28:43.100-0300] {logging_mixin.py:188} INFO - [2024-09-17T06:28:43.099-0300] {dag.py:3947} INFO - Setting next_dagrun for example_display_name to None, run_after=None
[2024-09-17T06:28:43.125-0300] {processor.py:183} INFO - Processing /home/jezandre/airflow/airflow_env/lib/python3.11/site-packages/airflow/example_dags/example_display_name.py took 0.063 seconds
[2024-09-17T06:29:31.749-0300] {processor.py:161} INFO - Started process (PID=20780) to work on /home/jezandre/airflow/airflow_env/lib/python3.11/site-packages/airflow/example_dags/example_display_name.py
[2024-09-17T06:29:31.753-0300] {processor.py:830} INFO - Processing file /home/jezandre/airflow/airflow_env/lib/python3.11/site-packages/airflow/example_dags/example_display_name.py for tasks to queue
[2024-09-17T06:29:31.755-0300] {logging_mixin.py:188} INFO - [2024-09-17T06:29:31.755-0300] {dagbag.py:545} INFO - Filling up the DagBag from /home/jezandre/airflow/airflow_env/lib/python3.11/site-packages/airflow/example_dags/example_display_name.py
[2024-09-17T06:29:31.760-0300] {processor.py:840} INFO - DAG(s) 'example_display_name' retrieved from /home/jezandre/airflow/airflow_env/lib/python3.11/site-packages/airflow/example_dags/example_display_name.py
[2024-09-17T06:29:31.773-0300] {logging_mixin.py:188} INFO - [2024-09-17T06:29:31.773-0300] {dag.py:3089} INFO - Sync 1 DAGs
[2024-09-17T06:29:31.783-0300] {logging_mixin.py:188} INFO - [2024-09-17T06:29:31.783-0300] {dag.py:3947} INFO - Setting next_dagrun for example_display_name to None, run_after=None
[2024-09-17T06:29:31.815-0300] {processor.py:183} INFO - Processing /home/jezandre/airflow/airflow_env/lib/python3.11/site-packages/airflow/example_dags/example_display_name.py took 0.071 seconds
[2024-09-17T06:29:48.702-0300] {processor.py:161} INFO - Started process (PID=20990) to work on /home/jezandre/airflow/airflow_env/lib/python3.11/site-packages/airflow/example_dags/example_display_name.py
[2024-09-17T06:29:48.704-0300] {processor.py:830} INFO - Processing file /home/jezandre/airflow/airflow_env/lib/python3.11/site-packages/airflow/example_dags/example_display_name.py for tasks to queue
[2024-09-17T06:29:48.707-0300] {logging_mixin.py:188} INFO - [2024-09-17T06:29:48.707-0300] {dagbag.py:545} INFO - Filling up the DagBag from /home/jezandre/airflow/airflow_env/lib/python3.11/site-packages/airflow/example_dags/example_display_name.py
[2024-09-17T06:29:48.721-0300] {processor.py:840} INFO - DAG(s) 'example_display_name' retrieved from /home/jezandre/airflow/airflow_env/lib/python3.11/site-packages/airflow/example_dags/example_display_name.py
[2024-09-17T06:29:48.894-0300] {logging_mixin.py:188} INFO - [2024-09-17T06:29:48.893-0300] {dag.py:3089} INFO - Sync 1 DAGs
[2024-09-17T06:29:48.911-0300] {logging_mixin.py:188} INFO - [2024-09-17T06:29:48.911-0300] {dag.py:3947} INFO - Setting next_dagrun for example_display_name to None, run_after=None
[2024-09-17T06:29:48.938-0300] {processor.py:183} INFO - Processing /home/jezandre/airflow/airflow_env/lib/python3.11/site-packages/airflow/example_dags/example_display_name.py took 0.250 seconds
[2024-09-17T06:30:19.583-0300] {processor.py:161} INFO - Started process (PID=21309) to work on /home/jezandre/airflow/airflow_env/lib/python3.11/site-packages/airflow/example_dags/example_display_name.py
[2024-09-17T06:30:19.585-0300] {processor.py:830} INFO - Processing file /home/jezandre/airflow/airflow_env/lib/python3.11/site-packages/airflow/example_dags/example_display_name.py for tasks to queue
[2024-09-17T06:30:19.588-0300] {logging_mixin.py:188} INFO - [2024-09-17T06:30:19.587-0300] {dagbag.py:545} INFO - Filling up the DagBag from /home/jezandre/airflow/airflow_env/lib/python3.11/site-packages/airflow/example_dags/example_display_name.py
[2024-09-17T06:30:19.595-0300] {processor.py:840} INFO - DAG(s) 'example_display_name' retrieved from /home/jezandre/airflow/airflow_env/lib/python3.11/site-packages/airflow/example_dags/example_display_name.py
[2024-09-17T06:30:19.756-0300] {logging_mixin.py:188} INFO - [2024-09-17T06:30:19.755-0300] {dag.py:3089} INFO - Sync 1 DAGs
[2024-09-17T06:30:19.770-0300] {logging_mixin.py:188} INFO - [2024-09-17T06:30:19.770-0300] {dag.py:3947} INFO - Setting next_dagrun for example_display_name to None, run_after=None
[2024-09-17T06:30:19.797-0300] {processor.py:183} INFO - Processing /home/jezandre/airflow/airflow_env/lib/python3.11/site-packages/airflow/example_dags/example_display_name.py took 0.221 seconds
[2024-09-17T06:30:49.911-0300] {processor.py:161} INFO - Started process (PID=21509) to work on /home/jezandre/airflow/airflow_env/lib/python3.11/site-packages/airflow/example_dags/example_display_name.py
[2024-09-17T06:30:49.913-0300] {processor.py:830} INFO - Processing file /home/jezandre/airflow/airflow_env/lib/python3.11/site-packages/airflow/example_dags/example_display_name.py for tasks to queue
[2024-09-17T06:30:49.915-0300] {logging_mixin.py:188} INFO - [2024-09-17T06:30:49.915-0300] {dagbag.py:545} INFO - Filling up the DagBag from /home/jezandre/airflow/airflow_env/lib/python3.11/site-packages/airflow/example_dags/example_display_name.py
[2024-09-17T06:30:49.922-0300] {processor.py:840} INFO - DAG(s) 'example_display_name' retrieved from /home/jezandre/airflow/airflow_env/lib/python3.11/site-packages/airflow/example_dags/example_display_name.py
[2024-09-17T06:30:49.953-0300] {logging_mixin.py:188} INFO - [2024-09-17T06:30:49.953-0300] {dag.py:3089} INFO - Sync 1 DAGs
[2024-09-17T06:30:49.968-0300] {logging_mixin.py:188} INFO - [2024-09-17T06:30:49.968-0300] {dag.py:3947} INFO - Setting next_dagrun for example_display_name to None, run_after=None
[2024-09-17T06:30:49.995-0300] {processor.py:183} INFO - Processing /home/jezandre/airflow/airflow_env/lib/python3.11/site-packages/airflow/example_dags/example_display_name.py took 0.095 seconds
[2024-09-17T06:31:20.071-0300] {processor.py:161} INFO - Started process (PID=21715) to work on /home/jezandre/airflow/airflow_env/lib/python3.11/site-packages/airflow/example_dags/example_display_name.py
[2024-09-17T06:31:20.073-0300] {processor.py:830} INFO - Processing file /home/jezandre/airflow/airflow_env/lib/python3.11/site-packages/airflow/example_dags/example_display_name.py for tasks to queue
[2024-09-17T06:31:20.077-0300] {logging_mixin.py:188} INFO - [2024-09-17T06:31:20.076-0300] {dagbag.py:545} INFO - Filling up the DagBag from /home/jezandre/airflow/airflow_env/lib/python3.11/site-packages/airflow/example_dags/example_display_name.py
[2024-09-17T06:31:20.084-0300] {processor.py:840} INFO - DAG(s) 'example_display_name' retrieved from /home/jezandre/airflow/airflow_env/lib/python3.11/site-packages/airflow/example_dags/example_display_name.py
[2024-09-17T06:31:20.123-0300] {logging_mixin.py:188} INFO - [2024-09-17T06:31:20.122-0300] {dag.py:3089} INFO - Sync 1 DAGs
[2024-09-17T06:31:20.144-0300] {logging_mixin.py:188} INFO - [2024-09-17T06:31:20.144-0300] {dag.py:3947} INFO - Setting next_dagrun for example_display_name to None, run_after=None
[2024-09-17T06:31:20.181-0300] {processor.py:183} INFO - Processing /home/jezandre/airflow/airflow_env/lib/python3.11/site-packages/airflow/example_dags/example_display_name.py took 0.118 seconds
[2024-09-17T06:31:50.704-0300] {processor.py:161} INFO - Started process (PID=21979) to work on /home/jezandre/airflow/airflow_env/lib/python3.11/site-packages/airflow/example_dags/example_display_name.py
[2024-09-17T06:31:50.705-0300] {processor.py:830} INFO - Processing file /home/jezandre/airflow/airflow_env/lib/python3.11/site-packages/airflow/example_dags/example_display_name.py for tasks to queue
[2024-09-17T06:31:50.708-0300] {logging_mixin.py:188} INFO - [2024-09-17T06:31:50.707-0300] {dagbag.py:545} INFO - Filling up the DagBag from /home/jezandre/airflow/airflow_env/lib/python3.11/site-packages/airflow/example_dags/example_display_name.py
[2024-09-17T06:31:50.713-0300] {processor.py:840} INFO - DAG(s) 'example_display_name' retrieved from /home/jezandre/airflow/airflow_env/lib/python3.11/site-packages/airflow/example_dags/example_display_name.py
[2024-09-17T06:31:50.744-0300] {logging_mixin.py:188} INFO - [2024-09-17T06:31:50.743-0300] {dag.py:3089} INFO - Sync 1 DAGs
[2024-09-17T06:31:50.760-0300] {logging_mixin.py:188} INFO - [2024-09-17T06:31:50.760-0300] {dag.py:3947} INFO - Setting next_dagrun for example_display_name to None, run_after=None
[2024-09-17T06:31:50.789-0300] {processor.py:183} INFO - Processing /home/jezandre/airflow/airflow_env/lib/python3.11/site-packages/airflow/example_dags/example_display_name.py took 0.094 seconds
[2024-09-17T06:32:20.965-0300] {processor.py:161} INFO - Started process (PID=22474) to work on /home/jezandre/airflow/airflow_env/lib/python3.11/site-packages/airflow/example_dags/example_display_name.py
[2024-09-17T06:32:20.967-0300] {processor.py:830} INFO - Processing file /home/jezandre/airflow/airflow_env/lib/python3.11/site-packages/airflow/example_dags/example_display_name.py for tasks to queue
[2024-09-17T06:32:20.969-0300] {logging_mixin.py:188} INFO - [2024-09-17T06:32:20.969-0300] {dagbag.py:545} INFO - Filling up the DagBag from /home/jezandre/airflow/airflow_env/lib/python3.11/site-packages/airflow/example_dags/example_display_name.py
[2024-09-17T06:32:20.980-0300] {processor.py:840} INFO - DAG(s) 'example_display_name' retrieved from /home/jezandre/airflow/airflow_env/lib/python3.11/site-packages/airflow/example_dags/example_display_name.py
[2024-09-17T06:32:21.128-0300] {logging_mixin.py:188} INFO - [2024-09-17T06:32:21.128-0300] {dag.py:3089} INFO - Sync 1 DAGs
[2024-09-17T06:32:21.144-0300] {logging_mixin.py:188} INFO - [2024-09-17T06:32:21.144-0300] {dag.py:3947} INFO - Setting next_dagrun for example_display_name to None, run_after=None
[2024-09-17T06:32:21.173-0300] {processor.py:183} INFO - Processing /home/jezandre/airflow/airflow_env/lib/python3.11/site-packages/airflow/example_dags/example_display_name.py took 0.220 seconds
[2024-09-17T06:32:52.111-0300] {processor.py:161} INFO - Started process (PID=22812) to work on /home/jezandre/airflow/airflow_env/lib/python3.11/site-packages/airflow/example_dags/example_display_name.py
[2024-09-17T06:32:52.112-0300] {processor.py:830} INFO - Processing file /home/jezandre/airflow/airflow_env/lib/python3.11/site-packages/airflow/example_dags/example_display_name.py for tasks to queue
[2024-09-17T06:32:52.114-0300] {logging_mixin.py:188} INFO - [2024-09-17T06:32:52.113-0300] {dagbag.py:545} INFO - Filling up the DagBag from /home/jezandre/airflow/airflow_env/lib/python3.11/site-packages/airflow/example_dags/example_display_name.py
[2024-09-17T06:32:52.119-0300] {processor.py:840} INFO - DAG(s) 'example_display_name' retrieved from /home/jezandre/airflow/airflow_env/lib/python3.11/site-packages/airflow/example_dags/example_display_name.py
[2024-09-17T06:32:52.152-0300] {logging_mixin.py:188} INFO - [2024-09-17T06:32:52.152-0300] {dag.py:3089} INFO - Sync 1 DAGs
[2024-09-17T06:32:52.168-0300] {logging_mixin.py:188} INFO - [2024-09-17T06:32:52.168-0300] {dag.py:3947} INFO - Setting next_dagrun for example_display_name to None, run_after=None
[2024-09-17T06:32:52.195-0300] {processor.py:183} INFO - Processing /home/jezandre/airflow/airflow_env/lib/python3.11/site-packages/airflow/example_dags/example_display_name.py took 0.092 seconds
[2024-09-17T06:33:22.855-0300] {processor.py:161} INFO - Started process (PID=23074) to work on /home/jezandre/airflow/airflow_env/lib/python3.11/site-packages/airflow/example_dags/example_display_name.py
[2024-09-17T06:33:22.856-0300] {processor.py:830} INFO - Processing file /home/jezandre/airflow/airflow_env/lib/python3.11/site-packages/airflow/example_dags/example_display_name.py for tasks to queue
[2024-09-17T06:33:22.858-0300] {logging_mixin.py:188} INFO - [2024-09-17T06:33:22.858-0300] {dagbag.py:545} INFO - Filling up the DagBag from /home/jezandre/airflow/airflow_env/lib/python3.11/site-packages/airflow/example_dags/example_display_name.py
[2024-09-17T06:33:22.864-0300] {processor.py:840} INFO - DAG(s) 'example_display_name' retrieved from /home/jezandre/airflow/airflow_env/lib/python3.11/site-packages/airflow/example_dags/example_display_name.py
[2024-09-17T06:33:22.893-0300] {logging_mixin.py:188} INFO - [2024-09-17T06:33:22.893-0300] {dag.py:3089} INFO - Sync 1 DAGs
[2024-09-17T06:33:22.908-0300] {logging_mixin.py:188} INFO - [2024-09-17T06:33:22.908-0300] {dag.py:3947} INFO - Setting next_dagrun for example_display_name to None, run_after=None
[2024-09-17T06:33:22.934-0300] {processor.py:183} INFO - Processing /home/jezandre/airflow/airflow_env/lib/python3.11/site-packages/airflow/example_dags/example_display_name.py took 0.087 seconds
[2024-09-17T06:33:53.363-0300] {processor.py:161} INFO - Started process (PID=23331) to work on /home/jezandre/airflow/airflow_env/lib/python3.11/site-packages/airflow/example_dags/example_display_name.py
[2024-09-17T06:33:53.365-0300] {processor.py:830} INFO - Processing file /home/jezandre/airflow/airflow_env/lib/python3.11/site-packages/airflow/example_dags/example_display_name.py for tasks to queue
[2024-09-17T06:33:53.367-0300] {logging_mixin.py:188} INFO - [2024-09-17T06:33:53.366-0300] {dagbag.py:545} INFO - Filling up the DagBag from /home/jezandre/airflow/airflow_env/lib/python3.11/site-packages/airflow/example_dags/example_display_name.py
[2024-09-17T06:33:53.372-0300] {processor.py:840} INFO - DAG(s) 'example_display_name' retrieved from /home/jezandre/airflow/airflow_env/lib/python3.11/site-packages/airflow/example_dags/example_display_name.py
[2024-09-17T06:33:53.402-0300] {logging_mixin.py:188} INFO - [2024-09-17T06:33:53.401-0300] {dag.py:3089} INFO - Sync 1 DAGs
[2024-09-17T06:33:53.422-0300] {logging_mixin.py:188} INFO - [2024-09-17T06:33:53.422-0300] {dag.py:3947} INFO - Setting next_dagrun for example_display_name to None, run_after=None
[2024-09-17T06:33:53.461-0300] {processor.py:183} INFO - Processing /home/jezandre/airflow/airflow_env/lib/python3.11/site-packages/airflow/example_dags/example_display_name.py took 0.104 seconds
[2024-09-17T06:34:23.792-0300] {processor.py:161} INFO - Started process (PID=23591) to work on /home/jezandre/airflow/airflow_env/lib/python3.11/site-packages/airflow/example_dags/example_display_name.py
[2024-09-17T06:34:23.793-0300] {processor.py:830} INFO - Processing file /home/jezandre/airflow/airflow_env/lib/python3.11/site-packages/airflow/example_dags/example_display_name.py for tasks to queue
[2024-09-17T06:34:23.794-0300] {logging_mixin.py:188} INFO - [2024-09-17T06:34:23.794-0300] {dagbag.py:545} INFO - Filling up the DagBag from /home/jezandre/airflow/airflow_env/lib/python3.11/site-packages/airflow/example_dags/example_display_name.py
[2024-09-17T06:34:23.799-0300] {processor.py:840} INFO - DAG(s) 'example_display_name' retrieved from /home/jezandre/airflow/airflow_env/lib/python3.11/site-packages/airflow/example_dags/example_display_name.py
[2024-09-17T06:34:23.828-0300] {logging_mixin.py:188} INFO - [2024-09-17T06:34:23.828-0300] {dag.py:3089} INFO - Sync 1 DAGs
[2024-09-17T06:34:23.846-0300] {logging_mixin.py:188} INFO - [2024-09-17T06:34:23.846-0300] {dag.py:3947} INFO - Setting next_dagrun for example_display_name to None, run_after=None
[2024-09-17T06:34:23.874-0300] {processor.py:183} INFO - Processing /home/jezandre/airflow/airflow_env/lib/python3.11/site-packages/airflow/example_dags/example_display_name.py took 0.090 seconds
[2024-09-17T06:34:54.338-0300] {processor.py:161} INFO - Started process (PID=23911) to work on /home/jezandre/airflow/airflow_env/lib/python3.11/site-packages/airflow/example_dags/example_display_name.py
[2024-09-17T06:34:54.340-0300] {processor.py:830} INFO - Processing file /home/jezandre/airflow/airflow_env/lib/python3.11/site-packages/airflow/example_dags/example_display_name.py for tasks to queue
[2024-09-17T06:34:54.342-0300] {logging_mixin.py:188} INFO - [2024-09-17T06:34:54.342-0300] {dagbag.py:545} INFO - Filling up the DagBag from /home/jezandre/airflow/airflow_env/lib/python3.11/site-packages/airflow/example_dags/example_display_name.py
[2024-09-17T06:34:54.348-0300] {processor.py:840} INFO - DAG(s) 'example_display_name' retrieved from /home/jezandre/airflow/airflow_env/lib/python3.11/site-packages/airflow/example_dags/example_display_name.py
[2024-09-17T06:34:54.378-0300] {logging_mixin.py:188} INFO - [2024-09-17T06:34:54.378-0300] {dag.py:3089} INFO - Sync 1 DAGs
[2024-09-17T06:34:54.394-0300] {logging_mixin.py:188} INFO - [2024-09-17T06:34:54.394-0300] {dag.py:3947} INFO - Setting next_dagrun for example_display_name to None, run_after=None
[2024-09-17T06:34:54.424-0300] {processor.py:183} INFO - Processing /home/jezandre/airflow/airflow_env/lib/python3.11/site-packages/airflow/example_dags/example_display_name.py took 0.093 seconds
[2024-09-17T06:35:24.995-0300] {processor.py:161} INFO - Started process (PID=24181) to work on /home/jezandre/airflow/airflow_env/lib/python3.11/site-packages/airflow/example_dags/example_display_name.py
[2024-09-17T06:35:24.997-0300] {processor.py:830} INFO - Processing file /home/jezandre/airflow/airflow_env/lib/python3.11/site-packages/airflow/example_dags/example_display_name.py for tasks to queue
[2024-09-17T06:35:24.999-0300] {logging_mixin.py:188} INFO - [2024-09-17T06:35:24.999-0300] {dagbag.py:545} INFO - Filling up the DagBag from /home/jezandre/airflow/airflow_env/lib/python3.11/site-packages/airflow/example_dags/example_display_name.py
[2024-09-17T06:35:25.006-0300] {processor.py:840} INFO - DAG(s) 'example_display_name' retrieved from /home/jezandre/airflow/airflow_env/lib/python3.11/site-packages/airflow/example_dags/example_display_name.py
[2024-09-17T06:35:25.033-0300] {logging_mixin.py:188} INFO - [2024-09-17T06:35:25.033-0300] {dag.py:3089} INFO - Sync 1 DAGs
[2024-09-17T06:35:25.049-0300] {logging_mixin.py:188} INFO - [2024-09-17T06:35:25.048-0300] {dag.py:3947} INFO - Setting next_dagrun for example_display_name to None, run_after=None
[2024-09-17T06:35:25.076-0300] {processor.py:183} INFO - Processing /home/jezandre/airflow/airflow_env/lib/python3.11/site-packages/airflow/example_dags/example_display_name.py took 0.089 seconds
[2024-09-17T06:35:55.265-0300] {processor.py:161} INFO - Started process (PID=24502) to work on /home/jezandre/airflow/airflow_env/lib/python3.11/site-packages/airflow/example_dags/example_display_name.py
[2024-09-17T06:35:55.267-0300] {processor.py:830} INFO - Processing file /home/jezandre/airflow/airflow_env/lib/python3.11/site-packages/airflow/example_dags/example_display_name.py for tasks to queue
[2024-09-17T06:35:55.269-0300] {logging_mixin.py:188} INFO - [2024-09-17T06:35:55.268-0300] {dagbag.py:545} INFO - Filling up the DagBag from /home/jezandre/airflow/airflow_env/lib/python3.11/site-packages/airflow/example_dags/example_display_name.py
[2024-09-17T06:35:55.274-0300] {processor.py:840} INFO - DAG(s) 'example_display_name' retrieved from /home/jezandre/airflow/airflow_env/lib/python3.11/site-packages/airflow/example_dags/example_display_name.py
[2024-09-17T06:35:55.306-0300] {logging_mixin.py:188} INFO - [2024-09-17T06:35:55.306-0300] {dag.py:3089} INFO - Sync 1 DAGs
[2024-09-17T06:35:55.328-0300] {logging_mixin.py:188} INFO - [2024-09-17T06:35:55.327-0300] {dag.py:3947} INFO - Setting next_dagrun for example_display_name to None, run_after=None
[2024-09-17T06:35:55.366-0300] {processor.py:183} INFO - Processing /home/jezandre/airflow/airflow_env/lib/python3.11/site-packages/airflow/example_dags/example_display_name.py took 0.112 seconds
[2024-09-17T06:36:25.611-0300] {processor.py:161} INFO - Started process (PID=24717) to work on /home/jezandre/airflow/airflow_env/lib/python3.11/site-packages/airflow/example_dags/example_display_name.py
[2024-09-17T06:36:25.613-0300] {processor.py:830} INFO - Processing file /home/jezandre/airflow/airflow_env/lib/python3.11/site-packages/airflow/example_dags/example_display_name.py for tasks to queue
[2024-09-17T06:36:25.615-0300] {logging_mixin.py:188} INFO - [2024-09-17T06:36:25.614-0300] {dagbag.py:545} INFO - Filling up the DagBag from /home/jezandre/airflow/airflow_env/lib/python3.11/site-packages/airflow/example_dags/example_display_name.py
[2024-09-17T06:36:25.620-0300] {processor.py:840} INFO - DAG(s) 'example_display_name' retrieved from /home/jezandre/airflow/airflow_env/lib/python3.11/site-packages/airflow/example_dags/example_display_name.py
[2024-09-17T06:36:25.647-0300] {logging_mixin.py:188} INFO - [2024-09-17T06:36:25.647-0300] {dag.py:3089} INFO - Sync 1 DAGs
[2024-09-17T06:36:25.663-0300] {logging_mixin.py:188} INFO - [2024-09-17T06:36:25.662-0300] {dag.py:3947} INFO - Setting next_dagrun for example_display_name to None, run_after=None
[2024-09-17T06:36:25.693-0300] {processor.py:183} INFO - Processing /home/jezandre/airflow/airflow_env/lib/python3.11/site-packages/airflow/example_dags/example_display_name.py took 0.088 seconds
[2024-09-17T06:36:56.083-0300] {processor.py:161} INFO - Started process (PID=24949) to work on /home/jezandre/airflow/airflow_env/lib/python3.11/site-packages/airflow/example_dags/example_display_name.py
[2024-09-17T06:36:56.087-0300] {processor.py:830} INFO - Processing file /home/jezandre/airflow/airflow_env/lib/python3.11/site-packages/airflow/example_dags/example_display_name.py for tasks to queue
[2024-09-17T06:36:56.089-0300] {logging_mixin.py:188} INFO - [2024-09-17T06:36:56.089-0300] {dagbag.py:545} INFO - Filling up the DagBag from /home/jezandre/airflow/airflow_env/lib/python3.11/site-packages/airflow/example_dags/example_display_name.py
[2024-09-17T06:36:56.098-0300] {processor.py:840} INFO - DAG(s) 'example_display_name' retrieved from /home/jezandre/airflow/airflow_env/lib/python3.11/site-packages/airflow/example_dags/example_display_name.py
[2024-09-17T06:36:56.141-0300] {logging_mixin.py:188} INFO - [2024-09-17T06:36:56.141-0300] {dag.py:3089} INFO - Sync 1 DAGs
[2024-09-17T06:36:56.158-0300] {logging_mixin.py:188} INFO - [2024-09-17T06:36:56.157-0300] {dag.py:3947} INFO - Setting next_dagrun for example_display_name to None, run_after=None
[2024-09-17T06:36:56.186-0300] {processor.py:183} INFO - Processing /home/jezandre/airflow/airflow_env/lib/python3.11/site-packages/airflow/example_dags/example_display_name.py took 0.113 seconds
[2024-09-17T06:37:26.536-0300] {processor.py:161} INFO - Started process (PID=25168) to work on /home/jezandre/airflow/airflow_env/lib/python3.11/site-packages/airflow/example_dags/example_display_name.py
[2024-09-17T06:37:26.541-0300] {processor.py:830} INFO - Processing file /home/jezandre/airflow/airflow_env/lib/python3.11/site-packages/airflow/example_dags/example_display_name.py for tasks to queue
[2024-09-17T06:37:26.543-0300] {logging_mixin.py:188} INFO - [2024-09-17T06:37:26.543-0300] {dagbag.py:545} INFO - Filling up the DagBag from /home/jezandre/airflow/airflow_env/lib/python3.11/site-packages/airflow/example_dags/example_display_name.py
[2024-09-17T06:37:26.550-0300] {processor.py:840} INFO - DAG(s) 'example_display_name' retrieved from /home/jezandre/airflow/airflow_env/lib/python3.11/site-packages/airflow/example_dags/example_display_name.py
[2024-09-17T06:37:26.700-0300] {logging_mixin.py:188} INFO - [2024-09-17T06:37:26.699-0300] {dag.py:3089} INFO - Sync 1 DAGs
[2024-09-17T06:37:26.717-0300] {logging_mixin.py:188} INFO - [2024-09-17T06:37:26.717-0300] {dag.py:3947} INFO - Setting next_dagrun for example_display_name to None, run_after=None
[2024-09-17T06:37:26.755-0300] {processor.py:183} INFO - Processing /home/jezandre/airflow/airflow_env/lib/python3.11/site-packages/airflow/example_dags/example_display_name.py took 0.227 seconds
[2024-09-17T06:37:57.437-0300] {processor.py:161} INFO - Started process (PID=25386) to work on /home/jezandre/airflow/airflow_env/lib/python3.11/site-packages/airflow/example_dags/example_display_name.py
[2024-09-17T06:37:57.438-0300] {processor.py:830} INFO - Processing file /home/jezandre/airflow/airflow_env/lib/python3.11/site-packages/airflow/example_dags/example_display_name.py for tasks to queue
[2024-09-17T06:37:57.440-0300] {logging_mixin.py:188} INFO - [2024-09-17T06:37:57.440-0300] {dagbag.py:545} INFO - Filling up the DagBag from /home/jezandre/airflow/airflow_env/lib/python3.11/site-packages/airflow/example_dags/example_display_name.py
[2024-09-17T06:37:57.444-0300] {processor.py:840} INFO - DAG(s) 'example_display_name' retrieved from /home/jezandre/airflow/airflow_env/lib/python3.11/site-packages/airflow/example_dags/example_display_name.py
[2024-09-17T06:37:57.476-0300] {logging_mixin.py:188} INFO - [2024-09-17T06:37:57.476-0300] {dag.py:3089} INFO - Sync 1 DAGs
[2024-09-17T06:37:57.496-0300] {logging_mixin.py:188} INFO - [2024-09-17T06:37:57.495-0300] {dag.py:3947} INFO - Setting next_dagrun for example_display_name to None, run_after=None
[2024-09-17T06:37:57.524-0300] {processor.py:183} INFO - Processing /home/jezandre/airflow/airflow_env/lib/python3.11/site-packages/airflow/example_dags/example_display_name.py took 0.093 seconds
[2024-09-17T06:38:28.063-0300] {processor.py:161} INFO - Started process (PID=25696) to work on /home/jezandre/airflow/airflow_env/lib/python3.11/site-packages/airflow/example_dags/example_display_name.py
[2024-09-17T06:38:28.065-0300] {processor.py:830} INFO - Processing file /home/jezandre/airflow/airflow_env/lib/python3.11/site-packages/airflow/example_dags/example_display_name.py for tasks to queue
[2024-09-17T06:38:28.067-0300] {logging_mixin.py:188} INFO - [2024-09-17T06:38:28.066-0300] {dagbag.py:545} INFO - Filling up the DagBag from /home/jezandre/airflow/airflow_env/lib/python3.11/site-packages/airflow/example_dags/example_display_name.py
[2024-09-17T06:38:28.074-0300] {processor.py:840} INFO - DAG(s) 'example_display_name' retrieved from /home/jezandre/airflow/airflow_env/lib/python3.11/site-packages/airflow/example_dags/example_display_name.py
[2024-09-17T06:38:28.101-0300] {logging_mixin.py:188} INFO - [2024-09-17T06:38:28.101-0300] {dag.py:3089} INFO - Sync 1 DAGs
[2024-09-17T06:38:28.116-0300] {logging_mixin.py:188} INFO - [2024-09-17T06:38:28.115-0300] {dag.py:3947} INFO - Setting next_dagrun for example_display_name to None, run_after=None
[2024-09-17T06:38:28.146-0300] {processor.py:183} INFO - Processing /home/jezandre/airflow/airflow_env/lib/python3.11/site-packages/airflow/example_dags/example_display_name.py took 0.089 seconds
[2024-09-17T06:38:58.477-0300] {processor.py:161} INFO - Started process (PID=26028) to work on /home/jezandre/airflow/airflow_env/lib/python3.11/site-packages/airflow/example_dags/example_display_name.py
[2024-09-17T06:38:58.479-0300] {processor.py:830} INFO - Processing file /home/jezandre/airflow/airflow_env/lib/python3.11/site-packages/airflow/example_dags/example_display_name.py for tasks to queue
[2024-09-17T06:38:58.481-0300] {logging_mixin.py:188} INFO - [2024-09-17T06:38:58.480-0300] {dagbag.py:545} INFO - Filling up the DagBag from /home/jezandre/airflow/airflow_env/lib/python3.11/site-packages/airflow/example_dags/example_display_name.py
[2024-09-17T06:38:58.493-0300] {processor.py:840} INFO - DAG(s) 'example_display_name' retrieved from /home/jezandre/airflow/airflow_env/lib/python3.11/site-packages/airflow/example_dags/example_display_name.py
[2024-09-17T06:38:58.536-0300] {logging_mixin.py:188} INFO - [2024-09-17T06:38:58.536-0300] {dag.py:3089} INFO - Sync 1 DAGs
[2024-09-17T06:38:58.564-0300] {logging_mixin.py:188} INFO - [2024-09-17T06:38:58.564-0300] {dag.py:3947} INFO - Setting next_dagrun for example_display_name to None, run_after=None
[2024-09-17T06:38:58.602-0300] {processor.py:183} INFO - Processing /home/jezandre/airflow/airflow_env/lib/python3.11/site-packages/airflow/example_dags/example_display_name.py took 0.144 seconds
[2024-09-17T06:39:29.237-0300] {processor.py:161} INFO - Started process (PID=26275) to work on /home/jezandre/airflow/airflow_env/lib/python3.11/site-packages/airflow/example_dags/example_display_name.py
[2024-09-17T06:39:29.238-0300] {processor.py:830} INFO - Processing file /home/jezandre/airflow/airflow_env/lib/python3.11/site-packages/airflow/example_dags/example_display_name.py for tasks to queue
[2024-09-17T06:39:29.240-0300] {logging_mixin.py:188} INFO - [2024-09-17T06:39:29.240-0300] {dagbag.py:545} INFO - Filling up the DagBag from /home/jezandre/airflow/airflow_env/lib/python3.11/site-packages/airflow/example_dags/example_display_name.py
[2024-09-17T06:39:29.245-0300] {processor.py:840} INFO - DAG(s) 'example_display_name' retrieved from /home/jezandre/airflow/airflow_env/lib/python3.11/site-packages/airflow/example_dags/example_display_name.py
[2024-09-17T06:39:29.275-0300] {logging_mixin.py:188} INFO - [2024-09-17T06:39:29.275-0300] {dag.py:3089} INFO - Sync 1 DAGs
[2024-09-17T06:39:29.291-0300] {logging_mixin.py:188} INFO - [2024-09-17T06:39:29.291-0300] {dag.py:3947} INFO - Setting next_dagrun for example_display_name to None, run_after=None
[2024-09-17T06:39:29.318-0300] {processor.py:183} INFO - Processing /home/jezandre/airflow/airflow_env/lib/python3.11/site-packages/airflow/example_dags/example_display_name.py took 0.091 seconds
[2024-09-17T06:39:59.883-0300] {processor.py:161} INFO - Started process (PID=26535) to work on /home/jezandre/airflow/airflow_env/lib/python3.11/site-packages/airflow/example_dags/example_display_name.py
[2024-09-17T06:39:59.884-0300] {processor.py:830} INFO - Processing file /home/jezandre/airflow/airflow_env/lib/python3.11/site-packages/airflow/example_dags/example_display_name.py for tasks to queue
[2024-09-17T06:39:59.887-0300] {logging_mixin.py:188} INFO - [2024-09-17T06:39:59.887-0300] {dagbag.py:545} INFO - Filling up the DagBag from /home/jezandre/airflow/airflow_env/lib/python3.11/site-packages/airflow/example_dags/example_display_name.py
[2024-09-17T06:39:59.892-0300] {processor.py:840} INFO - DAG(s) 'example_display_name' retrieved from /home/jezandre/airflow/airflow_env/lib/python3.11/site-packages/airflow/example_dags/example_display_name.py
[2024-09-17T06:39:59.918-0300] {logging_mixin.py:188} INFO - [2024-09-17T06:39:59.918-0300] {dag.py:3089} INFO - Sync 1 DAGs
[2024-09-17T06:39:59.932-0300] {logging_mixin.py:188} INFO - [2024-09-17T06:39:59.932-0300] {dag.py:3947} INFO - Setting next_dagrun for example_display_name to None, run_after=None
[2024-09-17T06:39:59.957-0300] {processor.py:183} INFO - Processing /home/jezandre/airflow/airflow_env/lib/python3.11/site-packages/airflow/example_dags/example_display_name.py took 0.083 seconds
[2024-09-17T06:40:30.419-0300] {processor.py:161} INFO - Started process (PID=26878) to work on /home/jezandre/airflow/airflow_env/lib/python3.11/site-packages/airflow/example_dags/example_display_name.py
[2024-09-17T06:40:30.420-0300] {processor.py:830} INFO - Processing file /home/jezandre/airflow/airflow_env/lib/python3.11/site-packages/airflow/example_dags/example_display_name.py for tasks to queue
[2024-09-17T06:40:30.422-0300] {logging_mixin.py:188} INFO - [2024-09-17T06:40:30.422-0300] {dagbag.py:545} INFO - Filling up the DagBag from /home/jezandre/airflow/airflow_env/lib/python3.11/site-packages/airflow/example_dags/example_display_name.py
[2024-09-17T06:40:30.428-0300] {processor.py:840} INFO - DAG(s) 'example_display_name' retrieved from /home/jezandre/airflow/airflow_env/lib/python3.11/site-packages/airflow/example_dags/example_display_name.py
[2024-09-17T06:40:30.460-0300] {logging_mixin.py:188} INFO - [2024-09-17T06:40:30.458-0300] {dag.py:3089} INFO - Sync 1 DAGs
[2024-09-17T06:40:30.485-0300] {logging_mixin.py:188} INFO - [2024-09-17T06:40:30.485-0300] {dag.py:3947} INFO - Setting next_dagrun for example_display_name to None, run_after=None
[2024-09-17T06:40:30.523-0300] {processor.py:183} INFO - Processing /home/jezandre/airflow/airflow_env/lib/python3.11/site-packages/airflow/example_dags/example_display_name.py took 0.115 seconds
[2024-09-17T06:41:00.913-0300] {processor.py:161} INFO - Started process (PID=27250) to work on /home/jezandre/airflow/airflow_env/lib/python3.11/site-packages/airflow/example_dags/example_display_name.py
[2024-09-17T06:41:00.914-0300] {processor.py:830} INFO - Processing file /home/jezandre/airflow/airflow_env/lib/python3.11/site-packages/airflow/example_dags/example_display_name.py for tasks to queue
[2024-09-17T06:41:00.916-0300] {logging_mixin.py:188} INFO - [2024-09-17T06:41:00.916-0300] {dagbag.py:545} INFO - Filling up the DagBag from /home/jezandre/airflow/airflow_env/lib/python3.11/site-packages/airflow/example_dags/example_display_name.py
[2024-09-17T06:41:00.924-0300] {processor.py:840} INFO - DAG(s) 'example_display_name' retrieved from /home/jezandre/airflow/airflow_env/lib/python3.11/site-packages/airflow/example_dags/example_display_name.py
[2024-09-17T06:41:00.959-0300] {logging_mixin.py:188} INFO - [2024-09-17T06:41:00.958-0300] {dag.py:3089} INFO - Sync 1 DAGs
[2024-09-17T06:41:00.977-0300] {logging_mixin.py:188} INFO - [2024-09-17T06:41:00.977-0300] {dag.py:3947} INFO - Setting next_dagrun for example_display_name to None, run_after=None
[2024-09-17T06:41:01.014-0300] {processor.py:183} INFO - Processing /home/jezandre/airflow/airflow_env/lib/python3.11/site-packages/airflow/example_dags/example_display_name.py took 0.111 seconds
[2024-09-17T06:41:31.503-0300] {processor.py:161} INFO - Started process (PID=27560) to work on /home/jezandre/airflow/airflow_env/lib/python3.11/site-packages/airflow/example_dags/example_display_name.py
[2024-09-17T06:41:31.505-0300] {processor.py:830} INFO - Processing file /home/jezandre/airflow/airflow_env/lib/python3.11/site-packages/airflow/example_dags/example_display_name.py for tasks to queue
[2024-09-17T06:41:31.507-0300] {logging_mixin.py:188} INFO - [2024-09-17T06:41:31.507-0300] {dagbag.py:545} INFO - Filling up the DagBag from /home/jezandre/airflow/airflow_env/lib/python3.11/site-packages/airflow/example_dags/example_display_name.py
[2024-09-17T06:41:31.512-0300] {processor.py:840} INFO - DAG(s) 'example_display_name' retrieved from /home/jezandre/airflow/airflow_env/lib/python3.11/site-packages/airflow/example_dags/example_display_name.py
[2024-09-17T06:41:31.543-0300] {logging_mixin.py:188} INFO - [2024-09-17T06:41:31.543-0300] {dag.py:3089} INFO - Sync 1 DAGs
[2024-09-17T06:41:31.561-0300] {logging_mixin.py:188} INFO - [2024-09-17T06:41:31.561-0300] {dag.py:3947} INFO - Setting next_dagrun for example_display_name to None, run_after=None
[2024-09-17T06:41:31.588-0300] {processor.py:183} INFO - Processing /home/jezandre/airflow/airflow_env/lib/python3.11/site-packages/airflow/example_dags/example_display_name.py took 0.095 seconds
[2024-09-17T06:42:01.979-0300] {processor.py:161} INFO - Started process (PID=27829) to work on /home/jezandre/airflow/airflow_env/lib/python3.11/site-packages/airflow/example_dags/example_display_name.py
[2024-09-17T06:42:01.981-0300] {processor.py:830} INFO - Processing file /home/jezandre/airflow/airflow_env/lib/python3.11/site-packages/airflow/example_dags/example_display_name.py for tasks to queue
[2024-09-17T06:42:01.983-0300] {logging_mixin.py:188} INFO - [2024-09-17T06:42:01.983-0300] {dagbag.py:545} INFO - Filling up the DagBag from /home/jezandre/airflow/airflow_env/lib/python3.11/site-packages/airflow/example_dags/example_display_name.py
[2024-09-17T06:42:01.988-0300] {processor.py:840} INFO - DAG(s) 'example_display_name' retrieved from /home/jezandre/airflow/airflow_env/lib/python3.11/site-packages/airflow/example_dags/example_display_name.py
[2024-09-17T06:42:02.015-0300] {logging_mixin.py:188} INFO - [2024-09-17T06:42:02.014-0300] {dag.py:3089} INFO - Sync 1 DAGs
[2024-09-17T06:42:02.031-0300] {logging_mixin.py:188} INFO - [2024-09-17T06:42:02.031-0300] {dag.py:3947} INFO - Setting next_dagrun for example_display_name to None, run_after=None
[2024-09-17T06:42:02.060-0300] {processor.py:183} INFO - Processing /home/jezandre/airflow/airflow_env/lib/python3.11/site-packages/airflow/example_dags/example_display_name.py took 0.092 seconds
[2024-09-17T06:42:32.980-0300] {processor.py:161} INFO - Started process (PID=28037) to work on /home/jezandre/airflow/airflow_env/lib/python3.11/site-packages/airflow/example_dags/example_display_name.py
[2024-09-17T06:42:32.984-0300] {processor.py:830} INFO - Processing file /home/jezandre/airflow/airflow_env/lib/python3.11/site-packages/airflow/example_dags/example_display_name.py for tasks to queue
[2024-09-17T06:42:32.987-0300] {logging_mixin.py:188} INFO - [2024-09-17T06:42:32.987-0300] {dagbag.py:545} INFO - Filling up the DagBag from /home/jezandre/airflow/airflow_env/lib/python3.11/site-packages/airflow/example_dags/example_display_name.py
[2024-09-17T06:42:32.994-0300] {processor.py:840} INFO - DAG(s) 'example_display_name' retrieved from /home/jezandre/airflow/airflow_env/lib/python3.11/site-packages/airflow/example_dags/example_display_name.py
[2024-09-17T06:42:33.137-0300] {logging_mixin.py:188} INFO - [2024-09-17T06:42:33.137-0300] {dag.py:3089} INFO - Sync 1 DAGs
[2024-09-17T06:42:33.153-0300] {logging_mixin.py:188} INFO - [2024-09-17T06:42:33.153-0300] {dag.py:3947} INFO - Setting next_dagrun for example_display_name to None, run_after=None
[2024-09-17T06:42:33.190-0300] {processor.py:183} INFO - Processing /home/jezandre/airflow/airflow_env/lib/python3.11/site-packages/airflow/example_dags/example_display_name.py took 0.218 seconds
[2024-09-17T06:43:03.333-0300] {processor.py:161} INFO - Started process (PID=28794) to work on /home/jezandre/airflow/airflow_env/lib/python3.11/site-packages/airflow/example_dags/example_display_name.py
[2024-09-17T06:43:03.335-0300] {processor.py:830} INFO - Processing file /home/jezandre/airflow/airflow_env/lib/python3.11/site-packages/airflow/example_dags/example_display_name.py for tasks to queue
[2024-09-17T06:43:03.337-0300] {logging_mixin.py:188} INFO - [2024-09-17T06:43:03.336-0300] {dagbag.py:545} INFO - Filling up the DagBag from /home/jezandre/airflow/airflow_env/lib/python3.11/site-packages/airflow/example_dags/example_display_name.py
[2024-09-17T06:43:03.343-0300] {processor.py:840} INFO - DAG(s) 'example_display_name' retrieved from /home/jezandre/airflow/airflow_env/lib/python3.11/site-packages/airflow/example_dags/example_display_name.py
[2024-09-17T06:43:03.375-0300] {logging_mixin.py:188} INFO - [2024-09-17T06:43:03.375-0300] {dag.py:3089} INFO - Sync 1 DAGs
[2024-09-17T06:43:03.392-0300] {logging_mixin.py:188} INFO - [2024-09-17T06:43:03.392-0300] {dag.py:3947} INFO - Setting next_dagrun for example_display_name to None, run_after=None
[2024-09-17T06:43:03.429-0300] {processor.py:183} INFO - Processing /home/jezandre/airflow/airflow_env/lib/python3.11/site-packages/airflow/example_dags/example_display_name.py took 0.105 seconds
[2024-09-17T06:43:34.229-0300] {processor.py:161} INFO - Started process (PID=29083) to work on /home/jezandre/airflow/airflow_env/lib/python3.11/site-packages/airflow/example_dags/example_display_name.py
[2024-09-17T06:43:34.230-0300] {processor.py:830} INFO - Processing file /home/jezandre/airflow/airflow_env/lib/python3.11/site-packages/airflow/example_dags/example_display_name.py for tasks to queue
[2024-09-17T06:43:34.232-0300] {logging_mixin.py:188} INFO - [2024-09-17T06:43:34.231-0300] {dagbag.py:545} INFO - Filling up the DagBag from /home/jezandre/airflow/airflow_env/lib/python3.11/site-packages/airflow/example_dags/example_display_name.py
[2024-09-17T06:43:34.236-0300] {processor.py:840} INFO - DAG(s) 'example_display_name' retrieved from /home/jezandre/airflow/airflow_env/lib/python3.11/site-packages/airflow/example_dags/example_display_name.py
[2024-09-17T06:43:34.266-0300] {logging_mixin.py:188} INFO - [2024-09-17T06:43:34.265-0300] {dag.py:3089} INFO - Sync 1 DAGs
[2024-09-17T06:43:34.281-0300] {logging_mixin.py:188} INFO - [2024-09-17T06:43:34.280-0300] {dag.py:3947} INFO - Setting next_dagrun for example_display_name to None, run_after=None
[2024-09-17T06:43:34.314-0300] {processor.py:183} INFO - Processing /home/jezandre/airflow/airflow_env/lib/python3.11/site-packages/airflow/example_dags/example_display_name.py took 0.095 seconds
[2024-09-17T06:44:05.014-0300] {processor.py:161} INFO - Started process (PID=29323) to work on /home/jezandre/airflow/airflow_env/lib/python3.11/site-packages/airflow/example_dags/example_display_name.py
[2024-09-17T06:44:05.015-0300] {processor.py:830} INFO - Processing file /home/jezandre/airflow/airflow_env/lib/python3.11/site-packages/airflow/example_dags/example_display_name.py for tasks to queue
[2024-09-17T06:44:05.018-0300] {logging_mixin.py:188} INFO - [2024-09-17T06:44:05.018-0300] {dagbag.py:545} INFO - Filling up the DagBag from /home/jezandre/airflow/airflow_env/lib/python3.11/site-packages/airflow/example_dags/example_display_name.py
[2024-09-17T06:44:05.025-0300] {processor.py:840} INFO - DAG(s) 'example_display_name' retrieved from /home/jezandre/airflow/airflow_env/lib/python3.11/site-packages/airflow/example_dags/example_display_name.py
[2024-09-17T06:44:05.068-0300] {logging_mixin.py:188} INFO - [2024-09-17T06:44:05.067-0300] {dag.py:3089} INFO - Sync 1 DAGs
[2024-09-17T06:44:05.094-0300] {logging_mixin.py:188} INFO - [2024-09-17T06:44:05.094-0300] {dag.py:3947} INFO - Setting next_dagrun for example_display_name to None, run_after=None
[2024-09-17T06:44:05.146-0300] {processor.py:183} INFO - Processing /home/jezandre/airflow/airflow_env/lib/python3.11/site-packages/airflow/example_dags/example_display_name.py took 0.145 seconds
[2024-09-17T06:44:35.610-0300] {processor.py:161} INFO - Started process (PID=29511) to work on /home/jezandre/airflow/airflow_env/lib/python3.11/site-packages/airflow/example_dags/example_display_name.py
[2024-09-17T06:44:35.611-0300] {processor.py:830} INFO - Processing file /home/jezandre/airflow/airflow_env/lib/python3.11/site-packages/airflow/example_dags/example_display_name.py for tasks to queue
[2024-09-17T06:44:35.614-0300] {logging_mixin.py:188} INFO - [2024-09-17T06:44:35.614-0300] {dagbag.py:545} INFO - Filling up the DagBag from /home/jezandre/airflow/airflow_env/lib/python3.11/site-packages/airflow/example_dags/example_display_name.py
[2024-09-17T06:44:35.619-0300] {processor.py:840} INFO - DAG(s) 'example_display_name' retrieved from /home/jezandre/airflow/airflow_env/lib/python3.11/site-packages/airflow/example_dags/example_display_name.py
[2024-09-17T06:44:35.649-0300] {logging_mixin.py:188} INFO - [2024-09-17T06:44:35.648-0300] {dag.py:3089} INFO - Sync 1 DAGs
[2024-09-17T06:44:35.662-0300] {logging_mixin.py:188} INFO - [2024-09-17T06:44:35.662-0300] {dag.py:3947} INFO - Setting next_dagrun for example_display_name to None, run_after=None
[2024-09-17T06:44:35.688-0300] {processor.py:183} INFO - Processing /home/jezandre/airflow/airflow_env/lib/python3.11/site-packages/airflow/example_dags/example_display_name.py took 0.088 seconds
[2024-09-17T06:45:06.398-0300] {processor.py:161} INFO - Started process (PID=29841) to work on /home/jezandre/airflow/airflow_env/lib/python3.11/site-packages/airflow/example_dags/example_display_name.py
[2024-09-17T06:45:06.403-0300] {processor.py:830} INFO - Processing file /home/jezandre/airflow/airflow_env/lib/python3.11/site-packages/airflow/example_dags/example_display_name.py for tasks to queue
[2024-09-17T06:45:06.406-0300] {logging_mixin.py:188} INFO - [2024-09-17T06:45:06.405-0300] {dagbag.py:545} INFO - Filling up the DagBag from /home/jezandre/airflow/airflow_env/lib/python3.11/site-packages/airflow/example_dags/example_display_name.py
[2024-09-17T06:45:06.412-0300] {processor.py:840} INFO - DAG(s) 'example_display_name' retrieved from /home/jezandre/airflow/airflow_env/lib/python3.11/site-packages/airflow/example_dags/example_display_name.py
[2024-09-17T06:45:06.452-0300] {logging_mixin.py:188} INFO - [2024-09-17T06:45:06.452-0300] {dag.py:3089} INFO - Sync 1 DAGs
[2024-09-17T06:45:06.472-0300] {logging_mixin.py:188} INFO - [2024-09-17T06:45:06.471-0300] {dag.py:3947} INFO - Setting next_dagrun for example_display_name to None, run_after=None
[2024-09-17T06:45:06.502-0300] {processor.py:183} INFO - Processing /home/jezandre/airflow/airflow_env/lib/python3.11/site-packages/airflow/example_dags/example_display_name.py took 0.127 seconds
[2024-09-17T06:45:36.788-0300] {processor.py:161} INFO - Started process (PID=30133) to work on /home/jezandre/airflow/airflow_env/lib/python3.11/site-packages/airflow/example_dags/example_display_name.py
[2024-09-17T06:45:36.790-0300] {processor.py:830} INFO - Processing file /home/jezandre/airflow/airflow_env/lib/python3.11/site-packages/airflow/example_dags/example_display_name.py for tasks to queue
[2024-09-17T06:45:36.793-0300] {logging_mixin.py:188} INFO - [2024-09-17T06:45:36.792-0300] {dagbag.py:545} INFO - Filling up the DagBag from /home/jezandre/airflow/airflow_env/lib/python3.11/site-packages/airflow/example_dags/example_display_name.py
[2024-09-17T06:45:36.800-0300] {processor.py:840} INFO - DAG(s) 'example_display_name' retrieved from /home/jezandre/airflow/airflow_env/lib/python3.11/site-packages/airflow/example_dags/example_display_name.py
[2024-09-17T06:45:36.832-0300] {logging_mixin.py:188} INFO - [2024-09-17T06:45:36.831-0300] {dag.py:3089} INFO - Sync 1 DAGs
[2024-09-17T06:45:36.853-0300] {logging_mixin.py:188} INFO - [2024-09-17T06:45:36.853-0300] {dag.py:3947} INFO - Setting next_dagrun for example_display_name to None, run_after=None
[2024-09-17T06:45:36.890-0300] {processor.py:183} INFO - Processing /home/jezandre/airflow/airflow_env/lib/python3.11/site-packages/airflow/example_dags/example_display_name.py took 0.114 seconds
[2024-09-17T06:46:07.822-0300] {processor.py:161} INFO - Started process (PID=30474) to work on /home/jezandre/airflow/airflow_env/lib/python3.11/site-packages/airflow/example_dags/example_display_name.py
[2024-09-17T06:46:07.822-0300] {processor.py:830} INFO - Processing file /home/jezandre/airflow/airflow_env/lib/python3.11/site-packages/airflow/example_dags/example_display_name.py for tasks to queue
[2024-09-17T06:46:07.824-0300] {logging_mixin.py:188} INFO - [2024-09-17T06:46:07.824-0300] {dagbag.py:545} INFO - Filling up the DagBag from /home/jezandre/airflow/airflow_env/lib/python3.11/site-packages/airflow/example_dags/example_display_name.py
[2024-09-17T06:46:07.829-0300] {processor.py:840} INFO - DAG(s) 'example_display_name' retrieved from /home/jezandre/airflow/airflow_env/lib/python3.11/site-packages/airflow/example_dags/example_display_name.py
[2024-09-17T06:46:07.862-0300] {logging_mixin.py:188} INFO - [2024-09-17T06:46:07.861-0300] {dag.py:3089} INFO - Sync 1 DAGs
[2024-09-17T06:46:07.878-0300] {logging_mixin.py:188} INFO - [2024-09-17T06:46:07.877-0300] {dag.py:3947} INFO - Setting next_dagrun for example_display_name to None, run_after=None
[2024-09-17T06:46:07.904-0300] {processor.py:183} INFO - Processing /home/jezandre/airflow/airflow_env/lib/python3.11/site-packages/airflow/example_dags/example_display_name.py took 0.092 seconds
[2024-09-17T06:46:38.722-0300] {processor.py:161} INFO - Started process (PID=30779) to work on /home/jezandre/airflow/airflow_env/lib/python3.11/site-packages/airflow/example_dags/example_display_name.py
[2024-09-17T06:46:38.723-0300] {processor.py:830} INFO - Processing file /home/jezandre/airflow/airflow_env/lib/python3.11/site-packages/airflow/example_dags/example_display_name.py for tasks to queue
[2024-09-17T06:46:38.725-0300] {logging_mixin.py:188} INFO - [2024-09-17T06:46:38.725-0300] {dagbag.py:545} INFO - Filling up the DagBag from /home/jezandre/airflow/airflow_env/lib/python3.11/site-packages/airflow/example_dags/example_display_name.py
[2024-09-17T06:46:38.731-0300] {processor.py:840} INFO - DAG(s) 'example_display_name' retrieved from /home/jezandre/airflow/airflow_env/lib/python3.11/site-packages/airflow/example_dags/example_display_name.py
[2024-09-17T06:46:38.761-0300] {logging_mixin.py:188} INFO - [2024-09-17T06:46:38.760-0300] {dag.py:3089} INFO - Sync 1 DAGs
[2024-09-17T06:46:38.788-0300] {logging_mixin.py:188} INFO - [2024-09-17T06:46:38.787-0300] {dag.py:3947} INFO - Setting next_dagrun for example_display_name to None, run_after=None
[2024-09-17T06:46:38.831-0300] {processor.py:183} INFO - Processing /home/jezandre/airflow/airflow_env/lib/python3.11/site-packages/airflow/example_dags/example_display_name.py took 0.121 seconds
[2024-09-17T06:47:09.222-0300] {processor.py:161} INFO - Started process (PID=31076) to work on /home/jezandre/airflow/airflow_env/lib/python3.11/site-packages/airflow/example_dags/example_display_name.py
[2024-09-17T06:47:09.222-0300] {processor.py:830} INFO - Processing file /home/jezandre/airflow/airflow_env/lib/python3.11/site-packages/airflow/example_dags/example_display_name.py for tasks to queue
[2024-09-17T06:47:09.224-0300] {logging_mixin.py:188} INFO - [2024-09-17T06:47:09.224-0300] {dagbag.py:545} INFO - Filling up the DagBag from /home/jezandre/airflow/airflow_env/lib/python3.11/site-packages/airflow/example_dags/example_display_name.py
[2024-09-17T06:47:09.229-0300] {processor.py:840} INFO - DAG(s) 'example_display_name' retrieved from /home/jezandre/airflow/airflow_env/lib/python3.11/site-packages/airflow/example_dags/example_display_name.py
[2024-09-17T06:47:09.354-0300] {logging_mixin.py:188} INFO - [2024-09-17T06:47:09.353-0300] {dag.py:3089} INFO - Sync 1 DAGs
[2024-09-17T06:47:09.366-0300] {logging_mixin.py:188} INFO - [2024-09-17T06:47:09.366-0300] {dag.py:3947} INFO - Setting next_dagrun for example_display_name to None, run_after=None
[2024-09-17T06:47:09.392-0300] {processor.py:183} INFO - Processing /home/jezandre/airflow/airflow_env/lib/python3.11/site-packages/airflow/example_dags/example_display_name.py took 0.183 seconds
[2024-09-17T06:47:39.902-0300] {processor.py:161} INFO - Started process (PID=31305) to work on /home/jezandre/airflow/airflow_env/lib/python3.11/site-packages/airflow/example_dags/example_display_name.py
[2024-09-17T06:47:39.904-0300] {processor.py:830} INFO - Processing file /home/jezandre/airflow/airflow_env/lib/python3.11/site-packages/airflow/example_dags/example_display_name.py for tasks to queue
[2024-09-17T06:47:39.906-0300] {logging_mixin.py:188} INFO - [2024-09-17T06:47:39.906-0300] {dagbag.py:545} INFO - Filling up the DagBag from /home/jezandre/airflow/airflow_env/lib/python3.11/site-packages/airflow/example_dags/example_display_name.py
[2024-09-17T06:47:39.913-0300] {processor.py:840} INFO - DAG(s) 'example_display_name' retrieved from /home/jezandre/airflow/airflow_env/lib/python3.11/site-packages/airflow/example_dags/example_display_name.py
[2024-09-17T06:47:39.947-0300] {logging_mixin.py:188} INFO - [2024-09-17T06:47:39.946-0300] {dag.py:3089} INFO - Sync 1 DAGs
[2024-09-17T06:47:39.965-0300] {logging_mixin.py:188} INFO - [2024-09-17T06:47:39.964-0300] {dag.py:3947} INFO - Setting next_dagrun for example_display_name to None, run_after=None
[2024-09-17T06:47:39.995-0300] {processor.py:183} INFO - Processing /home/jezandre/airflow/airflow_env/lib/python3.11/site-packages/airflow/example_dags/example_display_name.py took 0.103 seconds
[2024-09-17T06:48:10.396-0300] {processor.py:161} INFO - Started process (PID=31559) to work on /home/jezandre/airflow/airflow_env/lib/python3.11/site-packages/airflow/example_dags/example_display_name.py
[2024-09-17T06:48:10.399-0300] {processor.py:830} INFO - Processing file /home/jezandre/airflow/airflow_env/lib/python3.11/site-packages/airflow/example_dags/example_display_name.py for tasks to queue
[2024-09-17T06:48:10.402-0300] {logging_mixin.py:188} INFO - [2024-09-17T06:48:10.402-0300] {dagbag.py:545} INFO - Filling up the DagBag from /home/jezandre/airflow/airflow_env/lib/python3.11/site-packages/airflow/example_dags/example_display_name.py
[2024-09-17T06:48:10.408-0300] {processor.py:840} INFO - DAG(s) 'example_display_name' retrieved from /home/jezandre/airflow/airflow_env/lib/python3.11/site-packages/airflow/example_dags/example_display_name.py
[2024-09-17T06:48:10.446-0300] {logging_mixin.py:188} INFO - [2024-09-17T06:48:10.446-0300] {dag.py:3089} INFO - Sync 1 DAGs
[2024-09-17T06:48:10.469-0300] {logging_mixin.py:188} INFO - [2024-09-17T06:48:10.469-0300] {dag.py:3947} INFO - Setting next_dagrun for example_display_name to None, run_after=None
[2024-09-17T06:48:10.497-0300] {processor.py:183} INFO - Processing /home/jezandre/airflow/airflow_env/lib/python3.11/site-packages/airflow/example_dags/example_display_name.py took 0.112 seconds
[2024-09-17T06:48:41.099-0300] {processor.py:161} INFO - Started process (PID=31826) to work on /home/jezandre/airflow/airflow_env/lib/python3.11/site-packages/airflow/example_dags/example_display_name.py
[2024-09-17T06:48:41.101-0300] {processor.py:830} INFO - Processing file /home/jezandre/airflow/airflow_env/lib/python3.11/site-packages/airflow/example_dags/example_display_name.py for tasks to queue
[2024-09-17T06:48:41.104-0300] {logging_mixin.py:188} INFO - [2024-09-17T06:48:41.103-0300] {dagbag.py:545} INFO - Filling up the DagBag from /home/jezandre/airflow/airflow_env/lib/python3.11/site-packages/airflow/example_dags/example_display_name.py
[2024-09-17T06:48:41.114-0300] {processor.py:840} INFO - DAG(s) 'example_display_name' retrieved from /home/jezandre/airflow/airflow_env/lib/python3.11/site-packages/airflow/example_dags/example_display_name.py
[2024-09-17T06:48:41.160-0300] {logging_mixin.py:188} INFO - [2024-09-17T06:48:41.159-0300] {dag.py:3089} INFO - Sync 1 DAGs
[2024-09-17T06:48:41.185-0300] {logging_mixin.py:188} INFO - [2024-09-17T06:48:41.184-0300] {dag.py:3947} INFO - Setting next_dagrun for example_display_name to None, run_after=None
[2024-09-17T06:48:41.232-0300] {processor.py:183} INFO - Processing /home/jezandre/airflow/airflow_env/lib/python3.11/site-packages/airflow/example_dags/example_display_name.py took 0.146 seconds
[2024-09-17T06:49:12.139-0300] {processor.py:161} INFO - Started process (PID=32035) to work on /home/jezandre/airflow/airflow_env/lib/python3.11/site-packages/airflow/example_dags/example_display_name.py
[2024-09-17T06:49:12.141-0300] {processor.py:830} INFO - Processing file /home/jezandre/airflow/airflow_env/lib/python3.11/site-packages/airflow/example_dags/example_display_name.py for tasks to queue
[2024-09-17T06:49:12.143-0300] {logging_mixin.py:188} INFO - [2024-09-17T06:49:12.142-0300] {dagbag.py:545} INFO - Filling up the DagBag from /home/jezandre/airflow/airflow_env/lib/python3.11/site-packages/airflow/example_dags/example_display_name.py
[2024-09-17T06:49:12.148-0300] {processor.py:840} INFO - DAG(s) 'example_display_name' retrieved from /home/jezandre/airflow/airflow_env/lib/python3.11/site-packages/airflow/example_dags/example_display_name.py
[2024-09-17T06:49:12.175-0300] {logging_mixin.py:188} INFO - [2024-09-17T06:49:12.174-0300] {dag.py:3089} INFO - Sync 1 DAGs
[2024-09-17T06:49:12.189-0300] {logging_mixin.py:188} INFO - [2024-09-17T06:49:12.189-0300] {dag.py:3947} INFO - Setting next_dagrun for example_display_name to None, run_after=None
[2024-09-17T06:49:12.217-0300] {processor.py:183} INFO - Processing /home/jezandre/airflow/airflow_env/lib/python3.11/site-packages/airflow/example_dags/example_display_name.py took 0.087 seconds
[2024-09-17T06:49:43.012-0300] {processor.py:161} INFO - Started process (PID=32347) to work on /home/jezandre/airflow/airflow_env/lib/python3.11/site-packages/airflow/example_dags/example_display_name.py
[2024-09-17T06:49:43.013-0300] {processor.py:830} INFO - Processing file /home/jezandre/airflow/airflow_env/lib/python3.11/site-packages/airflow/example_dags/example_display_name.py for tasks to queue
[2024-09-17T06:49:43.015-0300] {logging_mixin.py:188} INFO - [2024-09-17T06:49:43.015-0300] {dagbag.py:545} INFO - Filling up the DagBag from /home/jezandre/airflow/airflow_env/lib/python3.11/site-packages/airflow/example_dags/example_display_name.py
[2024-09-17T06:49:43.022-0300] {processor.py:840} INFO - DAG(s) 'example_display_name' retrieved from /home/jezandre/airflow/airflow_env/lib/python3.11/site-packages/airflow/example_dags/example_display_name.py
[2024-09-17T06:49:43.052-0300] {logging_mixin.py:188} INFO - [2024-09-17T06:49:43.052-0300] {dag.py:3089} INFO - Sync 1 DAGs
[2024-09-17T06:49:43.067-0300] {logging_mixin.py:188} INFO - [2024-09-17T06:49:43.067-0300] {dag.py:3947} INFO - Setting next_dagrun for example_display_name to None, run_after=None
[2024-09-17T06:49:43.096-0300] {processor.py:183} INFO - Processing /home/jezandre/airflow/airflow_env/lib/python3.11/site-packages/airflow/example_dags/example_display_name.py took 0.094 seconds
[2024-09-17T06:50:13.725-0300] {processor.py:161} INFO - Started process (PID=32600) to work on /home/jezandre/airflow/airflow_env/lib/python3.11/site-packages/airflow/example_dags/example_display_name.py
[2024-09-17T06:50:13.726-0300] {processor.py:830} INFO - Processing file /home/jezandre/airflow/airflow_env/lib/python3.11/site-packages/airflow/example_dags/example_display_name.py for tasks to queue
[2024-09-17T06:50:13.728-0300] {logging_mixin.py:188} INFO - [2024-09-17T06:50:13.728-0300] {dagbag.py:545} INFO - Filling up the DagBag from /home/jezandre/airflow/airflow_env/lib/python3.11/site-packages/airflow/example_dags/example_display_name.py
[2024-09-17T06:50:13.734-0300] {processor.py:840} INFO - DAG(s) 'example_display_name' retrieved from /home/jezandre/airflow/airflow_env/lib/python3.11/site-packages/airflow/example_dags/example_display_name.py
[2024-09-17T06:50:13.759-0300] {logging_mixin.py:188} INFO - [2024-09-17T06:50:13.758-0300] {dag.py:3089} INFO - Sync 1 DAGs
[2024-09-17T06:50:13.773-0300] {logging_mixin.py:188} INFO - [2024-09-17T06:50:13.773-0300] {dag.py:3947} INFO - Setting next_dagrun for example_display_name to None, run_after=None
[2024-09-17T06:50:13.806-0300] {processor.py:183} INFO - Processing /home/jezandre/airflow/airflow_env/lib/python3.11/site-packages/airflow/example_dags/example_display_name.py took 0.091 seconds
[2024-09-17T06:50:44.428-0300] {processor.py:161} INFO - Started process (PID=32872) to work on /home/jezandre/airflow/airflow_env/lib/python3.11/site-packages/airflow/example_dags/example_display_name.py
[2024-09-17T06:50:44.429-0300] {processor.py:830} INFO - Processing file /home/jezandre/airflow/airflow_env/lib/python3.11/site-packages/airflow/example_dags/example_display_name.py for tasks to queue
[2024-09-17T06:50:44.431-0300] {logging_mixin.py:188} INFO - [2024-09-17T06:50:44.431-0300] {dagbag.py:545} INFO - Filling up the DagBag from /home/jezandre/airflow/airflow_env/lib/python3.11/site-packages/airflow/example_dags/example_display_name.py
[2024-09-17T06:50:44.437-0300] {processor.py:840} INFO - DAG(s) 'example_display_name' retrieved from /home/jezandre/airflow/airflow_env/lib/python3.11/site-packages/airflow/example_dags/example_display_name.py
[2024-09-17T06:50:44.468-0300] {logging_mixin.py:188} INFO - [2024-09-17T06:50:44.468-0300] {dag.py:3089} INFO - Sync 1 DAGs
[2024-09-17T06:50:44.486-0300] {logging_mixin.py:188} INFO - [2024-09-17T06:50:44.486-0300] {dag.py:3947} INFO - Setting next_dagrun for example_display_name to None, run_after=None
[2024-09-17T06:50:44.516-0300] {processor.py:183} INFO - Processing /home/jezandre/airflow/airflow_env/lib/python3.11/site-packages/airflow/example_dags/example_display_name.py took 0.102 seconds
[2024-09-17T06:51:14.773-0300] {processor.py:161} INFO - Started process (PID=33097) to work on /home/jezandre/airflow/airflow_env/lib/python3.11/site-packages/airflow/example_dags/example_display_name.py
[2024-09-17T06:51:14.773-0300] {processor.py:830} INFO - Processing file /home/jezandre/airflow/airflow_env/lib/python3.11/site-packages/airflow/example_dags/example_display_name.py for tasks to queue
[2024-09-17T06:51:14.775-0300] {logging_mixin.py:188} INFO - [2024-09-17T06:51:14.775-0300] {dagbag.py:545} INFO - Filling up the DagBag from /home/jezandre/airflow/airflow_env/lib/python3.11/site-packages/airflow/example_dags/example_display_name.py
[2024-09-17T06:51:14.782-0300] {processor.py:840} INFO - DAG(s) 'example_display_name' retrieved from /home/jezandre/airflow/airflow_env/lib/python3.11/site-packages/airflow/example_dags/example_display_name.py
[2024-09-17T06:51:14.811-0300] {logging_mixin.py:188} INFO - [2024-09-17T06:51:14.811-0300] {dag.py:3089} INFO - Sync 1 DAGs
[2024-09-17T06:51:14.827-0300] {logging_mixin.py:188} INFO - [2024-09-17T06:51:14.827-0300] {dag.py:3947} INFO - Setting next_dagrun for example_display_name to None, run_after=None
[2024-09-17T06:51:14.855-0300] {processor.py:183} INFO - Processing /home/jezandre/airflow/airflow_env/lib/python3.11/site-packages/airflow/example_dags/example_display_name.py took 0.092 seconds
[2024-09-17T06:51:44.890-0300] {processor.py:161} INFO - Started process (PID=33636) to work on /home/jezandre/airflow/airflow_env/lib/python3.11/site-packages/airflow/example_dags/example_display_name.py
[2024-09-17T06:51:44.895-0300] {processor.py:830} INFO - Processing file /home/jezandre/airflow/airflow_env/lib/python3.11/site-packages/airflow/example_dags/example_display_name.py for tasks to queue
[2024-09-17T06:51:44.897-0300] {logging_mixin.py:188} INFO - [2024-09-17T06:51:44.896-0300] {dagbag.py:545} INFO - Filling up the DagBag from /home/jezandre/airflow/airflow_env/lib/python3.11/site-packages/airflow/example_dags/example_display_name.py
[2024-09-17T06:51:44.904-0300] {processor.py:840} INFO - DAG(s) 'example_display_name' retrieved from /home/jezandre/airflow/airflow_env/lib/python3.11/site-packages/airflow/example_dags/example_display_name.py
[2024-09-17T06:51:44.932-0300] {logging_mixin.py:188} INFO - [2024-09-17T06:51:44.932-0300] {dag.py:3089} INFO - Sync 1 DAGs
[2024-09-17T06:51:44.948-0300] {logging_mixin.py:188} INFO - [2024-09-17T06:51:44.948-0300] {dag.py:3947} INFO - Setting next_dagrun for example_display_name to None, run_after=None
[2024-09-17T06:51:44.977-0300] {processor.py:183} INFO - Processing /home/jezandre/airflow/airflow_env/lib/python3.11/site-packages/airflow/example_dags/example_display_name.py took 0.098 seconds
[2024-09-17T06:52:15.018-0300] {processor.py:161} INFO - Started process (PID=34048) to work on /home/jezandre/airflow/airflow_env/lib/python3.11/site-packages/airflow/example_dags/example_display_name.py
[2024-09-17T06:52:15.019-0300] {processor.py:830} INFO - Processing file /home/jezandre/airflow/airflow_env/lib/python3.11/site-packages/airflow/example_dags/example_display_name.py for tasks to queue
[2024-09-17T06:52:15.021-0300] {logging_mixin.py:188} INFO - [2024-09-17T06:52:15.020-0300] {dagbag.py:545} INFO - Filling up the DagBag from /home/jezandre/airflow/airflow_env/lib/python3.11/site-packages/airflow/example_dags/example_display_name.py
[2024-09-17T06:52:15.027-0300] {processor.py:840} INFO - DAG(s) 'example_display_name' retrieved from /home/jezandre/airflow/airflow_env/lib/python3.11/site-packages/airflow/example_dags/example_display_name.py
[2024-09-17T06:52:15.191-0300] {logging_mixin.py:188} INFO - [2024-09-17T06:52:15.191-0300] {dag.py:3089} INFO - Sync 1 DAGs
[2024-09-17T06:52:15.214-0300] {logging_mixin.py:188} INFO - [2024-09-17T06:52:15.214-0300] {dag.py:3947} INFO - Setting next_dagrun for example_display_name to None, run_after=None
[2024-09-17T06:52:15.266-0300] {processor.py:183} INFO - Processing /home/jezandre/airflow/airflow_env/lib/python3.11/site-packages/airflow/example_dags/example_display_name.py took 0.262 seconds
[2024-09-17T06:52:45.568-0300] {processor.py:161} INFO - Started process (PID=34550) to work on /home/jezandre/airflow/airflow_env/lib/python3.11/site-packages/airflow/example_dags/example_display_name.py
[2024-09-17T06:52:45.572-0300] {processor.py:830} INFO - Processing file /home/jezandre/airflow/airflow_env/lib/python3.11/site-packages/airflow/example_dags/example_display_name.py for tasks to queue
[2024-09-17T06:52:45.575-0300] {logging_mixin.py:188} INFO - [2024-09-17T06:52:45.574-0300] {dagbag.py:545} INFO - Filling up the DagBag from /home/jezandre/airflow/airflow_env/lib/python3.11/site-packages/airflow/example_dags/example_display_name.py
[2024-09-17T06:52:45.589-0300] {processor.py:840} INFO - DAG(s) 'example_display_name' retrieved from /home/jezandre/airflow/airflow_env/lib/python3.11/site-packages/airflow/example_dags/example_display_name.py
[2024-09-17T06:52:45.648-0300] {logging_mixin.py:188} INFO - [2024-09-17T06:52:45.647-0300] {dag.py:3089} INFO - Sync 1 DAGs
[2024-09-17T06:52:45.690-0300] {logging_mixin.py:188} INFO - [2024-09-17T06:52:45.689-0300] {dag.py:3947} INFO - Setting next_dagrun for example_display_name to None, run_after=None
[2024-09-17T06:52:45.750-0300] {processor.py:183} INFO - Processing /home/jezandre/airflow/airflow_env/lib/python3.11/site-packages/airflow/example_dags/example_display_name.py took 0.200 seconds
[2024-09-17T06:53:16.672-0300] {processor.py:161} INFO - Started process (PID=34803) to work on /home/jezandre/airflow/airflow_env/lib/python3.11/site-packages/airflow/example_dags/example_display_name.py
[2024-09-17T06:53:16.674-0300] {processor.py:830} INFO - Processing file /home/jezandre/airflow/airflow_env/lib/python3.11/site-packages/airflow/example_dags/example_display_name.py for tasks to queue
[2024-09-17T06:53:16.677-0300] {logging_mixin.py:188} INFO - [2024-09-17T06:53:16.676-0300] {dagbag.py:545} INFO - Filling up the DagBag from /home/jezandre/airflow/airflow_env/lib/python3.11/site-packages/airflow/example_dags/example_display_name.py
[2024-09-17T06:53:16.682-0300] {processor.py:840} INFO - DAG(s) 'example_display_name' retrieved from /home/jezandre/airflow/airflow_env/lib/python3.11/site-packages/airflow/example_dags/example_display_name.py
[2024-09-17T06:53:16.715-0300] {logging_mixin.py:188} INFO - [2024-09-17T06:53:16.714-0300] {dag.py:3089} INFO - Sync 1 DAGs
[2024-09-17T06:53:16.734-0300] {logging_mixin.py:188} INFO - [2024-09-17T06:53:16.734-0300] {dag.py:3947} INFO - Setting next_dagrun for example_display_name to None, run_after=None
[2024-09-17T06:53:16.763-0300] {processor.py:183} INFO - Processing /home/jezandre/airflow/airflow_env/lib/python3.11/site-packages/airflow/example_dags/example_display_name.py took 0.102 seconds
[2024-09-17T06:53:47.273-0300] {processor.py:161} INFO - Started process (PID=35114) to work on /home/jezandre/airflow/airflow_env/lib/python3.11/site-packages/airflow/example_dags/example_display_name.py
[2024-09-17T06:53:47.275-0300] {processor.py:830} INFO - Processing file /home/jezandre/airflow/airflow_env/lib/python3.11/site-packages/airflow/example_dags/example_display_name.py for tasks to queue
[2024-09-17T06:53:47.277-0300] {logging_mixin.py:188} INFO - [2024-09-17T06:53:47.277-0300] {dagbag.py:545} INFO - Filling up the DagBag from /home/jezandre/airflow/airflow_env/lib/python3.11/site-packages/airflow/example_dags/example_display_name.py
[2024-09-17T06:53:47.282-0300] {processor.py:840} INFO - DAG(s) 'example_display_name' retrieved from /home/jezandre/airflow/airflow_env/lib/python3.11/site-packages/airflow/example_dags/example_display_name.py
[2024-09-17T06:53:47.311-0300] {logging_mixin.py:188} INFO - [2024-09-17T06:53:47.310-0300] {dag.py:3089} INFO - Sync 1 DAGs
[2024-09-17T06:53:47.326-0300] {logging_mixin.py:188} INFO - [2024-09-17T06:53:47.326-0300] {dag.py:3947} INFO - Setting next_dagrun for example_display_name to None, run_after=None
[2024-09-17T06:53:47.354-0300] {processor.py:183} INFO - Processing /home/jezandre/airflow/airflow_env/lib/python3.11/site-packages/airflow/example_dags/example_display_name.py took 0.093 seconds
[2024-09-17T06:54:18.103-0300] {processor.py:161} INFO - Started process (PID=35354) to work on /home/jezandre/airflow/airflow_env/lib/python3.11/site-packages/airflow/example_dags/example_display_name.py
[2024-09-17T06:54:18.104-0300] {processor.py:830} INFO - Processing file /home/jezandre/airflow/airflow_env/lib/python3.11/site-packages/airflow/example_dags/example_display_name.py for tasks to queue
[2024-09-17T06:54:18.106-0300] {logging_mixin.py:188} INFO - [2024-09-17T06:54:18.106-0300] {dagbag.py:545} INFO - Filling up the DagBag from /home/jezandre/airflow/airflow_env/lib/python3.11/site-packages/airflow/example_dags/example_display_name.py
[2024-09-17T06:54:18.111-0300] {processor.py:840} INFO - DAG(s) 'example_display_name' retrieved from /home/jezandre/airflow/airflow_env/lib/python3.11/site-packages/airflow/example_dags/example_display_name.py
[2024-09-17T06:54:18.137-0300] {logging_mixin.py:188} INFO - [2024-09-17T06:54:18.137-0300] {dag.py:3089} INFO - Sync 1 DAGs
[2024-09-17T06:54:18.153-0300] {logging_mixin.py:188} INFO - [2024-09-17T06:54:18.152-0300] {dag.py:3947} INFO - Setting next_dagrun for example_display_name to None, run_after=None
[2024-09-17T06:54:18.178-0300] {processor.py:183} INFO - Processing /home/jezandre/airflow/airflow_env/lib/python3.11/site-packages/airflow/example_dags/example_display_name.py took 0.086 seconds
[2024-09-17T06:54:48.800-0300] {processor.py:161} INFO - Started process (PID=35591) to work on /home/jezandre/airflow/airflow_env/lib/python3.11/site-packages/airflow/example_dags/example_display_name.py
[2024-09-17T06:54:48.801-0300] {processor.py:830} INFO - Processing file /home/jezandre/airflow/airflow_env/lib/python3.11/site-packages/airflow/example_dags/example_display_name.py for tasks to queue
[2024-09-17T06:54:48.803-0300] {logging_mixin.py:188} INFO - [2024-09-17T06:54:48.803-0300] {dagbag.py:545} INFO - Filling up the DagBag from /home/jezandre/airflow/airflow_env/lib/python3.11/site-packages/airflow/example_dags/example_display_name.py
[2024-09-17T06:54:48.809-0300] {processor.py:840} INFO - DAG(s) 'example_display_name' retrieved from /home/jezandre/airflow/airflow_env/lib/python3.11/site-packages/airflow/example_dags/example_display_name.py
[2024-09-17T06:54:48.835-0300] {logging_mixin.py:188} INFO - [2024-09-17T06:54:48.835-0300] {dag.py:3089} INFO - Sync 1 DAGs
[2024-09-17T06:54:48.850-0300] {logging_mixin.py:188} INFO - [2024-09-17T06:54:48.849-0300] {dag.py:3947} INFO - Setting next_dagrun for example_display_name to None, run_after=None
[2024-09-17T06:54:48.882-0300] {processor.py:183} INFO - Processing /home/jezandre/airflow/airflow_env/lib/python3.11/site-packages/airflow/example_dags/example_display_name.py took 0.092 seconds
