[2024-09-17T06:27:44.668-0300] {processor.py:161} INFO - Started process (PID=20148) to work on /home/jezandre/airflow/airflow_env/lib/python3.11/site-packages/airflow/example_dags/example_branch_datetime_operator.py
[2024-09-17T06:27:44.668-0300] {processor.py:830} INFO - Processing file /home/jezandre/airflow/airflow_env/lib/python3.11/site-packages/airflow/example_dags/example_branch_datetime_operator.py for tasks to queue
[2024-09-17T06:27:44.672-0300] {logging_mixin.py:188} INFO - [2024-09-17T06:27:44.671-0300] {dagbag.py:545} INFO - Filling up the DagBag from /home/jezandre/airflow/airflow_env/lib/python3.11/site-packages/airflow/example_dags/example_branch_datetime_operator.py
[2024-09-17T06:27:44.688-0300] {processor.py:840} INFO - DAG(s) 'example_branch_datetime_operator_2', 'example_branch_datetime_operator_3', 'example_branch_datetime_operator' retrieved from /home/jezandre/airflow/airflow_env/lib/python3.11/site-packages/airflow/example_dags/example_branch_datetime_operator.py
[2024-09-17T06:27:45.015-0300] {logging_mixin.py:188} INFO - [2024-09-17T06:27:45.015-0300] {dag.py:3089} INFO - Sync 3 DAGs
[2024-09-17T06:27:45.033-0300] {logging_mixin.py:188} INFO - [2024-09-17T06:27:45.033-0300] {dag.py:3947} INFO - Setting next_dagrun for example_branch_datetime_operator to 2024-09-16 00:00:00+00:00, run_after=2024-09-17 00:00:00+00:00
[2024-09-17T06:27:45.037-0300] {logging_mixin.py:188} INFO - [2024-09-17T06:27:45.037-0300] {dag.py:3947} INFO - Setting next_dagrun for example_branch_datetime_operator_2 to 2024-09-16 00:00:00+00:00, run_after=2024-09-17 00:00:00+00:00
[2024-09-17T06:27:45.041-0300] {logging_mixin.py:188} INFO - [2024-09-17T06:27:45.040-0300] {dag.py:3947} INFO - Setting next_dagrun for example_branch_datetime_operator_3 to 2024-09-16 00:00:00+00:00, run_after=2024-09-17 00:00:00+00:00
[2024-09-17T06:27:45.073-0300] {processor.py:183} INFO - Processing /home/jezandre/airflow/airflow_env/lib/python3.11/site-packages/airflow/example_dags/example_branch_datetime_operator.py took 0.411 seconds
[2024-09-17T06:28:46.496-0300] {processor.py:161} INFO - Started process (PID=20414) to work on /home/jezandre/airflow/airflow_env/lib/python3.11/site-packages/airflow/example_dags/example_branch_datetime_operator.py
[2024-09-17T06:28:46.500-0300] {processor.py:830} INFO - Processing file /home/jezandre/airflow/airflow_env/lib/python3.11/site-packages/airflow/example_dags/example_branch_datetime_operator.py for tasks to queue
[2024-09-17T06:28:46.502-0300] {logging_mixin.py:188} INFO - [2024-09-17T06:28:46.502-0300] {dagbag.py:545} INFO - Filling up the DagBag from /home/jezandre/airflow/airflow_env/lib/python3.11/site-packages/airflow/example_dags/example_branch_datetime_operator.py
[2024-09-17T06:28:46.513-0300] {processor.py:840} INFO - DAG(s) 'example_branch_datetime_operator_3', 'example_branch_datetime_operator_2', 'example_branch_datetime_operator' retrieved from /home/jezandre/airflow/airflow_env/lib/python3.11/site-packages/airflow/example_dags/example_branch_datetime_operator.py
[2024-09-17T06:28:46.539-0300] {logging_mixin.py:188} INFO - [2024-09-17T06:28:46.539-0300] {dag.py:3089} INFO - Sync 3 DAGs
[2024-09-17T06:28:46.558-0300] {logging_mixin.py:188} INFO - [2024-09-17T06:28:46.557-0300] {dag.py:3947} INFO - Setting next_dagrun for example_branch_datetime_operator to 2024-09-16 00:00:00+00:00, run_after=2024-09-17 00:00:00+00:00
[2024-09-17T06:28:46.563-0300] {logging_mixin.py:188} INFO - [2024-09-17T06:28:46.562-0300] {dag.py:3947} INFO - Setting next_dagrun for example_branch_datetime_operator_2 to 2024-09-16 00:00:00+00:00, run_after=2024-09-17 00:00:00+00:00
[2024-09-17T06:28:46.565-0300] {logging_mixin.py:188} INFO - [2024-09-17T06:28:46.565-0300] {dag.py:3947} INFO - Setting next_dagrun for example_branch_datetime_operator_3 to 2024-09-16 00:00:00+00:00, run_after=2024-09-17 00:00:00+00:00
[2024-09-17T06:28:46.595-0300] {processor.py:183} INFO - Processing /home/jezandre/airflow/airflow_env/lib/python3.11/site-packages/airflow/example_dags/example_branch_datetime_operator.py took 0.104 seconds
[2024-09-17T06:29:54.151-0300] {processor.py:161} INFO - Started process (PID=21090) to work on /home/jezandre/airflow/airflow_env/lib/python3.11/site-packages/airflow/example_dags/example_branch_datetime_operator.py
[2024-09-17T06:29:54.153-0300] {processor.py:830} INFO - Processing file /home/jezandre/airflow/airflow_env/lib/python3.11/site-packages/airflow/example_dags/example_branch_datetime_operator.py for tasks to queue
[2024-09-17T06:29:54.155-0300] {logging_mixin.py:188} INFO - [2024-09-17T06:29:54.154-0300] {dagbag.py:545} INFO - Filling up the DagBag from /home/jezandre/airflow/airflow_env/lib/python3.11/site-packages/airflow/example_dags/example_branch_datetime_operator.py
[2024-09-17T06:29:54.170-0300] {processor.py:840} INFO - DAG(s) 'example_branch_datetime_operator', 'example_branch_datetime_operator_3', 'example_branch_datetime_operator_2' retrieved from /home/jezandre/airflow/airflow_env/lib/python3.11/site-packages/airflow/example_dags/example_branch_datetime_operator.py
[2024-09-17T06:29:54.494-0300] {logging_mixin.py:188} INFO - [2024-09-17T06:29:54.494-0300] {dag.py:3089} INFO - Sync 3 DAGs
[2024-09-17T06:29:54.526-0300] {logging_mixin.py:188} INFO - [2024-09-17T06:29:54.526-0300] {dag.py:3947} INFO - Setting next_dagrun for example_branch_datetime_operator to 2024-09-16 00:00:00+00:00, run_after=2024-09-17 00:00:00+00:00
[2024-09-17T06:29:54.533-0300] {logging_mixin.py:188} INFO - [2024-09-17T06:29:54.532-0300] {dag.py:3947} INFO - Setting next_dagrun for example_branch_datetime_operator_2 to 2024-09-16 00:00:00+00:00, run_after=2024-09-17 00:00:00+00:00
[2024-09-17T06:29:54.539-0300] {logging_mixin.py:188} INFO - [2024-09-17T06:29:54.539-0300] {dag.py:3947} INFO - Setting next_dagrun for example_branch_datetime_operator_3 to 2024-09-16 00:00:00+00:00, run_after=2024-09-17 00:00:00+00:00
[2024-09-17T06:29:54.572-0300] {processor.py:183} INFO - Processing /home/jezandre/airflow/airflow_env/lib/python3.11/site-packages/airflow/example_dags/example_branch_datetime_operator.py took 0.428 seconds
[2024-09-17T06:30:25.314-0300] {processor.py:161} INFO - Started process (PID=21384) to work on /home/jezandre/airflow/airflow_env/lib/python3.11/site-packages/airflow/example_dags/example_branch_datetime_operator.py
[2024-09-17T06:30:25.316-0300] {processor.py:830} INFO - Processing file /home/jezandre/airflow/airflow_env/lib/python3.11/site-packages/airflow/example_dags/example_branch_datetime_operator.py for tasks to queue
[2024-09-17T06:30:25.318-0300] {logging_mixin.py:188} INFO - [2024-09-17T06:30:25.317-0300] {dagbag.py:545} INFO - Filling up the DagBag from /home/jezandre/airflow/airflow_env/lib/python3.11/site-packages/airflow/example_dags/example_branch_datetime_operator.py
[2024-09-17T06:30:25.328-0300] {processor.py:840} INFO - DAG(s) 'example_branch_datetime_operator_3', 'example_branch_datetime_operator', 'example_branch_datetime_operator_2' retrieved from /home/jezandre/airflow/airflow_env/lib/python3.11/site-packages/airflow/example_dags/example_branch_datetime_operator.py
[2024-09-17T06:30:25.363-0300] {logging_mixin.py:188} INFO - [2024-09-17T06:30:25.363-0300] {dag.py:3089} INFO - Sync 3 DAGs
[2024-09-17T06:30:25.394-0300] {logging_mixin.py:188} INFO - [2024-09-17T06:30:25.394-0300] {dag.py:3947} INFO - Setting next_dagrun for example_branch_datetime_operator to 2024-09-16 00:00:00+00:00, run_after=2024-09-17 00:00:00+00:00
[2024-09-17T06:30:25.400-0300] {logging_mixin.py:188} INFO - [2024-09-17T06:30:25.400-0300] {dag.py:3947} INFO - Setting next_dagrun for example_branch_datetime_operator_2 to 2024-09-16 00:00:00+00:00, run_after=2024-09-17 00:00:00+00:00
[2024-09-17T06:30:25.404-0300] {logging_mixin.py:188} INFO - [2024-09-17T06:30:25.403-0300] {dag.py:3947} INFO - Setting next_dagrun for example_branch_datetime_operator_3 to 2024-09-16 00:00:00+00:00, run_after=2024-09-17 00:00:00+00:00
[2024-09-17T06:30:25.431-0300] {processor.py:183} INFO - Processing /home/jezandre/airflow/airflow_env/lib/python3.11/site-packages/airflow/example_dags/example_branch_datetime_operator.py took 0.124 seconds
[2024-09-17T06:30:55.658-0300] {processor.py:161} INFO - Started process (PID=21587) to work on /home/jezandre/airflow/airflow_env/lib/python3.11/site-packages/airflow/example_dags/example_branch_datetime_operator.py
[2024-09-17T06:30:55.659-0300] {processor.py:830} INFO - Processing file /home/jezandre/airflow/airflow_env/lib/python3.11/site-packages/airflow/example_dags/example_branch_datetime_operator.py for tasks to queue
[2024-09-17T06:30:55.660-0300] {logging_mixin.py:188} INFO - [2024-09-17T06:30:55.660-0300] {dagbag.py:545} INFO - Filling up the DagBag from /home/jezandre/airflow/airflow_env/lib/python3.11/site-packages/airflow/example_dags/example_branch_datetime_operator.py
[2024-09-17T06:30:55.672-0300] {processor.py:840} INFO - DAG(s) 'example_branch_datetime_operator_3', 'example_branch_datetime_operator_2', 'example_branch_datetime_operator' retrieved from /home/jezandre/airflow/airflow_env/lib/python3.11/site-packages/airflow/example_dags/example_branch_datetime_operator.py
[2024-09-17T06:30:55.708-0300] {logging_mixin.py:188} INFO - [2024-09-17T06:30:55.708-0300] {dag.py:3089} INFO - Sync 3 DAGs
[2024-09-17T06:30:55.740-0300] {logging_mixin.py:188} INFO - [2024-09-17T06:30:55.739-0300] {dag.py:3947} INFO - Setting next_dagrun for example_branch_datetime_operator to 2024-09-16 00:00:00+00:00, run_after=2024-09-17 00:00:00+00:00
[2024-09-17T06:30:55.746-0300] {logging_mixin.py:188} INFO - [2024-09-17T06:30:55.746-0300] {dag.py:3947} INFO - Setting next_dagrun for example_branch_datetime_operator_2 to 2024-09-16 00:00:00+00:00, run_after=2024-09-17 00:00:00+00:00
[2024-09-17T06:30:55.749-0300] {logging_mixin.py:188} INFO - [2024-09-17T06:30:55.749-0300] {dag.py:3947} INFO - Setting next_dagrun for example_branch_datetime_operator_3 to 2024-09-16 00:00:00+00:00, run_after=2024-09-17 00:00:00+00:00
[2024-09-17T06:30:55.774-0300] {processor.py:183} INFO - Processing /home/jezandre/airflow/airflow_env/lib/python3.11/site-packages/airflow/example_dags/example_branch_datetime_operator.py took 0.124 seconds
[2024-09-17T06:31:26.029-0300] {processor.py:161} INFO - Started process (PID=21790) to work on /home/jezandre/airflow/airflow_env/lib/python3.11/site-packages/airflow/example_dags/example_branch_datetime_operator.py
[2024-09-17T06:31:26.031-0300] {processor.py:830} INFO - Processing file /home/jezandre/airflow/airflow_env/lib/python3.11/site-packages/airflow/example_dags/example_branch_datetime_operator.py for tasks to queue
[2024-09-17T06:31:26.033-0300] {logging_mixin.py:188} INFO - [2024-09-17T06:31:26.032-0300] {dagbag.py:545} INFO - Filling up the DagBag from /home/jezandre/airflow/airflow_env/lib/python3.11/site-packages/airflow/example_dags/example_branch_datetime_operator.py
[2024-09-17T06:31:26.044-0300] {processor.py:840} INFO - DAG(s) 'example_branch_datetime_operator_2', 'example_branch_datetime_operator_3', 'example_branch_datetime_operator' retrieved from /home/jezandre/airflow/airflow_env/lib/python3.11/site-packages/airflow/example_dags/example_branch_datetime_operator.py
[2024-09-17T06:31:26.088-0300] {logging_mixin.py:188} INFO - [2024-09-17T06:31:26.087-0300] {dag.py:3089} INFO - Sync 3 DAGs
[2024-09-17T06:31:26.122-0300] {logging_mixin.py:188} INFO - [2024-09-17T06:31:26.122-0300] {dag.py:3947} INFO - Setting next_dagrun for example_branch_datetime_operator to 2024-09-16 00:00:00+00:00, run_after=2024-09-17 00:00:00+00:00
[2024-09-17T06:31:26.130-0300] {logging_mixin.py:188} INFO - [2024-09-17T06:31:26.129-0300] {dag.py:3947} INFO - Setting next_dagrun for example_branch_datetime_operator_2 to 2024-09-16 00:00:00+00:00, run_after=2024-09-17 00:00:00+00:00
[2024-09-17T06:31:26.134-0300] {logging_mixin.py:188} INFO - [2024-09-17T06:31:26.134-0300] {dag.py:3947} INFO - Setting next_dagrun for example_branch_datetime_operator_3 to 2024-09-16 00:00:00+00:00, run_after=2024-09-17 00:00:00+00:00
[2024-09-17T06:31:26.163-0300] {processor.py:183} INFO - Processing /home/jezandre/airflow/airflow_env/lib/python3.11/site-packages/airflow/example_dags/example_branch_datetime_operator.py took 0.142 seconds
[2024-09-17T06:31:56.509-0300] {processor.py:161} INFO - Started process (PID=22074) to work on /home/jezandre/airflow/airflow_env/lib/python3.11/site-packages/airflow/example_dags/example_branch_datetime_operator.py
[2024-09-17T06:31:56.511-0300] {processor.py:830} INFO - Processing file /home/jezandre/airflow/airflow_env/lib/python3.11/site-packages/airflow/example_dags/example_branch_datetime_operator.py for tasks to queue
[2024-09-17T06:31:56.513-0300] {logging_mixin.py:188} INFO - [2024-09-17T06:31:56.513-0300] {dagbag.py:545} INFO - Filling up the DagBag from /home/jezandre/airflow/airflow_env/lib/python3.11/site-packages/airflow/example_dags/example_branch_datetime_operator.py
[2024-09-17T06:31:56.524-0300] {processor.py:840} INFO - DAG(s) 'example_branch_datetime_operator', 'example_branch_datetime_operator_3', 'example_branch_datetime_operator_2' retrieved from /home/jezandre/airflow/airflow_env/lib/python3.11/site-packages/airflow/example_dags/example_branch_datetime_operator.py
[2024-09-17T06:31:56.566-0300] {logging_mixin.py:188} INFO - [2024-09-17T06:31:56.566-0300] {dag.py:3089} INFO - Sync 3 DAGs
[2024-09-17T06:31:56.594-0300] {logging_mixin.py:188} INFO - [2024-09-17T06:31:56.594-0300] {dag.py:3947} INFO - Setting next_dagrun for example_branch_datetime_operator to 2024-09-16 00:00:00+00:00, run_after=2024-09-17 00:00:00+00:00
[2024-09-17T06:31:56.602-0300] {logging_mixin.py:188} INFO - [2024-09-17T06:31:56.601-0300] {dag.py:3947} INFO - Setting next_dagrun for example_branch_datetime_operator_2 to 2024-09-16 00:00:00+00:00, run_after=2024-09-17 00:00:00+00:00
[2024-09-17T06:31:56.605-0300] {logging_mixin.py:188} INFO - [2024-09-17T06:31:56.605-0300] {dag.py:3947} INFO - Setting next_dagrun for example_branch_datetime_operator_3 to 2024-09-16 00:00:00+00:00, run_after=2024-09-17 00:00:00+00:00
[2024-09-17T06:31:56.630-0300] {processor.py:183} INFO - Processing /home/jezandre/airflow/airflow_env/lib/python3.11/site-packages/airflow/example_dags/example_branch_datetime_operator.py took 0.128 seconds
[2024-09-17T06:32:26.848-0300] {processor.py:161} INFO - Started process (PID=22557) to work on /home/jezandre/airflow/airflow_env/lib/python3.11/site-packages/airflow/example_dags/example_branch_datetime_operator.py
[2024-09-17T06:32:26.850-0300] {processor.py:830} INFO - Processing file /home/jezandre/airflow/airflow_env/lib/python3.11/site-packages/airflow/example_dags/example_branch_datetime_operator.py for tasks to queue
[2024-09-17T06:32:26.851-0300] {logging_mixin.py:188} INFO - [2024-09-17T06:32:26.851-0300] {dagbag.py:545} INFO - Filling up the DagBag from /home/jezandre/airflow/airflow_env/lib/python3.11/site-packages/airflow/example_dags/example_branch_datetime_operator.py
[2024-09-17T06:32:26.863-0300] {processor.py:840} INFO - DAG(s) 'example_branch_datetime_operator', 'example_branch_datetime_operator_3', 'example_branch_datetime_operator_2' retrieved from /home/jezandre/airflow/airflow_env/lib/python3.11/site-packages/airflow/example_dags/example_branch_datetime_operator.py
[2024-09-17T06:32:27.025-0300] {logging_mixin.py:188} INFO - [2024-09-17T06:32:27.024-0300] {dag.py:3089} INFO - Sync 3 DAGs
[2024-09-17T06:32:27.053-0300] {logging_mixin.py:188} INFO - [2024-09-17T06:32:27.053-0300] {dag.py:3947} INFO - Setting next_dagrun for example_branch_datetime_operator to 2024-09-16 00:00:00+00:00, run_after=2024-09-17 00:00:00+00:00
[2024-09-17T06:32:27.059-0300] {logging_mixin.py:188} INFO - [2024-09-17T06:32:27.059-0300] {dag.py:3947} INFO - Setting next_dagrun for example_branch_datetime_operator_2 to 2024-09-16 00:00:00+00:00, run_after=2024-09-17 00:00:00+00:00
[2024-09-17T06:32:27.065-0300] {logging_mixin.py:188} INFO - [2024-09-17T06:32:27.064-0300] {dag.py:3947} INFO - Setting next_dagrun for example_branch_datetime_operator_3 to 2024-09-16 00:00:00+00:00, run_after=2024-09-17 00:00:00+00:00
[2024-09-17T06:32:27.101-0300] {processor.py:183} INFO - Processing /home/jezandre/airflow/airflow_env/lib/python3.11/site-packages/airflow/example_dags/example_branch_datetime_operator.py took 0.260 seconds
[2024-09-17T06:32:57.176-0300] {processor.py:161} INFO - Started process (PID=22918) to work on /home/jezandre/airflow/airflow_env/lib/python3.11/site-packages/airflow/example_dags/example_branch_datetime_operator.py
[2024-09-17T06:32:57.181-0300] {processor.py:830} INFO - Processing file /home/jezandre/airflow/airflow_env/lib/python3.11/site-packages/airflow/example_dags/example_branch_datetime_operator.py for tasks to queue
[2024-09-17T06:32:57.184-0300] {logging_mixin.py:188} INFO - [2024-09-17T06:32:57.183-0300] {dagbag.py:545} INFO - Filling up the DagBag from /home/jezandre/airflow/airflow_env/lib/python3.11/site-packages/airflow/example_dags/example_branch_datetime_operator.py
[2024-09-17T06:32:57.215-0300] {processor.py:840} INFO - DAG(s) 'example_branch_datetime_operator_2', 'example_branch_datetime_operator_3', 'example_branch_datetime_operator' retrieved from /home/jezandre/airflow/airflow_env/lib/python3.11/site-packages/airflow/example_dags/example_branch_datetime_operator.py
[2024-09-17T06:32:57.285-0300] {logging_mixin.py:188} INFO - [2024-09-17T06:32:57.285-0300] {dag.py:3089} INFO - Sync 3 DAGs
[2024-09-17T06:32:57.320-0300] {logging_mixin.py:188} INFO - [2024-09-17T06:32:57.320-0300] {dag.py:3947} INFO - Setting next_dagrun for example_branch_datetime_operator to 2024-09-16 00:00:00+00:00, run_after=2024-09-17 00:00:00+00:00
[2024-09-17T06:32:57.328-0300] {logging_mixin.py:188} INFO - [2024-09-17T06:32:57.328-0300] {dag.py:3947} INFO - Setting next_dagrun for example_branch_datetime_operator_2 to 2024-09-16 00:00:00+00:00, run_after=2024-09-17 00:00:00+00:00
[2024-09-17T06:32:57.332-0300] {logging_mixin.py:188} INFO - [2024-09-17T06:32:57.331-0300] {dag.py:3947} INFO - Setting next_dagrun for example_branch_datetime_operator_3 to 2024-09-16 00:00:00+00:00, run_after=2024-09-17 00:00:00+00:00
[2024-09-17T06:32:57.370-0300] {processor.py:183} INFO - Processing /home/jezandre/airflow/airflow_env/lib/python3.11/site-packages/airflow/example_dags/example_branch_datetime_operator.py took 0.204 seconds
[2024-09-17T06:33:27.674-0300] {processor.py:161} INFO - Started process (PID=23150) to work on /home/jezandre/airflow/airflow_env/lib/python3.11/site-packages/airflow/example_dags/example_branch_datetime_operator.py
[2024-09-17T06:33:27.676-0300] {processor.py:830} INFO - Processing file /home/jezandre/airflow/airflow_env/lib/python3.11/site-packages/airflow/example_dags/example_branch_datetime_operator.py for tasks to queue
[2024-09-17T06:33:27.677-0300] {logging_mixin.py:188} INFO - [2024-09-17T06:33:27.677-0300] {dagbag.py:545} INFO - Filling up the DagBag from /home/jezandre/airflow/airflow_env/lib/python3.11/site-packages/airflow/example_dags/example_branch_datetime_operator.py
[2024-09-17T06:33:27.689-0300] {processor.py:840} INFO - DAG(s) 'example_branch_datetime_operator_2', 'example_branch_datetime_operator', 'example_branch_datetime_operator_3' retrieved from /home/jezandre/airflow/airflow_env/lib/python3.11/site-packages/airflow/example_dags/example_branch_datetime_operator.py
[2024-09-17T06:33:27.728-0300] {logging_mixin.py:188} INFO - [2024-09-17T06:33:27.728-0300] {dag.py:3089} INFO - Sync 3 DAGs
[2024-09-17T06:33:27.759-0300] {logging_mixin.py:188} INFO - [2024-09-17T06:33:27.759-0300] {dag.py:3947} INFO - Setting next_dagrun for example_branch_datetime_operator to 2024-09-16 00:00:00+00:00, run_after=2024-09-17 00:00:00+00:00
[2024-09-17T06:33:27.766-0300] {logging_mixin.py:188} INFO - [2024-09-17T06:33:27.765-0300] {dag.py:3947} INFO - Setting next_dagrun for example_branch_datetime_operator_2 to 2024-09-16 00:00:00+00:00, run_after=2024-09-17 00:00:00+00:00
[2024-09-17T06:33:27.770-0300] {logging_mixin.py:188} INFO - [2024-09-17T06:33:27.769-0300] {dag.py:3947} INFO - Setting next_dagrun for example_branch_datetime_operator_3 to 2024-09-16 00:00:00+00:00, run_after=2024-09-17 00:00:00+00:00
[2024-09-17T06:33:27.797-0300] {processor.py:183} INFO - Processing /home/jezandre/airflow/airflow_env/lib/python3.11/site-packages/airflow/example_dags/example_branch_datetime_operator.py took 0.128 seconds
[2024-09-17T06:33:58.353-0300] {processor.py:161} INFO - Started process (PID=23428) to work on /home/jezandre/airflow/airflow_env/lib/python3.11/site-packages/airflow/example_dags/example_branch_datetime_operator.py
[2024-09-17T06:33:58.355-0300] {processor.py:830} INFO - Processing file /home/jezandre/airflow/airflow_env/lib/python3.11/site-packages/airflow/example_dags/example_branch_datetime_operator.py for tasks to queue
[2024-09-17T06:33:58.357-0300] {logging_mixin.py:188} INFO - [2024-09-17T06:33:58.356-0300] {dagbag.py:545} INFO - Filling up the DagBag from /home/jezandre/airflow/airflow_env/lib/python3.11/site-packages/airflow/example_dags/example_branch_datetime_operator.py
[2024-09-17T06:33:58.371-0300] {processor.py:840} INFO - DAG(s) 'example_branch_datetime_operator', 'example_branch_datetime_operator_3', 'example_branch_datetime_operator_2' retrieved from /home/jezandre/airflow/airflow_env/lib/python3.11/site-packages/airflow/example_dags/example_branch_datetime_operator.py
[2024-09-17T06:33:58.420-0300] {logging_mixin.py:188} INFO - [2024-09-17T06:33:58.420-0300] {dag.py:3089} INFO - Sync 3 DAGs
[2024-09-17T06:33:58.460-0300] {logging_mixin.py:188} INFO - [2024-09-17T06:33:58.460-0300] {dag.py:3947} INFO - Setting next_dagrun for example_branch_datetime_operator to 2024-09-16 00:00:00+00:00, run_after=2024-09-17 00:00:00+00:00
[2024-09-17T06:33:58.466-0300] {logging_mixin.py:188} INFO - [2024-09-17T06:33:58.466-0300] {dag.py:3947} INFO - Setting next_dagrun for example_branch_datetime_operator_2 to 2024-09-16 00:00:00+00:00, run_after=2024-09-17 00:00:00+00:00
[2024-09-17T06:33:58.469-0300] {logging_mixin.py:188} INFO - [2024-09-17T06:33:58.469-0300] {dag.py:3947} INFO - Setting next_dagrun for example_branch_datetime_operator_3 to 2024-09-16 00:00:00+00:00, run_after=2024-09-17 00:00:00+00:00
[2024-09-17T06:33:58.492-0300] {processor.py:183} INFO - Processing /home/jezandre/airflow/airflow_env/lib/python3.11/site-packages/airflow/example_dags/example_branch_datetime_operator.py took 0.146 seconds
[2024-09-17T06:34:28.771-0300] {processor.py:161} INFO - Started process (PID=23673) to work on /home/jezandre/airflow/airflow_env/lib/python3.11/site-packages/airflow/example_dags/example_branch_datetime_operator.py
[2024-09-17T06:34:28.772-0300] {processor.py:830} INFO - Processing file /home/jezandre/airflow/airflow_env/lib/python3.11/site-packages/airflow/example_dags/example_branch_datetime_operator.py for tasks to queue
[2024-09-17T06:34:28.775-0300] {logging_mixin.py:188} INFO - [2024-09-17T06:34:28.774-0300] {dagbag.py:545} INFO - Filling up the DagBag from /home/jezandre/airflow/airflow_env/lib/python3.11/site-packages/airflow/example_dags/example_branch_datetime_operator.py
[2024-09-17T06:34:28.792-0300] {processor.py:840} INFO - DAG(s) 'example_branch_datetime_operator', 'example_branch_datetime_operator_2', 'example_branch_datetime_operator_3' retrieved from /home/jezandre/airflow/airflow_env/lib/python3.11/site-packages/airflow/example_dags/example_branch_datetime_operator.py
[2024-09-17T06:34:28.843-0300] {logging_mixin.py:188} INFO - [2024-09-17T06:34:28.842-0300] {dag.py:3089} INFO - Sync 3 DAGs
[2024-09-17T06:34:28.885-0300] {logging_mixin.py:188} INFO - [2024-09-17T06:34:28.885-0300] {dag.py:3947} INFO - Setting next_dagrun for example_branch_datetime_operator to 2024-09-16 00:00:00+00:00, run_after=2024-09-17 00:00:00+00:00
[2024-09-17T06:34:28.892-0300] {logging_mixin.py:188} INFO - [2024-09-17T06:34:28.892-0300] {dag.py:3947} INFO - Setting next_dagrun for example_branch_datetime_operator_2 to 2024-09-16 00:00:00+00:00, run_after=2024-09-17 00:00:00+00:00
[2024-09-17T06:34:28.897-0300] {logging_mixin.py:188} INFO - [2024-09-17T06:34:28.896-0300] {dag.py:3947} INFO - Setting next_dagrun for example_branch_datetime_operator_3 to 2024-09-16 00:00:00+00:00, run_after=2024-09-17 00:00:00+00:00
[2024-09-17T06:34:28.925-0300] {processor.py:183} INFO - Processing /home/jezandre/airflow/airflow_env/lib/python3.11/site-packages/airflow/example_dags/example_branch_datetime_operator.py took 0.162 seconds
