[2024-09-17T06:27:50.228-0300] {processor.py:161} INFO - Started process (PID=20165) to work on /home/jezandre/airflow/airflow_env/lib/python3.11/site-packages/airflow/example_dags/example_params_ui_tutorial.py
[2024-09-17T06:27:50.229-0300] {processor.py:830} INFO - Processing file /home/jezandre/airflow/airflow_env/lib/python3.11/site-packages/airflow/example_dags/example_params_ui_tutorial.py for tasks to queue
[2024-09-17T06:27:50.232-0300] {logging_mixin.py:188} INFO - [2024-09-17T06:27:50.231-0300] {dagbag.py:545} INFO - Filling up the DagBag from /home/jezandre/airflow/airflow_env/lib/python3.11/site-packages/airflow/example_dags/example_params_ui_tutorial.py
[2024-09-17T06:27:50.243-0300] {processor.py:840} INFO - DAG(s) 'example_params_ui_tutorial' retrieved from /home/jezandre/airflow/airflow_env/lib/python3.11/site-packages/airflow/example_dags/example_params_ui_tutorial.py
[2024-09-17T06:27:50.487-0300] {logging_mixin.py:188} INFO - [2024-09-17T06:27:50.487-0300] {dag.py:3089} INFO - Sync 1 DAGs
[2024-09-17T06:27:50.495-0300] {logging_mixin.py:188} INFO - [2024-09-17T06:27:50.495-0300] {dag.py:3947} INFO - Setting next_dagrun for example_params_ui_tutorial to None, run_after=None
[2024-09-17T06:27:50.528-0300] {processor.py:183} INFO - Processing /home/jezandre/airflow/airflow_env/lib/python3.11/site-packages/airflow/example_dags/example_params_ui_tutorial.py took 0.308 seconds
[2024-09-17T06:28:51.081-0300] {processor.py:161} INFO - Started process (PID=20444) to work on /home/jezandre/airflow/airflow_env/lib/python3.11/site-packages/airflow/example_dags/example_params_ui_tutorial.py
[2024-09-17T06:28:51.086-0300] {processor.py:830} INFO - Processing file /home/jezandre/airflow/airflow_env/lib/python3.11/site-packages/airflow/example_dags/example_params_ui_tutorial.py for tasks to queue
[2024-09-17T06:28:51.088-0300] {logging_mixin.py:188} INFO - [2024-09-17T06:28:51.087-0300] {dagbag.py:545} INFO - Filling up the DagBag from /home/jezandre/airflow/airflow_env/lib/python3.11/site-packages/airflow/example_dags/example_params_ui_tutorial.py
[2024-09-17T06:28:51.095-0300] {processor.py:840} INFO - DAG(s) 'example_params_ui_tutorial' retrieved from /home/jezandre/airflow/airflow_env/lib/python3.11/site-packages/airflow/example_dags/example_params_ui_tutorial.py
[2024-09-17T06:28:51.151-0300] {logging_mixin.py:188} INFO - [2024-09-17T06:28:51.151-0300] {dag.py:3089} INFO - Sync 1 DAGs
[2024-09-17T06:28:51.167-0300] {logging_mixin.py:188} INFO - [2024-09-17T06:28:51.167-0300] {dag.py:3947} INFO - Setting next_dagrun for example_params_ui_tutorial to None, run_after=None
[2024-09-17T06:28:51.201-0300] {processor.py:183} INFO - Processing /home/jezandre/airflow/airflow_env/lib/python3.11/site-packages/airflow/example_dags/example_params_ui_tutorial.py took 0.125 seconds
[2024-09-17T06:29:55.115-0300] {processor.py:161} INFO - Started process (PID=21100) to work on /home/jezandre/airflow/airflow_env/lib/python3.11/site-packages/airflow/example_dags/example_params_ui_tutorial.py
[2024-09-17T06:29:55.117-0300] {processor.py:830} INFO - Processing file /home/jezandre/airflow/airflow_env/lib/python3.11/site-packages/airflow/example_dags/example_params_ui_tutorial.py for tasks to queue
[2024-09-17T06:29:55.119-0300] {logging_mixin.py:188} INFO - [2024-09-17T06:29:55.118-0300] {dagbag.py:545} INFO - Filling up the DagBag from /home/jezandre/airflow/airflow_env/lib/python3.11/site-packages/airflow/example_dags/example_params_ui_tutorial.py
[2024-09-17T06:29:55.128-0300] {processor.py:840} INFO - DAG(s) 'example_params_ui_tutorial' retrieved from /home/jezandre/airflow/airflow_env/lib/python3.11/site-packages/airflow/example_dags/example_params_ui_tutorial.py
[2024-09-17T06:29:55.398-0300] {logging_mixin.py:188} INFO - [2024-09-17T06:29:55.398-0300] {dag.py:3089} INFO - Sync 1 DAGs
[2024-09-17T06:29:55.409-0300] {logging_mixin.py:188} INFO - [2024-09-17T06:29:55.408-0300] {dag.py:3947} INFO - Setting next_dagrun for example_params_ui_tutorial to None, run_after=None
[2024-09-17T06:29:55.492-0300] {processor.py:183} INFO - Processing /home/jezandre/airflow/airflow_env/lib/python3.11/site-packages/airflow/example_dags/example_params_ui_tutorial.py took 0.386 seconds
[2024-09-17T06:30:25.676-0300] {processor.py:161} INFO - Started process (PID=21395) to work on /home/jezandre/airflow/airflow_env/lib/python3.11/site-packages/airflow/example_dags/example_params_ui_tutorial.py
[2024-09-17T06:30:25.677-0300] {processor.py:830} INFO - Processing file /home/jezandre/airflow/airflow_env/lib/python3.11/site-packages/airflow/example_dags/example_params_ui_tutorial.py for tasks to queue
[2024-09-17T06:30:25.679-0300] {logging_mixin.py:188} INFO - [2024-09-17T06:30:25.678-0300] {dagbag.py:545} INFO - Filling up the DagBag from /home/jezandre/airflow/airflow_env/lib/python3.11/site-packages/airflow/example_dags/example_params_ui_tutorial.py
[2024-09-17T06:30:25.686-0300] {processor.py:840} INFO - DAG(s) 'example_params_ui_tutorial' retrieved from /home/jezandre/airflow/airflow_env/lib/python3.11/site-packages/airflow/example_dags/example_params_ui_tutorial.py
[2024-09-17T06:30:25.738-0300] {logging_mixin.py:188} INFO - [2024-09-17T06:30:25.738-0300] {dag.py:3089} INFO - Sync 1 DAGs
[2024-09-17T06:30:25.753-0300] {logging_mixin.py:188} INFO - [2024-09-17T06:30:25.753-0300] {dag.py:3947} INFO - Setting next_dagrun for example_params_ui_tutorial to None, run_after=None
[2024-09-17T06:30:25.787-0300] {processor.py:183} INFO - Processing /home/jezandre/airflow/airflow_env/lib/python3.11/site-packages/airflow/example_dags/example_params_ui_tutorial.py took 0.117 seconds
[2024-09-17T06:30:56.044-0300] {processor.py:161} INFO - Started process (PID=21598) to work on /home/jezandre/airflow/airflow_env/lib/python3.11/site-packages/airflow/example_dags/example_params_ui_tutorial.py
[2024-09-17T06:30:56.045-0300] {processor.py:830} INFO - Processing file /home/jezandre/airflow/airflow_env/lib/python3.11/site-packages/airflow/example_dags/example_params_ui_tutorial.py for tasks to queue
[2024-09-17T06:30:56.047-0300] {logging_mixin.py:188} INFO - [2024-09-17T06:30:56.047-0300] {dagbag.py:545} INFO - Filling up the DagBag from /home/jezandre/airflow/airflow_env/lib/python3.11/site-packages/airflow/example_dags/example_params_ui_tutorial.py
[2024-09-17T06:30:56.055-0300] {processor.py:840} INFO - DAG(s) 'example_params_ui_tutorial' retrieved from /home/jezandre/airflow/airflow_env/lib/python3.11/site-packages/airflow/example_dags/example_params_ui_tutorial.py
[2024-09-17T06:30:56.109-0300] {logging_mixin.py:188} INFO - [2024-09-17T06:30:56.108-0300] {dag.py:3089} INFO - Sync 1 DAGs
[2024-09-17T06:30:56.130-0300] {logging_mixin.py:188} INFO - [2024-09-17T06:30:56.129-0300] {dag.py:3947} INFO - Setting next_dagrun for example_params_ui_tutorial to None, run_after=None
[2024-09-17T06:30:56.160-0300] {processor.py:183} INFO - Processing /home/jezandre/airflow/airflow_env/lib/python3.11/site-packages/airflow/example_dags/example_params_ui_tutorial.py took 0.122 seconds
[2024-09-17T06:31:26.448-0300] {processor.py:161} INFO - Started process (PID=21801) to work on /home/jezandre/airflow/airflow_env/lib/python3.11/site-packages/airflow/example_dags/example_params_ui_tutorial.py
[2024-09-17T06:31:26.450-0300] {processor.py:830} INFO - Processing file /home/jezandre/airflow/airflow_env/lib/python3.11/site-packages/airflow/example_dags/example_params_ui_tutorial.py for tasks to queue
[2024-09-17T06:31:26.452-0300] {logging_mixin.py:188} INFO - [2024-09-17T06:31:26.451-0300] {dagbag.py:545} INFO - Filling up the DagBag from /home/jezandre/airflow/airflow_env/lib/python3.11/site-packages/airflow/example_dags/example_params_ui_tutorial.py
[2024-09-17T06:31:26.463-0300] {processor.py:840} INFO - DAG(s) 'example_params_ui_tutorial' retrieved from /home/jezandre/airflow/airflow_env/lib/python3.11/site-packages/airflow/example_dags/example_params_ui_tutorial.py
[2024-09-17T06:31:26.540-0300] {logging_mixin.py:188} INFO - [2024-09-17T06:31:26.538-0300] {dag.py:3089} INFO - Sync 1 DAGs
[2024-09-17T06:31:26.559-0300] {logging_mixin.py:188} INFO - [2024-09-17T06:31:26.559-0300] {dag.py:3947} INFO - Setting next_dagrun for example_params_ui_tutorial to None, run_after=None
[2024-09-17T06:31:26.590-0300] {processor.py:183} INFO - Processing /home/jezandre/airflow/airflow_env/lib/python3.11/site-packages/airflow/example_dags/example_params_ui_tutorial.py took 0.149 seconds
[2024-09-17T06:31:56.902-0300] {processor.py:161} INFO - Started process (PID=22091) to work on /home/jezandre/airflow/airflow_env/lib/python3.11/site-packages/airflow/example_dags/example_params_ui_tutorial.py
[2024-09-17T06:31:56.903-0300] {processor.py:830} INFO - Processing file /home/jezandre/airflow/airflow_env/lib/python3.11/site-packages/airflow/example_dags/example_params_ui_tutorial.py for tasks to queue
[2024-09-17T06:31:56.904-0300] {logging_mixin.py:188} INFO - [2024-09-17T06:31:56.904-0300] {dagbag.py:545} INFO - Filling up the DagBag from /home/jezandre/airflow/airflow_env/lib/python3.11/site-packages/airflow/example_dags/example_params_ui_tutorial.py
[2024-09-17T06:31:56.910-0300] {processor.py:840} INFO - DAG(s) 'example_params_ui_tutorial' retrieved from /home/jezandre/airflow/airflow_env/lib/python3.11/site-packages/airflow/example_dags/example_params_ui_tutorial.py
[2024-09-17T06:31:56.963-0300] {logging_mixin.py:188} INFO - [2024-09-17T06:31:56.962-0300] {dag.py:3089} INFO - Sync 1 DAGs
[2024-09-17T06:31:56.977-0300] {logging_mixin.py:188} INFO - [2024-09-17T06:31:56.977-0300] {dag.py:3947} INFO - Setting next_dagrun for example_params_ui_tutorial to None, run_after=None
[2024-09-17T06:31:57.002-0300] {processor.py:183} INFO - Processing /home/jezandre/airflow/airflow_env/lib/python3.11/site-packages/airflow/example_dags/example_params_ui_tutorial.py took 0.106 seconds
[2024-09-17T06:32:27.365-0300] {processor.py:161} INFO - Started process (PID=22570) to work on /home/jezandre/airflow/airflow_env/lib/python3.11/site-packages/airflow/example_dags/example_params_ui_tutorial.py
[2024-09-17T06:32:27.367-0300] {processor.py:830} INFO - Processing file /home/jezandre/airflow/airflow_env/lib/python3.11/site-packages/airflow/example_dags/example_params_ui_tutorial.py for tasks to queue
[2024-09-17T06:32:27.368-0300] {logging_mixin.py:188} INFO - [2024-09-17T06:32:27.368-0300] {dagbag.py:545} INFO - Filling up the DagBag from /home/jezandre/airflow/airflow_env/lib/python3.11/site-packages/airflow/example_dags/example_params_ui_tutorial.py
[2024-09-17T06:32:27.374-0300] {processor.py:840} INFO - DAG(s) 'example_params_ui_tutorial' retrieved from /home/jezandre/airflow/airflow_env/lib/python3.11/site-packages/airflow/example_dags/example_params_ui_tutorial.py
[2024-09-17T06:32:27.543-0300] {logging_mixin.py:188} INFO - [2024-09-17T06:32:27.542-0300] {dag.py:3089} INFO - Sync 1 DAGs
[2024-09-17T06:32:27.559-0300] {logging_mixin.py:188} INFO - [2024-09-17T06:32:27.559-0300] {dag.py:3947} INFO - Setting next_dagrun for example_params_ui_tutorial to None, run_after=None
[2024-09-17T06:32:27.590-0300] {processor.py:183} INFO - Processing /home/jezandre/airflow/airflow_env/lib/python3.11/site-packages/airflow/example_dags/example_params_ui_tutorial.py took 0.230 seconds
[2024-09-17T06:32:57.681-0300] {processor.py:161} INFO - Started process (PID=22931) to work on /home/jezandre/airflow/airflow_env/lib/python3.11/site-packages/airflow/example_dags/example_params_ui_tutorial.py
[2024-09-17T06:32:57.682-0300] {processor.py:830} INFO - Processing file /home/jezandre/airflow/airflow_env/lib/python3.11/site-packages/airflow/example_dags/example_params_ui_tutorial.py for tasks to queue
[2024-09-17T06:32:57.684-0300] {logging_mixin.py:188} INFO - [2024-09-17T06:32:57.684-0300] {dagbag.py:545} INFO - Filling up the DagBag from /home/jezandre/airflow/airflow_env/lib/python3.11/site-packages/airflow/example_dags/example_params_ui_tutorial.py
[2024-09-17T06:32:57.695-0300] {processor.py:840} INFO - DAG(s) 'example_params_ui_tutorial' retrieved from /home/jezandre/airflow/airflow_env/lib/python3.11/site-packages/airflow/example_dags/example_params_ui_tutorial.py
[2024-09-17T06:32:57.744-0300] {logging_mixin.py:188} INFO - [2024-09-17T06:32:57.744-0300] {dag.py:3089} INFO - Sync 1 DAGs
[2024-09-17T06:32:57.761-0300] {logging_mixin.py:188} INFO - [2024-09-17T06:32:57.760-0300] {dag.py:3947} INFO - Setting next_dagrun for example_params_ui_tutorial to None, run_after=None
[2024-09-17T06:32:57.786-0300] {processor.py:183} INFO - Processing /home/jezandre/airflow/airflow_env/lib/python3.11/site-packages/airflow/example_dags/example_params_ui_tutorial.py took 0.113 seconds
[2024-09-17T06:33:28.028-0300] {processor.py:161} INFO - Started process (PID=23160) to work on /home/jezandre/airflow/airflow_env/lib/python3.11/site-packages/airflow/example_dags/example_params_ui_tutorial.py
[2024-09-17T06:33:28.029-0300] {processor.py:830} INFO - Processing file /home/jezandre/airflow/airflow_env/lib/python3.11/site-packages/airflow/example_dags/example_params_ui_tutorial.py for tasks to queue
[2024-09-17T06:33:28.031-0300] {logging_mixin.py:188} INFO - [2024-09-17T06:33:28.030-0300] {dagbag.py:545} INFO - Filling up the DagBag from /home/jezandre/airflow/airflow_env/lib/python3.11/site-packages/airflow/example_dags/example_params_ui_tutorial.py
[2024-09-17T06:33:28.037-0300] {processor.py:840} INFO - DAG(s) 'example_params_ui_tutorial' retrieved from /home/jezandre/airflow/airflow_env/lib/python3.11/site-packages/airflow/example_dags/example_params_ui_tutorial.py
[2024-09-17T06:33:28.087-0300] {logging_mixin.py:188} INFO - [2024-09-17T06:33:28.087-0300] {dag.py:3089} INFO - Sync 1 DAGs
[2024-09-17T06:33:28.102-0300] {logging_mixin.py:188} INFO - [2024-09-17T06:33:28.101-0300] {dag.py:3947} INFO - Setting next_dagrun for example_params_ui_tutorial to None, run_after=None
[2024-09-17T06:33:28.129-0300] {processor.py:183} INFO - Processing /home/jezandre/airflow/airflow_env/lib/python3.11/site-packages/airflow/example_dags/example_params_ui_tutorial.py took 0.108 seconds
[2024-09-17T06:33:58.798-0300] {processor.py:161} INFO - Started process (PID=23444) to work on /home/jezandre/airflow/airflow_env/lib/python3.11/site-packages/airflow/example_dags/example_params_ui_tutorial.py
[2024-09-17T06:33:58.799-0300] {processor.py:830} INFO - Processing file /home/jezandre/airflow/airflow_env/lib/python3.11/site-packages/airflow/example_dags/example_params_ui_tutorial.py for tasks to queue
[2024-09-17T06:33:58.801-0300] {logging_mixin.py:188} INFO - [2024-09-17T06:33:58.800-0300] {dagbag.py:545} INFO - Filling up the DagBag from /home/jezandre/airflow/airflow_env/lib/python3.11/site-packages/airflow/example_dags/example_params_ui_tutorial.py
[2024-09-17T06:33:58.806-0300] {processor.py:840} INFO - DAG(s) 'example_params_ui_tutorial' retrieved from /home/jezandre/airflow/airflow_env/lib/python3.11/site-packages/airflow/example_dags/example_params_ui_tutorial.py
[2024-09-17T06:33:58.863-0300] {logging_mixin.py:188} INFO - [2024-09-17T06:33:58.863-0300] {dag.py:3089} INFO - Sync 1 DAGs
[2024-09-17T06:33:58.877-0300] {logging_mixin.py:188} INFO - [2024-09-17T06:33:58.877-0300] {dag.py:3947} INFO - Setting next_dagrun for example_params_ui_tutorial to None, run_after=None
[2024-09-17T06:33:58.903-0300] {processor.py:183} INFO - Processing /home/jezandre/airflow/airflow_env/lib/python3.11/site-packages/airflow/example_dags/example_params_ui_tutorial.py took 0.111 seconds
[2024-09-17T06:34:29.165-0300] {processor.py:161} INFO - Started process (PID=23683) to work on /home/jezandre/airflow/airflow_env/lib/python3.11/site-packages/airflow/example_dags/example_params_ui_tutorial.py
[2024-09-17T06:34:29.167-0300] {processor.py:830} INFO - Processing file /home/jezandre/airflow/airflow_env/lib/python3.11/site-packages/airflow/example_dags/example_params_ui_tutorial.py for tasks to queue
[2024-09-17T06:34:29.168-0300] {logging_mixin.py:188} INFO - [2024-09-17T06:34:29.168-0300] {dagbag.py:545} INFO - Filling up the DagBag from /home/jezandre/airflow/airflow_env/lib/python3.11/site-packages/airflow/example_dags/example_params_ui_tutorial.py
[2024-09-17T06:34:29.175-0300] {processor.py:840} INFO - DAG(s) 'example_params_ui_tutorial' retrieved from /home/jezandre/airflow/airflow_env/lib/python3.11/site-packages/airflow/example_dags/example_params_ui_tutorial.py
[2024-09-17T06:34:29.233-0300] {logging_mixin.py:188} INFO - [2024-09-17T06:34:29.233-0300] {dag.py:3089} INFO - Sync 1 DAGs
[2024-09-17T06:34:29.251-0300] {logging_mixin.py:188} INFO - [2024-09-17T06:34:29.251-0300] {dag.py:3947} INFO - Setting next_dagrun for example_params_ui_tutorial to None, run_after=None
[2024-09-17T06:34:29.283-0300] {processor.py:183} INFO - Processing /home/jezandre/airflow/airflow_env/lib/python3.11/site-packages/airflow/example_dags/example_params_ui_tutorial.py took 0.125 seconds
[2024-09-17T06:34:59.574-0300] {processor.py:161} INFO - Started process (PID=24027) to work on /home/jezandre/airflow/airflow_env/lib/python3.11/site-packages/airflow/example_dags/example_params_ui_tutorial.py
[2024-09-17T06:34:59.576-0300] {processor.py:830} INFO - Processing file /home/jezandre/airflow/airflow_env/lib/python3.11/site-packages/airflow/example_dags/example_params_ui_tutorial.py for tasks to queue
[2024-09-17T06:34:59.578-0300] {logging_mixin.py:188} INFO - [2024-09-17T06:34:59.578-0300] {dagbag.py:545} INFO - Filling up the DagBag from /home/jezandre/airflow/airflow_env/lib/python3.11/site-packages/airflow/example_dags/example_params_ui_tutorial.py
[2024-09-17T06:34:59.592-0300] {processor.py:840} INFO - DAG(s) 'example_params_ui_tutorial' retrieved from /home/jezandre/airflow/airflow_env/lib/python3.11/site-packages/airflow/example_dags/example_params_ui_tutorial.py
[2024-09-17T06:34:59.773-0300] {logging_mixin.py:188} INFO - [2024-09-17T06:34:59.772-0300] {dag.py:3089} INFO - Sync 1 DAGs
[2024-09-17T06:34:59.802-0300] {logging_mixin.py:188} INFO - [2024-09-17T06:34:59.802-0300] {dag.py:3947} INFO - Setting next_dagrun for example_params_ui_tutorial to None, run_after=None
[2024-09-17T06:34:59.866-0300] {processor.py:183} INFO - Processing /home/jezandre/airflow/airflow_env/lib/python3.11/site-packages/airflow/example_dags/example_params_ui_tutorial.py took 0.303 seconds
[2024-09-17T06:35:30.175-0300] {processor.py:161} INFO - Started process (PID=24268) to work on /home/jezandre/airflow/airflow_env/lib/python3.11/site-packages/airflow/example_dags/example_params_ui_tutorial.py
[2024-09-17T06:35:30.177-0300] {processor.py:830} INFO - Processing file /home/jezandre/airflow/airflow_env/lib/python3.11/site-packages/airflow/example_dags/example_params_ui_tutorial.py for tasks to queue
[2024-09-17T06:35:30.178-0300] {logging_mixin.py:188} INFO - [2024-09-17T06:35:30.178-0300] {dagbag.py:545} INFO - Filling up the DagBag from /home/jezandre/airflow/airflow_env/lib/python3.11/site-packages/airflow/example_dags/example_params_ui_tutorial.py
[2024-09-17T06:35:30.185-0300] {processor.py:840} INFO - DAG(s) 'example_params_ui_tutorial' retrieved from /home/jezandre/airflow/airflow_env/lib/python3.11/site-packages/airflow/example_dags/example_params_ui_tutorial.py
[2024-09-17T06:35:30.237-0300] {logging_mixin.py:188} INFO - [2024-09-17T06:35:30.236-0300] {dag.py:3089} INFO - Sync 1 DAGs
[2024-09-17T06:35:30.256-0300] {logging_mixin.py:188} INFO - [2024-09-17T06:35:30.256-0300] {dag.py:3947} INFO - Setting next_dagrun for example_params_ui_tutorial to None, run_after=None
[2024-09-17T06:35:30.284-0300] {processor.py:183} INFO - Processing /home/jezandre/airflow/airflow_env/lib/python3.11/site-packages/airflow/example_dags/example_params_ui_tutorial.py took 0.115 seconds
[2024-09-17T06:36:00.518-0300] {processor.py:161} INFO - Started process (PID=24588) to work on /home/jezandre/airflow/airflow_env/lib/python3.11/site-packages/airflow/example_dags/example_params_ui_tutorial.py
[2024-09-17T06:36:00.519-0300] {processor.py:830} INFO - Processing file /home/jezandre/airflow/airflow_env/lib/python3.11/site-packages/airflow/example_dags/example_params_ui_tutorial.py for tasks to queue
[2024-09-17T06:36:00.522-0300] {logging_mixin.py:188} INFO - [2024-09-17T06:36:00.521-0300] {dagbag.py:545} INFO - Filling up the DagBag from /home/jezandre/airflow/airflow_env/lib/python3.11/site-packages/airflow/example_dags/example_params_ui_tutorial.py
[2024-09-17T06:36:00.533-0300] {processor.py:840} INFO - DAG(s) 'example_params_ui_tutorial' retrieved from /home/jezandre/airflow/airflow_env/lib/python3.11/site-packages/airflow/example_dags/example_params_ui_tutorial.py
[2024-09-17T06:36:00.619-0300] {logging_mixin.py:188} INFO - [2024-09-17T06:36:00.619-0300] {dag.py:3089} INFO - Sync 1 DAGs
[2024-09-17T06:36:00.641-0300] {logging_mixin.py:188} INFO - [2024-09-17T06:36:00.640-0300] {dag.py:3947} INFO - Setting next_dagrun for example_params_ui_tutorial to None, run_after=None
[2024-09-17T06:36:00.681-0300] {processor.py:183} INFO - Processing /home/jezandre/airflow/airflow_env/lib/python3.11/site-packages/airflow/example_dags/example_params_ui_tutorial.py took 0.172 seconds
[2024-09-17T06:36:30.985-0300] {processor.py:161} INFO - Started process (PID=24808) to work on /home/jezandre/airflow/airflow_env/lib/python3.11/site-packages/airflow/example_dags/example_params_ui_tutorial.py
[2024-09-17T06:36:30.986-0300] {processor.py:830} INFO - Processing file /home/jezandre/airflow/airflow_env/lib/python3.11/site-packages/airflow/example_dags/example_params_ui_tutorial.py for tasks to queue
[2024-09-17T06:36:30.987-0300] {logging_mixin.py:188} INFO - [2024-09-17T06:36:30.987-0300] {dagbag.py:545} INFO - Filling up the DagBag from /home/jezandre/airflow/airflow_env/lib/python3.11/site-packages/airflow/example_dags/example_params_ui_tutorial.py
[2024-09-17T06:36:30.993-0300] {processor.py:840} INFO - DAG(s) 'example_params_ui_tutorial' retrieved from /home/jezandre/airflow/airflow_env/lib/python3.11/site-packages/airflow/example_dags/example_params_ui_tutorial.py
[2024-09-17T06:36:31.044-0300] {logging_mixin.py:188} INFO - [2024-09-17T06:36:31.044-0300] {dag.py:3089} INFO - Sync 1 DAGs
[2024-09-17T06:36:31.058-0300] {logging_mixin.py:188} INFO - [2024-09-17T06:36:31.058-0300] {dag.py:3947} INFO - Setting next_dagrun for example_params_ui_tutorial to None, run_after=None
[2024-09-17T06:36:31.082-0300] {processor.py:183} INFO - Processing /home/jezandre/airflow/airflow_env/lib/python3.11/site-packages/airflow/example_dags/example_params_ui_tutorial.py took 0.104 seconds
[2024-09-17T06:37:01.354-0300] {processor.py:161} INFO - Started process (PID=25037) to work on /home/jezandre/airflow/airflow_env/lib/python3.11/site-packages/airflow/example_dags/example_params_ui_tutorial.py
[2024-09-17T06:37:01.356-0300] {processor.py:830} INFO - Processing file /home/jezandre/airflow/airflow_env/lib/python3.11/site-packages/airflow/example_dags/example_params_ui_tutorial.py for tasks to queue
[2024-09-17T06:37:01.358-0300] {logging_mixin.py:188} INFO - [2024-09-17T06:37:01.357-0300] {dagbag.py:545} INFO - Filling up the DagBag from /home/jezandre/airflow/airflow_env/lib/python3.11/site-packages/airflow/example_dags/example_params_ui_tutorial.py
[2024-09-17T06:37:01.364-0300] {processor.py:840} INFO - DAG(s) 'example_params_ui_tutorial' retrieved from /home/jezandre/airflow/airflow_env/lib/python3.11/site-packages/airflow/example_dags/example_params_ui_tutorial.py
[2024-09-17T06:37:01.433-0300] {logging_mixin.py:188} INFO - [2024-09-17T06:37:01.432-0300] {dag.py:3089} INFO - Sync 1 DAGs
[2024-09-17T06:37:01.452-0300] {logging_mixin.py:188} INFO - [2024-09-17T06:37:01.452-0300] {dag.py:3947} INFO - Setting next_dagrun for example_params_ui_tutorial to None, run_after=None
[2024-09-17T06:37:01.486-0300] {processor.py:183} INFO - Processing /home/jezandre/airflow/airflow_env/lib/python3.11/site-packages/airflow/example_dags/example_params_ui_tutorial.py took 0.138 seconds
[2024-09-17T06:37:33.566-0300] {processor.py:161} INFO - Started process (PID=25253) to work on /home/jezandre/airflow/airflow_env/lib/python3.11/site-packages/airflow/example_dags/example_params_ui_tutorial.py
[2024-09-17T06:37:33.569-0300] {processor.py:830} INFO - Processing file /home/jezandre/airflow/airflow_env/lib/python3.11/site-packages/airflow/example_dags/example_params_ui_tutorial.py for tasks to queue
[2024-09-17T06:37:33.571-0300] {logging_mixin.py:188} INFO - [2024-09-17T06:37:33.571-0300] {dagbag.py:545} INFO - Filling up the DagBag from /home/jezandre/airflow/airflow_env/lib/python3.11/site-packages/airflow/example_dags/example_params_ui_tutorial.py
[2024-09-17T06:37:33.578-0300] {processor.py:840} INFO - DAG(s) 'example_params_ui_tutorial' retrieved from /home/jezandre/airflow/airflow_env/lib/python3.11/site-packages/airflow/example_dags/example_params_ui_tutorial.py
[2024-09-17T06:37:33.777-0300] {logging_mixin.py:188} INFO - [2024-09-17T06:37:33.777-0300] {dag.py:3089} INFO - Sync 1 DAGs
[2024-09-17T06:37:33.796-0300] {logging_mixin.py:188} INFO - [2024-09-17T06:37:33.796-0300] {dag.py:3947} INFO - Setting next_dagrun for example_params_ui_tutorial to None, run_after=None
[2024-09-17T06:37:33.829-0300] {processor.py:183} INFO - Processing /home/jezandre/airflow/airflow_env/lib/python3.11/site-packages/airflow/example_dags/example_params_ui_tutorial.py took 0.271 seconds
[2024-09-17T06:38:03.942-0300] {processor.py:161} INFO - Started process (PID=25497) to work on /home/jezandre/airflow/airflow_env/lib/python3.11/site-packages/airflow/example_dags/example_params_ui_tutorial.py
[2024-09-17T06:38:03.943-0300] {processor.py:830} INFO - Processing file /home/jezandre/airflow/airflow_env/lib/python3.11/site-packages/airflow/example_dags/example_params_ui_tutorial.py for tasks to queue
[2024-09-17T06:38:03.945-0300] {logging_mixin.py:188} INFO - [2024-09-17T06:38:03.945-0300] {dagbag.py:545} INFO - Filling up the DagBag from /home/jezandre/airflow/airflow_env/lib/python3.11/site-packages/airflow/example_dags/example_params_ui_tutorial.py
[2024-09-17T06:38:03.953-0300] {processor.py:840} INFO - DAG(s) 'example_params_ui_tutorial' retrieved from /home/jezandre/airflow/airflow_env/lib/python3.11/site-packages/airflow/example_dags/example_params_ui_tutorial.py
[2024-09-17T06:38:04.008-0300] {logging_mixin.py:188} INFO - [2024-09-17T06:38:04.007-0300] {dag.py:3089} INFO - Sync 1 DAGs
[2024-09-17T06:38:04.024-0300] {logging_mixin.py:188} INFO - [2024-09-17T06:38:04.023-0300] {dag.py:3947} INFO - Setting next_dagrun for example_params_ui_tutorial to None, run_after=None
[2024-09-17T06:38:04.046-0300] {processor.py:183} INFO - Processing /home/jezandre/airflow/airflow_env/lib/python3.11/site-packages/airflow/example_dags/example_params_ui_tutorial.py took 0.112 seconds
[2024-09-17T06:38:34.381-0300] {processor.py:161} INFO - Started process (PID=25810) to work on /home/jezandre/airflow/airflow_env/lib/python3.11/site-packages/airflow/example_dags/example_params_ui_tutorial.py
[2024-09-17T06:38:34.382-0300] {processor.py:830} INFO - Processing file /home/jezandre/airflow/airflow_env/lib/python3.11/site-packages/airflow/example_dags/example_params_ui_tutorial.py for tasks to queue
[2024-09-17T06:38:34.384-0300] {logging_mixin.py:188} INFO - [2024-09-17T06:38:34.383-0300] {dagbag.py:545} INFO - Filling up the DagBag from /home/jezandre/airflow/airflow_env/lib/python3.11/site-packages/airflow/example_dags/example_params_ui_tutorial.py
[2024-09-17T06:38:34.391-0300] {processor.py:840} INFO - DAG(s) 'example_params_ui_tutorial' retrieved from /home/jezandre/airflow/airflow_env/lib/python3.11/site-packages/airflow/example_dags/example_params_ui_tutorial.py
[2024-09-17T06:38:34.448-0300] {logging_mixin.py:188} INFO - [2024-09-17T06:38:34.447-0300] {dag.py:3089} INFO - Sync 1 DAGs
[2024-09-17T06:38:34.461-0300] {logging_mixin.py:188} INFO - [2024-09-17T06:38:34.461-0300] {dag.py:3947} INFO - Setting next_dagrun for example_params_ui_tutorial to None, run_after=None
[2024-09-17T06:38:34.486-0300] {processor.py:183} INFO - Processing /home/jezandre/airflow/airflow_env/lib/python3.11/site-packages/airflow/example_dags/example_params_ui_tutorial.py took 0.113 seconds
[2024-09-17T06:39:05.021-0300] {processor.py:161} INFO - Started process (PID=26139) to work on /home/jezandre/airflow/airflow_env/lib/python3.11/site-packages/airflow/example_dags/example_params_ui_tutorial.py
[2024-09-17T06:39:05.022-0300] {processor.py:830} INFO - Processing file /home/jezandre/airflow/airflow_env/lib/python3.11/site-packages/airflow/example_dags/example_params_ui_tutorial.py for tasks to queue
[2024-09-17T06:39:05.024-0300] {logging_mixin.py:188} INFO - [2024-09-17T06:39:05.023-0300] {dagbag.py:545} INFO - Filling up the DagBag from /home/jezandre/airflow/airflow_env/lib/python3.11/site-packages/airflow/example_dags/example_params_ui_tutorial.py
[2024-09-17T06:39:05.030-0300] {processor.py:840} INFO - DAG(s) 'example_params_ui_tutorial' retrieved from /home/jezandre/airflow/airflow_env/lib/python3.11/site-packages/airflow/example_dags/example_params_ui_tutorial.py
[2024-09-17T06:39:05.118-0300] {logging_mixin.py:188} INFO - [2024-09-17T06:39:05.118-0300] {dag.py:3089} INFO - Sync 1 DAGs
[2024-09-17T06:39:05.147-0300] {logging_mixin.py:188} INFO - [2024-09-17T06:39:05.146-0300] {dag.py:3947} INFO - Setting next_dagrun for example_params_ui_tutorial to None, run_after=None
[2024-09-17T06:39:05.201-0300] {processor.py:183} INFO - Processing /home/jezandre/airflow/airflow_env/lib/python3.11/site-packages/airflow/example_dags/example_params_ui_tutorial.py took 0.188 seconds
[2024-09-17T06:39:35.674-0300] {processor.py:161} INFO - Started process (PID=26367) to work on /home/jezandre/airflow/airflow_env/lib/python3.11/site-packages/airflow/example_dags/example_params_ui_tutorial.py
[2024-09-17T06:39:35.676-0300] {processor.py:830} INFO - Processing file /home/jezandre/airflow/airflow_env/lib/python3.11/site-packages/airflow/example_dags/example_params_ui_tutorial.py for tasks to queue
[2024-09-17T06:39:35.679-0300] {logging_mixin.py:188} INFO - [2024-09-17T06:39:35.679-0300] {dagbag.py:545} INFO - Filling up the DagBag from /home/jezandre/airflow/airflow_env/lib/python3.11/site-packages/airflow/example_dags/example_params_ui_tutorial.py
[2024-09-17T06:39:35.687-0300] {processor.py:840} INFO - DAG(s) 'example_params_ui_tutorial' retrieved from /home/jezandre/airflow/airflow_env/lib/python3.11/site-packages/airflow/example_dags/example_params_ui_tutorial.py
[2024-09-17T06:39:35.753-0300] {logging_mixin.py:188} INFO - [2024-09-17T06:39:35.752-0300] {dag.py:3089} INFO - Sync 1 DAGs
[2024-09-17T06:39:35.770-0300] {logging_mixin.py:188} INFO - [2024-09-17T06:39:35.770-0300] {dag.py:3947} INFO - Setting next_dagrun for example_params_ui_tutorial to None, run_after=None
[2024-09-17T06:39:35.798-0300] {processor.py:183} INFO - Processing /home/jezandre/airflow/airflow_env/lib/python3.11/site-packages/airflow/example_dags/example_params_ui_tutorial.py took 0.133 seconds
[2024-09-17T06:40:06.393-0300] {processor.py:161} INFO - Started process (PID=26650) to work on /home/jezandre/airflow/airflow_env/lib/python3.11/site-packages/airflow/example_dags/example_params_ui_tutorial.py
[2024-09-17T06:40:06.394-0300] {processor.py:830} INFO - Processing file /home/jezandre/airflow/airflow_env/lib/python3.11/site-packages/airflow/example_dags/example_params_ui_tutorial.py for tasks to queue
[2024-09-17T06:40:06.396-0300] {logging_mixin.py:188} INFO - [2024-09-17T06:40:06.395-0300] {dagbag.py:545} INFO - Filling up the DagBag from /home/jezandre/airflow/airflow_env/lib/python3.11/site-packages/airflow/example_dags/example_params_ui_tutorial.py
[2024-09-17T06:40:06.402-0300] {processor.py:840} INFO - DAG(s) 'example_params_ui_tutorial' retrieved from /home/jezandre/airflow/airflow_env/lib/python3.11/site-packages/airflow/example_dags/example_params_ui_tutorial.py
[2024-09-17T06:40:06.460-0300] {logging_mixin.py:188} INFO - [2024-09-17T06:40:06.459-0300] {dag.py:3089} INFO - Sync 1 DAGs
[2024-09-17T06:40:06.476-0300] {logging_mixin.py:188} INFO - [2024-09-17T06:40:06.476-0300] {dag.py:3947} INFO - Setting next_dagrun for example_params_ui_tutorial to None, run_after=None
[2024-09-17T06:40:06.500-0300] {processor.py:183} INFO - Processing /home/jezandre/airflow/airflow_env/lib/python3.11/site-packages/airflow/example_dags/example_params_ui_tutorial.py took 0.115 seconds
[2024-09-17T06:40:36.858-0300] {processor.py:161} INFO - Started process (PID=26991) to work on /home/jezandre/airflow/airflow_env/lib/python3.11/site-packages/airflow/example_dags/example_params_ui_tutorial.py
[2024-09-17T06:40:36.859-0300] {processor.py:830} INFO - Processing file /home/jezandre/airflow/airflow_env/lib/python3.11/site-packages/airflow/example_dags/example_params_ui_tutorial.py for tasks to queue
[2024-09-17T06:40:36.861-0300] {logging_mixin.py:188} INFO - [2024-09-17T06:40:36.861-0300] {dagbag.py:545} INFO - Filling up the DagBag from /home/jezandre/airflow/airflow_env/lib/python3.11/site-packages/airflow/example_dags/example_params_ui_tutorial.py
[2024-09-17T06:40:36.868-0300] {processor.py:840} INFO - DAG(s) 'example_params_ui_tutorial' retrieved from /home/jezandre/airflow/airflow_env/lib/python3.11/site-packages/airflow/example_dags/example_params_ui_tutorial.py
[2024-09-17T06:40:36.932-0300] {logging_mixin.py:188} INFO - [2024-09-17T06:40:36.932-0300] {dag.py:3089} INFO - Sync 1 DAGs
[2024-09-17T06:40:36.948-0300] {logging_mixin.py:188} INFO - [2024-09-17T06:40:36.948-0300] {dag.py:3947} INFO - Setting next_dagrun for example_params_ui_tutorial to None, run_after=None
[2024-09-17T06:40:36.978-0300] {processor.py:183} INFO - Processing /home/jezandre/airflow/airflow_env/lib/python3.11/site-packages/airflow/example_dags/example_params_ui_tutorial.py took 0.128 seconds
[2024-09-17T06:41:07.282-0300] {processor.py:161} INFO - Started process (PID=27343) to work on /home/jezandre/airflow/airflow_env/lib/python3.11/site-packages/airflow/example_dags/example_params_ui_tutorial.py
[2024-09-17T06:41:07.283-0300] {processor.py:830} INFO - Processing file /home/jezandre/airflow/airflow_env/lib/python3.11/site-packages/airflow/example_dags/example_params_ui_tutorial.py for tasks to queue
[2024-09-17T06:41:07.285-0300] {logging_mixin.py:188} INFO - [2024-09-17T06:41:07.284-0300] {dagbag.py:545} INFO - Filling up the DagBag from /home/jezandre/airflow/airflow_env/lib/python3.11/site-packages/airflow/example_dags/example_params_ui_tutorial.py
[2024-09-17T06:41:07.291-0300] {processor.py:840} INFO - DAG(s) 'example_params_ui_tutorial' retrieved from /home/jezandre/airflow/airflow_env/lib/python3.11/site-packages/airflow/example_dags/example_params_ui_tutorial.py
[2024-09-17T06:41:07.343-0300] {logging_mixin.py:188} INFO - [2024-09-17T06:41:07.343-0300] {dag.py:3089} INFO - Sync 1 DAGs
[2024-09-17T06:41:07.358-0300] {logging_mixin.py:188} INFO - [2024-09-17T06:41:07.357-0300] {dag.py:3947} INFO - Setting next_dagrun for example_params_ui_tutorial to None, run_after=None
[2024-09-17T06:41:07.382-0300] {processor.py:183} INFO - Processing /home/jezandre/airflow/airflow_env/lib/python3.11/site-packages/airflow/example_dags/example_params_ui_tutorial.py took 0.110 seconds
[2024-09-17T06:41:37.954-0300] {processor.py:161} INFO - Started process (PID=27697) to work on /home/jezandre/airflow/airflow_env/lib/python3.11/site-packages/airflow/example_dags/example_params_ui_tutorial.py
[2024-09-17T06:41:37.956-0300] {processor.py:830} INFO - Processing file /home/jezandre/airflow/airflow_env/lib/python3.11/site-packages/airflow/example_dags/example_params_ui_tutorial.py for tasks to queue
[2024-09-17T06:41:37.958-0300] {logging_mixin.py:188} INFO - [2024-09-17T06:41:37.958-0300] {dagbag.py:545} INFO - Filling up the DagBag from /home/jezandre/airflow/airflow_env/lib/python3.11/site-packages/airflow/example_dags/example_params_ui_tutorial.py
[2024-09-17T06:41:37.966-0300] {processor.py:840} INFO - DAG(s) 'example_params_ui_tutorial' retrieved from /home/jezandre/airflow/airflow_env/lib/python3.11/site-packages/airflow/example_dags/example_params_ui_tutorial.py
[2024-09-17T06:41:38.020-0300] {logging_mixin.py:188} INFO - [2024-09-17T06:41:38.020-0300] {dag.py:3089} INFO - Sync 1 DAGs
[2024-09-17T06:41:38.034-0300] {logging_mixin.py:188} INFO - [2024-09-17T06:41:38.034-0300] {dag.py:3947} INFO - Setting next_dagrun for example_params_ui_tutorial to None, run_after=None
[2024-09-17T06:41:38.057-0300] {processor.py:183} INFO - Processing /home/jezandre/airflow/airflow_env/lib/python3.11/site-packages/airflow/example_dags/example_params_ui_tutorial.py took 0.112 seconds
[2024-09-17T06:42:09.297-0300] {processor.py:161} INFO - Started process (PID=27921) to work on /home/jezandre/airflow/airflow_env/lib/python3.11/site-packages/airflow/example_dags/example_params_ui_tutorial.py
[2024-09-17T06:42:09.298-0300] {processor.py:830} INFO - Processing file /home/jezandre/airflow/airflow_env/lib/python3.11/site-packages/airflow/example_dags/example_params_ui_tutorial.py for tasks to queue
[2024-09-17T06:42:09.300-0300] {logging_mixin.py:188} INFO - [2024-09-17T06:42:09.300-0300] {dagbag.py:545} INFO - Filling up the DagBag from /home/jezandre/airflow/airflow_env/lib/python3.11/site-packages/airflow/example_dags/example_params_ui_tutorial.py
[2024-09-17T06:42:09.307-0300] {processor.py:840} INFO - DAG(s) 'example_params_ui_tutorial' retrieved from /home/jezandre/airflow/airflow_env/lib/python3.11/site-packages/airflow/example_dags/example_params_ui_tutorial.py
[2024-09-17T06:42:09.434-0300] {logging_mixin.py:188} INFO - [2024-09-17T06:42:09.433-0300] {dag.py:3089} INFO - Sync 1 DAGs
[2024-09-17T06:42:09.445-0300] {logging_mixin.py:188} INFO - [2024-09-17T06:42:09.445-0300] {dag.py:3947} INFO - Setting next_dagrun for example_params_ui_tutorial to None, run_after=None
[2024-09-17T06:42:09.472-0300] {processor.py:183} INFO - Processing /home/jezandre/airflow/airflow_env/lib/python3.11/site-packages/airflow/example_dags/example_params_ui_tutorial.py took 0.183 seconds
[2024-09-17T06:42:39.798-0300] {processor.py:161} INFO - Started process (PID=28129) to work on /home/jezandre/airflow/airflow_env/lib/python3.11/site-packages/airflow/example_dags/example_params_ui_tutorial.py
[2024-09-17T06:42:39.800-0300] {processor.py:830} INFO - Processing file /home/jezandre/airflow/airflow_env/lib/python3.11/site-packages/airflow/example_dags/example_params_ui_tutorial.py for tasks to queue
[2024-09-17T06:42:39.803-0300] {logging_mixin.py:188} INFO - [2024-09-17T06:42:39.802-0300] {dagbag.py:545} INFO - Filling up the DagBag from /home/jezandre/airflow/airflow_env/lib/python3.11/site-packages/airflow/example_dags/example_params_ui_tutorial.py
[2024-09-17T06:42:39.812-0300] {processor.py:840} INFO - DAG(s) 'example_params_ui_tutorial' retrieved from /home/jezandre/airflow/airflow_env/lib/python3.11/site-packages/airflow/example_dags/example_params_ui_tutorial.py
[2024-09-17T06:42:39.896-0300] {logging_mixin.py:188} INFO - [2024-09-17T06:42:39.895-0300] {dag.py:3089} INFO - Sync 1 DAGs
[2024-09-17T06:42:39.911-0300] {logging_mixin.py:188} INFO - [2024-09-17T06:42:39.911-0300] {dag.py:3947} INFO - Setting next_dagrun for example_params_ui_tutorial to None, run_after=None
[2024-09-17T06:42:39.940-0300] {processor.py:183} INFO - Processing /home/jezandre/airflow/airflow_env/lib/python3.11/site-packages/airflow/example_dags/example_params_ui_tutorial.py took 0.156 seconds
[2024-09-17T06:43:09.968-0300] {processor.py:161} INFO - Started process (PID=28905) to work on /home/jezandre/airflow/airflow_env/lib/python3.11/site-packages/airflow/example_dags/example_params_ui_tutorial.py
[2024-09-17T06:43:09.969-0300] {processor.py:830} INFO - Processing file /home/jezandre/airflow/airflow_env/lib/python3.11/site-packages/airflow/example_dags/example_params_ui_tutorial.py for tasks to queue
[2024-09-17T06:43:09.971-0300] {logging_mixin.py:188} INFO - [2024-09-17T06:43:09.970-0300] {dagbag.py:545} INFO - Filling up the DagBag from /home/jezandre/airflow/airflow_env/lib/python3.11/site-packages/airflow/example_dags/example_params_ui_tutorial.py
[2024-09-17T06:43:09.978-0300] {processor.py:840} INFO - DAG(s) 'example_params_ui_tutorial' retrieved from /home/jezandre/airflow/airflow_env/lib/python3.11/site-packages/airflow/example_dags/example_params_ui_tutorial.py
[2024-09-17T06:43:10.029-0300] {logging_mixin.py:188} INFO - [2024-09-17T06:43:10.029-0300] {dag.py:3089} INFO - Sync 1 DAGs
[2024-09-17T06:43:10.044-0300] {logging_mixin.py:188} INFO - [2024-09-17T06:43:10.044-0300] {dag.py:3947} INFO - Setting next_dagrun for example_params_ui_tutorial to None, run_after=None
[2024-09-17T06:43:10.071-0300] {processor.py:183} INFO - Processing /home/jezandre/airflow/airflow_env/lib/python3.11/site-packages/airflow/example_dags/example_params_ui_tutorial.py took 0.110 seconds
[2024-09-17T06:43:40.840-0300] {processor.py:161} INFO - Started process (PID=29175) to work on /home/jezandre/airflow/airflow_env/lib/python3.11/site-packages/airflow/example_dags/example_params_ui_tutorial.py
[2024-09-17T06:43:40.842-0300] {processor.py:830} INFO - Processing file /home/jezandre/airflow/airflow_env/lib/python3.11/site-packages/airflow/example_dags/example_params_ui_tutorial.py for tasks to queue
[2024-09-17T06:43:40.843-0300] {logging_mixin.py:188} INFO - [2024-09-17T06:43:40.843-0300] {dagbag.py:545} INFO - Filling up the DagBag from /home/jezandre/airflow/airflow_env/lib/python3.11/site-packages/airflow/example_dags/example_params_ui_tutorial.py
[2024-09-17T06:43:40.851-0300] {processor.py:840} INFO - DAG(s) 'example_params_ui_tutorial' retrieved from /home/jezandre/airflow/airflow_env/lib/python3.11/site-packages/airflow/example_dags/example_params_ui_tutorial.py
[2024-09-17T06:43:40.904-0300] {logging_mixin.py:188} INFO - [2024-09-17T06:43:40.904-0300] {dag.py:3089} INFO - Sync 1 DAGs
[2024-09-17T06:43:40.921-0300] {logging_mixin.py:188} INFO - [2024-09-17T06:43:40.921-0300] {dag.py:3947} INFO - Setting next_dagrun for example_params_ui_tutorial to None, run_after=None
[2024-09-17T06:43:40.946-0300] {processor.py:183} INFO - Processing /home/jezandre/airflow/airflow_env/lib/python3.11/site-packages/airflow/example_dags/example_params_ui_tutorial.py took 0.114 seconds
[2024-09-17T06:44:11.474-0300] {processor.py:161} INFO - Started process (PID=29408) to work on /home/jezandre/airflow/airflow_env/lib/python3.11/site-packages/airflow/example_dags/example_params_ui_tutorial.py
[2024-09-17T06:44:11.475-0300] {processor.py:830} INFO - Processing file /home/jezandre/airflow/airflow_env/lib/python3.11/site-packages/airflow/example_dags/example_params_ui_tutorial.py for tasks to queue
[2024-09-17T06:44:11.477-0300] {logging_mixin.py:188} INFO - [2024-09-17T06:44:11.477-0300] {dagbag.py:545} INFO - Filling up the DagBag from /home/jezandre/airflow/airflow_env/lib/python3.11/site-packages/airflow/example_dags/example_params_ui_tutorial.py
[2024-09-17T06:44:11.484-0300] {processor.py:840} INFO - DAG(s) 'example_params_ui_tutorial' retrieved from /home/jezandre/airflow/airflow_env/lib/python3.11/site-packages/airflow/example_dags/example_params_ui_tutorial.py
[2024-09-17T06:44:11.542-0300] {logging_mixin.py:188} INFO - [2024-09-17T06:44:11.542-0300] {dag.py:3089} INFO - Sync 1 DAGs
[2024-09-17T06:44:11.558-0300] {logging_mixin.py:188} INFO - [2024-09-17T06:44:11.557-0300] {dag.py:3947} INFO - Setting next_dagrun for example_params_ui_tutorial to None, run_after=None
[2024-09-17T06:44:11.584-0300] {processor.py:183} INFO - Processing /home/jezandre/airflow/airflow_env/lib/python3.11/site-packages/airflow/example_dags/example_params_ui_tutorial.py took 0.119 seconds
[2024-09-17T06:44:42.159-0300] {processor.py:161} INFO - Started process (PID=29610) to work on /home/jezandre/airflow/airflow_env/lib/python3.11/site-packages/airflow/example_dags/example_params_ui_tutorial.py
[2024-09-17T06:44:42.160-0300] {processor.py:830} INFO - Processing file /home/jezandre/airflow/airflow_env/lib/python3.11/site-packages/airflow/example_dags/example_params_ui_tutorial.py for tasks to queue
[2024-09-17T06:44:42.163-0300] {logging_mixin.py:188} INFO - [2024-09-17T06:44:42.163-0300] {dagbag.py:545} INFO - Filling up the DagBag from /home/jezandre/airflow/airflow_env/lib/python3.11/site-packages/airflow/example_dags/example_params_ui_tutorial.py
[2024-09-17T06:44:42.170-0300] {processor.py:840} INFO - DAG(s) 'example_params_ui_tutorial' retrieved from /home/jezandre/airflow/airflow_env/lib/python3.11/site-packages/airflow/example_dags/example_params_ui_tutorial.py
[2024-09-17T06:44:42.226-0300] {logging_mixin.py:188} INFO - [2024-09-17T06:44:42.225-0300] {dag.py:3089} INFO - Sync 1 DAGs
[2024-09-17T06:44:42.241-0300] {logging_mixin.py:188} INFO - [2024-09-17T06:44:42.241-0300] {dag.py:3947} INFO - Setting next_dagrun for example_params_ui_tutorial to None, run_after=None
[2024-09-17T06:44:42.266-0300] {processor.py:183} INFO - Processing /home/jezandre/airflow/airflow_env/lib/python3.11/site-packages/airflow/example_dags/example_params_ui_tutorial.py took 0.115 seconds
[2024-09-17T06:45:13.139-0300] {processor.py:161} INFO - Started process (PID=29946) to work on /home/jezandre/airflow/airflow_env/lib/python3.11/site-packages/airflow/example_dags/example_params_ui_tutorial.py
[2024-09-17T06:45:13.141-0300] {processor.py:830} INFO - Processing file /home/jezandre/airflow/airflow_env/lib/python3.11/site-packages/airflow/example_dags/example_params_ui_tutorial.py for tasks to queue
[2024-09-17T06:45:13.143-0300] {logging_mixin.py:188} INFO - [2024-09-17T06:45:13.143-0300] {dagbag.py:545} INFO - Filling up the DagBag from /home/jezandre/airflow/airflow_env/lib/python3.11/site-packages/airflow/example_dags/example_params_ui_tutorial.py
[2024-09-17T06:45:13.154-0300] {processor.py:840} INFO - DAG(s) 'example_params_ui_tutorial' retrieved from /home/jezandre/airflow/airflow_env/lib/python3.11/site-packages/airflow/example_dags/example_params_ui_tutorial.py
[2024-09-17T06:45:13.241-0300] {logging_mixin.py:188} INFO - [2024-09-17T06:45:13.241-0300] {dag.py:3089} INFO - Sync 1 DAGs
[2024-09-17T06:45:13.260-0300] {logging_mixin.py:188} INFO - [2024-09-17T06:45:13.260-0300] {dag.py:3947} INFO - Setting next_dagrun for example_params_ui_tutorial to None, run_after=None
[2024-09-17T06:45:13.294-0300] {processor.py:183} INFO - Processing /home/jezandre/airflow/airflow_env/lib/python3.11/site-packages/airflow/example_dags/example_params_ui_tutorial.py took 0.164 seconds
[2024-09-17T06:45:43.445-0300] {processor.py:161} INFO - Started process (PID=30244) to work on /home/jezandre/airflow/airflow_env/lib/python3.11/site-packages/airflow/example_dags/example_params_ui_tutorial.py
[2024-09-17T06:45:43.446-0300] {processor.py:830} INFO - Processing file /home/jezandre/airflow/airflow_env/lib/python3.11/site-packages/airflow/example_dags/example_params_ui_tutorial.py for tasks to queue
[2024-09-17T06:45:43.453-0300] {logging_mixin.py:188} INFO - [2024-09-17T06:45:43.451-0300] {dagbag.py:545} INFO - Filling up the DagBag from /home/jezandre/airflow/airflow_env/lib/python3.11/site-packages/airflow/example_dags/example_params_ui_tutorial.py
[2024-09-17T06:45:43.468-0300] {processor.py:840} INFO - DAG(s) 'example_params_ui_tutorial' retrieved from /home/jezandre/airflow/airflow_env/lib/python3.11/site-packages/airflow/example_dags/example_params_ui_tutorial.py
[2024-09-17T06:45:43.546-0300] {logging_mixin.py:188} INFO - [2024-09-17T06:45:43.545-0300] {dag.py:3089} INFO - Sync 1 DAGs
[2024-09-17T06:45:43.563-0300] {logging_mixin.py:188} INFO - [2024-09-17T06:45:43.563-0300] {dag.py:3947} INFO - Setting next_dagrun for example_params_ui_tutorial to None, run_after=None
[2024-09-17T06:45:43.595-0300] {processor.py:183} INFO - Processing /home/jezandre/airflow/airflow_env/lib/python3.11/site-packages/airflow/example_dags/example_params_ui_tutorial.py took 0.169 seconds
[2024-09-17T06:46:14.257-0300] {processor.py:161} INFO - Started process (PID=30577) to work on /home/jezandre/airflow/airflow_env/lib/python3.11/site-packages/airflow/example_dags/example_params_ui_tutorial.py
[2024-09-17T06:46:14.259-0300] {processor.py:830} INFO - Processing file /home/jezandre/airflow/airflow_env/lib/python3.11/site-packages/airflow/example_dags/example_params_ui_tutorial.py for tasks to queue
[2024-09-17T06:46:14.261-0300] {logging_mixin.py:188} INFO - [2024-09-17T06:46:14.261-0300] {dagbag.py:545} INFO - Filling up the DagBag from /home/jezandre/airflow/airflow_env/lib/python3.11/site-packages/airflow/example_dags/example_params_ui_tutorial.py
[2024-09-17T06:46:14.272-0300] {processor.py:840} INFO - DAG(s) 'example_params_ui_tutorial' retrieved from /home/jezandre/airflow/airflow_env/lib/python3.11/site-packages/airflow/example_dags/example_params_ui_tutorial.py
[2024-09-17T06:46:14.357-0300] {logging_mixin.py:188} INFO - [2024-09-17T06:46:14.356-0300] {dag.py:3089} INFO - Sync 1 DAGs
[2024-09-17T06:46:14.375-0300] {logging_mixin.py:188} INFO - [2024-09-17T06:46:14.375-0300] {dag.py:3947} INFO - Setting next_dagrun for example_params_ui_tutorial to None, run_after=None
[2024-09-17T06:46:14.405-0300] {processor.py:183} INFO - Processing /home/jezandre/airflow/airflow_env/lib/python3.11/site-packages/airflow/example_dags/example_params_ui_tutorial.py took 0.159 seconds
[2024-09-17T06:46:45.133-0300] {processor.py:161} INFO - Started process (PID=30885) to work on /home/jezandre/airflow/airflow_env/lib/python3.11/site-packages/airflow/example_dags/example_params_ui_tutorial.py
[2024-09-17T06:46:45.135-0300] {processor.py:830} INFO - Processing file /home/jezandre/airflow/airflow_env/lib/python3.11/site-packages/airflow/example_dags/example_params_ui_tutorial.py for tasks to queue
[2024-09-17T06:46:45.137-0300] {logging_mixin.py:188} INFO - [2024-09-17T06:46:45.136-0300] {dagbag.py:545} INFO - Filling up the DagBag from /home/jezandre/airflow/airflow_env/lib/python3.11/site-packages/airflow/example_dags/example_params_ui_tutorial.py
[2024-09-17T06:46:45.143-0300] {processor.py:840} INFO - DAG(s) 'example_params_ui_tutorial' retrieved from /home/jezandre/airflow/airflow_env/lib/python3.11/site-packages/airflow/example_dags/example_params_ui_tutorial.py
[2024-09-17T06:46:45.198-0300] {logging_mixin.py:188} INFO - [2024-09-17T06:46:45.198-0300] {dag.py:3089} INFO - Sync 1 DAGs
[2024-09-17T06:46:45.214-0300] {logging_mixin.py:188} INFO - [2024-09-17T06:46:45.214-0300] {dag.py:3947} INFO - Setting next_dagrun for example_params_ui_tutorial to None, run_after=None
[2024-09-17T06:46:45.237-0300] {processor.py:183} INFO - Processing /home/jezandre/airflow/airflow_env/lib/python3.11/site-packages/airflow/example_dags/example_params_ui_tutorial.py took 0.111 seconds
[2024-09-17T06:47:16.104-0300] {processor.py:161} INFO - Started process (PID=31172) to work on /home/jezandre/airflow/airflow_env/lib/python3.11/site-packages/airflow/example_dags/example_params_ui_tutorial.py
[2024-09-17T06:47:16.105-0300] {processor.py:830} INFO - Processing file /home/jezandre/airflow/airflow_env/lib/python3.11/site-packages/airflow/example_dags/example_params_ui_tutorial.py for tasks to queue
[2024-09-17T06:47:16.107-0300] {logging_mixin.py:188} INFO - [2024-09-17T06:47:16.107-0300] {dagbag.py:545} INFO - Filling up the DagBag from /home/jezandre/airflow/airflow_env/lib/python3.11/site-packages/airflow/example_dags/example_params_ui_tutorial.py
[2024-09-17T06:47:16.116-0300] {processor.py:840} INFO - DAG(s) 'example_params_ui_tutorial' retrieved from /home/jezandre/airflow/airflow_env/lib/python3.11/site-packages/airflow/example_dags/example_params_ui_tutorial.py
[2024-09-17T06:47:16.272-0300] {logging_mixin.py:188} INFO - [2024-09-17T06:47:16.272-0300] {dag.py:3089} INFO - Sync 1 DAGs
[2024-09-17T06:47:16.286-0300] {logging_mixin.py:188} INFO - [2024-09-17T06:47:16.285-0300] {dag.py:3947} INFO - Setting next_dagrun for example_params_ui_tutorial to None, run_after=None
[2024-09-17T06:47:16.317-0300] {processor.py:183} INFO - Processing /home/jezandre/airflow/airflow_env/lib/python3.11/site-packages/airflow/example_dags/example_params_ui_tutorial.py took 0.227 seconds
[2024-09-17T06:47:46.979-0300] {processor.py:161} INFO - Started process (PID=31427) to work on /home/jezandre/airflow/airflow_env/lib/python3.11/site-packages/airflow/example_dags/example_params_ui_tutorial.py
[2024-09-17T06:47:46.981-0300] {processor.py:830} INFO - Processing file /home/jezandre/airflow/airflow_env/lib/python3.11/site-packages/airflow/example_dags/example_params_ui_tutorial.py for tasks to queue
[2024-09-17T06:47:46.983-0300] {logging_mixin.py:188} INFO - [2024-09-17T06:47:46.983-0300] {dagbag.py:545} INFO - Filling up the DagBag from /home/jezandre/airflow/airflow_env/lib/python3.11/site-packages/airflow/example_dags/example_params_ui_tutorial.py
[2024-09-17T06:47:46.991-0300] {processor.py:840} INFO - DAG(s) 'example_params_ui_tutorial' retrieved from /home/jezandre/airflow/airflow_env/lib/python3.11/site-packages/airflow/example_dags/example_params_ui_tutorial.py
[2024-09-17T06:47:47.058-0300] {logging_mixin.py:188} INFO - [2024-09-17T06:47:47.058-0300] {dag.py:3089} INFO - Sync 1 DAGs
[2024-09-17T06:47:47.078-0300] {logging_mixin.py:188} INFO - [2024-09-17T06:47:47.077-0300] {dag.py:3947} INFO - Setting next_dagrun for example_params_ui_tutorial to None, run_after=None
[2024-09-17T06:47:47.103-0300] {processor.py:183} INFO - Processing /home/jezandre/airflow/airflow_env/lib/python3.11/site-packages/airflow/example_dags/example_params_ui_tutorial.py took 0.133 seconds
[2024-09-17T06:48:17.688-0300] {processor.py:161} INFO - Started process (PID=31651) to work on /home/jezandre/airflow/airflow_env/lib/python3.11/site-packages/airflow/example_dags/example_params_ui_tutorial.py
[2024-09-17T06:48:17.690-0300] {processor.py:830} INFO - Processing file /home/jezandre/airflow/airflow_env/lib/python3.11/site-packages/airflow/example_dags/example_params_ui_tutorial.py for tasks to queue
[2024-09-17T06:48:17.691-0300] {logging_mixin.py:188} INFO - [2024-09-17T06:48:17.691-0300] {dagbag.py:545} INFO - Filling up the DagBag from /home/jezandre/airflow/airflow_env/lib/python3.11/site-packages/airflow/example_dags/example_params_ui_tutorial.py
[2024-09-17T06:48:17.700-0300] {processor.py:840} INFO - DAG(s) 'example_params_ui_tutorial' retrieved from /home/jezandre/airflow/airflow_env/lib/python3.11/site-packages/airflow/example_dags/example_params_ui_tutorial.py
[2024-09-17T06:48:17.753-0300] {logging_mixin.py:188} INFO - [2024-09-17T06:48:17.752-0300] {dag.py:3089} INFO - Sync 1 DAGs
[2024-09-17T06:48:17.773-0300] {logging_mixin.py:188} INFO - [2024-09-17T06:48:17.773-0300] {dag.py:3947} INFO - Setting next_dagrun for example_params_ui_tutorial to None, run_after=None
[2024-09-17T06:48:17.806-0300] {processor.py:183} INFO - Processing /home/jezandre/airflow/airflow_env/lib/python3.11/site-packages/airflow/example_dags/example_params_ui_tutorial.py took 0.126 seconds
[2024-09-17T06:48:48.593-0300] {processor.py:161} INFO - Started process (PID=31912) to work on /home/jezandre/airflow/airflow_env/lib/python3.11/site-packages/airflow/example_dags/example_params_ui_tutorial.py
[2024-09-17T06:48:48.594-0300] {processor.py:830} INFO - Processing file /home/jezandre/airflow/airflow_env/lib/python3.11/site-packages/airflow/example_dags/example_params_ui_tutorial.py for tasks to queue
[2024-09-17T06:48:48.599-0300] {logging_mixin.py:188} INFO - [2024-09-17T06:48:48.598-0300] {dagbag.py:545} INFO - Filling up the DagBag from /home/jezandre/airflow/airflow_env/lib/python3.11/site-packages/airflow/example_dags/example_params_ui_tutorial.py
[2024-09-17T06:48:48.614-0300] {processor.py:840} INFO - DAG(s) 'example_params_ui_tutorial' retrieved from /home/jezandre/airflow/airflow_env/lib/python3.11/site-packages/airflow/example_dags/example_params_ui_tutorial.py
[2024-09-17T06:48:48.748-0300] {logging_mixin.py:188} INFO - [2024-09-17T06:48:48.748-0300] {dag.py:3089} INFO - Sync 1 DAGs
[2024-09-17T06:48:48.780-0300] {logging_mixin.py:188} INFO - [2024-09-17T06:48:48.780-0300] {dag.py:3947} INFO - Setting next_dagrun for example_params_ui_tutorial to None, run_after=None
[2024-09-17T06:48:48.818-0300] {processor.py:183} INFO - Processing /home/jezandre/airflow/airflow_env/lib/python3.11/site-packages/airflow/example_dags/example_params_ui_tutorial.py took 0.237 seconds
[2024-09-17T06:49:19.762-0300] {processor.py:161} INFO - Started process (PID=32133) to work on /home/jezandre/airflow/airflow_env/lib/python3.11/site-packages/airflow/example_dags/example_params_ui_tutorial.py
[2024-09-17T06:49:19.763-0300] {processor.py:830} INFO - Processing file /home/jezandre/airflow/airflow_env/lib/python3.11/site-packages/airflow/example_dags/example_params_ui_tutorial.py for tasks to queue
[2024-09-17T06:49:19.766-0300] {logging_mixin.py:188} INFO - [2024-09-17T06:49:19.765-0300] {dagbag.py:545} INFO - Filling up the DagBag from /home/jezandre/airflow/airflow_env/lib/python3.11/site-packages/airflow/example_dags/example_params_ui_tutorial.py
[2024-09-17T06:49:19.772-0300] {processor.py:840} INFO - DAG(s) 'example_params_ui_tutorial' retrieved from /home/jezandre/airflow/airflow_env/lib/python3.11/site-packages/airflow/example_dags/example_params_ui_tutorial.py
[2024-09-17T06:49:19.831-0300] {logging_mixin.py:188} INFO - [2024-09-17T06:49:19.831-0300] {dag.py:3089} INFO - Sync 1 DAGs
[2024-09-17T06:49:19.847-0300] {logging_mixin.py:188} INFO - [2024-09-17T06:49:19.846-0300] {dag.py:3947} INFO - Setting next_dagrun for example_params_ui_tutorial to None, run_after=None
[2024-09-17T06:49:19.872-0300] {processor.py:183} INFO - Processing /home/jezandre/airflow/airflow_env/lib/python3.11/site-packages/airflow/example_dags/example_params_ui_tutorial.py took 0.119 seconds
[2024-09-17T06:49:50.557-0300] {processor.py:161} INFO - Started process (PID=32439) to work on /home/jezandre/airflow/airflow_env/lib/python3.11/site-packages/airflow/example_dags/example_params_ui_tutorial.py
[2024-09-17T06:49:50.559-0300] {processor.py:830} INFO - Processing file /home/jezandre/airflow/airflow_env/lib/python3.11/site-packages/airflow/example_dags/example_params_ui_tutorial.py for tasks to queue
[2024-09-17T06:49:50.561-0300] {logging_mixin.py:188} INFO - [2024-09-17T06:49:50.560-0300] {dagbag.py:545} INFO - Filling up the DagBag from /home/jezandre/airflow/airflow_env/lib/python3.11/site-packages/airflow/example_dags/example_params_ui_tutorial.py
[2024-09-17T06:49:50.567-0300] {processor.py:840} INFO - DAG(s) 'example_params_ui_tutorial' retrieved from /home/jezandre/airflow/airflow_env/lib/python3.11/site-packages/airflow/example_dags/example_params_ui_tutorial.py
[2024-09-17T06:49:50.641-0300] {logging_mixin.py:188} INFO - [2024-09-17T06:49:50.640-0300] {dag.py:3089} INFO - Sync 1 DAGs
[2024-09-17T06:49:50.663-0300] {logging_mixin.py:188} INFO - [2024-09-17T06:49:50.663-0300] {dag.py:3947} INFO - Setting next_dagrun for example_params_ui_tutorial to None, run_after=None
[2024-09-17T06:49:50.695-0300] {processor.py:183} INFO - Processing /home/jezandre/airflow/airflow_env/lib/python3.11/site-packages/airflow/example_dags/example_params_ui_tutorial.py took 0.148 seconds
[2024-09-17T06:50:21.214-0300] {processor.py:161} INFO - Started process (PID=32717) to work on /home/jezandre/airflow/airflow_env/lib/python3.11/site-packages/airflow/example_dags/example_params_ui_tutorial.py
[2024-09-17T06:50:21.216-0300] {processor.py:830} INFO - Processing file /home/jezandre/airflow/airflow_env/lib/python3.11/site-packages/airflow/example_dags/example_params_ui_tutorial.py for tasks to queue
[2024-09-17T06:50:21.218-0300] {logging_mixin.py:188} INFO - [2024-09-17T06:50:21.218-0300] {dagbag.py:545} INFO - Filling up the DagBag from /home/jezandre/airflow/airflow_env/lib/python3.11/site-packages/airflow/example_dags/example_params_ui_tutorial.py
[2024-09-17T06:50:21.225-0300] {processor.py:840} INFO - DAG(s) 'example_params_ui_tutorial' retrieved from /home/jezandre/airflow/airflow_env/lib/python3.11/site-packages/airflow/example_dags/example_params_ui_tutorial.py
[2024-09-17T06:50:21.285-0300] {logging_mixin.py:188} INFO - [2024-09-17T06:50:21.284-0300] {dag.py:3089} INFO - Sync 1 DAGs
[2024-09-17T06:50:21.302-0300] {logging_mixin.py:188} INFO - [2024-09-17T06:50:21.302-0300] {dag.py:3947} INFO - Setting next_dagrun for example_params_ui_tutorial to None, run_after=None
[2024-09-17T06:50:21.333-0300] {processor.py:183} INFO - Processing /home/jezandre/airflow/airflow_env/lib/python3.11/site-packages/airflow/example_dags/example_params_ui_tutorial.py took 0.130 seconds
[2024-09-17T06:50:51.544-0300] {processor.py:161} INFO - Started process (PID=32980) to work on /home/jezandre/airflow/airflow_env/lib/python3.11/site-packages/airflow/example_dags/example_params_ui_tutorial.py
[2024-09-17T06:50:51.545-0300] {processor.py:830} INFO - Processing file /home/jezandre/airflow/airflow_env/lib/python3.11/site-packages/airflow/example_dags/example_params_ui_tutorial.py for tasks to queue
[2024-09-17T06:50:51.548-0300] {logging_mixin.py:188} INFO - [2024-09-17T06:50:51.547-0300] {dagbag.py:545} INFO - Filling up the DagBag from /home/jezandre/airflow/airflow_env/lib/python3.11/site-packages/airflow/example_dags/example_params_ui_tutorial.py
[2024-09-17T06:50:51.556-0300] {processor.py:840} INFO - DAG(s) 'example_params_ui_tutorial' retrieved from /home/jezandre/airflow/airflow_env/lib/python3.11/site-packages/airflow/example_dags/example_params_ui_tutorial.py
[2024-09-17T06:50:51.622-0300] {logging_mixin.py:188} INFO - [2024-09-17T06:50:51.622-0300] {dag.py:3089} INFO - Sync 1 DAGs
[2024-09-17T06:50:51.643-0300] {logging_mixin.py:188} INFO - [2024-09-17T06:50:51.643-0300] {dag.py:3947} INFO - Setting next_dagrun for example_params_ui_tutorial to None, run_after=None
[2024-09-17T06:50:51.671-0300] {processor.py:183} INFO - Processing /home/jezandre/airflow/airflow_env/lib/python3.11/site-packages/airflow/example_dags/example_params_ui_tutorial.py took 0.138 seconds
[2024-09-17T06:51:22.508-0300] {processor.py:161} INFO - Started process (PID=33433) to work on /home/jezandre/airflow/airflow_env/lib/python3.11/site-packages/airflow/example_dags/example_params_ui_tutorial.py
[2024-09-17T06:51:22.510-0300] {processor.py:830} INFO - Processing file /home/jezandre/airflow/airflow_env/lib/python3.11/site-packages/airflow/example_dags/example_params_ui_tutorial.py for tasks to queue
[2024-09-17T06:51:22.512-0300] {logging_mixin.py:188} INFO - [2024-09-17T06:51:22.512-0300] {dagbag.py:545} INFO - Filling up the DagBag from /home/jezandre/airflow/airflow_env/lib/python3.11/site-packages/airflow/example_dags/example_params_ui_tutorial.py
[2024-09-17T06:51:22.521-0300] {processor.py:840} INFO - DAG(s) 'example_params_ui_tutorial' retrieved from /home/jezandre/airflow/airflow_env/lib/python3.11/site-packages/airflow/example_dags/example_params_ui_tutorial.py
[2024-09-17T06:51:22.602-0300] {logging_mixin.py:188} INFO - [2024-09-17T06:51:22.601-0300] {dag.py:3089} INFO - Sync 1 DAGs
[2024-09-17T06:51:22.622-0300] {logging_mixin.py:188} INFO - [2024-09-17T06:51:22.622-0300] {dag.py:3947} INFO - Setting next_dagrun for example_params_ui_tutorial to None, run_after=None
[2024-09-17T06:51:22.661-0300] {processor.py:183} INFO - Processing /home/jezandre/airflow/airflow_env/lib/python3.11/site-packages/airflow/example_dags/example_params_ui_tutorial.py took 0.166 seconds
[2024-09-17T06:51:52.698-0300] {processor.py:161} INFO - Started process (PID=33729) to work on /home/jezandre/airflow/airflow_env/lib/python3.11/site-packages/airflow/example_dags/example_params_ui_tutorial.py
[2024-09-17T06:51:52.699-0300] {processor.py:830} INFO - Processing file /home/jezandre/airflow/airflow_env/lib/python3.11/site-packages/airflow/example_dags/example_params_ui_tutorial.py for tasks to queue
[2024-09-17T06:51:52.701-0300] {logging_mixin.py:188} INFO - [2024-09-17T06:51:52.700-0300] {dagbag.py:545} INFO - Filling up the DagBag from /home/jezandre/airflow/airflow_env/lib/python3.11/site-packages/airflow/example_dags/example_params_ui_tutorial.py
[2024-09-17T06:51:52.710-0300] {processor.py:840} INFO - DAG(s) 'example_params_ui_tutorial' retrieved from /home/jezandre/airflow/airflow_env/lib/python3.11/site-packages/airflow/example_dags/example_params_ui_tutorial.py
[2024-09-17T06:51:52.758-0300] {logging_mixin.py:188} INFO - [2024-09-17T06:51:52.758-0300] {dag.py:3089} INFO - Sync 1 DAGs
[2024-09-17T06:51:52.771-0300] {logging_mixin.py:188} INFO - [2024-09-17T06:51:52.771-0300] {dag.py:3947} INFO - Setting next_dagrun for example_params_ui_tutorial to None, run_after=None
[2024-09-17T06:51:52.795-0300] {processor.py:183} INFO - Processing /home/jezandre/airflow/airflow_env/lib/python3.11/site-packages/airflow/example_dags/example_params_ui_tutorial.py took 0.105 seconds
[2024-09-17T06:52:24.436-0300] {processor.py:161} INFO - Started process (PID=34280) to work on /home/jezandre/airflow/airflow_env/lib/python3.11/site-packages/airflow/example_dags/example_params_ui_tutorial.py
[2024-09-17T06:52:24.437-0300] {processor.py:830} INFO - Processing file /home/jezandre/airflow/airflow_env/lib/python3.11/site-packages/airflow/example_dags/example_params_ui_tutorial.py for tasks to queue
[2024-09-17T06:52:24.439-0300] {logging_mixin.py:188} INFO - [2024-09-17T06:52:24.439-0300] {dagbag.py:545} INFO - Filling up the DagBag from /home/jezandre/airflow/airflow_env/lib/python3.11/site-packages/airflow/example_dags/example_params_ui_tutorial.py
[2024-09-17T06:52:24.450-0300] {processor.py:840} INFO - DAG(s) 'example_params_ui_tutorial' retrieved from /home/jezandre/airflow/airflow_env/lib/python3.11/site-packages/airflow/example_dags/example_params_ui_tutorial.py
[2024-09-17T06:52:24.624-0300] {logging_mixin.py:188} INFO - [2024-09-17T06:52:24.624-0300] {dag.py:3089} INFO - Sync 1 DAGs
[2024-09-17T06:52:24.639-0300] {logging_mixin.py:188} INFO - [2024-09-17T06:52:24.638-0300] {dag.py:3947} INFO - Setting next_dagrun for example_params_ui_tutorial to None, run_after=None
[2024-09-17T06:52:24.672-0300] {processor.py:183} INFO - Processing /home/jezandre/airflow/airflow_env/lib/python3.11/site-packages/airflow/example_dags/example_params_ui_tutorial.py took 0.250 seconds
[2024-09-17T06:52:55.491-0300] {processor.py:161} INFO - Started process (PID=34693) to work on /home/jezandre/airflow/airflow_env/lib/python3.11/site-packages/airflow/example_dags/example_params_ui_tutorial.py
[2024-09-17T06:52:55.492-0300] {processor.py:830} INFO - Processing file /home/jezandre/airflow/airflow_env/lib/python3.11/site-packages/airflow/example_dags/example_params_ui_tutorial.py for tasks to queue
[2024-09-17T06:52:55.494-0300] {logging_mixin.py:188} INFO - [2024-09-17T06:52:55.494-0300] {dagbag.py:545} INFO - Filling up the DagBag from /home/jezandre/airflow/airflow_env/lib/python3.11/site-packages/airflow/example_dags/example_params_ui_tutorial.py
[2024-09-17T06:52:55.502-0300] {processor.py:840} INFO - DAG(s) 'example_params_ui_tutorial' retrieved from /home/jezandre/airflow/airflow_env/lib/python3.11/site-packages/airflow/example_dags/example_params_ui_tutorial.py
[2024-09-17T06:52:55.560-0300] {logging_mixin.py:188} INFO - [2024-09-17T06:52:55.559-0300] {dag.py:3089} INFO - Sync 1 DAGs
[2024-09-17T06:52:55.578-0300] {logging_mixin.py:188} INFO - [2024-09-17T06:52:55.577-0300] {dag.py:3947} INFO - Setting next_dagrun for example_params_ui_tutorial to None, run_after=None
[2024-09-17T06:52:55.607-0300] {processor.py:183} INFO - Processing /home/jezandre/airflow/airflow_env/lib/python3.11/site-packages/airflow/example_dags/example_params_ui_tutorial.py took 0.126 seconds
[2024-09-17T06:53:26.029-0300] {processor.py:161} INFO - Started process (PID=34902) to work on /home/jezandre/airflow/airflow_env/lib/python3.11/site-packages/airflow/example_dags/example_params_ui_tutorial.py
[2024-09-17T06:53:26.031-0300] {processor.py:830} INFO - Processing file /home/jezandre/airflow/airflow_env/lib/python3.11/site-packages/airflow/example_dags/example_params_ui_tutorial.py for tasks to queue
[2024-09-17T06:53:26.033-0300] {logging_mixin.py:188} INFO - [2024-09-17T06:53:26.033-0300] {dagbag.py:545} INFO - Filling up the DagBag from /home/jezandre/airflow/airflow_env/lib/python3.11/site-packages/airflow/example_dags/example_params_ui_tutorial.py
[2024-09-17T06:53:26.041-0300] {processor.py:840} INFO - DAG(s) 'example_params_ui_tutorial' retrieved from /home/jezandre/airflow/airflow_env/lib/python3.11/site-packages/airflow/example_dags/example_params_ui_tutorial.py
[2024-09-17T06:53:26.111-0300] {logging_mixin.py:188} INFO - [2024-09-17T06:53:26.110-0300] {dag.py:3089} INFO - Sync 1 DAGs
[2024-09-17T06:53:26.131-0300] {logging_mixin.py:188} INFO - [2024-09-17T06:53:26.130-0300] {dag.py:3947} INFO - Setting next_dagrun for example_params_ui_tutorial to None, run_after=None
[2024-09-17T06:53:26.168-0300] {processor.py:183} INFO - Processing /home/jezandre/airflow/airflow_env/lib/python3.11/site-packages/airflow/example_dags/example_params_ui_tutorial.py took 0.149 seconds
[2024-09-17T06:53:56.900-0300] {processor.py:161} INFO - Started process (PID=35241) to work on /home/jezandre/airflow/airflow_env/lib/python3.11/site-packages/airflow/example_dags/example_params_ui_tutorial.py
[2024-09-17T06:53:56.902-0300] {processor.py:830} INFO - Processing file /home/jezandre/airflow/airflow_env/lib/python3.11/site-packages/airflow/example_dags/example_params_ui_tutorial.py for tasks to queue
[2024-09-17T06:53:56.903-0300] {logging_mixin.py:188} INFO - [2024-09-17T06:53:56.903-0300] {dagbag.py:545} INFO - Filling up the DagBag from /home/jezandre/airflow/airflow_env/lib/python3.11/site-packages/airflow/example_dags/example_params_ui_tutorial.py
[2024-09-17T06:53:56.912-0300] {processor.py:840} INFO - DAG(s) 'example_params_ui_tutorial' retrieved from /home/jezandre/airflow/airflow_env/lib/python3.11/site-packages/airflow/example_dags/example_params_ui_tutorial.py
[2024-09-17T06:53:56.968-0300] {logging_mixin.py:188} INFO - [2024-09-17T06:53:56.968-0300] {dag.py:3089} INFO - Sync 1 DAGs
[2024-09-17T06:53:56.985-0300] {logging_mixin.py:188} INFO - [2024-09-17T06:53:56.984-0300] {dag.py:3947} INFO - Setting next_dagrun for example_params_ui_tutorial to None, run_after=None
[2024-09-17T06:53:57.013-0300] {processor.py:183} INFO - Processing /home/jezandre/airflow/airflow_env/lib/python3.11/site-packages/airflow/example_dags/example_params_ui_tutorial.py took 0.121 seconds
[2024-09-17T06:54:27.639-0300] {processor.py:161} INFO - Started process (PID=35447) to work on /home/jezandre/airflow/airflow_env/lib/python3.11/site-packages/airflow/example_dags/example_params_ui_tutorial.py
[2024-09-17T06:54:27.641-0300] {processor.py:830} INFO - Processing file /home/jezandre/airflow/airflow_env/lib/python3.11/site-packages/airflow/example_dags/example_params_ui_tutorial.py for tasks to queue
[2024-09-17T06:54:27.643-0300] {logging_mixin.py:188} INFO - [2024-09-17T06:54:27.643-0300] {dagbag.py:545} INFO - Filling up the DagBag from /home/jezandre/airflow/airflow_env/lib/python3.11/site-packages/airflow/example_dags/example_params_ui_tutorial.py
[2024-09-17T06:54:27.651-0300] {processor.py:840} INFO - DAG(s) 'example_params_ui_tutorial' retrieved from /home/jezandre/airflow/airflow_env/lib/python3.11/site-packages/airflow/example_dags/example_params_ui_tutorial.py
[2024-09-17T06:54:27.720-0300] {logging_mixin.py:188} INFO - [2024-09-17T06:54:27.719-0300] {dag.py:3089} INFO - Sync 1 DAGs
[2024-09-17T06:54:27.745-0300] {logging_mixin.py:188} INFO - [2024-09-17T06:54:27.744-0300] {dag.py:3947} INFO - Setting next_dagrun for example_params_ui_tutorial to None, run_after=None
[2024-09-17T06:54:27.782-0300] {processor.py:183} INFO - Processing /home/jezandre/airflow/airflow_env/lib/python3.11/site-packages/airflow/example_dags/example_params_ui_tutorial.py took 0.151 seconds
[2024-09-17T06:54:58.132-0300] {processor.py:161} INFO - Started process (PID=35706) to work on /home/jezandre/airflow/airflow_env/lib/python3.11/site-packages/airflow/example_dags/example_params_ui_tutorial.py
[2024-09-17T06:54:58.134-0300] {processor.py:830} INFO - Processing file /home/jezandre/airflow/airflow_env/lib/python3.11/site-packages/airflow/example_dags/example_params_ui_tutorial.py for tasks to queue
[2024-09-17T06:54:58.135-0300] {logging_mixin.py:188} INFO - [2024-09-17T06:54:58.135-0300] {dagbag.py:545} INFO - Filling up the DagBag from /home/jezandre/airflow/airflow_env/lib/python3.11/site-packages/airflow/example_dags/example_params_ui_tutorial.py
[2024-09-17T06:54:58.144-0300] {processor.py:840} INFO - DAG(s) 'example_params_ui_tutorial' retrieved from /home/jezandre/airflow/airflow_env/lib/python3.11/site-packages/airflow/example_dags/example_params_ui_tutorial.py
[2024-09-17T06:54:58.203-0300] {logging_mixin.py:188} INFO - [2024-09-17T06:54:58.202-0300] {dag.py:3089} INFO - Sync 1 DAGs
[2024-09-17T06:54:58.222-0300] {logging_mixin.py:188} INFO - [2024-09-17T06:54:58.222-0300] {dag.py:3947} INFO - Setting next_dagrun for example_params_ui_tutorial to None, run_after=None
[2024-09-17T06:54:58.252-0300] {processor.py:183} INFO - Processing /home/jezandre/airflow/airflow_env/lib/python3.11/site-packages/airflow/example_dags/example_params_ui_tutorial.py took 0.130 seconds
