[2024-09-17T06:27:51.682-0300] {processor.py:161} INFO - Started process (PID=20172) to work on /home/jezandre/airflow/airflow_env/lib/python3.11/site-packages/airflow/example_dags/example_sensors.py
[2024-09-17T06:27:51.683-0300] {processor.py:830} INFO - Processing file /home/jezandre/airflow/airflow_env/lib/python3.11/site-packages/airflow/example_dags/example_sensors.py for tasks to queue
[2024-09-17T06:27:51.685-0300] {logging_mixin.py:188} INFO - [2024-09-17T06:27:51.684-0300] {dagbag.py:545} INFO - Filling up the DagBag from /home/jezandre/airflow/airflow_env/lib/python3.11/site-packages/airflow/example_dags/example_sensors.py
[2024-09-17T06:27:51.696-0300] {processor.py:840} INFO - DAG(s) 'example_sensors' retrieved from /home/jezandre/airflow/airflow_env/lib/python3.11/site-packages/airflow/example_dags/example_sensors.py
[2024-09-17T06:27:51.911-0300] {logging_mixin.py:188} INFO - [2024-09-17T06:27:51.911-0300] {dag.py:3089} INFO - Sync 1 DAGs
[2024-09-17T06:27:51.919-0300] {logging_mixin.py:188} INFO - [2024-09-17T06:27:51.919-0300] {dag.py:3947} INFO - Setting next_dagrun for example_sensors to None, run_after=None
[2024-09-17T06:27:51.948-0300] {processor.py:183} INFO - Processing /home/jezandre/airflow/airflow_env/lib/python3.11/site-packages/airflow/example_dags/example_sensors.py took 0.272 seconds
[2024-09-17T06:28:52.322-0300] {processor.py:161} INFO - Started process (PID=20452) to work on /home/jezandre/airflow/airflow_env/lib/python3.11/site-packages/airflow/example_dags/example_sensors.py
[2024-09-17T06:28:52.326-0300] {processor.py:830} INFO - Processing file /home/jezandre/airflow/airflow_env/lib/python3.11/site-packages/airflow/example_dags/example_sensors.py for tasks to queue
[2024-09-17T06:28:52.327-0300] {logging_mixin.py:188} INFO - [2024-09-17T06:28:52.327-0300] {dagbag.py:545} INFO - Filling up the DagBag from /home/jezandre/airflow/airflow_env/lib/python3.11/site-packages/airflow/example_dags/example_sensors.py
[2024-09-17T06:28:52.339-0300] {processor.py:840} INFO - DAG(s) 'example_sensors' retrieved from /home/jezandre/airflow/airflow_env/lib/python3.11/site-packages/airflow/example_dags/example_sensors.py
[2024-09-17T06:28:52.357-0300] {logging_mixin.py:188} INFO - [2024-09-17T06:28:52.357-0300] {dag.py:3089} INFO - Sync 1 DAGs
[2024-09-17T06:28:52.366-0300] {logging_mixin.py:188} INFO - [2024-09-17T06:28:52.366-0300] {dag.py:3947} INFO - Setting next_dagrun for example_sensors to None, run_after=None
[2024-09-17T06:28:52.395-0300] {processor.py:183} INFO - Processing /home/jezandre/airflow/airflow_env/lib/python3.11/site-packages/airflow/example_dags/example_sensors.py took 0.080 seconds
[2024-09-17T06:29:55.343-0300] {processor.py:161} INFO - Started process (PID=21113) to work on /home/jezandre/airflow/airflow_env/lib/python3.11/site-packages/airflow/example_dags/example_sensors.py
[2024-09-17T06:29:55.347-0300] {processor.py:830} INFO - Processing file /home/jezandre/airflow/airflow_env/lib/python3.11/site-packages/airflow/example_dags/example_sensors.py for tasks to queue
[2024-09-17T06:29:55.349-0300] {logging_mixin.py:188} INFO - [2024-09-17T06:29:55.349-0300] {dagbag.py:545} INFO - Filling up the DagBag from /home/jezandre/airflow/airflow_env/lib/python3.11/site-packages/airflow/example_dags/example_sensors.py
[2024-09-17T06:29:55.364-0300] {processor.py:840} INFO - DAG(s) 'example_sensors' retrieved from /home/jezandre/airflow/airflow_env/lib/python3.11/site-packages/airflow/example_dags/example_sensors.py
[2024-09-17T06:29:55.656-0300] {logging_mixin.py:188} INFO - [2024-09-17T06:29:55.655-0300] {dag.py:3089} INFO - Sync 1 DAGs
[2024-09-17T06:29:55.673-0300] {logging_mixin.py:188} INFO - [2024-09-17T06:29:55.673-0300] {dag.py:3947} INFO - Setting next_dagrun for example_sensors to None, run_after=None
[2024-09-17T06:29:55.703-0300] {processor.py:183} INFO - Processing /home/jezandre/airflow/airflow_env/lib/python3.11/site-packages/airflow/example_dags/example_sensors.py took 0.366 seconds
[2024-09-17T06:30:25.809-0300] {processor.py:161} INFO - Started process (PID=21397) to work on /home/jezandre/airflow/airflow_env/lib/python3.11/site-packages/airflow/example_dags/example_sensors.py
[2024-09-17T06:30:25.810-0300] {processor.py:830} INFO - Processing file /home/jezandre/airflow/airflow_env/lib/python3.11/site-packages/airflow/example_dags/example_sensors.py for tasks to queue
[2024-09-17T06:30:25.812-0300] {logging_mixin.py:188} INFO - [2024-09-17T06:30:25.812-0300] {dagbag.py:545} INFO - Filling up the DagBag from /home/jezandre/airflow/airflow_env/lib/python3.11/site-packages/airflow/example_dags/example_sensors.py
[2024-09-17T06:30:25.823-0300] {processor.py:840} INFO - DAG(s) 'example_sensors' retrieved from /home/jezandre/airflow/airflow_env/lib/python3.11/site-packages/airflow/example_dags/example_sensors.py
[2024-09-17T06:30:25.865-0300] {logging_mixin.py:188} INFO - [2024-09-17T06:30:25.865-0300] {dag.py:3089} INFO - Sync 1 DAGs
[2024-09-17T06:30:25.882-0300] {logging_mixin.py:188} INFO - [2024-09-17T06:30:25.881-0300] {dag.py:3947} INFO - Setting next_dagrun for example_sensors to None, run_after=None
[2024-09-17T06:30:25.905-0300] {processor.py:183} INFO - Processing /home/jezandre/airflow/airflow_env/lib/python3.11/site-packages/airflow/example_dags/example_sensors.py took 0.101 seconds
[2024-09-17T06:30:56.073-0300] {processor.py:161} INFO - Started process (PID=21600) to work on /home/jezandre/airflow/airflow_env/lib/python3.11/site-packages/airflow/example_dags/example_sensors.py
[2024-09-17T06:30:56.074-0300] {processor.py:830} INFO - Processing file /home/jezandre/airflow/airflow_env/lib/python3.11/site-packages/airflow/example_dags/example_sensors.py for tasks to queue
[2024-09-17T06:30:56.076-0300] {logging_mixin.py:188} INFO - [2024-09-17T06:30:56.075-0300] {dagbag.py:545} INFO - Filling up the DagBag from /home/jezandre/airflow/airflow_env/lib/python3.11/site-packages/airflow/example_dags/example_sensors.py
[2024-09-17T06:30:56.085-0300] {processor.py:840} INFO - DAG(s) 'example_sensors' retrieved from /home/jezandre/airflow/airflow_env/lib/python3.11/site-packages/airflow/example_dags/example_sensors.py
[2024-09-17T06:30:56.132-0300] {logging_mixin.py:188} INFO - [2024-09-17T06:30:56.132-0300] {dag.py:3089} INFO - Sync 1 DAGs
[2024-09-17T06:30:56.147-0300] {logging_mixin.py:188} INFO - [2024-09-17T06:30:56.146-0300] {dag.py:3947} INFO - Setting next_dagrun for example_sensors to None, run_after=None
[2024-09-17T06:30:56.178-0300] {processor.py:183} INFO - Processing /home/jezandre/airflow/airflow_env/lib/python3.11/site-packages/airflow/example_dags/example_sensors.py took 0.113 seconds
[2024-09-17T06:31:26.485-0300] {processor.py:161} INFO - Started process (PID=21803) to work on /home/jezandre/airflow/airflow_env/lib/python3.11/site-packages/airflow/example_dags/example_sensors.py
[2024-09-17T06:31:26.486-0300] {processor.py:830} INFO - Processing file /home/jezandre/airflow/airflow_env/lib/python3.11/site-packages/airflow/example_dags/example_sensors.py for tasks to queue
[2024-09-17T06:31:26.489-0300] {logging_mixin.py:188} INFO - [2024-09-17T06:31:26.488-0300] {dagbag.py:545} INFO - Filling up the DagBag from /home/jezandre/airflow/airflow_env/lib/python3.11/site-packages/airflow/example_dags/example_sensors.py
[2024-09-17T06:31:26.501-0300] {processor.py:840} INFO - DAG(s) 'example_sensors' retrieved from /home/jezandre/airflow/airflow_env/lib/python3.11/site-packages/airflow/example_dags/example_sensors.py
[2024-09-17T06:31:26.542-0300] {logging_mixin.py:188} INFO - [2024-09-17T06:31:26.542-0300] {dag.py:3089} INFO - Sync 1 DAGs
[2024-09-17T06:31:26.559-0300] {logging_mixin.py:188} INFO - [2024-09-17T06:31:26.559-0300] {dag.py:3947} INFO - Setting next_dagrun for example_sensors to None, run_after=None
[2024-09-17T06:31:26.592-0300] {processor.py:183} INFO - Processing /home/jezandre/airflow/airflow_env/lib/python3.11/site-packages/airflow/example_dags/example_sensors.py took 0.115 seconds
[2024-09-17T06:31:56.920-0300] {processor.py:161} INFO - Started process (PID=22092) to work on /home/jezandre/airflow/airflow_env/lib/python3.11/site-packages/airflow/example_dags/example_sensors.py
[2024-09-17T06:31:56.921-0300] {processor.py:830} INFO - Processing file /home/jezandre/airflow/airflow_env/lib/python3.11/site-packages/airflow/example_dags/example_sensors.py for tasks to queue
[2024-09-17T06:31:56.923-0300] {logging_mixin.py:188} INFO - [2024-09-17T06:31:56.922-0300] {dagbag.py:545} INFO - Filling up the DagBag from /home/jezandre/airflow/airflow_env/lib/python3.11/site-packages/airflow/example_dags/example_sensors.py
[2024-09-17T06:31:56.932-0300] {processor.py:840} INFO - DAG(s) 'example_sensors' retrieved from /home/jezandre/airflow/airflow_env/lib/python3.11/site-packages/airflow/example_dags/example_sensors.py
[2024-09-17T06:31:56.967-0300] {logging_mixin.py:188} INFO - [2024-09-17T06:31:56.967-0300] {dag.py:3089} INFO - Sync 1 DAGs
[2024-09-17T06:31:56.981-0300] {logging_mixin.py:188} INFO - [2024-09-17T06:31:56.981-0300] {dag.py:3947} INFO - Setting next_dagrun for example_sensors to None, run_after=None
[2024-09-17T06:31:57.010-0300] {processor.py:183} INFO - Processing /home/jezandre/airflow/airflow_env/lib/python3.11/site-packages/airflow/example_dags/example_sensors.py took 0.095 seconds
[2024-09-17T06:32:27.555-0300] {processor.py:161} INFO - Started process (PID=22572) to work on /home/jezandre/airflow/airflow_env/lib/python3.11/site-packages/airflow/example_dags/example_sensors.py
[2024-09-17T06:32:27.556-0300] {processor.py:830} INFO - Processing file /home/jezandre/airflow/airflow_env/lib/python3.11/site-packages/airflow/example_dags/example_sensors.py for tasks to queue
[2024-09-17T06:32:27.558-0300] {logging_mixin.py:188} INFO - [2024-09-17T06:32:27.557-0300] {dagbag.py:545} INFO - Filling up the DagBag from /home/jezandre/airflow/airflow_env/lib/python3.11/site-packages/airflow/example_dags/example_sensors.py
[2024-09-17T06:32:27.569-0300] {processor.py:840} INFO - DAG(s) 'example_sensors' retrieved from /home/jezandre/airflow/airflow_env/lib/python3.11/site-packages/airflow/example_dags/example_sensors.py
[2024-09-17T06:32:27.692-0300] {logging_mixin.py:188} INFO - [2024-09-17T06:32:27.692-0300] {dag.py:3089} INFO - Sync 1 DAGs
[2024-09-17T06:32:27.707-0300] {logging_mixin.py:188} INFO - [2024-09-17T06:32:27.707-0300] {dag.py:3947} INFO - Setting next_dagrun for example_sensors to None, run_after=None
[2024-09-17T06:32:27.764-0300] {processor.py:183} INFO - Processing /home/jezandre/airflow/airflow_env/lib/python3.11/site-packages/airflow/example_dags/example_sensors.py took 0.215 seconds
[2024-09-17T06:32:57.810-0300] {processor.py:161} INFO - Started process (PID=22933) to work on /home/jezandre/airflow/airflow_env/lib/python3.11/site-packages/airflow/example_dags/example_sensors.py
[2024-09-17T06:32:57.812-0300] {processor.py:830} INFO - Processing file /home/jezandre/airflow/airflow_env/lib/python3.11/site-packages/airflow/example_dags/example_sensors.py for tasks to queue
[2024-09-17T06:32:57.813-0300] {logging_mixin.py:188} INFO - [2024-09-17T06:32:57.813-0300] {dagbag.py:545} INFO - Filling up the DagBag from /home/jezandre/airflow/airflow_env/lib/python3.11/site-packages/airflow/example_dags/example_sensors.py
[2024-09-17T06:32:57.821-0300] {processor.py:840} INFO - DAG(s) 'example_sensors' retrieved from /home/jezandre/airflow/airflow_env/lib/python3.11/site-packages/airflow/example_dags/example_sensors.py
[2024-09-17T06:32:57.852-0300] {logging_mixin.py:188} INFO - [2024-09-17T06:32:57.852-0300] {dag.py:3089} INFO - Sync 1 DAGs
[2024-09-17T06:32:57.868-0300] {logging_mixin.py:188} INFO - [2024-09-17T06:32:57.867-0300] {dag.py:3947} INFO - Setting next_dagrun for example_sensors to None, run_after=None
[2024-09-17T06:32:57.891-0300] {processor.py:183} INFO - Processing /home/jezandre/airflow/airflow_env/lib/python3.11/site-packages/airflow/example_dags/example_sensors.py took 0.086 seconds
[2024-09-17T06:33:28.103-0300] {processor.py:161} INFO - Started process (PID=23162) to work on /home/jezandre/airflow/airflow_env/lib/python3.11/site-packages/airflow/example_dags/example_sensors.py
[2024-09-17T06:33:28.104-0300] {processor.py:830} INFO - Processing file /home/jezandre/airflow/airflow_env/lib/python3.11/site-packages/airflow/example_dags/example_sensors.py for tasks to queue
[2024-09-17T06:33:28.106-0300] {logging_mixin.py:188} INFO - [2024-09-17T06:33:28.106-0300] {dagbag.py:545} INFO - Filling up the DagBag from /home/jezandre/airflow/airflow_env/lib/python3.11/site-packages/airflow/example_dags/example_sensors.py
[2024-09-17T06:33:28.114-0300] {processor.py:840} INFO - DAG(s) 'example_sensors' retrieved from /home/jezandre/airflow/airflow_env/lib/python3.11/site-packages/airflow/example_dags/example_sensors.py
[2024-09-17T06:33:28.147-0300] {logging_mixin.py:188} INFO - [2024-09-17T06:33:28.147-0300] {dag.py:3089} INFO - Sync 1 DAGs
[2024-09-17T06:33:28.162-0300] {logging_mixin.py:188} INFO - [2024-09-17T06:33:28.161-0300] {dag.py:3947} INFO - Setting next_dagrun for example_sensors to None, run_after=None
[2024-09-17T06:33:28.186-0300] {processor.py:183} INFO - Processing /home/jezandre/airflow/airflow_env/lib/python3.11/site-packages/airflow/example_dags/example_sensors.py took 0.088 seconds
[2024-09-17T06:33:58.930-0300] {processor.py:161} INFO - Started process (PID=23457) to work on /home/jezandre/airflow/airflow_env/lib/python3.11/site-packages/airflow/example_dags/example_sensors.py
[2024-09-17T06:33:58.932-0300] {processor.py:830} INFO - Processing file /home/jezandre/airflow/airflow_env/lib/python3.11/site-packages/airflow/example_dags/example_sensors.py for tasks to queue
[2024-09-17T06:33:58.933-0300] {logging_mixin.py:188} INFO - [2024-09-17T06:33:58.933-0300] {dagbag.py:545} INFO - Filling up the DagBag from /home/jezandre/airflow/airflow_env/lib/python3.11/site-packages/airflow/example_dags/example_sensors.py
[2024-09-17T06:33:58.945-0300] {processor.py:840} INFO - DAG(s) 'example_sensors' retrieved from /home/jezandre/airflow/airflow_env/lib/python3.11/site-packages/airflow/example_dags/example_sensors.py
[2024-09-17T06:33:58.981-0300] {logging_mixin.py:188} INFO - [2024-09-17T06:33:58.981-0300] {dag.py:3089} INFO - Sync 1 DAGs
[2024-09-17T06:33:58.996-0300] {logging_mixin.py:188} INFO - [2024-09-17T06:33:58.995-0300] {dag.py:3947} INFO - Setting next_dagrun for example_sensors to None, run_after=None
[2024-09-17T06:33:59.023-0300] {processor.py:183} INFO - Processing /home/jezandre/airflow/airflow_env/lib/python3.11/site-packages/airflow/example_dags/example_sensors.py took 0.101 seconds
[2024-09-17T06:34:29.276-0300] {processor.py:161} INFO - Started process (PID=23685) to work on /home/jezandre/airflow/airflow_env/lib/python3.11/site-packages/airflow/example_dags/example_sensors.py
[2024-09-17T06:34:29.278-0300] {processor.py:830} INFO - Processing file /home/jezandre/airflow/airflow_env/lib/python3.11/site-packages/airflow/example_dags/example_sensors.py for tasks to queue
[2024-09-17T06:34:29.280-0300] {logging_mixin.py:188} INFO - [2024-09-17T06:34:29.280-0300] {dagbag.py:545} INFO - Filling up the DagBag from /home/jezandre/airflow/airflow_env/lib/python3.11/site-packages/airflow/example_dags/example_sensors.py
[2024-09-17T06:34:29.292-0300] {processor.py:840} INFO - DAG(s) 'example_sensors' retrieved from /home/jezandre/airflow/airflow_env/lib/python3.11/site-packages/airflow/example_dags/example_sensors.py
[2024-09-17T06:34:29.327-0300] {logging_mixin.py:188} INFO - [2024-09-17T06:34:29.327-0300] {dag.py:3089} INFO - Sync 1 DAGs
[2024-09-17T06:34:29.345-0300] {logging_mixin.py:188} INFO - [2024-09-17T06:34:29.345-0300] {dag.py:3947} INFO - Setting next_dagrun for example_sensors to None, run_after=None
[2024-09-17T06:34:29.375-0300] {processor.py:183} INFO - Processing /home/jezandre/airflow/airflow_env/lib/python3.11/site-packages/airflow/example_dags/example_sensors.py took 0.105 seconds
[2024-09-17T06:34:59.812-0300] {processor.py:161} INFO - Started process (PID=24040) to work on /home/jezandre/airflow/airflow_env/lib/python3.11/site-packages/airflow/example_dags/example_sensors.py
[2024-09-17T06:34:59.815-0300] {processor.py:830} INFO - Processing file /home/jezandre/airflow/airflow_env/lib/python3.11/site-packages/airflow/example_dags/example_sensors.py for tasks to queue
[2024-09-17T06:34:59.822-0300] {logging_mixin.py:188} INFO - [2024-09-17T06:34:59.818-0300] {dagbag.py:545} INFO - Filling up the DagBag from /home/jezandre/airflow/airflow_env/lib/python3.11/site-packages/airflow/example_dags/example_sensors.py
[2024-09-17T06:34:59.845-0300] {processor.py:840} INFO - DAG(s) 'example_sensors' retrieved from /home/jezandre/airflow/airflow_env/lib/python3.11/site-packages/airflow/example_dags/example_sensors.py
[2024-09-17T06:34:59.908-0300] {logging_mixin.py:188} INFO - [2024-09-17T06:34:59.908-0300] {dag.py:3089} INFO - Sync 1 DAGs
[2024-09-17T06:34:59.927-0300] {logging_mixin.py:188} INFO - [2024-09-17T06:34:59.927-0300] {dag.py:3947} INFO - Setting next_dagrun for example_sensors to None, run_after=None
[2024-09-17T06:34:59.969-0300] {processor.py:183} INFO - Processing /home/jezandre/airflow/airflow_env/lib/python3.11/site-packages/airflow/example_dags/example_sensors.py took 0.172 seconds
[2024-09-17T06:35:30.264-0300] {processor.py:161} INFO - Started process (PID=24270) to work on /home/jezandre/airflow/airflow_env/lib/python3.11/site-packages/airflow/example_dags/example_sensors.py
[2024-09-17T06:35:30.265-0300] {processor.py:830} INFO - Processing file /home/jezandre/airflow/airflow_env/lib/python3.11/site-packages/airflow/example_dags/example_sensors.py for tasks to queue
[2024-09-17T06:35:30.267-0300] {logging_mixin.py:188} INFO - [2024-09-17T06:35:30.266-0300] {dagbag.py:545} INFO - Filling up the DagBag from /home/jezandre/airflow/airflow_env/lib/python3.11/site-packages/airflow/example_dags/example_sensors.py
[2024-09-17T06:35:30.278-0300] {processor.py:840} INFO - DAG(s) 'example_sensors' retrieved from /home/jezandre/airflow/airflow_env/lib/python3.11/site-packages/airflow/example_dags/example_sensors.py
[2024-09-17T06:35:30.312-0300] {logging_mixin.py:188} INFO - [2024-09-17T06:35:30.312-0300] {dag.py:3089} INFO - Sync 1 DAGs
[2024-09-17T06:35:30.326-0300] {logging_mixin.py:188} INFO - [2024-09-17T06:35:30.325-0300] {dag.py:3947} INFO - Setting next_dagrun for example_sensors to None, run_after=None
[2024-09-17T06:35:30.355-0300] {processor.py:183} INFO - Processing /home/jezandre/airflow/airflow_env/lib/python3.11/site-packages/airflow/example_dags/example_sensors.py took 0.097 seconds
[2024-09-17T06:36:00.656-0300] {processor.py:161} INFO - Started process (PID=24593) to work on /home/jezandre/airflow/airflow_env/lib/python3.11/site-packages/airflow/example_dags/example_sensors.py
[2024-09-17T06:36:00.658-0300] {processor.py:830} INFO - Processing file /home/jezandre/airflow/airflow_env/lib/python3.11/site-packages/airflow/example_dags/example_sensors.py for tasks to queue
[2024-09-17T06:36:00.660-0300] {logging_mixin.py:188} INFO - [2024-09-17T06:36:00.660-0300] {dagbag.py:545} INFO - Filling up the DagBag from /home/jezandre/airflow/airflow_env/lib/python3.11/site-packages/airflow/example_dags/example_sensors.py
[2024-09-17T06:36:00.677-0300] {processor.py:840} INFO - DAG(s) 'example_sensors' retrieved from /home/jezandre/airflow/airflow_env/lib/python3.11/site-packages/airflow/example_dags/example_sensors.py
[2024-09-17T06:36:00.728-0300] {logging_mixin.py:188} INFO - [2024-09-17T06:36:00.726-0300] {dag.py:3089} INFO - Sync 1 DAGs
[2024-09-17T06:36:00.746-0300] {logging_mixin.py:188} INFO - [2024-09-17T06:36:00.746-0300] {dag.py:3947} INFO - Setting next_dagrun for example_sensors to None, run_after=None
[2024-09-17T06:36:00.782-0300] {processor.py:183} INFO - Processing /home/jezandre/airflow/airflow_env/lib/python3.11/site-packages/airflow/example_dags/example_sensors.py took 0.133 seconds
[2024-09-17T06:36:31.103-0300] {processor.py:161} INFO - Started process (PID=24811) to work on /home/jezandre/airflow/airflow_env/lib/python3.11/site-packages/airflow/example_dags/example_sensors.py
[2024-09-17T06:36:31.104-0300] {processor.py:830} INFO - Processing file /home/jezandre/airflow/airflow_env/lib/python3.11/site-packages/airflow/example_dags/example_sensors.py for tasks to queue
[2024-09-17T06:36:31.106-0300] {logging_mixin.py:188} INFO - [2024-09-17T06:36:31.106-0300] {dagbag.py:545} INFO - Filling up the DagBag from /home/jezandre/airflow/airflow_env/lib/python3.11/site-packages/airflow/example_dags/example_sensors.py
[2024-09-17T06:36:31.118-0300] {processor.py:840} INFO - DAG(s) 'example_sensors' retrieved from /home/jezandre/airflow/airflow_env/lib/python3.11/site-packages/airflow/example_dags/example_sensors.py
[2024-09-17T06:36:31.151-0300] {logging_mixin.py:188} INFO - [2024-09-17T06:36:31.151-0300] {dag.py:3089} INFO - Sync 1 DAGs
[2024-09-17T06:36:31.165-0300] {logging_mixin.py:188} INFO - [2024-09-17T06:36:31.165-0300] {dag.py:3947} INFO - Setting next_dagrun for example_sensors to None, run_after=None
[2024-09-17T06:36:31.191-0300] {processor.py:183} INFO - Processing /home/jezandre/airflow/airflow_env/lib/python3.11/site-packages/airflow/example_dags/example_sensors.py took 0.094 seconds
[2024-09-17T06:37:01.477-0300] {processor.py:161} INFO - Started process (PID=25040) to work on /home/jezandre/airflow/airflow_env/lib/python3.11/site-packages/airflow/example_dags/example_sensors.py
[2024-09-17T06:37:01.479-0300] {processor.py:830} INFO - Processing file /home/jezandre/airflow/airflow_env/lib/python3.11/site-packages/airflow/example_dags/example_sensors.py for tasks to queue
[2024-09-17T06:37:01.481-0300] {logging_mixin.py:188} INFO - [2024-09-17T06:37:01.481-0300] {dagbag.py:545} INFO - Filling up the DagBag from /home/jezandre/airflow/airflow_env/lib/python3.11/site-packages/airflow/example_dags/example_sensors.py
[2024-09-17T06:37:01.492-0300] {processor.py:840} INFO - DAG(s) 'example_sensors' retrieved from /home/jezandre/airflow/airflow_env/lib/python3.11/site-packages/airflow/example_dags/example_sensors.py
[2024-09-17T06:37:01.540-0300] {logging_mixin.py:188} INFO - [2024-09-17T06:37:01.540-0300] {dag.py:3089} INFO - Sync 1 DAGs
[2024-09-17T06:37:01.560-0300] {logging_mixin.py:188} INFO - [2024-09-17T06:37:01.560-0300] {dag.py:3947} INFO - Setting next_dagrun for example_sensors to None, run_after=None
[2024-09-17T06:37:01.593-0300] {processor.py:183} INFO - Processing /home/jezandre/airflow/airflow_env/lib/python3.11/site-packages/airflow/example_dags/example_sensors.py took 0.122 seconds
[2024-09-17T06:37:33.734-0300] {processor.py:161} INFO - Started process (PID=25255) to work on /home/jezandre/airflow/airflow_env/lib/python3.11/site-packages/airflow/example_dags/example_sensors.py
[2024-09-17T06:37:33.735-0300] {processor.py:830} INFO - Processing file /home/jezandre/airflow/airflow_env/lib/python3.11/site-packages/airflow/example_dags/example_sensors.py for tasks to queue
[2024-09-17T06:37:33.738-0300] {logging_mixin.py:188} INFO - [2024-09-17T06:37:33.737-0300] {dagbag.py:545} INFO - Filling up the DagBag from /home/jezandre/airflow/airflow_env/lib/python3.11/site-packages/airflow/example_dags/example_sensors.py
[2024-09-17T06:37:33.754-0300] {processor.py:840} INFO - DAG(s) 'example_sensors' retrieved from /home/jezandre/airflow/airflow_env/lib/python3.11/site-packages/airflow/example_dags/example_sensors.py
[2024-09-17T06:37:33.907-0300] {logging_mixin.py:188} INFO - [2024-09-17T06:37:33.906-0300] {dag.py:3089} INFO - Sync 1 DAGs
[2024-09-17T06:37:33.923-0300] {logging_mixin.py:188} INFO - [2024-09-17T06:37:33.923-0300] {dag.py:3947} INFO - Setting next_dagrun for example_sensors to None, run_after=None
[2024-09-17T06:37:33.959-0300] {processor.py:183} INFO - Processing /home/jezandre/airflow/airflow_env/lib/python3.11/site-packages/airflow/example_dags/example_sensors.py took 0.233 seconds
[2024-09-17T06:38:04.070-0300] {processor.py:161} INFO - Started process (PID=25499) to work on /home/jezandre/airflow/airflow_env/lib/python3.11/site-packages/airflow/example_dags/example_sensors.py
[2024-09-17T06:38:04.071-0300] {processor.py:830} INFO - Processing file /home/jezandre/airflow/airflow_env/lib/python3.11/site-packages/airflow/example_dags/example_sensors.py for tasks to queue
[2024-09-17T06:38:04.072-0300] {logging_mixin.py:188} INFO - [2024-09-17T06:38:04.072-0300] {dagbag.py:545} INFO - Filling up the DagBag from /home/jezandre/airflow/airflow_env/lib/python3.11/site-packages/airflow/example_dags/example_sensors.py
[2024-09-17T06:38:04.080-0300] {processor.py:840} INFO - DAG(s) 'example_sensors' retrieved from /home/jezandre/airflow/airflow_env/lib/python3.11/site-packages/airflow/example_dags/example_sensors.py
[2024-09-17T06:38:04.110-0300] {logging_mixin.py:188} INFO - [2024-09-17T06:38:04.109-0300] {dag.py:3089} INFO - Sync 1 DAGs
[2024-09-17T06:38:04.125-0300] {logging_mixin.py:188} INFO - [2024-09-17T06:38:04.124-0300] {dag.py:3947} INFO - Setting next_dagrun for example_sensors to None, run_after=None
[2024-09-17T06:38:04.148-0300] {processor.py:183} INFO - Processing /home/jezandre/airflow/airflow_env/lib/python3.11/site-packages/airflow/example_dags/example_sensors.py took 0.083 seconds
[2024-09-17T06:38:34.415-0300] {processor.py:161} INFO - Started process (PID=25812) to work on /home/jezandre/airflow/airflow_env/lib/python3.11/site-packages/airflow/example_dags/example_sensors.py
[2024-09-17T06:38:34.416-0300] {processor.py:830} INFO - Processing file /home/jezandre/airflow/airflow_env/lib/python3.11/site-packages/airflow/example_dags/example_sensors.py for tasks to queue
[2024-09-17T06:38:34.418-0300] {logging_mixin.py:188} INFO - [2024-09-17T06:38:34.418-0300] {dagbag.py:545} INFO - Filling up the DagBag from /home/jezandre/airflow/airflow_env/lib/python3.11/site-packages/airflow/example_dags/example_sensors.py
[2024-09-17T06:38:34.426-0300] {processor.py:840} INFO - DAG(s) 'example_sensors' retrieved from /home/jezandre/airflow/airflow_env/lib/python3.11/site-packages/airflow/example_dags/example_sensors.py
[2024-09-17T06:38:34.465-0300] {logging_mixin.py:188} INFO - [2024-09-17T06:38:34.465-0300] {dag.py:3089} INFO - Sync 1 DAGs
[2024-09-17T06:38:34.479-0300] {logging_mixin.py:188} INFO - [2024-09-17T06:38:34.478-0300] {dag.py:3947} INFO - Setting next_dagrun for example_sensors to None, run_after=None
[2024-09-17T06:38:34.504-0300] {processor.py:183} INFO - Processing /home/jezandre/airflow/airflow_env/lib/python3.11/site-packages/airflow/example_dags/example_sensors.py took 0.098 seconds
[2024-09-17T06:39:05.034-0300] {processor.py:161} INFO - Started process (PID=26140) to work on /home/jezandre/airflow/airflow_env/lib/python3.11/site-packages/airflow/example_dags/example_sensors.py
[2024-09-17T06:39:05.035-0300] {processor.py:830} INFO - Processing file /home/jezandre/airflow/airflow_env/lib/python3.11/site-packages/airflow/example_dags/example_sensors.py for tasks to queue
[2024-09-17T06:39:05.038-0300] {logging_mixin.py:188} INFO - [2024-09-17T06:39:05.038-0300] {dagbag.py:545} INFO - Filling up the DagBag from /home/jezandre/airflow/airflow_env/lib/python3.11/site-packages/airflow/example_dags/example_sensors.py
[2024-09-17T06:39:05.046-0300] {processor.py:840} INFO - DAG(s) 'example_sensors' retrieved from /home/jezandre/airflow/airflow_env/lib/python3.11/site-packages/airflow/example_dags/example_sensors.py
[2024-09-17T06:39:05.104-0300] {logging_mixin.py:188} INFO - [2024-09-17T06:39:05.104-0300] {dag.py:3089} INFO - Sync 1 DAGs
[2024-09-17T06:39:05.131-0300] {logging_mixin.py:188} INFO - [2024-09-17T06:39:05.131-0300] {dag.py:3947} INFO - Setting next_dagrun for example_sensors to None, run_after=None
[2024-09-17T06:39:05.179-0300] {processor.py:183} INFO - Processing /home/jezandre/airflow/airflow_env/lib/python3.11/site-packages/airflow/example_dags/example_sensors.py took 0.154 seconds
[2024-09-17T06:39:35.700-0300] {processor.py:161} INFO - Started process (PID=26368) to work on /home/jezandre/airflow/airflow_env/lib/python3.11/site-packages/airflow/example_dags/example_sensors.py
[2024-09-17T06:39:35.701-0300] {processor.py:830} INFO - Processing file /home/jezandre/airflow/airflow_env/lib/python3.11/site-packages/airflow/example_dags/example_sensors.py for tasks to queue
[2024-09-17T06:39:35.704-0300] {logging_mixin.py:188} INFO - [2024-09-17T06:39:35.703-0300] {dagbag.py:545} INFO - Filling up the DagBag from /home/jezandre/airflow/airflow_env/lib/python3.11/site-packages/airflow/example_dags/example_sensors.py
[2024-09-17T06:39:35.713-0300] {processor.py:840} INFO - DAG(s) 'example_sensors' retrieved from /home/jezandre/airflow/airflow_env/lib/python3.11/site-packages/airflow/example_dags/example_sensors.py
[2024-09-17T06:39:35.758-0300] {logging_mixin.py:188} INFO - [2024-09-17T06:39:35.757-0300] {dag.py:3089} INFO - Sync 1 DAGs
[2024-09-17T06:39:35.773-0300] {logging_mixin.py:188} INFO - [2024-09-17T06:39:35.773-0300] {dag.py:3947} INFO - Setting next_dagrun for example_sensors to None, run_after=None
[2024-09-17T06:39:35.804-0300] {processor.py:183} INFO - Processing /home/jezandre/airflow/airflow_env/lib/python3.11/site-packages/airflow/example_dags/example_sensors.py took 0.113 seconds
[2024-09-17T06:40:06.424-0300] {processor.py:161} INFO - Started process (PID=26652) to work on /home/jezandre/airflow/airflow_env/lib/python3.11/site-packages/airflow/example_dags/example_sensors.py
[2024-09-17T06:40:06.426-0300] {processor.py:830} INFO - Processing file /home/jezandre/airflow/airflow_env/lib/python3.11/site-packages/airflow/example_dags/example_sensors.py for tasks to queue
[2024-09-17T06:40:06.429-0300] {logging_mixin.py:188} INFO - [2024-09-17T06:40:06.428-0300] {dagbag.py:545} INFO - Filling up the DagBag from /home/jezandre/airflow/airflow_env/lib/python3.11/site-packages/airflow/example_dags/example_sensors.py
[2024-09-17T06:40:06.443-0300] {processor.py:840} INFO - DAG(s) 'example_sensors' retrieved from /home/jezandre/airflow/airflow_env/lib/python3.11/site-packages/airflow/example_dags/example_sensors.py
[2024-09-17T06:40:06.477-0300] {logging_mixin.py:188} INFO - [2024-09-17T06:40:06.477-0300] {dag.py:3089} INFO - Sync 1 DAGs
[2024-09-17T06:40:06.491-0300] {logging_mixin.py:188} INFO - [2024-09-17T06:40:06.491-0300] {dag.py:3947} INFO - Setting next_dagrun for example_sensors to None, run_after=None
[2024-09-17T06:40:06.515-0300] {processor.py:183} INFO - Processing /home/jezandre/airflow/airflow_env/lib/python3.11/site-packages/airflow/example_dags/example_sensors.py took 0.098 seconds
[2024-09-17T06:40:36.894-0300] {processor.py:161} INFO - Started process (PID=26993) to work on /home/jezandre/airflow/airflow_env/lib/python3.11/site-packages/airflow/example_dags/example_sensors.py
[2024-09-17T06:40:36.895-0300] {processor.py:830} INFO - Processing file /home/jezandre/airflow/airflow_env/lib/python3.11/site-packages/airflow/example_dags/example_sensors.py for tasks to queue
[2024-09-17T06:40:36.898-0300] {logging_mixin.py:188} INFO - [2024-09-17T06:40:36.898-0300] {dagbag.py:545} INFO - Filling up the DagBag from /home/jezandre/airflow/airflow_env/lib/python3.11/site-packages/airflow/example_dags/example_sensors.py
[2024-09-17T06:40:36.911-0300] {processor.py:840} INFO - DAG(s) 'example_sensors' retrieved from /home/jezandre/airflow/airflow_env/lib/python3.11/site-packages/airflow/example_dags/example_sensors.py
[2024-09-17T06:40:36.950-0300] {logging_mixin.py:188} INFO - [2024-09-17T06:40:36.949-0300] {dag.py:3089} INFO - Sync 1 DAGs
[2024-09-17T06:40:36.968-0300] {logging_mixin.py:188} INFO - [2024-09-17T06:40:36.968-0300] {dag.py:3947} INFO - Setting next_dagrun for example_sensors to None, run_after=None
[2024-09-17T06:40:36.999-0300] {processor.py:183} INFO - Processing /home/jezandre/airflow/airflow_env/lib/python3.11/site-packages/airflow/example_dags/example_sensors.py took 0.113 seconds
[2024-09-17T06:41:07.289-0300] {processor.py:161} INFO - Started process (PID=27344) to work on /home/jezandre/airflow/airflow_env/lib/python3.11/site-packages/airflow/example_dags/example_sensors.py
[2024-09-17T06:41:07.291-0300] {processor.py:830} INFO - Processing file /home/jezandre/airflow/airflow_env/lib/python3.11/site-packages/airflow/example_dags/example_sensors.py for tasks to queue
[2024-09-17T06:41:07.292-0300] {logging_mixin.py:188} INFO - [2024-09-17T06:41:07.292-0300] {dagbag.py:545} INFO - Filling up the DagBag from /home/jezandre/airflow/airflow_env/lib/python3.11/site-packages/airflow/example_dags/example_sensors.py
[2024-09-17T06:41:07.300-0300] {processor.py:840} INFO - DAG(s) 'example_sensors' retrieved from /home/jezandre/airflow/airflow_env/lib/python3.11/site-packages/airflow/example_dags/example_sensors.py
[2024-09-17T06:41:07.333-0300] {logging_mixin.py:188} INFO - [2024-09-17T06:41:07.333-0300] {dag.py:3089} INFO - Sync 1 DAGs
[2024-09-17T06:41:07.351-0300] {logging_mixin.py:188} INFO - [2024-09-17T06:41:07.351-0300] {dag.py:3947} INFO - Setting next_dagrun for example_sensors to None, run_after=None
[2024-09-17T06:41:07.378-0300] {processor.py:183} INFO - Processing /home/jezandre/airflow/airflow_env/lib/python3.11/site-packages/airflow/example_dags/example_sensors.py took 0.098 seconds
[2024-09-17T06:41:37.985-0300] {processor.py:161} INFO - Started process (PID=27699) to work on /home/jezandre/airflow/airflow_env/lib/python3.11/site-packages/airflow/example_dags/example_sensors.py
[2024-09-17T06:41:37.987-0300] {processor.py:830} INFO - Processing file /home/jezandre/airflow/airflow_env/lib/python3.11/site-packages/airflow/example_dags/example_sensors.py for tasks to queue
[2024-09-17T06:41:37.988-0300] {logging_mixin.py:188} INFO - [2024-09-17T06:41:37.988-0300] {dagbag.py:545} INFO - Filling up the DagBag from /home/jezandre/airflow/airflow_env/lib/python3.11/site-packages/airflow/example_dags/example_sensors.py
[2024-09-17T06:41:38.001-0300] {processor.py:840} INFO - DAG(s) 'example_sensors' retrieved from /home/jezandre/airflow/airflow_env/lib/python3.11/site-packages/airflow/example_dags/example_sensors.py
[2024-09-17T06:41:38.033-0300] {logging_mixin.py:188} INFO - [2024-09-17T06:41:38.032-0300] {dag.py:3089} INFO - Sync 1 DAGs
[2024-09-17T06:41:38.048-0300] {logging_mixin.py:188} INFO - [2024-09-17T06:41:38.048-0300] {dag.py:3947} INFO - Setting next_dagrun for example_sensors to None, run_after=None
[2024-09-17T06:41:38.075-0300] {processor.py:183} INFO - Processing /home/jezandre/airflow/airflow_env/lib/python3.11/site-packages/airflow/example_dags/example_sensors.py took 0.098 seconds
[2024-09-17T06:42:09.500-0300] {processor.py:161} INFO - Started process (PID=27923) to work on /home/jezandre/airflow/airflow_env/lib/python3.11/site-packages/airflow/example_dags/example_sensors.py
[2024-09-17T06:42:09.501-0300] {processor.py:830} INFO - Processing file /home/jezandre/airflow/airflow_env/lib/python3.11/site-packages/airflow/example_dags/example_sensors.py for tasks to queue
[2024-09-17T06:42:09.504-0300] {logging_mixin.py:188} INFO - [2024-09-17T06:42:09.503-0300] {dagbag.py:545} INFO - Filling up the DagBag from /home/jezandre/airflow/airflow_env/lib/python3.11/site-packages/airflow/example_dags/example_sensors.py
[2024-09-17T06:42:09.512-0300] {processor.py:840} INFO - DAG(s) 'example_sensors' retrieved from /home/jezandre/airflow/airflow_env/lib/python3.11/site-packages/airflow/example_dags/example_sensors.py
[2024-09-17T06:42:09.657-0300] {logging_mixin.py:188} INFO - [2024-09-17T06:42:09.657-0300] {dag.py:3089} INFO - Sync 1 DAGs
[2024-09-17T06:42:09.672-0300] {logging_mixin.py:188} INFO - [2024-09-17T06:42:09.671-0300] {dag.py:3947} INFO - Setting next_dagrun for example_sensors to None, run_after=None
[2024-09-17T06:42:09.705-0300] {processor.py:183} INFO - Processing /home/jezandre/airflow/airflow_env/lib/python3.11/site-packages/airflow/example_dags/example_sensors.py took 0.215 seconds
[2024-09-17T06:42:39.808-0300] {processor.py:161} INFO - Started process (PID=28130) to work on /home/jezandre/airflow/airflow_env/lib/python3.11/site-packages/airflow/example_dags/example_sensors.py
[2024-09-17T06:42:39.810-0300] {processor.py:830} INFO - Processing file /home/jezandre/airflow/airflow_env/lib/python3.11/site-packages/airflow/example_dags/example_sensors.py for tasks to queue
[2024-09-17T06:42:39.812-0300] {logging_mixin.py:188} INFO - [2024-09-17T06:42:39.812-0300] {dagbag.py:545} INFO - Filling up the DagBag from /home/jezandre/airflow/airflow_env/lib/python3.11/site-packages/airflow/example_dags/example_sensors.py
[2024-09-17T06:42:39.822-0300] {processor.py:840} INFO - DAG(s) 'example_sensors' retrieved from /home/jezandre/airflow/airflow_env/lib/python3.11/site-packages/airflow/example_dags/example_sensors.py
[2024-09-17T06:42:39.866-0300] {logging_mixin.py:188} INFO - [2024-09-17T06:42:39.865-0300] {dag.py:3089} INFO - Sync 1 DAGs
[2024-09-17T06:42:39.886-0300] {logging_mixin.py:188} INFO - [2024-09-17T06:42:39.885-0300] {dag.py:3947} INFO - Setting next_dagrun for example_sensors to None, run_after=None
[2024-09-17T06:42:39.921-0300] {processor.py:183} INFO - Processing /home/jezandre/airflow/airflow_env/lib/python3.11/site-packages/airflow/example_dags/example_sensors.py took 0.122 seconds
[2024-09-17T06:43:09.999-0300] {processor.py:161} INFO - Started process (PID=28907) to work on /home/jezandre/airflow/airflow_env/lib/python3.11/site-packages/airflow/example_dags/example_sensors.py
[2024-09-17T06:43:09.999-0300] {processor.py:830} INFO - Processing file /home/jezandre/airflow/airflow_env/lib/python3.11/site-packages/airflow/example_dags/example_sensors.py for tasks to queue
[2024-09-17T06:43:10.001-0300] {logging_mixin.py:188} INFO - [2024-09-17T06:43:10.001-0300] {dagbag.py:545} INFO - Filling up the DagBag from /home/jezandre/airflow/airflow_env/lib/python3.11/site-packages/airflow/example_dags/example_sensors.py
[2024-09-17T06:43:10.008-0300] {processor.py:840} INFO - DAG(s) 'example_sensors' retrieved from /home/jezandre/airflow/airflow_env/lib/python3.11/site-packages/airflow/example_dags/example_sensors.py
[2024-09-17T06:43:10.046-0300] {logging_mixin.py:188} INFO - [2024-09-17T06:43:10.046-0300] {dag.py:3089} INFO - Sync 1 DAGs
[2024-09-17T06:43:10.060-0300] {logging_mixin.py:188} INFO - [2024-09-17T06:43:10.059-0300] {dag.py:3947} INFO - Setting next_dagrun for example_sensors to None, run_after=None
[2024-09-17T06:43:10.086-0300] {processor.py:183} INFO - Processing /home/jezandre/airflow/airflow_env/lib/python3.11/site-packages/airflow/example_dags/example_sensors.py took 0.095 seconds
[2024-09-17T06:43:40.874-0300] {processor.py:161} INFO - Started process (PID=29177) to work on /home/jezandre/airflow/airflow_env/lib/python3.11/site-packages/airflow/example_dags/example_sensors.py
[2024-09-17T06:43:40.875-0300] {processor.py:830} INFO - Processing file /home/jezandre/airflow/airflow_env/lib/python3.11/site-packages/airflow/example_dags/example_sensors.py for tasks to queue
[2024-09-17T06:43:40.877-0300] {logging_mixin.py:188} INFO - [2024-09-17T06:43:40.876-0300] {dagbag.py:545} INFO - Filling up the DagBag from /home/jezandre/airflow/airflow_env/lib/python3.11/site-packages/airflow/example_dags/example_sensors.py
[2024-09-17T06:43:40.885-0300] {processor.py:840} INFO - DAG(s) 'example_sensors' retrieved from /home/jezandre/airflow/airflow_env/lib/python3.11/site-packages/airflow/example_dags/example_sensors.py
[2024-09-17T06:43:40.920-0300] {logging_mixin.py:188} INFO - [2024-09-17T06:43:40.919-0300] {dag.py:3089} INFO - Sync 1 DAGs
[2024-09-17T06:43:40.935-0300] {logging_mixin.py:188} INFO - [2024-09-17T06:43:40.935-0300] {dag.py:3947} INFO - Setting next_dagrun for example_sensors to None, run_after=None
[2024-09-17T06:43:40.967-0300] {processor.py:183} INFO - Processing /home/jezandre/airflow/airflow_env/lib/python3.11/site-packages/airflow/example_dags/example_sensors.py took 0.101 seconds
[2024-09-17T06:44:11.508-0300] {processor.py:161} INFO - Started process (PID=29410) to work on /home/jezandre/airflow/airflow_env/lib/python3.11/site-packages/airflow/example_dags/example_sensors.py
[2024-09-17T06:44:11.509-0300] {processor.py:830} INFO - Processing file /home/jezandre/airflow/airflow_env/lib/python3.11/site-packages/airflow/example_dags/example_sensors.py for tasks to queue
[2024-09-17T06:44:11.510-0300] {logging_mixin.py:188} INFO - [2024-09-17T06:44:11.510-0300] {dagbag.py:545} INFO - Filling up the DagBag from /home/jezandre/airflow/airflow_env/lib/python3.11/site-packages/airflow/example_dags/example_sensors.py
[2024-09-17T06:44:11.518-0300] {processor.py:840} INFO - DAG(s) 'example_sensors' retrieved from /home/jezandre/airflow/airflow_env/lib/python3.11/site-packages/airflow/example_dags/example_sensors.py
[2024-09-17T06:44:11.558-0300] {logging_mixin.py:188} INFO - [2024-09-17T06:44:11.558-0300] {dag.py:3089} INFO - Sync 1 DAGs
[2024-09-17T06:44:11.572-0300] {logging_mixin.py:188} INFO - [2024-09-17T06:44:11.572-0300] {dag.py:3947} INFO - Setting next_dagrun for example_sensors to None, run_after=None
[2024-09-17T06:44:11.597-0300] {processor.py:183} INFO - Processing /home/jezandre/airflow/airflow_env/lib/python3.11/site-packages/airflow/example_dags/example_sensors.py took 0.098 seconds
[2024-09-17T06:44:42.193-0300] {processor.py:161} INFO - Started process (PID=29612) to work on /home/jezandre/airflow/airflow_env/lib/python3.11/site-packages/airflow/example_dags/example_sensors.py
[2024-09-17T06:44:42.194-0300] {processor.py:830} INFO - Processing file /home/jezandre/airflow/airflow_env/lib/python3.11/site-packages/airflow/example_dags/example_sensors.py for tasks to queue
[2024-09-17T06:44:42.195-0300] {logging_mixin.py:188} INFO - [2024-09-17T06:44:42.195-0300] {dagbag.py:545} INFO - Filling up the DagBag from /home/jezandre/airflow/airflow_env/lib/python3.11/site-packages/airflow/example_dags/example_sensors.py
[2024-09-17T06:44:42.203-0300] {processor.py:840} INFO - DAG(s) 'example_sensors' retrieved from /home/jezandre/airflow/airflow_env/lib/python3.11/site-packages/airflow/example_dags/example_sensors.py
[2024-09-17T06:44:42.238-0300] {logging_mixin.py:188} INFO - [2024-09-17T06:44:42.237-0300] {dag.py:3089} INFO - Sync 1 DAGs
[2024-09-17T06:44:42.257-0300] {logging_mixin.py:188} INFO - [2024-09-17T06:44:42.256-0300] {dag.py:3947} INFO - Setting next_dagrun for example_sensors to None, run_after=None
[2024-09-17T06:44:42.282-0300] {processor.py:183} INFO - Processing /home/jezandre/airflow/airflow_env/lib/python3.11/site-packages/airflow/example_dags/example_sensors.py took 0.098 seconds
[2024-09-17T06:45:13.296-0300] {processor.py:161} INFO - Started process (PID=29951) to work on /home/jezandre/airflow/airflow_env/lib/python3.11/site-packages/airflow/example_dags/example_sensors.py
[2024-09-17T06:45:13.298-0300] {processor.py:830} INFO - Processing file /home/jezandre/airflow/airflow_env/lib/python3.11/site-packages/airflow/example_dags/example_sensors.py for tasks to queue
[2024-09-17T06:45:13.301-0300] {logging_mixin.py:188} INFO - [2024-09-17T06:45:13.300-0300] {dagbag.py:545} INFO - Filling up the DagBag from /home/jezandre/airflow/airflow_env/lib/python3.11/site-packages/airflow/example_dags/example_sensors.py
[2024-09-17T06:45:13.313-0300] {processor.py:840} INFO - DAG(s) 'example_sensors' retrieved from /home/jezandre/airflow/airflow_env/lib/python3.11/site-packages/airflow/example_dags/example_sensors.py
[2024-09-17T06:45:13.349-0300] {logging_mixin.py:188} INFO - [2024-09-17T06:45:13.349-0300] {dag.py:3089} INFO - Sync 1 DAGs
[2024-09-17T06:45:13.364-0300] {logging_mixin.py:188} INFO - [2024-09-17T06:45:13.364-0300] {dag.py:3947} INFO - Setting next_dagrun for example_sensors to None, run_after=None
[2024-09-17T06:45:13.395-0300] {processor.py:183} INFO - Processing /home/jezandre/airflow/airflow_env/lib/python3.11/site-packages/airflow/example_dags/example_sensors.py took 0.109 seconds
[2024-09-17T06:45:43.459-0300] {processor.py:161} INFO - Started process (PID=30245) to work on /home/jezandre/airflow/airflow_env/lib/python3.11/site-packages/airflow/example_dags/example_sensors.py
[2024-09-17T06:45:43.460-0300] {processor.py:830} INFO - Processing file /home/jezandre/airflow/airflow_env/lib/python3.11/site-packages/airflow/example_dags/example_sensors.py for tasks to queue
[2024-09-17T06:45:43.467-0300] {logging_mixin.py:188} INFO - [2024-09-17T06:45:43.466-0300] {dagbag.py:545} INFO - Filling up the DagBag from /home/jezandre/airflow/airflow_env/lib/python3.11/site-packages/airflow/example_dags/example_sensors.py
[2024-09-17T06:45:43.487-0300] {processor.py:840} INFO - DAG(s) 'example_sensors' retrieved from /home/jezandre/airflow/airflow_env/lib/python3.11/site-packages/airflow/example_dags/example_sensors.py
[2024-09-17T06:45:43.529-0300] {logging_mixin.py:188} INFO - [2024-09-17T06:45:43.529-0300] {dag.py:3089} INFO - Sync 1 DAGs
[2024-09-17T06:45:43.550-0300] {logging_mixin.py:188} INFO - [2024-09-17T06:45:43.550-0300] {dag.py:3947} INFO - Setting next_dagrun for example_sensors to None, run_after=None
[2024-09-17T06:45:43.583-0300] {processor.py:183} INFO - Processing /home/jezandre/airflow/airflow_env/lib/python3.11/site-packages/airflow/example_dags/example_sensors.py took 0.144 seconds
[2024-09-17T06:46:14.274-0300] {processor.py:161} INFO - Started process (PID=30578) to work on /home/jezandre/airflow/airflow_env/lib/python3.11/site-packages/airflow/example_dags/example_sensors.py
[2024-09-17T06:46:14.275-0300] {processor.py:830} INFO - Processing file /home/jezandre/airflow/airflow_env/lib/python3.11/site-packages/airflow/example_dags/example_sensors.py for tasks to queue
[2024-09-17T06:46:14.278-0300] {logging_mixin.py:188} INFO - [2024-09-17T06:46:14.278-0300] {dagbag.py:545} INFO - Filling up the DagBag from /home/jezandre/airflow/airflow_env/lib/python3.11/site-packages/airflow/example_dags/example_sensors.py
[2024-09-17T06:46:14.298-0300] {processor.py:840} INFO - DAG(s) 'example_sensors' retrieved from /home/jezandre/airflow/airflow_env/lib/python3.11/site-packages/airflow/example_dags/example_sensors.py
[2024-09-17T06:46:14.345-0300] {logging_mixin.py:188} INFO - [2024-09-17T06:46:14.344-0300] {dag.py:3089} INFO - Sync 1 DAGs
[2024-09-17T06:46:14.364-0300] {logging_mixin.py:188} INFO - [2024-09-17T06:46:14.363-0300] {dag.py:3947} INFO - Setting next_dagrun for example_sensors to None, run_after=None
[2024-09-17T06:46:14.395-0300] {processor.py:183} INFO - Processing /home/jezandre/airflow/airflow_env/lib/python3.11/site-packages/airflow/example_dags/example_sensors.py took 0.132 seconds
[2024-09-17T06:46:45.150-0300] {processor.py:161} INFO - Started process (PID=30886) to work on /home/jezandre/airflow/airflow_env/lib/python3.11/site-packages/airflow/example_dags/example_sensors.py
[2024-09-17T06:46:45.151-0300] {processor.py:830} INFO - Processing file /home/jezandre/airflow/airflow_env/lib/python3.11/site-packages/airflow/example_dags/example_sensors.py for tasks to queue
[2024-09-17T06:46:45.153-0300] {logging_mixin.py:188} INFO - [2024-09-17T06:46:45.153-0300] {dagbag.py:545} INFO - Filling up the DagBag from /home/jezandre/airflow/airflow_env/lib/python3.11/site-packages/airflow/example_dags/example_sensors.py
[2024-09-17T06:46:45.163-0300] {processor.py:840} INFO - DAG(s) 'example_sensors' retrieved from /home/jezandre/airflow/airflow_env/lib/python3.11/site-packages/airflow/example_dags/example_sensors.py
[2024-09-17T06:46:45.199-0300] {logging_mixin.py:188} INFO - [2024-09-17T06:46:45.198-0300] {dag.py:3089} INFO - Sync 1 DAGs
[2024-09-17T06:46:45.214-0300] {logging_mixin.py:188} INFO - [2024-09-17T06:46:45.214-0300] {dag.py:3947} INFO - Setting next_dagrun for example_sensors to None, run_after=None
[2024-09-17T06:46:45.239-0300] {processor.py:183} INFO - Processing /home/jezandre/airflow/airflow_env/lib/python3.11/site-packages/airflow/example_dags/example_sensors.py took 0.098 seconds
[2024-09-17T06:47:16.288-0300] {processor.py:161} INFO - Started process (PID=31177) to work on /home/jezandre/airflow/airflow_env/lib/python3.11/site-packages/airflow/example_dags/example_sensors.py
[2024-09-17T06:47:16.289-0300] {processor.py:830} INFO - Processing file /home/jezandre/airflow/airflow_env/lib/python3.11/site-packages/airflow/example_dags/example_sensors.py for tasks to queue
[2024-09-17T06:47:16.291-0300] {logging_mixin.py:188} INFO - [2024-09-17T06:47:16.290-0300] {dagbag.py:545} INFO - Filling up the DagBag from /home/jezandre/airflow/airflow_env/lib/python3.11/site-packages/airflow/example_dags/example_sensors.py
[2024-09-17T06:47:16.302-0300] {processor.py:840} INFO - DAG(s) 'example_sensors' retrieved from /home/jezandre/airflow/airflow_env/lib/python3.11/site-packages/airflow/example_dags/example_sensors.py
[2024-09-17T06:47:16.434-0300] {logging_mixin.py:188} INFO - [2024-09-17T06:47:16.433-0300] {dag.py:3089} INFO - Sync 1 DAGs
[2024-09-17T06:47:16.448-0300] {logging_mixin.py:188} INFO - [2024-09-17T06:47:16.448-0300] {dag.py:3947} INFO - Setting next_dagrun for example_sensors to None, run_after=None
[2024-09-17T06:47:16.481-0300] {processor.py:183} INFO - Processing /home/jezandre/airflow/airflow_env/lib/python3.11/site-packages/airflow/example_dags/example_sensors.py took 0.201 seconds
[2024-09-17T06:47:47.134-0300] {processor.py:161} INFO - Started process (PID=31429) to work on /home/jezandre/airflow/airflow_env/lib/python3.11/site-packages/airflow/example_dags/example_sensors.py
[2024-09-17T06:47:47.135-0300] {processor.py:830} INFO - Processing file /home/jezandre/airflow/airflow_env/lib/python3.11/site-packages/airflow/example_dags/example_sensors.py for tasks to queue
[2024-09-17T06:47:47.137-0300] {logging_mixin.py:188} INFO - [2024-09-17T06:47:47.137-0300] {dagbag.py:545} INFO - Filling up the DagBag from /home/jezandre/airflow/airflow_env/lib/python3.11/site-packages/airflow/example_dags/example_sensors.py
[2024-09-17T06:47:47.149-0300] {processor.py:840} INFO - DAG(s) 'example_sensors' retrieved from /home/jezandre/airflow/airflow_env/lib/python3.11/site-packages/airflow/example_dags/example_sensors.py
[2024-09-17T06:47:47.183-0300] {logging_mixin.py:188} INFO - [2024-09-17T06:47:47.183-0300] {dag.py:3089} INFO - Sync 1 DAGs
[2024-09-17T06:47:47.198-0300] {logging_mixin.py:188} INFO - [2024-09-17T06:47:47.198-0300] {dag.py:3947} INFO - Setting next_dagrun for example_sensors to None, run_after=None
[2024-09-17T06:47:47.231-0300] {processor.py:183} INFO - Processing /home/jezandre/airflow/airflow_env/lib/python3.11/site-packages/airflow/example_dags/example_sensors.py took 0.105 seconds
[2024-09-17T06:48:17.783-0300] {processor.py:161} INFO - Started process (PID=31653) to work on /home/jezandre/airflow/airflow_env/lib/python3.11/site-packages/airflow/example_dags/example_sensors.py
[2024-09-17T06:48:17.785-0300] {processor.py:830} INFO - Processing file /home/jezandre/airflow/airflow_env/lib/python3.11/site-packages/airflow/example_dags/example_sensors.py for tasks to queue
[2024-09-17T06:48:17.787-0300] {logging_mixin.py:188} INFO - [2024-09-17T06:48:17.787-0300] {dagbag.py:545} INFO - Filling up the DagBag from /home/jezandre/airflow/airflow_env/lib/python3.11/site-packages/airflow/example_dags/example_sensors.py
[2024-09-17T06:48:17.797-0300] {processor.py:840} INFO - DAG(s) 'example_sensors' retrieved from /home/jezandre/airflow/airflow_env/lib/python3.11/site-packages/airflow/example_dags/example_sensors.py
[2024-09-17T06:48:17.833-0300] {logging_mixin.py:188} INFO - [2024-09-17T06:48:17.833-0300] {dag.py:3089} INFO - Sync 1 DAGs
[2024-09-17T06:48:17.848-0300] {logging_mixin.py:188} INFO - [2024-09-17T06:48:17.848-0300] {dag.py:3947} INFO - Setting next_dagrun for example_sensors to None, run_after=None
[2024-09-17T06:48:17.872-0300] {processor.py:183} INFO - Processing /home/jezandre/airflow/airflow_env/lib/python3.11/site-packages/airflow/example_dags/example_sensors.py took 0.098 seconds
[2024-09-17T06:48:48.787-0300] {processor.py:161} INFO - Started process (PID=31917) to work on /home/jezandre/airflow/airflow_env/lib/python3.11/site-packages/airflow/example_dags/example_sensors.py
[2024-09-17T06:48:48.789-0300] {processor.py:830} INFO - Processing file /home/jezandre/airflow/airflow_env/lib/python3.11/site-packages/airflow/example_dags/example_sensors.py for tasks to queue
[2024-09-17T06:48:48.792-0300] {logging_mixin.py:188} INFO - [2024-09-17T06:48:48.791-0300] {dagbag.py:545} INFO - Filling up the DagBag from /home/jezandre/airflow/airflow_env/lib/python3.11/site-packages/airflow/example_dags/example_sensors.py
[2024-09-17T06:48:48.806-0300] {processor.py:840} INFO - DAG(s) 'example_sensors' retrieved from /home/jezandre/airflow/airflow_env/lib/python3.11/site-packages/airflow/example_dags/example_sensors.py
[2024-09-17T06:48:48.850-0300] {logging_mixin.py:188} INFO - [2024-09-17T06:48:48.849-0300] {dag.py:3089} INFO - Sync 1 DAGs
[2024-09-17T06:48:48.873-0300] {logging_mixin.py:188} INFO - [2024-09-17T06:48:48.872-0300] {dag.py:3947} INFO - Setting next_dagrun for example_sensors to None, run_after=None
[2024-09-17T06:48:48.914-0300] {processor.py:183} INFO - Processing /home/jezandre/airflow/airflow_env/lib/python3.11/site-packages/airflow/example_dags/example_sensors.py took 0.147 seconds
[2024-09-17T06:49:19.836-0300] {processor.py:161} INFO - Started process (PID=32135) to work on /home/jezandre/airflow/airflow_env/lib/python3.11/site-packages/airflow/example_dags/example_sensors.py
[2024-09-17T06:49:19.838-0300] {processor.py:830} INFO - Processing file /home/jezandre/airflow/airflow_env/lib/python3.11/site-packages/airflow/example_dags/example_sensors.py for tasks to queue
[2024-09-17T06:49:19.840-0300] {logging_mixin.py:188} INFO - [2024-09-17T06:49:19.839-0300] {dagbag.py:545} INFO - Filling up the DagBag from /home/jezandre/airflow/airflow_env/lib/python3.11/site-packages/airflow/example_dags/example_sensors.py
[2024-09-17T06:49:19.849-0300] {processor.py:840} INFO - DAG(s) 'example_sensors' retrieved from /home/jezandre/airflow/airflow_env/lib/python3.11/site-packages/airflow/example_dags/example_sensors.py
[2024-09-17T06:49:19.882-0300] {logging_mixin.py:188} INFO - [2024-09-17T06:49:19.881-0300] {dag.py:3089} INFO - Sync 1 DAGs
[2024-09-17T06:49:19.897-0300] {logging_mixin.py:188} INFO - [2024-09-17T06:49:19.896-0300] {dag.py:3947} INFO - Setting next_dagrun for example_sensors to None, run_after=None
[2024-09-17T06:49:19.923-0300] {processor.py:183} INFO - Processing /home/jezandre/airflow/airflow_env/lib/python3.11/site-packages/airflow/example_dags/example_sensors.py took 0.096 seconds
[2024-09-17T06:49:50.571-0300] {processor.py:161} INFO - Started process (PID=32440) to work on /home/jezandre/airflow/airflow_env/lib/python3.11/site-packages/airflow/example_dags/example_sensors.py
[2024-09-17T06:49:50.572-0300] {processor.py:830} INFO - Processing file /home/jezandre/airflow/airflow_env/lib/python3.11/site-packages/airflow/example_dags/example_sensors.py for tasks to queue
[2024-09-17T06:49:50.575-0300] {logging_mixin.py:188} INFO - [2024-09-17T06:49:50.574-0300] {dagbag.py:545} INFO - Filling up the DagBag from /home/jezandre/airflow/airflow_env/lib/python3.11/site-packages/airflow/example_dags/example_sensors.py
[2024-09-17T06:49:50.587-0300] {processor.py:840} INFO - DAG(s) 'example_sensors' retrieved from /home/jezandre/airflow/airflow_env/lib/python3.11/site-packages/airflow/example_dags/example_sensors.py
[2024-09-17T06:49:50.638-0300] {logging_mixin.py:188} INFO - [2024-09-17T06:49:50.637-0300] {dag.py:3089} INFO - Sync 1 DAGs
[2024-09-17T06:49:50.658-0300] {logging_mixin.py:188} INFO - [2024-09-17T06:49:50.658-0300] {dag.py:3947} INFO - Setting next_dagrun for example_sensors to None, run_after=None
[2024-09-17T06:49:50.691-0300] {processor.py:183} INFO - Processing /home/jezandre/airflow/airflow_env/lib/python3.11/site-packages/airflow/example_dags/example_sensors.py took 0.129 seconds
[2024-09-17T06:50:21.309-0300] {processor.py:161} INFO - Started process (PID=32719) to work on /home/jezandre/airflow/airflow_env/lib/python3.11/site-packages/airflow/example_dags/example_sensors.py
[2024-09-17T06:50:21.310-0300] {processor.py:830} INFO - Processing file /home/jezandre/airflow/airflow_env/lib/python3.11/site-packages/airflow/example_dags/example_sensors.py for tasks to queue
[2024-09-17T06:50:21.313-0300] {logging_mixin.py:188} INFO - [2024-09-17T06:50:21.312-0300] {dagbag.py:545} INFO - Filling up the DagBag from /home/jezandre/airflow/airflow_env/lib/python3.11/site-packages/airflow/example_dags/example_sensors.py
[2024-09-17T06:50:21.325-0300] {processor.py:840} INFO - DAG(s) 'example_sensors' retrieved from /home/jezandre/airflow/airflow_env/lib/python3.11/site-packages/airflow/example_dags/example_sensors.py
[2024-09-17T06:50:21.361-0300] {logging_mixin.py:188} INFO - [2024-09-17T06:50:21.361-0300] {dag.py:3089} INFO - Sync 1 DAGs
[2024-09-17T06:50:21.379-0300] {logging_mixin.py:188} INFO - [2024-09-17T06:50:21.379-0300] {dag.py:3947} INFO - Setting next_dagrun for example_sensors to None, run_after=None
[2024-09-17T06:50:21.408-0300] {processor.py:183} INFO - Processing /home/jezandre/airflow/airflow_env/lib/python3.11/site-packages/airflow/example_dags/example_sensors.py took 0.109 seconds
[2024-09-17T06:50:51.625-0300] {processor.py:161} INFO - Started process (PID=32982) to work on /home/jezandre/airflow/airflow_env/lib/python3.11/site-packages/airflow/example_dags/example_sensors.py
[2024-09-17T06:50:51.627-0300] {processor.py:830} INFO - Processing file /home/jezandre/airflow/airflow_env/lib/python3.11/site-packages/airflow/example_dags/example_sensors.py for tasks to queue
[2024-09-17T06:50:51.629-0300] {logging_mixin.py:188} INFO - [2024-09-17T06:50:51.629-0300] {dagbag.py:545} INFO - Filling up the DagBag from /home/jezandre/airflow/airflow_env/lib/python3.11/site-packages/airflow/example_dags/example_sensors.py
[2024-09-17T06:50:51.643-0300] {processor.py:840} INFO - DAG(s) 'example_sensors' retrieved from /home/jezandre/airflow/airflow_env/lib/python3.11/site-packages/airflow/example_dags/example_sensors.py
[2024-09-17T06:50:51.681-0300] {logging_mixin.py:188} INFO - [2024-09-17T06:50:51.681-0300] {dag.py:3089} INFO - Sync 1 DAGs
[2024-09-17T06:50:51.697-0300] {logging_mixin.py:188} INFO - [2024-09-17T06:50:51.697-0300] {dag.py:3947} INFO - Setting next_dagrun for example_sensors to None, run_after=None
[2024-09-17T06:50:51.729-0300] {processor.py:183} INFO - Processing /home/jezandre/airflow/airflow_env/lib/python3.11/site-packages/airflow/example_dags/example_sensors.py took 0.112 seconds
[2024-09-17T06:51:22.544-0300] {processor.py:161} INFO - Started process (PID=33435) to work on /home/jezandre/airflow/airflow_env/lib/python3.11/site-packages/airflow/example_dags/example_sensors.py
[2024-09-17T06:51:22.546-0300] {processor.py:830} INFO - Processing file /home/jezandre/airflow/airflow_env/lib/python3.11/site-packages/airflow/example_dags/example_sensors.py for tasks to queue
[2024-09-17T06:51:22.549-0300] {logging_mixin.py:188} INFO - [2024-09-17T06:51:22.549-0300] {dagbag.py:545} INFO - Filling up the DagBag from /home/jezandre/airflow/airflow_env/lib/python3.11/site-packages/airflow/example_dags/example_sensors.py
[2024-09-17T06:51:22.564-0300] {processor.py:840} INFO - DAG(s) 'example_sensors' retrieved from /home/jezandre/airflow/airflow_env/lib/python3.11/site-packages/airflow/example_dags/example_sensors.py
[2024-09-17T06:51:22.606-0300] {logging_mixin.py:188} INFO - [2024-09-17T06:51:22.606-0300] {dag.py:3089} INFO - Sync 1 DAGs
[2024-09-17T06:51:22.622-0300] {logging_mixin.py:188} INFO - [2024-09-17T06:51:22.622-0300] {dag.py:3947} INFO - Setting next_dagrun for example_sensors to None, run_after=None
[2024-09-17T06:51:22.656-0300] {processor.py:183} INFO - Processing /home/jezandre/airflow/airflow_env/lib/python3.11/site-packages/airflow/example_dags/example_sensors.py took 0.126 seconds
[2024-09-17T06:51:52.822-0300] {processor.py:161} INFO - Started process (PID=33731) to work on /home/jezandre/airflow/airflow_env/lib/python3.11/site-packages/airflow/example_dags/example_sensors.py
[2024-09-17T06:51:52.823-0300] {processor.py:830} INFO - Processing file /home/jezandre/airflow/airflow_env/lib/python3.11/site-packages/airflow/example_dags/example_sensors.py for tasks to queue
[2024-09-17T06:51:52.825-0300] {logging_mixin.py:188} INFO - [2024-09-17T06:51:52.825-0300] {dagbag.py:545} INFO - Filling up the DagBag from /home/jezandre/airflow/airflow_env/lib/python3.11/site-packages/airflow/example_dags/example_sensors.py
[2024-09-17T06:51:52.832-0300] {processor.py:840} INFO - DAG(s) 'example_sensors' retrieved from /home/jezandre/airflow/airflow_env/lib/python3.11/site-packages/airflow/example_dags/example_sensors.py
[2024-09-17T06:51:52.864-0300] {logging_mixin.py:188} INFO - [2024-09-17T06:51:52.863-0300] {dag.py:3089} INFO - Sync 1 DAGs
[2024-09-17T06:51:52.877-0300] {logging_mixin.py:188} INFO - [2024-09-17T06:51:52.877-0300] {dag.py:3947} INFO - Setting next_dagrun for example_sensors to None, run_after=None
[2024-09-17T06:51:52.899-0300] {processor.py:183} INFO - Processing /home/jezandre/airflow/airflow_env/lib/python3.11/site-packages/airflow/example_dags/example_sensors.py took 0.086 seconds
[2024-09-17T06:52:24.647-0300] {processor.py:161} INFO - Started process (PID=34282) to work on /home/jezandre/airflow/airflow_env/lib/python3.11/site-packages/airflow/example_dags/example_sensors.py
[2024-09-17T06:52:24.649-0300] {processor.py:830} INFO - Processing file /home/jezandre/airflow/airflow_env/lib/python3.11/site-packages/airflow/example_dags/example_sensors.py for tasks to queue
[2024-09-17T06:52:24.652-0300] {logging_mixin.py:188} INFO - [2024-09-17T06:52:24.651-0300] {dagbag.py:545} INFO - Filling up the DagBag from /home/jezandre/airflow/airflow_env/lib/python3.11/site-packages/airflow/example_dags/example_sensors.py
[2024-09-17T06:52:24.663-0300] {processor.py:840} INFO - DAG(s) 'example_sensors' retrieved from /home/jezandre/airflow/airflow_env/lib/python3.11/site-packages/airflow/example_dags/example_sensors.py
[2024-09-17T06:52:24.809-0300] {logging_mixin.py:188} INFO - [2024-09-17T06:52:24.808-0300] {dag.py:3089} INFO - Sync 1 DAGs
[2024-09-17T06:52:24.822-0300] {logging_mixin.py:188} INFO - [2024-09-17T06:52:24.822-0300] {dag.py:3947} INFO - Setting next_dagrun for example_sensors to None, run_after=None
[2024-09-17T06:52:24.854-0300] {processor.py:183} INFO - Processing /home/jezandre/airflow/airflow_env/lib/python3.11/site-packages/airflow/example_dags/example_sensors.py took 0.216 seconds
[2024-09-17T06:52:55.494-0300] {processor.py:161} INFO - Started process (PID=34694) to work on /home/jezandre/airflow/airflow_env/lib/python3.11/site-packages/airflow/example_dags/example_sensors.py
[2024-09-17T06:52:55.495-0300] {processor.py:830} INFO - Processing file /home/jezandre/airflow/airflow_env/lib/python3.11/site-packages/airflow/example_dags/example_sensors.py for tasks to queue
[2024-09-17T06:52:55.498-0300] {logging_mixin.py:188} INFO - [2024-09-17T06:52:55.498-0300] {dagbag.py:545} INFO - Filling up the DagBag from /home/jezandre/airflow/airflow_env/lib/python3.11/site-packages/airflow/example_dags/example_sensors.py
[2024-09-17T06:52:55.508-0300] {processor.py:840} INFO - DAG(s) 'example_sensors' retrieved from /home/jezandre/airflow/airflow_env/lib/python3.11/site-packages/airflow/example_dags/example_sensors.py
[2024-09-17T06:52:55.544-0300] {logging_mixin.py:188} INFO - [2024-09-17T06:52:55.544-0300] {dag.py:3089} INFO - Sync 1 DAGs
[2024-09-17T06:52:55.562-0300] {logging_mixin.py:188} INFO - [2024-09-17T06:52:55.561-0300] {dag.py:3947} INFO - Setting next_dagrun for example_sensors to None, run_after=None
[2024-09-17T06:52:55.591-0300] {processor.py:183} INFO - Processing /home/jezandre/airflow/airflow_env/lib/python3.11/site-packages/airflow/example_dags/example_sensors.py took 0.104 seconds
[2024-09-17T06:53:26.180-0300] {processor.py:161} INFO - Started process (PID=34905) to work on /home/jezandre/airflow/airflow_env/lib/python3.11/site-packages/airflow/example_dags/example_sensors.py
[2024-09-17T06:53:26.181-0300] {processor.py:830} INFO - Processing file /home/jezandre/airflow/airflow_env/lib/python3.11/site-packages/airflow/example_dags/example_sensors.py for tasks to queue
[2024-09-17T06:53:26.183-0300] {logging_mixin.py:188} INFO - [2024-09-17T06:53:26.183-0300] {dagbag.py:545} INFO - Filling up the DagBag from /home/jezandre/airflow/airflow_env/lib/python3.11/site-packages/airflow/example_dags/example_sensors.py
[2024-09-17T06:53:26.198-0300] {processor.py:840} INFO - DAG(s) 'example_sensors' retrieved from /home/jezandre/airflow/airflow_env/lib/python3.11/site-packages/airflow/example_dags/example_sensors.py
[2024-09-17T06:53:26.240-0300] {logging_mixin.py:188} INFO - [2024-09-17T06:53:26.240-0300] {dag.py:3089} INFO - Sync 1 DAGs
[2024-09-17T06:53:26.259-0300] {logging_mixin.py:188} INFO - [2024-09-17T06:53:26.258-0300] {dag.py:3947} INFO - Setting next_dagrun for example_sensors to None, run_after=None
[2024-09-17T06:53:26.290-0300] {processor.py:183} INFO - Processing /home/jezandre/airflow/airflow_env/lib/python3.11/site-packages/airflow/example_dags/example_sensors.py took 0.123 seconds
[2024-09-17T06:53:56.908-0300] {processor.py:161} INFO - Started process (PID=35242) to work on /home/jezandre/airflow/airflow_env/lib/python3.11/site-packages/airflow/example_dags/example_sensors.py
[2024-09-17T06:53:56.909-0300] {processor.py:830} INFO - Processing file /home/jezandre/airflow/airflow_env/lib/python3.11/site-packages/airflow/example_dags/example_sensors.py for tasks to queue
[2024-09-17T06:53:56.911-0300] {logging_mixin.py:188} INFO - [2024-09-17T06:53:56.911-0300] {dagbag.py:545} INFO - Filling up the DagBag from /home/jezandre/airflow/airflow_env/lib/python3.11/site-packages/airflow/example_dags/example_sensors.py
[2024-09-17T06:53:56.919-0300] {processor.py:840} INFO - DAG(s) 'example_sensors' retrieved from /home/jezandre/airflow/airflow_env/lib/python3.11/site-packages/airflow/example_dags/example_sensors.py
[2024-09-17T06:53:56.953-0300] {logging_mixin.py:188} INFO - [2024-09-17T06:53:56.953-0300] {dag.py:3089} INFO - Sync 1 DAGs
[2024-09-17T06:53:56.970-0300] {logging_mixin.py:188} INFO - [2024-09-17T06:53:56.970-0300] {dag.py:3947} INFO - Setting next_dagrun for example_sensors to None, run_after=None
[2024-09-17T06:53:57.000-0300] {processor.py:183} INFO - Processing /home/jezandre/airflow/airflow_env/lib/python3.11/site-packages/airflow/example_dags/example_sensors.py took 0.101 seconds
[2024-09-17T06:54:27.648-0300] {processor.py:161} INFO - Started process (PID=35448) to work on /home/jezandre/airflow/airflow_env/lib/python3.11/site-packages/airflow/example_dags/example_sensors.py
[2024-09-17T06:54:27.649-0300] {processor.py:830} INFO - Processing file /home/jezandre/airflow/airflow_env/lib/python3.11/site-packages/airflow/example_dags/example_sensors.py for tasks to queue
[2024-09-17T06:54:27.652-0300] {logging_mixin.py:188} INFO - [2024-09-17T06:54:27.651-0300] {dagbag.py:545} INFO - Filling up the DagBag from /home/jezandre/airflow/airflow_env/lib/python3.11/site-packages/airflow/example_dags/example_sensors.py
[2024-09-17T06:54:27.663-0300] {processor.py:840} INFO - DAG(s) 'example_sensors' retrieved from /home/jezandre/airflow/airflow_env/lib/python3.11/site-packages/airflow/example_dags/example_sensors.py
[2024-09-17T06:54:27.702-0300] {logging_mixin.py:188} INFO - [2024-09-17T06:54:27.702-0300] {dag.py:3089} INFO - Sync 1 DAGs
[2024-09-17T06:54:27.719-0300] {logging_mixin.py:188} INFO - [2024-09-17T06:54:27.719-0300] {dag.py:3947} INFO - Setting next_dagrun for example_sensors to None, run_after=None
[2024-09-17T06:54:27.756-0300] {processor.py:183} INFO - Processing /home/jezandre/airflow/airflow_env/lib/python3.11/site-packages/airflow/example_dags/example_sensors.py took 0.117 seconds
[2024-09-17T06:54:58.253-0300] {processor.py:161} INFO - Started process (PID=35709) to work on /home/jezandre/airflow/airflow_env/lib/python3.11/site-packages/airflow/example_dags/example_sensors.py
[2024-09-17T06:54:58.254-0300] {processor.py:830} INFO - Processing file /home/jezandre/airflow/airflow_env/lib/python3.11/site-packages/airflow/example_dags/example_sensors.py for tasks to queue
[2024-09-17T06:54:58.257-0300] {logging_mixin.py:188} INFO - [2024-09-17T06:54:58.256-0300] {dagbag.py:545} INFO - Filling up the DagBag from /home/jezandre/airflow/airflow_env/lib/python3.11/site-packages/airflow/example_dags/example_sensors.py
[2024-09-17T06:54:58.266-0300] {processor.py:840} INFO - DAG(s) 'example_sensors' retrieved from /home/jezandre/airflow/airflow_env/lib/python3.11/site-packages/airflow/example_dags/example_sensors.py
[2024-09-17T06:54:58.299-0300] {logging_mixin.py:188} INFO - [2024-09-17T06:54:58.299-0300] {dag.py:3089} INFO - Sync 1 DAGs
[2024-09-17T06:54:58.314-0300] {logging_mixin.py:188} INFO - [2024-09-17T06:54:58.313-0300] {dag.py:3947} INFO - Setting next_dagrun for example_sensors to None, run_after=None
[2024-09-17T06:54:58.338-0300] {processor.py:183} INFO - Processing /home/jezandre/airflow/airflow_env/lib/python3.11/site-packages/airflow/example_dags/example_sensors.py took 0.095 seconds
