[2024-09-17T06:27:31.687-0300] {processor.py:161} INFO - Started process (PID=20082) to work on /home/jezandre/airflow/airflow_env/lib/python3.11/site-packages/airflow/example_dags/example_kubernetes_executor.py
[2024-09-17T06:27:31.688-0300] {processor.py:830} INFO - Processing file /home/jezandre/airflow/airflow_env/lib/python3.11/site-packages/airflow/example_dags/example_kubernetes_executor.py for tasks to queue
[2024-09-17T06:27:31.689-0300] {logging_mixin.py:188} INFO - [2024-09-17T06:27:31.689-0300] {dagbag.py:545} INFO - Filling up the DagBag from /home/jezandre/airflow/airflow_env/lib/python3.11/site-packages/airflow/example_dags/example_kubernetes_executor.py
[2024-09-17T06:27:31.692-0300] {logging_mixin.py:188} INFO - [2024-09-17T06:27:31.691-0300] {example_kubernetes_executor.py:39} WARNING - The example_kubernetes_executor example DAG requires the kubernetes provider. Please install it with: pip install apache-airflow[cncf.kubernetes]
[2024-09-17T06:27:31.692-0300] {processor.py:842} WARNING - No viable dags retrieved from /home/jezandre/airflow/airflow_env/lib/python3.11/site-packages/airflow/example_dags/example_kubernetes_executor.py
[2024-09-17T06:27:31.699-0300] {processor.py:183} INFO - Processing /home/jezandre/airflow/airflow_env/lib/python3.11/site-packages/airflow/example_dags/example_kubernetes_executor.py took 0.018 seconds
[2024-09-17T06:28:32.795-0300] {processor.py:161} INFO - Started process (PID=20350) to work on /home/jezandre/airflow/airflow_env/lib/python3.11/site-packages/airflow/example_dags/example_kubernetes_executor.py
[2024-09-17T06:28:32.799-0300] {processor.py:830} INFO - Processing file /home/jezandre/airflow/airflow_env/lib/python3.11/site-packages/airflow/example_dags/example_kubernetes_executor.py for tasks to queue
[2024-09-17T06:28:32.801-0300] {logging_mixin.py:188} INFO - [2024-09-17T06:28:32.800-0300] {dagbag.py:545} INFO - Filling up the DagBag from /home/jezandre/airflow/airflow_env/lib/python3.11/site-packages/airflow/example_dags/example_kubernetes_executor.py
[2024-09-17T06:28:32.803-0300] {logging_mixin.py:188} INFO - [2024-09-17T06:28:32.803-0300] {example_kubernetes_executor.py:39} WARNING - The example_kubernetes_executor example DAG requires the kubernetes provider. Please install it with: pip install apache-airflow[cncf.kubernetes]
[2024-09-17T06:28:32.803-0300] {processor.py:842} WARNING - No viable dags retrieved from /home/jezandre/airflow/airflow_env/lib/python3.11/site-packages/airflow/example_dags/example_kubernetes_executor.py
[2024-09-17T06:28:32.811-0300] {processor.py:183} INFO - Processing /home/jezandre/airflow/airflow_env/lib/python3.11/site-packages/airflow/example_dags/example_kubernetes_executor.py took 0.023 seconds
[2024-09-17T06:29:26.719-0300] {processor.py:161} INFO - Started process (PID=20713) to work on /home/jezandre/airflow/airflow_env/lib/python3.11/site-packages/airflow/example_dags/example_kubernetes_executor.py
[2024-09-17T06:29:26.721-0300] {processor.py:830} INFO - Processing file /home/jezandre/airflow/airflow_env/lib/python3.11/site-packages/airflow/example_dags/example_kubernetes_executor.py for tasks to queue
[2024-09-17T06:29:26.723-0300] {logging_mixin.py:188} INFO - [2024-09-17T06:29:26.723-0300] {dagbag.py:545} INFO - Filling up the DagBag from /home/jezandre/airflow/airflow_env/lib/python3.11/site-packages/airflow/example_dags/example_kubernetes_executor.py
[2024-09-17T06:29:26.726-0300] {logging_mixin.py:188} INFO - [2024-09-17T06:29:26.725-0300] {example_kubernetes_executor.py:39} WARNING - The example_kubernetes_executor example DAG requires the kubernetes provider. Please install it with: pip install apache-airflow[cncf.kubernetes]
[2024-09-17T06:29:26.726-0300] {processor.py:842} WARNING - No viable dags retrieved from /home/jezandre/airflow/airflow_env/lib/python3.11/site-packages/airflow/example_dags/example_kubernetes_executor.py
[2024-09-17T06:29:26.737-0300] {processor.py:183} INFO - Processing /home/jezandre/airflow/airflow_env/lib/python3.11/site-packages/airflow/example_dags/example_kubernetes_executor.py took 0.026 seconds
[2024-09-17T06:29:52.426-0300] {processor.py:161} INFO - Started process (PID=21057) to work on /home/jezandre/airflow/airflow_env/lib/python3.11/site-packages/airflow/example_dags/example_kubernetes_executor.py
[2024-09-17T06:29:52.428-0300] {processor.py:830} INFO - Processing file /home/jezandre/airflow/airflow_env/lib/python3.11/site-packages/airflow/example_dags/example_kubernetes_executor.py for tasks to queue
[2024-09-17T06:29:52.430-0300] {logging_mixin.py:188} INFO - [2024-09-17T06:29:52.430-0300] {dagbag.py:545} INFO - Filling up the DagBag from /home/jezandre/airflow/airflow_env/lib/python3.11/site-packages/airflow/example_dags/example_kubernetes_executor.py
[2024-09-17T06:29:52.435-0300] {logging_mixin.py:188} INFO - [2024-09-17T06:29:52.434-0300] {example_kubernetes_executor.py:39} WARNING - The example_kubernetes_executor example DAG requires the kubernetes provider. Please install it with: pip install apache-airflow[cncf.kubernetes]
[2024-09-17T06:29:52.435-0300] {processor.py:842} WARNING - No viable dags retrieved from /home/jezandre/airflow/airflow_env/lib/python3.11/site-packages/airflow/example_dags/example_kubernetes_executor.py
[2024-09-17T06:29:52.459-0300] {processor.py:183} INFO - Processing /home/jezandre/airflow/airflow_env/lib/python3.11/site-packages/airflow/example_dags/example_kubernetes_executor.py took 0.040 seconds
[2024-09-17T06:30:22.524-0300] {processor.py:161} INFO - Started process (PID=21350) to work on /home/jezandre/airflow/airflow_env/lib/python3.11/site-packages/airflow/example_dags/example_kubernetes_executor.py
[2024-09-17T06:30:22.526-0300] {processor.py:830} INFO - Processing file /home/jezandre/airflow/airflow_env/lib/python3.11/site-packages/airflow/example_dags/example_kubernetes_executor.py for tasks to queue
[2024-09-17T06:30:22.528-0300] {logging_mixin.py:188} INFO - [2024-09-17T06:30:22.528-0300] {dagbag.py:545} INFO - Filling up the DagBag from /home/jezandre/airflow/airflow_env/lib/python3.11/site-packages/airflow/example_dags/example_kubernetes_executor.py
[2024-09-17T06:30:22.531-0300] {logging_mixin.py:188} INFO - [2024-09-17T06:30:22.531-0300] {example_kubernetes_executor.py:39} WARNING - The example_kubernetes_executor example DAG requires the kubernetes provider. Please install it with: pip install apache-airflow[cncf.kubernetes]
[2024-09-17T06:30:22.532-0300] {processor.py:842} WARNING - No viable dags retrieved from /home/jezandre/airflow/airflow_env/lib/python3.11/site-packages/airflow/example_dags/example_kubernetes_executor.py
[2024-09-17T06:30:22.560-0300] {processor.py:183} INFO - Processing /home/jezandre/airflow/airflow_env/lib/python3.11/site-packages/airflow/example_dags/example_kubernetes_executor.py took 0.042 seconds
[2024-09-17T06:30:53.205-0300] {processor.py:161} INFO - Started process (PID=21562) to work on /home/jezandre/airflow/airflow_env/lib/python3.11/site-packages/airflow/example_dags/example_kubernetes_executor.py
[2024-09-17T06:30:53.207-0300] {processor.py:830} INFO - Processing file /home/jezandre/airflow/airflow_env/lib/python3.11/site-packages/airflow/example_dags/example_kubernetes_executor.py for tasks to queue
[2024-09-17T06:30:53.208-0300] {logging_mixin.py:188} INFO - [2024-09-17T06:30:53.208-0300] {dagbag.py:545} INFO - Filling up the DagBag from /home/jezandre/airflow/airflow_env/lib/python3.11/site-packages/airflow/example_dags/example_kubernetes_executor.py
[2024-09-17T06:30:53.210-0300] {logging_mixin.py:188} INFO - [2024-09-17T06:30:53.210-0300] {example_kubernetes_executor.py:39} WARNING - The example_kubernetes_executor example DAG requires the kubernetes provider. Please install it with: pip install apache-airflow[cncf.kubernetes]
[2024-09-17T06:30:53.211-0300] {processor.py:842} WARNING - No viable dags retrieved from /home/jezandre/airflow/airflow_env/lib/python3.11/site-packages/airflow/example_dags/example_kubernetes_executor.py
[2024-09-17T06:30:53.228-0300] {processor.py:183} INFO - Processing /home/jezandre/airflow/airflow_env/lib/python3.11/site-packages/airflow/example_dags/example_kubernetes_executor.py took 0.029 seconds
[2024-09-17T06:31:23.564-0300] {processor.py:161} INFO - Started process (PID=21763) to work on /home/jezandre/airflow/airflow_env/lib/python3.11/site-packages/airflow/example_dags/example_kubernetes_executor.py
[2024-09-17T06:31:23.565-0300] {processor.py:830} INFO - Processing file /home/jezandre/airflow/airflow_env/lib/python3.11/site-packages/airflow/example_dags/example_kubernetes_executor.py for tasks to queue
[2024-09-17T06:31:23.568-0300] {logging_mixin.py:188} INFO - [2024-09-17T06:31:23.567-0300] {dagbag.py:545} INFO - Filling up the DagBag from /home/jezandre/airflow/airflow_env/lib/python3.11/site-packages/airflow/example_dags/example_kubernetes_executor.py
[2024-09-17T06:31:23.574-0300] {logging_mixin.py:188} INFO - [2024-09-17T06:31:23.574-0300] {example_kubernetes_executor.py:39} WARNING - The example_kubernetes_executor example DAG requires the kubernetes provider. Please install it with: pip install apache-airflow[cncf.kubernetes]
[2024-09-17T06:31:23.575-0300] {processor.py:842} WARNING - No viable dags retrieved from /home/jezandre/airflow/airflow_env/lib/python3.11/site-packages/airflow/example_dags/example_kubernetes_executor.py
[2024-09-17T06:31:23.598-0300] {processor.py:183} INFO - Processing /home/jezandre/airflow/airflow_env/lib/python3.11/site-packages/airflow/example_dags/example_kubernetes_executor.py took 0.040 seconds
[2024-09-17T06:31:54.045-0300] {processor.py:161} INFO - Started process (PID=22049) to work on /home/jezandre/airflow/airflow_env/lib/python3.11/site-packages/airflow/example_dags/example_kubernetes_executor.py
[2024-09-17T06:31:54.046-0300] {processor.py:830} INFO - Processing file /home/jezandre/airflow/airflow_env/lib/python3.11/site-packages/airflow/example_dags/example_kubernetes_executor.py for tasks to queue
[2024-09-17T06:31:54.049-0300] {logging_mixin.py:188} INFO - [2024-09-17T06:31:54.048-0300] {dagbag.py:545} INFO - Filling up the DagBag from /home/jezandre/airflow/airflow_env/lib/python3.11/site-packages/airflow/example_dags/example_kubernetes_executor.py
[2024-09-17T06:31:54.054-0300] {logging_mixin.py:188} INFO - [2024-09-17T06:31:54.054-0300] {example_kubernetes_executor.py:39} WARNING - The example_kubernetes_executor example DAG requires the kubernetes provider. Please install it with: pip install apache-airflow[cncf.kubernetes]
[2024-09-17T06:31:54.055-0300] {processor.py:842} WARNING - No viable dags retrieved from /home/jezandre/airflow/airflow_env/lib/python3.11/site-packages/airflow/example_dags/example_kubernetes_executor.py
[2024-09-17T06:31:54.081-0300] {processor.py:183} INFO - Processing /home/jezandre/airflow/airflow_env/lib/python3.11/site-packages/airflow/example_dags/example_kubernetes_executor.py took 0.042 seconds
[2024-09-17T06:32:25.510-0300] {processor.py:161} INFO - Started process (PID=22527) to work on /home/jezandre/airflow/airflow_env/lib/python3.11/site-packages/airflow/example_dags/example_kubernetes_executor.py
[2024-09-17T06:32:25.511-0300] {processor.py:830} INFO - Processing file /home/jezandre/airflow/airflow_env/lib/python3.11/site-packages/airflow/example_dags/example_kubernetes_executor.py for tasks to queue
[2024-09-17T06:32:25.513-0300] {logging_mixin.py:188} INFO - [2024-09-17T06:32:25.512-0300] {dagbag.py:545} INFO - Filling up the DagBag from /home/jezandre/airflow/airflow_env/lib/python3.11/site-packages/airflow/example_dags/example_kubernetes_executor.py
[2024-09-17T06:32:25.516-0300] {logging_mixin.py:188} INFO - [2024-09-17T06:32:25.515-0300] {example_kubernetes_executor.py:39} WARNING - The example_kubernetes_executor example DAG requires the kubernetes provider. Please install it with: pip install apache-airflow[cncf.kubernetes]
[2024-09-17T06:32:25.516-0300] {processor.py:842} WARNING - No viable dags retrieved from /home/jezandre/airflow/airflow_env/lib/python3.11/site-packages/airflow/example_dags/example_kubernetes_executor.py
[2024-09-17T06:32:25.539-0300] {processor.py:183} INFO - Processing /home/jezandre/airflow/airflow_env/lib/python3.11/site-packages/airflow/example_dags/example_kubernetes_executor.py took 0.035 seconds
