[2024-09-17T06:27:42.129-0300] {processor.py:161} INFO - Started process (PID=20134) to work on /home/jezandre/airflow/airflow_env/lib/python3.11/site-packages/airflow/example_dags/example_external_task_marker_dag.py
[2024-09-17T06:27:42.129-0300] {processor.py:830} INFO - Processing file /home/jezandre/airflow/airflow_env/lib/python3.11/site-packages/airflow/example_dags/example_external_task_marker_dag.py for tasks to queue
[2024-09-17T06:27:42.132-0300] {logging_mixin.py:188} INFO - [2024-09-17T06:27:42.131-0300] {dagbag.py:545} INFO - Filling up the DagBag from /home/jezandre/airflow/airflow_env/lib/python3.11/site-packages/airflow/example_dags/example_external_task_marker_dag.py
[2024-09-17T06:27:42.142-0300] {processor.py:840} INFO - DAG(s) 'example_external_task_marker_parent', 'example_external_task_marker_child' retrieved from /home/jezandre/airflow/airflow_env/lib/python3.11/site-packages/airflow/example_dags/example_external_task_marker_dag.py
[2024-09-17T06:27:42.414-0300] {logging_mixin.py:188} INFO - [2024-09-17T06:27:42.413-0300] {dag.py:3089} INFO - Sync 2 DAGs
[2024-09-17T06:27:42.424-0300] {logging_mixin.py:188} INFO - [2024-09-17T06:27:42.423-0300] {dag.py:3947} INFO - Setting next_dagrun for example_external_task_marker_child to None, run_after=None
[2024-09-17T06:27:42.429-0300] {logging_mixin.py:188} INFO - [2024-09-17T06:27:42.429-0300] {dag.py:3947} INFO - Setting next_dagrun for example_external_task_marker_parent to None, run_after=None
[2024-09-17T06:27:42.460-0300] {processor.py:183} INFO - Processing /home/jezandre/airflow/airflow_env/lib/python3.11/site-packages/airflow/example_dags/example_external_task_marker_dag.py took 0.337 seconds
[2024-09-17T06:28:44.221-0300] {processor.py:161} INFO - Started process (PID=20406) to work on /home/jezandre/airflow/airflow_env/lib/python3.11/site-packages/airflow/example_dags/example_external_task_marker_dag.py
[2024-09-17T06:28:44.225-0300] {processor.py:830} INFO - Processing file /home/jezandre/airflow/airflow_env/lib/python3.11/site-packages/airflow/example_dags/example_external_task_marker_dag.py for tasks to queue
[2024-09-17T06:28:44.226-0300] {logging_mixin.py:188} INFO - [2024-09-17T06:28:44.226-0300] {dagbag.py:545} INFO - Filling up the DagBag from /home/jezandre/airflow/airflow_env/lib/python3.11/site-packages/airflow/example_dags/example_external_task_marker_dag.py
[2024-09-17T06:28:44.231-0300] {processor.py:840} INFO - DAG(s) 'example_external_task_marker_parent', 'example_external_task_marker_child' retrieved from /home/jezandre/airflow/airflow_env/lib/python3.11/site-packages/airflow/example_dags/example_external_task_marker_dag.py
[2024-09-17T06:28:44.246-0300] {logging_mixin.py:188} INFO - [2024-09-17T06:28:44.246-0300] {dag.py:3089} INFO - Sync 2 DAGs
[2024-09-17T06:28:44.255-0300] {logging_mixin.py:188} INFO - [2024-09-17T06:28:44.255-0300] {dag.py:3947} INFO - Setting next_dagrun for example_external_task_marker_child to None, run_after=None
[2024-09-17T06:28:44.258-0300] {logging_mixin.py:188} INFO - [2024-09-17T06:28:44.258-0300] {dag.py:3947} INFO - Setting next_dagrun for example_external_task_marker_parent to None, run_after=None
[2024-09-17T06:28:44.281-0300] {processor.py:183} INFO - Processing /home/jezandre/airflow/airflow_env/lib/python3.11/site-packages/airflow/example_dags/example_external_task_marker_dag.py took 0.066 seconds
[2024-09-17T06:29:37.114-0300] {processor.py:161} INFO - Started process (PID=20830) to work on /home/jezandre/airflow/airflow_env/lib/python3.11/site-packages/airflow/example_dags/example_external_task_marker_dag.py
[2024-09-17T06:29:37.119-0300] {processor.py:830} INFO - Processing file /home/jezandre/airflow/airflow_env/lib/python3.11/site-packages/airflow/example_dags/example_external_task_marker_dag.py for tasks to queue
[2024-09-17T06:29:37.120-0300] {logging_mixin.py:188} INFO - [2024-09-17T06:29:37.120-0300] {dagbag.py:545} INFO - Filling up the DagBag from /home/jezandre/airflow/airflow_env/lib/python3.11/site-packages/airflow/example_dags/example_external_task_marker_dag.py
[2024-09-17T06:29:37.126-0300] {processor.py:840} INFO - DAG(s) 'example_external_task_marker_parent', 'example_external_task_marker_child' retrieved from /home/jezandre/airflow/airflow_env/lib/python3.11/site-packages/airflow/example_dags/example_external_task_marker_dag.py
[2024-09-17T06:29:37.143-0300] {logging_mixin.py:188} INFO - [2024-09-17T06:29:37.143-0300] {dag.py:3089} INFO - Sync 2 DAGs
[2024-09-17T06:29:37.155-0300] {logging_mixin.py:188} INFO - [2024-09-17T06:29:37.154-0300] {dag.py:3947} INFO - Setting next_dagrun for example_external_task_marker_child to None, run_after=None
[2024-09-17T06:29:37.158-0300] {logging_mixin.py:188} INFO - [2024-09-17T06:29:37.158-0300] {dag.py:3947} INFO - Setting next_dagrun for example_external_task_marker_parent to None, run_after=None
[2024-09-17T06:29:37.181-0300] {processor.py:183} INFO - Processing /home/jezandre/airflow/airflow_env/lib/python3.11/site-packages/airflow/example_dags/example_external_task_marker_dag.py took 0.073 seconds
[2024-09-17T06:29:53.775-0300] {processor.py:161} INFO - Started process (PID=21086) to work on /home/jezandre/airflow/airflow_env/lib/python3.11/site-packages/airflow/example_dags/example_external_task_marker_dag.py
[2024-09-17T06:29:53.777-0300] {processor.py:830} INFO - Processing file /home/jezandre/airflow/airflow_env/lib/python3.11/site-packages/airflow/example_dags/example_external_task_marker_dag.py for tasks to queue
[2024-09-17T06:29:53.780-0300] {logging_mixin.py:188} INFO - [2024-09-17T06:29:53.779-0300] {dagbag.py:545} INFO - Filling up the DagBag from /home/jezandre/airflow/airflow_env/lib/python3.11/site-packages/airflow/example_dags/example_external_task_marker_dag.py
[2024-09-17T06:29:53.790-0300] {processor.py:840} INFO - DAG(s) 'example_external_task_marker_parent', 'example_external_task_marker_child' retrieved from /home/jezandre/airflow/airflow_env/lib/python3.11/site-packages/airflow/example_dags/example_external_task_marker_dag.py
[2024-09-17T06:29:54.070-0300] {logging_mixin.py:188} INFO - [2024-09-17T06:29:54.070-0300] {dag.py:3089} INFO - Sync 2 DAGs
[2024-09-17T06:29:54.083-0300] {logging_mixin.py:188} INFO - [2024-09-17T06:29:54.082-0300] {dag.py:3947} INFO - Setting next_dagrun for example_external_task_marker_child to None, run_after=None
[2024-09-17T06:29:54.087-0300] {logging_mixin.py:188} INFO - [2024-09-17T06:29:54.087-0300] {dag.py:3947} INFO - Setting next_dagrun for example_external_task_marker_parent to None, run_after=None
[2024-09-17T06:29:54.118-0300] {processor.py:183} INFO - Processing /home/jezandre/airflow/airflow_env/lib/python3.11/site-packages/airflow/example_dags/example_external_task_marker_dag.py took 0.354 seconds
[2024-09-17T06:30:24.190-0300] {processor.py:161} INFO - Started process (PID=21374) to work on /home/jezandre/airflow/airflow_env/lib/python3.11/site-packages/airflow/example_dags/example_external_task_marker_dag.py
[2024-09-17T06:30:24.191-0300] {processor.py:830} INFO - Processing file /home/jezandre/airflow/airflow_env/lib/python3.11/site-packages/airflow/example_dags/example_external_task_marker_dag.py for tasks to queue
[2024-09-17T06:30:24.193-0300] {logging_mixin.py:188} INFO - [2024-09-17T06:30:24.192-0300] {dagbag.py:545} INFO - Filling up the DagBag from /home/jezandre/airflow/airflow_env/lib/python3.11/site-packages/airflow/example_dags/example_external_task_marker_dag.py
[2024-09-17T06:30:24.199-0300] {processor.py:840} INFO - DAG(s) 'example_external_task_marker_parent', 'example_external_task_marker_child' retrieved from /home/jezandre/airflow/airflow_env/lib/python3.11/site-packages/airflow/example_dags/example_external_task_marker_dag.py
[2024-09-17T06:30:24.234-0300] {logging_mixin.py:188} INFO - [2024-09-17T06:30:24.233-0300] {dag.py:3089} INFO - Sync 2 DAGs
[2024-09-17T06:30:24.250-0300] {logging_mixin.py:188} INFO - [2024-09-17T06:30:24.249-0300] {dag.py:3947} INFO - Setting next_dagrun for example_external_task_marker_child to None, run_after=None
[2024-09-17T06:30:24.255-0300] {logging_mixin.py:188} INFO - [2024-09-17T06:30:24.254-0300] {dag.py:3947} INFO - Setting next_dagrun for example_external_task_marker_parent to None, run_after=None
[2024-09-17T06:30:24.283-0300] {processor.py:183} INFO - Processing /home/jezandre/airflow/airflow_env/lib/python3.11/site-packages/airflow/example_dags/example_external_task_marker_dag.py took 0.099 seconds
[2024-09-17T06:30:54.637-0300] {processor.py:161} INFO - Started process (PID=21584) to work on /home/jezandre/airflow/airflow_env/lib/python3.11/site-packages/airflow/example_dags/example_external_task_marker_dag.py
[2024-09-17T06:30:54.638-0300] {processor.py:830} INFO - Processing file /home/jezandre/airflow/airflow_env/lib/python3.11/site-packages/airflow/example_dags/example_external_task_marker_dag.py for tasks to queue
[2024-09-17T06:30:54.639-0300] {logging_mixin.py:188} INFO - [2024-09-17T06:30:54.639-0300] {dagbag.py:545} INFO - Filling up the DagBag from /home/jezandre/airflow/airflow_env/lib/python3.11/site-packages/airflow/example_dags/example_external_task_marker_dag.py
[2024-09-17T06:30:54.644-0300] {processor.py:840} INFO - DAG(s) 'example_external_task_marker_child', 'example_external_task_marker_parent' retrieved from /home/jezandre/airflow/airflow_env/lib/python3.11/site-packages/airflow/example_dags/example_external_task_marker_dag.py
[2024-09-17T06:30:54.673-0300] {logging_mixin.py:188} INFO - [2024-09-17T06:30:54.673-0300] {dag.py:3089} INFO - Sync 2 DAGs
[2024-09-17T06:30:54.687-0300] {logging_mixin.py:188} INFO - [2024-09-17T06:30:54.687-0300] {dag.py:3947} INFO - Setting next_dagrun for example_external_task_marker_child to None, run_after=None
[2024-09-17T06:30:54.692-0300] {logging_mixin.py:188} INFO - [2024-09-17T06:30:54.691-0300] {dag.py:3947} INFO - Setting next_dagrun for example_external_task_marker_parent to None, run_after=None
[2024-09-17T06:30:54.716-0300] {processor.py:183} INFO - Processing /home/jezandre/airflow/airflow_env/lib/python3.11/site-packages/airflow/example_dags/example_external_task_marker_dag.py took 0.085 seconds
[2024-09-17T06:31:24.999-0300] {processor.py:161} INFO - Started process (PID=21781) to work on /home/jezandre/airflow/airflow_env/lib/python3.11/site-packages/airflow/example_dags/example_external_task_marker_dag.py
[2024-09-17T06:31:25.000-0300] {processor.py:830} INFO - Processing file /home/jezandre/airflow/airflow_env/lib/python3.11/site-packages/airflow/example_dags/example_external_task_marker_dag.py for tasks to queue
[2024-09-17T06:31:25.002-0300] {logging_mixin.py:188} INFO - [2024-09-17T06:31:25.001-0300] {dagbag.py:545} INFO - Filling up the DagBag from /home/jezandre/airflow/airflow_env/lib/python3.11/site-packages/airflow/example_dags/example_external_task_marker_dag.py
[2024-09-17T06:31:25.007-0300] {processor.py:840} INFO - DAG(s) 'example_external_task_marker_child', 'example_external_task_marker_parent' retrieved from /home/jezandre/airflow/airflow_env/lib/python3.11/site-packages/airflow/example_dags/example_external_task_marker_dag.py
[2024-09-17T06:31:25.035-0300] {logging_mixin.py:188} INFO - [2024-09-17T06:31:25.035-0300] {dag.py:3089} INFO - Sync 2 DAGs
[2024-09-17T06:31:25.049-0300] {logging_mixin.py:188} INFO - [2024-09-17T06:31:25.049-0300] {dag.py:3947} INFO - Setting next_dagrun for example_external_task_marker_child to None, run_after=None
[2024-09-17T06:31:25.054-0300] {logging_mixin.py:188} INFO - [2024-09-17T06:31:25.054-0300] {dag.py:3947} INFO - Setting next_dagrun for example_external_task_marker_parent to None, run_after=None
[2024-09-17T06:31:25.075-0300] {processor.py:183} INFO - Processing /home/jezandre/airflow/airflow_env/lib/python3.11/site-packages/airflow/example_dags/example_external_task_marker_dag.py took 0.082 seconds
[2024-09-17T06:31:55.489-0300] {processor.py:161} INFO - Started process (PID=22071) to work on /home/jezandre/airflow/airflow_env/lib/python3.11/site-packages/airflow/example_dags/example_external_task_marker_dag.py
[2024-09-17T06:31:55.491-0300] {processor.py:830} INFO - Processing file /home/jezandre/airflow/airflow_env/lib/python3.11/site-packages/airflow/example_dags/example_external_task_marker_dag.py for tasks to queue
[2024-09-17T06:31:55.493-0300] {logging_mixin.py:188} INFO - [2024-09-17T06:31:55.493-0300] {dagbag.py:545} INFO - Filling up the DagBag from /home/jezandre/airflow/airflow_env/lib/python3.11/site-packages/airflow/example_dags/example_external_task_marker_dag.py
[2024-09-17T06:31:55.502-0300] {processor.py:840} INFO - DAG(s) 'example_external_task_marker_parent', 'example_external_task_marker_child' retrieved from /home/jezandre/airflow/airflow_env/lib/python3.11/site-packages/airflow/example_dags/example_external_task_marker_dag.py
[2024-09-17T06:31:55.534-0300] {logging_mixin.py:188} INFO - [2024-09-17T06:31:55.534-0300] {dag.py:3089} INFO - Sync 2 DAGs
[2024-09-17T06:31:55.551-0300] {logging_mixin.py:188} INFO - [2024-09-17T06:31:55.550-0300] {dag.py:3947} INFO - Setting next_dagrun for example_external_task_marker_child to None, run_after=None
[2024-09-17T06:31:55.557-0300] {logging_mixin.py:188} INFO - [2024-09-17T06:31:55.556-0300] {dag.py:3947} INFO - Setting next_dagrun for example_external_task_marker_parent to None, run_after=None
[2024-09-17T06:31:55.583-0300] {processor.py:183} INFO - Processing /home/jezandre/airflow/airflow_env/lib/python3.11/site-packages/airflow/example_dags/example_external_task_marker_dag.py took 0.100 seconds
[2024-09-17T06:32:26.357-0300] {processor.py:161} INFO - Started process (PID=22550) to work on /home/jezandre/airflow/airflow_env/lib/python3.11/site-packages/airflow/example_dags/example_external_task_marker_dag.py
[2024-09-17T06:32:26.358-0300] {processor.py:830} INFO - Processing file /home/jezandre/airflow/airflow_env/lib/python3.11/site-packages/airflow/example_dags/example_external_task_marker_dag.py for tasks to queue
[2024-09-17T06:32:26.359-0300] {logging_mixin.py:188} INFO - [2024-09-17T06:32:26.359-0300] {dagbag.py:545} INFO - Filling up the DagBag from /home/jezandre/airflow/airflow_env/lib/python3.11/site-packages/airflow/example_dags/example_external_task_marker_dag.py
[2024-09-17T06:32:26.367-0300] {processor.py:840} INFO - DAG(s) 'example_external_task_marker_child', 'example_external_task_marker_parent' retrieved from /home/jezandre/airflow/airflow_env/lib/python3.11/site-packages/airflow/example_dags/example_external_task_marker_dag.py
[2024-09-17T06:32:26.575-0300] {logging_mixin.py:188} INFO - [2024-09-17T06:32:26.575-0300] {dag.py:3089} INFO - Sync 2 DAGs
[2024-09-17T06:32:26.591-0300] {logging_mixin.py:188} INFO - [2024-09-17T06:32:26.591-0300] {dag.py:3947} INFO - Setting next_dagrun for example_external_task_marker_child to None, run_after=None
[2024-09-17T06:32:26.595-0300] {logging_mixin.py:188} INFO - [2024-09-17T06:32:26.594-0300] {dag.py:3947} INFO - Setting next_dagrun for example_external_task_marker_parent to None, run_after=None
[2024-09-17T06:32:26.622-0300] {processor.py:183} INFO - Processing /home/jezandre/airflow/airflow_env/lib/python3.11/site-packages/airflow/example_dags/example_external_task_marker_dag.py took 0.272 seconds
[2024-09-17T06:32:57.021-0300] {processor.py:161} INFO - Started process (PID=22914) to work on /home/jezandre/airflow/airflow_env/lib/python3.11/site-packages/airflow/example_dags/example_external_task_marker_dag.py
[2024-09-17T06:32:57.022-0300] {processor.py:830} INFO - Processing file /home/jezandre/airflow/airflow_env/lib/python3.11/site-packages/airflow/example_dags/example_external_task_marker_dag.py for tasks to queue
[2024-09-17T06:32:57.024-0300] {logging_mixin.py:188} INFO - [2024-09-17T06:32:57.024-0300] {dagbag.py:545} INFO - Filling up the DagBag from /home/jezandre/airflow/airflow_env/lib/python3.11/site-packages/airflow/example_dags/example_external_task_marker_dag.py
[2024-09-17T06:32:57.031-0300] {processor.py:840} INFO - DAG(s) 'example_external_task_marker_child', 'example_external_task_marker_parent' retrieved from /home/jezandre/airflow/airflow_env/lib/python3.11/site-packages/airflow/example_dags/example_external_task_marker_dag.py
[2024-09-17T06:32:57.068-0300] {logging_mixin.py:188} INFO - [2024-09-17T06:32:57.068-0300] {dag.py:3089} INFO - Sync 2 DAGs
[2024-09-17T06:32:57.089-0300] {logging_mixin.py:188} INFO - [2024-09-17T06:32:57.089-0300] {dag.py:3947} INFO - Setting next_dagrun for example_external_task_marker_child to None, run_after=None
[2024-09-17T06:32:57.097-0300] {logging_mixin.py:188} INFO - [2024-09-17T06:32:57.097-0300] {dag.py:3947} INFO - Setting next_dagrun for example_external_task_marker_parent to None, run_after=None
[2024-09-17T06:32:57.133-0300] {processor.py:183} INFO - Processing /home/jezandre/airflow/airflow_env/lib/python3.11/site-packages/airflow/example_dags/example_external_task_marker_dag.py took 0.118 seconds
[2024-09-17T06:33:27.533-0300] {processor.py:161} INFO - Started process (PID=23146) to work on /home/jezandre/airflow/airflow_env/lib/python3.11/site-packages/airflow/example_dags/example_external_task_marker_dag.py
[2024-09-17T06:33:27.535-0300] {processor.py:830} INFO - Processing file /home/jezandre/airflow/airflow_env/lib/python3.11/site-packages/airflow/example_dags/example_external_task_marker_dag.py for tasks to queue
[2024-09-17T06:33:27.537-0300] {logging_mixin.py:188} INFO - [2024-09-17T06:33:27.537-0300] {dagbag.py:545} INFO - Filling up the DagBag from /home/jezandre/airflow/airflow_env/lib/python3.11/site-packages/airflow/example_dags/example_external_task_marker_dag.py
[2024-09-17T06:33:27.547-0300] {processor.py:840} INFO - DAG(s) 'example_external_task_marker_parent', 'example_external_task_marker_child' retrieved from /home/jezandre/airflow/airflow_env/lib/python3.11/site-packages/airflow/example_dags/example_external_task_marker_dag.py
[2024-09-17T06:33:27.594-0300] {logging_mixin.py:188} INFO - [2024-09-17T06:33:27.593-0300] {dag.py:3089} INFO - Sync 2 DAGs
[2024-09-17T06:33:27.613-0300] {logging_mixin.py:188} INFO - [2024-09-17T06:33:27.612-0300] {dag.py:3947} INFO - Setting next_dagrun for example_external_task_marker_child to None, run_after=None
[2024-09-17T06:33:27.618-0300] {logging_mixin.py:188} INFO - [2024-09-17T06:33:27.618-0300] {dag.py:3947} INFO - Setting next_dagrun for example_external_task_marker_parent to None, run_after=None
[2024-09-17T06:33:27.647-0300] {processor.py:183} INFO - Processing /home/jezandre/airflow/airflow_env/lib/python3.11/site-packages/airflow/example_dags/example_external_task_marker_dag.py took 0.121 seconds
[2024-09-17T06:33:58.222-0300] {processor.py:161} INFO - Started process (PID=23424) to work on /home/jezandre/airflow/airflow_env/lib/python3.11/site-packages/airflow/example_dags/example_external_task_marker_dag.py
[2024-09-17T06:33:58.223-0300] {processor.py:830} INFO - Processing file /home/jezandre/airflow/airflow_env/lib/python3.11/site-packages/airflow/example_dags/example_external_task_marker_dag.py for tasks to queue
[2024-09-17T06:33:58.226-0300] {logging_mixin.py:188} INFO - [2024-09-17T06:33:58.225-0300] {dagbag.py:545} INFO - Filling up the DagBag from /home/jezandre/airflow/airflow_env/lib/python3.11/site-packages/airflow/example_dags/example_external_task_marker_dag.py
[2024-09-17T06:33:58.232-0300] {processor.py:840} INFO - DAG(s) 'example_external_task_marker_child', 'example_external_task_marker_parent' retrieved from /home/jezandre/airflow/airflow_env/lib/python3.11/site-packages/airflow/example_dags/example_external_task_marker_dag.py
[2024-09-17T06:33:58.273-0300] {logging_mixin.py:188} INFO - [2024-09-17T06:33:58.272-0300] {dag.py:3089} INFO - Sync 2 DAGs
[2024-09-17T06:33:58.297-0300] {logging_mixin.py:188} INFO - [2024-09-17T06:33:58.296-0300] {dag.py:3947} INFO - Setting next_dagrun for example_external_task_marker_child to None, run_after=None
[2024-09-17T06:33:58.302-0300] {logging_mixin.py:188} INFO - [2024-09-17T06:33:58.302-0300] {dag.py:3947} INFO - Setting next_dagrun for example_external_task_marker_parent to None, run_after=None
[2024-09-17T06:33:58.326-0300] {processor.py:183} INFO - Processing /home/jezandre/airflow/airflow_env/lib/python3.11/site-packages/airflow/example_dags/example_external_task_marker_dag.py took 0.110 seconds
[2024-09-17T06:34:28.599-0300] {processor.py:161} INFO - Started process (PID=23666) to work on /home/jezandre/airflow/airflow_env/lib/python3.11/site-packages/airflow/example_dags/example_external_task_marker_dag.py
[2024-09-17T06:34:28.601-0300] {processor.py:830} INFO - Processing file /home/jezandre/airflow/airflow_env/lib/python3.11/site-packages/airflow/example_dags/example_external_task_marker_dag.py for tasks to queue
[2024-09-17T06:34:28.603-0300] {logging_mixin.py:188} INFO - [2024-09-17T06:34:28.603-0300] {dagbag.py:545} INFO - Filling up the DagBag from /home/jezandre/airflow/airflow_env/lib/python3.11/site-packages/airflow/example_dags/example_external_task_marker_dag.py
[2024-09-17T06:34:28.612-0300] {processor.py:840} INFO - DAG(s) 'example_external_task_marker_child', 'example_external_task_marker_parent' retrieved from /home/jezandre/airflow/airflow_env/lib/python3.11/site-packages/airflow/example_dags/example_external_task_marker_dag.py
[2024-09-17T06:34:28.665-0300] {logging_mixin.py:188} INFO - [2024-09-17T06:34:28.665-0300] {dag.py:3089} INFO - Sync 2 DAGs
[2024-09-17T06:34:28.693-0300] {logging_mixin.py:188} INFO - [2024-09-17T06:34:28.692-0300] {dag.py:3947} INFO - Setting next_dagrun for example_external_task_marker_child to None, run_after=None
[2024-09-17T06:34:28.702-0300] {logging_mixin.py:188} INFO - [2024-09-17T06:34:28.701-0300] {dag.py:3947} INFO - Setting next_dagrun for example_external_task_marker_parent to None, run_after=None
[2024-09-17T06:34:28.738-0300] {processor.py:183} INFO - Processing /home/jezandre/airflow/airflow_env/lib/python3.11/site-packages/airflow/example_dags/example_external_task_marker_dag.py took 0.146 seconds
[2024-09-17T06:34:59.117-0300] {processor.py:161} INFO - Started process (PID=24013) to work on /home/jezandre/airflow/airflow_env/lib/python3.11/site-packages/airflow/example_dags/example_external_task_marker_dag.py
[2024-09-17T06:34:59.119-0300] {processor.py:830} INFO - Processing file /home/jezandre/airflow/airflow_env/lib/python3.11/site-packages/airflow/example_dags/example_external_task_marker_dag.py for tasks to queue
[2024-09-17T06:34:59.121-0300] {logging_mixin.py:188} INFO - [2024-09-17T06:34:59.121-0300] {dagbag.py:545} INFO - Filling up the DagBag from /home/jezandre/airflow/airflow_env/lib/python3.11/site-packages/airflow/example_dags/example_external_task_marker_dag.py
[2024-09-17T06:34:59.128-0300] {processor.py:840} INFO - DAG(s) 'example_external_task_marker_parent', 'example_external_task_marker_child' retrieved from /home/jezandre/airflow/airflow_env/lib/python3.11/site-packages/airflow/example_dags/example_external_task_marker_dag.py
[2024-09-17T06:34:59.164-0300] {logging_mixin.py:188} INFO - [2024-09-17T06:34:59.164-0300] {dag.py:3089} INFO - Sync 2 DAGs
[2024-09-17T06:34:59.182-0300] {logging_mixin.py:188} INFO - [2024-09-17T06:34:59.182-0300] {dag.py:3947} INFO - Setting next_dagrun for example_external_task_marker_child to None, run_after=None
[2024-09-17T06:34:59.188-0300] {logging_mixin.py:188} INFO - [2024-09-17T06:34:59.188-0300] {dag.py:3947} INFO - Setting next_dagrun for example_external_task_marker_parent to None, run_after=None
[2024-09-17T06:34:59.213-0300] {processor.py:183} INFO - Processing /home/jezandre/airflow/airflow_env/lib/python3.11/site-packages/airflow/example_dags/example_external_task_marker_dag.py took 0.101 seconds
[2024-09-17T06:35:29.721-0300] {processor.py:161} INFO - Started process (PID=24254) to work on /home/jezandre/airflow/airflow_env/lib/python3.11/site-packages/airflow/example_dags/example_external_task_marker_dag.py
[2024-09-17T06:35:29.723-0300] {processor.py:830} INFO - Processing file /home/jezandre/airflow/airflow_env/lib/python3.11/site-packages/airflow/example_dags/example_external_task_marker_dag.py for tasks to queue
[2024-09-17T06:35:29.724-0300] {logging_mixin.py:188} INFO - [2024-09-17T06:35:29.724-0300] {dagbag.py:545} INFO - Filling up the DagBag from /home/jezandre/airflow/airflow_env/lib/python3.11/site-packages/airflow/example_dags/example_external_task_marker_dag.py
[2024-09-17T06:35:29.730-0300] {processor.py:840} INFO - DAG(s) 'example_external_task_marker_parent', 'example_external_task_marker_child' retrieved from /home/jezandre/airflow/airflow_env/lib/python3.11/site-packages/airflow/example_dags/example_external_task_marker_dag.py
[2024-09-17T06:35:29.766-0300] {logging_mixin.py:188} INFO - [2024-09-17T06:35:29.765-0300] {dag.py:3089} INFO - Sync 2 DAGs
[2024-09-17T06:35:29.783-0300] {logging_mixin.py:188} INFO - [2024-09-17T06:35:29.783-0300] {dag.py:3947} INFO - Setting next_dagrun for example_external_task_marker_child to None, run_after=None
[2024-09-17T06:35:29.790-0300] {logging_mixin.py:188} INFO - [2024-09-17T06:35:29.790-0300] {dag.py:3947} INFO - Setting next_dagrun for example_external_task_marker_parent to None, run_after=None
[2024-09-17T06:35:29.819-0300] {processor.py:183} INFO - Processing /home/jezandre/airflow/airflow_env/lib/python3.11/site-packages/airflow/example_dags/example_external_task_marker_dag.py took 0.104 seconds
[2024-09-17T06:36:00.065-0300] {processor.py:161} INFO - Started process (PID=24574) to work on /home/jezandre/airflow/airflow_env/lib/python3.11/site-packages/airflow/example_dags/example_external_task_marker_dag.py
[2024-09-17T06:36:00.066-0300] {processor.py:830} INFO - Processing file /home/jezandre/airflow/airflow_env/lib/python3.11/site-packages/airflow/example_dags/example_external_task_marker_dag.py for tasks to queue
[2024-09-17T06:36:00.068-0300] {logging_mixin.py:188} INFO - [2024-09-17T06:36:00.068-0300] {dagbag.py:545} INFO - Filling up the DagBag from /home/jezandre/airflow/airflow_env/lib/python3.11/site-packages/airflow/example_dags/example_external_task_marker_dag.py
[2024-09-17T06:36:00.075-0300] {processor.py:840} INFO - DAG(s) 'example_external_task_marker_parent', 'example_external_task_marker_child' retrieved from /home/jezandre/airflow/airflow_env/lib/python3.11/site-packages/airflow/example_dags/example_external_task_marker_dag.py
[2024-09-17T06:36:00.117-0300] {logging_mixin.py:188} INFO - [2024-09-17T06:36:00.116-0300] {dag.py:3089} INFO - Sync 2 DAGs
[2024-09-17T06:36:00.135-0300] {logging_mixin.py:188} INFO - [2024-09-17T06:36:00.134-0300] {dag.py:3947} INFO - Setting next_dagrun for example_external_task_marker_child to None, run_after=None
[2024-09-17T06:36:00.140-0300] {logging_mixin.py:188} INFO - [2024-09-17T06:36:00.139-0300] {dag.py:3947} INFO - Setting next_dagrun for example_external_task_marker_parent to None, run_after=None
[2024-09-17T06:36:00.167-0300] {processor.py:183} INFO - Processing /home/jezandre/airflow/airflow_env/lib/python3.11/site-packages/airflow/example_dags/example_external_task_marker_dag.py took 0.110 seconds
[2024-09-17T06:36:30.402-0300] {processor.py:161} INFO - Started process (PID=24789) to work on /home/jezandre/airflow/airflow_env/lib/python3.11/site-packages/airflow/example_dags/example_external_task_marker_dag.py
[2024-09-17T06:36:30.404-0300] {processor.py:830} INFO - Processing file /home/jezandre/airflow/airflow_env/lib/python3.11/site-packages/airflow/example_dags/example_external_task_marker_dag.py for tasks to queue
[2024-09-17T06:36:30.405-0300] {logging_mixin.py:188} INFO - [2024-09-17T06:36:30.405-0300] {dagbag.py:545} INFO - Filling up the DagBag from /home/jezandre/airflow/airflow_env/lib/python3.11/site-packages/airflow/example_dags/example_external_task_marker_dag.py
[2024-09-17T06:36:30.416-0300] {processor.py:840} INFO - DAG(s) 'example_external_task_marker_child', 'example_external_task_marker_parent' retrieved from /home/jezandre/airflow/airflow_env/lib/python3.11/site-packages/airflow/example_dags/example_external_task_marker_dag.py
[2024-09-17T06:36:30.458-0300] {logging_mixin.py:188} INFO - [2024-09-17T06:36:30.458-0300] {dag.py:3089} INFO - Sync 2 DAGs
[2024-09-17T06:36:30.478-0300] {logging_mixin.py:188} INFO - [2024-09-17T06:36:30.478-0300] {dag.py:3947} INFO - Setting next_dagrun for example_external_task_marker_child to None, run_after=None
[2024-09-17T06:36:30.487-0300] {logging_mixin.py:188} INFO - [2024-09-17T06:36:30.487-0300] {dag.py:3947} INFO - Setting next_dagrun for example_external_task_marker_parent to None, run_after=None
[2024-09-17T06:36:30.530-0300] {processor.py:183} INFO - Processing /home/jezandre/airflow/airflow_env/lib/python3.11/site-packages/airflow/example_dags/example_external_task_marker_dag.py took 0.133 seconds
[2024-09-17T06:37:00.901-0300] {processor.py:161} INFO - Started process (PID=25024) to work on /home/jezandre/airflow/airflow_env/lib/python3.11/site-packages/airflow/example_dags/example_external_task_marker_dag.py
[2024-09-17T06:37:00.903-0300] {processor.py:830} INFO - Processing file /home/jezandre/airflow/airflow_env/lib/python3.11/site-packages/airflow/example_dags/example_external_task_marker_dag.py for tasks to queue
[2024-09-17T06:37:00.904-0300] {logging_mixin.py:188} INFO - [2024-09-17T06:37:00.904-0300] {dagbag.py:545} INFO - Filling up the DagBag from /home/jezandre/airflow/airflow_env/lib/python3.11/site-packages/airflow/example_dags/example_external_task_marker_dag.py
[2024-09-17T06:37:00.912-0300] {processor.py:840} INFO - DAG(s) 'example_external_task_marker_child', 'example_external_task_marker_parent' retrieved from /home/jezandre/airflow/airflow_env/lib/python3.11/site-packages/airflow/example_dags/example_external_task_marker_dag.py
[2024-09-17T06:37:00.950-0300] {logging_mixin.py:188} INFO - [2024-09-17T06:37:00.950-0300] {dag.py:3089} INFO - Sync 2 DAGs
[2024-09-17T06:37:00.969-0300] {logging_mixin.py:188} INFO - [2024-09-17T06:37:00.969-0300] {dag.py:3947} INFO - Setting next_dagrun for example_external_task_marker_child to None, run_after=None
[2024-09-17T06:37:00.974-0300] {logging_mixin.py:188} INFO - [2024-09-17T06:37:00.974-0300] {dag.py:3947} INFO - Setting next_dagrun for example_external_task_marker_parent to None, run_after=None
[2024-09-17T06:37:01.002-0300] {processor.py:183} INFO - Processing /home/jezandre/airflow/airflow_env/lib/python3.11/site-packages/airflow/example_dags/example_external_task_marker_dag.py took 0.109 seconds
[2024-09-17T06:37:32.429-0300] {processor.py:161} INFO - Started process (PID=25233) to work on /home/jezandre/airflow/airflow_env/lib/python3.11/site-packages/airflow/example_dags/example_external_task_marker_dag.py
[2024-09-17T06:37:32.431-0300] {processor.py:830} INFO - Processing file /home/jezandre/airflow/airflow_env/lib/python3.11/site-packages/airflow/example_dags/example_external_task_marker_dag.py for tasks to queue
[2024-09-17T06:37:32.433-0300] {logging_mixin.py:188} INFO - [2024-09-17T06:37:32.433-0300] {dagbag.py:545} INFO - Filling up the DagBag from /home/jezandre/airflow/airflow_env/lib/python3.11/site-packages/airflow/example_dags/example_external_task_marker_dag.py
[2024-09-17T06:37:32.442-0300] {processor.py:840} INFO - DAG(s) 'example_external_task_marker_parent', 'example_external_task_marker_child' retrieved from /home/jezandre/airflow/airflow_env/lib/python3.11/site-packages/airflow/example_dags/example_external_task_marker_dag.py
[2024-09-17T06:37:32.625-0300] {logging_mixin.py:188} INFO - [2024-09-17T06:37:32.625-0300] {dag.py:3089} INFO - Sync 2 DAGs
[2024-09-17T06:37:32.641-0300] {logging_mixin.py:188} INFO - [2024-09-17T06:37:32.641-0300] {dag.py:3947} INFO - Setting next_dagrun for example_external_task_marker_child to None, run_after=None
[2024-09-17T06:37:32.647-0300] {logging_mixin.py:188} INFO - [2024-09-17T06:37:32.646-0300] {dag.py:3947} INFO - Setting next_dagrun for example_external_task_marker_parent to None, run_after=None
[2024-09-17T06:37:32.684-0300] {processor.py:183} INFO - Processing /home/jezandre/airflow/airflow_env/lib/python3.11/site-packages/airflow/example_dags/example_external_task_marker_dag.py took 0.262 seconds
[2024-09-17T06:38:03.457-0300] {processor.py:161} INFO - Started process (PID=25483) to work on /home/jezandre/airflow/airflow_env/lib/python3.11/site-packages/airflow/example_dags/example_external_task_marker_dag.py
[2024-09-17T06:38:03.458-0300] {processor.py:830} INFO - Processing file /home/jezandre/airflow/airflow_env/lib/python3.11/site-packages/airflow/example_dags/example_external_task_marker_dag.py for tasks to queue
[2024-09-17T06:38:03.460-0300] {logging_mixin.py:188} INFO - [2024-09-17T06:38:03.459-0300] {dagbag.py:545} INFO - Filling up the DagBag from /home/jezandre/airflow/airflow_env/lib/python3.11/site-packages/airflow/example_dags/example_external_task_marker_dag.py
[2024-09-17T06:38:03.466-0300] {processor.py:840} INFO - DAG(s) 'example_external_task_marker_child', 'example_external_task_marker_parent' retrieved from /home/jezandre/airflow/airflow_env/lib/python3.11/site-packages/airflow/example_dags/example_external_task_marker_dag.py
[2024-09-17T06:38:03.495-0300] {logging_mixin.py:188} INFO - [2024-09-17T06:38:03.495-0300] {dag.py:3089} INFO - Sync 2 DAGs
[2024-09-17T06:38:03.509-0300] {logging_mixin.py:188} INFO - [2024-09-17T06:38:03.509-0300] {dag.py:3947} INFO - Setting next_dagrun for example_external_task_marker_child to None, run_after=None
[2024-09-17T06:38:03.515-0300] {logging_mixin.py:188} INFO - [2024-09-17T06:38:03.514-0300] {dag.py:3947} INFO - Setting next_dagrun for example_external_task_marker_parent to None, run_after=None
[2024-09-17T06:38:03.538-0300] {processor.py:183} INFO - Processing /home/jezandre/airflow/airflow_env/lib/python3.11/site-packages/airflow/example_dags/example_external_task_marker_dag.py took 0.088 seconds
[2024-09-17T06:38:33.853-0300] {processor.py:161} INFO - Started process (PID=25785) to work on /home/jezandre/airflow/airflow_env/lib/python3.11/site-packages/airflow/example_dags/example_external_task_marker_dag.py
[2024-09-17T06:38:33.854-0300] {processor.py:830} INFO - Processing file /home/jezandre/airflow/airflow_env/lib/python3.11/site-packages/airflow/example_dags/example_external_task_marker_dag.py for tasks to queue
[2024-09-17T06:38:33.855-0300] {logging_mixin.py:188} INFO - [2024-09-17T06:38:33.854-0300] {dagbag.py:545} INFO - Filling up the DagBag from /home/jezandre/airflow/airflow_env/lib/python3.11/site-packages/airflow/example_dags/example_external_task_marker_dag.py
[2024-09-17T06:38:33.859-0300] {processor.py:840} INFO - DAG(s) 'example_external_task_marker_child', 'example_external_task_marker_parent' retrieved from /home/jezandre/airflow/airflow_env/lib/python3.11/site-packages/airflow/example_dags/example_external_task_marker_dag.py
[2024-09-17T06:38:33.893-0300] {logging_mixin.py:188} INFO - [2024-09-17T06:38:33.892-0300] {dag.py:3089} INFO - Sync 2 DAGs
[2024-09-17T06:38:33.912-0300] {logging_mixin.py:188} INFO - [2024-09-17T06:38:33.912-0300] {dag.py:3947} INFO - Setting next_dagrun for example_external_task_marker_child to None, run_after=None
[2024-09-17T06:38:33.917-0300] {logging_mixin.py:188} INFO - [2024-09-17T06:38:33.917-0300] {dag.py:3947} INFO - Setting next_dagrun for example_external_task_marker_parent to None, run_after=None
[2024-09-17T06:38:33.939-0300] {processor.py:183} INFO - Processing /home/jezandre/airflow/airflow_env/lib/python3.11/site-packages/airflow/example_dags/example_external_task_marker_dag.py took 0.094 seconds
[2024-09-17T06:39:04.492-0300] {processor.py:161} INFO - Started process (PID=26125) to work on /home/jezandre/airflow/airflow_env/lib/python3.11/site-packages/airflow/example_dags/example_external_task_marker_dag.py
[2024-09-17T06:39:04.494-0300] {processor.py:830} INFO - Processing file /home/jezandre/airflow/airflow_env/lib/python3.11/site-packages/airflow/example_dags/example_external_task_marker_dag.py for tasks to queue
[2024-09-17T06:39:04.496-0300] {logging_mixin.py:188} INFO - [2024-09-17T06:39:04.496-0300] {dagbag.py:545} INFO - Filling up the DagBag from /home/jezandre/airflow/airflow_env/lib/python3.11/site-packages/airflow/example_dags/example_external_task_marker_dag.py
[2024-09-17T06:39:04.504-0300] {processor.py:840} INFO - DAG(s) 'example_external_task_marker_child', 'example_external_task_marker_parent' retrieved from /home/jezandre/airflow/airflow_env/lib/python3.11/site-packages/airflow/example_dags/example_external_task_marker_dag.py
[2024-09-17T06:39:04.538-0300] {logging_mixin.py:188} INFO - [2024-09-17T06:39:04.537-0300] {dag.py:3089} INFO - Sync 2 DAGs
[2024-09-17T06:39:04.552-0300] {logging_mixin.py:188} INFO - [2024-09-17T06:39:04.552-0300] {dag.py:3947} INFO - Setting next_dagrun for example_external_task_marker_child to None, run_after=None
[2024-09-17T06:39:04.556-0300] {logging_mixin.py:188} INFO - [2024-09-17T06:39:04.556-0300] {dag.py:3947} INFO - Setting next_dagrun for example_external_task_marker_parent to None, run_after=None
[2024-09-17T06:39:04.578-0300] {processor.py:183} INFO - Processing /home/jezandre/airflow/airflow_env/lib/python3.11/site-packages/airflow/example_dags/example_external_task_marker_dag.py took 0.094 seconds
[2024-09-17T06:39:35.060-0300] {processor.py:161} INFO - Started process (PID=26347) to work on /home/jezandre/airflow/airflow_env/lib/python3.11/site-packages/airflow/example_dags/example_external_task_marker_dag.py
[2024-09-17T06:39:35.062-0300] {processor.py:830} INFO - Processing file /home/jezandre/airflow/airflow_env/lib/python3.11/site-packages/airflow/example_dags/example_external_task_marker_dag.py for tasks to queue
[2024-09-17T06:39:35.064-0300] {logging_mixin.py:188} INFO - [2024-09-17T06:39:35.063-0300] {dagbag.py:545} INFO - Filling up the DagBag from /home/jezandre/airflow/airflow_env/lib/python3.11/site-packages/airflow/example_dags/example_external_task_marker_dag.py
[2024-09-17T06:39:35.071-0300] {processor.py:840} INFO - DAG(s) 'example_external_task_marker_child', 'example_external_task_marker_parent' retrieved from /home/jezandre/airflow/airflow_env/lib/python3.11/site-packages/airflow/example_dags/example_external_task_marker_dag.py
[2024-09-17T06:39:35.117-0300] {logging_mixin.py:188} INFO - [2024-09-17T06:39:35.116-0300] {dag.py:3089} INFO - Sync 2 DAGs
[2024-09-17T06:39:35.146-0300] {logging_mixin.py:188} INFO - [2024-09-17T06:39:35.145-0300] {dag.py:3947} INFO - Setting next_dagrun for example_external_task_marker_child to None, run_after=None
[2024-09-17T06:39:35.151-0300] {logging_mixin.py:188} INFO - [2024-09-17T06:39:35.151-0300] {dag.py:3947} INFO - Setting next_dagrun for example_external_task_marker_parent to None, run_after=None
[2024-09-17T06:39:35.184-0300] {processor.py:183} INFO - Processing /home/jezandre/airflow/airflow_env/lib/python3.11/site-packages/airflow/example_dags/example_external_task_marker_dag.py took 0.134 seconds
[2024-09-17T06:40:05.857-0300] {processor.py:161} INFO - Started process (PID=26636) to work on /home/jezandre/airflow/airflow_env/lib/python3.11/site-packages/airflow/example_dags/example_external_task_marker_dag.py
[2024-09-17T06:40:05.858-0300] {processor.py:830} INFO - Processing file /home/jezandre/airflow/airflow_env/lib/python3.11/site-packages/airflow/example_dags/example_external_task_marker_dag.py for tasks to queue
[2024-09-17T06:40:05.860-0300] {logging_mixin.py:188} INFO - [2024-09-17T06:40:05.859-0300] {dagbag.py:545} INFO - Filling up the DagBag from /home/jezandre/airflow/airflow_env/lib/python3.11/site-packages/airflow/example_dags/example_external_task_marker_dag.py
[2024-09-17T06:40:05.864-0300] {processor.py:840} INFO - DAG(s) 'example_external_task_marker_child', 'example_external_task_marker_parent' retrieved from /home/jezandre/airflow/airflow_env/lib/python3.11/site-packages/airflow/example_dags/example_external_task_marker_dag.py
[2024-09-17T06:40:05.893-0300] {logging_mixin.py:188} INFO - [2024-09-17T06:40:05.893-0300] {dag.py:3089} INFO - Sync 2 DAGs
[2024-09-17T06:40:05.907-0300] {logging_mixin.py:188} INFO - [2024-09-17T06:40:05.906-0300] {dag.py:3947} INFO - Setting next_dagrun for example_external_task_marker_child to None, run_after=None
[2024-09-17T06:40:05.911-0300] {logging_mixin.py:188} INFO - [2024-09-17T06:40:05.910-0300] {dag.py:3947} INFO - Setting next_dagrun for example_external_task_marker_parent to None, run_after=None
[2024-09-17T06:40:05.944-0300] {processor.py:183} INFO - Processing /home/jezandre/airflow/airflow_env/lib/python3.11/site-packages/airflow/example_dags/example_external_task_marker_dag.py took 0.094 seconds
[2024-09-17T06:40:36.394-0300] {processor.py:161} INFO - Started process (PID=26977) to work on /home/jezandre/airflow/airflow_env/lib/python3.11/site-packages/airflow/example_dags/example_external_task_marker_dag.py
[2024-09-17T06:40:36.396-0300] {processor.py:830} INFO - Processing file /home/jezandre/airflow/airflow_env/lib/python3.11/site-packages/airflow/example_dags/example_external_task_marker_dag.py for tasks to queue
[2024-09-17T06:40:36.398-0300] {logging_mixin.py:188} INFO - [2024-09-17T06:40:36.397-0300] {dagbag.py:545} INFO - Filling up the DagBag from /home/jezandre/airflow/airflow_env/lib/python3.11/site-packages/airflow/example_dags/example_external_task_marker_dag.py
[2024-09-17T06:40:36.404-0300] {processor.py:840} INFO - DAG(s) 'example_external_task_marker_child', 'example_external_task_marker_parent' retrieved from /home/jezandre/airflow/airflow_env/lib/python3.11/site-packages/airflow/example_dags/example_external_task_marker_dag.py
[2024-09-17T06:40:36.439-0300] {logging_mixin.py:188} INFO - [2024-09-17T06:40:36.439-0300] {dag.py:3089} INFO - Sync 2 DAGs
[2024-09-17T06:40:36.454-0300] {logging_mixin.py:188} INFO - [2024-09-17T06:40:36.454-0300] {dag.py:3947} INFO - Setting next_dagrun for example_external_task_marker_child to None, run_after=None
[2024-09-17T06:40:36.458-0300] {logging_mixin.py:188} INFO - [2024-09-17T06:40:36.458-0300] {dag.py:3947} INFO - Setting next_dagrun for example_external_task_marker_parent to None, run_after=None
[2024-09-17T06:40:36.479-0300] {processor.py:183} INFO - Processing /home/jezandre/airflow/airflow_env/lib/python3.11/site-packages/airflow/example_dags/example_external_task_marker_dag.py took 0.093 seconds
[2024-09-17T06:41:06.761-0300] {processor.py:161} INFO - Started process (PID=27323) to work on /home/jezandre/airflow/airflow_env/lib/python3.11/site-packages/airflow/example_dags/example_external_task_marker_dag.py
[2024-09-17T06:41:06.762-0300] {processor.py:830} INFO - Processing file /home/jezandre/airflow/airflow_env/lib/python3.11/site-packages/airflow/example_dags/example_external_task_marker_dag.py for tasks to queue
[2024-09-17T06:41:06.764-0300] {logging_mixin.py:188} INFO - [2024-09-17T06:41:06.764-0300] {dagbag.py:545} INFO - Filling up the DagBag from /home/jezandre/airflow/airflow_env/lib/python3.11/site-packages/airflow/example_dags/example_external_task_marker_dag.py
[2024-09-17T06:41:06.770-0300] {processor.py:840} INFO - DAG(s) 'example_external_task_marker_child', 'example_external_task_marker_parent' retrieved from /home/jezandre/airflow/airflow_env/lib/python3.11/site-packages/airflow/example_dags/example_external_task_marker_dag.py
[2024-09-17T06:41:06.804-0300] {logging_mixin.py:188} INFO - [2024-09-17T06:41:06.803-0300] {dag.py:3089} INFO - Sync 2 DAGs
[2024-09-17T06:41:06.822-0300] {logging_mixin.py:188} INFO - [2024-09-17T06:41:06.821-0300] {dag.py:3947} INFO - Setting next_dagrun for example_external_task_marker_child to None, run_after=None
[2024-09-17T06:41:06.828-0300] {logging_mixin.py:188} INFO - [2024-09-17T06:41:06.827-0300] {dag.py:3947} INFO - Setting next_dagrun for example_external_task_marker_parent to None, run_after=None
[2024-09-17T06:41:06.859-0300] {processor.py:183} INFO - Processing /home/jezandre/airflow/airflow_env/lib/python3.11/site-packages/airflow/example_dags/example_external_task_marker_dag.py took 0.107 seconds
[2024-09-17T06:41:37.423-0300] {processor.py:161} INFO - Started process (PID=27680) to work on /home/jezandre/airflow/airflow_env/lib/python3.11/site-packages/airflow/example_dags/example_external_task_marker_dag.py
[2024-09-17T06:41:37.425-0300] {processor.py:830} INFO - Processing file /home/jezandre/airflow/airflow_env/lib/python3.11/site-packages/airflow/example_dags/example_external_task_marker_dag.py for tasks to queue
[2024-09-17T06:41:37.428-0300] {logging_mixin.py:188} INFO - [2024-09-17T06:41:37.427-0300] {dagbag.py:545} INFO - Filling up the DagBag from /home/jezandre/airflow/airflow_env/lib/python3.11/site-packages/airflow/example_dags/example_external_task_marker_dag.py
[2024-09-17T06:41:37.438-0300] {processor.py:840} INFO - DAG(s) 'example_external_task_marker_parent', 'example_external_task_marker_child' retrieved from /home/jezandre/airflow/airflow_env/lib/python3.11/site-packages/airflow/example_dags/example_external_task_marker_dag.py
[2024-09-17T06:41:37.479-0300] {logging_mixin.py:188} INFO - [2024-09-17T06:41:37.478-0300] {dag.py:3089} INFO - Sync 2 DAGs
[2024-09-17T06:41:37.499-0300] {logging_mixin.py:188} INFO - [2024-09-17T06:41:37.499-0300] {dag.py:3947} INFO - Setting next_dagrun for example_external_task_marker_child to None, run_after=None
[2024-09-17T06:41:37.506-0300] {logging_mixin.py:188} INFO - [2024-09-17T06:41:37.505-0300] {dag.py:3947} INFO - Setting next_dagrun for example_external_task_marker_parent to None, run_after=None
[2024-09-17T06:41:37.538-0300] {processor.py:183} INFO - Processing /home/jezandre/airflow/airflow_env/lib/python3.11/site-packages/airflow/example_dags/example_external_task_marker_dag.py took 0.125 seconds
[2024-09-17T06:42:08.307-0300] {processor.py:161} INFO - Started process (PID=27901) to work on /home/jezandre/airflow/airflow_env/lib/python3.11/site-packages/airflow/example_dags/example_external_task_marker_dag.py
[2024-09-17T06:42:08.309-0300] {processor.py:830} INFO - Processing file /home/jezandre/airflow/airflow_env/lib/python3.11/site-packages/airflow/example_dags/example_external_task_marker_dag.py for tasks to queue
[2024-09-17T06:42:08.311-0300] {logging_mixin.py:188} INFO - [2024-09-17T06:42:08.311-0300] {dagbag.py:545} INFO - Filling up the DagBag from /home/jezandre/airflow/airflow_env/lib/python3.11/site-packages/airflow/example_dags/example_external_task_marker_dag.py
[2024-09-17T06:42:08.321-0300] {processor.py:840} INFO - DAG(s) 'example_external_task_marker_child', 'example_external_task_marker_parent' retrieved from /home/jezandre/airflow/airflow_env/lib/python3.11/site-packages/airflow/example_dags/example_external_task_marker_dag.py
[2024-09-17T06:42:08.478-0300] {logging_mixin.py:188} INFO - [2024-09-17T06:42:08.477-0300] {dag.py:3089} INFO - Sync 2 DAGs
[2024-09-17T06:42:08.496-0300] {logging_mixin.py:188} INFO - [2024-09-17T06:42:08.496-0300] {dag.py:3947} INFO - Setting next_dagrun for example_external_task_marker_child to None, run_after=None
[2024-09-17T06:42:08.502-0300] {logging_mixin.py:188} INFO - [2024-09-17T06:42:08.501-0300] {dag.py:3947} INFO - Setting next_dagrun for example_external_task_marker_parent to None, run_after=None
[2024-09-17T06:42:08.532-0300] {processor.py:183} INFO - Processing /home/jezandre/airflow/airflow_env/lib/python3.11/site-packages/airflow/example_dags/example_external_task_marker_dag.py took 0.240 seconds
[2024-09-17T06:42:39.152-0300] {processor.py:161} INFO - Started process (PID=28115) to work on /home/jezandre/airflow/airflow_env/lib/python3.11/site-packages/airflow/example_dags/example_external_task_marker_dag.py
[2024-09-17T06:42:39.153-0300] {processor.py:830} INFO - Processing file /home/jezandre/airflow/airflow_env/lib/python3.11/site-packages/airflow/example_dags/example_external_task_marker_dag.py for tasks to queue
[2024-09-17T06:42:39.155-0300] {logging_mixin.py:188} INFO - [2024-09-17T06:42:39.155-0300] {dagbag.py:545} INFO - Filling up the DagBag from /home/jezandre/airflow/airflow_env/lib/python3.11/site-packages/airflow/example_dags/example_external_task_marker_dag.py
[2024-09-17T06:42:39.162-0300] {processor.py:840} INFO - DAG(s) 'example_external_task_marker_parent', 'example_external_task_marker_child' retrieved from /home/jezandre/airflow/airflow_env/lib/python3.11/site-packages/airflow/example_dags/example_external_task_marker_dag.py
[2024-09-17T06:42:39.200-0300] {logging_mixin.py:188} INFO - [2024-09-17T06:42:39.200-0300] {dag.py:3089} INFO - Sync 2 DAGs
[2024-09-17T06:42:39.223-0300] {logging_mixin.py:188} INFO - [2024-09-17T06:42:39.222-0300] {dag.py:3947} INFO - Setting next_dagrun for example_external_task_marker_child to None, run_after=None
[2024-09-17T06:42:39.228-0300] {logging_mixin.py:188} INFO - [2024-09-17T06:42:39.227-0300] {dag.py:3947} INFO - Setting next_dagrun for example_external_task_marker_parent to None, run_after=None
[2024-09-17T06:42:39.259-0300] {processor.py:183} INFO - Processing /home/jezandre/airflow/airflow_env/lib/python3.11/site-packages/airflow/example_dags/example_external_task_marker_dag.py took 0.116 seconds
[2024-09-17T06:43:09.414-0300] {processor.py:161} INFO - Started process (PID=28891) to work on /home/jezandre/airflow/airflow_env/lib/python3.11/site-packages/airflow/example_dags/example_external_task_marker_dag.py
[2024-09-17T06:43:09.414-0300] {processor.py:830} INFO - Processing file /home/jezandre/airflow/airflow_env/lib/python3.11/site-packages/airflow/example_dags/example_external_task_marker_dag.py for tasks to queue
[2024-09-17T06:43:09.415-0300] {logging_mixin.py:188} INFO - [2024-09-17T06:43:09.415-0300] {dagbag.py:545} INFO - Filling up the DagBag from /home/jezandre/airflow/airflow_env/lib/python3.11/site-packages/airflow/example_dags/example_external_task_marker_dag.py
[2024-09-17T06:43:09.420-0300] {processor.py:840} INFO - DAG(s) 'example_external_task_marker_child', 'example_external_task_marker_parent' retrieved from /home/jezandre/airflow/airflow_env/lib/python3.11/site-packages/airflow/example_dags/example_external_task_marker_dag.py
[2024-09-17T06:43:09.460-0300] {logging_mixin.py:188} INFO - [2024-09-17T06:43:09.460-0300] {dag.py:3089} INFO - Sync 2 DAGs
[2024-09-17T06:43:09.479-0300] {logging_mixin.py:188} INFO - [2024-09-17T06:43:09.479-0300] {dag.py:3947} INFO - Setting next_dagrun for example_external_task_marker_child to None, run_after=None
[2024-09-17T06:43:09.484-0300] {logging_mixin.py:188} INFO - [2024-09-17T06:43:09.483-0300] {dag.py:3947} INFO - Setting next_dagrun for example_external_task_marker_parent to None, run_after=None
[2024-09-17T06:43:09.506-0300] {processor.py:183} INFO - Processing /home/jezandre/airflow/airflow_env/lib/python3.11/site-packages/airflow/example_dags/example_external_task_marker_dag.py took 0.101 seconds
[2024-09-17T06:43:40.290-0300] {processor.py:161} INFO - Started process (PID=29161) to work on /home/jezandre/airflow/airflow_env/lib/python3.11/site-packages/airflow/example_dags/example_external_task_marker_dag.py
[2024-09-17T06:43:40.292-0300] {processor.py:830} INFO - Processing file /home/jezandre/airflow/airflow_env/lib/python3.11/site-packages/airflow/example_dags/example_external_task_marker_dag.py for tasks to queue
[2024-09-17T06:43:40.293-0300] {logging_mixin.py:188} INFO - [2024-09-17T06:43:40.293-0300] {dagbag.py:545} INFO - Filling up the DagBag from /home/jezandre/airflow/airflow_env/lib/python3.11/site-packages/airflow/example_dags/example_external_task_marker_dag.py
[2024-09-17T06:43:40.301-0300] {processor.py:840} INFO - DAG(s) 'example_external_task_marker_child', 'example_external_task_marker_parent' retrieved from /home/jezandre/airflow/airflow_env/lib/python3.11/site-packages/airflow/example_dags/example_external_task_marker_dag.py
[2024-09-17T06:43:40.333-0300] {logging_mixin.py:188} INFO - [2024-09-17T06:43:40.333-0300] {dag.py:3089} INFO - Sync 2 DAGs
[2024-09-17T06:43:40.349-0300] {logging_mixin.py:188} INFO - [2024-09-17T06:43:40.349-0300] {dag.py:3947} INFO - Setting next_dagrun for example_external_task_marker_child to None, run_after=None
[2024-09-17T06:43:40.355-0300] {logging_mixin.py:188} INFO - [2024-09-17T06:43:40.354-0300] {dag.py:3947} INFO - Setting next_dagrun for example_external_task_marker_parent to None, run_after=None
[2024-09-17T06:43:40.383-0300] {processor.py:183} INFO - Processing /home/jezandre/airflow/airflow_env/lib/python3.11/site-packages/airflow/example_dags/example_external_task_marker_dag.py took 0.104 seconds
[2024-09-17T06:44:10.986-0300] {processor.py:161} INFO - Started process (PID=29388) to work on /home/jezandre/airflow/airflow_env/lib/python3.11/site-packages/airflow/example_dags/example_external_task_marker_dag.py
[2024-09-17T06:44:10.987-0300] {processor.py:830} INFO - Processing file /home/jezandre/airflow/airflow_env/lib/python3.11/site-packages/airflow/example_dags/example_external_task_marker_dag.py for tasks to queue
[2024-09-17T06:44:10.988-0300] {logging_mixin.py:188} INFO - [2024-09-17T06:44:10.988-0300] {dagbag.py:545} INFO - Filling up the DagBag from /home/jezandre/airflow/airflow_env/lib/python3.11/site-packages/airflow/example_dags/example_external_task_marker_dag.py
[2024-09-17T06:44:10.992-0300] {processor.py:840} INFO - DAG(s) 'example_external_task_marker_child', 'example_external_task_marker_parent' retrieved from /home/jezandre/airflow/airflow_env/lib/python3.11/site-packages/airflow/example_dags/example_external_task_marker_dag.py
[2024-09-17T06:44:11.021-0300] {logging_mixin.py:188} INFO - [2024-09-17T06:44:11.021-0300] {dag.py:3089} INFO - Sync 2 DAGs
[2024-09-17T06:44:11.035-0300] {logging_mixin.py:188} INFO - [2024-09-17T06:44:11.035-0300] {dag.py:3947} INFO - Setting next_dagrun for example_external_task_marker_child to None, run_after=None
[2024-09-17T06:44:11.040-0300] {logging_mixin.py:188} INFO - [2024-09-17T06:44:11.040-0300] {dag.py:3947} INFO - Setting next_dagrun for example_external_task_marker_parent to None, run_after=None
[2024-09-17T06:44:11.064-0300] {processor.py:183} INFO - Processing /home/jezandre/airflow/airflow_env/lib/python3.11/site-packages/airflow/example_dags/example_external_task_marker_dag.py took 0.086 seconds
[2024-09-17T06:44:41.667-0300] {processor.py:161} INFO - Started process (PID=29596) to work on /home/jezandre/airflow/airflow_env/lib/python3.11/site-packages/airflow/example_dags/example_external_task_marker_dag.py
[2024-09-17T06:44:41.668-0300] {processor.py:830} INFO - Processing file /home/jezandre/airflow/airflow_env/lib/python3.11/site-packages/airflow/example_dags/example_external_task_marker_dag.py for tasks to queue
[2024-09-17T06:44:41.670-0300] {logging_mixin.py:188} INFO - [2024-09-17T06:44:41.670-0300] {dagbag.py:545} INFO - Filling up the DagBag from /home/jezandre/airflow/airflow_env/lib/python3.11/site-packages/airflow/example_dags/example_external_task_marker_dag.py
[2024-09-17T06:44:41.677-0300] {processor.py:840} INFO - DAG(s) 'example_external_task_marker_child', 'example_external_task_marker_parent' retrieved from /home/jezandre/airflow/airflow_env/lib/python3.11/site-packages/airflow/example_dags/example_external_task_marker_dag.py
[2024-09-17T06:44:41.708-0300] {logging_mixin.py:188} INFO - [2024-09-17T06:44:41.707-0300] {dag.py:3089} INFO - Sync 2 DAGs
[2024-09-17T06:44:41.721-0300] {logging_mixin.py:188} INFO - [2024-09-17T06:44:41.721-0300] {dag.py:3947} INFO - Setting next_dagrun for example_external_task_marker_child to None, run_after=None
[2024-09-17T06:44:41.725-0300] {logging_mixin.py:188} INFO - [2024-09-17T06:44:41.725-0300] {dag.py:3947} INFO - Setting next_dagrun for example_external_task_marker_parent to None, run_after=None
[2024-09-17T06:44:41.748-0300] {processor.py:183} INFO - Processing /home/jezandre/airflow/airflow_env/lib/python3.11/site-packages/airflow/example_dags/example_external_task_marker_dag.py took 0.089 seconds
[2024-09-17T06:45:12.633-0300] {processor.py:161} INFO - Started process (PID=29933) to work on /home/jezandre/airflow/airflow_env/lib/python3.11/site-packages/airflow/example_dags/example_external_task_marker_dag.py
[2024-09-17T06:45:12.635-0300] {processor.py:830} INFO - Processing file /home/jezandre/airflow/airflow_env/lib/python3.11/site-packages/airflow/example_dags/example_external_task_marker_dag.py for tasks to queue
[2024-09-17T06:45:12.637-0300] {logging_mixin.py:188} INFO - [2024-09-17T06:45:12.636-0300] {dagbag.py:545} INFO - Filling up the DagBag from /home/jezandre/airflow/airflow_env/lib/python3.11/site-packages/airflow/example_dags/example_external_task_marker_dag.py
[2024-09-17T06:45:12.643-0300] {processor.py:840} INFO - DAG(s) 'example_external_task_marker_child', 'example_external_task_marker_parent' retrieved from /home/jezandre/airflow/airflow_env/lib/python3.11/site-packages/airflow/example_dags/example_external_task_marker_dag.py
[2024-09-17T06:45:12.683-0300] {logging_mixin.py:188} INFO - [2024-09-17T06:45:12.682-0300] {dag.py:3089} INFO - Sync 2 DAGs
[2024-09-17T06:45:12.702-0300] {logging_mixin.py:188} INFO - [2024-09-17T06:45:12.702-0300] {dag.py:3947} INFO - Setting next_dagrun for example_external_task_marker_child to None, run_after=None
[2024-09-17T06:45:12.707-0300] {logging_mixin.py:188} INFO - [2024-09-17T06:45:12.706-0300] {dag.py:3947} INFO - Setting next_dagrun for example_external_task_marker_parent to None, run_after=None
[2024-09-17T06:45:12.734-0300] {processor.py:183} INFO - Processing /home/jezandre/airflow/airflow_env/lib/python3.11/site-packages/airflow/example_dags/example_external_task_marker_dag.py took 0.110 seconds
[2024-09-17T06:45:42.829-0300] {processor.py:161} INFO - Started process (PID=30223) to work on /home/jezandre/airflow/airflow_env/lib/python3.11/site-packages/airflow/example_dags/example_external_task_marker_dag.py
[2024-09-17T06:45:42.830-0300] {processor.py:830} INFO - Processing file /home/jezandre/airflow/airflow_env/lib/python3.11/site-packages/airflow/example_dags/example_external_task_marker_dag.py for tasks to queue
[2024-09-17T06:45:42.832-0300] {logging_mixin.py:188} INFO - [2024-09-17T06:45:42.832-0300] {dagbag.py:545} INFO - Filling up the DagBag from /home/jezandre/airflow/airflow_env/lib/python3.11/site-packages/airflow/example_dags/example_external_task_marker_dag.py
[2024-09-17T06:45:42.839-0300] {processor.py:840} INFO - DAG(s) 'example_external_task_marker_parent', 'example_external_task_marker_child' retrieved from /home/jezandre/airflow/airflow_env/lib/python3.11/site-packages/airflow/example_dags/example_external_task_marker_dag.py
[2024-09-17T06:45:42.867-0300] {logging_mixin.py:188} INFO - [2024-09-17T06:45:42.867-0300] {dag.py:3089} INFO - Sync 2 DAGs
[2024-09-17T06:45:42.882-0300] {logging_mixin.py:188} INFO - [2024-09-17T06:45:42.882-0300] {dag.py:3947} INFO - Setting next_dagrun for example_external_task_marker_child to None, run_after=None
[2024-09-17T06:45:42.888-0300] {logging_mixin.py:188} INFO - [2024-09-17T06:45:42.887-0300] {dag.py:3947} INFO - Setting next_dagrun for example_external_task_marker_parent to None, run_after=None
[2024-09-17T06:45:42.910-0300] {processor.py:183} INFO - Processing /home/jezandre/airflow/airflow_env/lib/python3.11/site-packages/airflow/example_dags/example_external_task_marker_dag.py took 0.090 seconds
[2024-09-17T06:46:13.738-0300] {processor.py:161} INFO - Started process (PID=30553) to work on /home/jezandre/airflow/airflow_env/lib/python3.11/site-packages/airflow/example_dags/example_external_task_marker_dag.py
[2024-09-17T06:46:13.739-0300] {processor.py:830} INFO - Processing file /home/jezandre/airflow/airflow_env/lib/python3.11/site-packages/airflow/example_dags/example_external_task_marker_dag.py for tasks to queue
[2024-09-17T06:46:13.741-0300] {logging_mixin.py:188} INFO - [2024-09-17T06:46:13.740-0300] {dagbag.py:545} INFO - Filling up the DagBag from /home/jezandre/airflow/airflow_env/lib/python3.11/site-packages/airflow/example_dags/example_external_task_marker_dag.py
[2024-09-17T06:46:13.746-0300] {processor.py:840} INFO - DAG(s) 'example_external_task_marker_child', 'example_external_task_marker_parent' retrieved from /home/jezandre/airflow/airflow_env/lib/python3.11/site-packages/airflow/example_dags/example_external_task_marker_dag.py
[2024-09-17T06:46:13.784-0300] {logging_mixin.py:188} INFO - [2024-09-17T06:46:13.784-0300] {dag.py:3089} INFO - Sync 2 DAGs
[2024-09-17T06:46:13.805-0300] {logging_mixin.py:188} INFO - [2024-09-17T06:46:13.805-0300] {dag.py:3947} INFO - Setting next_dagrun for example_external_task_marker_child to None, run_after=None
[2024-09-17T06:46:13.810-0300] {logging_mixin.py:188} INFO - [2024-09-17T06:46:13.810-0300] {dag.py:3947} INFO - Setting next_dagrun for example_external_task_marker_parent to None, run_after=None
[2024-09-17T06:46:13.839-0300] {processor.py:183} INFO - Processing /home/jezandre/airflow/airflow_env/lib/python3.11/site-packages/airflow/example_dags/example_external_task_marker_dag.py took 0.110 seconds
[2024-09-17T06:46:44.636-0300] {processor.py:161} INFO - Started process (PID=30868) to work on /home/jezandre/airflow/airflow_env/lib/python3.11/site-packages/airflow/example_dags/example_external_task_marker_dag.py
[2024-09-17T06:46:44.637-0300] {processor.py:830} INFO - Processing file /home/jezandre/airflow/airflow_env/lib/python3.11/site-packages/airflow/example_dags/example_external_task_marker_dag.py for tasks to queue
[2024-09-17T06:46:44.638-0300] {logging_mixin.py:188} INFO - [2024-09-17T06:46:44.638-0300] {dagbag.py:545} INFO - Filling up the DagBag from /home/jezandre/airflow/airflow_env/lib/python3.11/site-packages/airflow/example_dags/example_external_task_marker_dag.py
[2024-09-17T06:46:44.644-0300] {processor.py:840} INFO - DAG(s) 'example_external_task_marker_child', 'example_external_task_marker_parent' retrieved from /home/jezandre/airflow/airflow_env/lib/python3.11/site-packages/airflow/example_dags/example_external_task_marker_dag.py
[2024-09-17T06:46:44.678-0300] {logging_mixin.py:188} INFO - [2024-09-17T06:46:44.678-0300] {dag.py:3089} INFO - Sync 2 DAGs
[2024-09-17T06:46:44.694-0300] {logging_mixin.py:188} INFO - [2024-09-17T06:46:44.694-0300] {dag.py:3947} INFO - Setting next_dagrun for example_external_task_marker_child to None, run_after=None
[2024-09-17T06:46:44.698-0300] {logging_mixin.py:188} INFO - [2024-09-17T06:46:44.698-0300] {dag.py:3947} INFO - Setting next_dagrun for example_external_task_marker_parent to None, run_after=None
[2024-09-17T06:46:44.721-0300] {processor.py:183} INFO - Processing /home/jezandre/airflow/airflow_env/lib/python3.11/site-packages/airflow/example_dags/example_external_task_marker_dag.py took 0.093 seconds
[2024-09-17T06:47:15.348-0300] {processor.py:161} INFO - Started process (PID=31154) to work on /home/jezandre/airflow/airflow_env/lib/python3.11/site-packages/airflow/example_dags/example_external_task_marker_dag.py
[2024-09-17T06:47:15.349-0300] {processor.py:830} INFO - Processing file /home/jezandre/airflow/airflow_env/lib/python3.11/site-packages/airflow/example_dags/example_external_task_marker_dag.py for tasks to queue
[2024-09-17T06:47:15.350-0300] {logging_mixin.py:188} INFO - [2024-09-17T06:47:15.350-0300] {dagbag.py:545} INFO - Filling up the DagBag from /home/jezandre/airflow/airflow_env/lib/python3.11/site-packages/airflow/example_dags/example_external_task_marker_dag.py
[2024-09-17T06:47:15.356-0300] {processor.py:840} INFO - DAG(s) 'example_external_task_marker_parent', 'example_external_task_marker_child' retrieved from /home/jezandre/airflow/airflow_env/lib/python3.11/site-packages/airflow/example_dags/example_external_task_marker_dag.py
[2024-09-17T06:47:15.494-0300] {logging_mixin.py:188} INFO - [2024-09-17T06:47:15.493-0300] {dag.py:3089} INFO - Sync 2 DAGs
[2024-09-17T06:47:15.509-0300] {logging_mixin.py:188} INFO - [2024-09-17T06:47:15.509-0300] {dag.py:3947} INFO - Setting next_dagrun for example_external_task_marker_child to None, run_after=None
[2024-09-17T06:47:15.515-0300] {logging_mixin.py:188} INFO - [2024-09-17T06:47:15.514-0300] {dag.py:3947} INFO - Setting next_dagrun for example_external_task_marker_parent to None, run_after=None
[2024-09-17T06:47:15.557-0300] {processor.py:183} INFO - Processing /home/jezandre/airflow/airflow_env/lib/python3.11/site-packages/airflow/example_dags/example_external_task_marker_dag.py took 0.220 seconds
[2024-09-17T06:47:46.298-0300] {processor.py:161} INFO - Started process (PID=31404) to work on /home/jezandre/airflow/airflow_env/lib/python3.11/site-packages/airflow/example_dags/example_external_task_marker_dag.py
[2024-09-17T06:47:46.300-0300] {processor.py:830} INFO - Processing file /home/jezandre/airflow/airflow_env/lib/python3.11/site-packages/airflow/example_dags/example_external_task_marker_dag.py for tasks to queue
[2024-09-17T06:47:46.302-0300] {logging_mixin.py:188} INFO - [2024-09-17T06:47:46.302-0300] {dagbag.py:545} INFO - Filling up the DagBag from /home/jezandre/airflow/airflow_env/lib/python3.11/site-packages/airflow/example_dags/example_external_task_marker_dag.py
[2024-09-17T06:47:46.313-0300] {processor.py:840} INFO - DAG(s) 'example_external_task_marker_parent', 'example_external_task_marker_child' retrieved from /home/jezandre/airflow/airflow_env/lib/python3.11/site-packages/airflow/example_dags/example_external_task_marker_dag.py
[2024-09-17T06:47:46.375-0300] {logging_mixin.py:188} INFO - [2024-09-17T06:47:46.374-0300] {dag.py:3089} INFO - Sync 2 DAGs
[2024-09-17T06:47:46.406-0300] {logging_mixin.py:188} INFO - [2024-09-17T06:47:46.406-0300] {dag.py:3947} INFO - Setting next_dagrun for example_external_task_marker_child to None, run_after=None
[2024-09-17T06:47:46.413-0300] {logging_mixin.py:188} INFO - [2024-09-17T06:47:46.413-0300] {dag.py:3947} INFO - Setting next_dagrun for example_external_task_marker_parent to None, run_after=None
[2024-09-17T06:47:46.444-0300] {processor.py:183} INFO - Processing /home/jezandre/airflow/airflow_env/lib/python3.11/site-packages/airflow/example_dags/example_external_task_marker_dag.py took 0.158 seconds
[2024-09-17T06:48:17.267-0300] {processor.py:161} INFO - Started process (PID=31637) to work on /home/jezandre/airflow/airflow_env/lib/python3.11/site-packages/airflow/example_dags/example_external_task_marker_dag.py
[2024-09-17T06:48:17.269-0300] {processor.py:830} INFO - Processing file /home/jezandre/airflow/airflow_env/lib/python3.11/site-packages/airflow/example_dags/example_external_task_marker_dag.py for tasks to queue
[2024-09-17T06:48:17.271-0300] {logging_mixin.py:188} INFO - [2024-09-17T06:48:17.270-0300] {dagbag.py:545} INFO - Filling up the DagBag from /home/jezandre/airflow/airflow_env/lib/python3.11/site-packages/airflow/example_dags/example_external_task_marker_dag.py
[2024-09-17T06:48:17.276-0300] {processor.py:840} INFO - DAG(s) 'example_external_task_marker_parent', 'example_external_task_marker_child' retrieved from /home/jezandre/airflow/airflow_env/lib/python3.11/site-packages/airflow/example_dags/example_external_task_marker_dag.py
[2024-09-17T06:48:17.311-0300] {logging_mixin.py:188} INFO - [2024-09-17T06:48:17.310-0300] {dag.py:3089} INFO - Sync 2 DAGs
[2024-09-17T06:48:17.326-0300] {logging_mixin.py:188} INFO - [2024-09-17T06:48:17.325-0300] {dag.py:3947} INFO - Setting next_dagrun for example_external_task_marker_child to None, run_after=None
[2024-09-17T06:48:17.330-0300] {logging_mixin.py:188} INFO - [2024-09-17T06:48:17.330-0300] {dag.py:3947} INFO - Setting next_dagrun for example_external_task_marker_parent to None, run_after=None
[2024-09-17T06:48:17.357-0300] {processor.py:183} INFO - Processing /home/jezandre/airflow/airflow_env/lib/python3.11/site-packages/airflow/example_dags/example_external_task_marker_dag.py took 0.099 seconds
[2024-09-17T06:48:48.105-0300] {processor.py:161} INFO - Started process (PID=31898) to work on /home/jezandre/airflow/airflow_env/lib/python3.11/site-packages/airflow/example_dags/example_external_task_marker_dag.py
[2024-09-17T06:48:48.107-0300] {processor.py:830} INFO - Processing file /home/jezandre/airflow/airflow_env/lib/python3.11/site-packages/airflow/example_dags/example_external_task_marker_dag.py for tasks to queue
[2024-09-17T06:48:48.109-0300] {logging_mixin.py:188} INFO - [2024-09-17T06:48:48.108-0300] {dagbag.py:545} INFO - Filling up the DagBag from /home/jezandre/airflow/airflow_env/lib/python3.11/site-packages/airflow/example_dags/example_external_task_marker_dag.py
[2024-09-17T06:48:48.115-0300] {processor.py:840} INFO - DAG(s) 'example_external_task_marker_child', 'example_external_task_marker_parent' retrieved from /home/jezandre/airflow/airflow_env/lib/python3.11/site-packages/airflow/example_dags/example_external_task_marker_dag.py
[2024-09-17T06:48:48.149-0300] {logging_mixin.py:188} INFO - [2024-09-17T06:48:48.149-0300] {dag.py:3089} INFO - Sync 2 DAGs
[2024-09-17T06:48:48.166-0300] {logging_mixin.py:188} INFO - [2024-09-17T06:48:48.165-0300] {dag.py:3947} INFO - Setting next_dagrun for example_external_task_marker_child to None, run_after=None
[2024-09-17T06:48:48.171-0300] {logging_mixin.py:188} INFO - [2024-09-17T06:48:48.171-0300] {dag.py:3947} INFO - Setting next_dagrun for example_external_task_marker_parent to None, run_after=None
[2024-09-17T06:48:48.196-0300] {processor.py:183} INFO - Processing /home/jezandre/airflow/airflow_env/lib/python3.11/site-packages/airflow/example_dags/example_external_task_marker_dag.py took 0.101 seconds
[2024-09-17T06:49:19.278-0300] {processor.py:161} INFO - Started process (PID=32119) to work on /home/jezandre/airflow/airflow_env/lib/python3.11/site-packages/airflow/example_dags/example_external_task_marker_dag.py
[2024-09-17T06:49:19.279-0300] {processor.py:830} INFO - Processing file /home/jezandre/airflow/airflow_env/lib/python3.11/site-packages/airflow/example_dags/example_external_task_marker_dag.py for tasks to queue
[2024-09-17T06:49:19.281-0300] {logging_mixin.py:188} INFO - [2024-09-17T06:49:19.280-0300] {dagbag.py:545} INFO - Filling up the DagBag from /home/jezandre/airflow/airflow_env/lib/python3.11/site-packages/airflow/example_dags/example_external_task_marker_dag.py
[2024-09-17T06:49:19.286-0300] {processor.py:840} INFO - DAG(s) 'example_external_task_marker_parent', 'example_external_task_marker_child' retrieved from /home/jezandre/airflow/airflow_env/lib/python3.11/site-packages/airflow/example_dags/example_external_task_marker_dag.py
[2024-09-17T06:49:19.319-0300] {logging_mixin.py:188} INFO - [2024-09-17T06:49:19.318-0300] {dag.py:3089} INFO - Sync 2 DAGs
[2024-09-17T06:49:19.337-0300] {logging_mixin.py:188} INFO - [2024-09-17T06:49:19.336-0300] {dag.py:3947} INFO - Setting next_dagrun for example_external_task_marker_child to None, run_after=None
[2024-09-17T06:49:19.343-0300] {logging_mixin.py:188} INFO - [2024-09-17T06:49:19.342-0300] {dag.py:3947} INFO - Setting next_dagrun for example_external_task_marker_parent to None, run_after=None
[2024-09-17T06:49:19.371-0300] {processor.py:183} INFO - Processing /home/jezandre/airflow/airflow_env/lib/python3.11/site-packages/airflow/example_dags/example_external_task_marker_dag.py took 0.102 seconds
[2024-09-17T06:49:50.005-0300] {processor.py:161} INFO - Started process (PID=32425) to work on /home/jezandre/airflow/airflow_env/lib/python3.11/site-packages/airflow/example_dags/example_external_task_marker_dag.py
[2024-09-17T06:49:50.007-0300] {processor.py:830} INFO - Processing file /home/jezandre/airflow/airflow_env/lib/python3.11/site-packages/airflow/example_dags/example_external_task_marker_dag.py for tasks to queue
[2024-09-17T06:49:50.009-0300] {logging_mixin.py:188} INFO - [2024-09-17T06:49:50.008-0300] {dagbag.py:545} INFO - Filling up the DagBag from /home/jezandre/airflow/airflow_env/lib/python3.11/site-packages/airflow/example_dags/example_external_task_marker_dag.py
[2024-09-17T06:49:50.015-0300] {processor.py:840} INFO - DAG(s) 'example_external_task_marker_parent', 'example_external_task_marker_child' retrieved from /home/jezandre/airflow/airflow_env/lib/python3.11/site-packages/airflow/example_dags/example_external_task_marker_dag.py
[2024-09-17T06:49:50.048-0300] {logging_mixin.py:188} INFO - [2024-09-17T06:49:50.047-0300] {dag.py:3089} INFO - Sync 2 DAGs
[2024-09-17T06:49:50.065-0300] {logging_mixin.py:188} INFO - [2024-09-17T06:49:50.065-0300] {dag.py:3947} INFO - Setting next_dagrun for example_external_task_marker_child to None, run_after=None
[2024-09-17T06:49:50.069-0300] {logging_mixin.py:188} INFO - [2024-09-17T06:49:50.069-0300] {dag.py:3947} INFO - Setting next_dagrun for example_external_task_marker_parent to None, run_after=None
[2024-09-17T06:49:50.094-0300] {processor.py:183} INFO - Processing /home/jezandre/airflow/airflow_env/lib/python3.11/site-packages/airflow/example_dags/example_external_task_marker_dag.py took 0.098 seconds
[2024-09-17T06:50:20.736-0300] {processor.py:161} INFO - Started process (PID=32703) to work on /home/jezandre/airflow/airflow_env/lib/python3.11/site-packages/airflow/example_dags/example_external_task_marker_dag.py
[2024-09-17T06:50:20.738-0300] {processor.py:830} INFO - Processing file /home/jezandre/airflow/airflow_env/lib/python3.11/site-packages/airflow/example_dags/example_external_task_marker_dag.py for tasks to queue
[2024-09-17T06:50:20.740-0300] {logging_mixin.py:188} INFO - [2024-09-17T06:50:20.739-0300] {dagbag.py:545} INFO - Filling up the DagBag from /home/jezandre/airflow/airflow_env/lib/python3.11/site-packages/airflow/example_dags/example_external_task_marker_dag.py
[2024-09-17T06:50:20.749-0300] {processor.py:840} INFO - DAG(s) 'example_external_task_marker_child', 'example_external_task_marker_parent' retrieved from /home/jezandre/airflow/airflow_env/lib/python3.11/site-packages/airflow/example_dags/example_external_task_marker_dag.py
[2024-09-17T06:50:20.789-0300] {logging_mixin.py:188} INFO - [2024-09-17T06:50:20.788-0300] {dag.py:3089} INFO - Sync 2 DAGs
[2024-09-17T06:50:20.808-0300] {logging_mixin.py:188} INFO - [2024-09-17T06:50:20.808-0300] {dag.py:3947} INFO - Setting next_dagrun for example_external_task_marker_child to None, run_after=None
[2024-09-17T06:50:20.814-0300] {logging_mixin.py:188} INFO - [2024-09-17T06:50:20.813-0300] {dag.py:3947} INFO - Setting next_dagrun for example_external_task_marker_parent to None, run_after=None
[2024-09-17T06:50:20.847-0300] {processor.py:183} INFO - Processing /home/jezandre/airflow/airflow_env/lib/python3.11/site-packages/airflow/example_dags/example_external_task_marker_dag.py took 0.121 seconds
[2024-09-17T06:50:51.095-0300] {processor.py:161} INFO - Started process (PID=32966) to work on /home/jezandre/airflow/airflow_env/lib/python3.11/site-packages/airflow/example_dags/example_external_task_marker_dag.py
[2024-09-17T06:50:51.096-0300] {processor.py:830} INFO - Processing file /home/jezandre/airflow/airflow_env/lib/python3.11/site-packages/airflow/example_dags/example_external_task_marker_dag.py for tasks to queue
[2024-09-17T06:50:51.097-0300] {logging_mixin.py:188} INFO - [2024-09-17T06:50:51.097-0300] {dagbag.py:545} INFO - Filling up the DagBag from /home/jezandre/airflow/airflow_env/lib/python3.11/site-packages/airflow/example_dags/example_external_task_marker_dag.py
[2024-09-17T06:50:51.103-0300] {processor.py:840} INFO - DAG(s) 'example_external_task_marker_parent', 'example_external_task_marker_child' retrieved from /home/jezandre/airflow/airflow_env/lib/python3.11/site-packages/airflow/example_dags/example_external_task_marker_dag.py
[2024-09-17T06:50:51.133-0300] {logging_mixin.py:188} INFO - [2024-09-17T06:50:51.132-0300] {dag.py:3089} INFO - Sync 2 DAGs
[2024-09-17T06:50:51.148-0300] {logging_mixin.py:188} INFO - [2024-09-17T06:50:51.148-0300] {dag.py:3947} INFO - Setting next_dagrun for example_external_task_marker_child to None, run_after=None
[2024-09-17T06:50:51.152-0300] {logging_mixin.py:188} INFO - [2024-09-17T06:50:51.152-0300] {dag.py:3947} INFO - Setting next_dagrun for example_external_task_marker_parent to None, run_after=None
[2024-09-17T06:50:51.177-0300] {processor.py:183} INFO - Processing /home/jezandre/airflow/airflow_env/lib/python3.11/site-packages/airflow/example_dags/example_external_task_marker_dag.py took 0.090 seconds
[2024-09-17T06:51:21.770-0300] {processor.py:161} INFO - Started process (PID=33410) to work on /home/jezandre/airflow/airflow_env/lib/python3.11/site-packages/airflow/example_dags/example_external_task_marker_dag.py
[2024-09-17T06:51:21.772-0300] {processor.py:830} INFO - Processing file /home/jezandre/airflow/airflow_env/lib/python3.11/site-packages/airflow/example_dags/example_external_task_marker_dag.py for tasks to queue
[2024-09-17T06:51:21.775-0300] {logging_mixin.py:188} INFO - [2024-09-17T06:51:21.774-0300] {dagbag.py:545} INFO - Filling up the DagBag from /home/jezandre/airflow/airflow_env/lib/python3.11/site-packages/airflow/example_dags/example_external_task_marker_dag.py
[2024-09-17T06:51:21.783-0300] {processor.py:840} INFO - DAG(s) 'example_external_task_marker_child', 'example_external_task_marker_parent' retrieved from /home/jezandre/airflow/airflow_env/lib/python3.11/site-packages/airflow/example_dags/example_external_task_marker_dag.py
[2024-09-17T06:51:21.826-0300] {logging_mixin.py:188} INFO - [2024-09-17T06:51:21.826-0300] {dag.py:3089} INFO - Sync 2 DAGs
[2024-09-17T06:51:21.858-0300] {logging_mixin.py:188} INFO - [2024-09-17T06:51:21.857-0300] {dag.py:3947} INFO - Setting next_dagrun for example_external_task_marker_child to None, run_after=None
[2024-09-17T06:51:21.875-0300] {logging_mixin.py:188} INFO - [2024-09-17T06:51:21.875-0300] {dag.py:3947} INFO - Setting next_dagrun for example_external_task_marker_parent to None, run_after=None
[2024-09-17T06:51:21.927-0300] {processor.py:183} INFO - Processing /home/jezandre/airflow/airflow_env/lib/python3.11/site-packages/airflow/example_dags/example_external_task_marker_dag.py took 0.171 seconds
[2024-09-17T06:51:52.100-0300] {processor.py:161} INFO - Started process (PID=33715) to work on /home/jezandre/airflow/airflow_env/lib/python3.11/site-packages/airflow/example_dags/example_external_task_marker_dag.py
[2024-09-17T06:51:52.102-0300] {processor.py:830} INFO - Processing file /home/jezandre/airflow/airflow_env/lib/python3.11/site-packages/airflow/example_dags/example_external_task_marker_dag.py for tasks to queue
[2024-09-17T06:51:52.104-0300] {logging_mixin.py:188} INFO - [2024-09-17T06:51:52.104-0300] {dagbag.py:545} INFO - Filling up the DagBag from /home/jezandre/airflow/airflow_env/lib/python3.11/site-packages/airflow/example_dags/example_external_task_marker_dag.py
[2024-09-17T06:51:52.113-0300] {processor.py:840} INFO - DAG(s) 'example_external_task_marker_child', 'example_external_task_marker_parent' retrieved from /home/jezandre/airflow/airflow_env/lib/python3.11/site-packages/airflow/example_dags/example_external_task_marker_dag.py
[2024-09-17T06:51:52.152-0300] {logging_mixin.py:188} INFO - [2024-09-17T06:51:52.152-0300] {dag.py:3089} INFO - Sync 2 DAGs
[2024-09-17T06:51:52.169-0300] {logging_mixin.py:188} INFO - [2024-09-17T06:51:52.169-0300] {dag.py:3947} INFO - Setting next_dagrun for example_external_task_marker_child to None, run_after=None
[2024-09-17T06:51:52.174-0300] {logging_mixin.py:188} INFO - [2024-09-17T06:51:52.174-0300] {dag.py:3947} INFO - Setting next_dagrun for example_external_task_marker_parent to None, run_after=None
[2024-09-17T06:51:52.198-0300] {processor.py:183} INFO - Processing /home/jezandre/airflow/airflow_env/lib/python3.11/site-packages/airflow/example_dags/example_external_task_marker_dag.py took 0.106 seconds
[2024-09-17T06:52:23.441-0300] {processor.py:161} INFO - Started process (PID=34266) to work on /home/jezandre/airflow/airflow_env/lib/python3.11/site-packages/airflow/example_dags/example_external_task_marker_dag.py
[2024-09-17T06:52:23.442-0300] {processor.py:830} INFO - Processing file /home/jezandre/airflow/airflow_env/lib/python3.11/site-packages/airflow/example_dags/example_external_task_marker_dag.py for tasks to queue
[2024-09-17T06:52:23.445-0300] {logging_mixin.py:188} INFO - [2024-09-17T06:52:23.444-0300] {dagbag.py:545} INFO - Filling up the DagBag from /home/jezandre/airflow/airflow_env/lib/python3.11/site-packages/airflow/example_dags/example_external_task_marker_dag.py
[2024-09-17T06:52:23.451-0300] {processor.py:840} INFO - DAG(s) 'example_external_task_marker_child', 'example_external_task_marker_parent' retrieved from /home/jezandre/airflow/airflow_env/lib/python3.11/site-packages/airflow/example_dags/example_external_task_marker_dag.py
[2024-09-17T06:52:23.677-0300] {logging_mixin.py:188} INFO - [2024-09-17T06:52:23.677-0300] {dag.py:3089} INFO - Sync 2 DAGs
[2024-09-17T06:52:23.690-0300] {logging_mixin.py:188} INFO - [2024-09-17T06:52:23.689-0300] {dag.py:3947} INFO - Setting next_dagrun for example_external_task_marker_child to None, run_after=None
[2024-09-17T06:52:23.693-0300] {logging_mixin.py:188} INFO - [2024-09-17T06:52:23.693-0300] {dag.py:3947} INFO - Setting next_dagrun for example_external_task_marker_parent to None, run_after=None
[2024-09-17T06:52:23.720-0300] {processor.py:183} INFO - Processing /home/jezandre/airflow/airflow_env/lib/python3.11/site-packages/airflow/example_dags/example_external_task_marker_dag.py took 0.289 seconds
[2024-09-17T06:52:53.949-0300] {processor.py:161} INFO - Started process (PID=34664) to work on /home/jezandre/airflow/airflow_env/lib/python3.11/site-packages/airflow/example_dags/example_external_task_marker_dag.py
[2024-09-17T06:52:53.950-0300] {processor.py:830} INFO - Processing file /home/jezandre/airflow/airflow_env/lib/python3.11/site-packages/airflow/example_dags/example_external_task_marker_dag.py for tasks to queue
[2024-09-17T06:52:53.951-0300] {logging_mixin.py:188} INFO - [2024-09-17T06:52:53.951-0300] {dagbag.py:545} INFO - Filling up the DagBag from /home/jezandre/airflow/airflow_env/lib/python3.11/site-packages/airflow/example_dags/example_external_task_marker_dag.py
[2024-09-17T06:52:53.957-0300] {processor.py:840} INFO - DAG(s) 'example_external_task_marker_parent', 'example_external_task_marker_child' retrieved from /home/jezandre/airflow/airflow_env/lib/python3.11/site-packages/airflow/example_dags/example_external_task_marker_dag.py
[2024-09-17T06:52:53.991-0300] {logging_mixin.py:188} INFO - [2024-09-17T06:52:53.991-0300] {dag.py:3089} INFO - Sync 2 DAGs
[2024-09-17T06:52:54.010-0300] {logging_mixin.py:188} INFO - [2024-09-17T06:52:54.010-0300] {dag.py:3947} INFO - Setting next_dagrun for example_external_task_marker_child to None, run_after=None
[2024-09-17T06:52:54.017-0300] {logging_mixin.py:188} INFO - [2024-09-17T06:52:54.017-0300] {dag.py:3947} INFO - Setting next_dagrun for example_external_task_marker_parent to None, run_after=None
[2024-09-17T06:52:54.043-0300] {processor.py:183} INFO - Processing /home/jezandre/airflow/airflow_env/lib/python3.11/site-packages/airflow/example_dags/example_external_task_marker_dag.py took 0.103 seconds
[2024-09-17T06:53:24.497-0300] {processor.py:161} INFO - Started process (PID=34876) to work on /home/jezandre/airflow/airflow_env/lib/python3.11/site-packages/airflow/example_dags/example_external_task_marker_dag.py
[2024-09-17T06:53:24.499-0300] {processor.py:830} INFO - Processing file /home/jezandre/airflow/airflow_env/lib/python3.11/site-packages/airflow/example_dags/example_external_task_marker_dag.py for tasks to queue
[2024-09-17T06:53:24.501-0300] {logging_mixin.py:188} INFO - [2024-09-17T06:53:24.500-0300] {dagbag.py:545} INFO - Filling up the DagBag from /home/jezandre/airflow/airflow_env/lib/python3.11/site-packages/airflow/example_dags/example_external_task_marker_dag.py
[2024-09-17T06:53:24.507-0300] {processor.py:840} INFO - DAG(s) 'example_external_task_marker_parent', 'example_external_task_marker_child' retrieved from /home/jezandre/airflow/airflow_env/lib/python3.11/site-packages/airflow/example_dags/example_external_task_marker_dag.py
[2024-09-17T06:53:24.545-0300] {logging_mixin.py:188} INFO - [2024-09-17T06:53:24.545-0300] {dag.py:3089} INFO - Sync 2 DAGs
[2024-09-17T06:53:24.564-0300] {logging_mixin.py:188} INFO - [2024-09-17T06:53:24.564-0300] {dag.py:3947} INFO - Setting next_dagrun for example_external_task_marker_child to None, run_after=None
[2024-09-17T06:53:24.570-0300] {logging_mixin.py:188} INFO - [2024-09-17T06:53:24.570-0300] {dag.py:3947} INFO - Setting next_dagrun for example_external_task_marker_parent to None, run_after=None
[2024-09-17T06:53:24.599-0300] {processor.py:183} INFO - Processing /home/jezandre/airflow/airflow_env/lib/python3.11/site-packages/airflow/example_dags/example_external_task_marker_dag.py took 0.110 seconds
[2024-09-17T06:53:55.238-0300] {processor.py:161} INFO - Started process (PID=35216) to work on /home/jezandre/airflow/airflow_env/lib/python3.11/site-packages/airflow/example_dags/example_external_task_marker_dag.py
[2024-09-17T06:53:55.239-0300] {processor.py:830} INFO - Processing file /home/jezandre/airflow/airflow_env/lib/python3.11/site-packages/airflow/example_dags/example_external_task_marker_dag.py for tasks to queue
[2024-09-17T06:53:55.242-0300] {logging_mixin.py:188} INFO - [2024-09-17T06:53:55.241-0300] {dagbag.py:545} INFO - Filling up the DagBag from /home/jezandre/airflow/airflow_env/lib/python3.11/site-packages/airflow/example_dags/example_external_task_marker_dag.py
[2024-09-17T06:53:55.248-0300] {processor.py:840} INFO - DAG(s) 'example_external_task_marker_parent', 'example_external_task_marker_child' retrieved from /home/jezandre/airflow/airflow_env/lib/python3.11/site-packages/airflow/example_dags/example_external_task_marker_dag.py
[2024-09-17T06:53:55.288-0300] {logging_mixin.py:188} INFO - [2024-09-17T06:53:55.287-0300] {dag.py:3089} INFO - Sync 2 DAGs
[2024-09-17T06:53:55.304-0300] {logging_mixin.py:188} INFO - [2024-09-17T06:53:55.304-0300] {dag.py:3947} INFO - Setting next_dagrun for example_external_task_marker_child to None, run_after=None
[2024-09-17T06:53:55.310-0300] {logging_mixin.py:188} INFO - [2024-09-17T06:53:55.310-0300] {dag.py:3947} INFO - Setting next_dagrun for example_external_task_marker_parent to None, run_after=None
[2024-09-17T06:53:55.338-0300] {processor.py:183} INFO - Processing /home/jezandre/airflow/airflow_env/lib/python3.11/site-packages/airflow/example_dags/example_external_task_marker_dag.py took 0.110 seconds
[2024-09-17T06:54:26.099-0300] {processor.py:161} INFO - Started process (PID=35427) to work on /home/jezandre/airflow/airflow_env/lib/python3.11/site-packages/airflow/example_dags/example_external_task_marker_dag.py
[2024-09-17T06:54:26.100-0300] {processor.py:830} INFO - Processing file /home/jezandre/airflow/airflow_env/lib/python3.11/site-packages/airflow/example_dags/example_external_task_marker_dag.py for tasks to queue
[2024-09-17T06:54:26.102-0300] {logging_mixin.py:188} INFO - [2024-09-17T06:54:26.102-0300] {dagbag.py:545} INFO - Filling up the DagBag from /home/jezandre/airflow/airflow_env/lib/python3.11/site-packages/airflow/example_dags/example_external_task_marker_dag.py
[2024-09-17T06:54:26.108-0300] {processor.py:840} INFO - DAG(s) 'example_external_task_marker_child', 'example_external_task_marker_parent' retrieved from /home/jezandre/airflow/airflow_env/lib/python3.11/site-packages/airflow/example_dags/example_external_task_marker_dag.py
[2024-09-17T06:54:26.142-0300] {logging_mixin.py:188} INFO - [2024-09-17T06:54:26.141-0300] {dag.py:3089} INFO - Sync 2 DAGs
[2024-09-17T06:54:26.156-0300] {logging_mixin.py:188} INFO - [2024-09-17T06:54:26.156-0300] {dag.py:3947} INFO - Setting next_dagrun for example_external_task_marker_child to None, run_after=None
[2024-09-17T06:54:26.161-0300] {logging_mixin.py:188} INFO - [2024-09-17T06:54:26.160-0300] {dag.py:3947} INFO - Setting next_dagrun for example_external_task_marker_parent to None, run_after=None
[2024-09-17T06:54:26.187-0300] {processor.py:183} INFO - Processing /home/jezandre/airflow/airflow_env/lib/python3.11/site-packages/airflow/example_dags/example_external_task_marker_dag.py took 0.097 seconds
[2024-09-17T06:54:56.719-0300] {processor.py:161} INFO - Started process (PID=35687) to work on /home/jezandre/airflow/airflow_env/lib/python3.11/site-packages/airflow/example_dags/example_external_task_marker_dag.py
[2024-09-17T06:54:56.721-0300] {processor.py:830} INFO - Processing file /home/jezandre/airflow/airflow_env/lib/python3.11/site-packages/airflow/example_dags/example_external_task_marker_dag.py for tasks to queue
[2024-09-17T06:54:56.722-0300] {logging_mixin.py:188} INFO - [2024-09-17T06:54:56.722-0300] {dagbag.py:545} INFO - Filling up the DagBag from /home/jezandre/airflow/airflow_env/lib/python3.11/site-packages/airflow/example_dags/example_external_task_marker_dag.py
[2024-09-17T06:54:56.727-0300] {processor.py:840} INFO - DAG(s) 'example_external_task_marker_child', 'example_external_task_marker_parent' retrieved from /home/jezandre/airflow/airflow_env/lib/python3.11/site-packages/airflow/example_dags/example_external_task_marker_dag.py
[2024-09-17T06:54:56.758-0300] {logging_mixin.py:188} INFO - [2024-09-17T06:54:56.758-0300] {dag.py:3089} INFO - Sync 2 DAGs
[2024-09-17T06:54:56.773-0300] {logging_mixin.py:188} INFO - [2024-09-17T06:54:56.773-0300] {dag.py:3947} INFO - Setting next_dagrun for example_external_task_marker_child to None, run_after=None
[2024-09-17T06:54:56.779-0300] {logging_mixin.py:188} INFO - [2024-09-17T06:54:56.778-0300] {dag.py:3947} INFO - Setting next_dagrun for example_external_task_marker_parent to None, run_after=None
[2024-09-17T06:54:56.800-0300] {processor.py:183} INFO - Processing /home/jezandre/airflow/airflow_env/lib/python3.11/site-packages/airflow/example_dags/example_external_task_marker_dag.py took 0.089 seconds
