[2024-09-17T06:27:15.481-0300] {processor.py:161} INFO - Started process (PID=20008) to work on /home/jezandre/airflow/airflow_env/lib/python3.11/site-packages/airflow/example_dags/example_nested_branch_dag.py
[2024-09-17T06:27:15.482-0300] {processor.py:830} INFO - Processing file /home/jezandre/airflow/airflow_env/lib/python3.11/site-packages/airflow/example_dags/example_nested_branch_dag.py for tasks to queue
[2024-09-17T06:27:15.483-0300] {logging_mixin.py:188} INFO - [2024-09-17T06:27:15.483-0300] {dagbag.py:545} INFO - Filling up the DagBag from /home/jezandre/airflow/airflow_env/lib/python3.11/site-packages/airflow/example_dags/example_nested_branch_dag.py
[2024-09-17T06:27:15.493-0300] {processor.py:840} INFO - DAG(s) 'example_nested_branch_dag' retrieved from /home/jezandre/airflow/airflow_env/lib/python3.11/site-packages/airflow/example_dags/example_nested_branch_dag.py
[2024-09-17T06:27:15.576-0300] {logging_mixin.py:188} INFO - [2024-09-17T06:27:15.575-0300] {dag.py:3089} INFO - Sync 1 DAGs
[2024-09-17T06:27:15.608-0300] {logging_mixin.py:188} INFO - [2024-09-17T06:27:15.608-0300] {dag.py:3947} INFO - Setting next_dagrun for example_nested_branch_dag to 2024-09-16 00:00:00+00:00, run_after=2024-09-17 00:00:00+00:00
[2024-09-17T06:27:15.774-0300] {processor.py:183} INFO - Processing /home/jezandre/airflow/airflow_env/lib/python3.11/site-packages/airflow/example_dags/example_nested_branch_dag.py took 0.298 seconds
[2024-09-17T06:28:18.329-0300] {processor.py:161} INFO - Started process (PID=20273) to work on /home/jezandre/airflow/airflow_env/lib/python3.11/site-packages/airflow/example_dags/example_nested_branch_dag.py
[2024-09-17T06:28:18.333-0300] {processor.py:830} INFO - Processing file /home/jezandre/airflow/airflow_env/lib/python3.11/site-packages/airflow/example_dags/example_nested_branch_dag.py for tasks to queue
[2024-09-17T06:28:18.335-0300] {logging_mixin.py:188} INFO - [2024-09-17T06:28:18.335-0300] {dagbag.py:545} INFO - Filling up the DagBag from /home/jezandre/airflow/airflow_env/lib/python3.11/site-packages/airflow/example_dags/example_nested_branch_dag.py
[2024-09-17T06:28:18.344-0300] {processor.py:840} INFO - DAG(s) 'example_nested_branch_dag' retrieved from /home/jezandre/airflow/airflow_env/lib/python3.11/site-packages/airflow/example_dags/example_nested_branch_dag.py
[2024-09-17T06:28:18.358-0300] {logging_mixin.py:188} INFO - [2024-09-17T06:28:18.358-0300] {dag.py:3089} INFO - Sync 1 DAGs
[2024-09-17T06:28:18.486-0300] {logging_mixin.py:188} INFO - [2024-09-17T06:28:18.486-0300] {dag.py:3947} INFO - Setting next_dagrun for example_nested_branch_dag to 2024-09-16 00:00:00+00:00, run_after=2024-09-17 00:00:00+00:00
[2024-09-17T06:28:18.510-0300] {processor.py:183} INFO - Processing /home/jezandre/airflow/airflow_env/lib/python3.11/site-packages/airflow/example_dags/example_nested_branch_dag.py took 0.186 seconds
[2024-09-17T06:29:11.375-0300] {processor.py:161} INFO - Started process (PID=20615) to work on /home/jezandre/airflow/airflow_env/lib/python3.11/site-packages/airflow/example_dags/example_nested_branch_dag.py
[2024-09-17T06:29:11.376-0300] {processor.py:830} INFO - Processing file /home/jezandre/airflow/airflow_env/lib/python3.11/site-packages/airflow/example_dags/example_nested_branch_dag.py for tasks to queue
[2024-09-17T06:29:11.378-0300] {logging_mixin.py:188} INFO - [2024-09-17T06:29:11.378-0300] {dagbag.py:545} INFO - Filling up the DagBag from /home/jezandre/airflow/airflow_env/lib/python3.11/site-packages/airflow/example_dags/example_nested_branch_dag.py
[2024-09-17T06:29:11.391-0300] {processor.py:840} INFO - DAG(s) 'example_nested_branch_dag' retrieved from /home/jezandre/airflow/airflow_env/lib/python3.11/site-packages/airflow/example_dags/example_nested_branch_dag.py
[2024-09-17T06:29:11.412-0300] {logging_mixin.py:188} INFO - [2024-09-17T06:29:11.412-0300] {dag.py:3089} INFO - Sync 1 DAGs
[2024-09-17T06:29:11.435-0300] {logging_mixin.py:188} INFO - [2024-09-17T06:29:11.434-0300] {dag.py:3947} INFO - Setting next_dagrun for example_nested_branch_dag to 2024-09-16 00:00:00+00:00, run_after=2024-09-17 00:00:00+00:00
[2024-09-17T06:29:11.463-0300] {processor.py:183} INFO - Processing /home/jezandre/airflow/airflow_env/lib/python3.11/site-packages/airflow/example_dags/example_nested_branch_dag.py took 0.095 seconds
[2024-09-17T06:29:49.541-0300] {processor.py:161} INFO - Started process (PID=21006) to work on /home/jezandre/airflow/airflow_env/lib/python3.11/site-packages/airflow/example_dags/example_nested_branch_dag.py
[2024-09-17T06:29:49.542-0300] {processor.py:830} INFO - Processing file /home/jezandre/airflow/airflow_env/lib/python3.11/site-packages/airflow/example_dags/example_nested_branch_dag.py for tasks to queue
[2024-09-17T06:29:49.544-0300] {logging_mixin.py:188} INFO - [2024-09-17T06:29:49.544-0300] {dagbag.py:545} INFO - Filling up the DagBag from /home/jezandre/airflow/airflow_env/lib/python3.11/site-packages/airflow/example_dags/example_nested_branch_dag.py
[2024-09-17T06:29:49.558-0300] {processor.py:840} INFO - DAG(s) 'example_nested_branch_dag' retrieved from /home/jezandre/airflow/airflow_env/lib/python3.11/site-packages/airflow/example_dags/example_nested_branch_dag.py
[2024-09-17T06:29:49.673-0300] {logging_mixin.py:188} INFO - [2024-09-17T06:29:49.673-0300] {dag.py:3089} INFO - Sync 1 DAGs
[2024-09-17T06:29:49.849-0300] {logging_mixin.py:188} INFO - [2024-09-17T06:29:49.849-0300] {dag.py:3947} INFO - Setting next_dagrun for example_nested_branch_dag to 2024-09-16 00:00:00+00:00, run_after=2024-09-17 00:00:00+00:00
[2024-09-17T06:29:49.875-0300] {processor.py:183} INFO - Processing /home/jezandre/airflow/airflow_env/lib/python3.11/site-packages/airflow/example_dags/example_nested_branch_dag.py took 0.340 seconds
[2024-09-17T06:30:20.206-0300] {processor.py:161} INFO - Started process (PID=21320) to work on /home/jezandre/airflow/airflow_env/lib/python3.11/site-packages/airflow/example_dags/example_nested_branch_dag.py
[2024-09-17T06:30:20.208-0300] {processor.py:830} INFO - Processing file /home/jezandre/airflow/airflow_env/lib/python3.11/site-packages/airflow/example_dags/example_nested_branch_dag.py for tasks to queue
[2024-09-17T06:30:20.211-0300] {logging_mixin.py:188} INFO - [2024-09-17T06:30:20.210-0300] {dagbag.py:545} INFO - Filling up the DagBag from /home/jezandre/airflow/airflow_env/lib/python3.11/site-packages/airflow/example_dags/example_nested_branch_dag.py
[2024-09-17T06:30:20.224-0300] {processor.py:840} INFO - DAG(s) 'example_nested_branch_dag' retrieved from /home/jezandre/airflow/airflow_env/lib/python3.11/site-packages/airflow/example_dags/example_nested_branch_dag.py
[2024-09-17T06:30:20.261-0300] {logging_mixin.py:188} INFO - [2024-09-17T06:30:20.261-0300] {dag.py:3089} INFO - Sync 1 DAGs
[2024-09-17T06:30:20.294-0300] {logging_mixin.py:188} INFO - [2024-09-17T06:30:20.294-0300] {dag.py:3947} INFO - Setting next_dagrun for example_nested_branch_dag to 2024-09-16 00:00:00+00:00, run_after=2024-09-17 00:00:00+00:00
[2024-09-17T06:30:20.332-0300] {processor.py:183} INFO - Processing /home/jezandre/airflow/airflow_env/lib/python3.11/site-packages/airflow/example_dags/example_nested_branch_dag.py took 0.134 seconds
[2024-09-17T06:30:51.248-0300] {processor.py:161} INFO - Started process (PID=21523) to work on /home/jezandre/airflow/airflow_env/lib/python3.11/site-packages/airflow/example_dags/example_nested_branch_dag.py
[2024-09-17T06:30:51.250-0300] {processor.py:830} INFO - Processing file /home/jezandre/airflow/airflow_env/lib/python3.11/site-packages/airflow/example_dags/example_nested_branch_dag.py for tasks to queue
[2024-09-17T06:30:51.253-0300] {logging_mixin.py:188} INFO - [2024-09-17T06:30:51.252-0300] {dagbag.py:545} INFO - Filling up the DagBag from /home/jezandre/airflow/airflow_env/lib/python3.11/site-packages/airflow/example_dags/example_nested_branch_dag.py
[2024-09-17T06:30:51.271-0300] {processor.py:840} INFO - DAG(s) 'example_nested_branch_dag' retrieved from /home/jezandre/airflow/airflow_env/lib/python3.11/site-packages/airflow/example_dags/example_nested_branch_dag.py
[2024-09-17T06:30:51.307-0300] {logging_mixin.py:188} INFO - [2024-09-17T06:30:51.307-0300] {dag.py:3089} INFO - Sync 1 DAGs
[2024-09-17T06:30:51.339-0300] {logging_mixin.py:188} INFO - [2024-09-17T06:30:51.338-0300] {dag.py:3947} INFO - Setting next_dagrun for example_nested_branch_dag to 2024-09-16 00:00:00+00:00, run_after=2024-09-17 00:00:00+00:00
[2024-09-17T06:30:51.365-0300] {processor.py:183} INFO - Processing /home/jezandre/airflow/airflow_env/lib/python3.11/site-packages/airflow/example_dags/example_nested_branch_dag.py took 0.126 seconds
[2024-09-17T06:31:21.523-0300] {processor.py:161} INFO - Started process (PID=21732) to work on /home/jezandre/airflow/airflow_env/lib/python3.11/site-packages/airflow/example_dags/example_nested_branch_dag.py
[2024-09-17T06:31:21.524-0300] {processor.py:830} INFO - Processing file /home/jezandre/airflow/airflow_env/lib/python3.11/site-packages/airflow/example_dags/example_nested_branch_dag.py for tasks to queue
[2024-09-17T06:31:21.526-0300] {logging_mixin.py:188} INFO - [2024-09-17T06:31:21.526-0300] {dagbag.py:545} INFO - Filling up the DagBag from /home/jezandre/airflow/airflow_env/lib/python3.11/site-packages/airflow/example_dags/example_nested_branch_dag.py
[2024-09-17T06:31:21.535-0300] {processor.py:840} INFO - DAG(s) 'example_nested_branch_dag' retrieved from /home/jezandre/airflow/airflow_env/lib/python3.11/site-packages/airflow/example_dags/example_nested_branch_dag.py
[2024-09-17T06:31:21.570-0300] {logging_mixin.py:188} INFO - [2024-09-17T06:31:21.569-0300] {dag.py:3089} INFO - Sync 1 DAGs
[2024-09-17T06:31:21.602-0300] {logging_mixin.py:188} INFO - [2024-09-17T06:31:21.601-0300] {dag.py:3947} INFO - Setting next_dagrun for example_nested_branch_dag to 2024-09-16 00:00:00+00:00, run_after=2024-09-17 00:00:00+00:00
[2024-09-17T06:31:21.632-0300] {processor.py:183} INFO - Processing /home/jezandre/airflow/airflow_env/lib/python3.11/site-packages/airflow/example_dags/example_nested_branch_dag.py took 0.115 seconds
[2024-09-17T06:31:52.067-0300] {processor.py:161} INFO - Started process (PID=22010) to work on /home/jezandre/airflow/airflow_env/lib/python3.11/site-packages/airflow/example_dags/example_nested_branch_dag.py
[2024-09-17T06:31:52.068-0300] {processor.py:830} INFO - Processing file /home/jezandre/airflow/airflow_env/lib/python3.11/site-packages/airflow/example_dags/example_nested_branch_dag.py for tasks to queue
[2024-09-17T06:31:52.069-0300] {logging_mixin.py:188} INFO - [2024-09-17T06:31:52.069-0300] {dagbag.py:545} INFO - Filling up the DagBag from /home/jezandre/airflow/airflow_env/lib/python3.11/site-packages/airflow/example_dags/example_nested_branch_dag.py
[2024-09-17T06:31:52.080-0300] {processor.py:840} INFO - DAG(s) 'example_nested_branch_dag' retrieved from /home/jezandre/airflow/airflow_env/lib/python3.11/site-packages/airflow/example_dags/example_nested_branch_dag.py
[2024-09-17T06:31:52.107-0300] {logging_mixin.py:188} INFO - [2024-09-17T06:31:52.107-0300] {dag.py:3089} INFO - Sync 1 DAGs
[2024-09-17T06:31:52.140-0300] {logging_mixin.py:188} INFO - [2024-09-17T06:31:52.140-0300] {dag.py:3947} INFO - Setting next_dagrun for example_nested_branch_dag to 2024-09-16 00:00:00+00:00, run_after=2024-09-17 00:00:00+00:00
[2024-09-17T06:31:52.166-0300] {processor.py:183} INFO - Processing /home/jezandre/airflow/airflow_env/lib/python3.11/site-packages/airflow/example_dags/example_nested_branch_dag.py took 0.106 seconds
[2024-09-17T06:32:22.732-0300] {processor.py:161} INFO - Started process (PID=22495) to work on /home/jezandre/airflow/airflow_env/lib/python3.11/site-packages/airflow/example_dags/example_nested_branch_dag.py
[2024-09-17T06:32:22.734-0300] {processor.py:830} INFO - Processing file /home/jezandre/airflow/airflow_env/lib/python3.11/site-packages/airflow/example_dags/example_nested_branch_dag.py for tasks to queue
[2024-09-17T06:32:22.736-0300] {logging_mixin.py:188} INFO - [2024-09-17T06:32:22.735-0300] {dagbag.py:545} INFO - Filling up the DagBag from /home/jezandre/airflow/airflow_env/lib/python3.11/site-packages/airflow/example_dags/example_nested_branch_dag.py
[2024-09-17T06:32:22.748-0300] {processor.py:840} INFO - DAG(s) 'example_nested_branch_dag' retrieved from /home/jezandre/airflow/airflow_env/lib/python3.11/site-packages/airflow/example_dags/example_nested_branch_dag.py
[2024-09-17T06:32:22.907-0300] {logging_mixin.py:188} INFO - [2024-09-17T06:32:22.907-0300] {dag.py:3089} INFO - Sync 1 DAGs
[2024-09-17T06:32:22.947-0300] {logging_mixin.py:188} INFO - [2024-09-17T06:32:22.947-0300] {dag.py:3947} INFO - Setting next_dagrun for example_nested_branch_dag to 2024-09-16 00:00:00+00:00, run_after=2024-09-17 00:00:00+00:00
[2024-09-17T06:32:22.991-0300] {processor.py:183} INFO - Processing /home/jezandre/airflow/airflow_env/lib/python3.11/site-packages/airflow/example_dags/example_nested_branch_dag.py took 0.265 seconds
