[2024-09-17T06:27:17.593-0300] {processor.py:161} INFO - Started process (PID=20016) to work on /home/jezandre/airflow/airflow_env/lib/python3.11/site-packages/airflow/example_dags/example_params_trigger_ui.py
[2024-09-17T06:27:17.594-0300] {processor.py:830} INFO - Processing file /home/jezandre/airflow/airflow_env/lib/python3.11/site-packages/airflow/example_dags/example_params_trigger_ui.py for tasks to queue
[2024-09-17T06:27:17.596-0300] {logging_mixin.py:188} INFO - [2024-09-17T06:27:17.595-0300] {dagbag.py:545} INFO - Filling up the DagBag from /home/jezandre/airflow/airflow_env/lib/python3.11/site-packages/airflow/example_dags/example_params_trigger_ui.py
[2024-09-17T06:27:17.609-0300] {processor.py:840} INFO - DAG(s) 'example_params_trigger_ui' retrieved from /home/jezandre/airflow/airflow_env/lib/python3.11/site-packages/airflow/example_dags/example_params_trigger_ui.py
[2024-09-17T06:27:17.722-0300] {logging_mixin.py:188} INFO - [2024-09-17T06:27:17.721-0300] {dag.py:3089} INFO - Sync 1 DAGs
[2024-09-17T06:27:17.844-0300] {logging_mixin.py:188} INFO - [2024-09-17T06:27:17.844-0300] {dag.py:3947} INFO - Setting next_dagrun for example_params_trigger_ui to None, run_after=None
[2024-09-17T06:27:17.884-0300] {processor.py:183} INFO - Processing /home/jezandre/airflow/airflow_env/lib/python3.11/site-packages/airflow/example_dags/example_params_trigger_ui.py took 0.296 seconds
[2024-09-17T06:28:20.351-0300] {processor.py:161} INFO - Started process (PID=20281) to work on /home/jezandre/airflow/airflow_env/lib/python3.11/site-packages/airflow/example_dags/example_params_trigger_ui.py
[2024-09-17T06:28:20.356-0300] {processor.py:830} INFO - Processing file /home/jezandre/airflow/airflow_env/lib/python3.11/site-packages/airflow/example_dags/example_params_trigger_ui.py for tasks to queue
[2024-09-17T06:28:20.358-0300] {logging_mixin.py:188} INFO - [2024-09-17T06:28:20.357-0300] {dagbag.py:545} INFO - Filling up the DagBag from /home/jezandre/airflow/airflow_env/lib/python3.11/site-packages/airflow/example_dags/example_params_trigger_ui.py
[2024-09-17T06:28:20.366-0300] {processor.py:840} INFO - DAG(s) 'example_params_trigger_ui' retrieved from /home/jezandre/airflow/airflow_env/lib/python3.11/site-packages/airflow/example_dags/example_params_trigger_ui.py
[2024-09-17T06:28:20.524-0300] {logging_mixin.py:188} INFO - [2024-09-17T06:28:20.523-0300] {dag.py:3089} INFO - Sync 1 DAGs
[2024-09-17T06:28:20.532-0300] {logging_mixin.py:188} INFO - [2024-09-17T06:28:20.532-0300] {dag.py:3947} INFO - Setting next_dagrun for example_params_trigger_ui to None, run_after=None
[2024-09-17T06:28:20.560-0300] {processor.py:183} INFO - Processing /home/jezandre/airflow/airflow_env/lib/python3.11/site-packages/airflow/example_dags/example_params_trigger_ui.py took 0.214 seconds
[2024-09-17T06:29:13.873-0300] {processor.py:161} INFO - Started process (PID=20628) to work on /home/jezandre/airflow/airflow_env/lib/python3.11/site-packages/airflow/example_dags/example_params_trigger_ui.py
[2024-09-17T06:29:13.875-0300] {processor.py:830} INFO - Processing file /home/jezandre/airflow/airflow_env/lib/python3.11/site-packages/airflow/example_dags/example_params_trigger_ui.py for tasks to queue
[2024-09-17T06:29:13.877-0300] {logging_mixin.py:188} INFO - [2024-09-17T06:29:13.876-0300] {dagbag.py:545} INFO - Filling up the DagBag from /home/jezandre/airflow/airflow_env/lib/python3.11/site-packages/airflow/example_dags/example_params_trigger_ui.py
[2024-09-17T06:29:13.889-0300] {processor.py:840} INFO - DAG(s) 'example_params_trigger_ui' retrieved from /home/jezandre/airflow/airflow_env/lib/python3.11/site-packages/airflow/example_dags/example_params_trigger_ui.py
[2024-09-17T06:29:13.926-0300] {logging_mixin.py:188} INFO - [2024-09-17T06:29:13.926-0300] {dag.py:3089} INFO - Sync 1 DAGs
[2024-09-17T06:29:13.943-0300] {logging_mixin.py:188} INFO - [2024-09-17T06:29:13.943-0300] {dag.py:3947} INFO - Setting next_dagrun for example_params_trigger_ui to None, run_after=None
[2024-09-17T06:29:13.980-0300] {processor.py:183} INFO - Processing /home/jezandre/airflow/airflow_env/lib/python3.11/site-packages/airflow/example_dags/example_params_trigger_ui.py took 0.115 seconds
[2024-09-17T06:29:49.905-0300] {processor.py:161} INFO - Started process (PID=21010) to work on /home/jezandre/airflow/airflow_env/lib/python3.11/site-packages/airflow/example_dags/example_params_trigger_ui.py
[2024-09-17T06:29:49.906-0300] {processor.py:830} INFO - Processing file /home/jezandre/airflow/airflow_env/lib/python3.11/site-packages/airflow/example_dags/example_params_trigger_ui.py for tasks to queue
[2024-09-17T06:29:49.908-0300] {logging_mixin.py:188} INFO - [2024-09-17T06:29:49.908-0300] {dagbag.py:545} INFO - Filling up the DagBag from /home/jezandre/airflow/airflow_env/lib/python3.11/site-packages/airflow/example_dags/example_params_trigger_ui.py
[2024-09-17T06:29:49.920-0300] {processor.py:840} INFO - DAG(s) 'example_params_trigger_ui' retrieved from /home/jezandre/airflow/airflow_env/lib/python3.11/site-packages/airflow/example_dags/example_params_trigger_ui.py
[2024-09-17T06:29:50.065-0300] {logging_mixin.py:188} INFO - [2024-09-17T06:29:50.064-0300] {dag.py:3089} INFO - Sync 1 DAGs
[2024-09-17T06:29:50.232-0300] {logging_mixin.py:188} INFO - [2024-09-17T06:29:50.232-0300] {dag.py:3947} INFO - Setting next_dagrun for example_params_trigger_ui to None, run_after=None
[2024-09-17T06:29:50.268-0300] {processor.py:183} INFO - Processing /home/jezandre/airflow/airflow_env/lib/python3.11/site-packages/airflow/example_dags/example_params_trigger_ui.py took 0.369 seconds
[2024-09-17T06:30:20.408-0300] {processor.py:161} INFO - Started process (PID=21323) to work on /home/jezandre/airflow/airflow_env/lib/python3.11/site-packages/airflow/example_dags/example_params_trigger_ui.py
[2024-09-17T06:30:20.419-0300] {processor.py:830} INFO - Processing file /home/jezandre/airflow/airflow_env/lib/python3.11/site-packages/airflow/example_dags/example_params_trigger_ui.py for tasks to queue
[2024-09-17T06:30:20.422-0300] {logging_mixin.py:188} INFO - [2024-09-17T06:30:20.421-0300] {dagbag.py:545} INFO - Filling up the DagBag from /home/jezandre/airflow/airflow_env/lib/python3.11/site-packages/airflow/example_dags/example_params_trigger_ui.py
[2024-09-17T06:30:20.457-0300] {processor.py:840} INFO - DAG(s) 'example_params_trigger_ui' retrieved from /home/jezandre/airflow/airflow_env/lib/python3.11/site-packages/airflow/example_dags/example_params_trigger_ui.py
[2024-09-17T06:30:20.533-0300] {logging_mixin.py:188} INFO - [2024-09-17T06:30:20.532-0300] {dag.py:3089} INFO - Sync 1 DAGs
[2024-09-17T06:30:20.550-0300] {logging_mixin.py:188} INFO - [2024-09-17T06:30:20.550-0300] {dag.py:3947} INFO - Setting next_dagrun for example_params_trigger_ui to None, run_after=None
[2024-09-17T06:30:20.579-0300] {processor.py:183} INFO - Processing /home/jezandre/airflow/airflow_env/lib/python3.11/site-packages/airflow/example_dags/example_params_trigger_ui.py took 0.189 seconds
[2024-09-17T06:30:51.395-0300] {processor.py:161} INFO - Started process (PID=21527) to work on /home/jezandre/airflow/airflow_env/lib/python3.11/site-packages/airflow/example_dags/example_params_trigger_ui.py
[2024-09-17T06:30:51.397-0300] {processor.py:830} INFO - Processing file /home/jezandre/airflow/airflow_env/lib/python3.11/site-packages/airflow/example_dags/example_params_trigger_ui.py for tasks to queue
[2024-09-17T06:30:51.399-0300] {logging_mixin.py:188} INFO - [2024-09-17T06:30:51.398-0300] {dagbag.py:545} INFO - Filling up the DagBag from /home/jezandre/airflow/airflow_env/lib/python3.11/site-packages/airflow/example_dags/example_params_trigger_ui.py
[2024-09-17T06:30:51.407-0300] {processor.py:840} INFO - DAG(s) 'example_params_trigger_ui' retrieved from /home/jezandre/airflow/airflow_env/lib/python3.11/site-packages/airflow/example_dags/example_params_trigger_ui.py
[2024-09-17T06:30:51.467-0300] {logging_mixin.py:188} INFO - [2024-09-17T06:30:51.467-0300] {dag.py:3089} INFO - Sync 1 DAGs
[2024-09-17T06:30:51.486-0300] {logging_mixin.py:188} INFO - [2024-09-17T06:30:51.485-0300] {dag.py:3947} INFO - Setting next_dagrun for example_params_trigger_ui to None, run_after=None
[2024-09-17T06:30:51.513-0300] {processor.py:183} INFO - Processing /home/jezandre/airflow/airflow_env/lib/python3.11/site-packages/airflow/example_dags/example_params_trigger_ui.py took 0.126 seconds
[2024-09-17T06:31:21.658-0300] {processor.py:161} INFO - Started process (PID=21736) to work on /home/jezandre/airflow/airflow_env/lib/python3.11/site-packages/airflow/example_dags/example_params_trigger_ui.py
[2024-09-17T06:31:21.660-0300] {processor.py:830} INFO - Processing file /home/jezandre/airflow/airflow_env/lib/python3.11/site-packages/airflow/example_dags/example_params_trigger_ui.py for tasks to queue
[2024-09-17T06:31:21.661-0300] {logging_mixin.py:188} INFO - [2024-09-17T06:31:21.661-0300] {dagbag.py:545} INFO - Filling up the DagBag from /home/jezandre/airflow/airflow_env/lib/python3.11/site-packages/airflow/example_dags/example_params_trigger_ui.py
[2024-09-17T06:31:21.670-0300] {processor.py:840} INFO - DAG(s) 'example_params_trigger_ui' retrieved from /home/jezandre/airflow/airflow_env/lib/python3.11/site-packages/airflow/example_dags/example_params_trigger_ui.py
[2024-09-17T06:31:21.718-0300] {logging_mixin.py:188} INFO - [2024-09-17T06:31:21.717-0300] {dag.py:3089} INFO - Sync 1 DAGs
[2024-09-17T06:31:21.731-0300] {logging_mixin.py:188} INFO - [2024-09-17T06:31:21.731-0300] {dag.py:3947} INFO - Setting next_dagrun for example_params_trigger_ui to None, run_after=None
[2024-09-17T06:31:21.754-0300] {processor.py:183} INFO - Processing /home/jezandre/airflow/airflow_env/lib/python3.11/site-packages/airflow/example_dags/example_params_trigger_ui.py took 0.102 seconds
[2024-09-17T06:31:52.191-0300] {processor.py:161} INFO - Started process (PID=22014) to work on /home/jezandre/airflow/airflow_env/lib/python3.11/site-packages/airflow/example_dags/example_params_trigger_ui.py
[2024-09-17T06:31:52.192-0300] {processor.py:830} INFO - Processing file /home/jezandre/airflow/airflow_env/lib/python3.11/site-packages/airflow/example_dags/example_params_trigger_ui.py for tasks to queue
[2024-09-17T06:31:52.193-0300] {logging_mixin.py:188} INFO - [2024-09-17T06:31:52.193-0300] {dagbag.py:545} INFO - Filling up the DagBag from /home/jezandre/airflow/airflow_env/lib/python3.11/site-packages/airflow/example_dags/example_params_trigger_ui.py
[2024-09-17T06:31:52.204-0300] {processor.py:840} INFO - DAG(s) 'example_params_trigger_ui' retrieved from /home/jezandre/airflow/airflow_env/lib/python3.11/site-packages/airflow/example_dags/example_params_trigger_ui.py
[2024-09-17T06:31:52.261-0300] {logging_mixin.py:188} INFO - [2024-09-17T06:31:52.260-0300] {dag.py:3089} INFO - Sync 1 DAGs
[2024-09-17T06:31:52.279-0300] {logging_mixin.py:188} INFO - [2024-09-17T06:31:52.278-0300] {dag.py:3947} INFO - Setting next_dagrun for example_params_trigger_ui to None, run_after=None
[2024-09-17T06:31:52.309-0300] {processor.py:183} INFO - Processing /home/jezandre/airflow/airflow_env/lib/python3.11/site-packages/airflow/example_dags/example_params_trigger_ui.py took 0.124 seconds
[2024-09-17T06:32:23.019-0300] {processor.py:161} INFO - Started process (PID=22499) to work on /home/jezandre/airflow/airflow_env/lib/python3.11/site-packages/airflow/example_dags/example_params_trigger_ui.py
[2024-09-17T06:32:23.020-0300] {processor.py:830} INFO - Processing file /home/jezandre/airflow/airflow_env/lib/python3.11/site-packages/airflow/example_dags/example_params_trigger_ui.py for tasks to queue
[2024-09-17T06:32:23.022-0300] {logging_mixin.py:188} INFO - [2024-09-17T06:32:23.022-0300] {dagbag.py:545} INFO - Filling up the DagBag from /home/jezandre/airflow/airflow_env/lib/python3.11/site-packages/airflow/example_dags/example_params_trigger_ui.py
[2024-09-17T06:32:23.030-0300] {processor.py:840} INFO - DAG(s) 'example_params_trigger_ui' retrieved from /home/jezandre/airflow/airflow_env/lib/python3.11/site-packages/airflow/example_dags/example_params_trigger_ui.py
[2024-09-17T06:32:23.189-0300] {logging_mixin.py:188} INFO - [2024-09-17T06:32:23.189-0300] {dag.py:3089} INFO - Sync 1 DAGs
[2024-09-17T06:32:23.201-0300] {logging_mixin.py:188} INFO - [2024-09-17T06:32:23.201-0300] {dag.py:3947} INFO - Setting next_dagrun for example_params_trigger_ui to None, run_after=None
[2024-09-17T06:32:23.239-0300] {processor.py:183} INFO - Processing /home/jezandre/airflow/airflow_env/lib/python3.11/site-packages/airflow/example_dags/example_params_trigger_ui.py took 0.226 seconds
[2024-09-17T06:32:53.595-0300] {processor.py:161} INFO - Started process (PID=22857) to work on /home/jezandre/airflow/airflow_env/lib/python3.11/site-packages/airflow/example_dags/example_params_trigger_ui.py
[2024-09-17T06:32:53.597-0300] {processor.py:830} INFO - Processing file /home/jezandre/airflow/airflow_env/lib/python3.11/site-packages/airflow/example_dags/example_params_trigger_ui.py for tasks to queue
[2024-09-17T06:32:53.599-0300] {logging_mixin.py:188} INFO - [2024-09-17T06:32:53.599-0300] {dagbag.py:545} INFO - Filling up the DagBag from /home/jezandre/airflow/airflow_env/lib/python3.11/site-packages/airflow/example_dags/example_params_trigger_ui.py
[2024-09-17T06:32:53.611-0300] {processor.py:840} INFO - DAG(s) 'example_params_trigger_ui' retrieved from /home/jezandre/airflow/airflow_env/lib/python3.11/site-packages/airflow/example_dags/example_params_trigger_ui.py
[2024-09-17T06:32:53.675-0300] {logging_mixin.py:188} INFO - [2024-09-17T06:32:53.674-0300] {dag.py:3089} INFO - Sync 1 DAGs
[2024-09-17T06:32:53.691-0300] {logging_mixin.py:188} INFO - [2024-09-17T06:32:53.691-0300] {dag.py:3947} INFO - Setting next_dagrun for example_params_trigger_ui to None, run_after=None
[2024-09-17T06:32:53.727-0300] {processor.py:183} INFO - Processing /home/jezandre/airflow/airflow_env/lib/python3.11/site-packages/airflow/example_dags/example_params_trigger_ui.py took 0.137 seconds
[2024-09-17T06:33:24.329-0300] {processor.py:161} INFO - Started process (PID=23089) to work on /home/jezandre/airflow/airflow_env/lib/python3.11/site-packages/airflow/example_dags/example_params_trigger_ui.py
[2024-09-17T06:33:24.331-0300] {processor.py:830} INFO - Processing file /home/jezandre/airflow/airflow_env/lib/python3.11/site-packages/airflow/example_dags/example_params_trigger_ui.py for tasks to queue
[2024-09-17T06:33:24.332-0300] {logging_mixin.py:188} INFO - [2024-09-17T06:33:24.332-0300] {dagbag.py:545} INFO - Filling up the DagBag from /home/jezandre/airflow/airflow_env/lib/python3.11/site-packages/airflow/example_dags/example_params_trigger_ui.py
[2024-09-17T06:33:24.340-0300] {processor.py:840} INFO - DAG(s) 'example_params_trigger_ui' retrieved from /home/jezandre/airflow/airflow_env/lib/python3.11/site-packages/airflow/example_dags/example_params_trigger_ui.py
[2024-09-17T06:33:24.408-0300] {logging_mixin.py:188} INFO - [2024-09-17T06:33:24.408-0300] {dag.py:3089} INFO - Sync 1 DAGs
[2024-09-17T06:33:24.424-0300] {logging_mixin.py:188} INFO - [2024-09-17T06:33:24.424-0300] {dag.py:3947} INFO - Setting next_dagrun for example_params_trigger_ui to None, run_after=None
[2024-09-17T06:33:24.452-0300] {processor.py:183} INFO - Processing /home/jezandre/airflow/airflow_env/lib/python3.11/site-packages/airflow/example_dags/example_params_trigger_ui.py took 0.131 seconds
[2024-09-17T06:33:54.849-0300] {processor.py:161} INFO - Started process (PID=23369) to work on /home/jezandre/airflow/airflow_env/lib/python3.11/site-packages/airflow/example_dags/example_params_trigger_ui.py
[2024-09-17T06:33:54.851-0300] {processor.py:830} INFO - Processing file /home/jezandre/airflow/airflow_env/lib/python3.11/site-packages/airflow/example_dags/example_params_trigger_ui.py for tasks to queue
[2024-09-17T06:33:54.854-0300] {logging_mixin.py:188} INFO - [2024-09-17T06:33:54.853-0300] {dagbag.py:545} INFO - Filling up the DagBag from /home/jezandre/airflow/airflow_env/lib/python3.11/site-packages/airflow/example_dags/example_params_trigger_ui.py
[2024-09-17T06:33:54.865-0300] {processor.py:840} INFO - DAG(s) 'example_params_trigger_ui' retrieved from /home/jezandre/airflow/airflow_env/lib/python3.11/site-packages/airflow/example_dags/example_params_trigger_ui.py
[2024-09-17T06:33:54.930-0300] {logging_mixin.py:188} INFO - [2024-09-17T06:33:54.929-0300] {dag.py:3089} INFO - Sync 1 DAGs
[2024-09-17T06:33:54.949-0300] {logging_mixin.py:188} INFO - [2024-09-17T06:33:54.948-0300] {dag.py:3947} INFO - Setting next_dagrun for example_params_trigger_ui to None, run_after=None
[2024-09-17T06:33:54.978-0300] {processor.py:183} INFO - Processing /home/jezandre/airflow/airflow_env/lib/python3.11/site-packages/airflow/example_dags/example_params_trigger_ui.py took 0.136 seconds
[2024-09-17T06:34:25.290-0300] {processor.py:161} INFO - Started process (PID=23619) to work on /home/jezandre/airflow/airflow_env/lib/python3.11/site-packages/airflow/example_dags/example_params_trigger_ui.py
[2024-09-17T06:34:25.292-0300] {processor.py:830} INFO - Processing file /home/jezandre/airflow/airflow_env/lib/python3.11/site-packages/airflow/example_dags/example_params_trigger_ui.py for tasks to queue
[2024-09-17T06:34:25.294-0300] {logging_mixin.py:188} INFO - [2024-09-17T06:34:25.293-0300] {dagbag.py:545} INFO - Filling up the DagBag from /home/jezandre/airflow/airflow_env/lib/python3.11/site-packages/airflow/example_dags/example_params_trigger_ui.py
[2024-09-17T06:34:25.306-0300] {processor.py:840} INFO - DAG(s) 'example_params_trigger_ui' retrieved from /home/jezandre/airflow/airflow_env/lib/python3.11/site-packages/airflow/example_dags/example_params_trigger_ui.py
[2024-09-17T06:34:25.358-0300] {logging_mixin.py:188} INFO - [2024-09-17T06:34:25.358-0300] {dag.py:3089} INFO - Sync 1 DAGs
[2024-09-17T06:34:25.378-0300] {logging_mixin.py:188} INFO - [2024-09-17T06:34:25.378-0300] {dag.py:3947} INFO - Setting next_dagrun for example_params_trigger_ui to None, run_after=None
[2024-09-17T06:34:25.411-0300] {processor.py:183} INFO - Processing /home/jezandre/airflow/airflow_env/lib/python3.11/site-packages/airflow/example_dags/example_params_trigger_ui.py took 0.133 seconds
[2024-09-17T06:34:55.813-0300] {processor.py:161} INFO - Started process (PID=23960) to work on /home/jezandre/airflow/airflow_env/lib/python3.11/site-packages/airflow/example_dags/example_params_trigger_ui.py
[2024-09-17T06:34:55.814-0300] {processor.py:830} INFO - Processing file /home/jezandre/airflow/airflow_env/lib/python3.11/site-packages/airflow/example_dags/example_params_trigger_ui.py for tasks to queue
[2024-09-17T06:34:55.816-0300] {logging_mixin.py:188} INFO - [2024-09-17T06:34:55.816-0300] {dagbag.py:545} INFO - Filling up the DagBag from /home/jezandre/airflow/airflow_env/lib/python3.11/site-packages/airflow/example_dags/example_params_trigger_ui.py
[2024-09-17T06:34:55.827-0300] {processor.py:840} INFO - DAG(s) 'example_params_trigger_ui' retrieved from /home/jezandre/airflow/airflow_env/lib/python3.11/site-packages/airflow/example_dags/example_params_trigger_ui.py
[2024-09-17T06:34:55.873-0300] {logging_mixin.py:188} INFO - [2024-09-17T06:34:55.872-0300] {dag.py:3089} INFO - Sync 1 DAGs
[2024-09-17T06:34:55.886-0300] {logging_mixin.py:188} INFO - [2024-09-17T06:34:55.886-0300] {dag.py:3947} INFO - Setting next_dagrun for example_params_trigger_ui to None, run_after=None
[2024-09-17T06:34:55.909-0300] {processor.py:183} INFO - Processing /home/jezandre/airflow/airflow_env/lib/python3.11/site-packages/airflow/example_dags/example_params_trigger_ui.py took 0.101 seconds
[2024-09-17T06:35:26.516-0300] {processor.py:161} INFO - Started process (PID=24202) to work on /home/jezandre/airflow/airflow_env/lib/python3.11/site-packages/airflow/example_dags/example_params_trigger_ui.py
[2024-09-17T06:35:26.518-0300] {processor.py:830} INFO - Processing file /home/jezandre/airflow/airflow_env/lib/python3.11/site-packages/airflow/example_dags/example_params_trigger_ui.py for tasks to queue
[2024-09-17T06:35:26.519-0300] {logging_mixin.py:188} INFO - [2024-09-17T06:35:26.519-0300] {dagbag.py:545} INFO - Filling up the DagBag from /home/jezandre/airflow/airflow_env/lib/python3.11/site-packages/airflow/example_dags/example_params_trigger_ui.py
[2024-09-17T06:35:26.530-0300] {processor.py:840} INFO - DAG(s) 'example_params_trigger_ui' retrieved from /home/jezandre/airflow/airflow_env/lib/python3.11/site-packages/airflow/example_dags/example_params_trigger_ui.py
[2024-09-17T06:35:26.593-0300] {logging_mixin.py:188} INFO - [2024-09-17T06:35:26.592-0300] {dag.py:3089} INFO - Sync 1 DAGs
[2024-09-17T06:35:26.609-0300] {logging_mixin.py:188} INFO - [2024-09-17T06:35:26.608-0300] {dag.py:3947} INFO - Setting next_dagrun for example_params_trigger_ui to None, run_after=None
[2024-09-17T06:35:26.636-0300] {processor.py:183} INFO - Processing /home/jezandre/airflow/airflow_env/lib/python3.11/site-packages/airflow/example_dags/example_params_trigger_ui.py took 0.127 seconds
[2024-09-17T06:35:56.752-0300] {processor.py:161} INFO - Started process (PID=24530) to work on /home/jezandre/airflow/airflow_env/lib/python3.11/site-packages/airflow/example_dags/example_params_trigger_ui.py
[2024-09-17T06:35:56.753-0300] {processor.py:830} INFO - Processing file /home/jezandre/airflow/airflow_env/lib/python3.11/site-packages/airflow/example_dags/example_params_trigger_ui.py for tasks to queue
[2024-09-17T06:35:56.755-0300] {logging_mixin.py:188} INFO - [2024-09-17T06:35:56.755-0300] {dagbag.py:545} INFO - Filling up the DagBag from /home/jezandre/airflow/airflow_env/lib/python3.11/site-packages/airflow/example_dags/example_params_trigger_ui.py
[2024-09-17T06:35:56.764-0300] {processor.py:840} INFO - DAG(s) 'example_params_trigger_ui' retrieved from /home/jezandre/airflow/airflow_env/lib/python3.11/site-packages/airflow/example_dags/example_params_trigger_ui.py
[2024-09-17T06:35:56.811-0300] {logging_mixin.py:188} INFO - [2024-09-17T06:35:56.811-0300] {dag.py:3089} INFO - Sync 1 DAGs
[2024-09-17T06:35:56.824-0300] {logging_mixin.py:188} INFO - [2024-09-17T06:35:56.824-0300] {dag.py:3947} INFO - Setting next_dagrun for example_params_trigger_ui to None, run_after=None
[2024-09-17T06:35:56.849-0300] {processor.py:183} INFO - Processing /home/jezandre/airflow/airflow_env/lib/python3.11/site-packages/airflow/example_dags/example_params_trigger_ui.py took 0.102 seconds
[2024-09-17T06:36:27.097-0300] {processor.py:161} INFO - Started process (PID=24745) to work on /home/jezandre/airflow/airflow_env/lib/python3.11/site-packages/airflow/example_dags/example_params_trigger_ui.py
[2024-09-17T06:36:27.098-0300] {processor.py:830} INFO - Processing file /home/jezandre/airflow/airflow_env/lib/python3.11/site-packages/airflow/example_dags/example_params_trigger_ui.py for tasks to queue
[2024-09-17T06:36:27.100-0300] {logging_mixin.py:188} INFO - [2024-09-17T06:36:27.100-0300] {dagbag.py:545} INFO - Filling up the DagBag from /home/jezandre/airflow/airflow_env/lib/python3.11/site-packages/airflow/example_dags/example_params_trigger_ui.py
[2024-09-17T06:36:27.109-0300] {processor.py:840} INFO - DAG(s) 'example_params_trigger_ui' retrieved from /home/jezandre/airflow/airflow_env/lib/python3.11/site-packages/airflow/example_dags/example_params_trigger_ui.py
[2024-09-17T06:36:27.156-0300] {logging_mixin.py:188} INFO - [2024-09-17T06:36:27.156-0300] {dag.py:3089} INFO - Sync 1 DAGs
[2024-09-17T06:36:27.174-0300] {logging_mixin.py:188} INFO - [2024-09-17T06:36:27.173-0300] {dag.py:3947} INFO - Setting next_dagrun for example_params_trigger_ui to None, run_after=None
[2024-09-17T06:36:27.199-0300] {processor.py:183} INFO - Processing /home/jezandre/airflow/airflow_env/lib/python3.11/site-packages/airflow/example_dags/example_params_trigger_ui.py took 0.109 seconds
[2024-09-17T06:36:57.564-0300] {processor.py:161} INFO - Started process (PID=24974) to work on /home/jezandre/airflow/airflow_env/lib/python3.11/site-packages/airflow/example_dags/example_params_trigger_ui.py
[2024-09-17T06:36:57.566-0300] {processor.py:830} INFO - Processing file /home/jezandre/airflow/airflow_env/lib/python3.11/site-packages/airflow/example_dags/example_params_trigger_ui.py for tasks to queue
[2024-09-17T06:36:57.567-0300] {logging_mixin.py:188} INFO - [2024-09-17T06:36:57.567-0300] {dagbag.py:545} INFO - Filling up the DagBag from /home/jezandre/airflow/airflow_env/lib/python3.11/site-packages/airflow/example_dags/example_params_trigger_ui.py
[2024-09-17T06:36:57.575-0300] {processor.py:840} INFO - DAG(s) 'example_params_trigger_ui' retrieved from /home/jezandre/airflow/airflow_env/lib/python3.11/site-packages/airflow/example_dags/example_params_trigger_ui.py
[2024-09-17T06:36:57.634-0300] {logging_mixin.py:188} INFO - [2024-09-17T06:36:57.633-0300] {dag.py:3089} INFO - Sync 1 DAGs
[2024-09-17T06:36:57.648-0300] {logging_mixin.py:188} INFO - [2024-09-17T06:36:57.648-0300] {dag.py:3947} INFO - Setting next_dagrun for example_params_trigger_ui to None, run_after=None
[2024-09-17T06:36:57.672-0300] {processor.py:183} INFO - Processing /home/jezandre/airflow/airflow_env/lib/python3.11/site-packages/airflow/example_dags/example_params_trigger_ui.py took 0.113 seconds
[2024-09-17T06:37:29.025-0300] {processor.py:161} INFO - Started process (PID=25189) to work on /home/jezandre/airflow/airflow_env/lib/python3.11/site-packages/airflow/example_dags/example_params_trigger_ui.py
[2024-09-17T06:37:29.027-0300] {processor.py:830} INFO - Processing file /home/jezandre/airflow/airflow_env/lib/python3.11/site-packages/airflow/example_dags/example_params_trigger_ui.py for tasks to queue
[2024-09-17T06:37:29.030-0300] {logging_mixin.py:188} INFO - [2024-09-17T06:37:29.029-0300] {dagbag.py:545} INFO - Filling up the DagBag from /home/jezandre/airflow/airflow_env/lib/python3.11/site-packages/airflow/example_dags/example_params_trigger_ui.py
[2024-09-17T06:37:29.043-0300] {processor.py:840} INFO - DAG(s) 'example_params_trigger_ui' retrieved from /home/jezandre/airflow/airflow_env/lib/python3.11/site-packages/airflow/example_dags/example_params_trigger_ui.py
[2024-09-17T06:37:29.302-0300] {logging_mixin.py:188} INFO - [2024-09-17T06:37:29.301-0300] {dag.py:3089} INFO - Sync 1 DAGs
[2024-09-17T06:37:29.320-0300] {logging_mixin.py:188} INFO - [2024-09-17T06:37:29.319-0300] {dag.py:3947} INFO - Setting next_dagrun for example_params_trigger_ui to None, run_after=None
[2024-09-17T06:37:29.366-0300] {processor.py:183} INFO - Processing /home/jezandre/airflow/airflow_env/lib/python3.11/site-packages/airflow/example_dags/example_params_trigger_ui.py took 0.350 seconds
[2024-09-17T06:38:00.012-0300] {processor.py:161} INFO - Started process (PID=25425) to work on /home/jezandre/airflow/airflow_env/lib/python3.11/site-packages/airflow/example_dags/example_params_trigger_ui.py
[2024-09-17T06:38:00.013-0300] {processor.py:830} INFO - Processing file /home/jezandre/airflow/airflow_env/lib/python3.11/site-packages/airflow/example_dags/example_params_trigger_ui.py for tasks to queue
[2024-09-17T06:38:00.015-0300] {logging_mixin.py:188} INFO - [2024-09-17T06:38:00.015-0300] {dagbag.py:545} INFO - Filling up the DagBag from /home/jezandre/airflow/airflow_env/lib/python3.11/site-packages/airflow/example_dags/example_params_trigger_ui.py
[2024-09-17T06:38:00.029-0300] {processor.py:840} INFO - DAG(s) 'example_params_trigger_ui' retrieved from /home/jezandre/airflow/airflow_env/lib/python3.11/site-packages/airflow/example_dags/example_params_trigger_ui.py
[2024-09-17T06:38:00.089-0300] {logging_mixin.py:188} INFO - [2024-09-17T06:38:00.089-0300] {dag.py:3089} INFO - Sync 1 DAGs
[2024-09-17T06:38:00.106-0300] {logging_mixin.py:188} INFO - [2024-09-17T06:38:00.105-0300] {dag.py:3947} INFO - Setting next_dagrun for example_params_trigger_ui to None, run_after=None
[2024-09-17T06:38:00.132-0300] {processor.py:183} INFO - Processing /home/jezandre/airflow/airflow_env/lib/python3.11/site-packages/airflow/example_dags/example_params_trigger_ui.py took 0.129 seconds
[2024-09-17T06:38:30.426-0300] {processor.py:161} INFO - Started process (PID=25735) to work on /home/jezandre/airflow/airflow_env/lib/python3.11/site-packages/airflow/example_dags/example_params_trigger_ui.py
[2024-09-17T06:38:30.427-0300] {processor.py:830} INFO - Processing file /home/jezandre/airflow/airflow_env/lib/python3.11/site-packages/airflow/example_dags/example_params_trigger_ui.py for tasks to queue
[2024-09-17T06:38:30.428-0300] {logging_mixin.py:188} INFO - [2024-09-17T06:38:30.428-0300] {dagbag.py:545} INFO - Filling up the DagBag from /home/jezandre/airflow/airflow_env/lib/python3.11/site-packages/airflow/example_dags/example_params_trigger_ui.py
[2024-09-17T06:38:30.438-0300] {processor.py:840} INFO - DAG(s) 'example_params_trigger_ui' retrieved from /home/jezandre/airflow/airflow_env/lib/python3.11/site-packages/airflow/example_dags/example_params_trigger_ui.py
[2024-09-17T06:38:30.492-0300] {logging_mixin.py:188} INFO - [2024-09-17T06:38:30.492-0300] {dag.py:3089} INFO - Sync 1 DAGs
[2024-09-17T06:38:30.511-0300] {logging_mixin.py:188} INFO - [2024-09-17T06:38:30.511-0300] {dag.py:3947} INFO - Setting next_dagrun for example_params_trigger_ui to None, run_after=None
[2024-09-17T06:38:30.541-0300] {processor.py:183} INFO - Processing /home/jezandre/airflow/airflow_env/lib/python3.11/site-packages/airflow/example_dags/example_params_trigger_ui.py took 0.120 seconds
[2024-09-17T06:39:01.111-0300] {processor.py:161} INFO - Started process (PID=26062) to work on /home/jezandre/airflow/airflow_env/lib/python3.11/site-packages/airflow/example_dags/example_params_trigger_ui.py
[2024-09-17T06:39:01.112-0300] {processor.py:830} INFO - Processing file /home/jezandre/airflow/airflow_env/lib/python3.11/site-packages/airflow/example_dags/example_params_trigger_ui.py for tasks to queue
[2024-09-17T06:39:01.115-0300] {logging_mixin.py:188} INFO - [2024-09-17T06:39:01.114-0300] {dagbag.py:545} INFO - Filling up the DagBag from /home/jezandre/airflow/airflow_env/lib/python3.11/site-packages/airflow/example_dags/example_params_trigger_ui.py
[2024-09-17T06:39:01.129-0300] {processor.py:840} INFO - DAG(s) 'example_params_trigger_ui' retrieved from /home/jezandre/airflow/airflow_env/lib/python3.11/site-packages/airflow/example_dags/example_params_trigger_ui.py
[2024-09-17T06:39:01.179-0300] {logging_mixin.py:188} INFO - [2024-09-17T06:39:01.179-0300] {dag.py:3089} INFO - Sync 1 DAGs
[2024-09-17T06:39:01.194-0300] {logging_mixin.py:188} INFO - [2024-09-17T06:39:01.193-0300] {dag.py:3947} INFO - Setting next_dagrun for example_params_trigger_ui to None, run_after=None
[2024-09-17T06:39:01.222-0300] {processor.py:183} INFO - Processing /home/jezandre/airflow/airflow_env/lib/python3.11/site-packages/airflow/example_dags/example_params_trigger_ui.py took 0.122 seconds
[2024-09-17T06:39:31.724-0300] {processor.py:161} INFO - Started process (PID=26303) to work on /home/jezandre/airflow/airflow_env/lib/python3.11/site-packages/airflow/example_dags/example_params_trigger_ui.py
[2024-09-17T06:39:31.726-0300] {processor.py:830} INFO - Processing file /home/jezandre/airflow/airflow_env/lib/python3.11/site-packages/airflow/example_dags/example_params_trigger_ui.py for tasks to queue
[2024-09-17T06:39:31.729-0300] {logging_mixin.py:188} INFO - [2024-09-17T06:39:31.729-0300] {dagbag.py:545} INFO - Filling up the DagBag from /home/jezandre/airflow/airflow_env/lib/python3.11/site-packages/airflow/example_dags/example_params_trigger_ui.py
[2024-09-17T06:39:31.743-0300] {processor.py:840} INFO - DAG(s) 'example_params_trigger_ui' retrieved from /home/jezandre/airflow/airflow_env/lib/python3.11/site-packages/airflow/example_dags/example_params_trigger_ui.py
[2024-09-17T06:39:31.802-0300] {logging_mixin.py:188} INFO - [2024-09-17T06:39:31.802-0300] {dag.py:3089} INFO - Sync 1 DAGs
[2024-09-17T06:39:31.819-0300] {logging_mixin.py:188} INFO - [2024-09-17T06:39:31.818-0300] {dag.py:3947} INFO - Setting next_dagrun for example_params_trigger_ui to None, run_after=None
[2024-09-17T06:39:31.846-0300] {processor.py:183} INFO - Processing /home/jezandre/airflow/airflow_env/lib/python3.11/site-packages/airflow/example_dags/example_params_trigger_ui.py took 0.136 seconds
[2024-09-17T06:40:02.409-0300] {processor.py:161} INFO - Started process (PID=26576) to work on /home/jezandre/airflow/airflow_env/lib/python3.11/site-packages/airflow/example_dags/example_params_trigger_ui.py
[2024-09-17T06:40:02.411-0300] {processor.py:830} INFO - Processing file /home/jezandre/airflow/airflow_env/lib/python3.11/site-packages/airflow/example_dags/example_params_trigger_ui.py for tasks to queue
[2024-09-17T06:40:02.413-0300] {logging_mixin.py:188} INFO - [2024-09-17T06:40:02.412-0300] {dagbag.py:545} INFO - Filling up the DagBag from /home/jezandre/airflow/airflow_env/lib/python3.11/site-packages/airflow/example_dags/example_params_trigger_ui.py
[2024-09-17T06:40:02.425-0300] {processor.py:840} INFO - DAG(s) 'example_params_trigger_ui' retrieved from /home/jezandre/airflow/airflow_env/lib/python3.11/site-packages/airflow/example_dags/example_params_trigger_ui.py
[2024-09-17T06:40:02.487-0300] {logging_mixin.py:188} INFO - [2024-09-17T06:40:02.486-0300] {dag.py:3089} INFO - Sync 1 DAGs
[2024-09-17T06:40:02.504-0300] {logging_mixin.py:188} INFO - [2024-09-17T06:40:02.504-0300] {dag.py:3947} INFO - Setting next_dagrun for example_params_trigger_ui to None, run_after=None
[2024-09-17T06:40:02.530-0300] {processor.py:183} INFO - Processing /home/jezandre/airflow/airflow_env/lib/python3.11/site-packages/airflow/example_dags/example_params_trigger_ui.py took 0.130 seconds
[2024-09-17T06:40:32.909-0300] {processor.py:161} INFO - Started process (PID=26924) to work on /home/jezandre/airflow/airflow_env/lib/python3.11/site-packages/airflow/example_dags/example_params_trigger_ui.py
[2024-09-17T06:40:32.910-0300] {processor.py:830} INFO - Processing file /home/jezandre/airflow/airflow_env/lib/python3.11/site-packages/airflow/example_dags/example_params_trigger_ui.py for tasks to queue
[2024-09-17T06:40:32.912-0300] {logging_mixin.py:188} INFO - [2024-09-17T06:40:32.912-0300] {dagbag.py:545} INFO - Filling up the DagBag from /home/jezandre/airflow/airflow_env/lib/python3.11/site-packages/airflow/example_dags/example_params_trigger_ui.py
[2024-09-17T06:40:32.922-0300] {processor.py:840} INFO - DAG(s) 'example_params_trigger_ui' retrieved from /home/jezandre/airflow/airflow_env/lib/python3.11/site-packages/airflow/example_dags/example_params_trigger_ui.py
[2024-09-17T06:40:32.974-0300] {logging_mixin.py:188} INFO - [2024-09-17T06:40:32.973-0300] {dag.py:3089} INFO - Sync 1 DAGs
[2024-09-17T06:40:32.991-0300] {logging_mixin.py:188} INFO - [2024-09-17T06:40:32.990-0300] {dag.py:3947} INFO - Setting next_dagrun for example_params_trigger_ui to None, run_after=None
[2024-09-17T06:40:33.015-0300] {processor.py:183} INFO - Processing /home/jezandre/airflow/airflow_env/lib/python3.11/site-packages/airflow/example_dags/example_params_trigger_ui.py took 0.114 seconds
[2024-09-17T06:41:03.436-0300] {processor.py:161} INFO - Started process (PID=27279) to work on /home/jezandre/airflow/airflow_env/lib/python3.11/site-packages/airflow/example_dags/example_params_trigger_ui.py
[2024-09-17T06:41:03.438-0300] {processor.py:830} INFO - Processing file /home/jezandre/airflow/airflow_env/lib/python3.11/site-packages/airflow/example_dags/example_params_trigger_ui.py for tasks to queue
[2024-09-17T06:41:03.440-0300] {logging_mixin.py:188} INFO - [2024-09-17T06:41:03.440-0300] {dagbag.py:545} INFO - Filling up the DagBag from /home/jezandre/airflow/airflow_env/lib/python3.11/site-packages/airflow/example_dags/example_params_trigger_ui.py
[2024-09-17T06:41:03.452-0300] {processor.py:840} INFO - DAG(s) 'example_params_trigger_ui' retrieved from /home/jezandre/airflow/airflow_env/lib/python3.11/site-packages/airflow/example_dags/example_params_trigger_ui.py
[2024-09-17T06:41:03.507-0300] {logging_mixin.py:188} INFO - [2024-09-17T06:41:03.507-0300] {dag.py:3089} INFO - Sync 1 DAGs
[2024-09-17T06:41:03.522-0300] {logging_mixin.py:188} INFO - [2024-09-17T06:41:03.521-0300] {dag.py:3947} INFO - Setting next_dagrun for example_params_trigger_ui to None, run_after=None
[2024-09-17T06:41:03.547-0300] {processor.py:183} INFO - Processing /home/jezandre/airflow/airflow_env/lib/python3.11/site-packages/airflow/example_dags/example_params_trigger_ui.py took 0.119 seconds
[2024-09-17T06:41:33.980-0300] {processor.py:161} INFO - Started process (PID=27619) to work on /home/jezandre/airflow/airflow_env/lib/python3.11/site-packages/airflow/example_dags/example_params_trigger_ui.py
[2024-09-17T06:41:33.981-0300] {processor.py:830} INFO - Processing file /home/jezandre/airflow/airflow_env/lib/python3.11/site-packages/airflow/example_dags/example_params_trigger_ui.py for tasks to queue
[2024-09-17T06:41:33.983-0300] {logging_mixin.py:188} INFO - [2024-09-17T06:41:33.983-0300] {dagbag.py:545} INFO - Filling up the DagBag from /home/jezandre/airflow/airflow_env/lib/python3.11/site-packages/airflow/example_dags/example_params_trigger_ui.py
[2024-09-17T06:41:33.990-0300] {processor.py:840} INFO - DAG(s) 'example_params_trigger_ui' retrieved from /home/jezandre/airflow/airflow_env/lib/python3.11/site-packages/airflow/example_dags/example_params_trigger_ui.py
[2024-09-17T06:41:34.040-0300] {logging_mixin.py:188} INFO - [2024-09-17T06:41:34.040-0300] {dag.py:3089} INFO - Sync 1 DAGs
[2024-09-17T06:41:34.056-0300] {logging_mixin.py:188} INFO - [2024-09-17T06:41:34.056-0300] {dag.py:3947} INFO - Setting next_dagrun for example_params_trigger_ui to None, run_after=None
[2024-09-17T06:41:34.081-0300] {processor.py:183} INFO - Processing /home/jezandre/airflow/airflow_env/lib/python3.11/site-packages/airflow/example_dags/example_params_trigger_ui.py took 0.108 seconds
[2024-09-17T06:42:04.390-0300] {processor.py:161} INFO - Started process (PID=27851) to work on /home/jezandre/airflow/airflow_env/lib/python3.11/site-packages/airflow/example_dags/example_params_trigger_ui.py
[2024-09-17T06:42:04.391-0300] {processor.py:830} INFO - Processing file /home/jezandre/airflow/airflow_env/lib/python3.11/site-packages/airflow/example_dags/example_params_trigger_ui.py for tasks to queue
[2024-09-17T06:42:04.393-0300] {logging_mixin.py:188} INFO - [2024-09-17T06:42:04.393-0300] {dagbag.py:545} INFO - Filling up the DagBag from /home/jezandre/airflow/airflow_env/lib/python3.11/site-packages/airflow/example_dags/example_params_trigger_ui.py
[2024-09-17T06:42:04.400-0300] {processor.py:840} INFO - DAG(s) 'example_params_trigger_ui' retrieved from /home/jezandre/airflow/airflow_env/lib/python3.11/site-packages/airflow/example_dags/example_params_trigger_ui.py
[2024-09-17T06:42:04.451-0300] {logging_mixin.py:188} INFO - [2024-09-17T06:42:04.451-0300] {dag.py:3089} INFO - Sync 1 DAGs
[2024-09-17T06:42:04.465-0300] {logging_mixin.py:188} INFO - [2024-09-17T06:42:04.465-0300] {dag.py:3947} INFO - Setting next_dagrun for example_params_trigger_ui to None, run_after=None
[2024-09-17T06:42:04.488-0300] {processor.py:183} INFO - Processing /home/jezandre/airflow/airflow_env/lib/python3.11/site-packages/airflow/example_dags/example_params_trigger_ui.py took 0.104 seconds
[2024-09-17T06:42:34.937-0300] {processor.py:161} INFO - Started process (PID=28058) to work on /home/jezandre/airflow/airflow_env/lib/python3.11/site-packages/airflow/example_dags/example_params_trigger_ui.py
[2024-09-17T06:42:34.938-0300] {processor.py:830} INFO - Processing file /home/jezandre/airflow/airflow_env/lib/python3.11/site-packages/airflow/example_dags/example_params_trigger_ui.py for tasks to queue
[2024-09-17T06:42:34.940-0300] {logging_mixin.py:188} INFO - [2024-09-17T06:42:34.940-0300] {dagbag.py:545} INFO - Filling up the DagBag from /home/jezandre/airflow/airflow_env/lib/python3.11/site-packages/airflow/example_dags/example_params_trigger_ui.py
[2024-09-17T06:42:34.950-0300] {processor.py:840} INFO - DAG(s) 'example_params_trigger_ui' retrieved from /home/jezandre/airflow/airflow_env/lib/python3.11/site-packages/airflow/example_dags/example_params_trigger_ui.py
[2024-09-17T06:42:35.195-0300] {logging_mixin.py:188} INFO - [2024-09-17T06:42:35.195-0300] {dag.py:3089} INFO - Sync 1 DAGs
[2024-09-17T06:42:35.213-0300] {logging_mixin.py:188} INFO - [2024-09-17T06:42:35.213-0300] {dag.py:3947} INFO - Setting next_dagrun for example_params_trigger_ui to None, run_after=None
[2024-09-17T06:42:35.251-0300] {processor.py:183} INFO - Processing /home/jezandre/airflow/airflow_env/lib/python3.11/site-packages/airflow/example_dags/example_params_trigger_ui.py took 0.326 seconds
[2024-09-17T06:43:05.816-0300] {processor.py:161} INFO - Started process (PID=28823) to work on /home/jezandre/airflow/airflow_env/lib/python3.11/site-packages/airflow/example_dags/example_params_trigger_ui.py
[2024-09-17T06:43:05.817-0300] {processor.py:830} INFO - Processing file /home/jezandre/airflow/airflow_env/lib/python3.11/site-packages/airflow/example_dags/example_params_trigger_ui.py for tasks to queue
[2024-09-17T06:43:05.819-0300] {logging_mixin.py:188} INFO - [2024-09-17T06:43:05.819-0300] {dagbag.py:545} INFO - Filling up the DagBag from /home/jezandre/airflow/airflow_env/lib/python3.11/site-packages/airflow/example_dags/example_params_trigger_ui.py
[2024-09-17T06:43:05.827-0300] {processor.py:840} INFO - DAG(s) 'example_params_trigger_ui' retrieved from /home/jezandre/airflow/airflow_env/lib/python3.11/site-packages/airflow/example_dags/example_params_trigger_ui.py
[2024-09-17T06:43:05.873-0300] {logging_mixin.py:188} INFO - [2024-09-17T06:43:05.872-0300] {dag.py:3089} INFO - Sync 1 DAGs
[2024-09-17T06:43:05.887-0300] {logging_mixin.py:188} INFO - [2024-09-17T06:43:05.887-0300] {dag.py:3947} INFO - Setting next_dagrun for example_params_trigger_ui to None, run_after=None
[2024-09-17T06:43:05.910-0300] {processor.py:183} INFO - Processing /home/jezandre/airflow/airflow_env/lib/python3.11/site-packages/airflow/example_dags/example_params_trigger_ui.py took 0.102 seconds
[2024-09-17T06:43:36.883-0300] {processor.py:161} INFO - Started process (PID=29114) to work on /home/jezandre/airflow/airflow_env/lib/python3.11/site-packages/airflow/example_dags/example_params_trigger_ui.py
[2024-09-17T06:43:36.885-0300] {processor.py:830} INFO - Processing file /home/jezandre/airflow/airflow_env/lib/python3.11/site-packages/airflow/example_dags/example_params_trigger_ui.py for tasks to queue
[2024-09-17T06:43:36.888-0300] {logging_mixin.py:188} INFO - [2024-09-17T06:43:36.887-0300] {dagbag.py:545} INFO - Filling up the DagBag from /home/jezandre/airflow/airflow_env/lib/python3.11/site-packages/airflow/example_dags/example_params_trigger_ui.py
[2024-09-17T06:43:36.902-0300] {processor.py:840} INFO - DAG(s) 'example_params_trigger_ui' retrieved from /home/jezandre/airflow/airflow_env/lib/python3.11/site-packages/airflow/example_dags/example_params_trigger_ui.py
[2024-09-17T06:43:36.958-0300] {logging_mixin.py:188} INFO - [2024-09-17T06:43:36.958-0300] {dag.py:3089} INFO - Sync 1 DAGs
[2024-09-17T06:43:36.974-0300] {logging_mixin.py:188} INFO - [2024-09-17T06:43:36.973-0300] {dag.py:3947} INFO - Setting next_dagrun for example_params_trigger_ui to None, run_after=None
[2024-09-17T06:43:36.999-0300] {processor.py:183} INFO - Processing /home/jezandre/airflow/airflow_env/lib/python3.11/site-packages/airflow/example_dags/example_params_trigger_ui.py took 0.130 seconds
[2024-09-17T06:44:07.683-0300] {processor.py:161} INFO - Started process (PID=29344) to work on /home/jezandre/airflow/airflow_env/lib/python3.11/site-packages/airflow/example_dags/example_params_trigger_ui.py
[2024-09-17T06:44:07.684-0300] {processor.py:830} INFO - Processing file /home/jezandre/airflow/airflow_env/lib/python3.11/site-packages/airflow/example_dags/example_params_trigger_ui.py for tasks to queue
[2024-09-17T06:44:07.685-0300] {logging_mixin.py:188} INFO - [2024-09-17T06:44:07.685-0300] {dagbag.py:545} INFO - Filling up the DagBag from /home/jezandre/airflow/airflow_env/lib/python3.11/site-packages/airflow/example_dags/example_params_trigger_ui.py
[2024-09-17T06:44:07.696-0300] {processor.py:840} INFO - DAG(s) 'example_params_trigger_ui' retrieved from /home/jezandre/airflow/airflow_env/lib/python3.11/site-packages/airflow/example_dags/example_params_trigger_ui.py
[2024-09-17T06:44:07.741-0300] {logging_mixin.py:188} INFO - [2024-09-17T06:44:07.741-0300] {dag.py:3089} INFO - Sync 1 DAGs
[2024-09-17T06:44:07.756-0300] {logging_mixin.py:188} INFO - [2024-09-17T06:44:07.755-0300] {dag.py:3947} INFO - Setting next_dagrun for example_params_trigger_ui to None, run_after=None
[2024-09-17T06:44:07.782-0300] {processor.py:183} INFO - Processing /home/jezandre/airflow/airflow_env/lib/python3.11/site-packages/airflow/example_dags/example_params_trigger_ui.py took 0.105 seconds
[2024-09-17T06:44:38.090-0300] {processor.py:161} INFO - Started process (PID=29539) to work on /home/jezandre/airflow/airflow_env/lib/python3.11/site-packages/airflow/example_dags/example_params_trigger_ui.py
[2024-09-17T06:44:38.091-0300] {processor.py:830} INFO - Processing file /home/jezandre/airflow/airflow_env/lib/python3.11/site-packages/airflow/example_dags/example_params_trigger_ui.py for tasks to queue
[2024-09-17T06:44:38.093-0300] {logging_mixin.py:188} INFO - [2024-09-17T06:44:38.092-0300] {dagbag.py:545} INFO - Filling up the DagBag from /home/jezandre/airflow/airflow_env/lib/python3.11/site-packages/airflow/example_dags/example_params_trigger_ui.py
[2024-09-17T06:44:38.101-0300] {processor.py:840} INFO - DAG(s) 'example_params_trigger_ui' retrieved from /home/jezandre/airflow/airflow_env/lib/python3.11/site-packages/airflow/example_dags/example_params_trigger_ui.py
[2024-09-17T06:44:38.153-0300] {logging_mixin.py:188} INFO - [2024-09-17T06:44:38.152-0300] {dag.py:3089} INFO - Sync 1 DAGs
[2024-09-17T06:44:38.170-0300] {logging_mixin.py:188} INFO - [2024-09-17T06:44:38.170-0300] {dag.py:3947} INFO - Setting next_dagrun for example_params_trigger_ui to None, run_after=None
[2024-09-17T06:44:38.194-0300] {processor.py:183} INFO - Processing /home/jezandre/airflow/airflow_env/lib/python3.11/site-packages/airflow/example_dags/example_params_trigger_ui.py took 0.112 seconds
[2024-09-17T06:45:09.019-0300] {processor.py:161} INFO - Started process (PID=29874) to work on /home/jezandre/airflow/airflow_env/lib/python3.11/site-packages/airflow/example_dags/example_params_trigger_ui.py
[2024-09-17T06:45:09.021-0300] {processor.py:830} INFO - Processing file /home/jezandre/airflow/airflow_env/lib/python3.11/site-packages/airflow/example_dags/example_params_trigger_ui.py for tasks to queue
[2024-09-17T06:45:09.024-0300] {logging_mixin.py:188} INFO - [2024-09-17T06:45:09.023-0300] {dagbag.py:545} INFO - Filling up the DagBag from /home/jezandre/airflow/airflow_env/lib/python3.11/site-packages/airflow/example_dags/example_params_trigger_ui.py
[2024-09-17T06:45:09.035-0300] {processor.py:840} INFO - DAG(s) 'example_params_trigger_ui' retrieved from /home/jezandre/airflow/airflow_env/lib/python3.11/site-packages/airflow/example_dags/example_params_trigger_ui.py
[2024-09-17T06:45:09.094-0300] {logging_mixin.py:188} INFO - [2024-09-17T06:45:09.094-0300] {dag.py:3089} INFO - Sync 1 DAGs
[2024-09-17T06:45:09.113-0300] {logging_mixin.py:188} INFO - [2024-09-17T06:45:09.112-0300] {dag.py:3947} INFO - Setting next_dagrun for example_params_trigger_ui to None, run_after=None
[2024-09-17T06:45:09.145-0300] {processor.py:183} INFO - Processing /home/jezandre/airflow/airflow_env/lib/python3.11/site-packages/airflow/example_dags/example_params_trigger_ui.py took 0.145 seconds
[2024-09-17T06:45:39.267-0300] {processor.py:161} INFO - Started process (PID=30161) to work on /home/jezandre/airflow/airflow_env/lib/python3.11/site-packages/airflow/example_dags/example_params_trigger_ui.py
[2024-09-17T06:45:39.268-0300] {processor.py:830} INFO - Processing file /home/jezandre/airflow/airflow_env/lib/python3.11/site-packages/airflow/example_dags/example_params_trigger_ui.py for tasks to queue
[2024-09-17T06:45:39.269-0300] {logging_mixin.py:188} INFO - [2024-09-17T06:45:39.269-0300] {dagbag.py:545} INFO - Filling up the DagBag from /home/jezandre/airflow/airflow_env/lib/python3.11/site-packages/airflow/example_dags/example_params_trigger_ui.py
[2024-09-17T06:45:39.277-0300] {processor.py:840} INFO - DAG(s) 'example_params_trigger_ui' retrieved from /home/jezandre/airflow/airflow_env/lib/python3.11/site-packages/airflow/example_dags/example_params_trigger_ui.py
[2024-09-17T06:45:39.322-0300] {logging_mixin.py:188} INFO - [2024-09-17T06:45:39.322-0300] {dag.py:3089} INFO - Sync 1 DAGs
[2024-09-17T06:45:39.336-0300] {logging_mixin.py:188} INFO - [2024-09-17T06:45:39.336-0300] {dag.py:3947} INFO - Setting next_dagrun for example_params_trigger_ui to None, run_after=None
[2024-09-17T06:45:39.360-0300] {processor.py:183} INFO - Processing /home/jezandre/airflow/airflow_env/lib/python3.11/site-packages/airflow/example_dags/example_params_trigger_ui.py took 0.101 seconds
[2024-09-17T06:46:10.285-0300] {processor.py:161} INFO - Started process (PID=30498) to work on /home/jezandre/airflow/airflow_env/lib/python3.11/site-packages/airflow/example_dags/example_params_trigger_ui.py
[2024-09-17T06:46:10.286-0300] {processor.py:830} INFO - Processing file /home/jezandre/airflow/airflow_env/lib/python3.11/site-packages/airflow/example_dags/example_params_trigger_ui.py for tasks to queue
[2024-09-17T06:46:10.288-0300] {logging_mixin.py:188} INFO - [2024-09-17T06:46:10.288-0300] {dagbag.py:545} INFO - Filling up the DagBag from /home/jezandre/airflow/airflow_env/lib/python3.11/site-packages/airflow/example_dags/example_params_trigger_ui.py
[2024-09-17T06:46:10.295-0300] {processor.py:840} INFO - DAG(s) 'example_params_trigger_ui' retrieved from /home/jezandre/airflow/airflow_env/lib/python3.11/site-packages/airflow/example_dags/example_params_trigger_ui.py
[2024-09-17T06:46:10.343-0300] {logging_mixin.py:188} INFO - [2024-09-17T06:46:10.343-0300] {dag.py:3089} INFO - Sync 1 DAGs
[2024-09-17T06:46:10.356-0300] {logging_mixin.py:188} INFO - [2024-09-17T06:46:10.355-0300] {dag.py:3947} INFO - Setting next_dagrun for example_params_trigger_ui to None, run_after=None
[2024-09-17T06:46:10.379-0300] {processor.py:183} INFO - Processing /home/jezandre/airflow/airflow_env/lib/python3.11/site-packages/airflow/example_dags/example_params_trigger_ui.py took 0.101 seconds
[2024-09-17T06:46:41.302-0300] {processor.py:161} INFO - Started process (PID=30818) to work on /home/jezandre/airflow/airflow_env/lib/python3.11/site-packages/airflow/example_dags/example_params_trigger_ui.py
[2024-09-17T06:46:41.303-0300] {processor.py:830} INFO - Processing file /home/jezandre/airflow/airflow_env/lib/python3.11/site-packages/airflow/example_dags/example_params_trigger_ui.py for tasks to queue
[2024-09-17T06:46:41.305-0300] {logging_mixin.py:188} INFO - [2024-09-17T06:46:41.305-0300] {dagbag.py:545} INFO - Filling up the DagBag from /home/jezandre/airflow/airflow_env/lib/python3.11/site-packages/airflow/example_dags/example_params_trigger_ui.py
[2024-09-17T06:46:41.321-0300] {processor.py:840} INFO - DAG(s) 'example_params_trigger_ui' retrieved from /home/jezandre/airflow/airflow_env/lib/python3.11/site-packages/airflow/example_dags/example_params_trigger_ui.py
[2024-09-17T06:46:41.390-0300] {logging_mixin.py:188} INFO - [2024-09-17T06:46:41.389-0300] {dag.py:3089} INFO - Sync 1 DAGs
[2024-09-17T06:46:41.421-0300] {logging_mixin.py:188} INFO - [2024-09-17T06:46:41.420-0300] {dag.py:3947} INFO - Setting next_dagrun for example_params_trigger_ui to None, run_after=None
[2024-09-17T06:46:41.467-0300] {processor.py:183} INFO - Processing /home/jezandre/airflow/airflow_env/lib/python3.11/site-packages/airflow/example_dags/example_params_trigger_ui.py took 0.175 seconds
[2024-09-17T06:47:11.939-0300] {processor.py:161} INFO - Started process (PID=31104) to work on /home/jezandre/airflow/airflow_env/lib/python3.11/site-packages/airflow/example_dags/example_params_trigger_ui.py
[2024-09-17T06:47:11.940-0300] {processor.py:830} INFO - Processing file /home/jezandre/airflow/airflow_env/lib/python3.11/site-packages/airflow/example_dags/example_params_trigger_ui.py for tasks to queue
[2024-09-17T06:47:11.942-0300] {logging_mixin.py:188} INFO - [2024-09-17T06:47:11.942-0300] {dagbag.py:545} INFO - Filling up the DagBag from /home/jezandre/airflow/airflow_env/lib/python3.11/site-packages/airflow/example_dags/example_params_trigger_ui.py
[2024-09-17T06:47:11.955-0300] {processor.py:840} INFO - DAG(s) 'example_params_trigger_ui' retrieved from /home/jezandre/airflow/airflow_env/lib/python3.11/site-packages/airflow/example_dags/example_params_trigger_ui.py
[2024-09-17T06:47:12.127-0300] {logging_mixin.py:188} INFO - [2024-09-17T06:47:12.127-0300] {dag.py:3089} INFO - Sync 1 DAGs
[2024-09-17T06:47:12.140-0300] {logging_mixin.py:188} INFO - [2024-09-17T06:47:12.140-0300] {dag.py:3947} INFO - Setting next_dagrun for example_params_trigger_ui to None, run_after=None
[2024-09-17T06:47:12.173-0300] {processor.py:183} INFO - Processing /home/jezandre/airflow/airflow_env/lib/python3.11/site-packages/airflow/example_dags/example_params_trigger_ui.py took 0.244 seconds
[2024-09-17T06:47:42.403-0300] {processor.py:161} INFO - Started process (PID=31336) to work on /home/jezandre/airflow/airflow_env/lib/python3.11/site-packages/airflow/example_dags/example_params_trigger_ui.py
[2024-09-17T06:47:42.405-0300] {processor.py:830} INFO - Processing file /home/jezandre/airflow/airflow_env/lib/python3.11/site-packages/airflow/example_dags/example_params_trigger_ui.py for tasks to queue
[2024-09-17T06:47:42.408-0300] {logging_mixin.py:188} INFO - [2024-09-17T06:47:42.408-0300] {dagbag.py:545} INFO - Filling up the DagBag from /home/jezandre/airflow/airflow_env/lib/python3.11/site-packages/airflow/example_dags/example_params_trigger_ui.py
[2024-09-17T06:47:42.419-0300] {processor.py:840} INFO - DAG(s) 'example_params_trigger_ui' retrieved from /home/jezandre/airflow/airflow_env/lib/python3.11/site-packages/airflow/example_dags/example_params_trigger_ui.py
[2024-09-17T06:47:42.491-0300] {logging_mixin.py:188} INFO - [2024-09-17T06:47:42.490-0300] {dag.py:3089} INFO - Sync 1 DAGs
[2024-09-17T06:47:42.511-0300] {logging_mixin.py:188} INFO - [2024-09-17T06:47:42.511-0300] {dag.py:3947} INFO - Setting next_dagrun for example_params_trigger_ui to None, run_after=None
[2024-09-17T06:47:42.547-0300] {processor.py:183} INFO - Processing /home/jezandre/airflow/airflow_env/lib/python3.11/site-packages/airflow/example_dags/example_params_trigger_ui.py took 0.154 seconds
[2024-09-17T06:48:12.825-0300] {processor.py:161} INFO - Started process (PID=31587) to work on /home/jezandre/airflow/airflow_env/lib/python3.11/site-packages/airflow/example_dags/example_params_trigger_ui.py
[2024-09-17T06:48:12.827-0300] {processor.py:830} INFO - Processing file /home/jezandre/airflow/airflow_env/lib/python3.11/site-packages/airflow/example_dags/example_params_trigger_ui.py for tasks to queue
[2024-09-17T06:48:12.829-0300] {logging_mixin.py:188} INFO - [2024-09-17T06:48:12.829-0300] {dagbag.py:545} INFO - Filling up the DagBag from /home/jezandre/airflow/airflow_env/lib/python3.11/site-packages/airflow/example_dags/example_params_trigger_ui.py
[2024-09-17T06:48:12.840-0300] {processor.py:840} INFO - DAG(s) 'example_params_trigger_ui' retrieved from /home/jezandre/airflow/airflow_env/lib/python3.11/site-packages/airflow/example_dags/example_params_trigger_ui.py
[2024-09-17T06:48:12.893-0300] {logging_mixin.py:188} INFO - [2024-09-17T06:48:12.893-0300] {dag.py:3089} INFO - Sync 1 DAGs
[2024-09-17T06:48:12.907-0300] {logging_mixin.py:188} INFO - [2024-09-17T06:48:12.907-0300] {dag.py:3947} INFO - Setting next_dagrun for example_params_trigger_ui to None, run_after=None
[2024-09-17T06:48:12.932-0300] {processor.py:183} INFO - Processing /home/jezandre/airflow/airflow_env/lib/python3.11/site-packages/airflow/example_dags/example_params_trigger_ui.py took 0.115 seconds
[2024-09-17T06:48:43.713-0300] {processor.py:161} INFO - Started process (PID=31848) to work on /home/jezandre/airflow/airflow_env/lib/python3.11/site-packages/airflow/example_dags/example_params_trigger_ui.py
[2024-09-17T06:48:43.714-0300] {processor.py:830} INFO - Processing file /home/jezandre/airflow/airflow_env/lib/python3.11/site-packages/airflow/example_dags/example_params_trigger_ui.py for tasks to queue
[2024-09-17T06:48:43.716-0300] {logging_mixin.py:188} INFO - [2024-09-17T06:48:43.716-0300] {dagbag.py:545} INFO - Filling up the DagBag from /home/jezandre/airflow/airflow_env/lib/python3.11/site-packages/airflow/example_dags/example_params_trigger_ui.py
[2024-09-17T06:48:43.727-0300] {processor.py:840} INFO - DAG(s) 'example_params_trigger_ui' retrieved from /home/jezandre/airflow/airflow_env/lib/python3.11/site-packages/airflow/example_dags/example_params_trigger_ui.py
[2024-09-17T06:48:43.783-0300] {logging_mixin.py:188} INFO - [2024-09-17T06:48:43.782-0300] {dag.py:3089} INFO - Sync 1 DAGs
[2024-09-17T06:48:43.803-0300] {logging_mixin.py:188} INFO - [2024-09-17T06:48:43.803-0300] {dag.py:3947} INFO - Setting next_dagrun for example_params_trigger_ui to None, run_after=None
[2024-09-17T06:48:43.828-0300] {processor.py:183} INFO - Processing /home/jezandre/airflow/airflow_env/lib/python3.11/site-packages/airflow/example_dags/example_params_trigger_ui.py took 0.124 seconds
[2024-09-17T06:49:14.671-0300] {processor.py:161} INFO - Started process (PID=32059) to work on /home/jezandre/airflow/airflow_env/lib/python3.11/site-packages/airflow/example_dags/example_params_trigger_ui.py
[2024-09-17T06:49:14.672-0300] {processor.py:830} INFO - Processing file /home/jezandre/airflow/airflow_env/lib/python3.11/site-packages/airflow/example_dags/example_params_trigger_ui.py for tasks to queue
[2024-09-17T06:49:14.674-0300] {logging_mixin.py:188} INFO - [2024-09-17T06:49:14.674-0300] {dagbag.py:545} INFO - Filling up the DagBag from /home/jezandre/airflow/airflow_env/lib/python3.11/site-packages/airflow/example_dags/example_params_trigger_ui.py
[2024-09-17T06:49:14.689-0300] {processor.py:840} INFO - DAG(s) 'example_params_trigger_ui' retrieved from /home/jezandre/airflow/airflow_env/lib/python3.11/site-packages/airflow/example_dags/example_params_trigger_ui.py
[2024-09-17T06:49:14.749-0300] {logging_mixin.py:188} INFO - [2024-09-17T06:49:14.748-0300] {dag.py:3089} INFO - Sync 1 DAGs
[2024-09-17T06:49:14.767-0300] {logging_mixin.py:188} INFO - [2024-09-17T06:49:14.767-0300] {dag.py:3947} INFO - Setting next_dagrun for example_params_trigger_ui to None, run_after=None
[2024-09-17T06:49:14.795-0300] {processor.py:183} INFO - Processing /home/jezandre/airflow/airflow_env/lib/python3.11/site-packages/airflow/example_dags/example_params_trigger_ui.py took 0.134 seconds
[2024-09-17T06:49:45.459-0300] {processor.py:161} INFO - Started process (PID=32368) to work on /home/jezandre/airflow/airflow_env/lib/python3.11/site-packages/airflow/example_dags/example_params_trigger_ui.py
[2024-09-17T06:49:45.460-0300] {processor.py:830} INFO - Processing file /home/jezandre/airflow/airflow_env/lib/python3.11/site-packages/airflow/example_dags/example_params_trigger_ui.py for tasks to queue
[2024-09-17T06:49:45.461-0300] {logging_mixin.py:188} INFO - [2024-09-17T06:49:45.461-0300] {dagbag.py:545} INFO - Filling up the DagBag from /home/jezandre/airflow/airflow_env/lib/python3.11/site-packages/airflow/example_dags/example_params_trigger_ui.py
[2024-09-17T06:49:45.471-0300] {processor.py:840} INFO - DAG(s) 'example_params_trigger_ui' retrieved from /home/jezandre/airflow/airflow_env/lib/python3.11/site-packages/airflow/example_dags/example_params_trigger_ui.py
[2024-09-17T06:49:45.522-0300] {logging_mixin.py:188} INFO - [2024-09-17T06:49:45.522-0300] {dag.py:3089} INFO - Sync 1 DAGs
[2024-09-17T06:49:45.540-0300] {logging_mixin.py:188} INFO - [2024-09-17T06:49:45.540-0300] {dag.py:3947} INFO - Setting next_dagrun for example_params_trigger_ui to None, run_after=None
[2024-09-17T06:49:45.570-0300] {processor.py:183} INFO - Processing /home/jezandre/airflow/airflow_env/lib/python3.11/site-packages/airflow/example_dags/example_params_trigger_ui.py took 0.118 seconds
[2024-09-17T06:50:16.139-0300] {processor.py:161} INFO - Started process (PID=32629) to work on /home/jezandre/airflow/airflow_env/lib/python3.11/site-packages/airflow/example_dags/example_params_trigger_ui.py
[2024-09-17T06:50:16.140-0300] {processor.py:830} INFO - Processing file /home/jezandre/airflow/airflow_env/lib/python3.11/site-packages/airflow/example_dags/example_params_trigger_ui.py for tasks to queue
[2024-09-17T06:50:16.143-0300] {logging_mixin.py:188} INFO - [2024-09-17T06:50:16.142-0300] {dagbag.py:545} INFO - Filling up the DagBag from /home/jezandre/airflow/airflow_env/lib/python3.11/site-packages/airflow/example_dags/example_params_trigger_ui.py
[2024-09-17T06:50:16.155-0300] {processor.py:840} INFO - DAG(s) 'example_params_trigger_ui' retrieved from /home/jezandre/airflow/airflow_env/lib/python3.11/site-packages/airflow/example_dags/example_params_trigger_ui.py
[2024-09-17T06:50:16.215-0300] {logging_mixin.py:188} INFO - [2024-09-17T06:50:16.215-0300] {dag.py:3089} INFO - Sync 1 DAGs
[2024-09-17T06:50:16.233-0300] {logging_mixin.py:188} INFO - [2024-09-17T06:50:16.232-0300] {dag.py:3947} INFO - Setting next_dagrun for example_params_trigger_ui to None, run_after=None
[2024-09-17T06:50:16.261-0300] {processor.py:183} INFO - Processing /home/jezandre/airflow/airflow_env/lib/python3.11/site-packages/airflow/example_dags/example_params_trigger_ui.py took 0.132 seconds
[2024-09-17T06:50:46.830-0300] {processor.py:161} INFO - Started process (PID=32909) to work on /home/jezandre/airflow/airflow_env/lib/python3.11/site-packages/airflow/example_dags/example_params_trigger_ui.py
[2024-09-17T06:50:46.831-0300] {processor.py:830} INFO - Processing file /home/jezandre/airflow/airflow_env/lib/python3.11/site-packages/airflow/example_dags/example_params_trigger_ui.py for tasks to queue
[2024-09-17T06:50:46.833-0300] {logging_mixin.py:188} INFO - [2024-09-17T06:50:46.832-0300] {dagbag.py:545} INFO - Filling up the DagBag from /home/jezandre/airflow/airflow_env/lib/python3.11/site-packages/airflow/example_dags/example_params_trigger_ui.py
[2024-09-17T06:50:46.842-0300] {processor.py:840} INFO - DAG(s) 'example_params_trigger_ui' retrieved from /home/jezandre/airflow/airflow_env/lib/python3.11/site-packages/airflow/example_dags/example_params_trigger_ui.py
[2024-09-17T06:50:46.899-0300] {logging_mixin.py:188} INFO - [2024-09-17T06:50:46.899-0300] {dag.py:3089} INFO - Sync 1 DAGs
[2024-09-17T06:50:46.915-0300] {logging_mixin.py:188} INFO - [2024-09-17T06:50:46.914-0300] {dag.py:3947} INFO - Setting next_dagrun for example_params_trigger_ui to None, run_after=None
[2024-09-17T06:50:46.942-0300] {processor.py:183} INFO - Processing /home/jezandre/airflow/airflow_env/lib/python3.11/site-packages/airflow/example_dags/example_params_trigger_ui.py took 0.121 seconds
[2024-09-17T06:51:17.295-0300] {processor.py:161} INFO - Started process (PID=33143) to work on /home/jezandre/airflow/airflow_env/lib/python3.11/site-packages/airflow/example_dags/example_params_trigger_ui.py
[2024-09-17T06:51:17.297-0300] {processor.py:830} INFO - Processing file /home/jezandre/airflow/airflow_env/lib/python3.11/site-packages/airflow/example_dags/example_params_trigger_ui.py for tasks to queue
[2024-09-17T06:51:17.300-0300] {logging_mixin.py:188} INFO - [2024-09-17T06:51:17.299-0300] {dagbag.py:545} INFO - Filling up the DagBag from /home/jezandre/airflow/airflow_env/lib/python3.11/site-packages/airflow/example_dags/example_params_trigger_ui.py
[2024-09-17T06:51:17.318-0300] {processor.py:840} INFO - DAG(s) 'example_params_trigger_ui' retrieved from /home/jezandre/airflow/airflow_env/lib/python3.11/site-packages/airflow/example_dags/example_params_trigger_ui.py
[2024-09-17T06:51:17.397-0300] {logging_mixin.py:188} INFO - [2024-09-17T06:51:17.397-0300] {dag.py:3089} INFO - Sync 1 DAGs
[2024-09-17T06:51:17.417-0300] {logging_mixin.py:188} INFO - [2024-09-17T06:51:17.416-0300] {dag.py:3947} INFO - Setting next_dagrun for example_params_trigger_ui to None, run_after=None
[2024-09-17T06:51:17.457-0300] {processor.py:183} INFO - Processing /home/jezandre/airflow/airflow_env/lib/python3.11/site-packages/airflow/example_dags/example_params_trigger_ui.py took 0.178 seconds
[2024-09-17T06:51:48.409-0300] {processor.py:161} INFO - Started process (PID=33665) to work on /home/jezandre/airflow/airflow_env/lib/python3.11/site-packages/airflow/example_dags/example_params_trigger_ui.py
[2024-09-17T06:51:48.410-0300] {processor.py:830} INFO - Processing file /home/jezandre/airflow/airflow_env/lib/python3.11/site-packages/airflow/example_dags/example_params_trigger_ui.py for tasks to queue
[2024-09-17T06:51:48.413-0300] {logging_mixin.py:188} INFO - [2024-09-17T06:51:48.412-0300] {dagbag.py:545} INFO - Filling up the DagBag from /home/jezandre/airflow/airflow_env/lib/python3.11/site-packages/airflow/example_dags/example_params_trigger_ui.py
[2024-09-17T06:51:48.423-0300] {processor.py:840} INFO - DAG(s) 'example_params_trigger_ui' retrieved from /home/jezandre/airflow/airflow_env/lib/python3.11/site-packages/airflow/example_dags/example_params_trigger_ui.py
[2024-09-17T06:51:48.477-0300] {logging_mixin.py:188} INFO - [2024-09-17T06:51:48.477-0300] {dag.py:3089} INFO - Sync 1 DAGs
[2024-09-17T06:51:48.495-0300] {logging_mixin.py:188} INFO - [2024-09-17T06:51:48.494-0300] {dag.py:3947} INFO - Setting next_dagrun for example_params_trigger_ui to None, run_after=None
[2024-09-17T06:51:48.521-0300] {processor.py:183} INFO - Processing /home/jezandre/airflow/airflow_env/lib/python3.11/site-packages/airflow/example_dags/example_params_trigger_ui.py took 0.120 seconds
[2024-09-17T06:52:19.074-0300] {processor.py:161} INFO - Started process (PID=34197) to work on /home/jezandre/airflow/airflow_env/lib/python3.11/site-packages/airflow/example_dags/example_params_trigger_ui.py
[2024-09-17T06:52:19.076-0300] {processor.py:830} INFO - Processing file /home/jezandre/airflow/airflow_env/lib/python3.11/site-packages/airflow/example_dags/example_params_trigger_ui.py for tasks to queue
[2024-09-17T06:52:19.077-0300] {logging_mixin.py:188} INFO - [2024-09-17T06:52:19.077-0300] {dagbag.py:545} INFO - Filling up the DagBag from /home/jezandre/airflow/airflow_env/lib/python3.11/site-packages/airflow/example_dags/example_params_trigger_ui.py
[2024-09-17T06:52:19.087-0300] {processor.py:840} INFO - DAG(s) 'example_params_trigger_ui' retrieved from /home/jezandre/airflow/airflow_env/lib/python3.11/site-packages/airflow/example_dags/example_params_trigger_ui.py
[2024-09-17T06:52:19.213-0300] {logging_mixin.py:188} INFO - [2024-09-17T06:52:19.212-0300] {dag.py:3089} INFO - Sync 1 DAGs
[2024-09-17T06:52:19.226-0300] {logging_mixin.py:188} INFO - [2024-09-17T06:52:19.226-0300] {dag.py:3947} INFO - Setting next_dagrun for example_params_trigger_ui to None, run_after=None
[2024-09-17T06:52:19.252-0300] {processor.py:183} INFO - Processing /home/jezandre/airflow/airflow_env/lib/python3.11/site-packages/airflow/example_dags/example_params_trigger_ui.py took 0.184 seconds
[2024-09-17T06:52:49.439-0300] {processor.py:161} INFO - Started process (PID=34590) to work on /home/jezandre/airflow/airflow_env/lib/python3.11/site-packages/airflow/example_dags/example_params_trigger_ui.py
[2024-09-17T06:52:49.442-0300] {processor.py:830} INFO - Processing file /home/jezandre/airflow/airflow_env/lib/python3.11/site-packages/airflow/example_dags/example_params_trigger_ui.py for tasks to queue
[2024-09-17T06:52:49.445-0300] {logging_mixin.py:188} INFO - [2024-09-17T06:52:49.444-0300] {dagbag.py:545} INFO - Filling up the DagBag from /home/jezandre/airflow/airflow_env/lib/python3.11/site-packages/airflow/example_dags/example_params_trigger_ui.py
[2024-09-17T06:52:49.467-0300] {processor.py:840} INFO - DAG(s) 'example_params_trigger_ui' retrieved from /home/jezandre/airflow/airflow_env/lib/python3.11/site-packages/airflow/example_dags/example_params_trigger_ui.py
[2024-09-17T06:52:49.551-0300] {logging_mixin.py:188} INFO - [2024-09-17T06:52:49.551-0300] {dag.py:3089} INFO - Sync 1 DAGs
[2024-09-17T06:52:49.576-0300] {logging_mixin.py:188} INFO - [2024-09-17T06:52:49.576-0300] {dag.py:3947} INFO - Setting next_dagrun for example_params_trigger_ui to None, run_after=None
[2024-09-17T06:52:49.623-0300] {processor.py:183} INFO - Processing /home/jezandre/airflow/airflow_env/lib/python3.11/site-packages/airflow/example_dags/example_params_trigger_ui.py took 0.201 seconds
[2024-09-17T06:53:20.081-0300] {processor.py:161} INFO - Started process (PID=34824) to work on /home/jezandre/airflow/airflow_env/lib/python3.11/site-packages/airflow/example_dags/example_params_trigger_ui.py
[2024-09-17T06:53:20.082-0300] {processor.py:830} INFO - Processing file /home/jezandre/airflow/airflow_env/lib/python3.11/site-packages/airflow/example_dags/example_params_trigger_ui.py for tasks to queue
[2024-09-17T06:53:20.084-0300] {logging_mixin.py:188} INFO - [2024-09-17T06:53:20.083-0300] {dagbag.py:545} INFO - Filling up the DagBag from /home/jezandre/airflow/airflow_env/lib/python3.11/site-packages/airflow/example_dags/example_params_trigger_ui.py
[2024-09-17T06:53:20.095-0300] {processor.py:840} INFO - DAG(s) 'example_params_trigger_ui' retrieved from /home/jezandre/airflow/airflow_env/lib/python3.11/site-packages/airflow/example_dags/example_params_trigger_ui.py
[2024-09-17T06:53:20.142-0300] {logging_mixin.py:188} INFO - [2024-09-17T06:53:20.142-0300] {dag.py:3089} INFO - Sync 1 DAGs
[2024-09-17T06:53:20.155-0300] {logging_mixin.py:188} INFO - [2024-09-17T06:53:20.155-0300] {dag.py:3947} INFO - Setting next_dagrun for example_params_trigger_ui to None, run_after=None
[2024-09-17T06:53:20.177-0300] {processor.py:183} INFO - Processing /home/jezandre/airflow/airflow_env/lib/python3.11/site-packages/airflow/example_dags/example_params_trigger_ui.py took 0.104 seconds
[2024-09-17T06:53:50.765-0300] {processor.py:161} INFO - Started process (PID=35148) to work on /home/jezandre/airflow/airflow_env/lib/python3.11/site-packages/airflow/example_dags/example_params_trigger_ui.py
[2024-09-17T06:53:50.767-0300] {processor.py:830} INFO - Processing file /home/jezandre/airflow/airflow_env/lib/python3.11/site-packages/airflow/example_dags/example_params_trigger_ui.py for tasks to queue
[2024-09-17T06:53:50.768-0300] {logging_mixin.py:188} INFO - [2024-09-17T06:53:50.768-0300] {dagbag.py:545} INFO - Filling up the DagBag from /home/jezandre/airflow/airflow_env/lib/python3.11/site-packages/airflow/example_dags/example_params_trigger_ui.py
[2024-09-17T06:53:50.776-0300] {processor.py:840} INFO - DAG(s) 'example_params_trigger_ui' retrieved from /home/jezandre/airflow/airflow_env/lib/python3.11/site-packages/airflow/example_dags/example_params_trigger_ui.py
[2024-09-17T06:53:50.824-0300] {logging_mixin.py:188} INFO - [2024-09-17T06:53:50.823-0300] {dag.py:3089} INFO - Sync 1 DAGs
[2024-09-17T06:53:50.838-0300] {logging_mixin.py:188} INFO - [2024-09-17T06:53:50.838-0300] {dag.py:3947} INFO - Setting next_dagrun for example_params_trigger_ui to None, run_after=None
[2024-09-17T06:53:50.865-0300] {processor.py:183} INFO - Processing /home/jezandre/airflow/airflow_env/lib/python3.11/site-packages/airflow/example_dags/example_params_trigger_ui.py took 0.108 seconds
[2024-09-17T06:54:21.634-0300] {processor.py:161} INFO - Started process (PID=35376) to work on /home/jezandre/airflow/airflow_env/lib/python3.11/site-packages/airflow/example_dags/example_params_trigger_ui.py
[2024-09-17T06:54:21.635-0300] {processor.py:830} INFO - Processing file /home/jezandre/airflow/airflow_env/lib/python3.11/site-packages/airflow/example_dags/example_params_trigger_ui.py for tasks to queue
[2024-09-17T06:54:21.638-0300] {logging_mixin.py:188} INFO - [2024-09-17T06:54:21.637-0300] {dagbag.py:545} INFO - Filling up the DagBag from /home/jezandre/airflow/airflow_env/lib/python3.11/site-packages/airflow/example_dags/example_params_trigger_ui.py
[2024-09-17T06:54:21.650-0300] {processor.py:840} INFO - DAG(s) 'example_params_trigger_ui' retrieved from /home/jezandre/airflow/airflow_env/lib/python3.11/site-packages/airflow/example_dags/example_params_trigger_ui.py
[2024-09-17T06:54:21.704-0300] {logging_mixin.py:188} INFO - [2024-09-17T06:54:21.703-0300] {dag.py:3089} INFO - Sync 1 DAGs
[2024-09-17T06:54:21.719-0300] {logging_mixin.py:188} INFO - [2024-09-17T06:54:21.719-0300] {dag.py:3947} INFO - Setting next_dagrun for example_params_trigger_ui to None, run_after=None
[2024-09-17T06:54:21.745-0300] {processor.py:183} INFO - Processing /home/jezandre/airflow/airflow_env/lib/python3.11/site-packages/airflow/example_dags/example_params_trigger_ui.py took 0.119 seconds
[2024-09-17T06:54:52.258-0300] {processor.py:161} INFO - Started process (PID=35619) to work on /home/jezandre/airflow/airflow_env/lib/python3.11/site-packages/airflow/example_dags/example_params_trigger_ui.py
[2024-09-17T06:54:52.259-0300] {processor.py:830} INFO - Processing file /home/jezandre/airflow/airflow_env/lib/python3.11/site-packages/airflow/example_dags/example_params_trigger_ui.py for tasks to queue
[2024-09-17T06:54:52.261-0300] {logging_mixin.py:188} INFO - [2024-09-17T06:54:52.260-0300] {dagbag.py:545} INFO - Filling up the DagBag from /home/jezandre/airflow/airflow_env/lib/python3.11/site-packages/airflow/example_dags/example_params_trigger_ui.py
[2024-09-17T06:54:52.270-0300] {processor.py:840} INFO - DAG(s) 'example_params_trigger_ui' retrieved from /home/jezandre/airflow/airflow_env/lib/python3.11/site-packages/airflow/example_dags/example_params_trigger_ui.py
[2024-09-17T06:54:52.323-0300] {logging_mixin.py:188} INFO - [2024-09-17T06:54:52.322-0300] {dag.py:3089} INFO - Sync 1 DAGs
[2024-09-17T06:54:52.341-0300] {logging_mixin.py:188} INFO - [2024-09-17T06:54:52.341-0300] {dag.py:3947} INFO - Setting next_dagrun for example_params_trigger_ui to None, run_after=None
[2024-09-17T06:54:52.366-0300] {processor.py:183} INFO - Processing /home/jezandre/airflow/airflow_env/lib/python3.11/site-packages/airflow/example_dags/example_params_trigger_ui.py took 0.117 seconds
