[2024-09-17T06:26:53.005-0300] {processor.py:161} INFO - Started process (PID=19808) to work on /home/jezandre/airflow/airflow_env/lib/python3.11/site-packages/airflow/example_dags/example_time_delta_sensor_async.py
[2024-09-17T06:26:53.006-0300] {processor.py:830} INFO - Processing file /home/jezandre/airflow/airflow_env/lib/python3.11/site-packages/airflow/example_dags/example_time_delta_sensor_async.py for tasks to queue
[2024-09-17T06:26:53.008-0300] {logging_mixin.py:188} INFO - [2024-09-17T06:26:53.007-0300] {dagbag.py:545} INFO - Filling up the DagBag from /home/jezandre/airflow/airflow_env/lib/python3.11/site-packages/airflow/example_dags/example_time_delta_sensor_async.py
[2024-09-17T06:26:53.013-0300] {processor.py:840} INFO - DAG(s) 'example_time_delta_sensor_async' retrieved from /home/jezandre/airflow/airflow_env/lib/python3.11/site-packages/airflow/example_dags/example_time_delta_sensor_async.py
[2024-09-17T06:26:53.019-0300] {logging_mixin.py:188} INFO - [2024-09-17T06:26:53.019-0300] {dag.py:3089} INFO - Sync 1 DAGs
[2024-09-17T06:26:53.031-0300] {logging_mixin.py:188} INFO - [2024-09-17T06:26:53.030-0300] {dag.py:3947} INFO - Setting next_dagrun for example_time_delta_sensor_async to None, run_after=None
[2024-09-17T06:26:53.060-0300] {processor.py:183} INFO - Processing /home/jezandre/airflow/airflow_env/lib/python3.11/site-packages/airflow/example_dags/example_time_delta_sensor_async.py took 0.061 seconds
[2024-09-17T06:27:09.981-0300] {processor.py:161} INFO - Started process (PID=19959) to work on /home/jezandre/airflow/airflow_env/lib/python3.11/site-packages/airflow/example_dags/example_time_delta_sensor_async.py
[2024-09-17T06:27:09.982-0300] {processor.py:830} INFO - Processing file /home/jezandre/airflow/airflow_env/lib/python3.11/site-packages/airflow/example_dags/example_time_delta_sensor_async.py for tasks to queue
[2024-09-17T06:27:09.983-0300] {logging_mixin.py:188} INFO - [2024-09-17T06:27:09.983-0300] {dagbag.py:545} INFO - Filling up the DagBag from /home/jezandre/airflow/airflow_env/lib/python3.11/site-packages/airflow/example_dags/example_time_delta_sensor_async.py
[2024-09-17T06:27:09.989-0300] {processor.py:840} INFO - DAG(s) 'example_time_delta_sensor_async' retrieved from /home/jezandre/airflow/airflow_env/lib/python3.11/site-packages/airflow/example_dags/example_time_delta_sensor_async.py
[2024-09-17T06:27:10.081-0300] {logging_mixin.py:188} INFO - [2024-09-17T06:27:10.080-0300] {dag.py:3089} INFO - Sync 1 DAGs
[2024-09-17T06:27:10.089-0300] {logging_mixin.py:188} INFO - [2024-09-17T06:27:10.089-0300] {dag.py:3947} INFO - Setting next_dagrun for example_time_delta_sensor_async to None, run_after=None
[2024-09-17T06:27:10.114-0300] {processor.py:183} INFO - Processing /home/jezandre/airflow/airflow_env/lib/python3.11/site-packages/airflow/example_dags/example_time_delta_sensor_async.py took 0.139 seconds
[2024-09-17T06:28:13.032-0300] {processor.py:161} INFO - Started process (PID=20251) to work on /home/jezandre/airflow/airflow_env/lib/python3.11/site-packages/airflow/example_dags/example_time_delta_sensor_async.py
[2024-09-17T06:28:13.037-0300] {processor.py:830} INFO - Processing file /home/jezandre/airflow/airflow_env/lib/python3.11/site-packages/airflow/example_dags/example_time_delta_sensor_async.py for tasks to queue
[2024-09-17T06:28:13.039-0300] {logging_mixin.py:188} INFO - [2024-09-17T06:28:13.039-0300] {dagbag.py:545} INFO - Filling up the DagBag from /home/jezandre/airflow/airflow_env/lib/python3.11/site-packages/airflow/example_dags/example_time_delta_sensor_async.py
[2024-09-17T06:28:13.044-0300] {processor.py:840} INFO - DAG(s) 'example_time_delta_sensor_async' retrieved from /home/jezandre/airflow/airflow_env/lib/python3.11/site-packages/airflow/example_dags/example_time_delta_sensor_async.py
[2024-09-17T06:28:13.057-0300] {logging_mixin.py:188} INFO - [2024-09-17T06:28:13.057-0300] {dag.py:3089} INFO - Sync 1 DAGs
[2024-09-17T06:28:13.194-0300] {logging_mixin.py:188} INFO - [2024-09-17T06:28:13.193-0300] {dag.py:3947} INFO - Setting next_dagrun for example_time_delta_sensor_async to None, run_after=None
[2024-09-17T06:28:13.220-0300] {processor.py:183} INFO - Processing /home/jezandre/airflow/airflow_env/lib/python3.11/site-packages/airflow/example_dags/example_time_delta_sensor_async.py took 0.192 seconds
[2024-09-17T06:29:07.775-0300] {processor.py:161} INFO - Started process (PID=20587) to work on /home/jezandre/airflow/airflow_env/lib/python3.11/site-packages/airflow/example_dags/example_time_delta_sensor_async.py
[2024-09-17T06:29:07.778-0300] {processor.py:830} INFO - Processing file /home/jezandre/airflow/airflow_env/lib/python3.11/site-packages/airflow/example_dags/example_time_delta_sensor_async.py for tasks to queue
[2024-09-17T06:29:07.780-0300] {logging_mixin.py:188} INFO - [2024-09-17T06:29:07.780-0300] {dagbag.py:545} INFO - Filling up the DagBag from /home/jezandre/airflow/airflow_env/lib/python3.11/site-packages/airflow/example_dags/example_time_delta_sensor_async.py
[2024-09-17T06:29:07.786-0300] {processor.py:840} INFO - DAG(s) 'example_time_delta_sensor_async' retrieved from /home/jezandre/airflow/airflow_env/lib/python3.11/site-packages/airflow/example_dags/example_time_delta_sensor_async.py
[2024-09-17T06:29:07.813-0300] {logging_mixin.py:188} INFO - [2024-09-17T06:29:07.812-0300] {dag.py:3089} INFO - Sync 1 DAGs
[2024-09-17T06:29:07.831-0300] {logging_mixin.py:188} INFO - [2024-09-17T06:29:07.830-0300] {dag.py:3947} INFO - Setting next_dagrun for example_time_delta_sensor_async to None, run_after=None
[2024-09-17T06:29:07.868-0300] {processor.py:183} INFO - Processing /home/jezandre/airflow/airflow_env/lib/python3.11/site-packages/airflow/example_dags/example_time_delta_sensor_async.py took 0.103 seconds
[2024-09-17T06:29:48.961-0300] {processor.py:161} INFO - Started process (PID=20993) to work on /home/jezandre/airflow/airflow_env/lib/python3.11/site-packages/airflow/example_dags/example_time_delta_sensor_async.py
[2024-09-17T06:29:48.962-0300] {processor.py:830} INFO - Processing file /home/jezandre/airflow/airflow_env/lib/python3.11/site-packages/airflow/example_dags/example_time_delta_sensor_async.py for tasks to queue
[2024-09-17T06:29:48.964-0300] {logging_mixin.py:188} INFO - [2024-09-17T06:29:48.964-0300] {dagbag.py:545} INFO - Filling up the DagBag from /home/jezandre/airflow/airflow_env/lib/python3.11/site-packages/airflow/example_dags/example_time_delta_sensor_async.py
[2024-09-17T06:29:48.971-0300] {processor.py:840} INFO - DAG(s) 'example_time_delta_sensor_async' retrieved from /home/jezandre/airflow/airflow_env/lib/python3.11/site-packages/airflow/example_dags/example_time_delta_sensor_async.py
[2024-09-17T06:29:49.087-0300] {logging_mixin.py:188} INFO - [2024-09-17T06:29:49.087-0300] {dag.py:3089} INFO - Sync 1 DAGs
[2024-09-17T06:29:49.098-0300] {logging_mixin.py:188} INFO - [2024-09-17T06:29:49.098-0300] {dag.py:3947} INFO - Setting next_dagrun for example_time_delta_sensor_async to None, run_after=None
[2024-09-17T06:29:49.127-0300] {processor.py:183} INFO - Processing /home/jezandre/airflow/airflow_env/lib/python3.11/site-packages/airflow/example_dags/example_time_delta_sensor_async.py took 0.171 seconds
[2024-09-17T06:30:19.822-0300] {processor.py:161} INFO - Started process (PID=21312) to work on /home/jezandre/airflow/airflow_env/lib/python3.11/site-packages/airflow/example_dags/example_time_delta_sensor_async.py
[2024-09-17T06:30:19.824-0300] {processor.py:830} INFO - Processing file /home/jezandre/airflow/airflow_env/lib/python3.11/site-packages/airflow/example_dags/example_time_delta_sensor_async.py for tasks to queue
[2024-09-17T06:30:19.825-0300] {logging_mixin.py:188} INFO - [2024-09-17T06:30:19.825-0300] {dagbag.py:545} INFO - Filling up the DagBag from /home/jezandre/airflow/airflow_env/lib/python3.11/site-packages/airflow/example_dags/example_time_delta_sensor_async.py
[2024-09-17T06:30:19.829-0300] {processor.py:840} INFO - DAG(s) 'example_time_delta_sensor_async' retrieved from /home/jezandre/airflow/airflow_env/lib/python3.11/site-packages/airflow/example_dags/example_time_delta_sensor_async.py
[2024-09-17T06:30:19.988-0300] {logging_mixin.py:188} INFO - [2024-09-17T06:30:19.987-0300] {dag.py:3089} INFO - Sync 1 DAGs
[2024-09-17T06:30:20.004-0300] {logging_mixin.py:188} INFO - [2024-09-17T06:30:20.003-0300] {dag.py:3947} INFO - Setting next_dagrun for example_time_delta_sensor_async to None, run_after=None
[2024-09-17T06:30:20.029-0300] {processor.py:183} INFO - Processing /home/jezandre/airflow/airflow_env/lib/python3.11/site-packages/airflow/example_dags/example_time_delta_sensor_async.py took 0.213 seconds
[2024-09-17T06:30:51.021-0300] {processor.py:161} INFO - Started process (PID=21515) to work on /home/jezandre/airflow/airflow_env/lib/python3.11/site-packages/airflow/example_dags/example_time_delta_sensor_async.py
[2024-09-17T06:30:51.026-0300] {processor.py:830} INFO - Processing file /home/jezandre/airflow/airflow_env/lib/python3.11/site-packages/airflow/example_dags/example_time_delta_sensor_async.py for tasks to queue
[2024-09-17T06:30:51.028-0300] {logging_mixin.py:188} INFO - [2024-09-17T06:30:51.027-0300] {dagbag.py:545} INFO - Filling up the DagBag from /home/jezandre/airflow/airflow_env/lib/python3.11/site-packages/airflow/example_dags/example_time_delta_sensor_async.py
[2024-09-17T06:30:51.032-0300] {processor.py:840} INFO - DAG(s) 'example_time_delta_sensor_async' retrieved from /home/jezandre/airflow/airflow_env/lib/python3.11/site-packages/airflow/example_dags/example_time_delta_sensor_async.py
[2024-09-17T06:30:51.061-0300] {logging_mixin.py:188} INFO - [2024-09-17T06:30:51.061-0300] {dag.py:3089} INFO - Sync 1 DAGs
[2024-09-17T06:30:51.075-0300] {logging_mixin.py:188} INFO - [2024-09-17T06:30:51.075-0300] {dag.py:3947} INFO - Setting next_dagrun for example_time_delta_sensor_async to None, run_after=None
[2024-09-17T06:30:51.101-0300] {processor.py:183} INFO - Processing /home/jezandre/airflow/airflow_env/lib/python3.11/site-packages/airflow/example_dags/example_time_delta_sensor_async.py took 0.085 seconds
[2024-09-17T06:31:21.214-0300] {processor.py:161} INFO - Started process (PID=21721) to work on /home/jezandre/airflow/airflow_env/lib/python3.11/site-packages/airflow/example_dags/example_time_delta_sensor_async.py
[2024-09-17T06:31:21.219-0300] {processor.py:830} INFO - Processing file /home/jezandre/airflow/airflow_env/lib/python3.11/site-packages/airflow/example_dags/example_time_delta_sensor_async.py for tasks to queue
[2024-09-17T06:31:21.221-0300] {logging_mixin.py:188} INFO - [2024-09-17T06:31:21.220-0300] {dagbag.py:545} INFO - Filling up the DagBag from /home/jezandre/airflow/airflow_env/lib/python3.11/site-packages/airflow/example_dags/example_time_delta_sensor_async.py
[2024-09-17T06:31:21.228-0300] {processor.py:840} INFO - DAG(s) 'example_time_delta_sensor_async' retrieved from /home/jezandre/airflow/airflow_env/lib/python3.11/site-packages/airflow/example_dags/example_time_delta_sensor_async.py
[2024-09-17T06:31:21.273-0300] {logging_mixin.py:188} INFO - [2024-09-17T06:31:21.272-0300] {dag.py:3089} INFO - Sync 1 DAGs
[2024-09-17T06:31:21.311-0300] {logging_mixin.py:188} INFO - [2024-09-17T06:31:21.310-0300] {dag.py:3947} INFO - Setting next_dagrun for example_time_delta_sensor_async to None, run_after=None
[2024-09-17T06:31:21.349-0300] {processor.py:183} INFO - Processing /home/jezandre/airflow/airflow_env/lib/python3.11/site-packages/airflow/example_dags/example_time_delta_sensor_async.py took 0.141 seconds
[2024-09-17T06:31:51.822-0300] {processor.py:161} INFO - Started process (PID=21997) to work on /home/jezandre/airflow/airflow_env/lib/python3.11/site-packages/airflow/example_dags/example_time_delta_sensor_async.py
[2024-09-17T06:31:51.826-0300] {processor.py:830} INFO - Processing file /home/jezandre/airflow/airflow_env/lib/python3.11/site-packages/airflow/example_dags/example_time_delta_sensor_async.py for tasks to queue
[2024-09-17T06:31:51.829-0300] {logging_mixin.py:188} INFO - [2024-09-17T06:31:51.828-0300] {dagbag.py:545} INFO - Filling up the DagBag from /home/jezandre/airflow/airflow_env/lib/python3.11/site-packages/airflow/example_dags/example_time_delta_sensor_async.py
[2024-09-17T06:31:51.837-0300] {processor.py:840} INFO - DAG(s) 'example_time_delta_sensor_async' retrieved from /home/jezandre/airflow/airflow_env/lib/python3.11/site-packages/airflow/example_dags/example_time_delta_sensor_async.py
[2024-09-17T06:31:51.868-0300] {logging_mixin.py:188} INFO - [2024-09-17T06:31:51.868-0300] {dag.py:3089} INFO - Sync 1 DAGs
[2024-09-17T06:31:51.884-0300] {logging_mixin.py:188} INFO - [2024-09-17T06:31:51.883-0300] {dag.py:3947} INFO - Setting next_dagrun for example_time_delta_sensor_async to None, run_after=None
[2024-09-17T06:31:51.912-0300] {processor.py:183} INFO - Processing /home/jezandre/airflow/airflow_env/lib/python3.11/site-packages/airflow/example_dags/example_time_delta_sensor_async.py took 0.098 seconds
[2024-09-17T06:32:22.202-0300] {processor.py:161} INFO - Started process (PID=22480) to work on /home/jezandre/airflow/airflow_env/lib/python3.11/site-packages/airflow/example_dags/example_time_delta_sensor_async.py
[2024-09-17T06:32:22.204-0300] {processor.py:830} INFO - Processing file /home/jezandre/airflow/airflow_env/lib/python3.11/site-packages/airflow/example_dags/example_time_delta_sensor_async.py for tasks to queue
[2024-09-17T06:32:22.205-0300] {logging_mixin.py:188} INFO - [2024-09-17T06:32:22.205-0300] {dagbag.py:545} INFO - Filling up the DagBag from /home/jezandre/airflow/airflow_env/lib/python3.11/site-packages/airflow/example_dags/example_time_delta_sensor_async.py
[2024-09-17T06:32:22.210-0300] {processor.py:840} INFO - DAG(s) 'example_time_delta_sensor_async' retrieved from /home/jezandre/airflow/airflow_env/lib/python3.11/site-packages/airflow/example_dags/example_time_delta_sensor_async.py
[2024-09-17T06:32:22.327-0300] {logging_mixin.py:188} INFO - [2024-09-17T06:32:22.327-0300] {dag.py:3089} INFO - Sync 1 DAGs
[2024-09-17T06:32:22.341-0300] {logging_mixin.py:188} INFO - [2024-09-17T06:32:22.340-0300] {dag.py:3947} INFO - Setting next_dagrun for example_time_delta_sensor_async to None, run_after=None
[2024-09-17T06:32:22.386-0300] {processor.py:183} INFO - Processing /home/jezandre/airflow/airflow_env/lib/python3.11/site-packages/airflow/example_dags/example_time_delta_sensor_async.py took 0.191 seconds
[2024-09-17T06:32:53.224-0300] {processor.py:161} INFO - Started process (PID=22845) to work on /home/jezandre/airflow/airflow_env/lib/python3.11/site-packages/airflow/example_dags/example_time_delta_sensor_async.py
[2024-09-17T06:32:53.226-0300] {processor.py:830} INFO - Processing file /home/jezandre/airflow/airflow_env/lib/python3.11/site-packages/airflow/example_dags/example_time_delta_sensor_async.py for tasks to queue
[2024-09-17T06:32:53.228-0300] {logging_mixin.py:188} INFO - [2024-09-17T06:32:53.228-0300] {dagbag.py:545} INFO - Filling up the DagBag from /home/jezandre/airflow/airflow_env/lib/python3.11/site-packages/airflow/example_dags/example_time_delta_sensor_async.py
[2024-09-17T06:32:53.234-0300] {processor.py:840} INFO - DAG(s) 'example_time_delta_sensor_async' retrieved from /home/jezandre/airflow/airflow_env/lib/python3.11/site-packages/airflow/example_dags/example_time_delta_sensor_async.py
[2024-09-17T06:32:53.263-0300] {logging_mixin.py:188} INFO - [2024-09-17T06:32:53.263-0300] {dag.py:3089} INFO - Sync 1 DAGs
[2024-09-17T06:32:53.280-0300] {logging_mixin.py:188} INFO - [2024-09-17T06:32:53.279-0300] {dag.py:3947} INFO - Setting next_dagrun for example_time_delta_sensor_async to None, run_after=None
[2024-09-17T06:32:53.306-0300] {processor.py:183} INFO - Processing /home/jezandre/airflow/airflow_env/lib/python3.11/site-packages/airflow/example_dags/example_time_delta_sensor_async.py took 0.090 seconds
[2024-09-17T06:33:23.964-0300] {processor.py:161} INFO - Started process (PID=23077) to work on /home/jezandre/airflow/airflow_env/lib/python3.11/site-packages/airflow/example_dags/example_time_delta_sensor_async.py
[2024-09-17T06:33:23.966-0300] {processor.py:830} INFO - Processing file /home/jezandre/airflow/airflow_env/lib/python3.11/site-packages/airflow/example_dags/example_time_delta_sensor_async.py for tasks to queue
[2024-09-17T06:33:23.968-0300] {logging_mixin.py:188} INFO - [2024-09-17T06:33:23.967-0300] {dagbag.py:545} INFO - Filling up the DagBag from /home/jezandre/airflow/airflow_env/lib/python3.11/site-packages/airflow/example_dags/example_time_delta_sensor_async.py
[2024-09-17T06:33:23.972-0300] {processor.py:840} INFO - DAG(s) 'example_time_delta_sensor_async' retrieved from /home/jezandre/airflow/airflow_env/lib/python3.11/site-packages/airflow/example_dags/example_time_delta_sensor_async.py
[2024-09-17T06:33:24.002-0300] {logging_mixin.py:188} INFO - [2024-09-17T06:33:24.002-0300] {dag.py:3089} INFO - Sync 1 DAGs
[2024-09-17T06:33:24.017-0300] {logging_mixin.py:188} INFO - [2024-09-17T06:33:24.017-0300] {dag.py:3947} INFO - Setting next_dagrun for example_time_delta_sensor_async to None, run_after=None
[2024-09-17T06:33:24.043-0300] {processor.py:183} INFO - Processing /home/jezandre/airflow/airflow_env/lib/python3.11/site-packages/airflow/example_dags/example_time_delta_sensor_async.py took 0.087 seconds
[2024-09-17T06:33:54.493-0300] {processor.py:161} INFO - Started process (PID=23358) to work on /home/jezandre/airflow/airflow_env/lib/python3.11/site-packages/airflow/example_dags/example_time_delta_sensor_async.py
[2024-09-17T06:33:54.498-0300] {processor.py:830} INFO - Processing file /home/jezandre/airflow/airflow_env/lib/python3.11/site-packages/airflow/example_dags/example_time_delta_sensor_async.py for tasks to queue
[2024-09-17T06:33:54.500-0300] {logging_mixin.py:188} INFO - [2024-09-17T06:33:54.500-0300] {dagbag.py:545} INFO - Filling up the DagBag from /home/jezandre/airflow/airflow_env/lib/python3.11/site-packages/airflow/example_dags/example_time_delta_sensor_async.py
[2024-09-17T06:33:54.505-0300] {processor.py:840} INFO - DAG(s) 'example_time_delta_sensor_async' retrieved from /home/jezandre/airflow/airflow_env/lib/python3.11/site-packages/airflow/example_dags/example_time_delta_sensor_async.py
[2024-09-17T06:33:54.536-0300] {logging_mixin.py:188} INFO - [2024-09-17T06:33:54.535-0300] {dag.py:3089} INFO - Sync 1 DAGs
[2024-09-17T06:33:54.551-0300] {logging_mixin.py:188} INFO - [2024-09-17T06:33:54.550-0300] {dag.py:3947} INFO - Setting next_dagrun for example_time_delta_sensor_async to None, run_after=None
[2024-09-17T06:33:54.579-0300] {processor.py:183} INFO - Processing /home/jezandre/airflow/airflow_env/lib/python3.11/site-packages/airflow/example_dags/example_time_delta_sensor_async.py took 0.093 seconds
[2024-09-17T06:34:24.904-0300] {processor.py:161} INFO - Started process (PID=23607) to work on /home/jezandre/airflow/airflow_env/lib/python3.11/site-packages/airflow/example_dags/example_time_delta_sensor_async.py
[2024-09-17T06:34:24.908-0300] {processor.py:830} INFO - Processing file /home/jezandre/airflow/airflow_env/lib/python3.11/site-packages/airflow/example_dags/example_time_delta_sensor_async.py for tasks to queue
[2024-09-17T06:34:24.910-0300] {logging_mixin.py:188} INFO - [2024-09-17T06:34:24.910-0300] {dagbag.py:545} INFO - Filling up the DagBag from /home/jezandre/airflow/airflow_env/lib/python3.11/site-packages/airflow/example_dags/example_time_delta_sensor_async.py
[2024-09-17T06:34:24.916-0300] {processor.py:840} INFO - DAG(s) 'example_time_delta_sensor_async' retrieved from /home/jezandre/airflow/airflow_env/lib/python3.11/site-packages/airflow/example_dags/example_time_delta_sensor_async.py
[2024-09-17T06:34:24.946-0300] {logging_mixin.py:188} INFO - [2024-09-17T06:34:24.946-0300] {dag.py:3089} INFO - Sync 1 DAGs
[2024-09-17T06:34:24.962-0300] {logging_mixin.py:188} INFO - [2024-09-17T06:34:24.962-0300] {dag.py:3947} INFO - Setting next_dagrun for example_time_delta_sensor_async to None, run_after=None
[2024-09-17T06:34:24.990-0300] {processor.py:183} INFO - Processing /home/jezandre/airflow/airflow_env/lib/python3.11/site-packages/airflow/example_dags/example_time_delta_sensor_async.py took 0.095 seconds
[2024-09-17T06:34:55.455-0300] {processor.py:161} INFO - Started process (PID=23938) to work on /home/jezandre/airflow/airflow_env/lib/python3.11/site-packages/airflow/example_dags/example_time_delta_sensor_async.py
[2024-09-17T06:34:55.460-0300] {processor.py:830} INFO - Processing file /home/jezandre/airflow/airflow_env/lib/python3.11/site-packages/airflow/example_dags/example_time_delta_sensor_async.py for tasks to queue
[2024-09-17T06:34:55.462-0300] {logging_mixin.py:188} INFO - [2024-09-17T06:34:55.462-0300] {dagbag.py:545} INFO - Filling up the DagBag from /home/jezandre/airflow/airflow_env/lib/python3.11/site-packages/airflow/example_dags/example_time_delta_sensor_async.py
[2024-09-17T06:34:55.467-0300] {processor.py:840} INFO - DAG(s) 'example_time_delta_sensor_async' retrieved from /home/jezandre/airflow/airflow_env/lib/python3.11/site-packages/airflow/example_dags/example_time_delta_sensor_async.py
[2024-09-17T06:34:55.496-0300] {logging_mixin.py:188} INFO - [2024-09-17T06:34:55.495-0300] {dag.py:3089} INFO - Sync 1 DAGs
[2024-09-17T06:34:55.511-0300] {logging_mixin.py:188} INFO - [2024-09-17T06:34:55.511-0300] {dag.py:3947} INFO - Setting next_dagrun for example_time_delta_sensor_async to None, run_after=None
[2024-09-17T06:34:55.538-0300] {processor.py:183} INFO - Processing /home/jezandre/airflow/airflow_env/lib/python3.11/site-packages/airflow/example_dags/example_time_delta_sensor_async.py took 0.090 seconds
[2024-09-17T06:35:26.104-0300] {processor.py:161} INFO - Started process (PID=24184) to work on /home/jezandre/airflow/airflow_env/lib/python3.11/site-packages/airflow/example_dags/example_time_delta_sensor_async.py
[2024-09-17T06:35:26.106-0300] {processor.py:830} INFO - Processing file /home/jezandre/airflow/airflow_env/lib/python3.11/site-packages/airflow/example_dags/example_time_delta_sensor_async.py for tasks to queue
[2024-09-17T06:35:26.108-0300] {logging_mixin.py:188} INFO - [2024-09-17T06:35:26.107-0300] {dagbag.py:545} INFO - Filling up the DagBag from /home/jezandre/airflow/airflow_env/lib/python3.11/site-packages/airflow/example_dags/example_time_delta_sensor_async.py
[2024-09-17T06:35:26.113-0300] {processor.py:840} INFO - DAG(s) 'example_time_delta_sensor_async' retrieved from /home/jezandre/airflow/airflow_env/lib/python3.11/site-packages/airflow/example_dags/example_time_delta_sensor_async.py
[2024-09-17T06:35:26.141-0300] {logging_mixin.py:188} INFO - [2024-09-17T06:35:26.140-0300] {dag.py:3089} INFO - Sync 1 DAGs
[2024-09-17T06:35:26.155-0300] {logging_mixin.py:188} INFO - [2024-09-17T06:35:26.155-0300] {dag.py:3947} INFO - Setting next_dagrun for example_time_delta_sensor_async to None, run_after=None
[2024-09-17T06:35:26.182-0300] {processor.py:183} INFO - Processing /home/jezandre/airflow/airflow_env/lib/python3.11/site-packages/airflow/example_dags/example_time_delta_sensor_async.py took 0.084 seconds
[2024-09-17T06:35:56.403-0300] {processor.py:161} INFO - Started process (PID=24518) to work on /home/jezandre/airflow/airflow_env/lib/python3.11/site-packages/airflow/example_dags/example_time_delta_sensor_async.py
[2024-09-17T06:35:56.407-0300] {processor.py:830} INFO - Processing file /home/jezandre/airflow/airflow_env/lib/python3.11/site-packages/airflow/example_dags/example_time_delta_sensor_async.py for tasks to queue
[2024-09-17T06:35:56.409-0300] {logging_mixin.py:188} INFO - [2024-09-17T06:35:56.409-0300] {dagbag.py:545} INFO - Filling up the DagBag from /home/jezandre/airflow/airflow_env/lib/python3.11/site-packages/airflow/example_dags/example_time_delta_sensor_async.py
[2024-09-17T06:35:56.414-0300] {processor.py:840} INFO - DAG(s) 'example_time_delta_sensor_async' retrieved from /home/jezandre/airflow/airflow_env/lib/python3.11/site-packages/airflow/example_dags/example_time_delta_sensor_async.py
[2024-09-17T06:35:56.442-0300] {logging_mixin.py:188} INFO - [2024-09-17T06:35:56.442-0300] {dag.py:3089} INFO - Sync 1 DAGs
[2024-09-17T06:35:56.462-0300] {logging_mixin.py:188} INFO - [2024-09-17T06:35:56.462-0300] {dag.py:3947} INFO - Setting next_dagrun for example_time_delta_sensor_async to None, run_after=None
[2024-09-17T06:35:56.492-0300] {processor.py:183} INFO - Processing /home/jezandre/airflow/airflow_env/lib/python3.11/site-packages/airflow/example_dags/example_time_delta_sensor_async.py took 0.097 seconds
[2024-09-17T06:36:26.728-0300] {processor.py:161} INFO - Started process (PID=24733) to work on /home/jezandre/airflow/airflow_env/lib/python3.11/site-packages/airflow/example_dags/example_time_delta_sensor_async.py
[2024-09-17T06:36:26.730-0300] {processor.py:830} INFO - Processing file /home/jezandre/airflow/airflow_env/lib/python3.11/site-packages/airflow/example_dags/example_time_delta_sensor_async.py for tasks to queue
[2024-09-17T06:36:26.733-0300] {logging_mixin.py:188} INFO - [2024-09-17T06:36:26.732-0300] {dagbag.py:545} INFO - Filling up the DagBag from /home/jezandre/airflow/airflow_env/lib/python3.11/site-packages/airflow/example_dags/example_time_delta_sensor_async.py
[2024-09-17T06:36:26.739-0300] {processor.py:840} INFO - DAG(s) 'example_time_delta_sensor_async' retrieved from /home/jezandre/airflow/airflow_env/lib/python3.11/site-packages/airflow/example_dags/example_time_delta_sensor_async.py
[2024-09-17T06:36:26.770-0300] {logging_mixin.py:188} INFO - [2024-09-17T06:36:26.769-0300] {dag.py:3089} INFO - Sync 1 DAGs
[2024-09-17T06:36:26.784-0300] {logging_mixin.py:188} INFO - [2024-09-17T06:36:26.783-0300] {dag.py:3947} INFO - Setting next_dagrun for example_time_delta_sensor_async to None, run_after=None
[2024-09-17T06:36:26.809-0300] {processor.py:183} INFO - Processing /home/jezandre/airflow/airflow_env/lib/python3.11/site-packages/airflow/example_dags/example_time_delta_sensor_async.py took 0.091 seconds
[2024-09-17T06:36:57.212-0300] {processor.py:161} INFO - Started process (PID=24962) to work on /home/jezandre/airflow/airflow_env/lib/python3.11/site-packages/airflow/example_dags/example_time_delta_sensor_async.py
[2024-09-17T06:36:57.214-0300] {processor.py:830} INFO - Processing file /home/jezandre/airflow/airflow_env/lib/python3.11/site-packages/airflow/example_dags/example_time_delta_sensor_async.py for tasks to queue
[2024-09-17T06:36:57.216-0300] {logging_mixin.py:188} INFO - [2024-09-17T06:36:57.216-0300] {dagbag.py:545} INFO - Filling up the DagBag from /home/jezandre/airflow/airflow_env/lib/python3.11/site-packages/airflow/example_dags/example_time_delta_sensor_async.py
[2024-09-17T06:36:57.222-0300] {processor.py:840} INFO - DAG(s) 'example_time_delta_sensor_async' retrieved from /home/jezandre/airflow/airflow_env/lib/python3.11/site-packages/airflow/example_dags/example_time_delta_sensor_async.py
[2024-09-17T06:36:57.251-0300] {logging_mixin.py:188} INFO - [2024-09-17T06:36:57.250-0300] {dag.py:3089} INFO - Sync 1 DAGs
[2024-09-17T06:36:57.265-0300] {logging_mixin.py:188} INFO - [2024-09-17T06:36:57.265-0300] {dag.py:3947} INFO - Setting next_dagrun for example_time_delta_sensor_async to None, run_after=None
[2024-09-17T06:36:57.291-0300] {processor.py:183} INFO - Processing /home/jezandre/airflow/airflow_env/lib/python3.11/site-packages/airflow/example_dags/example_time_delta_sensor_async.py took 0.085 seconds
[2024-09-17T06:37:27.792-0300] {processor.py:161} INFO - Started process (PID=25171) to work on /home/jezandre/airflow/airflow_env/lib/python3.11/site-packages/airflow/example_dags/example_time_delta_sensor_async.py
[2024-09-17T06:37:27.794-0300] {processor.py:830} INFO - Processing file /home/jezandre/airflow/airflow_env/lib/python3.11/site-packages/airflow/example_dags/example_time_delta_sensor_async.py for tasks to queue
[2024-09-17T06:37:27.796-0300] {logging_mixin.py:188} INFO - [2024-09-17T06:37:27.796-0300] {dagbag.py:545} INFO - Filling up the DagBag from /home/jezandre/airflow/airflow_env/lib/python3.11/site-packages/airflow/example_dags/example_time_delta_sensor_async.py
[2024-09-17T06:37:27.803-0300] {processor.py:840} INFO - DAG(s) 'example_time_delta_sensor_async' retrieved from /home/jezandre/airflow/airflow_env/lib/python3.11/site-packages/airflow/example_dags/example_time_delta_sensor_async.py
[2024-09-17T06:37:27.977-0300] {logging_mixin.py:188} INFO - [2024-09-17T06:37:27.977-0300] {dag.py:3089} INFO - Sync 1 DAGs
[2024-09-17T06:37:27.993-0300] {logging_mixin.py:188} INFO - [2024-09-17T06:37:27.993-0300] {dag.py:3947} INFO - Setting next_dagrun for example_time_delta_sensor_async to None, run_after=None
[2024-09-17T06:37:28.028-0300] {processor.py:183} INFO - Processing /home/jezandre/airflow/airflow_env/lib/python3.11/site-packages/airflow/example_dags/example_time_delta_sensor_async.py took 0.243 seconds
[2024-09-17T06:37:58.553-0300] {processor.py:161} INFO - Started process (PID=25389) to work on /home/jezandre/airflow/airflow_env/lib/python3.11/site-packages/airflow/example_dags/example_time_delta_sensor_async.py
[2024-09-17T06:37:58.557-0300] {processor.py:830} INFO - Processing file /home/jezandre/airflow/airflow_env/lib/python3.11/site-packages/airflow/example_dags/example_time_delta_sensor_async.py for tasks to queue
[2024-09-17T06:37:58.559-0300] {logging_mixin.py:188} INFO - [2024-09-17T06:37:58.558-0300] {dagbag.py:545} INFO - Filling up the DagBag from /home/jezandre/airflow/airflow_env/lib/python3.11/site-packages/airflow/example_dags/example_time_delta_sensor_async.py
[2024-09-17T06:37:58.564-0300] {processor.py:840} INFO - DAG(s) 'example_time_delta_sensor_async' retrieved from /home/jezandre/airflow/airflow_env/lib/python3.11/site-packages/airflow/example_dags/example_time_delta_sensor_async.py
[2024-09-17T06:37:58.599-0300] {logging_mixin.py:188} INFO - [2024-09-17T06:37:58.599-0300] {dag.py:3089} INFO - Sync 1 DAGs
[2024-09-17T06:37:58.614-0300] {logging_mixin.py:188} INFO - [2024-09-17T06:37:58.614-0300] {dag.py:3947} INFO - Setting next_dagrun for example_time_delta_sensor_async to None, run_after=None
[2024-09-17T06:37:58.651-0300] {processor.py:183} INFO - Processing /home/jezandre/airflow/airflow_env/lib/python3.11/site-packages/airflow/example_dags/example_time_delta_sensor_async.py took 0.106 seconds
[2024-09-17T06:38:29.180-0300] {processor.py:161} INFO - Started process (PID=25723) to work on /home/jezandre/airflow/airflow_env/lib/python3.11/site-packages/airflow/example_dags/example_time_delta_sensor_async.py
[2024-09-17T06:38:29.181-0300] {processor.py:830} INFO - Processing file /home/jezandre/airflow/airflow_env/lib/python3.11/site-packages/airflow/example_dags/example_time_delta_sensor_async.py for tasks to queue
[2024-09-17T06:38:29.183-0300] {logging_mixin.py:188} INFO - [2024-09-17T06:38:29.183-0300] {dagbag.py:545} INFO - Filling up the DagBag from /home/jezandre/airflow/airflow_env/lib/python3.11/site-packages/airflow/example_dags/example_time_delta_sensor_async.py
[2024-09-17T06:38:29.187-0300] {processor.py:840} INFO - DAG(s) 'example_time_delta_sensor_async' retrieved from /home/jezandre/airflow/airflow_env/lib/python3.11/site-packages/airflow/example_dags/example_time_delta_sensor_async.py
[2024-09-17T06:38:29.215-0300] {logging_mixin.py:188} INFO - [2024-09-17T06:38:29.215-0300] {dag.py:3089} INFO - Sync 1 DAGs
[2024-09-17T06:38:29.232-0300] {logging_mixin.py:188} INFO - [2024-09-17T06:38:29.231-0300] {dag.py:3947} INFO - Setting next_dagrun for example_time_delta_sensor_async to None, run_after=None
[2024-09-17T06:38:29.261-0300] {processor.py:183} INFO - Processing /home/jezandre/airflow/airflow_env/lib/python3.11/site-packages/airflow/example_dags/example_time_delta_sensor_async.py took 0.088 seconds
[2024-09-17T06:38:59.646-0300] {processor.py:161} INFO - Started process (PID=26037) to work on /home/jezandre/airflow/airflow_env/lib/python3.11/site-packages/airflow/example_dags/example_time_delta_sensor_async.py
[2024-09-17T06:38:59.648-0300] {processor.py:830} INFO - Processing file /home/jezandre/airflow/airflow_env/lib/python3.11/site-packages/airflow/example_dags/example_time_delta_sensor_async.py for tasks to queue
[2024-09-17T06:38:59.652-0300] {logging_mixin.py:188} INFO - [2024-09-17T06:38:59.651-0300] {dagbag.py:545} INFO - Filling up the DagBag from /home/jezandre/airflow/airflow_env/lib/python3.11/site-packages/airflow/example_dags/example_time_delta_sensor_async.py
[2024-09-17T06:38:59.660-0300] {processor.py:840} INFO - DAG(s) 'example_time_delta_sensor_async' retrieved from /home/jezandre/airflow/airflow_env/lib/python3.11/site-packages/airflow/example_dags/example_time_delta_sensor_async.py
[2024-09-17T06:38:59.704-0300] {logging_mixin.py:188} INFO - [2024-09-17T06:38:59.704-0300] {dag.py:3089} INFO - Sync 1 DAGs
[2024-09-17T06:38:59.731-0300] {logging_mixin.py:188} INFO - [2024-09-17T06:38:59.731-0300] {dag.py:3947} INFO - Setting next_dagrun for example_time_delta_sensor_async to None, run_after=None
[2024-09-17T06:38:59.781-0300] {processor.py:183} INFO - Processing /home/jezandre/airflow/airflow_env/lib/python3.11/site-packages/airflow/example_dags/example_time_delta_sensor_async.py took 0.151 seconds
[2024-09-17T06:39:30.349-0300] {processor.py:161} INFO - Started process (PID=26278) to work on /home/jezandre/airflow/airflow_env/lib/python3.11/site-packages/airflow/example_dags/example_time_delta_sensor_async.py
[2024-09-17T06:39:30.351-0300] {processor.py:830} INFO - Processing file /home/jezandre/airflow/airflow_env/lib/python3.11/site-packages/airflow/example_dags/example_time_delta_sensor_async.py for tasks to queue
[2024-09-17T06:39:30.352-0300] {logging_mixin.py:188} INFO - [2024-09-17T06:39:30.352-0300] {dagbag.py:545} INFO - Filling up the DagBag from /home/jezandre/airflow/airflow_env/lib/python3.11/site-packages/airflow/example_dags/example_time_delta_sensor_async.py
[2024-09-17T06:39:30.356-0300] {processor.py:840} INFO - DAG(s) 'example_time_delta_sensor_async' retrieved from /home/jezandre/airflow/airflow_env/lib/python3.11/site-packages/airflow/example_dags/example_time_delta_sensor_async.py
[2024-09-17T06:39:30.386-0300] {logging_mixin.py:188} INFO - [2024-09-17T06:39:30.386-0300] {dag.py:3089} INFO - Sync 1 DAGs
[2024-09-17T06:39:30.401-0300] {logging_mixin.py:188} INFO - [2024-09-17T06:39:30.401-0300] {dag.py:3947} INFO - Setting next_dagrun for example_time_delta_sensor_async to None, run_after=None
[2024-09-17T06:39:30.428-0300] {processor.py:183} INFO - Processing /home/jezandre/airflow/airflow_env/lib/python3.11/site-packages/airflow/example_dags/example_time_delta_sensor_async.py took 0.089 seconds
[2024-09-17T06:40:00.988-0300] {processor.py:161} INFO - Started process (PID=26544) to work on /home/jezandre/airflow/airflow_env/lib/python3.11/site-packages/airflow/example_dags/example_time_delta_sensor_async.py
[2024-09-17T06:40:00.992-0300] {processor.py:830} INFO - Processing file /home/jezandre/airflow/airflow_env/lib/python3.11/site-packages/airflow/example_dags/example_time_delta_sensor_async.py for tasks to queue
[2024-09-17T06:40:00.995-0300] {logging_mixin.py:188} INFO - [2024-09-17T06:40:00.994-0300] {dagbag.py:545} INFO - Filling up the DagBag from /home/jezandre/airflow/airflow_env/lib/python3.11/site-packages/airflow/example_dags/example_time_delta_sensor_async.py
[2024-09-17T06:40:00.999-0300] {processor.py:840} INFO - DAG(s) 'example_time_delta_sensor_async' retrieved from /home/jezandre/airflow/airflow_env/lib/python3.11/site-packages/airflow/example_dags/example_time_delta_sensor_async.py
[2024-09-17T06:40:01.028-0300] {logging_mixin.py:188} INFO - [2024-09-17T06:40:01.027-0300] {dag.py:3089} INFO - Sync 1 DAGs
[2024-09-17T06:40:01.044-0300] {logging_mixin.py:188} INFO - [2024-09-17T06:40:01.044-0300] {dag.py:3947} INFO - Setting next_dagrun for example_time_delta_sensor_async to None, run_after=None
[2024-09-17T06:40:01.071-0300] {processor.py:183} INFO - Processing /home/jezandre/airflow/airflow_env/lib/python3.11/site-packages/airflow/example_dags/example_time_delta_sensor_async.py took 0.094 seconds
[2024-09-17T06:40:31.559-0300] {processor.py:161} INFO - Started process (PID=26894) to work on /home/jezandre/airflow/airflow_env/lib/python3.11/site-packages/airflow/example_dags/example_time_delta_sensor_async.py
[2024-09-17T06:40:31.563-0300] {processor.py:830} INFO - Processing file /home/jezandre/airflow/airflow_env/lib/python3.11/site-packages/airflow/example_dags/example_time_delta_sensor_async.py for tasks to queue
[2024-09-17T06:40:31.565-0300] {logging_mixin.py:188} INFO - [2024-09-17T06:40:31.565-0300] {dagbag.py:545} INFO - Filling up the DagBag from /home/jezandre/airflow/airflow_env/lib/python3.11/site-packages/airflow/example_dags/example_time_delta_sensor_async.py
[2024-09-17T06:40:31.570-0300] {processor.py:840} INFO - DAG(s) 'example_time_delta_sensor_async' retrieved from /home/jezandre/airflow/airflow_env/lib/python3.11/site-packages/airflow/example_dags/example_time_delta_sensor_async.py
[2024-09-17T06:40:31.599-0300] {logging_mixin.py:188} INFO - [2024-09-17T06:40:31.598-0300] {dag.py:3089} INFO - Sync 1 DAGs
[2024-09-17T06:40:31.611-0300] {logging_mixin.py:188} INFO - [2024-09-17T06:40:31.611-0300] {dag.py:3947} INFO - Setting next_dagrun for example_time_delta_sensor_async to None, run_after=None
[2024-09-17T06:40:31.636-0300] {processor.py:183} INFO - Processing /home/jezandre/airflow/airflow_env/lib/python3.11/site-packages/airflow/example_dags/example_time_delta_sensor_async.py took 0.087 seconds
[2024-09-17T06:41:02.049-0300] {processor.py:161} INFO - Started process (PID=27260) to work on /home/jezandre/airflow/airflow_env/lib/python3.11/site-packages/airflow/example_dags/example_time_delta_sensor_async.py
[2024-09-17T06:41:02.051-0300] {processor.py:830} INFO - Processing file /home/jezandre/airflow/airflow_env/lib/python3.11/site-packages/airflow/example_dags/example_time_delta_sensor_async.py for tasks to queue
[2024-09-17T06:41:02.053-0300] {logging_mixin.py:188} INFO - [2024-09-17T06:41:02.053-0300] {dagbag.py:545} INFO - Filling up the DagBag from /home/jezandre/airflow/airflow_env/lib/python3.11/site-packages/airflow/example_dags/example_time_delta_sensor_async.py
[2024-09-17T06:41:02.058-0300] {processor.py:840} INFO - DAG(s) 'example_time_delta_sensor_async' retrieved from /home/jezandre/airflow/airflow_env/lib/python3.11/site-packages/airflow/example_dags/example_time_delta_sensor_async.py
[2024-09-17T06:41:02.090-0300] {logging_mixin.py:188} INFO - [2024-09-17T06:41:02.089-0300] {dag.py:3089} INFO - Sync 1 DAGs
[2024-09-17T06:41:02.107-0300] {logging_mixin.py:188} INFO - [2024-09-17T06:41:02.107-0300] {dag.py:3947} INFO - Setting next_dagrun for example_time_delta_sensor_async to None, run_after=None
[2024-09-17T06:41:02.136-0300] {processor.py:183} INFO - Processing /home/jezandre/airflow/airflow_env/lib/python3.11/site-packages/airflow/example_dags/example_time_delta_sensor_async.py took 0.097 seconds
[2024-09-17T06:41:32.623-0300] {processor.py:161} INFO - Started process (PID=27593) to work on /home/jezandre/airflow/airflow_env/lib/python3.11/site-packages/airflow/example_dags/example_time_delta_sensor_async.py
[2024-09-17T06:41:32.625-0300] {processor.py:830} INFO - Processing file /home/jezandre/airflow/airflow_env/lib/python3.11/site-packages/airflow/example_dags/example_time_delta_sensor_async.py for tasks to queue
[2024-09-17T06:41:32.627-0300] {logging_mixin.py:188} INFO - [2024-09-17T06:41:32.626-0300] {dagbag.py:545} INFO - Filling up the DagBag from /home/jezandre/airflow/airflow_env/lib/python3.11/site-packages/airflow/example_dags/example_time_delta_sensor_async.py
[2024-09-17T06:41:32.633-0300] {processor.py:840} INFO - DAG(s) 'example_time_delta_sensor_async' retrieved from /home/jezandre/airflow/airflow_env/lib/python3.11/site-packages/airflow/example_dags/example_time_delta_sensor_async.py
[2024-09-17T06:41:32.662-0300] {logging_mixin.py:188} INFO - [2024-09-17T06:41:32.662-0300] {dag.py:3089} INFO - Sync 1 DAGs
[2024-09-17T06:41:32.678-0300] {logging_mixin.py:188} INFO - [2024-09-17T06:41:32.678-0300] {dag.py:3947} INFO - Setting next_dagrun for example_time_delta_sensor_async to None, run_after=None
[2024-09-17T06:41:32.710-0300] {processor.py:183} INFO - Processing /home/jezandre/airflow/airflow_env/lib/python3.11/site-packages/airflow/example_dags/example_time_delta_sensor_async.py took 0.097 seconds
[2024-09-17T06:42:02.998-0300] {processor.py:161} INFO - Started process (PID=27839) to work on /home/jezandre/airflow/airflow_env/lib/python3.11/site-packages/airflow/example_dags/example_time_delta_sensor_async.py
[2024-09-17T06:42:02.999-0300] {processor.py:830} INFO - Processing file /home/jezandre/airflow/airflow_env/lib/python3.11/site-packages/airflow/example_dags/example_time_delta_sensor_async.py for tasks to queue
[2024-09-17T06:42:03.001-0300] {logging_mixin.py:188} INFO - [2024-09-17T06:42:03.000-0300] {dagbag.py:545} INFO - Filling up the DagBag from /home/jezandre/airflow/airflow_env/lib/python3.11/site-packages/airflow/example_dags/example_time_delta_sensor_async.py
[2024-09-17T06:42:03.008-0300] {processor.py:840} INFO - DAG(s) 'example_time_delta_sensor_async' retrieved from /home/jezandre/airflow/airflow_env/lib/python3.11/site-packages/airflow/example_dags/example_time_delta_sensor_async.py
[2024-09-17T06:42:03.050-0300] {logging_mixin.py:188} INFO - [2024-09-17T06:42:03.049-0300] {dag.py:3089} INFO - Sync 1 DAGs
[2024-09-17T06:42:03.072-0300] {logging_mixin.py:188} INFO - [2024-09-17T06:42:03.071-0300] {dag.py:3947} INFO - Setting next_dagrun for example_time_delta_sensor_async to None, run_after=None
[2024-09-17T06:42:03.102-0300] {processor.py:183} INFO - Processing /home/jezandre/airflow/airflow_env/lib/python3.11/site-packages/airflow/example_dags/example_time_delta_sensor_async.py took 0.118 seconds
[2024-09-17T06:42:33.224-0300] {processor.py:161} INFO - Started process (PID=28040) to work on /home/jezandre/airflow/airflow_env/lib/python3.11/site-packages/airflow/example_dags/example_time_delta_sensor_async.py
[2024-09-17T06:42:33.225-0300] {processor.py:830} INFO - Processing file /home/jezandre/airflow/airflow_env/lib/python3.11/site-packages/airflow/example_dags/example_time_delta_sensor_async.py for tasks to queue
[2024-09-17T06:42:33.226-0300] {logging_mixin.py:188} INFO - [2024-09-17T06:42:33.226-0300] {dagbag.py:545} INFO - Filling up the DagBag from /home/jezandre/airflow/airflow_env/lib/python3.11/site-packages/airflow/example_dags/example_time_delta_sensor_async.py
[2024-09-17T06:42:33.231-0300] {processor.py:840} INFO - DAG(s) 'example_time_delta_sensor_async' retrieved from /home/jezandre/airflow/airflow_env/lib/python3.11/site-packages/airflow/example_dags/example_time_delta_sensor_async.py
[2024-09-17T06:42:33.376-0300] {logging_mixin.py:188} INFO - [2024-09-17T06:42:33.376-0300] {dag.py:3089} INFO - Sync 1 DAGs
[2024-09-17T06:42:33.391-0300] {logging_mixin.py:188} INFO - [2024-09-17T06:42:33.391-0300] {dag.py:3947} INFO - Setting next_dagrun for example_time_delta_sensor_async to None, run_after=None
[2024-09-17T06:42:33.425-0300] {processor.py:183} INFO - Processing /home/jezandre/airflow/airflow_env/lib/python3.11/site-packages/airflow/example_dags/example_time_delta_sensor_async.py took 0.213 seconds
[2024-09-17T06:43:03.465-0300] {processor.py:161} INFO - Started process (PID=28798) to work on /home/jezandre/airflow/airflow_env/lib/python3.11/site-packages/airflow/example_dags/example_time_delta_sensor_async.py
[2024-09-17T06:43:03.466-0300] {processor.py:830} INFO - Processing file /home/jezandre/airflow/airflow_env/lib/python3.11/site-packages/airflow/example_dags/example_time_delta_sensor_async.py for tasks to queue
[2024-09-17T06:43:03.469-0300] {logging_mixin.py:188} INFO - [2024-09-17T06:43:03.468-0300] {dagbag.py:545} INFO - Filling up the DagBag from /home/jezandre/airflow/airflow_env/lib/python3.11/site-packages/airflow/example_dags/example_time_delta_sensor_async.py
[2024-09-17T06:43:03.474-0300] {processor.py:840} INFO - DAG(s) 'example_time_delta_sensor_async' retrieved from /home/jezandre/airflow/airflow_env/lib/python3.11/site-packages/airflow/example_dags/example_time_delta_sensor_async.py
[2024-09-17T06:43:03.506-0300] {logging_mixin.py:188} INFO - [2024-09-17T06:43:03.506-0300] {dag.py:3089} INFO - Sync 1 DAGs
[2024-09-17T06:43:03.525-0300] {logging_mixin.py:188} INFO - [2024-09-17T06:43:03.524-0300] {dag.py:3947} INFO - Setting next_dagrun for example_time_delta_sensor_async to None, run_after=None
[2024-09-17T06:43:03.570-0300] {processor.py:183} INFO - Processing /home/jezandre/airflow/airflow_env/lib/python3.11/site-packages/airflow/example_dags/example_time_delta_sensor_async.py took 0.117 seconds
[2024-09-17T06:43:34.347-0300] {processor.py:161} INFO - Started process (PID=29093) to work on /home/jezandre/airflow/airflow_env/lib/python3.11/site-packages/airflow/example_dags/example_time_delta_sensor_async.py
[2024-09-17T06:43:34.347-0300] {processor.py:830} INFO - Processing file /home/jezandre/airflow/airflow_env/lib/python3.11/site-packages/airflow/example_dags/example_time_delta_sensor_async.py for tasks to queue
[2024-09-17T06:43:34.349-0300] {logging_mixin.py:188} INFO - [2024-09-17T06:43:34.349-0300] {dagbag.py:545} INFO - Filling up the DagBag from /home/jezandre/airflow/airflow_env/lib/python3.11/site-packages/airflow/example_dags/example_time_delta_sensor_async.py
[2024-09-17T06:43:34.353-0300] {processor.py:840} INFO - DAG(s) 'example_time_delta_sensor_async' retrieved from /home/jezandre/airflow/airflow_env/lib/python3.11/site-packages/airflow/example_dags/example_time_delta_sensor_async.py
[2024-09-17T06:43:34.384-0300] {logging_mixin.py:188} INFO - [2024-09-17T06:43:34.383-0300] {dag.py:3089} INFO - Sync 1 DAGs
[2024-09-17T06:43:34.401-0300] {logging_mixin.py:188} INFO - [2024-09-17T06:43:34.401-0300] {dag.py:3947} INFO - Setting next_dagrun for example_time_delta_sensor_async to None, run_after=None
[2024-09-17T06:43:34.430-0300] {processor.py:183} INFO - Processing /home/jezandre/airflow/airflow_env/lib/python3.11/site-packages/airflow/example_dags/example_time_delta_sensor_async.py took 0.093 seconds
[2024-09-17T06:44:05.199-0300] {processor.py:161} INFO - Started process (PID=29326) to work on /home/jezandre/airflow/airflow_env/lib/python3.11/site-packages/airflow/example_dags/example_time_delta_sensor_async.py
[2024-09-17T06:44:05.201-0300] {processor.py:830} INFO - Processing file /home/jezandre/airflow/airflow_env/lib/python3.11/site-packages/airflow/example_dags/example_time_delta_sensor_async.py for tasks to queue
[2024-09-17T06:44:05.204-0300] {logging_mixin.py:188} INFO - [2024-09-17T06:44:05.203-0300] {dagbag.py:545} INFO - Filling up the DagBag from /home/jezandre/airflow/airflow_env/lib/python3.11/site-packages/airflow/example_dags/example_time_delta_sensor_async.py
[2024-09-17T06:44:05.214-0300] {processor.py:840} INFO - DAG(s) 'example_time_delta_sensor_async' retrieved from /home/jezandre/airflow/airflow_env/lib/python3.11/site-packages/airflow/example_dags/example_time_delta_sensor_async.py
[2024-09-17T06:44:05.252-0300] {logging_mixin.py:188} INFO - [2024-09-17T06:44:05.252-0300] {dag.py:3089} INFO - Sync 1 DAGs
[2024-09-17T06:44:05.275-0300] {logging_mixin.py:188} INFO - [2024-09-17T06:44:05.275-0300] {dag.py:3947} INFO - Setting next_dagrun for example_time_delta_sensor_async to None, run_after=None
[2024-09-17T06:44:05.316-0300] {processor.py:183} INFO - Processing /home/jezandre/airflow/airflow_env/lib/python3.11/site-packages/airflow/example_dags/example_time_delta_sensor_async.py took 0.136 seconds
[2024-09-17T06:44:35.712-0300] {processor.py:161} INFO - Started process (PID=29514) to work on /home/jezandre/airflow/airflow_env/lib/python3.11/site-packages/airflow/example_dags/example_time_delta_sensor_async.py
[2024-09-17T06:44:35.712-0300] {processor.py:830} INFO - Processing file /home/jezandre/airflow/airflow_env/lib/python3.11/site-packages/airflow/example_dags/example_time_delta_sensor_async.py for tasks to queue
[2024-09-17T06:44:35.714-0300] {logging_mixin.py:188} INFO - [2024-09-17T06:44:35.713-0300] {dagbag.py:545} INFO - Filling up the DagBag from /home/jezandre/airflow/airflow_env/lib/python3.11/site-packages/airflow/example_dags/example_time_delta_sensor_async.py
[2024-09-17T06:44:35.717-0300] {processor.py:840} INFO - DAG(s) 'example_time_delta_sensor_async' retrieved from /home/jezandre/airflow/airflow_env/lib/python3.11/site-packages/airflow/example_dags/example_time_delta_sensor_async.py
[2024-09-17T06:44:35.749-0300] {logging_mixin.py:188} INFO - [2024-09-17T06:44:35.749-0300] {dag.py:3089} INFO - Sync 1 DAGs
[2024-09-17T06:44:35.766-0300] {logging_mixin.py:188} INFO - [2024-09-17T06:44:35.766-0300] {dag.py:3947} INFO - Setting next_dagrun for example_time_delta_sensor_async to None, run_after=None
[2024-09-17T06:44:35.793-0300] {processor.py:183} INFO - Processing /home/jezandre/airflow/airflow_env/lib/python3.11/site-packages/airflow/example_dags/example_time_delta_sensor_async.py took 0.090 seconds
[2024-09-17T06:45:06.537-0300] {processor.py:161} INFO - Started process (PID=29844) to work on /home/jezandre/airflow/airflow_env/lib/python3.11/site-packages/airflow/example_dags/example_time_delta_sensor_async.py
[2024-09-17T06:45:06.540-0300] {processor.py:830} INFO - Processing file /home/jezandre/airflow/airflow_env/lib/python3.11/site-packages/airflow/example_dags/example_time_delta_sensor_async.py for tasks to queue
[2024-09-17T06:45:06.542-0300] {logging_mixin.py:188} INFO - [2024-09-17T06:45:06.542-0300] {dagbag.py:545} INFO - Filling up the DagBag from /home/jezandre/airflow/airflow_env/lib/python3.11/site-packages/airflow/example_dags/example_time_delta_sensor_async.py
[2024-09-17T06:45:06.547-0300] {processor.py:840} INFO - DAG(s) 'example_time_delta_sensor_async' retrieved from /home/jezandre/airflow/airflow_env/lib/python3.11/site-packages/airflow/example_dags/example_time_delta_sensor_async.py
[2024-09-17T06:45:06.580-0300] {logging_mixin.py:188} INFO - [2024-09-17T06:45:06.580-0300] {dag.py:3089} INFO - Sync 1 DAGs
[2024-09-17T06:45:06.602-0300] {logging_mixin.py:188} INFO - [2024-09-17T06:45:06.602-0300] {dag.py:3947} INFO - Setting next_dagrun for example_time_delta_sensor_async to None, run_after=None
[2024-09-17T06:45:06.635-0300] {processor.py:183} INFO - Processing /home/jezandre/airflow/airflow_env/lib/python3.11/site-packages/airflow/example_dags/example_time_delta_sensor_async.py took 0.112 seconds
[2024-09-17T06:45:36.915-0300] {processor.py:161} INFO - Started process (PID=30143) to work on /home/jezandre/airflow/airflow_env/lib/python3.11/site-packages/airflow/example_dags/example_time_delta_sensor_async.py
[2024-09-17T06:45:36.916-0300] {processor.py:830} INFO - Processing file /home/jezandre/airflow/airflow_env/lib/python3.11/site-packages/airflow/example_dags/example_time_delta_sensor_async.py for tasks to queue
[2024-09-17T06:45:36.918-0300] {logging_mixin.py:188} INFO - [2024-09-17T06:45:36.918-0300] {dagbag.py:545} INFO - Filling up the DagBag from /home/jezandre/airflow/airflow_env/lib/python3.11/site-packages/airflow/example_dags/example_time_delta_sensor_async.py
[2024-09-17T06:45:36.922-0300] {processor.py:840} INFO - DAG(s) 'example_time_delta_sensor_async' retrieved from /home/jezandre/airflow/airflow_env/lib/python3.11/site-packages/airflow/example_dags/example_time_delta_sensor_async.py
[2024-09-17T06:45:36.947-0300] {logging_mixin.py:188} INFO - [2024-09-17T06:45:36.946-0300] {dag.py:3089} INFO - Sync 1 DAGs
[2024-09-17T06:45:36.963-0300] {logging_mixin.py:188} INFO - [2024-09-17T06:45:36.963-0300] {dag.py:3947} INFO - Setting next_dagrun for example_time_delta_sensor_async to None, run_after=None
[2024-09-17T06:45:36.990-0300] {processor.py:183} INFO - Processing /home/jezandre/airflow/airflow_env/lib/python3.11/site-packages/airflow/example_dags/example_time_delta_sensor_async.py took 0.083 seconds
[2024-09-17T06:46:07.927-0300] {processor.py:161} INFO - Started process (PID=30480) to work on /home/jezandre/airflow/airflow_env/lib/python3.11/site-packages/airflow/example_dags/example_time_delta_sensor_async.py
[2024-09-17T06:46:07.928-0300] {processor.py:830} INFO - Processing file /home/jezandre/airflow/airflow_env/lib/python3.11/site-packages/airflow/example_dags/example_time_delta_sensor_async.py for tasks to queue
[2024-09-17T06:46:07.931-0300] {logging_mixin.py:188} INFO - [2024-09-17T06:46:07.931-0300] {dagbag.py:545} INFO - Filling up the DagBag from /home/jezandre/airflow/airflow_env/lib/python3.11/site-packages/airflow/example_dags/example_time_delta_sensor_async.py
[2024-09-17T06:46:07.935-0300] {processor.py:840} INFO - DAG(s) 'example_time_delta_sensor_async' retrieved from /home/jezandre/airflow/airflow_env/lib/python3.11/site-packages/airflow/example_dags/example_time_delta_sensor_async.py
[2024-09-17T06:46:07.963-0300] {logging_mixin.py:188} INFO - [2024-09-17T06:46:07.963-0300] {dag.py:3089} INFO - Sync 1 DAGs
[2024-09-17T06:46:07.977-0300] {logging_mixin.py:188} INFO - [2024-09-17T06:46:07.977-0300] {dag.py:3947} INFO - Setting next_dagrun for example_time_delta_sensor_async to None, run_after=None
[2024-09-17T06:46:08.001-0300] {processor.py:183} INFO - Processing /home/jezandre/airflow/airflow_env/lib/python3.11/site-packages/airflow/example_dags/example_time_delta_sensor_async.py took 0.081 seconds
[2024-09-17T06:46:38.873-0300] {processor.py:161} INFO - Started process (PID=30782) to work on /home/jezandre/airflow/airflow_env/lib/python3.11/site-packages/airflow/example_dags/example_time_delta_sensor_async.py
[2024-09-17T06:46:38.874-0300] {processor.py:830} INFO - Processing file /home/jezandre/airflow/airflow_env/lib/python3.11/site-packages/airflow/example_dags/example_time_delta_sensor_async.py for tasks to queue
[2024-09-17T06:46:38.878-0300] {logging_mixin.py:188} INFO - [2024-09-17T06:46:38.877-0300] {dagbag.py:545} INFO - Filling up the DagBag from /home/jezandre/airflow/airflow_env/lib/python3.11/site-packages/airflow/example_dags/example_time_delta_sensor_async.py
[2024-09-17T06:46:38.886-0300] {processor.py:840} INFO - DAG(s) 'example_time_delta_sensor_async' retrieved from /home/jezandre/airflow/airflow_env/lib/python3.11/site-packages/airflow/example_dags/example_time_delta_sensor_async.py
[2024-09-17T06:46:38.927-0300] {logging_mixin.py:188} INFO - [2024-09-17T06:46:38.927-0300] {dag.py:3089} INFO - Sync 1 DAGs
[2024-09-17T06:46:38.949-0300] {logging_mixin.py:188} INFO - [2024-09-17T06:46:38.949-0300] {dag.py:3947} INFO - Setting next_dagrun for example_time_delta_sensor_async to None, run_after=None
[2024-09-17T06:46:38.979-0300] {processor.py:183} INFO - Processing /home/jezandre/airflow/airflow_env/lib/python3.11/site-packages/airflow/example_dags/example_time_delta_sensor_async.py took 0.122 seconds
[2024-09-17T06:47:09.423-0300] {processor.py:161} INFO - Started process (PID=31079) to work on /home/jezandre/airflow/airflow_env/lib/python3.11/site-packages/airflow/example_dags/example_time_delta_sensor_async.py
[2024-09-17T06:47:09.424-0300] {processor.py:830} INFO - Processing file /home/jezandre/airflow/airflow_env/lib/python3.11/site-packages/airflow/example_dags/example_time_delta_sensor_async.py for tasks to queue
[2024-09-17T06:47:09.426-0300] {logging_mixin.py:188} INFO - [2024-09-17T06:47:09.426-0300] {dagbag.py:545} INFO - Filling up the DagBag from /home/jezandre/airflow/airflow_env/lib/python3.11/site-packages/airflow/example_dags/example_time_delta_sensor_async.py
[2024-09-17T06:47:09.430-0300] {processor.py:840} INFO - DAG(s) 'example_time_delta_sensor_async' retrieved from /home/jezandre/airflow/airflow_env/lib/python3.11/site-packages/airflow/example_dags/example_time_delta_sensor_async.py
[2024-09-17T06:47:09.555-0300] {logging_mixin.py:188} INFO - [2024-09-17T06:47:09.555-0300] {dag.py:3089} INFO - Sync 1 DAGs
[2024-09-17T06:47:09.572-0300] {logging_mixin.py:188} INFO - [2024-09-17T06:47:09.572-0300] {dag.py:3947} INFO - Setting next_dagrun for example_time_delta_sensor_async to None, run_after=None
[2024-09-17T06:47:09.613-0300] {processor.py:183} INFO - Processing /home/jezandre/airflow/airflow_env/lib/python3.11/site-packages/airflow/example_dags/example_time_delta_sensor_async.py took 0.201 seconds
[2024-09-17T06:47:40.023-0300] {processor.py:161} INFO - Started process (PID=31308) to work on /home/jezandre/airflow/airflow_env/lib/python3.11/site-packages/airflow/example_dags/example_time_delta_sensor_async.py
[2024-09-17T06:47:40.024-0300] {processor.py:830} INFO - Processing file /home/jezandre/airflow/airflow_env/lib/python3.11/site-packages/airflow/example_dags/example_time_delta_sensor_async.py for tasks to queue
[2024-09-17T06:47:40.026-0300] {logging_mixin.py:188} INFO - [2024-09-17T06:47:40.026-0300] {dagbag.py:545} INFO - Filling up the DagBag from /home/jezandre/airflow/airflow_env/lib/python3.11/site-packages/airflow/example_dags/example_time_delta_sensor_async.py
[2024-09-17T06:47:40.031-0300] {processor.py:840} INFO - DAG(s) 'example_time_delta_sensor_async' retrieved from /home/jezandre/airflow/airflow_env/lib/python3.11/site-packages/airflow/example_dags/example_time_delta_sensor_async.py
[2024-09-17T06:47:40.066-0300] {logging_mixin.py:188} INFO - [2024-09-17T06:47:40.065-0300] {dag.py:3089} INFO - Sync 1 DAGs
[2024-09-17T06:47:40.088-0300] {logging_mixin.py:188} INFO - [2024-09-17T06:47:40.087-0300] {dag.py:3947} INFO - Setting next_dagrun for example_time_delta_sensor_async to None, run_after=None
[2024-09-17T06:47:40.122-0300] {processor.py:183} INFO - Processing /home/jezandre/airflow/airflow_env/lib/python3.11/site-packages/airflow/example_dags/example_time_delta_sensor_async.py took 0.110 seconds
[2024-09-17T06:48:10.523-0300] {processor.py:161} INFO - Started process (PID=31562) to work on /home/jezandre/airflow/airflow_env/lib/python3.11/site-packages/airflow/example_dags/example_time_delta_sensor_async.py
[2024-09-17T06:48:10.525-0300] {processor.py:830} INFO - Processing file /home/jezandre/airflow/airflow_env/lib/python3.11/site-packages/airflow/example_dags/example_time_delta_sensor_async.py for tasks to queue
[2024-09-17T06:48:10.527-0300] {logging_mixin.py:188} INFO - [2024-09-17T06:48:10.527-0300] {dagbag.py:545} INFO - Filling up the DagBag from /home/jezandre/airflow/airflow_env/lib/python3.11/site-packages/airflow/example_dags/example_time_delta_sensor_async.py
[2024-09-17T06:48:10.534-0300] {processor.py:840} INFO - DAG(s) 'example_time_delta_sensor_async' retrieved from /home/jezandre/airflow/airflow_env/lib/python3.11/site-packages/airflow/example_dags/example_time_delta_sensor_async.py
[2024-09-17T06:48:10.564-0300] {logging_mixin.py:188} INFO - [2024-09-17T06:48:10.564-0300] {dag.py:3089} INFO - Sync 1 DAGs
[2024-09-17T06:48:10.580-0300] {logging_mixin.py:188} INFO - [2024-09-17T06:48:10.580-0300] {dag.py:3947} INFO - Setting next_dagrun for example_time_delta_sensor_async to None, run_after=None
[2024-09-17T06:48:10.608-0300] {processor.py:183} INFO - Processing /home/jezandre/airflow/airflow_env/lib/python3.11/site-packages/airflow/example_dags/example_time_delta_sensor_async.py took 0.094 seconds
[2024-09-17T06:48:41.273-0300] {processor.py:161} INFO - Started process (PID=31829) to work on /home/jezandre/airflow/airflow_env/lib/python3.11/site-packages/airflow/example_dags/example_time_delta_sensor_async.py
[2024-09-17T06:48:41.276-0300] {processor.py:830} INFO - Processing file /home/jezandre/airflow/airflow_env/lib/python3.11/site-packages/airflow/example_dags/example_time_delta_sensor_async.py for tasks to queue
[2024-09-17T06:48:41.280-0300] {logging_mixin.py:188} INFO - [2024-09-17T06:48:41.279-0300] {dagbag.py:545} INFO - Filling up the DagBag from /home/jezandre/airflow/airflow_env/lib/python3.11/site-packages/airflow/example_dags/example_time_delta_sensor_async.py
[2024-09-17T06:48:41.287-0300] {processor.py:840} INFO - DAG(s) 'example_time_delta_sensor_async' retrieved from /home/jezandre/airflow/airflow_env/lib/python3.11/site-packages/airflow/example_dags/example_time_delta_sensor_async.py
[2024-09-17T06:48:41.330-0300] {logging_mixin.py:188} INFO - [2024-09-17T06:48:41.329-0300] {dag.py:3089} INFO - Sync 1 DAGs
[2024-09-17T06:48:41.353-0300] {logging_mixin.py:188} INFO - [2024-09-17T06:48:41.353-0300] {dag.py:3947} INFO - Setting next_dagrun for example_time_delta_sensor_async to None, run_after=None
[2024-09-17T06:48:41.390-0300] {processor.py:183} INFO - Processing /home/jezandre/airflow/airflow_env/lib/python3.11/site-packages/airflow/example_dags/example_time_delta_sensor_async.py took 0.130 seconds
[2024-09-17T06:49:12.245-0300] {processor.py:161} INFO - Started process (PID=32038) to work on /home/jezandre/airflow/airflow_env/lib/python3.11/site-packages/airflow/example_dags/example_time_delta_sensor_async.py
[2024-09-17T06:49:12.247-0300] {processor.py:830} INFO - Processing file /home/jezandre/airflow/airflow_env/lib/python3.11/site-packages/airflow/example_dags/example_time_delta_sensor_async.py for tasks to queue
[2024-09-17T06:49:12.249-0300] {logging_mixin.py:188} INFO - [2024-09-17T06:49:12.249-0300] {dagbag.py:545} INFO - Filling up the DagBag from /home/jezandre/airflow/airflow_env/lib/python3.11/site-packages/airflow/example_dags/example_time_delta_sensor_async.py
[2024-09-17T06:49:12.255-0300] {processor.py:840} INFO - DAG(s) 'example_time_delta_sensor_async' retrieved from /home/jezandre/airflow/airflow_env/lib/python3.11/site-packages/airflow/example_dags/example_time_delta_sensor_async.py
[2024-09-17T06:49:12.291-0300] {logging_mixin.py:188} INFO - [2024-09-17T06:49:12.291-0300] {dag.py:3089} INFO - Sync 1 DAGs
[2024-09-17T06:49:12.306-0300] {logging_mixin.py:188} INFO - [2024-09-17T06:49:12.306-0300] {dag.py:3947} INFO - Setting next_dagrun for example_time_delta_sensor_async to None, run_after=None
[2024-09-17T06:49:12.334-0300] {processor.py:183} INFO - Processing /home/jezandre/airflow/airflow_env/lib/python3.11/site-packages/airflow/example_dags/example_time_delta_sensor_async.py took 0.097 seconds
[2024-09-17T06:49:43.124-0300] {processor.py:161} INFO - Started process (PID=32350) to work on /home/jezandre/airflow/airflow_env/lib/python3.11/site-packages/airflow/example_dags/example_time_delta_sensor_async.py
[2024-09-17T06:49:43.126-0300] {processor.py:830} INFO - Processing file /home/jezandre/airflow/airflow_env/lib/python3.11/site-packages/airflow/example_dags/example_time_delta_sensor_async.py for tasks to queue
[2024-09-17T06:49:43.128-0300] {logging_mixin.py:188} INFO - [2024-09-17T06:49:43.127-0300] {dagbag.py:545} INFO - Filling up the DagBag from /home/jezandre/airflow/airflow_env/lib/python3.11/site-packages/airflow/example_dags/example_time_delta_sensor_async.py
[2024-09-17T06:49:43.132-0300] {processor.py:840} INFO - DAG(s) 'example_time_delta_sensor_async' retrieved from /home/jezandre/airflow/airflow_env/lib/python3.11/site-packages/airflow/example_dags/example_time_delta_sensor_async.py
[2024-09-17T06:49:43.161-0300] {logging_mixin.py:188} INFO - [2024-09-17T06:49:43.161-0300] {dag.py:3089} INFO - Sync 1 DAGs
[2024-09-17T06:49:43.176-0300] {logging_mixin.py:188} INFO - [2024-09-17T06:49:43.176-0300] {dag.py:3947} INFO - Setting next_dagrun for example_time_delta_sensor_async to None, run_after=None
[2024-09-17T06:49:43.218-0300] {processor.py:183} INFO - Processing /home/jezandre/airflow/airflow_env/lib/python3.11/site-packages/airflow/example_dags/example_time_delta_sensor_async.py took 0.102 seconds
[2024-09-17T06:50:13.834-0300] {processor.py:161} INFO - Started process (PID=32603) to work on /home/jezandre/airflow/airflow_env/lib/python3.11/site-packages/airflow/example_dags/example_time_delta_sensor_async.py
[2024-09-17T06:50:13.836-0300] {processor.py:830} INFO - Processing file /home/jezandre/airflow/airflow_env/lib/python3.11/site-packages/airflow/example_dags/example_time_delta_sensor_async.py for tasks to queue
[2024-09-17T06:50:13.839-0300] {logging_mixin.py:188} INFO - [2024-09-17T06:50:13.839-0300] {dagbag.py:545} INFO - Filling up the DagBag from /home/jezandre/airflow/airflow_env/lib/python3.11/site-packages/airflow/example_dags/example_time_delta_sensor_async.py
[2024-09-17T06:50:13.844-0300] {processor.py:840} INFO - DAG(s) 'example_time_delta_sensor_async' retrieved from /home/jezandre/airflow/airflow_env/lib/python3.11/site-packages/airflow/example_dags/example_time_delta_sensor_async.py
[2024-09-17T06:50:13.878-0300] {logging_mixin.py:188} INFO - [2024-09-17T06:50:13.877-0300] {dag.py:3089} INFO - Sync 1 DAGs
[2024-09-17T06:50:13.895-0300] {logging_mixin.py:188} INFO - [2024-09-17T06:50:13.894-0300] {dag.py:3947} INFO - Setting next_dagrun for example_time_delta_sensor_async to None, run_after=None
[2024-09-17T06:50:13.924-0300] {processor.py:183} INFO - Processing /home/jezandre/airflow/airflow_env/lib/python3.11/site-packages/airflow/example_dags/example_time_delta_sensor_async.py took 0.100 seconds
[2024-09-17T06:50:44.544-0300] {processor.py:161} INFO - Started process (PID=32875) to work on /home/jezandre/airflow/airflow_env/lib/python3.11/site-packages/airflow/example_dags/example_time_delta_sensor_async.py
[2024-09-17T06:50:44.545-0300] {processor.py:830} INFO - Processing file /home/jezandre/airflow/airflow_env/lib/python3.11/site-packages/airflow/example_dags/example_time_delta_sensor_async.py for tasks to queue
[2024-09-17T06:50:44.546-0300] {logging_mixin.py:188} INFO - [2024-09-17T06:50:44.546-0300] {dagbag.py:545} INFO - Filling up the DagBag from /home/jezandre/airflow/airflow_env/lib/python3.11/site-packages/airflow/example_dags/example_time_delta_sensor_async.py
[2024-09-17T06:50:44.550-0300] {processor.py:840} INFO - DAG(s) 'example_time_delta_sensor_async' retrieved from /home/jezandre/airflow/airflow_env/lib/python3.11/site-packages/airflow/example_dags/example_time_delta_sensor_async.py
[2024-09-17T06:50:44.577-0300] {logging_mixin.py:188} INFO - [2024-09-17T06:50:44.577-0300] {dag.py:3089} INFO - Sync 1 DAGs
[2024-09-17T06:50:44.594-0300] {logging_mixin.py:188} INFO - [2024-09-17T06:50:44.594-0300] {dag.py:3947} INFO - Setting next_dagrun for example_time_delta_sensor_async to None, run_after=None
[2024-09-17T06:50:44.622-0300] {processor.py:183} INFO - Processing /home/jezandre/airflow/airflow_env/lib/python3.11/site-packages/airflow/example_dags/example_time_delta_sensor_async.py took 0.087 seconds
[2024-09-17T06:51:14.880-0300] {processor.py:161} INFO - Started process (PID=33100) to work on /home/jezandre/airflow/airflow_env/lib/python3.11/site-packages/airflow/example_dags/example_time_delta_sensor_async.py
[2024-09-17T06:51:14.882-0300] {processor.py:830} INFO - Processing file /home/jezandre/airflow/airflow_env/lib/python3.11/site-packages/airflow/example_dags/example_time_delta_sensor_async.py for tasks to queue
[2024-09-17T06:51:14.883-0300] {logging_mixin.py:188} INFO - [2024-09-17T06:51:14.883-0300] {dagbag.py:545} INFO - Filling up the DagBag from /home/jezandre/airflow/airflow_env/lib/python3.11/site-packages/airflow/example_dags/example_time_delta_sensor_async.py
[2024-09-17T06:51:14.886-0300] {processor.py:840} INFO - DAG(s) 'example_time_delta_sensor_async' retrieved from /home/jezandre/airflow/airflow_env/lib/python3.11/site-packages/airflow/example_dags/example_time_delta_sensor_async.py
[2024-09-17T06:51:14.911-0300] {logging_mixin.py:188} INFO - [2024-09-17T06:51:14.911-0300] {dag.py:3089} INFO - Sync 1 DAGs
[2024-09-17T06:51:14.924-0300] {logging_mixin.py:188} INFO - [2024-09-17T06:51:14.924-0300] {dag.py:3947} INFO - Setting next_dagrun for example_time_delta_sensor_async to None, run_after=None
[2024-09-17T06:51:14.947-0300] {processor.py:183} INFO - Processing /home/jezandre/airflow/airflow_env/lib/python3.11/site-packages/airflow/example_dags/example_time_delta_sensor_async.py took 0.074 seconds
[2024-09-17T06:51:45.012-0300] {processor.py:161} INFO - Started process (PID=33640) to work on /home/jezandre/airflow/airflow_env/lib/python3.11/site-packages/airflow/example_dags/example_time_delta_sensor_async.py
[2024-09-17T06:51:45.013-0300] {processor.py:830} INFO - Processing file /home/jezandre/airflow/airflow_env/lib/python3.11/site-packages/airflow/example_dags/example_time_delta_sensor_async.py for tasks to queue
[2024-09-17T06:51:45.016-0300] {logging_mixin.py:188} INFO - [2024-09-17T06:51:45.015-0300] {dagbag.py:545} INFO - Filling up the DagBag from /home/jezandre/airflow/airflow_env/lib/python3.11/site-packages/airflow/example_dags/example_time_delta_sensor_async.py
[2024-09-17T06:51:45.022-0300] {processor.py:840} INFO - DAG(s) 'example_time_delta_sensor_async' retrieved from /home/jezandre/airflow/airflow_env/lib/python3.11/site-packages/airflow/example_dags/example_time_delta_sensor_async.py
[2024-09-17T06:51:45.053-0300] {logging_mixin.py:188} INFO - [2024-09-17T06:51:45.053-0300] {dag.py:3089} INFO - Sync 1 DAGs
[2024-09-17T06:51:45.070-0300] {logging_mixin.py:188} INFO - [2024-09-17T06:51:45.069-0300] {dag.py:3947} INFO - Setting next_dagrun for example_time_delta_sensor_async to None, run_after=None
[2024-09-17T06:51:45.095-0300] {processor.py:183} INFO - Processing /home/jezandre/airflow/airflow_env/lib/python3.11/site-packages/airflow/example_dags/example_time_delta_sensor_async.py took 0.095 seconds
[2024-09-17T06:52:15.315-0300] {processor.py:161} INFO - Started process (PID=34051) to work on /home/jezandre/airflow/airflow_env/lib/python3.11/site-packages/airflow/example_dags/example_time_delta_sensor_async.py
[2024-09-17T06:52:15.317-0300] {processor.py:830} INFO - Processing file /home/jezandre/airflow/airflow_env/lib/python3.11/site-packages/airflow/example_dags/example_time_delta_sensor_async.py for tasks to queue
[2024-09-17T06:52:15.319-0300] {logging_mixin.py:188} INFO - [2024-09-17T06:52:15.319-0300] {dagbag.py:545} INFO - Filling up the DagBag from /home/jezandre/airflow/airflow_env/lib/python3.11/site-packages/airflow/example_dags/example_time_delta_sensor_async.py
[2024-09-17T06:52:15.323-0300] {processor.py:840} INFO - DAG(s) 'example_time_delta_sensor_async' retrieved from /home/jezandre/airflow/airflow_env/lib/python3.11/site-packages/airflow/example_dags/example_time_delta_sensor_async.py
[2024-09-17T06:52:15.491-0300] {logging_mixin.py:188} INFO - [2024-09-17T06:52:15.491-0300] {dag.py:3089} INFO - Sync 1 DAGs
[2024-09-17T06:52:15.511-0300] {logging_mixin.py:188} INFO - [2024-09-17T06:52:15.510-0300] {dag.py:3947} INFO - Setting next_dagrun for example_time_delta_sensor_async to None, run_after=None
[2024-09-17T06:52:15.546-0300] {processor.py:183} INFO - Processing /home/jezandre/airflow/airflow_env/lib/python3.11/site-packages/airflow/example_dags/example_time_delta_sensor_async.py took 0.242 seconds
[2024-09-17T06:52:45.595-0300] {processor.py:161} INFO - Started process (PID=34551) to work on /home/jezandre/airflow/airflow_env/lib/python3.11/site-packages/airflow/example_dags/example_time_delta_sensor_async.py
[2024-09-17T06:52:45.600-0300] {processor.py:830} INFO - Processing file /home/jezandre/airflow/airflow_env/lib/python3.11/site-packages/airflow/example_dags/example_time_delta_sensor_async.py for tasks to queue
[2024-09-17T06:52:45.603-0300] {logging_mixin.py:188} INFO - [2024-09-17T06:52:45.603-0300] {dagbag.py:545} INFO - Filling up the DagBag from /home/jezandre/airflow/airflow_env/lib/python3.11/site-packages/airflow/example_dags/example_time_delta_sensor_async.py
[2024-09-17T06:52:45.612-0300] {processor.py:840} INFO - DAG(s) 'example_time_delta_sensor_async' retrieved from /home/jezandre/airflow/airflow_env/lib/python3.11/site-packages/airflow/example_dags/example_time_delta_sensor_async.py
[2024-09-17T06:52:45.677-0300] {logging_mixin.py:188} INFO - [2024-09-17T06:52:45.677-0300] {dag.py:3089} INFO - Sync 1 DAGs
[2024-09-17T06:52:45.709-0300] {logging_mixin.py:188} INFO - [2024-09-17T06:52:45.708-0300] {dag.py:3947} INFO - Setting next_dagrun for example_time_delta_sensor_async to None, run_after=None
[2024-09-17T06:52:45.754-0300] {processor.py:183} INFO - Processing /home/jezandre/airflow/airflow_env/lib/python3.11/site-packages/airflow/example_dags/example_time_delta_sensor_async.py took 0.179 seconds
[2024-09-17T06:53:16.796-0300] {processor.py:161} INFO - Started process (PID=34806) to work on /home/jezandre/airflow/airflow_env/lib/python3.11/site-packages/airflow/example_dags/example_time_delta_sensor_async.py
[2024-09-17T06:53:16.798-0300] {processor.py:830} INFO - Processing file /home/jezandre/airflow/airflow_env/lib/python3.11/site-packages/airflow/example_dags/example_time_delta_sensor_async.py for tasks to queue
[2024-09-17T06:53:16.800-0300] {logging_mixin.py:188} INFO - [2024-09-17T06:53:16.800-0300] {dagbag.py:545} INFO - Filling up the DagBag from /home/jezandre/airflow/airflow_env/lib/python3.11/site-packages/airflow/example_dags/example_time_delta_sensor_async.py
[2024-09-17T06:53:16.806-0300] {processor.py:840} INFO - DAG(s) 'example_time_delta_sensor_async' retrieved from /home/jezandre/airflow/airflow_env/lib/python3.11/site-packages/airflow/example_dags/example_time_delta_sensor_async.py
[2024-09-17T06:53:16.835-0300] {logging_mixin.py:188} INFO - [2024-09-17T06:53:16.835-0300] {dag.py:3089} INFO - Sync 1 DAGs
[2024-09-17T06:53:16.850-0300] {logging_mixin.py:188} INFO - [2024-09-17T06:53:16.850-0300] {dag.py:3947} INFO - Setting next_dagrun for example_time_delta_sensor_async to None, run_after=None
[2024-09-17T06:53:16.881-0300] {processor.py:183} INFO - Processing /home/jezandre/airflow/airflow_env/lib/python3.11/site-packages/airflow/example_dags/example_time_delta_sensor_async.py took 0.097 seconds
[2024-09-17T06:53:47.391-0300] {processor.py:161} INFO - Started process (PID=35117) to work on /home/jezandre/airflow/airflow_env/lib/python3.11/site-packages/airflow/example_dags/example_time_delta_sensor_async.py
[2024-09-17T06:53:47.392-0300] {processor.py:830} INFO - Processing file /home/jezandre/airflow/airflow_env/lib/python3.11/site-packages/airflow/example_dags/example_time_delta_sensor_async.py for tasks to queue
[2024-09-17T06:53:47.393-0300] {logging_mixin.py:188} INFO - [2024-09-17T06:53:47.393-0300] {dagbag.py:545} INFO - Filling up the DagBag from /home/jezandre/airflow/airflow_env/lib/python3.11/site-packages/airflow/example_dags/example_time_delta_sensor_async.py
[2024-09-17T06:53:47.398-0300] {processor.py:840} INFO - DAG(s) 'example_time_delta_sensor_async' retrieved from /home/jezandre/airflow/airflow_env/lib/python3.11/site-packages/airflow/example_dags/example_time_delta_sensor_async.py
[2024-09-17T06:53:47.424-0300] {logging_mixin.py:188} INFO - [2024-09-17T06:53:47.423-0300] {dag.py:3089} INFO - Sync 1 DAGs
[2024-09-17T06:53:47.440-0300] {logging_mixin.py:188} INFO - [2024-09-17T06:53:47.440-0300] {dag.py:3947} INFO - Setting next_dagrun for example_time_delta_sensor_async to None, run_after=None
[2024-09-17T06:53:47.465-0300] {processor.py:183} INFO - Processing /home/jezandre/airflow/airflow_env/lib/python3.11/site-packages/airflow/example_dags/example_time_delta_sensor_async.py took 0.084 seconds
[2024-09-17T06:54:18.210-0300] {processor.py:161} INFO - Started process (PID=35357) to work on /home/jezandre/airflow/airflow_env/lib/python3.11/site-packages/airflow/example_dags/example_time_delta_sensor_async.py
[2024-09-17T06:54:18.212-0300] {processor.py:830} INFO - Processing file /home/jezandre/airflow/airflow_env/lib/python3.11/site-packages/airflow/example_dags/example_time_delta_sensor_async.py for tasks to queue
[2024-09-17T06:54:18.214-0300] {logging_mixin.py:188} INFO - [2024-09-17T06:54:18.213-0300] {dagbag.py:545} INFO - Filling up the DagBag from /home/jezandre/airflow/airflow_env/lib/python3.11/site-packages/airflow/example_dags/example_time_delta_sensor_async.py
[2024-09-17T06:54:18.218-0300] {processor.py:840} INFO - DAG(s) 'example_time_delta_sensor_async' retrieved from /home/jezandre/airflow/airflow_env/lib/python3.11/site-packages/airflow/example_dags/example_time_delta_sensor_async.py
[2024-09-17T06:54:18.248-0300] {logging_mixin.py:188} INFO - [2024-09-17T06:54:18.248-0300] {dag.py:3089} INFO - Sync 1 DAGs
[2024-09-17T06:54:18.263-0300] {logging_mixin.py:188} INFO - [2024-09-17T06:54:18.263-0300] {dag.py:3947} INFO - Setting next_dagrun for example_time_delta_sensor_async to None, run_after=None
[2024-09-17T06:54:18.290-0300] {processor.py:183} INFO - Processing /home/jezandre/airflow/airflow_env/lib/python3.11/site-packages/airflow/example_dags/example_time_delta_sensor_async.py took 0.089 seconds
[2024-09-17T06:54:48.909-0300] {processor.py:161} INFO - Started process (PID=35594) to work on /home/jezandre/airflow/airflow_env/lib/python3.11/site-packages/airflow/example_dags/example_time_delta_sensor_async.py
[2024-09-17T06:54:48.910-0300] {processor.py:830} INFO - Processing file /home/jezandre/airflow/airflow_env/lib/python3.11/site-packages/airflow/example_dags/example_time_delta_sensor_async.py for tasks to queue
[2024-09-17T06:54:48.912-0300] {logging_mixin.py:188} INFO - [2024-09-17T06:54:48.911-0300] {dagbag.py:545} INFO - Filling up the DagBag from /home/jezandre/airflow/airflow_env/lib/python3.11/site-packages/airflow/example_dags/example_time_delta_sensor_async.py
[2024-09-17T06:54:48.916-0300] {processor.py:840} INFO - DAG(s) 'example_time_delta_sensor_async' retrieved from /home/jezandre/airflow/airflow_env/lib/python3.11/site-packages/airflow/example_dags/example_time_delta_sensor_async.py
[2024-09-17T06:54:48.944-0300] {logging_mixin.py:188} INFO - [2024-09-17T06:54:48.944-0300] {dag.py:3089} INFO - Sync 1 DAGs
[2024-09-17T06:54:48.965-0300] {logging_mixin.py:188} INFO - [2024-09-17T06:54:48.965-0300] {dag.py:3947} INFO - Setting next_dagrun for example_time_delta_sensor_async to None, run_after=None
[2024-09-17T06:54:48.992-0300] {processor.py:183} INFO - Processing /home/jezandre/airflow/airflow_env/lib/python3.11/site-packages/airflow/example_dags/example_time_delta_sensor_async.py took 0.091 seconds
