[2024-09-17T06:27:46.226-0300] {processor.py:161} INFO - Started process (PID=20149) to work on /home/jezandre/airflow/airflow_env/lib/python3.11/site-packages/airflow/example_dags/example_branch_day_of_week_operator.py
[2024-09-17T06:27:46.227-0300] {processor.py:830} INFO - Processing file /home/jezandre/airflow/airflow_env/lib/python3.11/site-packages/airflow/example_dags/example_branch_day_of_week_operator.py for tasks to queue
[2024-09-17T06:27:46.229-0300] {logging_mixin.py:188} INFO - [2024-09-17T06:27:46.228-0300] {dagbag.py:545} INFO - Filling up the DagBag from /home/jezandre/airflow/airflow_env/lib/python3.11/site-packages/airflow/example_dags/example_branch_day_of_week_operator.py
[2024-09-17T06:27:46.238-0300] {processor.py:840} INFO - DAG(s) 'example_weekday_branch_operator' retrieved from /home/jezandre/airflow/airflow_env/lib/python3.11/site-packages/airflow/example_dags/example_branch_day_of_week_operator.py
[2024-09-17T06:27:46.477-0300] {logging_mixin.py:188} INFO - [2024-09-17T06:27:46.476-0300] {dag.py:3089} INFO - Sync 1 DAGs
[2024-09-17T06:27:46.501-0300] {logging_mixin.py:188} INFO - [2024-09-17T06:27:46.500-0300] {dag.py:3947} INFO - Setting next_dagrun for example_weekday_branch_operator to 2024-09-16 00:00:00+00:00, run_after=2024-09-17 00:00:00+00:00
[2024-09-17T06:27:46.531-0300] {processor.py:183} INFO - Processing /home/jezandre/airflow/airflow_env/lib/python3.11/site-packages/airflow/example_dags/example_branch_day_of_week_operator.py took 0.311 seconds
[2024-09-17T06:28:47.737-0300] {processor.py:161} INFO - Started process (PID=20428) to work on /home/jezandre/airflow/airflow_env/lib/python3.11/site-packages/airflow/example_dags/example_branch_day_of_week_operator.py
[2024-09-17T06:28:47.742-0300] {processor.py:830} INFO - Processing file /home/jezandre/airflow/airflow_env/lib/python3.11/site-packages/airflow/example_dags/example_branch_day_of_week_operator.py for tasks to queue
[2024-09-17T06:28:47.745-0300] {logging_mixin.py:188} INFO - [2024-09-17T06:28:47.744-0300] {dagbag.py:545} INFO - Filling up the DagBag from /home/jezandre/airflow/airflow_env/lib/python3.11/site-packages/airflow/example_dags/example_branch_day_of_week_operator.py
[2024-09-17T06:28:47.753-0300] {processor.py:840} INFO - DAG(s) 'example_weekday_branch_operator' retrieved from /home/jezandre/airflow/airflow_env/lib/python3.11/site-packages/airflow/example_dags/example_branch_day_of_week_operator.py
[2024-09-17T06:28:47.766-0300] {logging_mixin.py:188} INFO - [2024-09-17T06:28:47.766-0300] {dag.py:3089} INFO - Sync 1 DAGs
[2024-09-17T06:28:47.784-0300] {logging_mixin.py:188} INFO - [2024-09-17T06:28:47.784-0300] {dag.py:3947} INFO - Setting next_dagrun for example_weekday_branch_operator to 2024-09-16 00:00:00+00:00, run_after=2024-09-17 00:00:00+00:00
[2024-09-17T06:28:47.811-0300] {processor.py:183} INFO - Processing /home/jezandre/airflow/airflow_env/lib/python3.11/site-packages/airflow/example_dags/example_branch_day_of_week_operator.py took 0.079 seconds
[2024-09-17T06:29:54.378-0300] {processor.py:161} INFO - Started process (PID=21092) to work on /home/jezandre/airflow/airflow_env/lib/python3.11/site-packages/airflow/example_dags/example_branch_day_of_week_operator.py
[2024-09-17T06:29:54.379-0300] {processor.py:830} INFO - Processing file /home/jezandre/airflow/airflow_env/lib/python3.11/site-packages/airflow/example_dags/example_branch_day_of_week_operator.py for tasks to queue
[2024-09-17T06:29:54.381-0300] {logging_mixin.py:188} INFO - [2024-09-17T06:29:54.381-0300] {dagbag.py:545} INFO - Filling up the DagBag from /home/jezandre/airflow/airflow_env/lib/python3.11/site-packages/airflow/example_dags/example_branch_day_of_week_operator.py
[2024-09-17T06:29:54.390-0300] {processor.py:840} INFO - DAG(s) 'example_weekday_branch_operator' retrieved from /home/jezandre/airflow/airflow_env/lib/python3.11/site-packages/airflow/example_dags/example_branch_day_of_week_operator.py
[2024-09-17T06:29:54.638-0300] {logging_mixin.py:188} INFO - [2024-09-17T06:29:54.638-0300] {dag.py:3089} INFO - Sync 1 DAGs
[2024-09-17T06:29:54.664-0300] {logging_mixin.py:188} INFO - [2024-09-17T06:29:54.664-0300] {dag.py:3947} INFO - Setting next_dagrun for example_weekday_branch_operator to 2024-09-16 00:00:00+00:00, run_after=2024-09-17 00:00:00+00:00
[2024-09-17T06:29:54.699-0300] {processor.py:183} INFO - Processing /home/jezandre/airflow/airflow_env/lib/python3.11/site-packages/airflow/example_dags/example_branch_day_of_week_operator.py took 0.326 seconds
[2024-09-17T06:30:25.434-0300] {processor.py:161} INFO - Started process (PID=21387) to work on /home/jezandre/airflow/airflow_env/lib/python3.11/site-packages/airflow/example_dags/example_branch_day_of_week_operator.py
[2024-09-17T06:30:25.436-0300] {processor.py:830} INFO - Processing file /home/jezandre/airflow/airflow_env/lib/python3.11/site-packages/airflow/example_dags/example_branch_day_of_week_operator.py for tasks to queue
[2024-09-17T06:30:25.437-0300] {logging_mixin.py:188} INFO - [2024-09-17T06:30:25.437-0300] {dagbag.py:545} INFO - Filling up the DagBag from /home/jezandre/airflow/airflow_env/lib/python3.11/site-packages/airflow/example_dags/example_branch_day_of_week_operator.py
[2024-09-17T06:30:25.445-0300] {processor.py:840} INFO - DAG(s) 'example_weekday_branch_operator' retrieved from /home/jezandre/airflow/airflow_env/lib/python3.11/site-packages/airflow/example_dags/example_branch_day_of_week_operator.py
[2024-09-17T06:30:25.473-0300] {logging_mixin.py:188} INFO - [2024-09-17T06:30:25.473-0300] {dag.py:3089} INFO - Sync 1 DAGs
[2024-09-17T06:30:25.505-0300] {logging_mixin.py:188} INFO - [2024-09-17T06:30:25.505-0300] {dag.py:3947} INFO - Setting next_dagrun for example_weekday_branch_operator to 2024-09-16 00:00:00+00:00, run_after=2024-09-17 00:00:00+00:00
[2024-09-17T06:30:25.532-0300] {processor.py:183} INFO - Processing /home/jezandre/airflow/airflow_env/lib/python3.11/site-packages/airflow/example_dags/example_branch_day_of_week_operator.py took 0.105 seconds
[2024-09-17T06:30:55.774-0300] {processor.py:161} INFO - Started process (PID=21590) to work on /home/jezandre/airflow/airflow_env/lib/python3.11/site-packages/airflow/example_dags/example_branch_day_of_week_operator.py
[2024-09-17T06:30:55.774-0300] {processor.py:830} INFO - Processing file /home/jezandre/airflow/airflow_env/lib/python3.11/site-packages/airflow/example_dags/example_branch_day_of_week_operator.py for tasks to queue
[2024-09-17T06:30:55.777-0300] {logging_mixin.py:188} INFO - [2024-09-17T06:30:55.776-0300] {dagbag.py:545} INFO - Filling up the DagBag from /home/jezandre/airflow/airflow_env/lib/python3.11/site-packages/airflow/example_dags/example_branch_day_of_week_operator.py
[2024-09-17T06:30:55.784-0300] {processor.py:840} INFO - DAG(s) 'example_weekday_branch_operator' retrieved from /home/jezandre/airflow/airflow_env/lib/python3.11/site-packages/airflow/example_dags/example_branch_day_of_week_operator.py
[2024-09-17T06:30:55.815-0300] {logging_mixin.py:188} INFO - [2024-09-17T06:30:55.815-0300] {dag.py:3089} INFO - Sync 1 DAGs
[2024-09-17T06:30:55.844-0300] {logging_mixin.py:188} INFO - [2024-09-17T06:30:55.843-0300] {dag.py:3947} INFO - Setting next_dagrun for example_weekday_branch_operator to 2024-09-16 00:00:00+00:00, run_after=2024-09-17 00:00:00+00:00
[2024-09-17T06:30:55.872-0300] {processor.py:183} INFO - Processing /home/jezandre/airflow/airflow_env/lib/python3.11/site-packages/airflow/example_dags/example_branch_day_of_week_operator.py took 0.104 seconds
[2024-09-17T06:31:26.168-0300] {processor.py:161} INFO - Started process (PID=21793) to work on /home/jezandre/airflow/airflow_env/lib/python3.11/site-packages/airflow/example_dags/example_branch_day_of_week_operator.py
[2024-09-17T06:31:26.170-0300] {processor.py:830} INFO - Processing file /home/jezandre/airflow/airflow_env/lib/python3.11/site-packages/airflow/example_dags/example_branch_day_of_week_operator.py for tasks to queue
[2024-09-17T06:31:26.174-0300] {logging_mixin.py:188} INFO - [2024-09-17T06:31:26.173-0300] {dagbag.py:545} INFO - Filling up the DagBag from /home/jezandre/airflow/airflow_env/lib/python3.11/site-packages/airflow/example_dags/example_branch_day_of_week_operator.py
[2024-09-17T06:31:26.186-0300] {processor.py:840} INFO - DAG(s) 'example_weekday_branch_operator' retrieved from /home/jezandre/airflow/airflow_env/lib/python3.11/site-packages/airflow/example_dags/example_branch_day_of_week_operator.py
[2024-09-17T06:31:26.217-0300] {logging_mixin.py:188} INFO - [2024-09-17T06:31:26.217-0300] {dag.py:3089} INFO - Sync 1 DAGs
[2024-09-17T06:31:26.249-0300] {logging_mixin.py:188} INFO - [2024-09-17T06:31:26.248-0300] {dag.py:3947} INFO - Setting next_dagrun for example_weekday_branch_operator to 2024-09-16 00:00:00+00:00, run_after=2024-09-17 00:00:00+00:00
[2024-09-17T06:31:26.276-0300] {processor.py:183} INFO - Processing /home/jezandre/airflow/airflow_env/lib/python3.11/site-packages/airflow/example_dags/example_branch_day_of_week_operator.py took 0.114 seconds
[2024-09-17T06:31:56.635-0300] {processor.py:161} INFO - Started process (PID=22077) to work on /home/jezandre/airflow/airflow_env/lib/python3.11/site-packages/airflow/example_dags/example_branch_day_of_week_operator.py
[2024-09-17T06:31:56.637-0300] {processor.py:830} INFO - Processing file /home/jezandre/airflow/airflow_env/lib/python3.11/site-packages/airflow/example_dags/example_branch_day_of_week_operator.py for tasks to queue
[2024-09-17T06:31:56.638-0300] {logging_mixin.py:188} INFO - [2024-09-17T06:31:56.638-0300] {dagbag.py:545} INFO - Filling up the DagBag from /home/jezandre/airflow/airflow_env/lib/python3.11/site-packages/airflow/example_dags/example_branch_day_of_week_operator.py
[2024-09-17T06:31:56.647-0300] {processor.py:840} INFO - DAG(s) 'example_weekday_branch_operator' retrieved from /home/jezandre/airflow/airflow_env/lib/python3.11/site-packages/airflow/example_dags/example_branch_day_of_week_operator.py
[2024-09-17T06:31:56.678-0300] {logging_mixin.py:188} INFO - [2024-09-17T06:31:56.677-0300] {dag.py:3089} INFO - Sync 1 DAGs
[2024-09-17T06:31:56.711-0300] {logging_mixin.py:188} INFO - [2024-09-17T06:31:56.711-0300] {dag.py:3947} INFO - Setting next_dagrun for example_weekday_branch_operator to 2024-09-16 00:00:00+00:00, run_after=2024-09-17 00:00:00+00:00
[2024-09-17T06:31:56.747-0300] {processor.py:183} INFO - Processing /home/jezandre/airflow/airflow_env/lib/python3.11/site-packages/airflow/example_dags/example_branch_day_of_week_operator.py took 0.117 seconds
[2024-09-17T06:32:26.854-0300] {processor.py:161} INFO - Started process (PID=22558) to work on /home/jezandre/airflow/airflow_env/lib/python3.11/site-packages/airflow/example_dags/example_branch_day_of_week_operator.py
[2024-09-17T06:32:26.856-0300] {processor.py:830} INFO - Processing file /home/jezandre/airflow/airflow_env/lib/python3.11/site-packages/airflow/example_dags/example_branch_day_of_week_operator.py for tasks to queue
[2024-09-17T06:32:26.858-0300] {logging_mixin.py:188} INFO - [2024-09-17T06:32:26.857-0300] {dagbag.py:545} INFO - Filling up the DagBag from /home/jezandre/airflow/airflow_env/lib/python3.11/site-packages/airflow/example_dags/example_branch_day_of_week_operator.py
[2024-09-17T06:32:26.866-0300] {processor.py:840} INFO - DAG(s) 'example_weekday_branch_operator' retrieved from /home/jezandre/airflow/airflow_env/lib/python3.11/site-packages/airflow/example_dags/example_branch_day_of_week_operator.py
[2024-09-17T06:32:26.983-0300] {logging_mixin.py:188} INFO - [2024-09-17T06:32:26.983-0300] {dag.py:3089} INFO - Sync 1 DAGs
[2024-09-17T06:32:27.012-0300] {logging_mixin.py:188} INFO - [2024-09-17T06:32:27.012-0300] {dag.py:3947} INFO - Setting next_dagrun for example_weekday_branch_operator to 2024-09-16 00:00:00+00:00, run_after=2024-09-17 00:00:00+00:00
[2024-09-17T06:32:27.040-0300] {processor.py:183} INFO - Processing /home/jezandre/airflow/airflow_env/lib/python3.11/site-packages/airflow/example_dags/example_branch_day_of_week_operator.py took 0.193 seconds
[2024-09-17T06:32:57.264-0300] {processor.py:161} INFO - Started process (PID=22920) to work on /home/jezandre/airflow/airflow_env/lib/python3.11/site-packages/airflow/example_dags/example_branch_day_of_week_operator.py
[2024-09-17T06:32:57.266-0300] {processor.py:830} INFO - Processing file /home/jezandre/airflow/airflow_env/lib/python3.11/site-packages/airflow/example_dags/example_branch_day_of_week_operator.py for tasks to queue
[2024-09-17T06:32:57.269-0300] {logging_mixin.py:188} INFO - [2024-09-17T06:32:57.268-0300] {dagbag.py:545} INFO - Filling up the DagBag from /home/jezandre/airflow/airflow_env/lib/python3.11/site-packages/airflow/example_dags/example_branch_day_of_week_operator.py
[2024-09-17T06:32:57.281-0300] {processor.py:840} INFO - DAG(s) 'example_weekday_branch_operator' retrieved from /home/jezandre/airflow/airflow_env/lib/python3.11/site-packages/airflow/example_dags/example_branch_day_of_week_operator.py
[2024-09-17T06:32:57.314-0300] {logging_mixin.py:188} INFO - [2024-09-17T06:32:57.314-0300] {dag.py:3089} INFO - Sync 1 DAGs
[2024-09-17T06:32:57.355-0300] {logging_mixin.py:188} INFO - [2024-09-17T06:32:57.354-0300] {dag.py:3947} INFO - Setting next_dagrun for example_weekday_branch_operator to 2024-09-16 00:00:00+00:00, run_after=2024-09-17 00:00:00+00:00
[2024-09-17T06:32:57.399-0300] {processor.py:183} INFO - Processing /home/jezandre/airflow/airflow_env/lib/python3.11/site-packages/airflow/example_dags/example_branch_day_of_week_operator.py took 0.144 seconds
[2024-09-17T06:33:27.729-0300] {processor.py:161} INFO - Started process (PID=23152) to work on /home/jezandre/airflow/airflow_env/lib/python3.11/site-packages/airflow/example_dags/example_branch_day_of_week_operator.py
[2024-09-17T06:33:27.730-0300] {processor.py:830} INFO - Processing file /home/jezandre/airflow/airflow_env/lib/python3.11/site-packages/airflow/example_dags/example_branch_day_of_week_operator.py for tasks to queue
[2024-09-17T06:33:27.732-0300] {logging_mixin.py:188} INFO - [2024-09-17T06:33:27.732-0300] {dagbag.py:545} INFO - Filling up the DagBag from /home/jezandre/airflow/airflow_env/lib/python3.11/site-packages/airflow/example_dags/example_branch_day_of_week_operator.py
[2024-09-17T06:33:27.739-0300] {processor.py:840} INFO - DAG(s) 'example_weekday_branch_operator' retrieved from /home/jezandre/airflow/airflow_env/lib/python3.11/site-packages/airflow/example_dags/example_branch_day_of_week_operator.py
[2024-09-17T06:33:27.768-0300] {logging_mixin.py:188} INFO - [2024-09-17T06:33:27.768-0300] {dag.py:3089} INFO - Sync 1 DAGs
[2024-09-17T06:33:27.798-0300] {logging_mixin.py:188} INFO - [2024-09-17T06:33:27.797-0300] {dag.py:3947} INFO - Setting next_dagrun for example_weekday_branch_operator to 2024-09-16 00:00:00+00:00, run_after=2024-09-17 00:00:00+00:00
[2024-09-17T06:33:27.837-0300] {processor.py:183} INFO - Processing /home/jezandre/airflow/airflow_env/lib/python3.11/site-packages/airflow/example_dags/example_branch_day_of_week_operator.py took 0.115 seconds
[2024-09-17T06:33:58.392-0300] {processor.py:161} INFO - Started process (PID=23430) to work on /home/jezandre/airflow/airflow_env/lib/python3.11/site-packages/airflow/example_dags/example_branch_day_of_week_operator.py
[2024-09-17T06:33:58.394-0300] {processor.py:830} INFO - Processing file /home/jezandre/airflow/airflow_env/lib/python3.11/site-packages/airflow/example_dags/example_branch_day_of_week_operator.py for tasks to queue
[2024-09-17T06:33:58.396-0300] {logging_mixin.py:188} INFO - [2024-09-17T06:33:58.395-0300] {dagbag.py:545} INFO - Filling up the DagBag from /home/jezandre/airflow/airflow_env/lib/python3.11/site-packages/airflow/example_dags/example_branch_day_of_week_operator.py
[2024-09-17T06:33:58.406-0300] {processor.py:840} INFO - DAG(s) 'example_weekday_branch_operator' retrieved from /home/jezandre/airflow/airflow_env/lib/python3.11/site-packages/airflow/example_dags/example_branch_day_of_week_operator.py
[2024-09-17T06:33:58.445-0300] {logging_mixin.py:188} INFO - [2024-09-17T06:33:58.445-0300] {dag.py:3089} INFO - Sync 1 DAGs
[2024-09-17T06:33:58.475-0300] {logging_mixin.py:188} INFO - [2024-09-17T06:33:58.474-0300] {dag.py:3947} INFO - Setting next_dagrun for example_weekday_branch_operator to 2024-09-16 00:00:00+00:00, run_after=2024-09-17 00:00:00+00:00
[2024-09-17T06:33:58.501-0300] {processor.py:183} INFO - Processing /home/jezandre/airflow/airflow_env/lib/python3.11/site-packages/airflow/example_dags/example_branch_day_of_week_operator.py took 0.116 seconds
[2024-09-17T06:34:28.833-0300] {processor.py:161} INFO - Started process (PID=23675) to work on /home/jezandre/airflow/airflow_env/lib/python3.11/site-packages/airflow/example_dags/example_branch_day_of_week_operator.py
[2024-09-17T06:34:28.834-0300] {processor.py:830} INFO - Processing file /home/jezandre/airflow/airflow_env/lib/python3.11/site-packages/airflow/example_dags/example_branch_day_of_week_operator.py for tasks to queue
[2024-09-17T06:34:28.836-0300] {logging_mixin.py:188} INFO - [2024-09-17T06:34:28.836-0300] {dagbag.py:545} INFO - Filling up the DagBag from /home/jezandre/airflow/airflow_env/lib/python3.11/site-packages/airflow/example_dags/example_branch_day_of_week_operator.py
[2024-09-17T06:34:28.848-0300] {processor.py:840} INFO - DAG(s) 'example_weekday_branch_operator' retrieved from /home/jezandre/airflow/airflow_env/lib/python3.11/site-packages/airflow/example_dags/example_branch_day_of_week_operator.py
[2024-09-17T06:34:28.883-0300] {logging_mixin.py:188} INFO - [2024-09-17T06:34:28.882-0300] {dag.py:3089} INFO - Sync 1 DAGs
[2024-09-17T06:34:28.919-0300] {logging_mixin.py:188} INFO - [2024-09-17T06:34:28.919-0300] {dag.py:3947} INFO - Setting next_dagrun for example_weekday_branch_operator to 2024-09-16 00:00:00+00:00, run_after=2024-09-17 00:00:00+00:00
[2024-09-17T06:34:28.947-0300] {processor.py:183} INFO - Processing /home/jezandre/airflow/airflow_env/lib/python3.11/site-packages/airflow/example_dags/example_branch_day_of_week_operator.py took 0.123 seconds
