[2024-09-17T06:27:20.860-0300] {processor.py:161} INFO - Started process (PID=20028) to work on /home/jezandre/airflow/airflow_env/lib/python3.11/site-packages/airflow/example_dags/example_skip_dag.py
[2024-09-17T06:27:20.861-0300] {processor.py:830} INFO - Processing file /home/jezandre/airflow/airflow_env/lib/python3.11/site-packages/airflow/example_dags/example_skip_dag.py for tasks to queue
[2024-09-17T06:27:20.863-0300] {logging_mixin.py:188} INFO - [2024-09-17T06:27:20.863-0300] {dagbag.py:545} INFO - Filling up the DagBag from /home/jezandre/airflow/airflow_env/lib/python3.11/site-packages/airflow/example_dags/example_skip_dag.py
[2024-09-17T06:27:20.873-0300] {processor.py:840} INFO - DAG(s) 'example_skip_dag' retrieved from /home/jezandre/airflow/airflow_env/lib/python3.11/site-packages/airflow/example_dags/example_skip_dag.py
[2024-09-17T06:27:20.994-0300] {logging_mixin.py:188} INFO - [2024-09-17T06:27:20.993-0300] {dag.py:3089} INFO - Sync 1 DAGs
[2024-09-17T06:27:21.170-0300] {logging_mixin.py:188} INFO - [2024-09-17T06:27:21.170-0300] {dag.py:3947} INFO - Setting next_dagrun for example_skip_dag to 2024-09-16 00:00:00+00:00, run_after=2024-09-17 00:00:00+00:00
[2024-09-17T06:27:21.207-0300] {processor.py:183} INFO - Processing /home/jezandre/airflow/airflow_env/lib/python3.11/site-packages/airflow/example_dags/example_skip_dag.py took 0.354 seconds
[2024-09-17T06:28:23.520-0300] {processor.py:161} INFO - Started process (PID=20298) to work on /home/jezandre/airflow/airflow_env/lib/python3.11/site-packages/airflow/example_dags/example_skip_dag.py
[2024-09-17T06:28:23.524-0300] {processor.py:830} INFO - Processing file /home/jezandre/airflow/airflow_env/lib/python3.11/site-packages/airflow/example_dags/example_skip_dag.py for tasks to queue
[2024-09-17T06:28:23.525-0300] {logging_mixin.py:188} INFO - [2024-09-17T06:28:23.525-0300] {dagbag.py:545} INFO - Filling up the DagBag from /home/jezandre/airflow/airflow_env/lib/python3.11/site-packages/airflow/example_dags/example_skip_dag.py
[2024-09-17T06:28:23.531-0300] {processor.py:840} INFO - DAG(s) 'example_skip_dag' retrieved from /home/jezandre/airflow/airflow_env/lib/python3.11/site-packages/airflow/example_dags/example_skip_dag.py
[2024-09-17T06:28:23.549-0300] {logging_mixin.py:188} INFO - [2024-09-17T06:28:23.549-0300] {dag.py:3089} INFO - Sync 1 DAGs
[2024-09-17T06:28:23.688-0300] {logging_mixin.py:188} INFO - [2024-09-17T06:28:23.688-0300] {dag.py:3947} INFO - Setting next_dagrun for example_skip_dag to 2024-09-16 00:00:00+00:00, run_after=2024-09-17 00:00:00+00:00
[2024-09-17T06:28:23.712-0300] {processor.py:183} INFO - Processing /home/jezandre/airflow/airflow_env/lib/python3.11/site-packages/airflow/example_dags/example_skip_dag.py took 0.197 seconds
[2024-09-17T06:29:17.671-0300] {processor.py:161} INFO - Started process (PID=20647) to work on /home/jezandre/airflow/airflow_env/lib/python3.11/site-packages/airflow/example_dags/example_skip_dag.py
[2024-09-17T06:29:17.673-0300] {processor.py:830} INFO - Processing file /home/jezandre/airflow/airflow_env/lib/python3.11/site-packages/airflow/example_dags/example_skip_dag.py for tasks to queue
[2024-09-17T06:29:17.675-0300] {logging_mixin.py:188} INFO - [2024-09-17T06:29:17.674-0300] {dagbag.py:545} INFO - Filling up the DagBag from /home/jezandre/airflow/airflow_env/lib/python3.11/site-packages/airflow/example_dags/example_skip_dag.py
[2024-09-17T06:29:17.687-0300] {processor.py:840} INFO - DAG(s) 'example_skip_dag' retrieved from /home/jezandre/airflow/airflow_env/lib/python3.11/site-packages/airflow/example_dags/example_skip_dag.py
[2024-09-17T06:29:17.710-0300] {logging_mixin.py:188} INFO - [2024-09-17T06:29:17.709-0300] {dag.py:3089} INFO - Sync 1 DAGs
[2024-09-17T06:29:17.741-0300] {logging_mixin.py:188} INFO - [2024-09-17T06:29:17.741-0300] {dag.py:3947} INFO - Setting next_dagrun for example_skip_dag to 2024-09-16 00:00:00+00:00, run_after=2024-09-17 00:00:00+00:00
[2024-09-17T06:29:17.781-0300] {processor.py:183} INFO - Processing /home/jezandre/airflow/airflow_env/lib/python3.11/site-packages/airflow/example_dags/example_skip_dag.py took 0.119 seconds
[2024-09-17T06:29:50.665-0300] {processor.py:161} INFO - Started process (PID=21017) to work on /home/jezandre/airflow/airflow_env/lib/python3.11/site-packages/airflow/example_dags/example_skip_dag.py
[2024-09-17T06:29:50.666-0300] {processor.py:830} INFO - Processing file /home/jezandre/airflow/airflow_env/lib/python3.11/site-packages/airflow/example_dags/example_skip_dag.py for tasks to queue
[2024-09-17T06:29:50.667-0300] {logging_mixin.py:188} INFO - [2024-09-17T06:29:50.667-0300] {dagbag.py:545} INFO - Filling up the DagBag from /home/jezandre/airflow/airflow_env/lib/python3.11/site-packages/airflow/example_dags/example_skip_dag.py
[2024-09-17T06:29:50.675-0300] {processor.py:840} INFO - DAG(s) 'example_skip_dag' retrieved from /home/jezandre/airflow/airflow_env/lib/python3.11/site-packages/airflow/example_dags/example_skip_dag.py
[2024-09-17T06:29:50.831-0300] {logging_mixin.py:188} INFO - [2024-09-17T06:29:50.830-0300] {dag.py:3089} INFO - Sync 1 DAGs
[2024-09-17T06:29:51.049-0300] {logging_mixin.py:188} INFO - [2024-09-17T06:29:51.048-0300] {dag.py:3947} INFO - Setting next_dagrun for example_skip_dag to 2024-09-16 00:00:00+00:00, run_after=2024-09-17 00:00:00+00:00
[2024-09-17T06:29:51.088-0300] {processor.py:183} INFO - Processing /home/jezandre/airflow/airflow_env/lib/python3.11/site-packages/airflow/example_dags/example_skip_dag.py took 0.428 seconds
[2024-09-17T06:30:21.770-0300] {processor.py:161} INFO - Started process (PID=21336) to work on /home/jezandre/airflow/airflow_env/lib/python3.11/site-packages/airflow/example_dags/example_skip_dag.py
[2024-09-17T06:30:21.773-0300] {processor.py:830} INFO - Processing file /home/jezandre/airflow/airflow_env/lib/python3.11/site-packages/airflow/example_dags/example_skip_dag.py for tasks to queue
[2024-09-17T06:30:21.775-0300] {logging_mixin.py:188} INFO - [2024-09-17T06:30:21.774-0300] {dagbag.py:545} INFO - Filling up the DagBag from /home/jezandre/airflow/airflow_env/lib/python3.11/site-packages/airflow/example_dags/example_skip_dag.py
[2024-09-17T06:30:21.785-0300] {processor.py:840} INFO - DAG(s) 'example_skip_dag' retrieved from /home/jezandre/airflow/airflow_env/lib/python3.11/site-packages/airflow/example_dags/example_skip_dag.py
[2024-09-17T06:30:21.821-0300] {logging_mixin.py:188} INFO - [2024-09-17T06:30:21.820-0300] {dag.py:3089} INFO - Sync 1 DAGs
[2024-09-17T06:30:21.854-0300] {logging_mixin.py:188} INFO - [2024-09-17T06:30:21.853-0300] {dag.py:3947} INFO - Setting next_dagrun for example_skip_dag to 2024-09-16 00:00:00+00:00, run_after=2024-09-17 00:00:00+00:00
[2024-09-17T06:30:21.888-0300] {processor.py:183} INFO - Processing /home/jezandre/airflow/airflow_env/lib/python3.11/site-packages/airflow/example_dags/example_skip_dag.py took 0.125 seconds
[2024-09-17T06:30:52.557-0300] {processor.py:161} INFO - Started process (PID=21546) to work on /home/jezandre/airflow/airflow_env/lib/python3.11/site-packages/airflow/example_dags/example_skip_dag.py
[2024-09-17T06:30:52.559-0300] {processor.py:830} INFO - Processing file /home/jezandre/airflow/airflow_env/lib/python3.11/site-packages/airflow/example_dags/example_skip_dag.py for tasks to queue
[2024-09-17T06:30:52.561-0300] {logging_mixin.py:188} INFO - [2024-09-17T06:30:52.561-0300] {dagbag.py:545} INFO - Filling up the DagBag from /home/jezandre/airflow/airflow_env/lib/python3.11/site-packages/airflow/example_dags/example_skip_dag.py
[2024-09-17T06:30:52.567-0300] {processor.py:840} INFO - DAG(s) 'example_skip_dag' retrieved from /home/jezandre/airflow/airflow_env/lib/python3.11/site-packages/airflow/example_dags/example_skip_dag.py
[2024-09-17T06:30:52.596-0300] {logging_mixin.py:188} INFO - [2024-09-17T06:30:52.596-0300] {dag.py:3089} INFO - Sync 1 DAGs
[2024-09-17T06:30:52.623-0300] {logging_mixin.py:188} INFO - [2024-09-17T06:30:52.623-0300] {dag.py:3947} INFO - Setting next_dagrun for example_skip_dag to 2024-09-16 00:00:00+00:00, run_after=2024-09-17 00:00:00+00:00
[2024-09-17T06:30:52.653-0300] {processor.py:183} INFO - Processing /home/jezandre/airflow/airflow_env/lib/python3.11/site-packages/airflow/example_dags/example_skip_dag.py took 0.101 seconds
[2024-09-17T06:31:22.808-0300] {processor.py:161} INFO - Started process (PID=21743) to work on /home/jezandre/airflow/airflow_env/lib/python3.11/site-packages/airflow/example_dags/example_skip_dag.py
[2024-09-17T06:31:22.809-0300] {processor.py:830} INFO - Processing file /home/jezandre/airflow/airflow_env/lib/python3.11/site-packages/airflow/example_dags/example_skip_dag.py for tasks to queue
[2024-09-17T06:31:22.811-0300] {logging_mixin.py:188} INFO - [2024-09-17T06:31:22.811-0300] {dagbag.py:545} INFO - Filling up the DagBag from /home/jezandre/airflow/airflow_env/lib/python3.11/site-packages/airflow/example_dags/example_skip_dag.py
[2024-09-17T06:31:22.818-0300] {processor.py:840} INFO - DAG(s) 'example_skip_dag' retrieved from /home/jezandre/airflow/airflow_env/lib/python3.11/site-packages/airflow/example_dags/example_skip_dag.py
[2024-09-17T06:31:22.853-0300] {logging_mixin.py:188} INFO - [2024-09-17T06:31:22.853-0300] {dag.py:3089} INFO - Sync 1 DAGs
[2024-09-17T06:31:22.884-0300] {logging_mixin.py:188} INFO - [2024-09-17T06:31:22.884-0300] {dag.py:3947} INFO - Setting next_dagrun for example_skip_dag to 2024-09-16 00:00:00+00:00, run_after=2024-09-17 00:00:00+00:00
[2024-09-17T06:31:22.909-0300] {processor.py:183} INFO - Processing /home/jezandre/airflow/airflow_env/lib/python3.11/site-packages/airflow/example_dags/example_skip_dag.py took 0.107 seconds
[2024-09-17T06:31:53.352-0300] {processor.py:161} INFO - Started process (PID=22033) to work on /home/jezandre/airflow/airflow_env/lib/python3.11/site-packages/airflow/example_dags/example_skip_dag.py
[2024-09-17T06:31:53.355-0300] {processor.py:830} INFO - Processing file /home/jezandre/airflow/airflow_env/lib/python3.11/site-packages/airflow/example_dags/example_skip_dag.py for tasks to queue
[2024-09-17T06:31:53.357-0300] {logging_mixin.py:188} INFO - [2024-09-17T06:31:53.357-0300] {dagbag.py:545} INFO - Filling up the DagBag from /home/jezandre/airflow/airflow_env/lib/python3.11/site-packages/airflow/example_dags/example_skip_dag.py
[2024-09-17T06:31:53.367-0300] {processor.py:840} INFO - DAG(s) 'example_skip_dag' retrieved from /home/jezandre/airflow/airflow_env/lib/python3.11/site-packages/airflow/example_dags/example_skip_dag.py
[2024-09-17T06:31:53.398-0300] {logging_mixin.py:188} INFO - [2024-09-17T06:31:53.397-0300] {dag.py:3089} INFO - Sync 1 DAGs
[2024-09-17T06:31:53.439-0300] {logging_mixin.py:188} INFO - [2024-09-17T06:31:53.438-0300] {dag.py:3947} INFO - Setting next_dagrun for example_skip_dag to 2024-09-16 00:00:00+00:00, run_after=2024-09-17 00:00:00+00:00
[2024-09-17T06:31:53.478-0300] {processor.py:183} INFO - Processing /home/jezandre/airflow/airflow_env/lib/python3.11/site-packages/airflow/example_dags/example_skip_dag.py took 0.131 seconds
[2024-09-17T06:32:24.315-0300] {processor.py:161} INFO - Started process (PID=22505) to work on /home/jezandre/airflow/airflow_env/lib/python3.11/site-packages/airflow/example_dags/example_skip_dag.py
[2024-09-17T06:32:24.316-0300] {processor.py:830} INFO - Processing file /home/jezandre/airflow/airflow_env/lib/python3.11/site-packages/airflow/example_dags/example_skip_dag.py for tasks to queue
[2024-09-17T06:32:24.319-0300] {logging_mixin.py:188} INFO - [2024-09-17T06:32:24.318-0300] {dagbag.py:545} INFO - Filling up the DagBag from /home/jezandre/airflow/airflow_env/lib/python3.11/site-packages/airflow/example_dags/example_skip_dag.py
[2024-09-17T06:32:24.325-0300] {processor.py:840} INFO - DAG(s) 'example_skip_dag' retrieved from /home/jezandre/airflow/airflow_env/lib/python3.11/site-packages/airflow/example_dags/example_skip_dag.py
[2024-09-17T06:32:24.443-0300] {logging_mixin.py:188} INFO - [2024-09-17T06:32:24.442-0300] {dag.py:3089} INFO - Sync 1 DAGs
[2024-09-17T06:32:24.465-0300] {logging_mixin.py:188} INFO - [2024-09-17T06:32:24.465-0300] {dag.py:3947} INFO - Setting next_dagrun for example_skip_dag to 2024-09-16 00:00:00+00:00, run_after=2024-09-17 00:00:00+00:00
[2024-09-17T06:32:24.491-0300] {processor.py:183} INFO - Processing /home/jezandre/airflow/airflow_env/lib/python3.11/site-packages/airflow/example_dags/example_skip_dag.py took 0.182 seconds
[2024-09-17T06:32:54.765-0300] {processor.py:161} INFO - Started process (PID=22876) to work on /home/jezandre/airflow/airflow_env/lib/python3.11/site-packages/airflow/example_dags/example_skip_dag.py
[2024-09-17T06:32:54.767-0300] {processor.py:830} INFO - Processing file /home/jezandre/airflow/airflow_env/lib/python3.11/site-packages/airflow/example_dags/example_skip_dag.py for tasks to queue
[2024-09-17T06:32:54.768-0300] {logging_mixin.py:188} INFO - [2024-09-17T06:32:54.768-0300] {dagbag.py:545} INFO - Filling up the DagBag from /home/jezandre/airflow/airflow_env/lib/python3.11/site-packages/airflow/example_dags/example_skip_dag.py
[2024-09-17T06:32:54.776-0300] {processor.py:840} INFO - DAG(s) 'example_skip_dag' retrieved from /home/jezandre/airflow/airflow_env/lib/python3.11/site-packages/airflow/example_dags/example_skip_dag.py
[2024-09-17T06:32:54.806-0300] {logging_mixin.py:188} INFO - [2024-09-17T06:32:54.805-0300] {dag.py:3089} INFO - Sync 1 DAGs
[2024-09-17T06:32:54.833-0300] {logging_mixin.py:188} INFO - [2024-09-17T06:32:54.833-0300] {dag.py:3947} INFO - Setting next_dagrun for example_skip_dag to 2024-09-16 00:00:00+00:00, run_after=2024-09-17 00:00:00+00:00
[2024-09-17T06:32:54.859-0300] {processor.py:183} INFO - Processing /home/jezandre/airflow/airflow_env/lib/python3.11/site-packages/airflow/example_dags/example_skip_dag.py took 0.099 seconds
[2024-09-17T06:33:25.472-0300] {processor.py:161} INFO - Started process (PID=23108) to work on /home/jezandre/airflow/airflow_env/lib/python3.11/site-packages/airflow/example_dags/example_skip_dag.py
[2024-09-17T06:33:25.474-0300] {processor.py:830} INFO - Processing file /home/jezandre/airflow/airflow_env/lib/python3.11/site-packages/airflow/example_dags/example_skip_dag.py for tasks to queue
[2024-09-17T06:33:25.477-0300] {logging_mixin.py:188} INFO - [2024-09-17T06:33:25.477-0300] {dagbag.py:545} INFO - Filling up the DagBag from /home/jezandre/airflow/airflow_env/lib/python3.11/site-packages/airflow/example_dags/example_skip_dag.py
[2024-09-17T06:33:25.486-0300] {processor.py:840} INFO - DAG(s) 'example_skip_dag' retrieved from /home/jezandre/airflow/airflow_env/lib/python3.11/site-packages/airflow/example_dags/example_skip_dag.py
[2024-09-17T06:33:25.518-0300] {logging_mixin.py:188} INFO - [2024-09-17T06:33:25.518-0300] {dag.py:3089} INFO - Sync 1 DAGs
[2024-09-17T06:33:25.545-0300] {logging_mixin.py:188} INFO - [2024-09-17T06:33:25.544-0300] {dag.py:3947} INFO - Setting next_dagrun for example_skip_dag to 2024-09-16 00:00:00+00:00, run_after=2024-09-17 00:00:00+00:00
[2024-09-17T06:33:25.577-0300] {processor.py:183} INFO - Processing /home/jezandre/airflow/airflow_env/lib/python3.11/site-packages/airflow/example_dags/example_skip_dag.py took 0.110 seconds
[2024-09-17T06:33:56.099-0300] {processor.py:161} INFO - Started process (PID=23386) to work on /home/jezandre/airflow/airflow_env/lib/python3.11/site-packages/airflow/example_dags/example_skip_dag.py
[2024-09-17T06:33:56.101-0300] {processor.py:830} INFO - Processing file /home/jezandre/airflow/airflow_env/lib/python3.11/site-packages/airflow/example_dags/example_skip_dag.py for tasks to queue
[2024-09-17T06:33:56.103-0300] {logging_mixin.py:188} INFO - [2024-09-17T06:33:56.102-0300] {dagbag.py:545} INFO - Filling up the DagBag from /home/jezandre/airflow/airflow_env/lib/python3.11/site-packages/airflow/example_dags/example_skip_dag.py
[2024-09-17T06:33:56.109-0300] {processor.py:840} INFO - DAG(s) 'example_skip_dag' retrieved from /home/jezandre/airflow/airflow_env/lib/python3.11/site-packages/airflow/example_dags/example_skip_dag.py
[2024-09-17T06:33:56.140-0300] {logging_mixin.py:188} INFO - [2024-09-17T06:33:56.139-0300] {dag.py:3089} INFO - Sync 1 DAGs
[2024-09-17T06:33:56.168-0300] {logging_mixin.py:188} INFO - [2024-09-17T06:33:56.168-0300] {dag.py:3947} INFO - Setting next_dagrun for example_skip_dag to 2024-09-16 00:00:00+00:00, run_after=2024-09-17 00:00:00+00:00
[2024-09-17T06:33:56.197-0300] {processor.py:183} INFO - Processing /home/jezandre/airflow/airflow_env/lib/python3.11/site-packages/airflow/example_dags/example_skip_dag.py took 0.103 seconds
[2024-09-17T06:34:26.464-0300] {processor.py:161} INFO - Started process (PID=23628) to work on /home/jezandre/airflow/airflow_env/lib/python3.11/site-packages/airflow/example_dags/example_skip_dag.py
[2024-09-17T06:34:26.466-0300] {processor.py:830} INFO - Processing file /home/jezandre/airflow/airflow_env/lib/python3.11/site-packages/airflow/example_dags/example_skip_dag.py for tasks to queue
[2024-09-17T06:34:26.469-0300] {logging_mixin.py:188} INFO - [2024-09-17T06:34:26.468-0300] {dagbag.py:545} INFO - Filling up the DagBag from /home/jezandre/airflow/airflow_env/lib/python3.11/site-packages/airflow/example_dags/example_skip_dag.py
[2024-09-17T06:34:26.477-0300] {processor.py:840} INFO - DAG(s) 'example_skip_dag' retrieved from /home/jezandre/airflow/airflow_env/lib/python3.11/site-packages/airflow/example_dags/example_skip_dag.py
[2024-09-17T06:34:26.513-0300] {logging_mixin.py:188} INFO - [2024-09-17T06:34:26.513-0300] {dag.py:3089} INFO - Sync 1 DAGs
[2024-09-17T06:34:26.547-0300] {logging_mixin.py:188} INFO - [2024-09-17T06:34:26.546-0300] {dag.py:3947} INFO - Setting next_dagrun for example_skip_dag to 2024-09-16 00:00:00+00:00, run_after=2024-09-17 00:00:00+00:00
[2024-09-17T06:34:26.578-0300] {processor.py:183} INFO - Processing /home/jezandre/airflow/airflow_env/lib/python3.11/site-packages/airflow/example_dags/example_skip_dag.py took 0.121 seconds
[2024-09-17T06:34:56.944-0300] {processor.py:161} INFO - Started process (PID=23975) to work on /home/jezandre/airflow/airflow_env/lib/python3.11/site-packages/airflow/example_dags/example_skip_dag.py
[2024-09-17T06:34:56.946-0300] {processor.py:830} INFO - Processing file /home/jezandre/airflow/airflow_env/lib/python3.11/site-packages/airflow/example_dags/example_skip_dag.py for tasks to queue
[2024-09-17T06:34:56.948-0300] {logging_mixin.py:188} INFO - [2024-09-17T06:34:56.947-0300] {dagbag.py:545} INFO - Filling up the DagBag from /home/jezandre/airflow/airflow_env/lib/python3.11/site-packages/airflow/example_dags/example_skip_dag.py
[2024-09-17T06:34:56.954-0300] {processor.py:840} INFO - DAG(s) 'example_skip_dag' retrieved from /home/jezandre/airflow/airflow_env/lib/python3.11/site-packages/airflow/example_dags/example_skip_dag.py
[2024-09-17T06:34:56.981-0300] {logging_mixin.py:188} INFO - [2024-09-17T06:34:56.981-0300] {dag.py:3089} INFO - Sync 1 DAGs
[2024-09-17T06:34:57.006-0300] {logging_mixin.py:188} INFO - [2024-09-17T06:34:57.006-0300] {dag.py:3947} INFO - Setting next_dagrun for example_skip_dag to 2024-09-16 00:00:00+00:00, run_after=2024-09-17 00:00:00+00:00
[2024-09-17T06:34:57.029-0300] {processor.py:183} INFO - Processing /home/jezandre/airflow/airflow_env/lib/python3.11/site-packages/airflow/example_dags/example_skip_dag.py took 0.091 seconds
[2024-09-17T06:35:27.653-0300] {processor.py:161} INFO - Started process (PID=24208) to work on /home/jezandre/airflow/airflow_env/lib/python3.11/site-packages/airflow/example_dags/example_skip_dag.py
[2024-09-17T06:35:27.655-0300] {processor.py:830} INFO - Processing file /home/jezandre/airflow/airflow_env/lib/python3.11/site-packages/airflow/example_dags/example_skip_dag.py for tasks to queue
[2024-09-17T06:35:27.658-0300] {logging_mixin.py:188} INFO - [2024-09-17T06:35:27.657-0300] {dagbag.py:545} INFO - Filling up the DagBag from /home/jezandre/airflow/airflow_env/lib/python3.11/site-packages/airflow/example_dags/example_skip_dag.py
[2024-09-17T06:35:27.664-0300] {processor.py:840} INFO - DAG(s) 'example_skip_dag' retrieved from /home/jezandre/airflow/airflow_env/lib/python3.11/site-packages/airflow/example_dags/example_skip_dag.py
[2024-09-17T06:35:27.696-0300] {logging_mixin.py:188} INFO - [2024-09-17T06:35:27.696-0300] {dag.py:3089} INFO - Sync 1 DAGs
[2024-09-17T06:35:27.722-0300] {logging_mixin.py:188} INFO - [2024-09-17T06:35:27.722-0300] {dag.py:3947} INFO - Setting next_dagrun for example_skip_dag to 2024-09-16 00:00:00+00:00, run_after=2024-09-17 00:00:00+00:00
[2024-09-17T06:35:27.752-0300] {processor.py:183} INFO - Processing /home/jezandre/airflow/airflow_env/lib/python3.11/site-packages/airflow/example_dags/example_skip_dag.py took 0.103 seconds
[2024-09-17T06:35:57.891-0300] {processor.py:161} INFO - Started process (PID=24536) to work on /home/jezandre/airflow/airflow_env/lib/python3.11/site-packages/airflow/example_dags/example_skip_dag.py
[2024-09-17T06:35:57.892-0300] {processor.py:830} INFO - Processing file /home/jezandre/airflow/airflow_env/lib/python3.11/site-packages/airflow/example_dags/example_skip_dag.py for tasks to queue
[2024-09-17T06:35:57.893-0300] {logging_mixin.py:188} INFO - [2024-09-17T06:35:57.893-0300] {dagbag.py:545} INFO - Filling up the DagBag from /home/jezandre/airflow/airflow_env/lib/python3.11/site-packages/airflow/example_dags/example_skip_dag.py
[2024-09-17T06:35:57.899-0300] {processor.py:840} INFO - DAG(s) 'example_skip_dag' retrieved from /home/jezandre/airflow/airflow_env/lib/python3.11/site-packages/airflow/example_dags/example_skip_dag.py
[2024-09-17T06:35:57.925-0300] {logging_mixin.py:188} INFO - [2024-09-17T06:35:57.925-0300] {dag.py:3089} INFO - Sync 1 DAGs
[2024-09-17T06:35:57.950-0300] {logging_mixin.py:188} INFO - [2024-09-17T06:35:57.950-0300] {dag.py:3947} INFO - Setting next_dagrun for example_skip_dag to 2024-09-16 00:00:00+00:00, run_after=2024-09-17 00:00:00+00:00
[2024-09-17T06:35:57.973-0300] {processor.py:183} INFO - Processing /home/jezandre/airflow/airflow_env/lib/python3.11/site-packages/airflow/example_dags/example_skip_dag.py took 0.087 seconds
[2024-09-17T06:36:28.223-0300] {processor.py:161} INFO - Started process (PID=24751) to work on /home/jezandre/airflow/airflow_env/lib/python3.11/site-packages/airflow/example_dags/example_skip_dag.py
[2024-09-17T06:36:28.224-0300] {processor.py:830} INFO - Processing file /home/jezandre/airflow/airflow_env/lib/python3.11/site-packages/airflow/example_dags/example_skip_dag.py for tasks to queue
[2024-09-17T06:36:28.226-0300] {logging_mixin.py:188} INFO - [2024-09-17T06:36:28.225-0300] {dagbag.py:545} INFO - Filling up the DagBag from /home/jezandre/airflow/airflow_env/lib/python3.11/site-packages/airflow/example_dags/example_skip_dag.py
[2024-09-17T06:36:28.234-0300] {processor.py:840} INFO - DAG(s) 'example_skip_dag' retrieved from /home/jezandre/airflow/airflow_env/lib/python3.11/site-packages/airflow/example_dags/example_skip_dag.py
[2024-09-17T06:36:28.269-0300] {logging_mixin.py:188} INFO - [2024-09-17T06:36:28.268-0300] {dag.py:3089} INFO - Sync 1 DAGs
[2024-09-17T06:36:28.304-0300] {logging_mixin.py:188} INFO - [2024-09-17T06:36:28.304-0300] {dag.py:3947} INFO - Setting next_dagrun for example_skip_dag to 2024-09-16 00:00:00+00:00, run_after=2024-09-17 00:00:00+00:00
[2024-09-17T06:36:28.341-0300] {processor.py:183} INFO - Processing /home/jezandre/airflow/airflow_env/lib/python3.11/site-packages/airflow/example_dags/example_skip_dag.py took 0.123 seconds
[2024-09-17T06:36:58.694-0300] {processor.py:161} INFO - Started process (PID=24986) to work on /home/jezandre/airflow/airflow_env/lib/python3.11/site-packages/airflow/example_dags/example_skip_dag.py
[2024-09-17T06:36:58.696-0300] {processor.py:830} INFO - Processing file /home/jezandre/airflow/airflow_env/lib/python3.11/site-packages/airflow/example_dags/example_skip_dag.py for tasks to queue
[2024-09-17T06:36:58.699-0300] {logging_mixin.py:188} INFO - [2024-09-17T06:36:58.698-0300] {dagbag.py:545} INFO - Filling up the DagBag from /home/jezandre/airflow/airflow_env/lib/python3.11/site-packages/airflow/example_dags/example_skip_dag.py
[2024-09-17T06:36:58.706-0300] {processor.py:840} INFO - DAG(s) 'example_skip_dag' retrieved from /home/jezandre/airflow/airflow_env/lib/python3.11/site-packages/airflow/example_dags/example_skip_dag.py
[2024-09-17T06:36:58.733-0300] {logging_mixin.py:188} INFO - [2024-09-17T06:36:58.733-0300] {dag.py:3089} INFO - Sync 1 DAGs
[2024-09-17T06:36:58.763-0300] {logging_mixin.py:188} INFO - [2024-09-17T06:36:58.763-0300] {dag.py:3947} INFO - Setting next_dagrun for example_skip_dag to 2024-09-16 00:00:00+00:00, run_after=2024-09-17 00:00:00+00:00
[2024-09-17T06:36:58.787-0300] {processor.py:183} INFO - Processing /home/jezandre/airflow/airflow_env/lib/python3.11/site-packages/airflow/example_dags/example_skip_dag.py took 0.099 seconds
[2024-09-17T06:37:29.693-0300] {processor.py:161} INFO - Started process (PID=25195) to work on /home/jezandre/airflow/airflow_env/lib/python3.11/site-packages/airflow/example_dags/example_skip_dag.py
[2024-09-17T06:37:29.695-0300] {processor.py:830} INFO - Processing file /home/jezandre/airflow/airflow_env/lib/python3.11/site-packages/airflow/example_dags/example_skip_dag.py for tasks to queue
[2024-09-17T06:37:29.697-0300] {logging_mixin.py:188} INFO - [2024-09-17T06:37:29.697-0300] {dagbag.py:545} INFO - Filling up the DagBag from /home/jezandre/airflow/airflow_env/lib/python3.11/site-packages/airflow/example_dags/example_skip_dag.py
[2024-09-17T06:37:29.707-0300] {processor.py:840} INFO - DAG(s) 'example_skip_dag' retrieved from /home/jezandre/airflow/airflow_env/lib/python3.11/site-packages/airflow/example_dags/example_skip_dag.py
[2024-09-17T06:37:29.874-0300] {logging_mixin.py:188} INFO - [2024-09-17T06:37:29.871-0300] {dag.py:3089} INFO - Sync 1 DAGs
[2024-09-17T06:37:29.909-0300] {logging_mixin.py:188} INFO - [2024-09-17T06:37:29.909-0300] {dag.py:3947} INFO - Setting next_dagrun for example_skip_dag to 2024-09-16 00:00:00+00:00, run_after=2024-09-17 00:00:00+00:00
[2024-09-17T06:37:29.944-0300] {processor.py:183} INFO - Processing /home/jezandre/airflow/airflow_env/lib/python3.11/site-packages/airflow/example_dags/example_skip_dag.py took 0.257 seconds
[2024-09-17T06:38:00.273-0300] {processor.py:161} INFO - Started process (PID=25431) to work on /home/jezandre/airflow/airflow_env/lib/python3.11/site-packages/airflow/example_dags/example_skip_dag.py
[2024-09-17T06:38:00.274-0300] {processor.py:830} INFO - Processing file /home/jezandre/airflow/airflow_env/lib/python3.11/site-packages/airflow/example_dags/example_skip_dag.py for tasks to queue
[2024-09-17T06:38:00.276-0300] {logging_mixin.py:188} INFO - [2024-09-17T06:38:00.276-0300] {dagbag.py:545} INFO - Filling up the DagBag from /home/jezandre/airflow/airflow_env/lib/python3.11/site-packages/airflow/example_dags/example_skip_dag.py
[2024-09-17T06:38:00.283-0300] {processor.py:840} INFO - DAG(s) 'example_skip_dag' retrieved from /home/jezandre/airflow/airflow_env/lib/python3.11/site-packages/airflow/example_dags/example_skip_dag.py
[2024-09-17T06:38:00.317-0300] {logging_mixin.py:188} INFO - [2024-09-17T06:38:00.317-0300] {dag.py:3089} INFO - Sync 1 DAGs
[2024-09-17T06:38:00.344-0300] {logging_mixin.py:188} INFO - [2024-09-17T06:38:00.343-0300] {dag.py:3947} INFO - Setting next_dagrun for example_skip_dag to 2024-09-16 00:00:00+00:00, run_after=2024-09-17 00:00:00+00:00
[2024-09-17T06:38:00.366-0300] {processor.py:183} INFO - Processing /home/jezandre/airflow/airflow_env/lib/python3.11/site-packages/airflow/example_dags/example_skip_dag.py took 0.099 seconds
[2024-09-17T06:38:30.693-0300] {processor.py:161} INFO - Started process (PID=25741) to work on /home/jezandre/airflow/airflow_env/lib/python3.11/site-packages/airflow/example_dags/example_skip_dag.py
[2024-09-17T06:38:30.694-0300] {processor.py:830} INFO - Processing file /home/jezandre/airflow/airflow_env/lib/python3.11/site-packages/airflow/example_dags/example_skip_dag.py for tasks to queue
[2024-09-17T06:38:30.697-0300] {logging_mixin.py:188} INFO - [2024-09-17T06:38:30.696-0300] {dagbag.py:545} INFO - Filling up the DagBag from /home/jezandre/airflow/airflow_env/lib/python3.11/site-packages/airflow/example_dags/example_skip_dag.py
[2024-09-17T06:38:30.705-0300] {processor.py:840} INFO - DAG(s) 'example_skip_dag' retrieved from /home/jezandre/airflow/airflow_env/lib/python3.11/site-packages/airflow/example_dags/example_skip_dag.py
[2024-09-17T06:38:30.748-0300] {logging_mixin.py:188} INFO - [2024-09-17T06:38:30.748-0300] {dag.py:3089} INFO - Sync 1 DAGs
[2024-09-17T06:38:30.789-0300] {logging_mixin.py:188} INFO - [2024-09-17T06:38:30.789-0300] {dag.py:3947} INFO - Setting next_dagrun for example_skip_dag to 2024-09-16 00:00:00+00:00, run_after=2024-09-17 00:00:00+00:00
[2024-09-17T06:38:30.822-0300] {processor.py:183} INFO - Processing /home/jezandre/airflow/airflow_env/lib/python3.11/site-packages/airflow/example_dags/example_skip_dag.py took 0.136 seconds
[2024-09-17T06:39:01.379-0300] {processor.py:161} INFO - Started process (PID=26068) to work on /home/jezandre/airflow/airflow_env/lib/python3.11/site-packages/airflow/example_dags/example_skip_dag.py
[2024-09-17T06:39:01.381-0300] {processor.py:830} INFO - Processing file /home/jezandre/airflow/airflow_env/lib/python3.11/site-packages/airflow/example_dags/example_skip_dag.py for tasks to queue
[2024-09-17T06:39:01.382-0300] {logging_mixin.py:188} INFO - [2024-09-17T06:39:01.382-0300] {dagbag.py:545} INFO - Filling up the DagBag from /home/jezandre/airflow/airflow_env/lib/python3.11/site-packages/airflow/example_dags/example_skip_dag.py
[2024-09-17T06:39:01.388-0300] {processor.py:840} INFO - DAG(s) 'example_skip_dag' retrieved from /home/jezandre/airflow/airflow_env/lib/python3.11/site-packages/airflow/example_dags/example_skip_dag.py
[2024-09-17T06:39:01.418-0300] {logging_mixin.py:188} INFO - [2024-09-17T06:39:01.417-0300] {dag.py:3089} INFO - Sync 1 DAGs
[2024-09-17T06:39:01.447-0300] {logging_mixin.py:188} INFO - [2024-09-17T06:39:01.447-0300] {dag.py:3947} INFO - Setting next_dagrun for example_skip_dag to 2024-09-16 00:00:00+00:00, run_after=2024-09-17 00:00:00+00:00
[2024-09-17T06:39:01.472-0300] {processor.py:183} INFO - Processing /home/jezandre/airflow/airflow_env/lib/python3.11/site-packages/airflow/example_dags/example_skip_dag.py took 0.101 seconds
[2024-09-17T06:39:31.875-0300] {processor.py:161} INFO - Started process (PID=26308) to work on /home/jezandre/airflow/airflow_env/lib/python3.11/site-packages/airflow/example_dags/example_skip_dag.py
[2024-09-17T06:39:31.876-0300] {processor.py:830} INFO - Processing file /home/jezandre/airflow/airflow_env/lib/python3.11/site-packages/airflow/example_dags/example_skip_dag.py for tasks to queue
[2024-09-17T06:39:31.878-0300] {logging_mixin.py:188} INFO - [2024-09-17T06:39:31.878-0300] {dagbag.py:545} INFO - Filling up the DagBag from /home/jezandre/airflow/airflow_env/lib/python3.11/site-packages/airflow/example_dags/example_skip_dag.py
[2024-09-17T06:39:31.887-0300] {processor.py:840} INFO - DAG(s) 'example_skip_dag' retrieved from /home/jezandre/airflow/airflow_env/lib/python3.11/site-packages/airflow/example_dags/example_skip_dag.py
[2024-09-17T06:39:31.915-0300] {logging_mixin.py:188} INFO - [2024-09-17T06:39:31.915-0300] {dag.py:3089} INFO - Sync 1 DAGs
[2024-09-17T06:39:31.940-0300] {logging_mixin.py:188} INFO - [2024-09-17T06:39:31.940-0300] {dag.py:3947} INFO - Setting next_dagrun for example_skip_dag to 2024-09-16 00:00:00+00:00, run_after=2024-09-17 00:00:00+00:00
[2024-09-17T06:39:31.966-0300] {processor.py:183} INFO - Processing /home/jezandre/airflow/airflow_env/lib/python3.11/site-packages/airflow/example_dags/example_skip_dag.py took 0.099 seconds
[2024-09-17T06:40:02.744-0300] {processor.py:161} INFO - Started process (PID=26583) to work on /home/jezandre/airflow/airflow_env/lib/python3.11/site-packages/airflow/example_dags/example_skip_dag.py
[2024-09-17T06:40:02.746-0300] {processor.py:830} INFO - Processing file /home/jezandre/airflow/airflow_env/lib/python3.11/site-packages/airflow/example_dags/example_skip_dag.py for tasks to queue
[2024-09-17T06:40:02.748-0300] {logging_mixin.py:188} INFO - [2024-09-17T06:40:02.748-0300] {dagbag.py:545} INFO - Filling up the DagBag from /home/jezandre/airflow/airflow_env/lib/python3.11/site-packages/airflow/example_dags/example_skip_dag.py
[2024-09-17T06:40:02.755-0300] {processor.py:840} INFO - DAG(s) 'example_skip_dag' retrieved from /home/jezandre/airflow/airflow_env/lib/python3.11/site-packages/airflow/example_dags/example_skip_dag.py
[2024-09-17T06:40:02.784-0300] {logging_mixin.py:188} INFO - [2024-09-17T06:40:02.784-0300] {dag.py:3089} INFO - Sync 1 DAGs
[2024-09-17T06:40:02.811-0300] {logging_mixin.py:188} INFO - [2024-09-17T06:40:02.810-0300] {dag.py:3947} INFO - Setting next_dagrun for example_skip_dag to 2024-09-16 00:00:00+00:00, run_after=2024-09-17 00:00:00+00:00
[2024-09-17T06:40:02.836-0300] {processor.py:183} INFO - Processing /home/jezandre/airflow/airflow_env/lib/python3.11/site-packages/airflow/example_dags/example_skip_dag.py took 0.107 seconds
[2024-09-17T06:40:33.160-0300] {processor.py:161} INFO - Started process (PID=26930) to work on /home/jezandre/airflow/airflow_env/lib/python3.11/site-packages/airflow/example_dags/example_skip_dag.py
[2024-09-17T06:40:33.162-0300] {processor.py:830} INFO - Processing file /home/jezandre/airflow/airflow_env/lib/python3.11/site-packages/airflow/example_dags/example_skip_dag.py for tasks to queue
[2024-09-17T06:40:33.164-0300] {logging_mixin.py:188} INFO - [2024-09-17T06:40:33.164-0300] {dagbag.py:545} INFO - Filling up the DagBag from /home/jezandre/airflow/airflow_env/lib/python3.11/site-packages/airflow/example_dags/example_skip_dag.py
[2024-09-17T06:40:33.171-0300] {processor.py:840} INFO - DAG(s) 'example_skip_dag' retrieved from /home/jezandre/airflow/airflow_env/lib/python3.11/site-packages/airflow/example_dags/example_skip_dag.py
[2024-09-17T06:40:33.198-0300] {logging_mixin.py:188} INFO - [2024-09-17T06:40:33.198-0300] {dag.py:3089} INFO - Sync 1 DAGs
[2024-09-17T06:40:33.227-0300] {logging_mixin.py:188} INFO - [2024-09-17T06:40:33.227-0300] {dag.py:3947} INFO - Setting next_dagrun for example_skip_dag to 2024-09-16 00:00:00+00:00, run_after=2024-09-17 00:00:00+00:00
[2024-09-17T06:40:33.248-0300] {processor.py:183} INFO - Processing /home/jezandre/airflow/airflow_env/lib/python3.11/site-packages/airflow/example_dags/example_skip_dag.py took 0.095 seconds
[2024-09-17T06:41:03.696-0300] {processor.py:161} INFO - Started process (PID=27285) to work on /home/jezandre/airflow/airflow_env/lib/python3.11/site-packages/airflow/example_dags/example_skip_dag.py
[2024-09-17T06:41:03.697-0300] {processor.py:830} INFO - Processing file /home/jezandre/airflow/airflow_env/lib/python3.11/site-packages/airflow/example_dags/example_skip_dag.py for tasks to queue
[2024-09-17T06:41:03.699-0300] {logging_mixin.py:188} INFO - [2024-09-17T06:41:03.699-0300] {dagbag.py:545} INFO - Filling up the DagBag from /home/jezandre/airflow/airflow_env/lib/python3.11/site-packages/airflow/example_dags/example_skip_dag.py
[2024-09-17T06:41:03.706-0300] {processor.py:840} INFO - DAG(s) 'example_skip_dag' retrieved from /home/jezandre/airflow/airflow_env/lib/python3.11/site-packages/airflow/example_dags/example_skip_dag.py
[2024-09-17T06:41:03.732-0300] {logging_mixin.py:188} INFO - [2024-09-17T06:41:03.732-0300] {dag.py:3089} INFO - Sync 1 DAGs
[2024-09-17T06:41:03.758-0300] {logging_mixin.py:188} INFO - [2024-09-17T06:41:03.758-0300] {dag.py:3947} INFO - Setting next_dagrun for example_skip_dag to 2024-09-16 00:00:00+00:00, run_after=2024-09-17 00:00:00+00:00
[2024-09-17T06:41:03.781-0300] {processor.py:183} INFO - Processing /home/jezandre/airflow/airflow_env/lib/python3.11/site-packages/airflow/example_dags/example_skip_dag.py took 0.092 seconds
[2024-09-17T06:41:34.227-0300] {processor.py:161} INFO - Started process (PID=27625) to work on /home/jezandre/airflow/airflow_env/lib/python3.11/site-packages/airflow/example_dags/example_skip_dag.py
[2024-09-17T06:41:34.228-0300] {processor.py:830} INFO - Processing file /home/jezandre/airflow/airflow_env/lib/python3.11/site-packages/airflow/example_dags/example_skip_dag.py for tasks to queue
[2024-09-17T06:41:34.230-0300] {logging_mixin.py:188} INFO - [2024-09-17T06:41:34.230-0300] {dagbag.py:545} INFO - Filling up the DagBag from /home/jezandre/airflow/airflow_env/lib/python3.11/site-packages/airflow/example_dags/example_skip_dag.py
[2024-09-17T06:41:34.238-0300] {processor.py:840} INFO - DAG(s) 'example_skip_dag' retrieved from /home/jezandre/airflow/airflow_env/lib/python3.11/site-packages/airflow/example_dags/example_skip_dag.py
[2024-09-17T06:41:34.269-0300] {logging_mixin.py:188} INFO - [2024-09-17T06:41:34.269-0300] {dag.py:3089} INFO - Sync 1 DAGs
[2024-09-17T06:41:34.302-0300] {logging_mixin.py:188} INFO - [2024-09-17T06:41:34.301-0300] {dag.py:3947} INFO - Setting next_dagrun for example_skip_dag to 2024-09-16 00:00:00+00:00, run_after=2024-09-17 00:00:00+00:00
[2024-09-17T06:41:34.330-0300] {processor.py:183} INFO - Processing /home/jezandre/airflow/airflow_env/lib/python3.11/site-packages/airflow/example_dags/example_skip_dag.py took 0.112 seconds
[2024-09-17T06:42:04.647-0300] {processor.py:161} INFO - Started process (PID=27860) to work on /home/jezandre/airflow/airflow_env/lib/python3.11/site-packages/airflow/example_dags/example_skip_dag.py
[2024-09-17T06:42:04.649-0300] {processor.py:830} INFO - Processing file /home/jezandre/airflow/airflow_env/lib/python3.11/site-packages/airflow/example_dags/example_skip_dag.py for tasks to queue
[2024-09-17T06:42:04.652-0300] {logging_mixin.py:188} INFO - [2024-09-17T06:42:04.651-0300] {dagbag.py:545} INFO - Filling up the DagBag from /home/jezandre/airflow/airflow_env/lib/python3.11/site-packages/airflow/example_dags/example_skip_dag.py
[2024-09-17T06:42:04.659-0300] {processor.py:840} INFO - DAG(s) 'example_skip_dag' retrieved from /home/jezandre/airflow/airflow_env/lib/python3.11/site-packages/airflow/example_dags/example_skip_dag.py
[2024-09-17T06:42:04.693-0300] {logging_mixin.py:188} INFO - [2024-09-17T06:42:04.692-0300] {dag.py:3089} INFO - Sync 1 DAGs
[2024-09-17T06:42:04.721-0300] {logging_mixin.py:188} INFO - [2024-09-17T06:42:04.720-0300] {dag.py:3947} INFO - Setting next_dagrun for example_skip_dag to 2024-09-16 00:00:00+00:00, run_after=2024-09-17 00:00:00+00:00
[2024-09-17T06:42:04.747-0300] {processor.py:183} INFO - Processing /home/jezandre/airflow/airflow_env/lib/python3.11/site-packages/airflow/example_dags/example_skip_dag.py took 0.111 seconds
[2024-09-17T06:42:35.303-0300] {processor.py:161} INFO - Started process (PID=28063) to work on /home/jezandre/airflow/airflow_env/lib/python3.11/site-packages/airflow/example_dags/example_skip_dag.py
[2024-09-17T06:42:35.304-0300] {processor.py:830} INFO - Processing file /home/jezandre/airflow/airflow_env/lib/python3.11/site-packages/airflow/example_dags/example_skip_dag.py for tasks to queue
[2024-09-17T06:42:35.305-0300] {logging_mixin.py:188} INFO - [2024-09-17T06:42:35.305-0300] {dagbag.py:545} INFO - Filling up the DagBag from /home/jezandre/airflow/airflow_env/lib/python3.11/site-packages/airflow/example_dags/example_skip_dag.py
[2024-09-17T06:42:35.312-0300] {processor.py:840} INFO - DAG(s) 'example_skip_dag' retrieved from /home/jezandre/airflow/airflow_env/lib/python3.11/site-packages/airflow/example_dags/example_skip_dag.py
[2024-09-17T06:42:35.472-0300] {logging_mixin.py:188} INFO - [2024-09-17T06:42:35.471-0300] {dag.py:3089} INFO - Sync 1 DAGs
[2024-09-17T06:42:35.503-0300] {logging_mixin.py:188} INFO - [2024-09-17T06:42:35.503-0300] {dag.py:3947} INFO - Setting next_dagrun for example_skip_dag to 2024-09-16 00:00:00+00:00, run_after=2024-09-17 00:00:00+00:00
[2024-09-17T06:42:35.538-0300] {processor.py:183} INFO - Processing /home/jezandre/airflow/airflow_env/lib/python3.11/site-packages/airflow/example_dags/example_skip_dag.py took 0.246 seconds
[2024-09-17T06:43:06.056-0300] {processor.py:161} INFO - Started process (PID=28829) to work on /home/jezandre/airflow/airflow_env/lib/python3.11/site-packages/airflow/example_dags/example_skip_dag.py
[2024-09-17T06:43:06.057-0300] {processor.py:830} INFO - Processing file /home/jezandre/airflow/airflow_env/lib/python3.11/site-packages/airflow/example_dags/example_skip_dag.py for tasks to queue
[2024-09-17T06:43:06.059-0300] {logging_mixin.py:188} INFO - [2024-09-17T06:43:06.058-0300] {dagbag.py:545} INFO - Filling up the DagBag from /home/jezandre/airflow/airflow_env/lib/python3.11/site-packages/airflow/example_dags/example_skip_dag.py
[2024-09-17T06:43:06.067-0300] {processor.py:840} INFO - DAG(s) 'example_skip_dag' retrieved from /home/jezandre/airflow/airflow_env/lib/python3.11/site-packages/airflow/example_dags/example_skip_dag.py
[2024-09-17T06:43:06.101-0300] {logging_mixin.py:188} INFO - [2024-09-17T06:43:06.101-0300] {dag.py:3089} INFO - Sync 1 DAGs
[2024-09-17T06:43:06.129-0300] {logging_mixin.py:188} INFO - [2024-09-17T06:43:06.129-0300] {dag.py:3947} INFO - Setting next_dagrun for example_skip_dag to 2024-09-16 00:00:00+00:00, run_after=2024-09-17 00:00:00+00:00
[2024-09-17T06:43:06.157-0300] {processor.py:183} INFO - Processing /home/jezandre/airflow/airflow_env/lib/python3.11/site-packages/airflow/example_dags/example_skip_dag.py took 0.108 seconds
[2024-09-17T06:43:37.146-0300] {processor.py:161} INFO - Started process (PID=29123) to work on /home/jezandre/airflow/airflow_env/lib/python3.11/site-packages/airflow/example_dags/example_skip_dag.py
[2024-09-17T06:43:37.148-0300] {processor.py:830} INFO - Processing file /home/jezandre/airflow/airflow_env/lib/python3.11/site-packages/airflow/example_dags/example_skip_dag.py for tasks to queue
[2024-09-17T06:43:37.150-0300] {logging_mixin.py:188} INFO - [2024-09-17T06:43:37.149-0300] {dagbag.py:545} INFO - Filling up the DagBag from /home/jezandre/airflow/airflow_env/lib/python3.11/site-packages/airflow/example_dags/example_skip_dag.py
[2024-09-17T06:43:37.159-0300] {processor.py:840} INFO - DAG(s) 'example_skip_dag' retrieved from /home/jezandre/airflow/airflow_env/lib/python3.11/site-packages/airflow/example_dags/example_skip_dag.py
[2024-09-17T06:43:37.192-0300] {logging_mixin.py:188} INFO - [2024-09-17T06:43:37.192-0300] {dag.py:3089} INFO - Sync 1 DAGs
[2024-09-17T06:43:37.222-0300] {logging_mixin.py:188} INFO - [2024-09-17T06:43:37.222-0300] {dag.py:3947} INFO - Setting next_dagrun for example_skip_dag to 2024-09-16 00:00:00+00:00, run_after=2024-09-17 00:00:00+00:00
[2024-09-17T06:43:37.249-0300] {processor.py:183} INFO - Processing /home/jezandre/airflow/airflow_env/lib/python3.11/site-packages/airflow/example_dags/example_skip_dag.py took 0.111 seconds
[2024-09-17T06:44:07.937-0300] {processor.py:161} INFO - Started process (PID=29350) to work on /home/jezandre/airflow/airflow_env/lib/python3.11/site-packages/airflow/example_dags/example_skip_dag.py
[2024-09-17T06:44:07.938-0300] {processor.py:830} INFO - Processing file /home/jezandre/airflow/airflow_env/lib/python3.11/site-packages/airflow/example_dags/example_skip_dag.py for tasks to queue
[2024-09-17T06:44:07.939-0300] {logging_mixin.py:188} INFO - [2024-09-17T06:44:07.939-0300] {dagbag.py:545} INFO - Filling up the DagBag from /home/jezandre/airflow/airflow_env/lib/python3.11/site-packages/airflow/example_dags/example_skip_dag.py
[2024-09-17T06:44:07.945-0300] {processor.py:840} INFO - DAG(s) 'example_skip_dag' retrieved from /home/jezandre/airflow/airflow_env/lib/python3.11/site-packages/airflow/example_dags/example_skip_dag.py
[2024-09-17T06:44:07.974-0300] {logging_mixin.py:188} INFO - [2024-09-17T06:44:07.974-0300] {dag.py:3089} INFO - Sync 1 DAGs
[2024-09-17T06:44:08.000-0300] {logging_mixin.py:188} INFO - [2024-09-17T06:44:08.000-0300] {dag.py:3947} INFO - Setting next_dagrun for example_skip_dag to 2024-09-16 00:00:00+00:00, run_after=2024-09-17 00:00:00+00:00
[2024-09-17T06:44:08.025-0300] {processor.py:183} INFO - Processing /home/jezandre/airflow/airflow_env/lib/python3.11/site-packages/airflow/example_dags/example_skip_dag.py took 0.098 seconds
[2024-09-17T06:44:38.362-0300] {processor.py:161} INFO - Started process (PID=29545) to work on /home/jezandre/airflow/airflow_env/lib/python3.11/site-packages/airflow/example_dags/example_skip_dag.py
[2024-09-17T06:44:38.363-0300] {processor.py:830} INFO - Processing file /home/jezandre/airflow/airflow_env/lib/python3.11/site-packages/airflow/example_dags/example_skip_dag.py for tasks to queue
[2024-09-17T06:44:38.365-0300] {logging_mixin.py:188} INFO - [2024-09-17T06:44:38.365-0300] {dagbag.py:545} INFO - Filling up the DagBag from /home/jezandre/airflow/airflow_env/lib/python3.11/site-packages/airflow/example_dags/example_skip_dag.py
[2024-09-17T06:44:38.374-0300] {processor.py:840} INFO - DAG(s) 'example_skip_dag' retrieved from /home/jezandre/airflow/airflow_env/lib/python3.11/site-packages/airflow/example_dags/example_skip_dag.py
[2024-09-17T06:44:38.423-0300] {logging_mixin.py:188} INFO - [2024-09-17T06:44:38.423-0300] {dag.py:3089} INFO - Sync 1 DAGs
[2024-09-17T06:44:38.461-0300] {logging_mixin.py:188} INFO - [2024-09-17T06:44:38.461-0300] {dag.py:3947} INFO - Setting next_dagrun for example_skip_dag to 2024-09-16 00:00:00+00:00, run_after=2024-09-17 00:00:00+00:00
[2024-09-17T06:44:38.495-0300] {processor.py:183} INFO - Processing /home/jezandre/airflow/airflow_env/lib/python3.11/site-packages/airflow/example_dags/example_skip_dag.py took 0.153 seconds
[2024-09-17T06:45:09.235-0300] {processor.py:161} INFO - Started process (PID=29880) to work on /home/jezandre/airflow/airflow_env/lib/python3.11/site-packages/airflow/example_dags/example_skip_dag.py
[2024-09-17T06:45:09.237-0300] {processor.py:830} INFO - Processing file /home/jezandre/airflow/airflow_env/lib/python3.11/site-packages/airflow/example_dags/example_skip_dag.py for tasks to queue
[2024-09-17T06:45:09.239-0300] {logging_mixin.py:188} INFO - [2024-09-17T06:45:09.239-0300] {dagbag.py:545} INFO - Filling up the DagBag from /home/jezandre/airflow/airflow_env/lib/python3.11/site-packages/airflow/example_dags/example_skip_dag.py
[2024-09-17T06:45:09.247-0300] {processor.py:840} INFO - DAG(s) 'example_skip_dag' retrieved from /home/jezandre/airflow/airflow_env/lib/python3.11/site-packages/airflow/example_dags/example_skip_dag.py
[2024-09-17T06:45:09.281-0300] {logging_mixin.py:188} INFO - [2024-09-17T06:45:09.281-0300] {dag.py:3089} INFO - Sync 1 DAGs
[2024-09-17T06:45:09.312-0300] {logging_mixin.py:188} INFO - [2024-09-17T06:45:09.311-0300] {dag.py:3947} INFO - Setting next_dagrun for example_skip_dag to 2024-09-16 00:00:00+00:00, run_after=2024-09-17 00:00:00+00:00
[2024-09-17T06:45:09.353-0300] {processor.py:183} INFO - Processing /home/jezandre/airflow/airflow_env/lib/python3.11/site-packages/airflow/example_dags/example_skip_dag.py took 0.129 seconds
[2024-09-17T06:45:39.503-0300] {processor.py:161} INFO - Started process (PID=30166) to work on /home/jezandre/airflow/airflow_env/lib/python3.11/site-packages/airflow/example_dags/example_skip_dag.py
[2024-09-17T06:45:39.505-0300] {processor.py:830} INFO - Processing file /home/jezandre/airflow/airflow_env/lib/python3.11/site-packages/airflow/example_dags/example_skip_dag.py for tasks to queue
[2024-09-17T06:45:39.506-0300] {logging_mixin.py:188} INFO - [2024-09-17T06:45:39.506-0300] {dagbag.py:545} INFO - Filling up the DagBag from /home/jezandre/airflow/airflow_env/lib/python3.11/site-packages/airflow/example_dags/example_skip_dag.py
[2024-09-17T06:45:39.512-0300] {processor.py:840} INFO - DAG(s) 'example_skip_dag' retrieved from /home/jezandre/airflow/airflow_env/lib/python3.11/site-packages/airflow/example_dags/example_skip_dag.py
[2024-09-17T06:45:39.537-0300] {logging_mixin.py:188} INFO - [2024-09-17T06:45:39.537-0300] {dag.py:3089} INFO - Sync 1 DAGs
[2024-09-17T06:45:39.561-0300] {logging_mixin.py:188} INFO - [2024-09-17T06:45:39.561-0300] {dag.py:3947} INFO - Setting next_dagrun for example_skip_dag to 2024-09-16 00:00:00+00:00, run_after=2024-09-17 00:00:00+00:00
[2024-09-17T06:45:39.586-0300] {processor.py:183} INFO - Processing /home/jezandre/airflow/airflow_env/lib/python3.11/site-packages/airflow/example_dags/example_skip_dag.py took 0.092 seconds
[2024-09-17T06:46:10.523-0300] {processor.py:161} INFO - Started process (PID=30504) to work on /home/jezandre/airflow/airflow_env/lib/python3.11/site-packages/airflow/example_dags/example_skip_dag.py
[2024-09-17T06:46:10.524-0300] {processor.py:830} INFO - Processing file /home/jezandre/airflow/airflow_env/lib/python3.11/site-packages/airflow/example_dags/example_skip_dag.py for tasks to queue
[2024-09-17T06:46:10.526-0300] {logging_mixin.py:188} INFO - [2024-09-17T06:46:10.526-0300] {dagbag.py:545} INFO - Filling up the DagBag from /home/jezandre/airflow/airflow_env/lib/python3.11/site-packages/airflow/example_dags/example_skip_dag.py
[2024-09-17T06:46:10.534-0300] {processor.py:840} INFO - DAG(s) 'example_skip_dag' retrieved from /home/jezandre/airflow/airflow_env/lib/python3.11/site-packages/airflow/example_dags/example_skip_dag.py
[2024-09-17T06:46:10.560-0300] {logging_mixin.py:188} INFO - [2024-09-17T06:46:10.559-0300] {dag.py:3089} INFO - Sync 1 DAGs
[2024-09-17T06:46:10.589-0300] {logging_mixin.py:188} INFO - [2024-09-17T06:46:10.589-0300] {dag.py:3947} INFO - Setting next_dagrun for example_skip_dag to 2024-09-16 00:00:00+00:00, run_after=2024-09-17 00:00:00+00:00
[2024-09-17T06:46:10.617-0300] {processor.py:183} INFO - Processing /home/jezandre/airflow/airflow_env/lib/python3.11/site-packages/airflow/example_dags/example_skip_dag.py took 0.102 seconds
[2024-09-17T06:46:41.502-0300] {processor.py:161} INFO - Started process (PID=30823) to work on /home/jezandre/airflow/airflow_env/lib/python3.11/site-packages/airflow/example_dags/example_skip_dag.py
[2024-09-17T06:46:41.504-0300] {processor.py:830} INFO - Processing file /home/jezandre/airflow/airflow_env/lib/python3.11/site-packages/airflow/example_dags/example_skip_dag.py for tasks to queue
[2024-09-17T06:46:41.505-0300] {logging_mixin.py:188} INFO - [2024-09-17T06:46:41.505-0300] {dagbag.py:545} INFO - Filling up the DagBag from /home/jezandre/airflow/airflow_env/lib/python3.11/site-packages/airflow/example_dags/example_skip_dag.py
[2024-09-17T06:46:41.513-0300] {processor.py:840} INFO - DAG(s) 'example_skip_dag' retrieved from /home/jezandre/airflow/airflow_env/lib/python3.11/site-packages/airflow/example_dags/example_skip_dag.py
[2024-09-17T06:46:41.554-0300] {logging_mixin.py:188} INFO - [2024-09-17T06:46:41.554-0300] {dag.py:3089} INFO - Sync 1 DAGs
[2024-09-17T06:46:41.588-0300] {logging_mixin.py:188} INFO - [2024-09-17T06:46:41.588-0300] {dag.py:3947} INFO - Setting next_dagrun for example_skip_dag to 2024-09-16 00:00:00+00:00, run_after=2024-09-17 00:00:00+00:00
[2024-09-17T06:46:41.620-0300] {processor.py:183} INFO - Processing /home/jezandre/airflow/airflow_env/lib/python3.11/site-packages/airflow/example_dags/example_skip_dag.py took 0.127 seconds
[2024-09-17T06:47:12.448-0300] {processor.py:161} INFO - Started process (PID=31116) to work on /home/jezandre/airflow/airflow_env/lib/python3.11/site-packages/airflow/example_dags/example_skip_dag.py
[2024-09-17T06:47:12.449-0300] {processor.py:830} INFO - Processing file /home/jezandre/airflow/airflow_env/lib/python3.11/site-packages/airflow/example_dags/example_skip_dag.py for tasks to queue
[2024-09-17T06:47:12.451-0300] {logging_mixin.py:188} INFO - [2024-09-17T06:47:12.451-0300] {dagbag.py:545} INFO - Filling up the DagBag from /home/jezandre/airflow/airflow_env/lib/python3.11/site-packages/airflow/example_dags/example_skip_dag.py
[2024-09-17T06:47:12.461-0300] {processor.py:840} INFO - DAG(s) 'example_skip_dag' retrieved from /home/jezandre/airflow/airflow_env/lib/python3.11/site-packages/airflow/example_dags/example_skip_dag.py
[2024-09-17T06:47:12.587-0300] {logging_mixin.py:188} INFO - [2024-09-17T06:47:12.587-0300] {dag.py:3089} INFO - Sync 1 DAGs
[2024-09-17T06:47:12.612-0300] {logging_mixin.py:188} INFO - [2024-09-17T06:47:12.611-0300] {dag.py:3947} INFO - Setting next_dagrun for example_skip_dag to 2024-09-16 00:00:00+00:00, run_after=2024-09-17 00:00:00+00:00
[2024-09-17T06:47:12.639-0300] {processor.py:183} INFO - Processing /home/jezandre/airflow/airflow_env/lib/python3.11/site-packages/airflow/example_dags/example_skip_dag.py took 0.203 seconds
[2024-09-17T06:47:42.713-0300] {processor.py:161} INFO - Started process (PID=31346) to work on /home/jezandre/airflow/airflow_env/lib/python3.11/site-packages/airflow/example_dags/example_skip_dag.py
[2024-09-17T06:47:42.716-0300] {processor.py:830} INFO - Processing file /home/jezandre/airflow/airflow_env/lib/python3.11/site-packages/airflow/example_dags/example_skip_dag.py for tasks to queue
[2024-09-17T06:47:42.718-0300] {logging_mixin.py:188} INFO - [2024-09-17T06:47:42.718-0300] {dagbag.py:545} INFO - Filling up the DagBag from /home/jezandre/airflow/airflow_env/lib/python3.11/site-packages/airflow/example_dags/example_skip_dag.py
[2024-09-17T06:47:42.725-0300] {processor.py:840} INFO - DAG(s) 'example_skip_dag' retrieved from /home/jezandre/airflow/airflow_env/lib/python3.11/site-packages/airflow/example_dags/example_skip_dag.py
[2024-09-17T06:47:42.755-0300] {logging_mixin.py:188} INFO - [2024-09-17T06:47:42.754-0300] {dag.py:3089} INFO - Sync 1 DAGs
[2024-09-17T06:47:42.784-0300] {logging_mixin.py:188} INFO - [2024-09-17T06:47:42.784-0300] {dag.py:3947} INFO - Setting next_dagrun for example_skip_dag to 2024-09-16 00:00:00+00:00, run_after=2024-09-17 00:00:00+00:00
[2024-09-17T06:47:42.817-0300] {processor.py:183} INFO - Processing /home/jezandre/airflow/airflow_env/lib/python3.11/site-packages/airflow/example_dags/example_skip_dag.py took 0.111 seconds
[2024-09-17T06:48:13.095-0300] {processor.py:161} INFO - Started process (PID=31593) to work on /home/jezandre/airflow/airflow_env/lib/python3.11/site-packages/airflow/example_dags/example_skip_dag.py
[2024-09-17T06:48:13.097-0300] {processor.py:830} INFO - Processing file /home/jezandre/airflow/airflow_env/lib/python3.11/site-packages/airflow/example_dags/example_skip_dag.py for tasks to queue
[2024-09-17T06:48:13.099-0300] {logging_mixin.py:188} INFO - [2024-09-17T06:48:13.099-0300] {dagbag.py:545} INFO - Filling up the DagBag from /home/jezandre/airflow/airflow_env/lib/python3.11/site-packages/airflow/example_dags/example_skip_dag.py
[2024-09-17T06:48:13.108-0300] {processor.py:840} INFO - DAG(s) 'example_skip_dag' retrieved from /home/jezandre/airflow/airflow_env/lib/python3.11/site-packages/airflow/example_dags/example_skip_dag.py
[2024-09-17T06:48:13.140-0300] {logging_mixin.py:188} INFO - [2024-09-17T06:48:13.139-0300] {dag.py:3089} INFO - Sync 1 DAGs
[2024-09-17T06:48:13.167-0300] {logging_mixin.py:188} INFO - [2024-09-17T06:48:13.167-0300] {dag.py:3947} INFO - Setting next_dagrun for example_skip_dag to 2024-09-16 00:00:00+00:00, run_after=2024-09-17 00:00:00+00:00
[2024-09-17T06:48:13.195-0300] {processor.py:183} INFO - Processing /home/jezandre/airflow/airflow_env/lib/python3.11/site-packages/airflow/example_dags/example_skip_dag.py took 0.114 seconds
[2024-09-17T06:48:43.962-0300] {processor.py:161} INFO - Started process (PID=31854) to work on /home/jezandre/airflow/airflow_env/lib/python3.11/site-packages/airflow/example_dags/example_skip_dag.py
[2024-09-17T06:48:43.964-0300] {processor.py:830} INFO - Processing file /home/jezandre/airflow/airflow_env/lib/python3.11/site-packages/airflow/example_dags/example_skip_dag.py for tasks to queue
[2024-09-17T06:48:43.966-0300] {logging_mixin.py:188} INFO - [2024-09-17T06:48:43.965-0300] {dagbag.py:545} INFO - Filling up the DagBag from /home/jezandre/airflow/airflow_env/lib/python3.11/site-packages/airflow/example_dags/example_skip_dag.py
[2024-09-17T06:48:43.976-0300] {processor.py:840} INFO - DAG(s) 'example_skip_dag' retrieved from /home/jezandre/airflow/airflow_env/lib/python3.11/site-packages/airflow/example_dags/example_skip_dag.py
[2024-09-17T06:48:44.007-0300] {logging_mixin.py:188} INFO - [2024-09-17T06:48:44.007-0300] {dag.py:3089} INFO - Sync 1 DAGs
[2024-09-17T06:48:44.032-0300] {logging_mixin.py:188} INFO - [2024-09-17T06:48:44.032-0300] {dag.py:3947} INFO - Setting next_dagrun for example_skip_dag to 2024-09-16 00:00:00+00:00, run_after=2024-09-17 00:00:00+00:00
[2024-09-17T06:48:44.057-0300] {processor.py:183} INFO - Processing /home/jezandre/airflow/airflow_env/lib/python3.11/site-packages/airflow/example_dags/example_skip_dag.py took 0.105 seconds
[2024-09-17T06:49:14.945-0300] {processor.py:161} INFO - Started process (PID=32068) to work on /home/jezandre/airflow/airflow_env/lib/python3.11/site-packages/airflow/example_dags/example_skip_dag.py
[2024-09-17T06:49:14.946-0300] {processor.py:830} INFO - Processing file /home/jezandre/airflow/airflow_env/lib/python3.11/site-packages/airflow/example_dags/example_skip_dag.py for tasks to queue
[2024-09-17T06:49:14.948-0300] {logging_mixin.py:188} INFO - [2024-09-17T06:49:14.948-0300] {dagbag.py:545} INFO - Filling up the DagBag from /home/jezandre/airflow/airflow_env/lib/python3.11/site-packages/airflow/example_dags/example_skip_dag.py
[2024-09-17T06:49:14.954-0300] {processor.py:840} INFO - DAG(s) 'example_skip_dag' retrieved from /home/jezandre/airflow/airflow_env/lib/python3.11/site-packages/airflow/example_dags/example_skip_dag.py
[2024-09-17T06:49:14.984-0300] {logging_mixin.py:188} INFO - [2024-09-17T06:49:14.984-0300] {dag.py:3089} INFO - Sync 1 DAGs
[2024-09-17T06:49:15.010-0300] {logging_mixin.py:188} INFO - [2024-09-17T06:49:15.009-0300] {dag.py:3947} INFO - Setting next_dagrun for example_skip_dag to 2024-09-16 00:00:00+00:00, run_after=2024-09-17 00:00:00+00:00
[2024-09-17T06:49:15.047-0300] {processor.py:183} INFO - Processing /home/jezandre/airflow/airflow_env/lib/python3.11/site-packages/airflow/example_dags/example_skip_dag.py took 0.111 seconds
[2024-09-17T06:49:45.715-0300] {processor.py:161} INFO - Started process (PID=32374) to work on /home/jezandre/airflow/airflow_env/lib/python3.11/site-packages/airflow/example_dags/example_skip_dag.py
[2024-09-17T06:49:45.717-0300] {processor.py:830} INFO - Processing file /home/jezandre/airflow/airflow_env/lib/python3.11/site-packages/airflow/example_dags/example_skip_dag.py for tasks to queue
[2024-09-17T06:49:45.718-0300] {logging_mixin.py:188} INFO - [2024-09-17T06:49:45.718-0300] {dagbag.py:545} INFO - Filling up the DagBag from /home/jezandre/airflow/airflow_env/lib/python3.11/site-packages/airflow/example_dags/example_skip_dag.py
[2024-09-17T06:49:45.724-0300] {processor.py:840} INFO - DAG(s) 'example_skip_dag' retrieved from /home/jezandre/airflow/airflow_env/lib/python3.11/site-packages/airflow/example_dags/example_skip_dag.py
[2024-09-17T06:49:45.752-0300] {logging_mixin.py:188} INFO - [2024-09-17T06:49:45.752-0300] {dag.py:3089} INFO - Sync 1 DAGs
[2024-09-17T06:49:45.780-0300] {logging_mixin.py:188} INFO - [2024-09-17T06:49:45.780-0300] {dag.py:3947} INFO - Setting next_dagrun for example_skip_dag to 2024-09-16 00:00:00+00:00, run_after=2024-09-17 00:00:00+00:00
[2024-09-17T06:49:45.804-0300] {processor.py:183} INFO - Processing /home/jezandre/airflow/airflow_env/lib/python3.11/site-packages/airflow/example_dags/example_skip_dag.py took 0.098 seconds
[2024-09-17T06:50:16.434-0300] {processor.py:161} INFO - Started process (PID=32638) to work on /home/jezandre/airflow/airflow_env/lib/python3.11/site-packages/airflow/example_dags/example_skip_dag.py
[2024-09-17T06:50:16.436-0300] {processor.py:830} INFO - Processing file /home/jezandre/airflow/airflow_env/lib/python3.11/site-packages/airflow/example_dags/example_skip_dag.py for tasks to queue
[2024-09-17T06:50:16.438-0300] {logging_mixin.py:188} INFO - [2024-09-17T06:50:16.438-0300] {dagbag.py:545} INFO - Filling up the DagBag from /home/jezandre/airflow/airflow_env/lib/python3.11/site-packages/airflow/example_dags/example_skip_dag.py
[2024-09-17T06:50:16.444-0300] {processor.py:840} INFO - DAG(s) 'example_skip_dag' retrieved from /home/jezandre/airflow/airflow_env/lib/python3.11/site-packages/airflow/example_dags/example_skip_dag.py
[2024-09-17T06:50:16.476-0300] {logging_mixin.py:188} INFO - [2024-09-17T06:50:16.476-0300] {dag.py:3089} INFO - Sync 1 DAGs
[2024-09-17T06:50:16.502-0300] {logging_mixin.py:188} INFO - [2024-09-17T06:50:16.502-0300] {dag.py:3947} INFO - Setting next_dagrun for example_skip_dag to 2024-09-16 00:00:00+00:00, run_after=2024-09-17 00:00:00+00:00
[2024-09-17T06:50:16.527-0300] {processor.py:183} INFO - Processing /home/jezandre/airflow/airflow_env/lib/python3.11/site-packages/airflow/example_dags/example_skip_dag.py took 0.104 seconds
[2024-09-17T06:50:46.974-0300] {processor.py:161} INFO - Started process (PID=32914) to work on /home/jezandre/airflow/airflow_env/lib/python3.11/site-packages/airflow/example_dags/example_skip_dag.py
[2024-09-17T06:50:46.975-0300] {processor.py:830} INFO - Processing file /home/jezandre/airflow/airflow_env/lib/python3.11/site-packages/airflow/example_dags/example_skip_dag.py for tasks to queue
[2024-09-17T06:50:46.976-0300] {logging_mixin.py:188} INFO - [2024-09-17T06:50:46.976-0300] {dagbag.py:545} INFO - Filling up the DagBag from /home/jezandre/airflow/airflow_env/lib/python3.11/site-packages/airflow/example_dags/example_skip_dag.py
[2024-09-17T06:50:46.982-0300] {processor.py:840} INFO - DAG(s) 'example_skip_dag' retrieved from /home/jezandre/airflow/airflow_env/lib/python3.11/site-packages/airflow/example_dags/example_skip_dag.py
[2024-09-17T06:50:47.021-0300] {logging_mixin.py:188} INFO - [2024-09-17T06:50:47.021-0300] {dag.py:3089} INFO - Sync 1 DAGs
[2024-09-17T06:50:47.052-0300] {logging_mixin.py:188} INFO - [2024-09-17T06:50:47.052-0300] {dag.py:3947} INFO - Setting next_dagrun for example_skip_dag to 2024-09-16 00:00:00+00:00, run_after=2024-09-17 00:00:00+00:00
[2024-09-17T06:50:47.083-0300] {processor.py:183} INFO - Processing /home/jezandre/airflow/airflow_env/lib/python3.11/site-packages/airflow/example_dags/example_skip_dag.py took 0.118 seconds
[2024-09-17T06:51:17.693-0300] {processor.py:161} INFO - Started process (PID=33152) to work on /home/jezandre/airflow/airflow_env/lib/python3.11/site-packages/airflow/example_dags/example_skip_dag.py
[2024-09-17T06:51:17.696-0300] {processor.py:830} INFO - Processing file /home/jezandre/airflow/airflow_env/lib/python3.11/site-packages/airflow/example_dags/example_skip_dag.py for tasks to queue
[2024-09-17T06:51:17.699-0300] {logging_mixin.py:188} INFO - [2024-09-17T06:51:17.698-0300] {dagbag.py:545} INFO - Filling up the DagBag from /home/jezandre/airflow/airflow_env/lib/python3.11/site-packages/airflow/example_dags/example_skip_dag.py
[2024-09-17T06:51:17.719-0300] {processor.py:840} INFO - DAG(s) 'example_skip_dag' retrieved from /home/jezandre/airflow/airflow_env/lib/python3.11/site-packages/airflow/example_dags/example_skip_dag.py
[2024-09-17T06:51:17.783-0300] {logging_mixin.py:188} INFO - [2024-09-17T06:51:17.783-0300] {dag.py:3089} INFO - Sync 1 DAGs
[2024-09-17T06:51:17.837-0300] {logging_mixin.py:188} INFO - [2024-09-17T06:51:17.836-0300] {dag.py:3947} INFO - Setting next_dagrun for example_skip_dag to 2024-09-16 00:00:00+00:00, run_after=2024-09-17 00:00:00+00:00
[2024-09-17T06:51:17.910-0300] {processor.py:183} INFO - Processing /home/jezandre/airflow/airflow_env/lib/python3.11/site-packages/airflow/example_dags/example_skip_dag.py took 0.241 seconds
[2024-09-17T06:51:48.682-0300] {processor.py:161} INFO - Started process (PID=33671) to work on /home/jezandre/airflow/airflow_env/lib/python3.11/site-packages/airflow/example_dags/example_skip_dag.py
[2024-09-17T06:51:48.683-0300] {processor.py:830} INFO - Processing file /home/jezandre/airflow/airflow_env/lib/python3.11/site-packages/airflow/example_dags/example_skip_dag.py for tasks to queue
[2024-09-17T06:51:48.685-0300] {logging_mixin.py:188} INFO - [2024-09-17T06:51:48.685-0300] {dagbag.py:545} INFO - Filling up the DagBag from /home/jezandre/airflow/airflow_env/lib/python3.11/site-packages/airflow/example_dags/example_skip_dag.py
[2024-09-17T06:51:48.693-0300] {processor.py:840} INFO - DAG(s) 'example_skip_dag' retrieved from /home/jezandre/airflow/airflow_env/lib/python3.11/site-packages/airflow/example_dags/example_skip_dag.py
[2024-09-17T06:51:48.726-0300] {logging_mixin.py:188} INFO - [2024-09-17T06:51:48.725-0300] {dag.py:3089} INFO - Sync 1 DAGs
[2024-09-17T06:51:48.755-0300] {logging_mixin.py:188} INFO - [2024-09-17T06:51:48.755-0300] {dag.py:3947} INFO - Setting next_dagrun for example_skip_dag to 2024-09-16 00:00:00+00:00, run_after=2024-09-17 00:00:00+00:00
[2024-09-17T06:51:48.779-0300] {processor.py:183} INFO - Processing /home/jezandre/airflow/airflow_env/lib/python3.11/site-packages/airflow/example_dags/example_skip_dag.py took 0.105 seconds
[2024-09-17T06:52:19.486-0300] {processor.py:161} INFO - Started process (PID=34203) to work on /home/jezandre/airflow/airflow_env/lib/python3.11/site-packages/airflow/example_dags/example_skip_dag.py
[2024-09-17T06:52:19.487-0300] {processor.py:830} INFO - Processing file /home/jezandre/airflow/airflow_env/lib/python3.11/site-packages/airflow/example_dags/example_skip_dag.py for tasks to queue
[2024-09-17T06:52:19.488-0300] {logging_mixin.py:188} INFO - [2024-09-17T06:52:19.488-0300] {dagbag.py:545} INFO - Filling up the DagBag from /home/jezandre/airflow/airflow_env/lib/python3.11/site-packages/airflow/example_dags/example_skip_dag.py
[2024-09-17T06:52:19.494-0300] {processor.py:840} INFO - DAG(s) 'example_skip_dag' retrieved from /home/jezandre/airflow/airflow_env/lib/python3.11/site-packages/airflow/example_dags/example_skip_dag.py
[2024-09-17T06:52:19.619-0300] {logging_mixin.py:188} INFO - [2024-09-17T06:52:19.618-0300] {dag.py:3089} INFO - Sync 1 DAGs
[2024-09-17T06:52:19.645-0300] {logging_mixin.py:188} INFO - [2024-09-17T06:52:19.644-0300] {dag.py:3947} INFO - Setting next_dagrun for example_skip_dag to 2024-09-16 00:00:00+00:00, run_after=2024-09-17 00:00:00+00:00
[2024-09-17T06:52:19.674-0300] {processor.py:183} INFO - Processing /home/jezandre/airflow/airflow_env/lib/python3.11/site-packages/airflow/example_dags/example_skip_dag.py took 0.196 seconds
[2024-09-17T06:52:49.876-0300] {processor.py:161} INFO - Started process (PID=34608) to work on /home/jezandre/airflow/airflow_env/lib/python3.11/site-packages/airflow/example_dags/example_skip_dag.py
[2024-09-17T06:52:49.877-0300] {processor.py:830} INFO - Processing file /home/jezandre/airflow/airflow_env/lib/python3.11/site-packages/airflow/example_dags/example_skip_dag.py for tasks to queue
[2024-09-17T06:52:49.879-0300] {logging_mixin.py:188} INFO - [2024-09-17T06:52:49.879-0300] {dagbag.py:545} INFO - Filling up the DagBag from /home/jezandre/airflow/airflow_env/lib/python3.11/site-packages/airflow/example_dags/example_skip_dag.py
[2024-09-17T06:52:49.888-0300] {processor.py:840} INFO - DAG(s) 'example_skip_dag' retrieved from /home/jezandre/airflow/airflow_env/lib/python3.11/site-packages/airflow/example_dags/example_skip_dag.py
[2024-09-17T06:52:49.932-0300] {logging_mixin.py:188} INFO - [2024-09-17T06:52:49.931-0300] {dag.py:3089} INFO - Sync 1 DAGs
[2024-09-17T06:52:49.969-0300] {logging_mixin.py:188} INFO - [2024-09-17T06:52:49.969-0300] {dag.py:3947} INFO - Setting next_dagrun for example_skip_dag to 2024-09-16 00:00:00+00:00, run_after=2024-09-17 00:00:00+00:00
[2024-09-17T06:52:50.000-0300] {processor.py:183} INFO - Processing /home/jezandre/airflow/airflow_env/lib/python3.11/site-packages/airflow/example_dags/example_skip_dag.py took 0.138 seconds
[2024-09-17T06:53:20.325-0300] {processor.py:161} INFO - Started process (PID=34830) to work on /home/jezandre/airflow/airflow_env/lib/python3.11/site-packages/airflow/example_dags/example_skip_dag.py
[2024-09-17T06:53:20.327-0300] {processor.py:830} INFO - Processing file /home/jezandre/airflow/airflow_env/lib/python3.11/site-packages/airflow/example_dags/example_skip_dag.py for tasks to queue
[2024-09-17T06:53:20.328-0300] {logging_mixin.py:188} INFO - [2024-09-17T06:53:20.328-0300] {dagbag.py:545} INFO - Filling up the DagBag from /home/jezandre/airflow/airflow_env/lib/python3.11/site-packages/airflow/example_dags/example_skip_dag.py
[2024-09-17T06:53:20.333-0300] {processor.py:840} INFO - DAG(s) 'example_skip_dag' retrieved from /home/jezandre/airflow/airflow_env/lib/python3.11/site-packages/airflow/example_dags/example_skip_dag.py
[2024-09-17T06:53:20.360-0300] {logging_mixin.py:188} INFO - [2024-09-17T06:53:20.359-0300] {dag.py:3089} INFO - Sync 1 DAGs
[2024-09-17T06:53:20.388-0300] {logging_mixin.py:188} INFO - [2024-09-17T06:53:20.388-0300] {dag.py:3947} INFO - Setting next_dagrun for example_skip_dag to 2024-09-16 00:00:00+00:00, run_after=2024-09-17 00:00:00+00:00
[2024-09-17T06:53:20.415-0300] {processor.py:183} INFO - Processing /home/jezandre/airflow/airflow_env/lib/python3.11/site-packages/airflow/example_dags/example_skip_dag.py took 0.100 seconds
[2024-09-17T06:53:51.015-0300] {processor.py:161} INFO - Started process (PID=35154) to work on /home/jezandre/airflow/airflow_env/lib/python3.11/site-packages/airflow/example_dags/example_skip_dag.py
[2024-09-17T06:53:51.017-0300] {processor.py:830} INFO - Processing file /home/jezandre/airflow/airflow_env/lib/python3.11/site-packages/airflow/example_dags/example_skip_dag.py for tasks to queue
[2024-09-17T06:53:51.019-0300] {logging_mixin.py:188} INFO - [2024-09-17T06:53:51.019-0300] {dagbag.py:545} INFO - Filling up the DagBag from /home/jezandre/airflow/airflow_env/lib/python3.11/site-packages/airflow/example_dags/example_skip_dag.py
[2024-09-17T06:53:51.026-0300] {processor.py:840} INFO - DAG(s) 'example_skip_dag' retrieved from /home/jezandre/airflow/airflow_env/lib/python3.11/site-packages/airflow/example_dags/example_skip_dag.py
[2024-09-17T06:53:51.060-0300] {logging_mixin.py:188} INFO - [2024-09-17T06:53:51.059-0300] {dag.py:3089} INFO - Sync 1 DAGs
[2024-09-17T06:53:51.088-0300] {logging_mixin.py:188} INFO - [2024-09-17T06:53:51.088-0300] {dag.py:3947} INFO - Setting next_dagrun for example_skip_dag to 2024-09-16 00:00:00+00:00, run_after=2024-09-17 00:00:00+00:00
[2024-09-17T06:53:51.160-0300] {processor.py:183} INFO - Processing /home/jezandre/airflow/airflow_env/lib/python3.11/site-packages/airflow/example_dags/example_skip_dag.py took 0.157 seconds
[2024-09-17T06:54:21.918-0300] {processor.py:161} INFO - Started process (PID=35382) to work on /home/jezandre/airflow/airflow_env/lib/python3.11/site-packages/airflow/example_dags/example_skip_dag.py
[2024-09-17T06:54:21.920-0300] {processor.py:830} INFO - Processing file /home/jezandre/airflow/airflow_env/lib/python3.11/site-packages/airflow/example_dags/example_skip_dag.py for tasks to queue
[2024-09-17T06:54:21.922-0300] {logging_mixin.py:188} INFO - [2024-09-17T06:54:21.922-0300] {dagbag.py:545} INFO - Filling up the DagBag from /home/jezandre/airflow/airflow_env/lib/python3.11/site-packages/airflow/example_dags/example_skip_dag.py
[2024-09-17T06:54:21.933-0300] {processor.py:840} INFO - DAG(s) 'example_skip_dag' retrieved from /home/jezandre/airflow/airflow_env/lib/python3.11/site-packages/airflow/example_dags/example_skip_dag.py
[2024-09-17T06:54:21.975-0300] {logging_mixin.py:188} INFO - [2024-09-17T06:54:21.975-0300] {dag.py:3089} INFO - Sync 1 DAGs
[2024-09-17T06:54:22.001-0300] {logging_mixin.py:188} INFO - [2024-09-17T06:54:22.000-0300] {dag.py:3947} INFO - Setting next_dagrun for example_skip_dag to 2024-09-16 00:00:00+00:00, run_after=2024-09-17 00:00:00+00:00
[2024-09-17T06:54:22.025-0300] {processor.py:183} INFO - Processing /home/jezandre/airflow/airflow_env/lib/python3.11/site-packages/airflow/example_dags/example_skip_dag.py took 0.119 seconds
[2024-09-17T06:54:52.533-0300] {processor.py:161} INFO - Started process (PID=35631) to work on /home/jezandre/airflow/airflow_env/lib/python3.11/site-packages/airflow/example_dags/example_skip_dag.py
[2024-09-17T06:54:52.535-0300] {processor.py:830} INFO - Processing file /home/jezandre/airflow/airflow_env/lib/python3.11/site-packages/airflow/example_dags/example_skip_dag.py for tasks to queue
[2024-09-17T06:54:52.537-0300] {logging_mixin.py:188} INFO - [2024-09-17T06:54:52.537-0300] {dagbag.py:545} INFO - Filling up the DagBag from /home/jezandre/airflow/airflow_env/lib/python3.11/site-packages/airflow/example_dags/example_skip_dag.py
[2024-09-17T06:54:52.543-0300] {processor.py:840} INFO - DAG(s) 'example_skip_dag' retrieved from /home/jezandre/airflow/airflow_env/lib/python3.11/site-packages/airflow/example_dags/example_skip_dag.py
[2024-09-17T06:54:52.573-0300] {logging_mixin.py:188} INFO - [2024-09-17T06:54:52.573-0300] {dag.py:3089} INFO - Sync 1 DAGs
[2024-09-17T06:54:52.599-0300] {logging_mixin.py:188} INFO - [2024-09-17T06:54:52.599-0300] {dag.py:3947} INFO - Setting next_dagrun for example_skip_dag to 2024-09-16 00:00:00+00:00, run_after=2024-09-17 00:00:00+00:00
[2024-09-17T06:54:52.622-0300] {processor.py:183} INFO - Processing /home/jezandre/airflow/airflow_env/lib/python3.11/site-packages/airflow/example_dags/example_skip_dag.py took 0.097 seconds
