[2024-09-17T06:27:55.683-0300] {processor.py:161} INFO - Started process (PID=20188) to work on /home/jezandre/airflow/airflow_env/lib/python3.11/site-packages/airflow/example_dags/example_branch_operator_decorator.py
[2024-09-17T06:27:55.685-0300] {processor.py:830} INFO - Processing file /home/jezandre/airflow/airflow_env/lib/python3.11/site-packages/airflow/example_dags/example_branch_operator_decorator.py for tasks to queue
[2024-09-17T06:27:55.687-0300] {logging_mixin.py:188} INFO - [2024-09-17T06:27:55.686-0300] {dagbag.py:545} INFO - Filling up the DagBag from /home/jezandre/airflow/airflow_env/lib/python3.11/site-packages/airflow/example_dags/example_branch_operator_decorator.py
[2024-09-17T06:27:55.718-0300] {processor.py:840} INFO - DAG(s) 'example_branch_python_operator_decorator' retrieved from /home/jezandre/airflow/airflow_env/lib/python3.11/site-packages/airflow/example_dags/example_branch_operator_decorator.py
[2024-09-17T06:27:55.914-0300] {logging_mixin.py:188} INFO - [2024-09-17T06:27:55.914-0300] {dag.py:3089} INFO - Sync 1 DAGs
[2024-09-17T06:27:55.933-0300] {logging_mixin.py:188} INFO - [2024-09-17T06:27:55.933-0300] {dag.py:3947} INFO - Setting next_dagrun for example_branch_python_operator_decorator to 2024-09-16 00:00:00+00:00, run_after=2024-09-17 00:00:00+00:00
[2024-09-17T06:27:55.963-0300] {processor.py:183} INFO - Processing /home/jezandre/airflow/airflow_env/lib/python3.11/site-packages/airflow/example_dags/example_branch_operator_decorator.py took 0.288 seconds
[2024-09-17T06:28:55.164-0300] {processor.py:161} INFO - Started process (PID=20468) to work on /home/jezandre/airflow/airflow_env/lib/python3.11/site-packages/airflow/example_dags/example_branch_operator_decorator.py
[2024-09-17T06:28:55.165-0300] {processor.py:830} INFO - Processing file /home/jezandre/airflow/airflow_env/lib/python3.11/site-packages/airflow/example_dags/example_branch_operator_decorator.py for tasks to queue
[2024-09-17T06:28:55.168-0300] {logging_mixin.py:188} INFO - [2024-09-17T06:28:55.167-0300] {dagbag.py:545} INFO - Filling up the DagBag from /home/jezandre/airflow/airflow_env/lib/python3.11/site-packages/airflow/example_dags/example_branch_operator_decorator.py
[2024-09-17T06:28:55.193-0300] {processor.py:840} INFO - DAG(s) 'example_branch_python_operator_decorator' retrieved from /home/jezandre/airflow/airflow_env/lib/python3.11/site-packages/airflow/example_dags/example_branch_operator_decorator.py
[2024-09-17T06:28:55.223-0300] {logging_mixin.py:188} INFO - [2024-09-17T06:28:55.223-0300] {dag.py:3089} INFO - Sync 1 DAGs
[2024-09-17T06:28:55.247-0300] {logging_mixin.py:188} INFO - [2024-09-17T06:28:55.246-0300] {dag.py:3947} INFO - Setting next_dagrun for example_branch_python_operator_decorator to 2024-09-16 00:00:00+00:00, run_after=2024-09-17 00:00:00+00:00
[2024-09-17T06:28:55.281-0300] {processor.py:183} INFO - Processing /home/jezandre/airflow/airflow_env/lib/python3.11/site-packages/airflow/example_dags/example_branch_operator_decorator.py took 0.125 seconds
[2024-09-17T06:29:55.899-0300] {processor.py:161} INFO - Started process (PID=21125) to work on /home/jezandre/airflow/airflow_env/lib/python3.11/site-packages/airflow/example_dags/example_branch_operator_decorator.py
[2024-09-17T06:29:55.901-0300] {processor.py:830} INFO - Processing file /home/jezandre/airflow/airflow_env/lib/python3.11/site-packages/airflow/example_dags/example_branch_operator_decorator.py for tasks to queue
[2024-09-17T06:29:55.902-0300] {logging_mixin.py:188} INFO - [2024-09-17T06:29:55.902-0300] {dagbag.py:545} INFO - Filling up the DagBag from /home/jezandre/airflow/airflow_env/lib/python3.11/site-packages/airflow/example_dags/example_branch_operator_decorator.py
[2024-09-17T06:29:55.931-0300] {processor.py:840} INFO - DAG(s) 'example_branch_python_operator_decorator' retrieved from /home/jezandre/airflow/airflow_env/lib/python3.11/site-packages/airflow/example_dags/example_branch_operator_decorator.py
[2024-09-17T06:29:56.201-0300] {logging_mixin.py:188} INFO - [2024-09-17T06:29:56.201-0300] {dag.py:3089} INFO - Sync 1 DAGs
[2024-09-17T06:29:56.227-0300] {logging_mixin.py:188} INFO - [2024-09-17T06:29:56.226-0300] {dag.py:3947} INFO - Setting next_dagrun for example_branch_python_operator_decorator to 2024-09-16 00:00:00+00:00, run_after=2024-09-17 00:00:00+00:00
[2024-09-17T06:29:56.259-0300] {processor.py:183} INFO - Processing /home/jezandre/airflow/airflow_env/lib/python3.11/site-packages/airflow/example_dags/example_branch_operator_decorator.py took 0.365 seconds
[2024-09-17T06:30:26.962-0300] {processor.py:161} INFO - Started process (PID=21405) to work on /home/jezandre/airflow/airflow_env/lib/python3.11/site-packages/airflow/example_dags/example_branch_operator_decorator.py
[2024-09-17T06:30:26.964-0300] {processor.py:830} INFO - Processing file /home/jezandre/airflow/airflow_env/lib/python3.11/site-packages/airflow/example_dags/example_branch_operator_decorator.py for tasks to queue
[2024-09-17T06:30:26.967-0300] {logging_mixin.py:188} INFO - [2024-09-17T06:30:26.966-0300] {dagbag.py:545} INFO - Filling up the DagBag from /home/jezandre/airflow/airflow_env/lib/python3.11/site-packages/airflow/example_dags/example_branch_operator_decorator.py
[2024-09-17T06:30:27.014-0300] {processor.py:840} INFO - DAG(s) 'example_branch_python_operator_decorator' retrieved from /home/jezandre/airflow/airflow_env/lib/python3.11/site-packages/airflow/example_dags/example_branch_operator_decorator.py
[2024-09-17T06:30:27.068-0300] {logging_mixin.py:188} INFO - [2024-09-17T06:30:27.067-0300] {dag.py:3089} INFO - Sync 1 DAGs
[2024-09-17T06:30:27.107-0300] {logging_mixin.py:188} INFO - [2024-09-17T06:30:27.106-0300] {dag.py:3947} INFO - Setting next_dagrun for example_branch_python_operator_decorator to 2024-09-16 00:00:00+00:00, run_after=2024-09-17 00:00:00+00:00
[2024-09-17T06:30:27.145-0300] {processor.py:183} INFO - Processing /home/jezandre/airflow/airflow_env/lib/python3.11/site-packages/airflow/example_dags/example_branch_operator_decorator.py took 0.201 seconds
[2024-09-17T06:30:57.219-0300] {processor.py:161} INFO - Started process (PID=21611) to work on /home/jezandre/airflow/airflow_env/lib/python3.11/site-packages/airflow/example_dags/example_branch_operator_decorator.py
[2024-09-17T06:30:57.220-0300] {processor.py:830} INFO - Processing file /home/jezandre/airflow/airflow_env/lib/python3.11/site-packages/airflow/example_dags/example_branch_operator_decorator.py for tasks to queue
[2024-09-17T06:30:57.221-0300] {logging_mixin.py:188} INFO - [2024-09-17T06:30:57.221-0300] {dagbag.py:545} INFO - Filling up the DagBag from /home/jezandre/airflow/airflow_env/lib/python3.11/site-packages/airflow/example_dags/example_branch_operator_decorator.py
[2024-09-17T06:30:57.242-0300] {processor.py:840} INFO - DAG(s) 'example_branch_python_operator_decorator' retrieved from /home/jezandre/airflow/airflow_env/lib/python3.11/site-packages/airflow/example_dags/example_branch_operator_decorator.py
[2024-09-17T06:30:57.277-0300] {logging_mixin.py:188} INFO - [2024-09-17T06:30:57.277-0300] {dag.py:3089} INFO - Sync 1 DAGs
[2024-09-17T06:30:57.311-0300] {logging_mixin.py:188} INFO - [2024-09-17T06:30:57.310-0300] {dag.py:3947} INFO - Setting next_dagrun for example_branch_python_operator_decorator to 2024-09-16 00:00:00+00:00, run_after=2024-09-17 00:00:00+00:00
[2024-09-17T06:30:57.340-0300] {processor.py:183} INFO - Processing /home/jezandre/airflow/airflow_env/lib/python3.11/site-packages/airflow/example_dags/example_branch_operator_decorator.py took 0.128 seconds
[2024-09-17T06:31:27.637-0300] {processor.py:161} INFO - Started process (PID=21814) to work on /home/jezandre/airflow/airflow_env/lib/python3.11/site-packages/airflow/example_dags/example_branch_operator_decorator.py
[2024-09-17T06:31:27.638-0300] {processor.py:830} INFO - Processing file /home/jezandre/airflow/airflow_env/lib/python3.11/site-packages/airflow/example_dags/example_branch_operator_decorator.py for tasks to queue
[2024-09-17T06:31:27.641-0300] {logging_mixin.py:188} INFO - [2024-09-17T06:31:27.640-0300] {dagbag.py:545} INFO - Filling up the DagBag from /home/jezandre/airflow/airflow_env/lib/python3.11/site-packages/airflow/example_dags/example_branch_operator_decorator.py
[2024-09-17T06:31:27.667-0300] {processor.py:840} INFO - DAG(s) 'example_branch_python_operator_decorator' retrieved from /home/jezandre/airflow/airflow_env/lib/python3.11/site-packages/airflow/example_dags/example_branch_operator_decorator.py
[2024-09-17T06:31:27.716-0300] {logging_mixin.py:188} INFO - [2024-09-17T06:31:27.715-0300] {dag.py:3089} INFO - Sync 1 DAGs
[2024-09-17T06:31:27.755-0300] {logging_mixin.py:188} INFO - [2024-09-17T06:31:27.754-0300] {dag.py:3947} INFO - Setting next_dagrun for example_branch_python_operator_decorator to 2024-09-16 00:00:00+00:00, run_after=2024-09-17 00:00:00+00:00
[2024-09-17T06:31:27.793-0300] {processor.py:183} INFO - Processing /home/jezandre/airflow/airflow_env/lib/python3.11/site-packages/airflow/example_dags/example_branch_operator_decorator.py took 0.163 seconds
[2024-09-17T06:31:58.048-0300] {processor.py:161} INFO - Started process (PID=22099) to work on /home/jezandre/airflow/airflow_env/lib/python3.11/site-packages/airflow/example_dags/example_branch_operator_decorator.py
[2024-09-17T06:31:58.050-0300] {processor.py:830} INFO - Processing file /home/jezandre/airflow/airflow_env/lib/python3.11/site-packages/airflow/example_dags/example_branch_operator_decorator.py for tasks to queue
[2024-09-17T06:31:58.051-0300] {logging_mixin.py:188} INFO - [2024-09-17T06:31:58.051-0300] {dagbag.py:545} INFO - Filling up the DagBag from /home/jezandre/airflow/airflow_env/lib/python3.11/site-packages/airflow/example_dags/example_branch_operator_decorator.py
[2024-09-17T06:31:58.078-0300] {processor.py:840} INFO - DAG(s) 'example_branch_python_operator_decorator' retrieved from /home/jezandre/airflow/airflow_env/lib/python3.11/site-packages/airflow/example_dags/example_branch_operator_decorator.py
[2024-09-17T06:31:58.120-0300] {logging_mixin.py:188} INFO - [2024-09-17T06:31:58.120-0300] {dag.py:3089} INFO - Sync 1 DAGs
[2024-09-17T06:31:58.150-0300] {logging_mixin.py:188} INFO - [2024-09-17T06:31:58.150-0300] {dag.py:3947} INFO - Setting next_dagrun for example_branch_python_operator_decorator to 2024-09-16 00:00:00+00:00, run_after=2024-09-17 00:00:00+00:00
[2024-09-17T06:31:58.180-0300] {processor.py:183} INFO - Processing /home/jezandre/airflow/airflow_env/lib/python3.11/site-packages/airflow/example_dags/example_branch_operator_decorator.py took 0.139 seconds
[2024-09-17T06:32:28.818-0300] {processor.py:161} INFO - Started process (PID=22577) to work on /home/jezandre/airflow/airflow_env/lib/python3.11/site-packages/airflow/example_dags/example_branch_operator_decorator.py
[2024-09-17T06:32:28.819-0300] {processor.py:830} INFO - Processing file /home/jezandre/airflow/airflow_env/lib/python3.11/site-packages/airflow/example_dags/example_branch_operator_decorator.py for tasks to queue
[2024-09-17T06:32:28.821-0300] {logging_mixin.py:188} INFO - [2024-09-17T06:32:28.821-0300] {dagbag.py:545} INFO - Filling up the DagBag from /home/jezandre/airflow/airflow_env/lib/python3.11/site-packages/airflow/example_dags/example_branch_operator_decorator.py
[2024-09-17T06:32:28.843-0300] {processor.py:840} INFO - DAG(s) 'example_branch_python_operator_decorator' retrieved from /home/jezandre/airflow/airflow_env/lib/python3.11/site-packages/airflow/example_dags/example_branch_operator_decorator.py
[2024-09-17T06:32:28.996-0300] {logging_mixin.py:188} INFO - [2024-09-17T06:32:28.995-0300] {dag.py:3089} INFO - Sync 1 DAGs
[2024-09-17T06:32:29.025-0300] {logging_mixin.py:188} INFO - [2024-09-17T06:32:29.025-0300] {dag.py:3947} INFO - Setting next_dagrun for example_branch_python_operator_decorator to 2024-09-16 00:00:00+00:00, run_after=2024-09-17 00:00:00+00:00
[2024-09-17T06:32:29.060-0300] {processor.py:183} INFO - Processing /home/jezandre/airflow/airflow_env/lib/python3.11/site-packages/airflow/example_dags/example_branch_operator_decorator.py took 0.250 seconds
