[2024-09-17T06:27:18.033-0300] {processor.py:161} INFO - Started process (PID=20017) to work on /home/jezandre/airflow/airflow_env/lib/python3.11/site-packages/airflow/example_dags/example_latest_only_with_trigger.py
[2024-09-17T06:27:18.033-0300] {processor.py:830} INFO - Processing file /home/jezandre/airflow/airflow_env/lib/python3.11/site-packages/airflow/example_dags/example_latest_only_with_trigger.py for tasks to queue
[2024-09-17T06:27:18.034-0300] {logging_mixin.py:188} INFO - [2024-09-17T06:27:18.034-0300] {dagbag.py:545} INFO - Filling up the DagBag from /home/jezandre/airflow/airflow_env/lib/python3.11/site-packages/airflow/example_dags/example_latest_only_with_trigger.py
[2024-09-17T06:27:18.041-0300] {processor.py:840} INFO - DAG(s) 'latest_only_with_trigger' retrieved from /home/jezandre/airflow/airflow_env/lib/python3.11/site-packages/airflow/example_dags/example_latest_only_with_trigger.py
[2024-09-17T06:27:18.134-0300] {logging_mixin.py:188} INFO - [2024-09-17T06:27:18.133-0300] {dag.py:3089} INFO - Sync 1 DAGs
[2024-09-17T06:27:18.263-0300] {logging_mixin.py:188} INFO - [2024-09-17T06:27:18.263-0300] {dag.py:3947} INFO - Setting next_dagrun for latest_only_with_trigger to 2024-09-17 04:00:00+00:00, run_after=2024-09-17 08:00:00+00:00
[2024-09-17T06:27:18.296-0300] {processor.py:183} INFO - Processing /home/jezandre/airflow/airflow_env/lib/python3.11/site-packages/airflow/example_dags/example_latest_only_with_trigger.py took 0.270 seconds
[2024-09-17T06:28:21.692-0300] {processor.py:161} INFO - Started process (PID=20282) to work on /home/jezandre/airflow/airflow_env/lib/python3.11/site-packages/airflow/example_dags/example_latest_only_with_trigger.py
[2024-09-17T06:28:21.696-0300] {processor.py:830} INFO - Processing file /home/jezandre/airflow/airflow_env/lib/python3.11/site-packages/airflow/example_dags/example_latest_only_with_trigger.py for tasks to queue
[2024-09-17T06:28:21.697-0300] {logging_mixin.py:188} INFO - [2024-09-17T06:28:21.697-0300] {dagbag.py:545} INFO - Filling up the DagBag from /home/jezandre/airflow/airflow_env/lib/python3.11/site-packages/airflow/example_dags/example_latest_only_with_trigger.py
[2024-09-17T06:28:21.702-0300] {processor.py:840} INFO - DAG(s) 'latest_only_with_trigger' retrieved from /home/jezandre/airflow/airflow_env/lib/python3.11/site-packages/airflow/example_dags/example_latest_only_with_trigger.py
[2024-09-17T06:28:21.828-0300] {logging_mixin.py:188} INFO - [2024-09-17T06:28:21.828-0300] {dag.py:3089} INFO - Sync 1 DAGs
[2024-09-17T06:28:21.847-0300] {logging_mixin.py:188} INFO - [2024-09-17T06:28:21.847-0300] {dag.py:3947} INFO - Setting next_dagrun for latest_only_with_trigger to 2024-09-17 04:00:00+00:00, run_after=2024-09-17 08:00:00+00:00
[2024-09-17T06:28:21.880-0300] {processor.py:183} INFO - Processing /home/jezandre/airflow/airflow_env/lib/python3.11/site-packages/airflow/example_dags/example_latest_only_with_trigger.py took 0.194 seconds
[2024-09-17T06:29:15.156-0300] {processor.py:161} INFO - Started process (PID=20632) to work on /home/jezandre/airflow/airflow_env/lib/python3.11/site-packages/airflow/example_dags/example_latest_only_with_trigger.py
[2024-09-17T06:29:15.161-0300] {processor.py:830} INFO - Processing file /home/jezandre/airflow/airflow_env/lib/python3.11/site-packages/airflow/example_dags/example_latest_only_with_trigger.py for tasks to queue
[2024-09-17T06:29:15.162-0300] {logging_mixin.py:188} INFO - [2024-09-17T06:29:15.162-0300] {dagbag.py:545} INFO - Filling up the DagBag from /home/jezandre/airflow/airflow_env/lib/python3.11/site-packages/airflow/example_dags/example_latest_only_with_trigger.py
[2024-09-17T06:29:15.172-0300] {processor.py:840} INFO - DAG(s) 'latest_only_with_trigger' retrieved from /home/jezandre/airflow/airflow_env/lib/python3.11/site-packages/airflow/example_dags/example_latest_only_with_trigger.py
[2024-09-17T06:29:15.194-0300] {logging_mixin.py:188} INFO - [2024-09-17T06:29:15.194-0300] {dag.py:3089} INFO - Sync 1 DAGs
[2024-09-17T06:29:15.228-0300] {logging_mixin.py:188} INFO - [2024-09-17T06:29:15.227-0300] {dag.py:3947} INFO - Setting next_dagrun for latest_only_with_trigger to 2024-09-17 04:00:00+00:00, run_after=2024-09-17 08:00:00+00:00
[2024-09-17T06:29:15.270-0300] {processor.py:183} INFO - Processing /home/jezandre/airflow/airflow_env/lib/python3.11/site-packages/airflow/example_dags/example_latest_only_with_trigger.py took 0.123 seconds
[2024-09-17T06:29:50.274-0300] {processor.py:161} INFO - Started process (PID=21013) to work on /home/jezandre/airflow/airflow_env/lib/python3.11/site-packages/airflow/example_dags/example_latest_only_with_trigger.py
[2024-09-17T06:29:50.276-0300] {processor.py:830} INFO - Processing file /home/jezandre/airflow/airflow_env/lib/python3.11/site-packages/airflow/example_dags/example_latest_only_with_trigger.py for tasks to queue
[2024-09-17T06:29:50.279-0300] {logging_mixin.py:188} INFO - [2024-09-17T06:29:50.278-0300] {dagbag.py:545} INFO - Filling up the DagBag from /home/jezandre/airflow/airflow_env/lib/python3.11/site-packages/airflow/example_dags/example_latest_only_with_trigger.py
[2024-09-17T06:29:50.289-0300] {processor.py:840} INFO - DAG(s) 'latest_only_with_trigger' retrieved from /home/jezandre/airflow/airflow_env/lib/python3.11/site-packages/airflow/example_dags/example_latest_only_with_trigger.py
[2024-09-17T06:29:50.453-0300] {logging_mixin.py:188} INFO - [2024-09-17T06:29:50.452-0300] {dag.py:3089} INFO - Sync 1 DAGs
[2024-09-17T06:29:50.610-0300] {logging_mixin.py:188} INFO - [2024-09-17T06:29:50.610-0300] {dag.py:3947} INFO - Setting next_dagrun for latest_only_with_trigger to 2024-09-17 04:00:00+00:00, run_after=2024-09-17 08:00:00+00:00
[2024-09-17T06:29:50.641-0300] {processor.py:183} INFO - Processing /home/jezandre/airflow/airflow_env/lib/python3.11/site-packages/airflow/example_dags/example_latest_only_with_trigger.py took 0.373 seconds
[2024-09-17T06:30:21.593-0300] {processor.py:161} INFO - Started process (PID=21332) to work on /home/jezandre/airflow/airflow_env/lib/python3.11/site-packages/airflow/example_dags/example_latest_only_with_trigger.py
[2024-09-17T06:30:21.597-0300] {processor.py:830} INFO - Processing file /home/jezandre/airflow/airflow_env/lib/python3.11/site-packages/airflow/example_dags/example_latest_only_with_trigger.py for tasks to queue
[2024-09-17T06:30:21.599-0300] {logging_mixin.py:188} INFO - [2024-09-17T06:30:21.599-0300] {dagbag.py:545} INFO - Filling up the DagBag from /home/jezandre/airflow/airflow_env/lib/python3.11/site-packages/airflow/example_dags/example_latest_only_with_trigger.py
[2024-09-17T06:30:21.607-0300] {processor.py:840} INFO - DAG(s) 'latest_only_with_trigger' retrieved from /home/jezandre/airflow/airflow_env/lib/python3.11/site-packages/airflow/example_dags/example_latest_only_with_trigger.py
[2024-09-17T06:30:21.656-0300] {logging_mixin.py:188} INFO - [2024-09-17T06:30:21.656-0300] {dag.py:3089} INFO - Sync 1 DAGs
[2024-09-17T06:30:21.701-0300] {logging_mixin.py:188} INFO - [2024-09-17T06:30:21.700-0300] {dag.py:3947} INFO - Setting next_dagrun for latest_only_with_trigger to 2024-09-17 04:00:00+00:00, run_after=2024-09-17 08:00:00+00:00
[2024-09-17T06:30:21.736-0300] {processor.py:183} INFO - Processing /home/jezandre/airflow/airflow_env/lib/python3.11/site-packages/airflow/example_dags/example_latest_only_with_trigger.py took 0.153 seconds
[2024-09-17T06:30:52.418-0300] {processor.py:161} INFO - Started process (PID=21542) to work on /home/jezandre/airflow/airflow_env/lib/python3.11/site-packages/airflow/example_dags/example_latest_only_with_trigger.py
[2024-09-17T06:30:52.423-0300] {processor.py:830} INFO - Processing file /home/jezandre/airflow/airflow_env/lib/python3.11/site-packages/airflow/example_dags/example_latest_only_with_trigger.py for tasks to queue
[2024-09-17T06:30:52.425-0300] {logging_mixin.py:188} INFO - [2024-09-17T06:30:52.424-0300] {dagbag.py:545} INFO - Filling up the DagBag from /home/jezandre/airflow/airflow_env/lib/python3.11/site-packages/airflow/example_dags/example_latest_only_with_trigger.py
[2024-09-17T06:30:52.432-0300] {processor.py:840} INFO - DAG(s) 'latest_only_with_trigger' retrieved from /home/jezandre/airflow/airflow_env/lib/python3.11/site-packages/airflow/example_dags/example_latest_only_with_trigger.py
[2024-09-17T06:30:52.466-0300] {logging_mixin.py:188} INFO - [2024-09-17T06:30:52.465-0300] {dag.py:3089} INFO - Sync 1 DAGs
[2024-09-17T06:30:52.500-0300] {logging_mixin.py:188} INFO - [2024-09-17T06:30:52.499-0300] {dag.py:3947} INFO - Setting next_dagrun for latest_only_with_trigger to 2024-09-17 04:00:00+00:00, run_after=2024-09-17 08:00:00+00:00
[2024-09-17T06:30:52.533-0300] {processor.py:183} INFO - Processing /home/jezandre/airflow/airflow_env/lib/python3.11/site-packages/airflow/example_dags/example_latest_only_with_trigger.py took 0.123 seconds
[2024-09-17T06:31:22.681-0300] {processor.py:161} INFO - Started process (PID=21739) to work on /home/jezandre/airflow/airflow_env/lib/python3.11/site-packages/airflow/example_dags/example_latest_only_with_trigger.py
[2024-09-17T06:31:22.682-0300] {processor.py:830} INFO - Processing file /home/jezandre/airflow/airflow_env/lib/python3.11/site-packages/airflow/example_dags/example_latest_only_with_trigger.py for tasks to queue
[2024-09-17T06:31:22.684-0300] {logging_mixin.py:188} INFO - [2024-09-17T06:31:22.684-0300] {dagbag.py:545} INFO - Filling up the DagBag from /home/jezandre/airflow/airflow_env/lib/python3.11/site-packages/airflow/example_dags/example_latest_only_with_trigger.py
[2024-09-17T06:31:22.691-0300] {processor.py:840} INFO - DAG(s) 'latest_only_with_trigger' retrieved from /home/jezandre/airflow/airflow_env/lib/python3.11/site-packages/airflow/example_dags/example_latest_only_with_trigger.py
[2024-09-17T06:31:22.724-0300] {logging_mixin.py:188} INFO - [2024-09-17T06:31:22.723-0300] {dag.py:3089} INFO - Sync 1 DAGs
[2024-09-17T06:31:22.750-0300] {logging_mixin.py:188} INFO - [2024-09-17T06:31:22.750-0300] {dag.py:3947} INFO - Setting next_dagrun for latest_only_with_trigger to 2024-09-17 04:00:00+00:00, run_after=2024-09-17 08:00:00+00:00
[2024-09-17T06:31:22.787-0300] {processor.py:183} INFO - Processing /home/jezandre/airflow/airflow_env/lib/python3.11/site-packages/airflow/example_dags/example_latest_only_with_trigger.py took 0.114 seconds
[2024-09-17T06:31:53.218-0300] {processor.py:161} INFO - Started process (PID=22029) to work on /home/jezandre/airflow/airflow_env/lib/python3.11/site-packages/airflow/example_dags/example_latest_only_with_trigger.py
[2024-09-17T06:31:53.220-0300] {processor.py:830} INFO - Processing file /home/jezandre/airflow/airflow_env/lib/python3.11/site-packages/airflow/example_dags/example_latest_only_with_trigger.py for tasks to queue
[2024-09-17T06:31:53.222-0300] {logging_mixin.py:188} INFO - [2024-09-17T06:31:53.221-0300] {dagbag.py:545} INFO - Filling up the DagBag from /home/jezandre/airflow/airflow_env/lib/python3.11/site-packages/airflow/example_dags/example_latest_only_with_trigger.py
[2024-09-17T06:31:53.228-0300] {processor.py:840} INFO - DAG(s) 'latest_only_with_trigger' retrieved from /home/jezandre/airflow/airflow_env/lib/python3.11/site-packages/airflow/example_dags/example_latest_only_with_trigger.py
[2024-09-17T06:31:53.262-0300] {logging_mixin.py:188} INFO - [2024-09-17T06:31:53.261-0300] {dag.py:3089} INFO - Sync 1 DAGs
[2024-09-17T06:31:53.297-0300] {logging_mixin.py:188} INFO - [2024-09-17T06:31:53.297-0300] {dag.py:3947} INFO - Setting next_dagrun for latest_only_with_trigger to 2024-09-17 04:00:00+00:00, run_after=2024-09-17 08:00:00+00:00
[2024-09-17T06:31:53.327-0300] {processor.py:183} INFO - Processing /home/jezandre/airflow/airflow_env/lib/python3.11/site-packages/airflow/example_dags/example_latest_only_with_trigger.py took 0.118 seconds
[2024-09-17T06:32:24.031-0300] {processor.py:161} INFO - Started process (PID=22501) to work on /home/jezandre/airflow/airflow_env/lib/python3.11/site-packages/airflow/example_dags/example_latest_only_with_trigger.py
[2024-09-17T06:32:24.033-0300] {processor.py:830} INFO - Processing file /home/jezandre/airflow/airflow_env/lib/python3.11/site-packages/airflow/example_dags/example_latest_only_with_trigger.py for tasks to queue
[2024-09-17T06:32:24.036-0300] {logging_mixin.py:188} INFO - [2024-09-17T06:32:24.035-0300] {dagbag.py:545} INFO - Filling up the DagBag from /home/jezandre/airflow/airflow_env/lib/python3.11/site-packages/airflow/example_dags/example_latest_only_with_trigger.py
[2024-09-17T06:32:24.044-0300] {processor.py:840} INFO - DAG(s) 'latest_only_with_trigger' retrieved from /home/jezandre/airflow/airflow_env/lib/python3.11/site-packages/airflow/example_dags/example_latest_only_with_trigger.py
[2024-09-17T06:32:24.235-0300] {logging_mixin.py:188} INFO - [2024-09-17T06:32:24.234-0300] {dag.py:3089} INFO - Sync 1 DAGs
[2024-09-17T06:32:24.262-0300] {logging_mixin.py:188} INFO - [2024-09-17T06:32:24.262-0300] {dag.py:3947} INFO - Setting next_dagrun for latest_only_with_trigger to 2024-09-17 04:00:00+00:00, run_after=2024-09-17 08:00:00+00:00
[2024-09-17T06:32:24.292-0300] {processor.py:183} INFO - Processing /home/jezandre/airflow/airflow_env/lib/python3.11/site-packages/airflow/example_dags/example_latest_only_with_trigger.py took 0.267 seconds
[2024-09-17T06:32:54.617-0300] {processor.py:161} INFO - Started process (PID=22869) to work on /home/jezandre/airflow/airflow_env/lib/python3.11/site-packages/airflow/example_dags/example_latest_only_with_trigger.py
[2024-09-17T06:32:54.623-0300] {processor.py:830} INFO - Processing file /home/jezandre/airflow/airflow_env/lib/python3.11/site-packages/airflow/example_dags/example_latest_only_with_trigger.py for tasks to queue
[2024-09-17T06:32:54.626-0300] {logging_mixin.py:188} INFO - [2024-09-17T06:32:54.625-0300] {dagbag.py:545} INFO - Filling up the DagBag from /home/jezandre/airflow/airflow_env/lib/python3.11/site-packages/airflow/example_dags/example_latest_only_with_trigger.py
[2024-09-17T06:32:54.633-0300] {processor.py:840} INFO - DAG(s) 'latest_only_with_trigger' retrieved from /home/jezandre/airflow/airflow_env/lib/python3.11/site-packages/airflow/example_dags/example_latest_only_with_trigger.py
[2024-09-17T06:32:54.672-0300] {logging_mixin.py:188} INFO - [2024-09-17T06:32:54.671-0300] {dag.py:3089} INFO - Sync 1 DAGs
[2024-09-17T06:32:54.709-0300] {logging_mixin.py:188} INFO - [2024-09-17T06:32:54.709-0300] {dag.py:3947} INFO - Setting next_dagrun for latest_only_with_trigger to 2024-09-17 04:00:00+00:00, run_after=2024-09-17 08:00:00+00:00
[2024-09-17T06:32:54.742-0300] {processor.py:183} INFO - Processing /home/jezandre/airflow/airflow_env/lib/python3.11/site-packages/airflow/example_dags/example_latest_only_with_trigger.py took 0.135 seconds
[2024-09-17T06:33:25.352-0300] {processor.py:161} INFO - Started process (PID=23104) to work on /home/jezandre/airflow/airflow_env/lib/python3.11/site-packages/airflow/example_dags/example_latest_only_with_trigger.py
[2024-09-17T06:33:25.353-0300] {processor.py:830} INFO - Processing file /home/jezandre/airflow/airflow_env/lib/python3.11/site-packages/airflow/example_dags/example_latest_only_with_trigger.py for tasks to queue
[2024-09-17T06:33:25.356-0300] {logging_mixin.py:188} INFO - [2024-09-17T06:33:25.355-0300] {dagbag.py:545} INFO - Filling up the DagBag from /home/jezandre/airflow/airflow_env/lib/python3.11/site-packages/airflow/example_dags/example_latest_only_with_trigger.py
[2024-09-17T06:33:25.362-0300] {processor.py:840} INFO - DAG(s) 'latest_only_with_trigger' retrieved from /home/jezandre/airflow/airflow_env/lib/python3.11/site-packages/airflow/example_dags/example_latest_only_with_trigger.py
[2024-09-17T06:33:25.394-0300] {logging_mixin.py:188} INFO - [2024-09-17T06:33:25.393-0300] {dag.py:3089} INFO - Sync 1 DAGs
[2024-09-17T06:33:25.421-0300] {logging_mixin.py:188} INFO - [2024-09-17T06:33:25.421-0300] {dag.py:3947} INFO - Setting next_dagrun for latest_only_with_trigger to 2024-09-17 04:00:00+00:00, run_after=2024-09-17 08:00:00+00:00
[2024-09-17T06:33:25.449-0300] {processor.py:183} INFO - Processing /home/jezandre/airflow/airflow_env/lib/python3.11/site-packages/airflow/example_dags/example_latest_only_with_trigger.py took 0.106 seconds
[2024-09-17T06:33:55.980-0300] {processor.py:161} INFO - Started process (PID=23382) to work on /home/jezandre/airflow/airflow_env/lib/python3.11/site-packages/airflow/example_dags/example_latest_only_with_trigger.py
[2024-09-17T06:33:55.981-0300] {processor.py:830} INFO - Processing file /home/jezandre/airflow/airflow_env/lib/python3.11/site-packages/airflow/example_dags/example_latest_only_with_trigger.py for tasks to queue
[2024-09-17T06:33:55.984-0300] {logging_mixin.py:188} INFO - [2024-09-17T06:33:55.983-0300] {dagbag.py:545} INFO - Filling up the DagBag from /home/jezandre/airflow/airflow_env/lib/python3.11/site-packages/airflow/example_dags/example_latest_only_with_trigger.py
[2024-09-17T06:33:55.990-0300] {processor.py:840} INFO - DAG(s) 'latest_only_with_trigger' retrieved from /home/jezandre/airflow/airflow_env/lib/python3.11/site-packages/airflow/example_dags/example_latest_only_with_trigger.py
[2024-09-17T06:33:56.021-0300] {logging_mixin.py:188} INFO - [2024-09-17T06:33:56.021-0300] {dag.py:3089} INFO - Sync 1 DAGs
[2024-09-17T06:33:56.048-0300] {logging_mixin.py:188} INFO - [2024-09-17T06:33:56.048-0300] {dag.py:3947} INFO - Setting next_dagrun for latest_only_with_trigger to 2024-09-17 04:00:00+00:00, run_after=2024-09-17 08:00:00+00:00
[2024-09-17T06:33:56.075-0300] {processor.py:183} INFO - Processing /home/jezandre/airflow/airflow_env/lib/python3.11/site-packages/airflow/example_dags/example_latest_only_with_trigger.py took 0.103 seconds
[2024-09-17T06:34:26.311-0300] {processor.py:161} INFO - Started process (PID=23621) to work on /home/jezandre/airflow/airflow_env/lib/python3.11/site-packages/airflow/example_dags/example_latest_only_with_trigger.py
[2024-09-17T06:34:26.312-0300] {processor.py:830} INFO - Processing file /home/jezandre/airflow/airflow_env/lib/python3.11/site-packages/airflow/example_dags/example_latest_only_with_trigger.py for tasks to queue
[2024-09-17T06:34:26.314-0300] {logging_mixin.py:188} INFO - [2024-09-17T06:34:26.314-0300] {dagbag.py:545} INFO - Filling up the DagBag from /home/jezandre/airflow/airflow_env/lib/python3.11/site-packages/airflow/example_dags/example_latest_only_with_trigger.py
[2024-09-17T06:34:26.321-0300] {processor.py:840} INFO - DAG(s) 'latest_only_with_trigger' retrieved from /home/jezandre/airflow/airflow_env/lib/python3.11/site-packages/airflow/example_dags/example_latest_only_with_trigger.py
[2024-09-17T06:34:26.357-0300] {logging_mixin.py:188} INFO - [2024-09-17T06:34:26.356-0300] {dag.py:3089} INFO - Sync 1 DAGs
[2024-09-17T06:34:26.391-0300] {logging_mixin.py:188} INFO - [2024-09-17T06:34:26.391-0300] {dag.py:3947} INFO - Setting next_dagrun for latest_only_with_trigger to 2024-09-17 04:00:00+00:00, run_after=2024-09-17 08:00:00+00:00
[2024-09-17T06:34:26.428-0300] {processor.py:183} INFO - Processing /home/jezandre/airflow/airflow_env/lib/python3.11/site-packages/airflow/example_dags/example_latest_only_with_trigger.py took 0.124 seconds
[2024-09-17T06:34:56.827-0300] {processor.py:161} INFO - Started process (PID=23971) to work on /home/jezandre/airflow/airflow_env/lib/python3.11/site-packages/airflow/example_dags/example_latest_only_with_trigger.py
[2024-09-17T06:34:56.831-0300] {processor.py:830} INFO - Processing file /home/jezandre/airflow/airflow_env/lib/python3.11/site-packages/airflow/example_dags/example_latest_only_with_trigger.py for tasks to queue
[2024-09-17T06:34:56.833-0300] {logging_mixin.py:188} INFO - [2024-09-17T06:34:56.833-0300] {dagbag.py:545} INFO - Filling up the DagBag from /home/jezandre/airflow/airflow_env/lib/python3.11/site-packages/airflow/example_dags/example_latest_only_with_trigger.py
[2024-09-17T06:34:56.839-0300] {processor.py:840} INFO - DAG(s) 'latest_only_with_trigger' retrieved from /home/jezandre/airflow/airflow_env/lib/python3.11/site-packages/airflow/example_dags/example_latest_only_with_trigger.py
[2024-09-17T06:34:56.870-0300] {logging_mixin.py:188} INFO - [2024-09-17T06:34:56.870-0300] {dag.py:3089} INFO - Sync 1 DAGs
[2024-09-17T06:34:56.898-0300] {logging_mixin.py:188} INFO - [2024-09-17T06:34:56.897-0300] {dag.py:3947} INFO - Setting next_dagrun for latest_only_with_trigger to 2024-09-17 04:00:00+00:00, run_after=2024-09-17 08:00:00+00:00
[2024-09-17T06:34:56.922-0300] {processor.py:183} INFO - Processing /home/jezandre/airflow/airflow_env/lib/python3.11/site-packages/airflow/example_dags/example_latest_only_with_trigger.py took 0.102 seconds
[2024-09-17T06:35:27.535-0300] {processor.py:161} INFO - Started process (PID=24204) to work on /home/jezandre/airflow/airflow_env/lib/python3.11/site-packages/airflow/example_dags/example_latest_only_with_trigger.py
[2024-09-17T06:35:27.540-0300] {processor.py:830} INFO - Processing file /home/jezandre/airflow/airflow_env/lib/python3.11/site-packages/airflow/example_dags/example_latest_only_with_trigger.py for tasks to queue
[2024-09-17T06:35:27.542-0300] {logging_mixin.py:188} INFO - [2024-09-17T06:35:27.542-0300] {dagbag.py:545} INFO - Filling up the DagBag from /home/jezandre/airflow/airflow_env/lib/python3.11/site-packages/airflow/example_dags/example_latest_only_with_trigger.py
[2024-09-17T06:35:27.548-0300] {processor.py:840} INFO - DAG(s) 'latest_only_with_trigger' retrieved from /home/jezandre/airflow/airflow_env/lib/python3.11/site-packages/airflow/example_dags/example_latest_only_with_trigger.py
[2024-09-17T06:35:27.579-0300] {logging_mixin.py:188} INFO - [2024-09-17T06:35:27.578-0300] {dag.py:3089} INFO - Sync 1 DAGs
[2024-09-17T06:35:27.605-0300] {logging_mixin.py:188} INFO - [2024-09-17T06:35:27.605-0300] {dag.py:3947} INFO - Setting next_dagrun for latest_only_with_trigger to 2024-09-17 04:00:00+00:00, run_after=2024-09-17 08:00:00+00:00
[2024-09-17T06:35:27.631-0300] {processor.py:183} INFO - Processing /home/jezandre/airflow/airflow_env/lib/python3.11/site-packages/airflow/example_dags/example_latest_only_with_trigger.py took 0.103 seconds
[2024-09-17T06:35:57.765-0300] {processor.py:161} INFO - Started process (PID=24532) to work on /home/jezandre/airflow/airflow_env/lib/python3.11/site-packages/airflow/example_dags/example_latest_only_with_trigger.py
[2024-09-17T06:35:57.769-0300] {processor.py:830} INFO - Processing file /home/jezandre/airflow/airflow_env/lib/python3.11/site-packages/airflow/example_dags/example_latest_only_with_trigger.py for tasks to queue
[2024-09-17T06:35:57.771-0300] {logging_mixin.py:188} INFO - [2024-09-17T06:35:57.771-0300] {dagbag.py:545} INFO - Filling up the DagBag from /home/jezandre/airflow/airflow_env/lib/python3.11/site-packages/airflow/example_dags/example_latest_only_with_trigger.py
[2024-09-17T06:35:57.777-0300] {processor.py:840} INFO - DAG(s) 'latest_only_with_trigger' retrieved from /home/jezandre/airflow/airflow_env/lib/python3.11/site-packages/airflow/example_dags/example_latest_only_with_trigger.py
[2024-09-17T06:35:57.814-0300] {logging_mixin.py:188} INFO - [2024-09-17T06:35:57.813-0300] {dag.py:3089} INFO - Sync 1 DAGs
[2024-09-17T06:35:57.841-0300] {logging_mixin.py:188} INFO - [2024-09-17T06:35:57.840-0300] {dag.py:3947} INFO - Setting next_dagrun for latest_only_with_trigger to 2024-09-17 04:00:00+00:00, run_after=2024-09-17 08:00:00+00:00
[2024-09-17T06:35:57.867-0300] {processor.py:183} INFO - Processing /home/jezandre/airflow/airflow_env/lib/python3.11/site-packages/airflow/example_dags/example_latest_only_with_trigger.py took 0.110 seconds
[2024-09-17T06:36:28.107-0300] {processor.py:161} INFO - Started process (PID=24747) to work on /home/jezandre/airflow/airflow_env/lib/python3.11/site-packages/airflow/example_dags/example_latest_only_with_trigger.py
[2024-09-17T06:36:28.109-0300] {processor.py:830} INFO - Processing file /home/jezandre/airflow/airflow_env/lib/python3.11/site-packages/airflow/example_dags/example_latest_only_with_trigger.py for tasks to queue
[2024-09-17T06:36:28.111-0300] {logging_mixin.py:188} INFO - [2024-09-17T06:36:28.110-0300] {dagbag.py:545} INFO - Filling up the DagBag from /home/jezandre/airflow/airflow_env/lib/python3.11/site-packages/airflow/example_dags/example_latest_only_with_trigger.py
[2024-09-17T06:36:28.116-0300] {processor.py:840} INFO - DAG(s) 'latest_only_with_trigger' retrieved from /home/jezandre/airflow/airflow_env/lib/python3.11/site-packages/airflow/example_dags/example_latest_only_with_trigger.py
[2024-09-17T06:36:28.146-0300] {logging_mixin.py:188} INFO - [2024-09-17T06:36:28.146-0300] {dag.py:3089} INFO - Sync 1 DAGs
[2024-09-17T06:36:28.174-0300] {logging_mixin.py:188} INFO - [2024-09-17T06:36:28.173-0300] {dag.py:3947} INFO - Setting next_dagrun for latest_only_with_trigger to 2024-09-17 04:00:00+00:00, run_after=2024-09-17 08:00:00+00:00
[2024-09-17T06:36:28.202-0300] {processor.py:183} INFO - Processing /home/jezandre/airflow/airflow_env/lib/python3.11/site-packages/airflow/example_dags/example_latest_only_with_trigger.py took 0.102 seconds
[2024-09-17T06:36:58.579-0300] {processor.py:161} INFO - Started process (PID=24982) to work on /home/jezandre/airflow/airflow_env/lib/python3.11/site-packages/airflow/example_dags/example_latest_only_with_trigger.py
[2024-09-17T06:36:58.580-0300] {processor.py:830} INFO - Processing file /home/jezandre/airflow/airflow_env/lib/python3.11/site-packages/airflow/example_dags/example_latest_only_with_trigger.py for tasks to queue
[2024-09-17T06:36:58.583-0300] {logging_mixin.py:188} INFO - [2024-09-17T06:36:58.582-0300] {dagbag.py:545} INFO - Filling up the DagBag from /home/jezandre/airflow/airflow_env/lib/python3.11/site-packages/airflow/example_dags/example_latest_only_with_trigger.py
[2024-09-17T06:36:58.588-0300] {processor.py:840} INFO - DAG(s) 'latest_only_with_trigger' retrieved from /home/jezandre/airflow/airflow_env/lib/python3.11/site-packages/airflow/example_dags/example_latest_only_with_trigger.py
[2024-09-17T06:36:58.618-0300] {logging_mixin.py:188} INFO - [2024-09-17T06:36:58.618-0300] {dag.py:3089} INFO - Sync 1 DAGs
[2024-09-17T06:36:58.643-0300] {logging_mixin.py:188} INFO - [2024-09-17T06:36:58.643-0300] {dag.py:3947} INFO - Setting next_dagrun for latest_only_with_trigger to 2024-09-17 04:00:00+00:00, run_after=2024-09-17 08:00:00+00:00
[2024-09-17T06:36:58.671-0300] {processor.py:183} INFO - Processing /home/jezandre/airflow/airflow_env/lib/python3.11/site-packages/airflow/example_dags/example_latest_only_with_trigger.py took 0.101 seconds
[2024-09-17T06:37:29.412-0300] {processor.py:161} INFO - Started process (PID=25191) to work on /home/jezandre/airflow/airflow_env/lib/python3.11/site-packages/airflow/example_dags/example_latest_only_with_trigger.py
[2024-09-17T06:37:29.414-0300] {processor.py:830} INFO - Processing file /home/jezandre/airflow/airflow_env/lib/python3.11/site-packages/airflow/example_dags/example_latest_only_with_trigger.py for tasks to queue
[2024-09-17T06:37:29.417-0300] {logging_mixin.py:188} INFO - [2024-09-17T06:37:29.416-0300] {dagbag.py:545} INFO - Filling up the DagBag from /home/jezandre/airflow/airflow_env/lib/python3.11/site-packages/airflow/example_dags/example_latest_only_with_trigger.py
[2024-09-17T06:37:29.431-0300] {processor.py:840} INFO - DAG(s) 'latest_only_with_trigger' retrieved from /home/jezandre/airflow/airflow_env/lib/python3.11/site-packages/airflow/example_dags/example_latest_only_with_trigger.py
[2024-09-17T06:37:29.600-0300] {logging_mixin.py:188} INFO - [2024-09-17T06:37:29.599-0300] {dag.py:3089} INFO - Sync 1 DAGs
[2024-09-17T06:37:29.632-0300] {logging_mixin.py:188} INFO - [2024-09-17T06:37:29.632-0300] {dag.py:3947} INFO - Setting next_dagrun for latest_only_with_trigger to 2024-09-17 04:00:00+00:00, run_after=2024-09-17 08:00:00+00:00
[2024-09-17T06:37:29.666-0300] {processor.py:183} INFO - Processing /home/jezandre/airflow/airflow_env/lib/python3.11/site-packages/airflow/example_dags/example_latest_only_with_trigger.py took 0.267 seconds
[2024-09-17T06:38:00.156-0300] {processor.py:161} INFO - Started process (PID=25427) to work on /home/jezandre/airflow/airflow_env/lib/python3.11/site-packages/airflow/example_dags/example_latest_only_with_trigger.py
[2024-09-17T06:38:00.157-0300] {processor.py:830} INFO - Processing file /home/jezandre/airflow/airflow_env/lib/python3.11/site-packages/airflow/example_dags/example_latest_only_with_trigger.py for tasks to queue
[2024-09-17T06:38:00.159-0300] {logging_mixin.py:188} INFO - [2024-09-17T06:38:00.159-0300] {dagbag.py:545} INFO - Filling up the DagBag from /home/jezandre/airflow/airflow_env/lib/python3.11/site-packages/airflow/example_dags/example_latest_only_with_trigger.py
[2024-09-17T06:38:00.166-0300] {processor.py:840} INFO - DAG(s) 'latest_only_with_trigger' retrieved from /home/jezandre/airflow/airflow_env/lib/python3.11/site-packages/airflow/example_dags/example_latest_only_with_trigger.py
[2024-09-17T06:38:00.195-0300] {logging_mixin.py:188} INFO - [2024-09-17T06:38:00.195-0300] {dag.py:3089} INFO - Sync 1 DAGs
[2024-09-17T06:38:00.222-0300] {logging_mixin.py:188} INFO - [2024-09-17T06:38:00.222-0300] {dag.py:3947} INFO - Setting next_dagrun for latest_only_with_trigger to 2024-09-17 04:00:00+00:00, run_after=2024-09-17 08:00:00+00:00
[2024-09-17T06:38:00.249-0300] {processor.py:183} INFO - Processing /home/jezandre/airflow/airflow_env/lib/python3.11/site-packages/airflow/example_dags/example_latest_only_with_trigger.py took 0.100 seconds
[2024-09-17T06:38:30.441-0300] {processor.py:161} INFO - Started process (PID=25736) to work on /home/jezandre/airflow/airflow_env/lib/python3.11/site-packages/airflow/example_dags/example_latest_only_with_trigger.py
[2024-09-17T06:38:30.443-0300] {processor.py:830} INFO - Processing file /home/jezandre/airflow/airflow_env/lib/python3.11/site-packages/airflow/example_dags/example_latest_only_with_trigger.py for tasks to queue
[2024-09-17T06:38:30.444-0300] {logging_mixin.py:188} INFO - [2024-09-17T06:38:30.444-0300] {dagbag.py:545} INFO - Filling up the DagBag from /home/jezandre/airflow/airflow_env/lib/python3.11/site-packages/airflow/example_dags/example_latest_only_with_trigger.py
[2024-09-17T06:38:30.450-0300] {processor.py:840} INFO - DAG(s) 'latest_only_with_trigger' retrieved from /home/jezandre/airflow/airflow_env/lib/python3.11/site-packages/airflow/example_dags/example_latest_only_with_trigger.py
[2024-09-17T06:38:30.477-0300] {logging_mixin.py:188} INFO - [2024-09-17T06:38:30.477-0300] {dag.py:3089} INFO - Sync 1 DAGs
[2024-09-17T06:38:30.502-0300] {logging_mixin.py:188} INFO - [2024-09-17T06:38:30.502-0300] {dag.py:3947} INFO - Setting next_dagrun for latest_only_with_trigger to 2024-09-17 04:00:00+00:00, run_after=2024-09-17 08:00:00+00:00
[2024-09-17T06:38:30.533-0300] {processor.py:183} INFO - Processing /home/jezandre/airflow/airflow_env/lib/python3.11/site-packages/airflow/example_dags/example_latest_only_with_trigger.py took 0.099 seconds
[2024-09-17T06:39:01.250-0300] {processor.py:161} INFO - Started process (PID=26064) to work on /home/jezandre/airflow/airflow_env/lib/python3.11/site-packages/airflow/example_dags/example_latest_only_with_trigger.py
[2024-09-17T06:39:01.251-0300] {processor.py:830} INFO - Processing file /home/jezandre/airflow/airflow_env/lib/python3.11/site-packages/airflow/example_dags/example_latest_only_with_trigger.py for tasks to queue
[2024-09-17T06:39:01.254-0300] {logging_mixin.py:188} INFO - [2024-09-17T06:39:01.254-0300] {dagbag.py:545} INFO - Filling up the DagBag from /home/jezandre/airflow/airflow_env/lib/python3.11/site-packages/airflow/example_dags/example_latest_only_with_trigger.py
[2024-09-17T06:39:01.260-0300] {processor.py:840} INFO - DAG(s) 'latest_only_with_trigger' retrieved from /home/jezandre/airflow/airflow_env/lib/python3.11/site-packages/airflow/example_dags/example_latest_only_with_trigger.py
[2024-09-17T06:39:01.294-0300] {logging_mixin.py:188} INFO - [2024-09-17T06:39:01.294-0300] {dag.py:3089} INFO - Sync 1 DAGs
[2024-09-17T06:39:01.325-0300] {logging_mixin.py:188} INFO - [2024-09-17T06:39:01.325-0300] {dag.py:3947} INFO - Setting next_dagrun for latest_only_with_trigger to 2024-09-17 04:00:00+00:00, run_after=2024-09-17 08:00:00+00:00
[2024-09-17T06:39:01.352-0300] {processor.py:183} INFO - Processing /home/jezandre/airflow/airflow_env/lib/python3.11/site-packages/airflow/example_dags/example_latest_only_with_trigger.py took 0.111 seconds
[2024-09-17T06:39:31.731-0300] {processor.py:161} INFO - Started process (PID=26304) to work on /home/jezandre/airflow/airflow_env/lib/python3.11/site-packages/airflow/example_dags/example_latest_only_with_trigger.py
[2024-09-17T06:39:31.732-0300] {processor.py:830} INFO - Processing file /home/jezandre/airflow/airflow_env/lib/python3.11/site-packages/airflow/example_dags/example_latest_only_with_trigger.py for tasks to queue
[2024-09-17T06:39:31.734-0300] {logging_mixin.py:188} INFO - [2024-09-17T06:39:31.734-0300] {dagbag.py:545} INFO - Filling up the DagBag from /home/jezandre/airflow/airflow_env/lib/python3.11/site-packages/airflow/example_dags/example_latest_only_with_trigger.py
[2024-09-17T06:39:31.740-0300] {processor.py:840} INFO - DAG(s) 'latest_only_with_trigger' retrieved from /home/jezandre/airflow/airflow_env/lib/python3.11/site-packages/airflow/example_dags/example_latest_only_with_trigger.py
[2024-09-17T06:39:31.771-0300] {logging_mixin.py:188} INFO - [2024-09-17T06:39:31.771-0300] {dag.py:3089} INFO - Sync 1 DAGs
[2024-09-17T06:39:31.802-0300] {logging_mixin.py:188} INFO - [2024-09-17T06:39:31.802-0300] {dag.py:3947} INFO - Setting next_dagrun for latest_only_with_trigger to 2024-09-17 04:00:00+00:00, run_after=2024-09-17 08:00:00+00:00
[2024-09-17T06:39:31.827-0300] {processor.py:183} INFO - Processing /home/jezandre/airflow/airflow_env/lib/python3.11/site-packages/airflow/example_dags/example_latest_only_with_trigger.py took 0.109 seconds
[2024-09-17T06:40:02.564-0300] {processor.py:161} INFO - Started process (PID=26578) to work on /home/jezandre/airflow/airflow_env/lib/python3.11/site-packages/airflow/example_dags/example_latest_only_with_trigger.py
[2024-09-17T06:40:02.565-0300] {processor.py:830} INFO - Processing file /home/jezandre/airflow/airflow_env/lib/python3.11/site-packages/airflow/example_dags/example_latest_only_with_trigger.py for tasks to queue
[2024-09-17T06:40:02.568-0300] {logging_mixin.py:188} INFO - [2024-09-17T06:40:02.568-0300] {dagbag.py:545} INFO - Filling up the DagBag from /home/jezandre/airflow/airflow_env/lib/python3.11/site-packages/airflow/example_dags/example_latest_only_with_trigger.py
[2024-09-17T06:40:02.573-0300] {processor.py:840} INFO - DAG(s) 'latest_only_with_trigger' retrieved from /home/jezandre/airflow/airflow_env/lib/python3.11/site-packages/airflow/example_dags/example_latest_only_with_trigger.py
[2024-09-17T06:40:02.616-0300] {logging_mixin.py:188} INFO - [2024-09-17T06:40:02.615-0300] {dag.py:3089} INFO - Sync 1 DAGs
[2024-09-17T06:40:02.666-0300] {logging_mixin.py:188} INFO - [2024-09-17T06:40:02.665-0300] {dag.py:3947} INFO - Setting next_dagrun for latest_only_with_trigger to 2024-09-17 04:00:00+00:00, run_after=2024-09-17 08:00:00+00:00
[2024-09-17T06:40:02.706-0300] {processor.py:183} INFO - Processing /home/jezandre/airflow/airflow_env/lib/python3.11/site-packages/airflow/example_dags/example_latest_only_with_trigger.py took 0.153 seconds
[2024-09-17T06:40:33.040-0300] {processor.py:161} INFO - Started process (PID=26926) to work on /home/jezandre/airflow/airflow_env/lib/python3.11/site-packages/airflow/example_dags/example_latest_only_with_trigger.py
[2024-09-17T06:40:33.041-0300] {processor.py:830} INFO - Processing file /home/jezandre/airflow/airflow_env/lib/python3.11/site-packages/airflow/example_dags/example_latest_only_with_trigger.py for tasks to queue
[2024-09-17T06:40:33.044-0300] {logging_mixin.py:188} INFO - [2024-09-17T06:40:33.043-0300] {dagbag.py:545} INFO - Filling up the DagBag from /home/jezandre/airflow/airflow_env/lib/python3.11/site-packages/airflow/example_dags/example_latest_only_with_trigger.py
[2024-09-17T06:40:33.049-0300] {processor.py:840} INFO - DAG(s) 'latest_only_with_trigger' retrieved from /home/jezandre/airflow/airflow_env/lib/python3.11/site-packages/airflow/example_dags/example_latest_only_with_trigger.py
[2024-09-17T06:40:33.077-0300] {logging_mixin.py:188} INFO - [2024-09-17T06:40:33.076-0300] {dag.py:3089} INFO - Sync 1 DAGs
[2024-09-17T06:40:33.109-0300] {logging_mixin.py:188} INFO - [2024-09-17T06:40:33.109-0300] {dag.py:3947} INFO - Setting next_dagrun for latest_only_with_trigger to 2024-09-17 04:00:00+00:00, run_after=2024-09-17 08:00:00+00:00
[2024-09-17T06:40:33.135-0300] {processor.py:183} INFO - Processing /home/jezandre/airflow/airflow_env/lib/python3.11/site-packages/airflow/example_dags/example_latest_only_with_trigger.py took 0.103 seconds
[2024-09-17T06:41:03.575-0300] {processor.py:161} INFO - Started process (PID=27281) to work on /home/jezandre/airflow/airflow_env/lib/python3.11/site-packages/airflow/example_dags/example_latest_only_with_trigger.py
[2024-09-17T06:41:03.577-0300] {processor.py:830} INFO - Processing file /home/jezandre/airflow/airflow_env/lib/python3.11/site-packages/airflow/example_dags/example_latest_only_with_trigger.py for tasks to queue
[2024-09-17T06:41:03.579-0300] {logging_mixin.py:188} INFO - [2024-09-17T06:41:03.579-0300] {dagbag.py:545} INFO - Filling up the DagBag from /home/jezandre/airflow/airflow_env/lib/python3.11/site-packages/airflow/example_dags/example_latest_only_with_trigger.py
[2024-09-17T06:41:03.585-0300] {processor.py:840} INFO - DAG(s) 'latest_only_with_trigger' retrieved from /home/jezandre/airflow/airflow_env/lib/python3.11/site-packages/airflow/example_dags/example_latest_only_with_trigger.py
[2024-09-17T06:41:03.616-0300] {logging_mixin.py:188} INFO - [2024-09-17T06:41:03.615-0300] {dag.py:3089} INFO - Sync 1 DAGs
[2024-09-17T06:41:03.647-0300] {logging_mixin.py:188} INFO - [2024-09-17T06:41:03.647-0300] {dag.py:3947} INFO - Setting next_dagrun for latest_only_with_trigger to 2024-09-17 04:00:00+00:00, run_after=2024-09-17 08:00:00+00:00
[2024-09-17T06:41:03.671-0300] {processor.py:183} INFO - Processing /home/jezandre/airflow/airflow_env/lib/python3.11/site-packages/airflow/example_dags/example_latest_only_with_trigger.py took 0.103 seconds
[2024-09-17T06:41:34.107-0300] {processor.py:161} INFO - Started process (PID=27621) to work on /home/jezandre/airflow/airflow_env/lib/python3.11/site-packages/airflow/example_dags/example_latest_only_with_trigger.py
[2024-09-17T06:41:34.109-0300] {processor.py:830} INFO - Processing file /home/jezandre/airflow/airflow_env/lib/python3.11/site-packages/airflow/example_dags/example_latest_only_with_trigger.py for tasks to queue
[2024-09-17T06:41:34.111-0300] {logging_mixin.py:188} INFO - [2024-09-17T06:41:34.110-0300] {dagbag.py:545} INFO - Filling up the DagBag from /home/jezandre/airflow/airflow_env/lib/python3.11/site-packages/airflow/example_dags/example_latest_only_with_trigger.py
[2024-09-17T06:41:34.116-0300] {processor.py:840} INFO - DAG(s) 'latest_only_with_trigger' retrieved from /home/jezandre/airflow/airflow_env/lib/python3.11/site-packages/airflow/example_dags/example_latest_only_with_trigger.py
[2024-09-17T06:41:34.146-0300] {logging_mixin.py:188} INFO - [2024-09-17T06:41:34.146-0300] {dag.py:3089} INFO - Sync 1 DAGs
[2024-09-17T06:41:34.174-0300] {logging_mixin.py:188} INFO - [2024-09-17T06:41:34.174-0300] {dag.py:3947} INFO - Setting next_dagrun for latest_only_with_trigger to 2024-09-17 04:00:00+00:00, run_after=2024-09-17 08:00:00+00:00
[2024-09-17T06:41:34.200-0300] {processor.py:183} INFO - Processing /home/jezandre/airflow/airflow_env/lib/python3.11/site-packages/airflow/example_dags/example_latest_only_with_trigger.py took 0.102 seconds
[2024-09-17T06:42:04.512-0300] {processor.py:161} INFO - Started process (PID=27853) to work on /home/jezandre/airflow/airflow_env/lib/python3.11/site-packages/airflow/example_dags/example_latest_only_with_trigger.py
[2024-09-17T06:42:04.514-0300] {processor.py:830} INFO - Processing file /home/jezandre/airflow/airflow_env/lib/python3.11/site-packages/airflow/example_dags/example_latest_only_with_trigger.py for tasks to queue
[2024-09-17T06:42:04.515-0300] {logging_mixin.py:188} INFO - [2024-09-17T06:42:04.515-0300] {dagbag.py:545} INFO - Filling up the DagBag from /home/jezandre/airflow/airflow_env/lib/python3.11/site-packages/airflow/example_dags/example_latest_only_with_trigger.py
[2024-09-17T06:42:04.520-0300] {processor.py:840} INFO - DAG(s) 'latest_only_with_trigger' retrieved from /home/jezandre/airflow/airflow_env/lib/python3.11/site-packages/airflow/example_dags/example_latest_only_with_trigger.py
[2024-09-17T06:42:04.551-0300] {logging_mixin.py:188} INFO - [2024-09-17T06:42:04.551-0300] {dag.py:3089} INFO - Sync 1 DAGs
[2024-09-17T06:42:04.578-0300] {logging_mixin.py:188} INFO - [2024-09-17T06:42:04.578-0300] {dag.py:3947} INFO - Setting next_dagrun for latest_only_with_trigger to 2024-09-17 04:00:00+00:00, run_after=2024-09-17 08:00:00+00:00
[2024-09-17T06:42:04.614-0300] {processor.py:183} INFO - Processing /home/jezandre/airflow/airflow_env/lib/python3.11/site-packages/airflow/example_dags/example_latest_only_with_trigger.py took 0.109 seconds
[2024-09-17T06:42:34.962-0300] {processor.py:161} INFO - Started process (PID=28059) to work on /home/jezandre/airflow/airflow_env/lib/python3.11/site-packages/airflow/example_dags/example_latest_only_with_trigger.py
[2024-09-17T06:42:34.963-0300] {processor.py:830} INFO - Processing file /home/jezandre/airflow/airflow_env/lib/python3.11/site-packages/airflow/example_dags/example_latest_only_with_trigger.py for tasks to queue
[2024-09-17T06:42:34.965-0300] {logging_mixin.py:188} INFO - [2024-09-17T06:42:34.965-0300] {dagbag.py:545} INFO - Filling up the DagBag from /home/jezandre/airflow/airflow_env/lib/python3.11/site-packages/airflow/example_dags/example_latest_only_with_trigger.py
[2024-09-17T06:42:34.971-0300] {processor.py:840} INFO - DAG(s) 'latest_only_with_trigger' retrieved from /home/jezandre/airflow/airflow_env/lib/python3.11/site-packages/airflow/example_dags/example_latest_only_with_trigger.py
[2024-09-17T06:42:35.195-0300] {logging_mixin.py:188} INFO - [2024-09-17T06:42:35.195-0300] {dag.py:3089} INFO - Sync 1 DAGs
[2024-09-17T06:42:35.229-0300] {logging_mixin.py:188} INFO - [2024-09-17T06:42:35.228-0300] {dag.py:3947} INFO - Setting next_dagrun for latest_only_with_trigger to 2024-09-17 04:00:00+00:00, run_after=2024-09-17 08:00:00+00:00
[2024-09-17T06:42:35.261-0300] {processor.py:183} INFO - Processing /home/jezandre/airflow/airflow_env/lib/python3.11/site-packages/airflow/example_dags/example_latest_only_with_trigger.py took 0.312 seconds
[2024-09-17T06:43:05.937-0300] {processor.py:161} INFO - Started process (PID=28825) to work on /home/jezandre/airflow/airflow_env/lib/python3.11/site-packages/airflow/example_dags/example_latest_only_with_trigger.py
[2024-09-17T06:43:05.939-0300] {processor.py:830} INFO - Processing file /home/jezandre/airflow/airflow_env/lib/python3.11/site-packages/airflow/example_dags/example_latest_only_with_trigger.py for tasks to queue
[2024-09-17T06:43:05.941-0300] {logging_mixin.py:188} INFO - [2024-09-17T06:43:05.941-0300] {dagbag.py:545} INFO - Filling up the DagBag from /home/jezandre/airflow/airflow_env/lib/python3.11/site-packages/airflow/example_dags/example_latest_only_with_trigger.py
[2024-09-17T06:43:05.948-0300] {processor.py:840} INFO - DAG(s) 'latest_only_with_trigger' retrieved from /home/jezandre/airflow/airflow_env/lib/python3.11/site-packages/airflow/example_dags/example_latest_only_with_trigger.py
[2024-09-17T06:43:05.979-0300] {logging_mixin.py:188} INFO - [2024-09-17T06:43:05.979-0300] {dag.py:3089} INFO - Sync 1 DAGs
[2024-09-17T06:43:06.005-0300] {logging_mixin.py:188} INFO - [2024-09-17T06:43:06.005-0300] {dag.py:3947} INFO - Setting next_dagrun for latest_only_with_trigger to 2024-09-17 04:00:00+00:00, run_after=2024-09-17 08:00:00+00:00
[2024-09-17T06:43:06.030-0300] {processor.py:183} INFO - Processing /home/jezandre/airflow/airflow_env/lib/python3.11/site-packages/airflow/example_dags/example_latest_only_with_trigger.py took 0.102 seconds
[2024-09-17T06:43:37.028-0300] {processor.py:161} INFO - Started process (PID=29119) to work on /home/jezandre/airflow/airflow_env/lib/python3.11/site-packages/airflow/example_dags/example_latest_only_with_trigger.py
[2024-09-17T06:43:37.029-0300] {processor.py:830} INFO - Processing file /home/jezandre/airflow/airflow_env/lib/python3.11/site-packages/airflow/example_dags/example_latest_only_with_trigger.py for tasks to queue
[2024-09-17T06:43:37.031-0300] {logging_mixin.py:188} INFO - [2024-09-17T06:43:37.031-0300] {dagbag.py:545} INFO - Filling up the DagBag from /home/jezandre/airflow/airflow_env/lib/python3.11/site-packages/airflow/example_dags/example_latest_only_with_trigger.py
[2024-09-17T06:43:37.037-0300] {processor.py:840} INFO - DAG(s) 'latest_only_with_trigger' retrieved from /home/jezandre/airflow/airflow_env/lib/python3.11/site-packages/airflow/example_dags/example_latest_only_with_trigger.py
[2024-09-17T06:43:37.065-0300] {logging_mixin.py:188} INFO - [2024-09-17T06:43:37.065-0300] {dag.py:3089} INFO - Sync 1 DAGs
[2024-09-17T06:43:37.093-0300] {logging_mixin.py:188} INFO - [2024-09-17T06:43:37.093-0300] {dag.py:3947} INFO - Setting next_dagrun for latest_only_with_trigger to 2024-09-17 04:00:00+00:00, run_after=2024-09-17 08:00:00+00:00
[2024-09-17T06:43:37.118-0300] {processor.py:183} INFO - Processing /home/jezandre/airflow/airflow_env/lib/python3.11/site-packages/airflow/example_dags/example_latest_only_with_trigger.py took 0.100 seconds
[2024-09-17T06:44:07.808-0300] {processor.py:161} INFO - Started process (PID=29346) to work on /home/jezandre/airflow/airflow_env/lib/python3.11/site-packages/airflow/example_dags/example_latest_only_with_trigger.py
[2024-09-17T06:44:07.809-0300] {processor.py:830} INFO - Processing file /home/jezandre/airflow/airflow_env/lib/python3.11/site-packages/airflow/example_dags/example_latest_only_with_trigger.py for tasks to queue
[2024-09-17T06:44:07.810-0300] {logging_mixin.py:188} INFO - [2024-09-17T06:44:07.810-0300] {dagbag.py:545} INFO - Filling up the DagBag from /home/jezandre/airflow/airflow_env/lib/python3.11/site-packages/airflow/example_dags/example_latest_only_with_trigger.py
[2024-09-17T06:44:07.815-0300] {processor.py:840} INFO - DAG(s) 'latest_only_with_trigger' retrieved from /home/jezandre/airflow/airflow_env/lib/python3.11/site-packages/airflow/example_dags/example_latest_only_with_trigger.py
[2024-09-17T06:44:07.851-0300] {logging_mixin.py:188} INFO - [2024-09-17T06:44:07.851-0300] {dag.py:3089} INFO - Sync 1 DAGs
[2024-09-17T06:44:07.880-0300] {logging_mixin.py:188} INFO - [2024-09-17T06:44:07.880-0300] {dag.py:3947} INFO - Setting next_dagrun for latest_only_with_trigger to 2024-09-17 04:00:00+00:00, run_after=2024-09-17 08:00:00+00:00
[2024-09-17T06:44:07.908-0300] {processor.py:183} INFO - Processing /home/jezandre/airflow/airflow_env/lib/python3.11/site-packages/airflow/example_dags/example_latest_only_with_trigger.py took 0.109 seconds
[2024-09-17T06:44:38.112-0300] {processor.py:161} INFO - Started process (PID=29540) to work on /home/jezandre/airflow/airflow_env/lib/python3.11/site-packages/airflow/example_dags/example_latest_only_with_trigger.py
[2024-09-17T06:44:38.114-0300] {processor.py:830} INFO - Processing file /home/jezandre/airflow/airflow_env/lib/python3.11/site-packages/airflow/example_dags/example_latest_only_with_trigger.py for tasks to queue
[2024-09-17T06:44:38.116-0300] {logging_mixin.py:188} INFO - [2024-09-17T06:44:38.115-0300] {dagbag.py:545} INFO - Filling up the DagBag from /home/jezandre/airflow/airflow_env/lib/python3.11/site-packages/airflow/example_dags/example_latest_only_with_trigger.py
[2024-09-17T06:44:38.121-0300] {processor.py:840} INFO - DAG(s) 'latest_only_with_trigger' retrieved from /home/jezandre/airflow/airflow_env/lib/python3.11/site-packages/airflow/example_dags/example_latest_only_with_trigger.py
[2024-09-17T06:44:38.148-0300] {logging_mixin.py:188} INFO - [2024-09-17T06:44:38.147-0300] {dag.py:3089} INFO - Sync 1 DAGs
[2024-09-17T06:44:38.174-0300] {logging_mixin.py:188} INFO - [2024-09-17T06:44:38.174-0300] {dag.py:3947} INFO - Setting next_dagrun for latest_only_with_trigger to 2024-09-17 04:00:00+00:00, run_after=2024-09-17 08:00:00+00:00
[2024-09-17T06:44:38.198-0300] {processor.py:183} INFO - Processing /home/jezandre/airflow/airflow_env/lib/python3.11/site-packages/airflow/example_dags/example_latest_only_with_trigger.py took 0.095 seconds
[2024-09-17T06:45:09.068-0300] {processor.py:161} INFO - Started process (PID=29876) to work on /home/jezandre/airflow/airflow_env/lib/python3.11/site-packages/airflow/example_dags/example_latest_only_with_trigger.py
[2024-09-17T06:45:09.071-0300] {processor.py:830} INFO - Processing file /home/jezandre/airflow/airflow_env/lib/python3.11/site-packages/airflow/example_dags/example_latest_only_with_trigger.py for tasks to queue
[2024-09-17T06:45:09.073-0300] {logging_mixin.py:188} INFO - [2024-09-17T06:45:09.073-0300] {dagbag.py:545} INFO - Filling up the DagBag from /home/jezandre/airflow/airflow_env/lib/python3.11/site-packages/airflow/example_dags/example_latest_only_with_trigger.py
[2024-09-17T06:45:09.079-0300] {processor.py:840} INFO - DAG(s) 'latest_only_with_trigger' retrieved from /home/jezandre/airflow/airflow_env/lib/python3.11/site-packages/airflow/example_dags/example_latest_only_with_trigger.py
[2024-09-17T06:45:09.127-0300] {logging_mixin.py:188} INFO - [2024-09-17T06:45:09.126-0300] {dag.py:3089} INFO - Sync 1 DAGs
[2024-09-17T06:45:09.161-0300] {logging_mixin.py:188} INFO - [2024-09-17T06:45:09.161-0300] {dag.py:3947} INFO - Setting next_dagrun for latest_only_with_trigger to 2024-09-17 04:00:00+00:00, run_after=2024-09-17 08:00:00+00:00
[2024-09-17T06:45:09.203-0300] {processor.py:183} INFO - Processing /home/jezandre/airflow/airflow_env/lib/python3.11/site-packages/airflow/example_dags/example_latest_only_with_trigger.py took 0.155 seconds
[2024-09-17T06:45:39.385-0300] {processor.py:161} INFO - Started process (PID=30163) to work on /home/jezandre/airflow/airflow_env/lib/python3.11/site-packages/airflow/example_dags/example_latest_only_with_trigger.py
[2024-09-17T06:45:39.386-0300] {processor.py:830} INFO - Processing file /home/jezandre/airflow/airflow_env/lib/python3.11/site-packages/airflow/example_dags/example_latest_only_with_trigger.py for tasks to queue
[2024-09-17T06:45:39.387-0300] {logging_mixin.py:188} INFO - [2024-09-17T06:45:39.387-0300] {dagbag.py:545} INFO - Filling up the DagBag from /home/jezandre/airflow/airflow_env/lib/python3.11/site-packages/airflow/example_dags/example_latest_only_with_trigger.py
[2024-09-17T06:45:39.391-0300] {processor.py:840} INFO - DAG(s) 'latest_only_with_trigger' retrieved from /home/jezandre/airflow/airflow_env/lib/python3.11/site-packages/airflow/example_dags/example_latest_only_with_trigger.py
[2024-09-17T06:45:39.416-0300] {logging_mixin.py:188} INFO - [2024-09-17T06:45:39.416-0300] {dag.py:3089} INFO - Sync 1 DAGs
[2024-09-17T06:45:39.443-0300] {logging_mixin.py:188} INFO - [2024-09-17T06:45:39.442-0300] {dag.py:3947} INFO - Setting next_dagrun for latest_only_with_trigger to 2024-09-17 04:00:00+00:00, run_after=2024-09-17 08:00:00+00:00
[2024-09-17T06:45:39.469-0300] {processor.py:183} INFO - Processing /home/jezandre/airflow/airflow_env/lib/python3.11/site-packages/airflow/example_dags/example_latest_only_with_trigger.py took 0.092 seconds
[2024-09-17T06:46:10.405-0300] {processor.py:161} INFO - Started process (PID=30500) to work on /home/jezandre/airflow/airflow_env/lib/python3.11/site-packages/airflow/example_dags/example_latest_only_with_trigger.py
[2024-09-17T06:46:10.406-0300] {processor.py:830} INFO - Processing file /home/jezandre/airflow/airflow_env/lib/python3.11/site-packages/airflow/example_dags/example_latest_only_with_trigger.py for tasks to queue
[2024-09-17T06:46:10.408-0300] {logging_mixin.py:188} INFO - [2024-09-17T06:46:10.408-0300] {dagbag.py:545} INFO - Filling up the DagBag from /home/jezandre/airflow/airflow_env/lib/python3.11/site-packages/airflow/example_dags/example_latest_only_with_trigger.py
[2024-09-17T06:46:10.414-0300] {processor.py:840} INFO - DAG(s) 'latest_only_with_trigger' retrieved from /home/jezandre/airflow/airflow_env/lib/python3.11/site-packages/airflow/example_dags/example_latest_only_with_trigger.py
[2024-09-17T06:46:10.444-0300] {logging_mixin.py:188} INFO - [2024-09-17T06:46:10.443-0300] {dag.py:3089} INFO - Sync 1 DAGs
[2024-09-17T06:46:10.470-0300] {logging_mixin.py:188} INFO - [2024-09-17T06:46:10.470-0300] {dag.py:3947} INFO - Setting next_dagrun for latest_only_with_trigger to 2024-09-17 04:00:00+00:00, run_after=2024-09-17 08:00:00+00:00
[2024-09-17T06:46:10.498-0300] {processor.py:183} INFO - Processing /home/jezandre/airflow/airflow_env/lib/python3.11/site-packages/airflow/example_dags/example_latest_only_with_trigger.py took 0.103 seconds
[2024-09-17T06:46:41.322-0300] {processor.py:161} INFO - Started process (PID=30819) to work on /home/jezandre/airflow/airflow_env/lib/python3.11/site-packages/airflow/example_dags/example_latest_only_with_trigger.py
[2024-09-17T06:46:41.324-0300] {processor.py:830} INFO - Processing file /home/jezandre/airflow/airflow_env/lib/python3.11/site-packages/airflow/example_dags/example_latest_only_with_trigger.py for tasks to queue
[2024-09-17T06:46:41.327-0300] {logging_mixin.py:188} INFO - [2024-09-17T06:46:41.327-0300] {dagbag.py:545} INFO - Filling up the DagBag from /home/jezandre/airflow/airflow_env/lib/python3.11/site-packages/airflow/example_dags/example_latest_only_with_trigger.py
[2024-09-17T06:46:41.334-0300] {processor.py:840} INFO - DAG(s) 'latest_only_with_trigger' retrieved from /home/jezandre/airflow/airflow_env/lib/python3.11/site-packages/airflow/example_dags/example_latest_only_with_trigger.py
[2024-09-17T06:46:41.367-0300] {logging_mixin.py:188} INFO - [2024-09-17T06:46:41.367-0300] {dag.py:3089} INFO - Sync 1 DAGs
[2024-09-17T06:46:41.409-0300] {logging_mixin.py:188} INFO - [2024-09-17T06:46:41.408-0300] {dag.py:3947} INFO - Setting next_dagrun for latest_only_with_trigger to 2024-09-17 04:00:00+00:00, run_after=2024-09-17 08:00:00+00:00
[2024-09-17T06:46:41.451-0300] {processor.py:183} INFO - Processing /home/jezandre/airflow/airflow_env/lib/python3.11/site-packages/airflow/example_dags/example_latest_only_with_trigger.py took 0.141 seconds
[2024-09-17T06:47:12.201-0300] {processor.py:161} INFO - Started process (PID=31106) to work on /home/jezandre/airflow/airflow_env/lib/python3.11/site-packages/airflow/example_dags/example_latest_only_with_trigger.py
[2024-09-17T06:47:12.201-0300] {processor.py:830} INFO - Processing file /home/jezandre/airflow/airflow_env/lib/python3.11/site-packages/airflow/example_dags/example_latest_only_with_trigger.py for tasks to queue
[2024-09-17T06:47:12.203-0300] {logging_mixin.py:188} INFO - [2024-09-17T06:47:12.203-0300] {dagbag.py:545} INFO - Filling up the DagBag from /home/jezandre/airflow/airflow_env/lib/python3.11/site-packages/airflow/example_dags/example_latest_only_with_trigger.py
[2024-09-17T06:47:12.212-0300] {processor.py:840} INFO - DAG(s) 'latest_only_with_trigger' retrieved from /home/jezandre/airflow/airflow_env/lib/python3.11/site-packages/airflow/example_dags/example_latest_only_with_trigger.py
[2024-09-17T06:47:12.364-0300] {logging_mixin.py:188} INFO - [2024-09-17T06:47:12.364-0300] {dag.py:3089} INFO - Sync 1 DAGs
[2024-09-17T06:47:12.391-0300] {logging_mixin.py:188} INFO - [2024-09-17T06:47:12.390-0300] {dag.py:3947} INFO - Setting next_dagrun for latest_only_with_trigger to 2024-09-17 04:00:00+00:00, run_after=2024-09-17 08:00:00+00:00
[2024-09-17T06:47:12.417-0300] {processor.py:183} INFO - Processing /home/jezandre/airflow/airflow_env/lib/python3.11/site-packages/airflow/example_dags/example_latest_only_with_trigger.py took 0.224 seconds
[2024-09-17T06:47:42.586-0300] {processor.py:161} INFO - Started process (PID=31341) to work on /home/jezandre/airflow/airflow_env/lib/python3.11/site-packages/airflow/example_dags/example_latest_only_with_trigger.py
[2024-09-17T06:47:42.588-0300] {processor.py:830} INFO - Processing file /home/jezandre/airflow/airflow_env/lib/python3.11/site-packages/airflow/example_dags/example_latest_only_with_trigger.py for tasks to queue
[2024-09-17T06:47:42.591-0300] {logging_mixin.py:188} INFO - [2024-09-17T06:47:42.590-0300] {dagbag.py:545} INFO - Filling up the DagBag from /home/jezandre/airflow/airflow_env/lib/python3.11/site-packages/airflow/example_dags/example_latest_only_with_trigger.py
[2024-09-17T06:47:42.596-0300] {processor.py:840} INFO - DAG(s) 'latest_only_with_trigger' retrieved from /home/jezandre/airflow/airflow_env/lib/python3.11/site-packages/airflow/example_dags/example_latest_only_with_trigger.py
[2024-09-17T06:47:42.629-0300] {logging_mixin.py:188} INFO - [2024-09-17T06:47:42.629-0300] {dag.py:3089} INFO - Sync 1 DAGs
[2024-09-17T06:47:42.660-0300] {logging_mixin.py:188} INFO - [2024-09-17T06:47:42.660-0300] {dag.py:3947} INFO - Setting next_dagrun for latest_only_with_trigger to 2024-09-17 04:00:00+00:00, run_after=2024-09-17 08:00:00+00:00
[2024-09-17T06:47:42.688-0300] {processor.py:183} INFO - Processing /home/jezandre/airflow/airflow_env/lib/python3.11/site-packages/airflow/example_dags/example_latest_only_with_trigger.py took 0.119 seconds
[2024-09-17T06:48:12.957-0300] {processor.py:161} INFO - Started process (PID=31589) to work on /home/jezandre/airflow/airflow_env/lib/python3.11/site-packages/airflow/example_dags/example_latest_only_with_trigger.py
[2024-09-17T06:48:12.958-0300] {processor.py:830} INFO - Processing file /home/jezandre/airflow/airflow_env/lib/python3.11/site-packages/airflow/example_dags/example_latest_only_with_trigger.py for tasks to queue
[2024-09-17T06:48:12.959-0300] {logging_mixin.py:188} INFO - [2024-09-17T06:48:12.959-0300] {dagbag.py:545} INFO - Filling up the DagBag from /home/jezandre/airflow/airflow_env/lib/python3.11/site-packages/airflow/example_dags/example_latest_only_with_trigger.py
[2024-09-17T06:48:12.964-0300] {processor.py:840} INFO - DAG(s) 'latest_only_with_trigger' retrieved from /home/jezandre/airflow/airflow_env/lib/python3.11/site-packages/airflow/example_dags/example_latest_only_with_trigger.py
[2024-09-17T06:48:12.997-0300] {logging_mixin.py:188} INFO - [2024-09-17T06:48:12.996-0300] {dag.py:3089} INFO - Sync 1 DAGs
[2024-09-17T06:48:13.031-0300] {logging_mixin.py:188} INFO - [2024-09-17T06:48:13.031-0300] {dag.py:3947} INFO - Setting next_dagrun for latest_only_with_trigger to 2024-09-17 04:00:00+00:00, run_after=2024-09-17 08:00:00+00:00
[2024-09-17T06:48:13.060-0300] {processor.py:183} INFO - Processing /home/jezandre/airflow/airflow_env/lib/python3.11/site-packages/airflow/example_dags/example_latest_only_with_trigger.py took 0.112 seconds
[2024-09-17T06:48:43.733-0300] {processor.py:161} INFO - Started process (PID=31849) to work on /home/jezandre/airflow/airflow_env/lib/python3.11/site-packages/airflow/example_dags/example_latest_only_with_trigger.py
[2024-09-17T06:48:43.734-0300] {processor.py:830} INFO - Processing file /home/jezandre/airflow/airflow_env/lib/python3.11/site-packages/airflow/example_dags/example_latest_only_with_trigger.py for tasks to queue
[2024-09-17T06:48:43.736-0300] {logging_mixin.py:188} INFO - [2024-09-17T06:48:43.736-0300] {dagbag.py:545} INFO - Filling up the DagBag from /home/jezandre/airflow/airflow_env/lib/python3.11/site-packages/airflow/example_dags/example_latest_only_with_trigger.py
[2024-09-17T06:48:43.742-0300] {processor.py:840} INFO - DAG(s) 'latest_only_with_trigger' retrieved from /home/jezandre/airflow/airflow_env/lib/python3.11/site-packages/airflow/example_dags/example_latest_only_with_trigger.py
[2024-09-17T06:48:43.770-0300] {logging_mixin.py:188} INFO - [2024-09-17T06:48:43.770-0300] {dag.py:3089} INFO - Sync 1 DAGs
[2024-09-17T06:48:43.800-0300] {logging_mixin.py:188} INFO - [2024-09-17T06:48:43.799-0300] {dag.py:3947} INFO - Setting next_dagrun for latest_only_with_trigger to 2024-09-17 04:00:00+00:00, run_after=2024-09-17 08:00:00+00:00
[2024-09-17T06:48:43.826-0300] {processor.py:183} INFO - Processing /home/jezandre/airflow/airflow_env/lib/python3.11/site-packages/airflow/example_dags/example_latest_only_with_trigger.py took 0.104 seconds
[2024-09-17T06:49:14.822-0300] {processor.py:161} INFO - Started process (PID=32064) to work on /home/jezandre/airflow/airflow_env/lib/python3.11/site-packages/airflow/example_dags/example_latest_only_with_trigger.py
[2024-09-17T06:49:14.823-0300] {processor.py:830} INFO - Processing file /home/jezandre/airflow/airflow_env/lib/python3.11/site-packages/airflow/example_dags/example_latest_only_with_trigger.py for tasks to queue
[2024-09-17T06:49:14.825-0300] {logging_mixin.py:188} INFO - [2024-09-17T06:49:14.825-0300] {dagbag.py:545} INFO - Filling up the DagBag from /home/jezandre/airflow/airflow_env/lib/python3.11/site-packages/airflow/example_dags/example_latest_only_with_trigger.py
[2024-09-17T06:49:14.833-0300] {processor.py:840} INFO - DAG(s) 'latest_only_with_trigger' retrieved from /home/jezandre/airflow/airflow_env/lib/python3.11/site-packages/airflow/example_dags/example_latest_only_with_trigger.py
[2024-09-17T06:49:14.862-0300] {logging_mixin.py:188} INFO - [2024-09-17T06:49:14.861-0300] {dag.py:3089} INFO - Sync 1 DAGs
[2024-09-17T06:49:14.887-0300] {logging_mixin.py:188} INFO - [2024-09-17T06:49:14.887-0300] {dag.py:3947} INFO - Setting next_dagrun for latest_only_with_trigger to 2024-09-17 04:00:00+00:00, run_after=2024-09-17 08:00:00+00:00
[2024-09-17T06:49:14.915-0300] {processor.py:183} INFO - Processing /home/jezandre/airflow/airflow_env/lib/python3.11/site-packages/airflow/example_dags/example_latest_only_with_trigger.py took 0.103 seconds
[2024-09-17T06:49:45.598-0300] {processor.py:161} INFO - Started process (PID=32370) to work on /home/jezandre/airflow/airflow_env/lib/python3.11/site-packages/airflow/example_dags/example_latest_only_with_trigger.py
[2024-09-17T06:49:45.600-0300] {processor.py:830} INFO - Processing file /home/jezandre/airflow/airflow_env/lib/python3.11/site-packages/airflow/example_dags/example_latest_only_with_trigger.py for tasks to queue
[2024-09-17T06:49:45.602-0300] {logging_mixin.py:188} INFO - [2024-09-17T06:49:45.602-0300] {dagbag.py:545} INFO - Filling up the DagBag from /home/jezandre/airflow/airflow_env/lib/python3.11/site-packages/airflow/example_dags/example_latest_only_with_trigger.py
[2024-09-17T06:49:45.607-0300] {processor.py:840} INFO - DAG(s) 'latest_only_with_trigger' retrieved from /home/jezandre/airflow/airflow_env/lib/python3.11/site-packages/airflow/example_dags/example_latest_only_with_trigger.py
[2024-09-17T06:49:45.636-0300] {logging_mixin.py:188} INFO - [2024-09-17T06:49:45.635-0300] {dag.py:3089} INFO - Sync 1 DAGs
[2024-09-17T06:49:45.662-0300] {logging_mixin.py:188} INFO - [2024-09-17T06:49:45.661-0300] {dag.py:3947} INFO - Setting next_dagrun for latest_only_with_trigger to 2024-09-17 04:00:00+00:00, run_after=2024-09-17 08:00:00+00:00
[2024-09-17T06:49:45.688-0300] {processor.py:183} INFO - Processing /home/jezandre/airflow/airflow_env/lib/python3.11/site-packages/airflow/example_dags/example_latest_only_with_trigger.py took 0.099 seconds
[2024-09-17T06:50:16.295-0300] {processor.py:161} INFO - Started process (PID=32633) to work on /home/jezandre/airflow/airflow_env/lib/python3.11/site-packages/airflow/example_dags/example_latest_only_with_trigger.py
[2024-09-17T06:50:16.297-0300] {processor.py:830} INFO - Processing file /home/jezandre/airflow/airflow_env/lib/python3.11/site-packages/airflow/example_dags/example_latest_only_with_trigger.py for tasks to queue
[2024-09-17T06:50:16.300-0300] {logging_mixin.py:188} INFO - [2024-09-17T06:50:16.300-0300] {dagbag.py:545} INFO - Filling up the DagBag from /home/jezandre/airflow/airflow_env/lib/python3.11/site-packages/airflow/example_dags/example_latest_only_with_trigger.py
[2024-09-17T06:50:16.307-0300] {processor.py:840} INFO - DAG(s) 'latest_only_with_trigger' retrieved from /home/jezandre/airflow/airflow_env/lib/python3.11/site-packages/airflow/example_dags/example_latest_only_with_trigger.py
[2024-09-17T06:50:16.341-0300] {logging_mixin.py:188} INFO - [2024-09-17T06:50:16.340-0300] {dag.py:3089} INFO - Sync 1 DAGs
[2024-09-17T06:50:16.370-0300] {logging_mixin.py:188} INFO - [2024-09-17T06:50:16.370-0300] {dag.py:3947} INFO - Setting next_dagrun for latest_only_with_trigger to 2024-09-17 04:00:00+00:00, run_after=2024-09-17 08:00:00+00:00
[2024-09-17T06:50:16.401-0300] {processor.py:183} INFO - Processing /home/jezandre/airflow/airflow_env/lib/python3.11/site-packages/airflow/example_dags/example_latest_only_with_trigger.py took 0.119 seconds
[2024-09-17T06:50:46.836-0300] {processor.py:161} INFO - Started process (PID=32910) to work on /home/jezandre/airflow/airflow_env/lib/python3.11/site-packages/airflow/example_dags/example_latest_only_with_trigger.py
[2024-09-17T06:50:46.837-0300] {processor.py:830} INFO - Processing file /home/jezandre/airflow/airflow_env/lib/python3.11/site-packages/airflow/example_dags/example_latest_only_with_trigger.py for tasks to queue
[2024-09-17T06:50:46.841-0300] {logging_mixin.py:188} INFO - [2024-09-17T06:50:46.840-0300] {dagbag.py:545} INFO - Filling up the DagBag from /home/jezandre/airflow/airflow_env/lib/python3.11/site-packages/airflow/example_dags/example_latest_only_with_trigger.py
[2024-09-17T06:50:46.846-0300] {processor.py:840} INFO - DAG(s) 'latest_only_with_trigger' retrieved from /home/jezandre/airflow/airflow_env/lib/python3.11/site-packages/airflow/example_dags/example_latest_only_with_trigger.py
[2024-09-17T06:50:46.874-0300] {logging_mixin.py:188} INFO - [2024-09-17T06:50:46.874-0300] {dag.py:3089} INFO - Sync 1 DAGs
[2024-09-17T06:50:46.905-0300] {logging_mixin.py:188} INFO - [2024-09-17T06:50:46.904-0300] {dag.py:3947} INFO - Setting next_dagrun for latest_only_with_trigger to 2024-09-17 04:00:00+00:00, run_after=2024-09-17 08:00:00+00:00
[2024-09-17T06:50:46.930-0300] {processor.py:183} INFO - Processing /home/jezandre/airflow/airflow_env/lib/python3.11/site-packages/airflow/example_dags/example_latest_only_with_trigger.py took 0.104 seconds
[2024-09-17T06:51:17.328-0300] {processor.py:161} INFO - Started process (PID=33144) to work on /home/jezandre/airflow/airflow_env/lib/python3.11/site-packages/airflow/example_dags/example_latest_only_with_trigger.py
[2024-09-17T06:51:17.329-0300] {processor.py:830} INFO - Processing file /home/jezandre/airflow/airflow_env/lib/python3.11/site-packages/airflow/example_dags/example_latest_only_with_trigger.py for tasks to queue
[2024-09-17T06:51:17.333-0300] {logging_mixin.py:188} INFO - [2024-09-17T06:51:17.332-0300] {dagbag.py:545} INFO - Filling up the DagBag from /home/jezandre/airflow/airflow_env/lib/python3.11/site-packages/airflow/example_dags/example_latest_only_with_trigger.py
[2024-09-17T06:51:17.340-0300] {processor.py:840} INFO - DAG(s) 'latest_only_with_trigger' retrieved from /home/jezandre/airflow/airflow_env/lib/python3.11/site-packages/airflow/example_dags/example_latest_only_with_trigger.py
[2024-09-17T06:51:17.383-0300] {logging_mixin.py:188} INFO - [2024-09-17T06:51:17.383-0300] {dag.py:3089} INFO - Sync 1 DAGs
[2024-09-17T06:51:17.419-0300] {logging_mixin.py:188} INFO - [2024-09-17T06:51:17.418-0300] {dag.py:3947} INFO - Setting next_dagrun for latest_only_with_trigger to 2024-09-17 04:00:00+00:00, run_after=2024-09-17 08:00:00+00:00
[2024-09-17T06:51:17.455-0300] {processor.py:183} INFO - Processing /home/jezandre/airflow/airflow_env/lib/python3.11/site-packages/airflow/example_dags/example_latest_only_with_trigger.py took 0.143 seconds
[2024-09-17T06:51:48.549-0300] {processor.py:161} INFO - Started process (PID=33667) to work on /home/jezandre/airflow/airflow_env/lib/python3.11/site-packages/airflow/example_dags/example_latest_only_with_trigger.py
[2024-09-17T06:51:48.550-0300] {processor.py:830} INFO - Processing file /home/jezandre/airflow/airflow_env/lib/python3.11/site-packages/airflow/example_dags/example_latest_only_with_trigger.py for tasks to queue
[2024-09-17T06:51:48.553-0300] {logging_mixin.py:188} INFO - [2024-09-17T06:51:48.552-0300] {dagbag.py:545} INFO - Filling up the DagBag from /home/jezandre/airflow/airflow_env/lib/python3.11/site-packages/airflow/example_dags/example_latest_only_with_trigger.py
[2024-09-17T06:51:48.559-0300] {processor.py:840} INFO - DAG(s) 'latest_only_with_trigger' retrieved from /home/jezandre/airflow/airflow_env/lib/python3.11/site-packages/airflow/example_dags/example_latest_only_with_trigger.py
[2024-09-17T06:51:48.591-0300] {logging_mixin.py:188} INFO - [2024-09-17T06:51:48.591-0300] {dag.py:3089} INFO - Sync 1 DAGs
[2024-09-17T06:51:48.620-0300] {logging_mixin.py:188} INFO - [2024-09-17T06:51:48.620-0300] {dag.py:3947} INFO - Setting next_dagrun for latest_only_with_trigger to 2024-09-17 04:00:00+00:00, run_after=2024-09-17 08:00:00+00:00
[2024-09-17T06:51:48.654-0300] {processor.py:183} INFO - Processing /home/jezandre/airflow/airflow_env/lib/python3.11/site-packages/airflow/example_dags/example_latest_only_with_trigger.py took 0.115 seconds
[2024-09-17T06:52:19.278-0300] {processor.py:161} INFO - Started process (PID=34199) to work on /home/jezandre/airflow/airflow_env/lib/python3.11/site-packages/airflow/example_dags/example_latest_only_with_trigger.py
[2024-09-17T06:52:19.279-0300] {processor.py:830} INFO - Processing file /home/jezandre/airflow/airflow_env/lib/python3.11/site-packages/airflow/example_dags/example_latest_only_with_trigger.py for tasks to queue
[2024-09-17T06:52:19.281-0300] {logging_mixin.py:188} INFO - [2024-09-17T06:52:19.281-0300] {dagbag.py:545} INFO - Filling up the DagBag from /home/jezandre/airflow/airflow_env/lib/python3.11/site-packages/airflow/example_dags/example_latest_only_with_trigger.py
[2024-09-17T06:52:19.287-0300] {processor.py:840} INFO - DAG(s) 'latest_only_with_trigger' retrieved from /home/jezandre/airflow/airflow_env/lib/python3.11/site-packages/airflow/example_dags/example_latest_only_with_trigger.py
[2024-09-17T06:52:19.404-0300] {logging_mixin.py:188} INFO - [2024-09-17T06:52:19.403-0300] {dag.py:3089} INFO - Sync 1 DAGs
[2024-09-17T06:52:19.430-0300] {logging_mixin.py:188} INFO - [2024-09-17T06:52:19.430-0300] {dag.py:3947} INFO - Setting next_dagrun for latest_only_with_trigger to 2024-09-17 04:00:00+00:00, run_after=2024-09-17 08:00:00+00:00
[2024-09-17T06:52:19.457-0300] {processor.py:183} INFO - Processing /home/jezandre/airflow/airflow_env/lib/python3.11/site-packages/airflow/example_dags/example_latest_only_with_trigger.py took 0.188 seconds
[2024-09-17T06:52:49.666-0300] {processor.py:161} INFO - Started process (PID=34592) to work on /home/jezandre/airflow/airflow_env/lib/python3.11/site-packages/airflow/example_dags/example_latest_only_with_trigger.py
[2024-09-17T06:52:49.667-0300] {processor.py:830} INFO - Processing file /home/jezandre/airflow/airflow_env/lib/python3.11/site-packages/airflow/example_dags/example_latest_only_with_trigger.py for tasks to queue
[2024-09-17T06:52:49.672-0300] {logging_mixin.py:188} INFO - [2024-09-17T06:52:49.671-0300] {dagbag.py:545} INFO - Filling up the DagBag from /home/jezandre/airflow/airflow_env/lib/python3.11/site-packages/airflow/example_dags/example_latest_only_with_trigger.py
[2024-09-17T06:52:49.687-0300] {processor.py:840} INFO - DAG(s) 'latest_only_with_trigger' retrieved from /home/jezandre/airflow/airflow_env/lib/python3.11/site-packages/airflow/example_dags/example_latest_only_with_trigger.py
[2024-09-17T06:52:49.738-0300] {logging_mixin.py:188} INFO - [2024-09-17T06:52:49.738-0300] {dag.py:3089} INFO - Sync 1 DAGs
[2024-09-17T06:52:49.796-0300] {logging_mixin.py:188} INFO - [2024-09-17T06:52:49.795-0300] {dag.py:3947} INFO - Setting next_dagrun for latest_only_with_trigger to 2024-09-17 04:00:00+00:00, run_after=2024-09-17 08:00:00+00:00
[2024-09-17T06:52:49.838-0300] {processor.py:183} INFO - Processing /home/jezandre/airflow/airflow_env/lib/python3.11/site-packages/airflow/example_dags/example_latest_only_with_trigger.py took 0.187 seconds
[2024-09-17T06:53:20.205-0300] {processor.py:161} INFO - Started process (PID=34826) to work on /home/jezandre/airflow/airflow_env/lib/python3.11/site-packages/airflow/example_dags/example_latest_only_with_trigger.py
[2024-09-17T06:53:20.206-0300] {processor.py:830} INFO - Processing file /home/jezandre/airflow/airflow_env/lib/python3.11/site-packages/airflow/example_dags/example_latest_only_with_trigger.py for tasks to queue
[2024-09-17T06:53:20.209-0300] {logging_mixin.py:188} INFO - [2024-09-17T06:53:20.209-0300] {dagbag.py:545} INFO - Filling up the DagBag from /home/jezandre/airflow/airflow_env/lib/python3.11/site-packages/airflow/example_dags/example_latest_only_with_trigger.py
[2024-09-17T06:53:20.214-0300] {processor.py:840} INFO - DAG(s) 'latest_only_with_trigger' retrieved from /home/jezandre/airflow/airflow_env/lib/python3.11/site-packages/airflow/example_dags/example_latest_only_with_trigger.py
[2024-09-17T06:53:20.244-0300] {logging_mixin.py:188} INFO - [2024-09-17T06:53:20.244-0300] {dag.py:3089} INFO - Sync 1 DAGs
[2024-09-17T06:53:20.273-0300] {logging_mixin.py:188} INFO - [2024-09-17T06:53:20.273-0300] {dag.py:3947} INFO - Setting next_dagrun for latest_only_with_trigger to 2024-09-17 04:00:00+00:00, run_after=2024-09-17 08:00:00+00:00
[2024-09-17T06:53:20.298-0300] {processor.py:183} INFO - Processing /home/jezandre/airflow/airflow_env/lib/python3.11/site-packages/airflow/example_dags/example_latest_only_with_trigger.py took 0.104 seconds
[2024-09-17T06:53:50.891-0300] {processor.py:161} INFO - Started process (PID=35150) to work on /home/jezandre/airflow/airflow_env/lib/python3.11/site-packages/airflow/example_dags/example_latest_only_with_trigger.py
[2024-09-17T06:53:50.892-0300] {processor.py:830} INFO - Processing file /home/jezandre/airflow/airflow_env/lib/python3.11/site-packages/airflow/example_dags/example_latest_only_with_trigger.py for tasks to queue
[2024-09-17T06:53:50.895-0300] {logging_mixin.py:188} INFO - [2024-09-17T06:53:50.894-0300] {dagbag.py:545} INFO - Filling up the DagBag from /home/jezandre/airflow/airflow_env/lib/python3.11/site-packages/airflow/example_dags/example_latest_only_with_trigger.py
[2024-09-17T06:53:50.899-0300] {processor.py:840} INFO - DAG(s) 'latest_only_with_trigger' retrieved from /home/jezandre/airflow/airflow_env/lib/python3.11/site-packages/airflow/example_dags/example_latest_only_with_trigger.py
[2024-09-17T06:53:50.931-0300] {logging_mixin.py:188} INFO - [2024-09-17T06:53:50.930-0300] {dag.py:3089} INFO - Sync 1 DAGs
[2024-09-17T06:53:50.959-0300] {logging_mixin.py:188} INFO - [2024-09-17T06:53:50.959-0300] {dag.py:3947} INFO - Setting next_dagrun for latest_only_with_trigger to 2024-09-17 04:00:00+00:00, run_after=2024-09-17 08:00:00+00:00
[2024-09-17T06:53:50.985-0300] {processor.py:183} INFO - Processing /home/jezandre/airflow/airflow_env/lib/python3.11/site-packages/airflow/example_dags/example_latest_only_with_trigger.py took 0.103 seconds
[2024-09-17T06:54:21.773-0300] {processor.py:161} INFO - Started process (PID=35378) to work on /home/jezandre/airflow/airflow_env/lib/python3.11/site-packages/airflow/example_dags/example_latest_only_with_trigger.py
[2024-09-17T06:54:21.774-0300] {processor.py:830} INFO - Processing file /home/jezandre/airflow/airflow_env/lib/python3.11/site-packages/airflow/example_dags/example_latest_only_with_trigger.py for tasks to queue
[2024-09-17T06:54:21.777-0300] {logging_mixin.py:188} INFO - [2024-09-17T06:54:21.776-0300] {dagbag.py:545} INFO - Filling up the DagBag from /home/jezandre/airflow/airflow_env/lib/python3.11/site-packages/airflow/example_dags/example_latest_only_with_trigger.py
[2024-09-17T06:54:21.782-0300] {processor.py:840} INFO - DAG(s) 'latest_only_with_trigger' retrieved from /home/jezandre/airflow/airflow_env/lib/python3.11/site-packages/airflow/example_dags/example_latest_only_with_trigger.py
[2024-09-17T06:54:21.813-0300] {logging_mixin.py:188} INFO - [2024-09-17T06:54:21.812-0300] {dag.py:3089} INFO - Sync 1 DAGs
[2024-09-17T06:54:21.847-0300] {logging_mixin.py:188} INFO - [2024-09-17T06:54:21.847-0300] {dag.py:3947} INFO - Setting next_dagrun for latest_only_with_trigger to 2024-09-17 04:00:00+00:00, run_after=2024-09-17 08:00:00+00:00
[2024-09-17T06:54:21.882-0300] {processor.py:183} INFO - Processing /home/jezandre/airflow/airflow_env/lib/python3.11/site-packages/airflow/example_dags/example_latest_only_with_trigger.py took 0.118 seconds
[2024-09-17T06:54:52.394-0300] {processor.py:161} INFO - Started process (PID=35624) to work on /home/jezandre/airflow/airflow_env/lib/python3.11/site-packages/airflow/example_dags/example_latest_only_with_trigger.py
[2024-09-17T06:54:52.395-0300] {processor.py:830} INFO - Processing file /home/jezandre/airflow/airflow_env/lib/python3.11/site-packages/airflow/example_dags/example_latest_only_with_trigger.py for tasks to queue
[2024-09-17T06:54:52.397-0300] {logging_mixin.py:188} INFO - [2024-09-17T06:54:52.397-0300] {dagbag.py:545} INFO - Filling up the DagBag from /home/jezandre/airflow/airflow_env/lib/python3.11/site-packages/airflow/example_dags/example_latest_only_with_trigger.py
[2024-09-17T06:54:52.403-0300] {processor.py:840} INFO - DAG(s) 'latest_only_with_trigger' retrieved from /home/jezandre/airflow/airflow_env/lib/python3.11/site-packages/airflow/example_dags/example_latest_only_with_trigger.py
[2024-09-17T06:54:52.435-0300] {logging_mixin.py:188} INFO - [2024-09-17T06:54:52.434-0300] {dag.py:3089} INFO - Sync 1 DAGs
[2024-09-17T06:54:52.471-0300] {logging_mixin.py:188} INFO - [2024-09-17T06:54:52.471-0300] {dag.py:3947} INFO - Setting next_dagrun for latest_only_with_trigger to 2024-09-17 04:00:00+00:00, run_after=2024-09-17 08:00:00+00:00
[2024-09-17T06:54:52.504-0300] {processor.py:183} INFO - Processing /home/jezandre/airflow/airflow_env/lib/python3.11/site-packages/airflow/example_dags/example_latest_only_with_trigger.py took 0.118 seconds
