[2024-09-17T06:27:40.673-0300] {processor.py:161} INFO - Started process (PID=20126) to work on /home/jezandre/airflow/airflow_env/lib/python3.11/site-packages/airflow/example_dags/example_trigger_controller_dag.py
[2024-09-17T06:27:40.674-0300] {processor.py:830} INFO - Processing file /home/jezandre/airflow/airflow_env/lib/python3.11/site-packages/airflow/example_dags/example_trigger_controller_dag.py for tasks to queue
[2024-09-17T06:27:40.676-0300] {logging_mixin.py:188} INFO - [2024-09-17T06:27:40.675-0300] {dagbag.py:545} INFO - Filling up the DagBag from /home/jezandre/airflow/airflow_env/lib/python3.11/site-packages/airflow/example_dags/example_trigger_controller_dag.py
[2024-09-17T06:27:40.685-0300] {processor.py:840} INFO - DAG(s) 'example_trigger_controller_dag' retrieved from /home/jezandre/airflow/airflow_env/lib/python3.11/site-packages/airflow/example_dags/example_trigger_controller_dag.py
[2024-09-17T06:27:40.933-0300] {logging_mixin.py:188} INFO - [2024-09-17T06:27:40.933-0300] {dag.py:3089} INFO - Sync 1 DAGs
[2024-09-17T06:27:40.948-0300] {logging_mixin.py:188} INFO - [2024-09-17T06:27:40.948-0300] {dag.py:3947} INFO - Setting next_dagrun for example_trigger_controller_dag to 2021-01-01 00:00:00+00:00, run_after=2021-01-01 00:00:00+00:00
[2024-09-17T06:27:40.976-0300] {processor.py:183} INFO - Processing /home/jezandre/airflow/airflow_env/lib/python3.11/site-packages/airflow/example_dags/example_trigger_controller_dag.py took 0.310 seconds
[2024-09-17T06:28:40.937-0300] {processor.py:161} INFO - Started process (PID=20388) to work on /home/jezandre/airflow/airflow_env/lib/python3.11/site-packages/airflow/example_dags/example_trigger_controller_dag.py
[2024-09-17T06:28:40.941-0300] {processor.py:830} INFO - Processing file /home/jezandre/airflow/airflow_env/lib/python3.11/site-packages/airflow/example_dags/example_trigger_controller_dag.py for tasks to queue
[2024-09-17T06:28:40.943-0300] {logging_mixin.py:188} INFO - [2024-09-17T06:28:40.943-0300] {dagbag.py:545} INFO - Filling up the DagBag from /home/jezandre/airflow/airflow_env/lib/python3.11/site-packages/airflow/example_dags/example_trigger_controller_dag.py
[2024-09-17T06:28:41.080-0300] {processor.py:840} INFO - DAG(s) 'example_trigger_controller_dag' retrieved from /home/jezandre/airflow/airflow_env/lib/python3.11/site-packages/airflow/example_dags/example_trigger_controller_dag.py
[2024-09-17T06:28:41.091-0300] {logging_mixin.py:188} INFO - [2024-09-17T06:28:41.090-0300] {dag.py:3089} INFO - Sync 1 DAGs
[2024-09-17T06:28:41.113-0300] {logging_mixin.py:188} INFO - [2024-09-17T06:28:41.113-0300] {dag.py:3947} INFO - Setting next_dagrun for example_trigger_controller_dag to 2021-01-01 00:00:00+00:00, run_after=2021-01-01 00:00:00+00:00
[2024-09-17T06:28:41.140-0300] {processor.py:183} INFO - Processing /home/jezandre/airflow/airflow_env/lib/python3.11/site-packages/airflow/example_dags/example_trigger_controller_dag.py took 0.208 seconds
[2024-09-17T06:29:35.873-0300] {processor.py:161} INFO - Started process (PID=20816) to work on /home/jezandre/airflow/airflow_env/lib/python3.11/site-packages/airflow/example_dags/example_trigger_controller_dag.py
[2024-09-17T06:29:35.877-0300] {processor.py:830} INFO - Processing file /home/jezandre/airflow/airflow_env/lib/python3.11/site-packages/airflow/example_dags/example_trigger_controller_dag.py for tasks to queue
[2024-09-17T06:29:35.880-0300] {logging_mixin.py:188} INFO - [2024-09-17T06:29:35.880-0300] {dagbag.py:545} INFO - Filling up the DagBag from /home/jezandre/airflow/airflow_env/lib/python3.11/site-packages/airflow/example_dags/example_trigger_controller_dag.py
[2024-09-17T06:29:35.887-0300] {processor.py:840} INFO - DAG(s) 'example_trigger_controller_dag' retrieved from /home/jezandre/airflow/airflow_env/lib/python3.11/site-packages/airflow/example_dags/example_trigger_controller_dag.py
[2024-09-17T06:29:35.906-0300] {logging_mixin.py:188} INFO - [2024-09-17T06:29:35.906-0300] {dag.py:3089} INFO - Sync 1 DAGs
[2024-09-17T06:29:35.944-0300] {logging_mixin.py:188} INFO - [2024-09-17T06:29:35.944-0300] {dag.py:3947} INFO - Setting next_dagrun for example_trigger_controller_dag to 2021-01-01 00:00:00+00:00, run_after=2021-01-01 00:00:00+00:00
[2024-09-17T06:29:35.973-0300] {processor.py:183} INFO - Processing /home/jezandre/airflow/airflow_env/lib/python3.11/site-packages/airflow/example_dags/example_trigger_controller_dag.py took 0.106 seconds
[2024-09-17T06:29:53.574-0300] {processor.py:161} INFO - Started process (PID=21084) to work on /home/jezandre/airflow/airflow_env/lib/python3.11/site-packages/airflow/example_dags/example_trigger_controller_dag.py
[2024-09-17T06:29:53.575-0300] {processor.py:830} INFO - Processing file /home/jezandre/airflow/airflow_env/lib/python3.11/site-packages/airflow/example_dags/example_trigger_controller_dag.py for tasks to queue
[2024-09-17T06:29:53.577-0300] {logging_mixin.py:188} INFO - [2024-09-17T06:29:53.577-0300] {dagbag.py:545} INFO - Filling up the DagBag from /home/jezandre/airflow/airflow_env/lib/python3.11/site-packages/airflow/example_dags/example_trigger_controller_dag.py
[2024-09-17T06:29:53.586-0300] {processor.py:840} INFO - DAG(s) 'example_trigger_controller_dag' retrieved from /home/jezandre/airflow/airflow_env/lib/python3.11/site-packages/airflow/example_dags/example_trigger_controller_dag.py
[2024-09-17T06:29:53.899-0300] {logging_mixin.py:188} INFO - [2024-09-17T06:29:53.899-0300] {dag.py:3089} INFO - Sync 1 DAGs
[2024-09-17T06:29:53.924-0300] {logging_mixin.py:188} INFO - [2024-09-17T06:29:53.924-0300] {dag.py:3947} INFO - Setting next_dagrun for example_trigger_controller_dag to 2021-01-01 00:00:00+00:00, run_after=2021-01-01 00:00:00+00:00
[2024-09-17T06:29:53.965-0300] {processor.py:183} INFO - Processing /home/jezandre/airflow/airflow_env/lib/python3.11/site-packages/airflow/example_dags/example_trigger_controller_dag.py took 0.397 seconds
[2024-09-17T06:30:24.184-0300] {processor.py:161} INFO - Started process (PID=21373) to work on /home/jezandre/airflow/airflow_env/lib/python3.11/site-packages/airflow/example_dags/example_trigger_controller_dag.py
[2024-09-17T06:30:24.186-0300] {processor.py:830} INFO - Processing file /home/jezandre/airflow/airflow_env/lib/python3.11/site-packages/airflow/example_dags/example_trigger_controller_dag.py for tasks to queue
[2024-09-17T06:30:24.188-0300] {logging_mixin.py:188} INFO - [2024-09-17T06:30:24.187-0300] {dagbag.py:545} INFO - Filling up the DagBag from /home/jezandre/airflow/airflow_env/lib/python3.11/site-packages/airflow/example_dags/example_trigger_controller_dag.py
[2024-09-17T06:30:24.192-0300] {processor.py:840} INFO - DAG(s) 'example_trigger_controller_dag' retrieved from /home/jezandre/airflow/airflow_env/lib/python3.11/site-packages/airflow/example_dags/example_trigger_controller_dag.py
[2024-09-17T06:30:24.220-0300] {logging_mixin.py:188} INFO - [2024-09-17T06:30:24.219-0300] {dag.py:3089} INFO - Sync 1 DAGs
[2024-09-17T06:30:24.248-0300] {logging_mixin.py:188} INFO - [2024-09-17T06:30:24.247-0300] {dag.py:3947} INFO - Setting next_dagrun for example_trigger_controller_dag to 2021-01-01 00:00:00+00:00, run_after=2021-01-01 00:00:00+00:00
[2024-09-17T06:30:24.275-0300] {processor.py:183} INFO - Processing /home/jezandre/airflow/airflow_env/lib/python3.11/site-packages/airflow/example_dags/example_trigger_controller_dag.py took 0.097 seconds
[2024-09-17T06:30:54.534-0300] {processor.py:161} INFO - Started process (PID=21581) to work on /home/jezandre/airflow/airflow_env/lib/python3.11/site-packages/airflow/example_dags/example_trigger_controller_dag.py
[2024-09-17T06:30:54.535-0300] {processor.py:830} INFO - Processing file /home/jezandre/airflow/airflow_env/lib/python3.11/site-packages/airflow/example_dags/example_trigger_controller_dag.py for tasks to queue
[2024-09-17T06:30:54.537-0300] {logging_mixin.py:188} INFO - [2024-09-17T06:30:54.537-0300] {dagbag.py:545} INFO - Filling up the DagBag from /home/jezandre/airflow/airflow_env/lib/python3.11/site-packages/airflow/example_dags/example_trigger_controller_dag.py
[2024-09-17T06:30:54.542-0300] {processor.py:840} INFO - DAG(s) 'example_trigger_controller_dag' retrieved from /home/jezandre/airflow/airflow_env/lib/python3.11/site-packages/airflow/example_dags/example_trigger_controller_dag.py
[2024-09-17T06:30:54.567-0300] {logging_mixin.py:188} INFO - [2024-09-17T06:30:54.566-0300] {dag.py:3089} INFO - Sync 1 DAGs
[2024-09-17T06:30:54.591-0300] {logging_mixin.py:188} INFO - [2024-09-17T06:30:54.590-0300] {dag.py:3947} INFO - Setting next_dagrun for example_trigger_controller_dag to 2021-01-01 00:00:00+00:00, run_after=2021-01-01 00:00:00+00:00
[2024-09-17T06:30:54.613-0300] {processor.py:183} INFO - Processing /home/jezandre/airflow/airflow_env/lib/python3.11/site-packages/airflow/example_dags/example_trigger_controller_dag.py took 0.086 seconds
[2024-09-17T06:31:24.888-0300] {processor.py:161} INFO - Started process (PID=21777) to work on /home/jezandre/airflow/airflow_env/lib/python3.11/site-packages/airflow/example_dags/example_trigger_controller_dag.py
[2024-09-17T06:31:24.890-0300] {processor.py:830} INFO - Processing file /home/jezandre/airflow/airflow_env/lib/python3.11/site-packages/airflow/example_dags/example_trigger_controller_dag.py for tasks to queue
[2024-09-17T06:31:24.892-0300] {logging_mixin.py:188} INFO - [2024-09-17T06:31:24.892-0300] {dagbag.py:545} INFO - Filling up the DagBag from /home/jezandre/airflow/airflow_env/lib/python3.11/site-packages/airflow/example_dags/example_trigger_controller_dag.py
[2024-09-17T06:31:24.897-0300] {processor.py:840} INFO - DAG(s) 'example_trigger_controller_dag' retrieved from /home/jezandre/airflow/airflow_env/lib/python3.11/site-packages/airflow/example_dags/example_trigger_controller_dag.py
[2024-09-17T06:31:24.926-0300] {logging_mixin.py:188} INFO - [2024-09-17T06:31:24.925-0300] {dag.py:3089} INFO - Sync 1 DAGs
[2024-09-17T06:31:24.950-0300] {logging_mixin.py:188} INFO - [2024-09-17T06:31:24.950-0300] {dag.py:3947} INFO - Setting next_dagrun for example_trigger_controller_dag to 2021-01-01 00:00:00+00:00, run_after=2021-01-01 00:00:00+00:00
[2024-09-17T06:31:24.975-0300] {processor.py:183} INFO - Processing /home/jezandre/airflow/airflow_env/lib/python3.11/site-packages/airflow/example_dags/example_trigger_controller_dag.py took 0.092 seconds
[2024-09-17T06:31:55.372-0300] {processor.py:161} INFO - Started process (PID=22068) to work on /home/jezandre/airflow/airflow_env/lib/python3.11/site-packages/airflow/example_dags/example_trigger_controller_dag.py
[2024-09-17T06:31:55.373-0300] {processor.py:830} INFO - Processing file /home/jezandre/airflow/airflow_env/lib/python3.11/site-packages/airflow/example_dags/example_trigger_controller_dag.py for tasks to queue
[2024-09-17T06:31:55.374-0300] {logging_mixin.py:188} INFO - [2024-09-17T06:31:55.374-0300] {dagbag.py:545} INFO - Filling up the DagBag from /home/jezandre/airflow/airflow_env/lib/python3.11/site-packages/airflow/example_dags/example_trigger_controller_dag.py
[2024-09-17T06:31:55.379-0300] {processor.py:840} INFO - DAG(s) 'example_trigger_controller_dag' retrieved from /home/jezandre/airflow/airflow_env/lib/python3.11/site-packages/airflow/example_dags/example_trigger_controller_dag.py
[2024-09-17T06:31:55.407-0300] {logging_mixin.py:188} INFO - [2024-09-17T06:31:55.407-0300] {dag.py:3089} INFO - Sync 1 DAGs
[2024-09-17T06:31:55.438-0300] {logging_mixin.py:188} INFO - [2024-09-17T06:31:55.437-0300] {dag.py:3947} INFO - Setting next_dagrun for example_trigger_controller_dag to 2021-01-01 00:00:00+00:00, run_after=2021-01-01 00:00:00+00:00
[2024-09-17T06:31:55.467-0300] {processor.py:183} INFO - Processing /home/jezandre/airflow/airflow_env/lib/python3.11/site-packages/airflow/example_dags/example_trigger_controller_dag.py took 0.101 seconds
[2024-09-17T06:32:26.274-0300] {processor.py:161} INFO - Started process (PID=22548) to work on /home/jezandre/airflow/airflow_env/lib/python3.11/site-packages/airflow/example_dags/example_trigger_controller_dag.py
[2024-09-17T06:32:26.276-0300] {processor.py:830} INFO - Processing file /home/jezandre/airflow/airflow_env/lib/python3.11/site-packages/airflow/example_dags/example_trigger_controller_dag.py for tasks to queue
[2024-09-17T06:32:26.278-0300] {logging_mixin.py:188} INFO - [2024-09-17T06:32:26.278-0300] {dagbag.py:545} INFO - Filling up the DagBag from /home/jezandre/airflow/airflow_env/lib/python3.11/site-packages/airflow/example_dags/example_trigger_controller_dag.py
[2024-09-17T06:32:26.285-0300] {processor.py:840} INFO - DAG(s) 'example_trigger_controller_dag' retrieved from /home/jezandre/airflow/airflow_env/lib/python3.11/site-packages/airflow/example_dags/example_trigger_controller_dag.py
[2024-09-17T06:32:26.423-0300] {logging_mixin.py:188} INFO - [2024-09-17T06:32:26.423-0300] {dag.py:3089} INFO - Sync 1 DAGs
[2024-09-17T06:32:26.465-0300] {logging_mixin.py:188} INFO - [2024-09-17T06:32:26.465-0300] {dag.py:3947} INFO - Setting next_dagrun for example_trigger_controller_dag to 2021-01-01 00:00:00+00:00, run_after=2021-01-01 00:00:00+00:00
[2024-09-17T06:32:26.505-0300] {processor.py:183} INFO - Processing /home/jezandre/airflow/airflow_env/lib/python3.11/site-packages/airflow/example_dags/example_trigger_controller_dag.py took 0.236 seconds
[2024-09-17T06:32:56.927-0300] {processor.py:161} INFO - Started process (PID=22912) to work on /home/jezandre/airflow/airflow_env/lib/python3.11/site-packages/airflow/example_dags/example_trigger_controller_dag.py
[2024-09-17T06:32:56.928-0300] {processor.py:830} INFO - Processing file /home/jezandre/airflow/airflow_env/lib/python3.11/site-packages/airflow/example_dags/example_trigger_controller_dag.py for tasks to queue
[2024-09-17T06:32:56.929-0300] {logging_mixin.py:188} INFO - [2024-09-17T06:32:56.929-0300] {dagbag.py:545} INFO - Filling up the DagBag from /home/jezandre/airflow/airflow_env/lib/python3.11/site-packages/airflow/example_dags/example_trigger_controller_dag.py
[2024-09-17T06:32:56.934-0300] {processor.py:840} INFO - DAG(s) 'example_trigger_controller_dag' retrieved from /home/jezandre/airflow/airflow_env/lib/python3.11/site-packages/airflow/example_dags/example_trigger_controller_dag.py
[2024-09-17T06:32:56.970-0300] {logging_mixin.py:188} INFO - [2024-09-17T06:32:56.969-0300] {dag.py:3089} INFO - Sync 1 DAGs
[2024-09-17T06:32:56.997-0300] {logging_mixin.py:188} INFO - [2024-09-17T06:32:56.996-0300] {dag.py:3947} INFO - Setting next_dagrun for example_trigger_controller_dag to 2021-01-01 00:00:00+00:00, run_after=2021-01-01 00:00:00+00:00
[2024-09-17T06:32:57.024-0300] {processor.py:183} INFO - Processing /home/jezandre/airflow/airflow_env/lib/python3.11/site-packages/airflow/example_dags/example_trigger_controller_dag.py took 0.103 seconds
[2024-09-17T06:33:27.448-0300] {processor.py:161} INFO - Started process (PID=23144) to work on /home/jezandre/airflow/airflow_env/lib/python3.11/site-packages/airflow/example_dags/example_trigger_controller_dag.py
[2024-09-17T06:33:27.449-0300] {processor.py:830} INFO - Processing file /home/jezandre/airflow/airflow_env/lib/python3.11/site-packages/airflow/example_dags/example_trigger_controller_dag.py for tasks to queue
[2024-09-17T06:33:27.452-0300] {logging_mixin.py:188} INFO - [2024-09-17T06:33:27.451-0300] {dagbag.py:545} INFO - Filling up the DagBag from /home/jezandre/airflow/airflow_env/lib/python3.11/site-packages/airflow/example_dags/example_trigger_controller_dag.py
[2024-09-17T06:33:27.457-0300] {processor.py:840} INFO - DAG(s) 'example_trigger_controller_dag' retrieved from /home/jezandre/airflow/airflow_env/lib/python3.11/site-packages/airflow/example_dags/example_trigger_controller_dag.py
[2024-09-17T06:33:27.487-0300] {logging_mixin.py:188} INFO - [2024-09-17T06:33:27.486-0300] {dag.py:3089} INFO - Sync 1 DAGs
[2024-09-17T06:33:27.522-0300] {logging_mixin.py:188} INFO - [2024-09-17T06:33:27.521-0300] {dag.py:3947} INFO - Setting next_dagrun for example_trigger_controller_dag to 2021-01-01 00:00:00+00:00, run_after=2021-01-01 00:00:00+00:00
[2024-09-17T06:33:27.556-0300] {processor.py:183} INFO - Processing /home/jezandre/airflow/airflow_env/lib/python3.11/site-packages/airflow/example_dags/example_trigger_controller_dag.py took 0.113 seconds
[2024-09-17T06:33:58.149-0300] {processor.py:161} INFO - Started process (PID=23422) to work on /home/jezandre/airflow/airflow_env/lib/python3.11/site-packages/airflow/example_dags/example_trigger_controller_dag.py
[2024-09-17T06:33:58.151-0300] {processor.py:830} INFO - Processing file /home/jezandre/airflow/airflow_env/lib/python3.11/site-packages/airflow/example_dags/example_trigger_controller_dag.py for tasks to queue
[2024-09-17T06:33:58.152-0300] {logging_mixin.py:188} INFO - [2024-09-17T06:33:58.152-0300] {dagbag.py:545} INFO - Filling up the DagBag from /home/jezandre/airflow/airflow_env/lib/python3.11/site-packages/airflow/example_dags/example_trigger_controller_dag.py
[2024-09-17T06:33:58.156-0300] {processor.py:840} INFO - DAG(s) 'example_trigger_controller_dag' retrieved from /home/jezandre/airflow/airflow_env/lib/python3.11/site-packages/airflow/example_dags/example_trigger_controller_dag.py
[2024-09-17T06:33:58.184-0300] {logging_mixin.py:188} INFO - [2024-09-17T06:33:58.184-0300] {dag.py:3089} INFO - Sync 1 DAGs
[2024-09-17T06:33:58.211-0300] {logging_mixin.py:188} INFO - [2024-09-17T06:33:58.210-0300] {dag.py:3947} INFO - Setting next_dagrun for example_trigger_controller_dag to 2021-01-01 00:00:00+00:00, run_after=2021-01-01 00:00:00+00:00
[2024-09-17T06:33:58.236-0300] {processor.py:183} INFO - Processing /home/jezandre/airflow/airflow_env/lib/python3.11/site-packages/airflow/example_dags/example_trigger_controller_dag.py took 0.092 seconds
[2024-09-17T06:34:28.492-0300] {processor.py:161} INFO - Started process (PID=23661) to work on /home/jezandre/airflow/airflow_env/lib/python3.11/site-packages/airflow/example_dags/example_trigger_controller_dag.py
[2024-09-17T06:34:28.493-0300] {processor.py:830} INFO - Processing file /home/jezandre/airflow/airflow_env/lib/python3.11/site-packages/airflow/example_dags/example_trigger_controller_dag.py for tasks to queue
[2024-09-17T06:34:28.495-0300] {logging_mixin.py:188} INFO - [2024-09-17T06:34:28.495-0300] {dagbag.py:545} INFO - Filling up the DagBag from /home/jezandre/airflow/airflow_env/lib/python3.11/site-packages/airflow/example_dags/example_trigger_controller_dag.py
[2024-09-17T06:34:28.503-0300] {processor.py:840} INFO - DAG(s) 'example_trigger_controller_dag' retrieved from /home/jezandre/airflow/airflow_env/lib/python3.11/site-packages/airflow/example_dags/example_trigger_controller_dag.py
[2024-09-17T06:34:28.536-0300] {logging_mixin.py:188} INFO - [2024-09-17T06:34:28.536-0300] {dag.py:3089} INFO - Sync 1 DAGs
[2024-09-17T06:34:28.574-0300] {logging_mixin.py:188} INFO - [2024-09-17T06:34:28.574-0300] {dag.py:3947} INFO - Setting next_dagrun for example_trigger_controller_dag to 2021-01-01 00:00:00+00:00, run_after=2021-01-01 00:00:00+00:00
[2024-09-17T06:34:28.612-0300] {processor.py:183} INFO - Processing /home/jezandre/airflow/airflow_env/lib/python3.11/site-packages/airflow/example_dags/example_trigger_controller_dag.py took 0.127 seconds
[2024-09-17T06:34:59.028-0300] {processor.py:161} INFO - Started process (PID=24011) to work on /home/jezandre/airflow/airflow_env/lib/python3.11/site-packages/airflow/example_dags/example_trigger_controller_dag.py
[2024-09-17T06:34:59.029-0300] {processor.py:830} INFO - Processing file /home/jezandre/airflow/airflow_env/lib/python3.11/site-packages/airflow/example_dags/example_trigger_controller_dag.py for tasks to queue
[2024-09-17T06:34:59.030-0300] {logging_mixin.py:188} INFO - [2024-09-17T06:34:59.030-0300] {dagbag.py:545} INFO - Filling up the DagBag from /home/jezandre/airflow/airflow_env/lib/python3.11/site-packages/airflow/example_dags/example_trigger_controller_dag.py
[2024-09-17T06:34:59.037-0300] {processor.py:840} INFO - DAG(s) 'example_trigger_controller_dag' retrieved from /home/jezandre/airflow/airflow_env/lib/python3.11/site-packages/airflow/example_dags/example_trigger_controller_dag.py
[2024-09-17T06:34:59.067-0300] {logging_mixin.py:188} INFO - [2024-09-17T06:34:59.067-0300] {dag.py:3089} INFO - Sync 1 DAGs
[2024-09-17T06:34:59.095-0300] {logging_mixin.py:188} INFO - [2024-09-17T06:34:59.095-0300] {dag.py:3947} INFO - Setting next_dagrun for example_trigger_controller_dag to 2021-01-01 00:00:00+00:00, run_after=2021-01-01 00:00:00+00:00
[2024-09-17T06:34:59.124-0300] {processor.py:183} INFO - Processing /home/jezandre/airflow/airflow_env/lib/python3.11/site-packages/airflow/example_dags/example_trigger_controller_dag.py took 0.103 seconds
[2024-09-17T06:35:29.630-0300] {processor.py:161} INFO - Started process (PID=24252) to work on /home/jezandre/airflow/airflow_env/lib/python3.11/site-packages/airflow/example_dags/example_trigger_controller_dag.py
[2024-09-17T06:35:29.631-0300] {processor.py:830} INFO - Processing file /home/jezandre/airflow/airflow_env/lib/python3.11/site-packages/airflow/example_dags/example_trigger_controller_dag.py for tasks to queue
[2024-09-17T06:35:29.633-0300] {logging_mixin.py:188} INFO - [2024-09-17T06:35:29.632-0300] {dagbag.py:545} INFO - Filling up the DagBag from /home/jezandre/airflow/airflow_env/lib/python3.11/site-packages/airflow/example_dags/example_trigger_controller_dag.py
[2024-09-17T06:35:29.639-0300] {processor.py:840} INFO - DAG(s) 'example_trigger_controller_dag' retrieved from /home/jezandre/airflow/airflow_env/lib/python3.11/site-packages/airflow/example_dags/example_trigger_controller_dag.py
[2024-09-17T06:35:29.669-0300] {logging_mixin.py:188} INFO - [2024-09-17T06:35:29.668-0300] {dag.py:3089} INFO - Sync 1 DAGs
[2024-09-17T06:35:29.702-0300] {logging_mixin.py:188} INFO - [2024-09-17T06:35:29.701-0300] {dag.py:3947} INFO - Setting next_dagrun for example_trigger_controller_dag to 2021-01-01 00:00:00+00:00, run_after=2021-01-01 00:00:00+00:00
[2024-09-17T06:35:29.731-0300] {processor.py:183} INFO - Processing /home/jezandre/airflow/airflow_env/lib/python3.11/site-packages/airflow/example_dags/example_trigger_controller_dag.py took 0.108 seconds
