[2024-09-17T06:27:43.587-0300] {processor.py:161} INFO - Started process (PID=20141) to work on /home/jezandre/airflow/airflow_env/lib/python3.11/site-packages/airflow/example_dags/example_short_circuit_operator.py
[2024-09-17T06:27:43.588-0300] {processor.py:830} INFO - Processing file /home/jezandre/airflow/airflow_env/lib/python3.11/site-packages/airflow/example_dags/example_short_circuit_operator.py for tasks to queue
[2024-09-17T06:27:43.590-0300] {logging_mixin.py:188} INFO - [2024-09-17T06:27:43.590-0300] {dagbag.py:545} INFO - Filling up the DagBag from /home/jezandre/airflow/airflow_env/lib/python3.11/site-packages/airflow/example_dags/example_short_circuit_operator.py
[2024-09-17T06:27:43.618-0300] {processor.py:840} INFO - DAG(s) 'example_short_circuit_operator' retrieved from /home/jezandre/airflow/airflow_env/lib/python3.11/site-packages/airflow/example_dags/example_short_circuit_operator.py
[2024-09-17T06:27:43.836-0300] {logging_mixin.py:188} INFO - [2024-09-17T06:27:43.835-0300] {dag.py:3089} INFO - Sync 1 DAGs
[2024-09-17T06:27:43.849-0300] {logging_mixin.py:188} INFO - [2024-09-17T06:27:43.849-0300] {dag.py:3947} INFO - Setting next_dagrun for example_short_circuit_operator to 2024-09-16 00:00:00+00:00, run_after=2024-09-17 00:00:00+00:00
[2024-09-17T06:27:43.879-0300] {processor.py:183} INFO - Processing /home/jezandre/airflow/airflow_env/lib/python3.11/site-packages/airflow/example_dags/example_short_circuit_operator.py took 0.308 seconds
[2024-09-17T06:28:45.362-0300] {processor.py:161} INFO - Started process (PID=20413) to work on /home/jezandre/airflow/airflow_env/lib/python3.11/site-packages/airflow/example_dags/example_short_circuit_operator.py
[2024-09-17T06:28:45.366-0300] {processor.py:830} INFO - Processing file /home/jezandre/airflow/airflow_env/lib/python3.11/site-packages/airflow/example_dags/example_short_circuit_operator.py for tasks to queue
[2024-09-17T06:28:45.367-0300] {logging_mixin.py:188} INFO - [2024-09-17T06:28:45.367-0300] {dagbag.py:545} INFO - Filling up the DagBag from /home/jezandre/airflow/airflow_env/lib/python3.11/site-packages/airflow/example_dags/example_short_circuit_operator.py
[2024-09-17T06:28:45.373-0300] {processor.py:840} INFO - DAG(s) 'example_short_circuit_operator' retrieved from /home/jezandre/airflow/airflow_env/lib/python3.11/site-packages/airflow/example_dags/example_short_circuit_operator.py
[2024-09-17T06:28:45.389-0300] {logging_mixin.py:188} INFO - [2024-09-17T06:28:45.389-0300] {dag.py:3089} INFO - Sync 1 DAGs
[2024-09-17T06:28:45.409-0300] {logging_mixin.py:188} INFO - [2024-09-17T06:28:45.408-0300] {dag.py:3947} INFO - Setting next_dagrun for example_short_circuit_operator to 2024-09-16 00:00:00+00:00, run_after=2024-09-17 00:00:00+00:00
[2024-09-17T06:28:45.438-0300] {processor.py:183} INFO - Processing /home/jezandre/airflow/airflow_env/lib/python3.11/site-packages/airflow/example_dags/example_short_circuit_operator.py took 0.082 seconds
[2024-09-17T06:29:54.002-0300] {processor.py:161} INFO - Started process (PID=21088) to work on /home/jezandre/airflow/airflow_env/lib/python3.11/site-packages/airflow/example_dags/example_short_circuit_operator.py
[2024-09-17T06:29:54.003-0300] {processor.py:830} INFO - Processing file /home/jezandre/airflow/airflow_env/lib/python3.11/site-packages/airflow/example_dags/example_short_circuit_operator.py for tasks to queue
[2024-09-17T06:29:54.004-0300] {logging_mixin.py:188} INFO - [2024-09-17T06:29:54.004-0300] {dagbag.py:545} INFO - Filling up the DagBag from /home/jezandre/airflow/airflow_env/lib/python3.11/site-packages/airflow/example_dags/example_short_circuit_operator.py
[2024-09-17T06:29:54.014-0300] {processor.py:840} INFO - DAG(s) 'example_short_circuit_operator' retrieved from /home/jezandre/airflow/airflow_env/lib/python3.11/site-packages/airflow/example_dags/example_short_circuit_operator.py
[2024-09-17T06:29:54.289-0300] {logging_mixin.py:188} INFO - [2024-09-17T06:29:54.289-0300] {dag.py:3089} INFO - Sync 1 DAGs
[2024-09-17T06:29:54.316-0300] {logging_mixin.py:188} INFO - [2024-09-17T06:29:54.316-0300] {dag.py:3947} INFO - Setting next_dagrun for example_short_circuit_operator to 2024-09-16 00:00:00+00:00, run_after=2024-09-17 00:00:00+00:00
[2024-09-17T06:29:54.349-0300] {processor.py:183} INFO - Processing /home/jezandre/airflow/airflow_env/lib/python3.11/site-packages/airflow/example_dags/example_short_circuit_operator.py took 0.353 seconds
[2024-09-17T06:30:25.307-0300] {processor.py:161} INFO - Started process (PID=21383) to work on /home/jezandre/airflow/airflow_env/lib/python3.11/site-packages/airflow/example_dags/example_short_circuit_operator.py
[2024-09-17T06:30:25.309-0300] {processor.py:830} INFO - Processing file /home/jezandre/airflow/airflow_env/lib/python3.11/site-packages/airflow/example_dags/example_short_circuit_operator.py for tasks to queue
[2024-09-17T06:30:25.311-0300] {logging_mixin.py:188} INFO - [2024-09-17T06:30:25.311-0300] {dagbag.py:545} INFO - Filling up the DagBag from /home/jezandre/airflow/airflow_env/lib/python3.11/site-packages/airflow/example_dags/example_short_circuit_operator.py
[2024-09-17T06:30:25.318-0300] {processor.py:840} INFO - DAG(s) 'example_short_circuit_operator' retrieved from /home/jezandre/airflow/airflow_env/lib/python3.11/site-packages/airflow/example_dags/example_short_circuit_operator.py
[2024-09-17T06:30:25.351-0300] {logging_mixin.py:188} INFO - [2024-09-17T06:30:25.351-0300] {dag.py:3089} INFO - Sync 1 DAGs
[2024-09-17T06:30:25.379-0300] {logging_mixin.py:188} INFO - [2024-09-17T06:30:25.379-0300] {dag.py:3947} INFO - Setting next_dagrun for example_short_circuit_operator to 2024-09-16 00:00:00+00:00, run_after=2024-09-17 00:00:00+00:00
[2024-09-17T06:30:25.409-0300] {processor.py:183} INFO - Processing /home/jezandre/airflow/airflow_env/lib/python3.11/site-packages/airflow/example_dags/example_short_circuit_operator.py took 0.109 seconds
[2024-09-17T06:30:55.650-0300] {processor.py:161} INFO - Started process (PID=21586) to work on /home/jezandre/airflow/airflow_env/lib/python3.11/site-packages/airflow/example_dags/example_short_circuit_operator.py
[2024-09-17T06:30:55.651-0300] {processor.py:830} INFO - Processing file /home/jezandre/airflow/airflow_env/lib/python3.11/site-packages/airflow/example_dags/example_short_circuit_operator.py for tasks to queue
[2024-09-17T06:30:55.653-0300] {logging_mixin.py:188} INFO - [2024-09-17T06:30:55.652-0300] {dagbag.py:545} INFO - Filling up the DagBag from /home/jezandre/airflow/airflow_env/lib/python3.11/site-packages/airflow/example_dags/example_short_circuit_operator.py
[2024-09-17T06:30:55.663-0300] {processor.py:840} INFO - DAG(s) 'example_short_circuit_operator' retrieved from /home/jezandre/airflow/airflow_env/lib/python3.11/site-packages/airflow/example_dags/example_short_circuit_operator.py
[2024-09-17T06:30:55.697-0300] {logging_mixin.py:188} INFO - [2024-09-17T06:30:55.697-0300] {dag.py:3089} INFO - Sync 1 DAGs
[2024-09-17T06:30:55.724-0300] {logging_mixin.py:188} INFO - [2024-09-17T06:30:55.724-0300] {dag.py:3947} INFO - Setting next_dagrun for example_short_circuit_operator to 2024-09-16 00:00:00+00:00, run_after=2024-09-17 00:00:00+00:00
[2024-09-17T06:30:55.752-0300] {processor.py:183} INFO - Processing /home/jezandre/airflow/airflow_env/lib/python3.11/site-packages/airflow/example_dags/example_short_circuit_operator.py took 0.111 seconds
[2024-09-17T06:31:26.022-0300] {processor.py:161} INFO - Started process (PID=21789) to work on /home/jezandre/airflow/airflow_env/lib/python3.11/site-packages/airflow/example_dags/example_short_circuit_operator.py
[2024-09-17T06:31:26.026-0300] {processor.py:830} INFO - Processing file /home/jezandre/airflow/airflow_env/lib/python3.11/site-packages/airflow/example_dags/example_short_circuit_operator.py for tasks to queue
[2024-09-17T06:31:26.028-0300] {logging_mixin.py:188} INFO - [2024-09-17T06:31:26.028-0300] {dagbag.py:545} INFO - Filling up the DagBag from /home/jezandre/airflow/airflow_env/lib/python3.11/site-packages/airflow/example_dags/example_short_circuit_operator.py
[2024-09-17T06:31:26.035-0300] {processor.py:840} INFO - DAG(s) 'example_short_circuit_operator' retrieved from /home/jezandre/airflow/airflow_env/lib/python3.11/site-packages/airflow/example_dags/example_short_circuit_operator.py
[2024-09-17T06:31:26.076-0300] {logging_mixin.py:188} INFO - [2024-09-17T06:31:26.075-0300] {dag.py:3089} INFO - Sync 1 DAGs
[2024-09-17T06:31:26.107-0300] {logging_mixin.py:188} INFO - [2024-09-17T06:31:26.107-0300] {dag.py:3947} INFO - Setting next_dagrun for example_short_circuit_operator to 2024-09-16 00:00:00+00:00, run_after=2024-09-17 00:00:00+00:00
[2024-09-17T06:31:26.138-0300] {processor.py:183} INFO - Processing /home/jezandre/airflow/airflow_env/lib/python3.11/site-packages/airflow/example_dags/example_short_circuit_operator.py took 0.123 seconds
[2024-09-17T06:31:56.502-0300] {processor.py:161} INFO - Started process (PID=22073) to work on /home/jezandre/airflow/airflow_env/lib/python3.11/site-packages/airflow/example_dags/example_short_circuit_operator.py
[2024-09-17T06:31:56.507-0300] {processor.py:830} INFO - Processing file /home/jezandre/airflow/airflow_env/lib/python3.11/site-packages/airflow/example_dags/example_short_circuit_operator.py for tasks to queue
[2024-09-17T06:31:56.509-0300] {logging_mixin.py:188} INFO - [2024-09-17T06:31:56.509-0300] {dagbag.py:545} INFO - Filling up the DagBag from /home/jezandre/airflow/airflow_env/lib/python3.11/site-packages/airflow/example_dags/example_short_circuit_operator.py
[2024-09-17T06:31:56.520-0300] {processor.py:840} INFO - DAG(s) 'example_short_circuit_operator' retrieved from /home/jezandre/airflow/airflow_env/lib/python3.11/site-packages/airflow/example_dags/example_short_circuit_operator.py
[2024-09-17T06:31:56.556-0300] {logging_mixin.py:188} INFO - [2024-09-17T06:31:56.555-0300] {dag.py:3089} INFO - Sync 1 DAGs
[2024-09-17T06:31:56.584-0300] {logging_mixin.py:188} INFO - [2024-09-17T06:31:56.584-0300] {dag.py:3947} INFO - Setting next_dagrun for example_short_circuit_operator to 2024-09-16 00:00:00+00:00, run_after=2024-09-17 00:00:00+00:00
[2024-09-17T06:31:56.612-0300] {processor.py:183} INFO - Processing /home/jezandre/airflow/airflow_env/lib/python3.11/site-packages/airflow/example_dags/example_short_circuit_operator.py took 0.118 seconds
[2024-09-17T06:32:26.646-0300] {processor.py:161} INFO - Started process (PID=22552) to work on /home/jezandre/airflow/airflow_env/lib/python3.11/site-packages/airflow/example_dags/example_short_circuit_operator.py
[2024-09-17T06:32:26.648-0300] {processor.py:830} INFO - Processing file /home/jezandre/airflow/airflow_env/lib/python3.11/site-packages/airflow/example_dags/example_short_circuit_operator.py for tasks to queue
[2024-09-17T06:32:26.649-0300] {logging_mixin.py:188} INFO - [2024-09-17T06:32:26.649-0300] {dagbag.py:545} INFO - Filling up the DagBag from /home/jezandre/airflow/airflow_env/lib/python3.11/site-packages/airflow/example_dags/example_short_circuit_operator.py
[2024-09-17T06:32:26.656-0300] {processor.py:840} INFO - DAG(s) 'example_short_circuit_operator' retrieved from /home/jezandre/airflow/airflow_env/lib/python3.11/site-packages/airflow/example_dags/example_short_circuit_operator.py
[2024-09-17T06:32:26.765-0300] {logging_mixin.py:188} INFO - [2024-09-17T06:32:26.765-0300] {dag.py:3089} INFO - Sync 1 DAGs
[2024-09-17T06:32:26.792-0300] {logging_mixin.py:188} INFO - [2024-09-17T06:32:26.791-0300] {dag.py:3947} INFO - Setting next_dagrun for example_short_circuit_operator to 2024-09-16 00:00:00+00:00, run_after=2024-09-17 00:00:00+00:00
[2024-09-17T06:32:26.821-0300] {processor.py:183} INFO - Processing /home/jezandre/airflow/airflow_env/lib/python3.11/site-packages/airflow/example_dags/example_short_circuit_operator.py took 0.181 seconds
[2024-09-17T06:32:57.053-0300] {processor.py:161} INFO - Started process (PID=22916) to work on /home/jezandre/airflow/airflow_env/lib/python3.11/site-packages/airflow/example_dags/example_short_circuit_operator.py
[2024-09-17T06:32:57.054-0300] {processor.py:830} INFO - Processing file /home/jezandre/airflow/airflow_env/lib/python3.11/site-packages/airflow/example_dags/example_short_circuit_operator.py for tasks to queue
[2024-09-17T06:32:57.056-0300] {logging_mixin.py:188} INFO - [2024-09-17T06:32:57.056-0300] {dagbag.py:545} INFO - Filling up the DagBag from /home/jezandre/airflow/airflow_env/lib/python3.11/site-packages/airflow/example_dags/example_short_circuit_operator.py
[2024-09-17T06:32:57.064-0300] {processor.py:840} INFO - DAG(s) 'example_short_circuit_operator' retrieved from /home/jezandre/airflow/airflow_env/lib/python3.11/site-packages/airflow/example_dags/example_short_circuit_operator.py
[2024-09-17T06:32:57.099-0300] {logging_mixin.py:188} INFO - [2024-09-17T06:32:57.099-0300] {dag.py:3089} INFO - Sync 1 DAGs
[2024-09-17T06:32:57.142-0300] {logging_mixin.py:188} INFO - [2024-09-17T06:32:57.141-0300] {dag.py:3947} INFO - Setting next_dagrun for example_short_circuit_operator to 2024-09-16 00:00:00+00:00, run_after=2024-09-17 00:00:00+00:00
[2024-09-17T06:32:57.215-0300] {processor.py:183} INFO - Processing /home/jezandre/airflow/airflow_env/lib/python3.11/site-packages/airflow/example_dags/example_short_circuit_operator.py took 0.169 seconds
[2024-09-17T06:33:27.591-0300] {processor.py:161} INFO - Started process (PID=23148) to work on /home/jezandre/airflow/airflow_env/lib/python3.11/site-packages/airflow/example_dags/example_short_circuit_operator.py
[2024-09-17T06:33:27.592-0300] {processor.py:830} INFO - Processing file /home/jezandre/airflow/airflow_env/lib/python3.11/site-packages/airflow/example_dags/example_short_circuit_operator.py for tasks to queue
[2024-09-17T06:33:27.595-0300] {logging_mixin.py:188} INFO - [2024-09-17T06:33:27.594-0300] {dagbag.py:545} INFO - Filling up the DagBag from /home/jezandre/airflow/airflow_env/lib/python3.11/site-packages/airflow/example_dags/example_short_circuit_operator.py
[2024-09-17T06:33:27.606-0300] {processor.py:840} INFO - DAG(s) 'example_short_circuit_operator' retrieved from /home/jezandre/airflow/airflow_env/lib/python3.11/site-packages/airflow/example_dags/example_short_circuit_operator.py
[2024-09-17T06:33:27.645-0300] {logging_mixin.py:188} INFO - [2024-09-17T06:33:27.644-0300] {dag.py:3089} INFO - Sync 1 DAGs
[2024-09-17T06:33:27.674-0300] {logging_mixin.py:188} INFO - [2024-09-17T06:33:27.674-0300] {dag.py:3947} INFO - Setting next_dagrun for example_short_circuit_operator to 2024-09-16 00:00:00+00:00, run_after=2024-09-17 00:00:00+00:00
[2024-09-17T06:33:27.702-0300] {processor.py:183} INFO - Processing /home/jezandre/airflow/airflow_env/lib/python3.11/site-packages/airflow/example_dags/example_short_circuit_operator.py took 0.119 seconds
[2024-09-17T06:33:58.261-0300] {processor.py:161} INFO - Started process (PID=23426) to work on /home/jezandre/airflow/airflow_env/lib/python3.11/site-packages/airflow/example_dags/example_short_circuit_operator.py
[2024-09-17T06:33:58.263-0300] {processor.py:830} INFO - Processing file /home/jezandre/airflow/airflow_env/lib/python3.11/site-packages/airflow/example_dags/example_short_circuit_operator.py for tasks to queue
[2024-09-17T06:33:58.265-0300] {logging_mixin.py:188} INFO - [2024-09-17T06:33:58.264-0300] {dagbag.py:545} INFO - Filling up the DagBag from /home/jezandre/airflow/airflow_env/lib/python3.11/site-packages/airflow/example_dags/example_short_circuit_operator.py
[2024-09-17T06:33:58.276-0300] {processor.py:840} INFO - DAG(s) 'example_short_circuit_operator' retrieved from /home/jezandre/airflow/airflow_env/lib/python3.11/site-packages/airflow/example_dags/example_short_circuit_operator.py
[2024-09-17T06:33:58.311-0300] {logging_mixin.py:188} INFO - [2024-09-17T06:33:58.311-0300] {dag.py:3089} INFO - Sync 1 DAGs
[2024-09-17T06:33:58.338-0300] {logging_mixin.py:188} INFO - [2024-09-17T06:33:58.338-0300] {dag.py:3947} INFO - Setting next_dagrun for example_short_circuit_operator to 2024-09-16 00:00:00+00:00, run_after=2024-09-17 00:00:00+00:00
[2024-09-17T06:33:58.366-0300] {processor.py:183} INFO - Processing /home/jezandre/airflow/airflow_env/lib/python3.11/site-packages/airflow/example_dags/example_short_circuit_operator.py took 0.113 seconds
[2024-09-17T06:34:28.652-0300] {processor.py:161} INFO - Started process (PID=23668) to work on /home/jezandre/airflow/airflow_env/lib/python3.11/site-packages/airflow/example_dags/example_short_circuit_operator.py
[2024-09-17T06:34:28.654-0300] {processor.py:830} INFO - Processing file /home/jezandre/airflow/airflow_env/lib/python3.11/site-packages/airflow/example_dags/example_short_circuit_operator.py for tasks to queue
[2024-09-17T06:34:28.656-0300] {logging_mixin.py:188} INFO - [2024-09-17T06:34:28.656-0300] {dagbag.py:545} INFO - Filling up the DagBag from /home/jezandre/airflow/airflow_env/lib/python3.11/site-packages/airflow/example_dags/example_short_circuit_operator.py
[2024-09-17T06:34:28.675-0300] {processor.py:840} INFO - DAG(s) 'example_short_circuit_operator' retrieved from /home/jezandre/airflow/airflow_env/lib/python3.11/site-packages/airflow/example_dags/example_short_circuit_operator.py
[2024-09-17T06:34:28.724-0300] {logging_mixin.py:188} INFO - [2024-09-17T06:34:28.724-0300] {dag.py:3089} INFO - Sync 1 DAGs
[2024-09-17T06:34:28.766-0300] {logging_mixin.py:188} INFO - [2024-09-17T06:34:28.766-0300] {dag.py:3947} INFO - Setting next_dagrun for example_short_circuit_operator to 2024-09-16 00:00:00+00:00, run_after=2024-09-17 00:00:00+00:00
[2024-09-17T06:34:28.799-0300] {processor.py:183} INFO - Processing /home/jezandre/airflow/airflow_env/lib/python3.11/site-packages/airflow/example_dags/example_short_circuit_operator.py took 0.159 seconds
[2024-09-17T06:34:59.152-0300] {processor.py:161} INFO - Started process (PID=24015) to work on /home/jezandre/airflow/airflow_env/lib/python3.11/site-packages/airflow/example_dags/example_short_circuit_operator.py
[2024-09-17T06:34:59.154-0300] {processor.py:830} INFO - Processing file /home/jezandre/airflow/airflow_env/lib/python3.11/site-packages/airflow/example_dags/example_short_circuit_operator.py for tasks to queue
[2024-09-17T06:34:59.155-0300] {logging_mixin.py:188} INFO - [2024-09-17T06:34:59.155-0300] {dagbag.py:545} INFO - Filling up the DagBag from /home/jezandre/airflow/airflow_env/lib/python3.11/site-packages/airflow/example_dags/example_short_circuit_operator.py
[2024-09-17T06:34:59.163-0300] {processor.py:840} INFO - DAG(s) 'example_short_circuit_operator' retrieved from /home/jezandre/airflow/airflow_env/lib/python3.11/site-packages/airflow/example_dags/example_short_circuit_operator.py
[2024-09-17T06:34:59.196-0300] {logging_mixin.py:188} INFO - [2024-09-17T06:34:59.196-0300] {dag.py:3089} INFO - Sync 1 DAGs
[2024-09-17T06:34:59.224-0300] {logging_mixin.py:188} INFO - [2024-09-17T06:34:59.224-0300] {dag.py:3947} INFO - Setting next_dagrun for example_short_circuit_operator to 2024-09-16 00:00:00+00:00, run_after=2024-09-17 00:00:00+00:00
[2024-09-17T06:34:59.256-0300] {processor.py:183} INFO - Processing /home/jezandre/airflow/airflow_env/lib/python3.11/site-packages/airflow/example_dags/example_short_circuit_operator.py took 0.111 seconds
[2024-09-17T06:35:29.758-0300] {processor.py:161} INFO - Started process (PID=24256) to work on /home/jezandre/airflow/airflow_env/lib/python3.11/site-packages/airflow/example_dags/example_short_circuit_operator.py
[2024-09-17T06:35:29.760-0300] {processor.py:830} INFO - Processing file /home/jezandre/airflow/airflow_env/lib/python3.11/site-packages/airflow/example_dags/example_short_circuit_operator.py for tasks to queue
[2024-09-17T06:35:29.762-0300] {logging_mixin.py:188} INFO - [2024-09-17T06:35:29.761-0300] {dagbag.py:545} INFO - Filling up the DagBag from /home/jezandre/airflow/airflow_env/lib/python3.11/site-packages/airflow/example_dags/example_short_circuit_operator.py
[2024-09-17T06:35:29.769-0300] {processor.py:840} INFO - DAG(s) 'example_short_circuit_operator' retrieved from /home/jezandre/airflow/airflow_env/lib/python3.11/site-packages/airflow/example_dags/example_short_circuit_operator.py
[2024-09-17T06:35:29.807-0300] {logging_mixin.py:188} INFO - [2024-09-17T06:35:29.806-0300] {dag.py:3089} INFO - Sync 1 DAGs
[2024-09-17T06:35:29.849-0300] {logging_mixin.py:188} INFO - [2024-09-17T06:35:29.848-0300] {dag.py:3947} INFO - Setting next_dagrun for example_short_circuit_operator to 2024-09-16 00:00:00+00:00, run_after=2024-09-17 00:00:00+00:00
[2024-09-17T06:35:29.880-0300] {processor.py:183} INFO - Processing /home/jezandre/airflow/airflow_env/lib/python3.11/site-packages/airflow/example_dags/example_short_circuit_operator.py took 0.128 seconds
[2024-09-17T06:36:00.108-0300] {processor.py:161} INFO - Started process (PID=24576) to work on /home/jezandre/airflow/airflow_env/lib/python3.11/site-packages/airflow/example_dags/example_short_circuit_operator.py
[2024-09-17T06:36:00.110-0300] {processor.py:830} INFO - Processing file /home/jezandre/airflow/airflow_env/lib/python3.11/site-packages/airflow/example_dags/example_short_circuit_operator.py for tasks to queue
[2024-09-17T06:36:00.113-0300] {logging_mixin.py:188} INFO - [2024-09-17T06:36:00.112-0300] {dagbag.py:545} INFO - Filling up the DagBag from /home/jezandre/airflow/airflow_env/lib/python3.11/site-packages/airflow/example_dags/example_short_circuit_operator.py
[2024-09-17T06:36:00.120-0300] {processor.py:840} INFO - DAG(s) 'example_short_circuit_operator' retrieved from /home/jezandre/airflow/airflow_env/lib/python3.11/site-packages/airflow/example_dags/example_short_circuit_operator.py
[2024-09-17T06:36:00.154-0300] {logging_mixin.py:188} INFO - [2024-09-17T06:36:00.154-0300] {dag.py:3089} INFO - Sync 1 DAGs
[2024-09-17T06:36:00.184-0300] {logging_mixin.py:188} INFO - [2024-09-17T06:36:00.184-0300] {dag.py:3947} INFO - Setting next_dagrun for example_short_circuit_operator to 2024-09-16 00:00:00+00:00, run_after=2024-09-17 00:00:00+00:00
[2024-09-17T06:36:00.217-0300] {processor.py:183} INFO - Processing /home/jezandre/airflow/airflow_env/lib/python3.11/site-packages/airflow/example_dags/example_short_circuit_operator.py took 0.116 seconds
[2024-09-17T06:36:30.425-0300] {processor.py:161} INFO - Started process (PID=24790) to work on /home/jezandre/airflow/airflow_env/lib/python3.11/site-packages/airflow/example_dags/example_short_circuit_operator.py
[2024-09-17T06:36:30.426-0300] {processor.py:830} INFO - Processing file /home/jezandre/airflow/airflow_env/lib/python3.11/site-packages/airflow/example_dags/example_short_circuit_operator.py for tasks to queue
[2024-09-17T06:36:30.428-0300] {logging_mixin.py:188} INFO - [2024-09-17T06:36:30.427-0300] {dagbag.py:545} INFO - Filling up the DagBag from /home/jezandre/airflow/airflow_env/lib/python3.11/site-packages/airflow/example_dags/example_short_circuit_operator.py
[2024-09-17T06:36:30.438-0300] {processor.py:840} INFO - DAG(s) 'example_short_circuit_operator' retrieved from /home/jezandre/airflow/airflow_env/lib/python3.11/site-packages/airflow/example_dags/example_short_circuit_operator.py
[2024-09-17T06:36:30.475-0300] {logging_mixin.py:188} INFO - [2024-09-17T06:36:30.474-0300] {dag.py:3089} INFO - Sync 1 DAGs
[2024-09-17T06:36:30.535-0300] {logging_mixin.py:188} INFO - [2024-09-17T06:36:30.535-0300] {dag.py:3947} INFO - Setting next_dagrun for example_short_circuit_operator to 2024-09-16 00:00:00+00:00, run_after=2024-09-17 00:00:00+00:00
[2024-09-17T06:36:30.573-0300] {processor.py:183} INFO - Processing /home/jezandre/airflow/airflow_env/lib/python3.11/site-packages/airflow/example_dags/example_short_circuit_operator.py took 0.157 seconds
[2024-09-17T06:37:00.948-0300] {processor.py:161} INFO - Started process (PID=25026) to work on /home/jezandre/airflow/airflow_env/lib/python3.11/site-packages/airflow/example_dags/example_short_circuit_operator.py
[2024-09-17T06:37:00.950-0300] {processor.py:830} INFO - Processing file /home/jezandre/airflow/airflow_env/lib/python3.11/site-packages/airflow/example_dags/example_short_circuit_operator.py for tasks to queue
[2024-09-17T06:37:00.953-0300] {logging_mixin.py:188} INFO - [2024-09-17T06:37:00.952-0300] {dagbag.py:545} INFO - Filling up the DagBag from /home/jezandre/airflow/airflow_env/lib/python3.11/site-packages/airflow/example_dags/example_short_circuit_operator.py
[2024-09-17T06:37:00.963-0300] {processor.py:840} INFO - DAG(s) 'example_short_circuit_operator' retrieved from /home/jezandre/airflow/airflow_env/lib/python3.11/site-packages/airflow/example_dags/example_short_circuit_operator.py
[2024-09-17T06:37:00.994-0300] {logging_mixin.py:188} INFO - [2024-09-17T06:37:00.993-0300] {dag.py:3089} INFO - Sync 1 DAGs
[2024-09-17T06:37:01.025-0300] {logging_mixin.py:188} INFO - [2024-09-17T06:37:01.025-0300] {dag.py:3947} INFO - Setting next_dagrun for example_short_circuit_operator to 2024-09-16 00:00:00+00:00, run_after=2024-09-17 00:00:00+00:00
[2024-09-17T06:37:01.055-0300] {processor.py:183} INFO - Processing /home/jezandre/airflow/airflow_env/lib/python3.11/site-packages/airflow/example_dags/example_short_circuit_operator.py took 0.114 seconds
[2024-09-17T06:37:32.576-0300] {processor.py:161} INFO - Started process (PID=25235) to work on /home/jezandre/airflow/airflow_env/lib/python3.11/site-packages/airflow/example_dags/example_short_circuit_operator.py
[2024-09-17T06:37:32.577-0300] {processor.py:830} INFO - Processing file /home/jezandre/airflow/airflow_env/lib/python3.11/site-packages/airflow/example_dags/example_short_circuit_operator.py for tasks to queue
[2024-09-17T06:37:32.579-0300] {logging_mixin.py:188} INFO - [2024-09-17T06:37:32.579-0300] {dagbag.py:545} INFO - Filling up the DagBag from /home/jezandre/airflow/airflow_env/lib/python3.11/site-packages/airflow/example_dags/example_short_circuit_operator.py
[2024-09-17T06:37:32.588-0300] {processor.py:840} INFO - DAG(s) 'example_short_circuit_operator' retrieved from /home/jezandre/airflow/airflow_env/lib/python3.11/site-packages/airflow/example_dags/example_short_circuit_operator.py
[2024-09-17T06:37:32.763-0300] {logging_mixin.py:188} INFO - [2024-09-17T06:37:32.762-0300] {dag.py:3089} INFO - Sync 1 DAGs
[2024-09-17T06:37:32.790-0300] {logging_mixin.py:188} INFO - [2024-09-17T06:37:32.790-0300] {dag.py:3947} INFO - Setting next_dagrun for example_short_circuit_operator to 2024-09-16 00:00:00+00:00, run_after=2024-09-17 00:00:00+00:00
[2024-09-17T06:37:32.832-0300] {processor.py:183} INFO - Processing /home/jezandre/airflow/airflow_env/lib/python3.11/site-packages/airflow/example_dags/example_short_circuit_operator.py took 0.265 seconds
[2024-09-17T06:38:03.472-0300] {processor.py:161} INFO - Started process (PID=25484) to work on /home/jezandre/airflow/airflow_env/lib/python3.11/site-packages/airflow/example_dags/example_short_circuit_operator.py
[2024-09-17T06:38:03.473-0300] {processor.py:830} INFO - Processing file /home/jezandre/airflow/airflow_env/lib/python3.11/site-packages/airflow/example_dags/example_short_circuit_operator.py for tasks to queue
[2024-09-17T06:38:03.476-0300] {logging_mixin.py:188} INFO - [2024-09-17T06:38:03.475-0300] {dagbag.py:545} INFO - Filling up the DagBag from /home/jezandre/airflow/airflow_env/lib/python3.11/site-packages/airflow/example_dags/example_short_circuit_operator.py
[2024-09-17T06:38:03.486-0300] {processor.py:840} INFO - DAG(s) 'example_short_circuit_operator' retrieved from /home/jezandre/airflow/airflow_env/lib/python3.11/site-packages/airflow/example_dags/example_short_circuit_operator.py
[2024-09-17T06:38:03.518-0300] {logging_mixin.py:188} INFO - [2024-09-17T06:38:03.517-0300] {dag.py:3089} INFO - Sync 1 DAGs
[2024-09-17T06:38:03.547-0300] {logging_mixin.py:188} INFO - [2024-09-17T06:38:03.547-0300] {dag.py:3947} INFO - Setting next_dagrun for example_short_circuit_operator to 2024-09-16 00:00:00+00:00, run_after=2024-09-17 00:00:00+00:00
[2024-09-17T06:38:03.573-0300] {processor.py:183} INFO - Processing /home/jezandre/airflow/airflow_env/lib/python3.11/site-packages/airflow/example_dags/example_short_circuit_operator.py took 0.107 seconds
[2024-09-17T06:38:33.966-0300] {processor.py:161} INFO - Started process (PID=25787) to work on /home/jezandre/airflow/airflow_env/lib/python3.11/site-packages/airflow/example_dags/example_short_circuit_operator.py
[2024-09-17T06:38:33.967-0300] {processor.py:830} INFO - Processing file /home/jezandre/airflow/airflow_env/lib/python3.11/site-packages/airflow/example_dags/example_short_circuit_operator.py for tasks to queue
[2024-09-17T06:38:33.968-0300] {logging_mixin.py:188} INFO - [2024-09-17T06:38:33.968-0300] {dagbag.py:545} INFO - Filling up the DagBag from /home/jezandre/airflow/airflow_env/lib/python3.11/site-packages/airflow/example_dags/example_short_circuit_operator.py
[2024-09-17T06:38:33.974-0300] {processor.py:840} INFO - DAG(s) 'example_short_circuit_operator' retrieved from /home/jezandre/airflow/airflow_env/lib/python3.11/site-packages/airflow/example_dags/example_short_circuit_operator.py
[2024-09-17T06:38:34.007-0300] {logging_mixin.py:188} INFO - [2024-09-17T06:38:34.006-0300] {dag.py:3089} INFO - Sync 1 DAGs
[2024-09-17T06:38:34.046-0300] {logging_mixin.py:188} INFO - [2024-09-17T06:38:34.045-0300] {dag.py:3947} INFO - Setting next_dagrun for example_short_circuit_operator to 2024-09-16 00:00:00+00:00, run_after=2024-09-17 00:00:00+00:00
[2024-09-17T06:38:34.073-0300] {processor.py:183} INFO - Processing /home/jezandre/airflow/airflow_env/lib/python3.11/site-packages/airflow/example_dags/example_short_circuit_operator.py took 0.117 seconds
[2024-09-17T06:39:04.606-0300] {processor.py:161} INFO - Started process (PID=26127) to work on /home/jezandre/airflow/airflow_env/lib/python3.11/site-packages/airflow/example_dags/example_short_circuit_operator.py
[2024-09-17T06:39:04.608-0300] {processor.py:830} INFO - Processing file /home/jezandre/airflow/airflow_env/lib/python3.11/site-packages/airflow/example_dags/example_short_circuit_operator.py for tasks to queue
[2024-09-17T06:39:04.609-0300] {logging_mixin.py:188} INFO - [2024-09-17T06:39:04.609-0300] {dagbag.py:545} INFO - Filling up the DagBag from /home/jezandre/airflow/airflow_env/lib/python3.11/site-packages/airflow/example_dags/example_short_circuit_operator.py
[2024-09-17T06:39:04.617-0300] {processor.py:840} INFO - DAG(s) 'example_short_circuit_operator' retrieved from /home/jezandre/airflow/airflow_env/lib/python3.11/site-packages/airflow/example_dags/example_short_circuit_operator.py
[2024-09-17T06:39:04.652-0300] {logging_mixin.py:188} INFO - [2024-09-17T06:39:04.651-0300] {dag.py:3089} INFO - Sync 1 DAGs
[2024-09-17T06:39:04.679-0300] {logging_mixin.py:188} INFO - [2024-09-17T06:39:04.678-0300] {dag.py:3947} INFO - Setting next_dagrun for example_short_circuit_operator to 2024-09-16 00:00:00+00:00, run_after=2024-09-17 00:00:00+00:00
[2024-09-17T06:39:04.709-0300] {processor.py:183} INFO - Processing /home/jezandre/airflow/airflow_env/lib/python3.11/site-packages/airflow/example_dags/example_short_circuit_operator.py took 0.113 seconds
[2024-09-17T06:39:35.232-0300] {processor.py:161} INFO - Started process (PID=26352) to work on /home/jezandre/airflow/airflow_env/lib/python3.11/site-packages/airflow/example_dags/example_short_circuit_operator.py
[2024-09-17T06:39:35.234-0300] {processor.py:830} INFO - Processing file /home/jezandre/airflow/airflow_env/lib/python3.11/site-packages/airflow/example_dags/example_short_circuit_operator.py for tasks to queue
[2024-09-17T06:39:35.240-0300] {logging_mixin.py:188} INFO - [2024-09-17T06:39:35.240-0300] {dagbag.py:545} INFO - Filling up the DagBag from /home/jezandre/airflow/airflow_env/lib/python3.11/site-packages/airflow/example_dags/example_short_circuit_operator.py
[2024-09-17T06:39:35.252-0300] {processor.py:840} INFO - DAG(s) 'example_short_circuit_operator' retrieved from /home/jezandre/airflow/airflow_env/lib/python3.11/site-packages/airflow/example_dags/example_short_circuit_operator.py
[2024-09-17T06:39:35.313-0300] {logging_mixin.py:188} INFO - [2024-09-17T06:39:35.313-0300] {dag.py:3089} INFO - Sync 1 DAGs
[2024-09-17T06:39:35.346-0300] {logging_mixin.py:188} INFO - [2024-09-17T06:39:35.345-0300] {dag.py:3947} INFO - Setting next_dagrun for example_short_circuit_operator to 2024-09-16 00:00:00+00:00, run_after=2024-09-17 00:00:00+00:00
[2024-09-17T06:39:35.374-0300] {processor.py:183} INFO - Processing /home/jezandre/airflow/airflow_env/lib/python3.11/site-packages/airflow/example_dags/example_short_circuit_operator.py took 0.165 seconds
[2024-09-17T06:40:05.973-0300] {processor.py:161} INFO - Started process (PID=26638) to work on /home/jezandre/airflow/airflow_env/lib/python3.11/site-packages/airflow/example_dags/example_short_circuit_operator.py
[2024-09-17T06:40:05.974-0300] {processor.py:830} INFO - Processing file /home/jezandre/airflow/airflow_env/lib/python3.11/site-packages/airflow/example_dags/example_short_circuit_operator.py for tasks to queue
[2024-09-17T06:40:05.976-0300] {logging_mixin.py:188} INFO - [2024-09-17T06:40:05.975-0300] {dagbag.py:545} INFO - Filling up the DagBag from /home/jezandre/airflow/airflow_env/lib/python3.11/site-packages/airflow/example_dags/example_short_circuit_operator.py
[2024-09-17T06:40:05.986-0300] {processor.py:840} INFO - DAG(s) 'example_short_circuit_operator' retrieved from /home/jezandre/airflow/airflow_env/lib/python3.11/site-packages/airflow/example_dags/example_short_circuit_operator.py
[2024-09-17T06:40:06.031-0300] {logging_mixin.py:188} INFO - [2024-09-17T06:40:06.031-0300] {dag.py:3089} INFO - Sync 1 DAGs
[2024-09-17T06:40:06.076-0300] {logging_mixin.py:188} INFO - [2024-09-17T06:40:06.076-0300] {dag.py:3947} INFO - Setting next_dagrun for example_short_circuit_operator to 2024-09-16 00:00:00+00:00, run_after=2024-09-17 00:00:00+00:00
[2024-09-17T06:40:06.106-0300] {processor.py:183} INFO - Processing /home/jezandre/airflow/airflow_env/lib/python3.11/site-packages/airflow/example_dags/example_short_circuit_operator.py took 0.144 seconds
[2024-09-17T06:40:36.505-0300] {processor.py:161} INFO - Started process (PID=26979) to work on /home/jezandre/airflow/airflow_env/lib/python3.11/site-packages/airflow/example_dags/example_short_circuit_operator.py
[2024-09-17T06:40:36.506-0300] {processor.py:830} INFO - Processing file /home/jezandre/airflow/airflow_env/lib/python3.11/site-packages/airflow/example_dags/example_short_circuit_operator.py for tasks to queue
[2024-09-17T06:40:36.508-0300] {logging_mixin.py:188} INFO - [2024-09-17T06:40:36.507-0300] {dagbag.py:545} INFO - Filling up the DagBag from /home/jezandre/airflow/airflow_env/lib/python3.11/site-packages/airflow/example_dags/example_short_circuit_operator.py
[2024-09-17T06:40:36.516-0300] {processor.py:840} INFO - DAG(s) 'example_short_circuit_operator' retrieved from /home/jezandre/airflow/airflow_env/lib/python3.11/site-packages/airflow/example_dags/example_short_circuit_operator.py
[2024-09-17T06:40:36.547-0300] {logging_mixin.py:188} INFO - [2024-09-17T06:40:36.547-0300] {dag.py:3089} INFO - Sync 1 DAGs
[2024-09-17T06:40:36.572-0300] {logging_mixin.py:188} INFO - [2024-09-17T06:40:36.571-0300] {dag.py:3947} INFO - Setting next_dagrun for example_short_circuit_operator to 2024-09-16 00:00:00+00:00, run_after=2024-09-17 00:00:00+00:00
[2024-09-17T06:40:36.597-0300] {processor.py:183} INFO - Processing /home/jezandre/airflow/airflow_env/lib/python3.11/site-packages/airflow/example_dags/example_short_circuit_operator.py took 0.101 seconds
[2024-09-17T06:41:06.778-0300] {processor.py:161} INFO - Started process (PID=27324) to work on /home/jezandre/airflow/airflow_env/lib/python3.11/site-packages/airflow/example_dags/example_short_circuit_operator.py
[2024-09-17T06:41:06.780-0300] {processor.py:830} INFO - Processing file /home/jezandre/airflow/airflow_env/lib/python3.11/site-packages/airflow/example_dags/example_short_circuit_operator.py for tasks to queue
[2024-09-17T06:41:06.782-0300] {logging_mixin.py:188} INFO - [2024-09-17T06:41:06.781-0300] {dagbag.py:545} INFO - Filling up the DagBag from /home/jezandre/airflow/airflow_env/lib/python3.11/site-packages/airflow/example_dags/example_short_circuit_operator.py
[2024-09-17T06:41:06.789-0300] {processor.py:840} INFO - DAG(s) 'example_short_circuit_operator' retrieved from /home/jezandre/airflow/airflow_env/lib/python3.11/site-packages/airflow/example_dags/example_short_circuit_operator.py
[2024-09-17T06:41:06.826-0300] {logging_mixin.py:188} INFO - [2024-09-17T06:41:06.825-0300] {dag.py:3089} INFO - Sync 1 DAGs
[2024-09-17T06:41:06.859-0300] {logging_mixin.py:188} INFO - [2024-09-17T06:41:06.858-0300] {dag.py:3947} INFO - Setting next_dagrun for example_short_circuit_operator to 2024-09-16 00:00:00+00:00, run_after=2024-09-17 00:00:00+00:00
[2024-09-17T06:41:06.889-0300] {processor.py:183} INFO - Processing /home/jezandre/airflow/airflow_env/lib/python3.11/site-packages/airflow/example_dags/example_short_circuit_operator.py took 0.120 seconds
[2024-09-17T06:41:37.568-0300] {processor.py:161} INFO - Started process (PID=27685) to work on /home/jezandre/airflow/airflow_env/lib/python3.11/site-packages/airflow/example_dags/example_short_circuit_operator.py
[2024-09-17T06:41:37.569-0300] {processor.py:830} INFO - Processing file /home/jezandre/airflow/airflow_env/lib/python3.11/site-packages/airflow/example_dags/example_short_circuit_operator.py for tasks to queue
[2024-09-17T06:41:37.571-0300] {logging_mixin.py:188} INFO - [2024-09-17T06:41:37.571-0300] {dagbag.py:545} INFO - Filling up the DagBag from /home/jezandre/airflow/airflow_env/lib/python3.11/site-packages/airflow/example_dags/example_short_circuit_operator.py
[2024-09-17T06:41:37.578-0300] {processor.py:840} INFO - DAG(s) 'example_short_circuit_operator' retrieved from /home/jezandre/airflow/airflow_env/lib/python3.11/site-packages/airflow/example_dags/example_short_circuit_operator.py
[2024-09-17T06:41:37.611-0300] {logging_mixin.py:188} INFO - [2024-09-17T06:41:37.610-0300] {dag.py:3089} INFO - Sync 1 DAGs
[2024-09-17T06:41:37.641-0300] {logging_mixin.py:188} INFO - [2024-09-17T06:41:37.640-0300] {dag.py:3947} INFO - Setting next_dagrun for example_short_circuit_operator to 2024-09-16 00:00:00+00:00, run_after=2024-09-17 00:00:00+00:00
[2024-09-17T06:41:37.672-0300] {processor.py:183} INFO - Processing /home/jezandre/airflow/airflow_env/lib/python3.11/site-packages/airflow/example_dags/example_short_circuit_operator.py took 0.113 seconds
[2024-09-17T06:42:08.330-0300] {processor.py:161} INFO - Started process (PID=27902) to work on /home/jezandre/airflow/airflow_env/lib/python3.11/site-packages/airflow/example_dags/example_short_circuit_operator.py
[2024-09-17T06:42:08.332-0300] {processor.py:830} INFO - Processing file /home/jezandre/airflow/airflow_env/lib/python3.11/site-packages/airflow/example_dags/example_short_circuit_operator.py for tasks to queue
[2024-09-17T06:42:08.334-0300] {logging_mixin.py:188} INFO - [2024-09-17T06:42:08.333-0300] {dagbag.py:545} INFO - Filling up the DagBag from /home/jezandre/airflow/airflow_env/lib/python3.11/site-packages/airflow/example_dags/example_short_circuit_operator.py
[2024-09-17T06:42:08.343-0300] {processor.py:840} INFO - DAG(s) 'example_short_circuit_operator' retrieved from /home/jezandre/airflow/airflow_env/lib/python3.11/site-packages/airflow/example_dags/example_short_circuit_operator.py
[2024-09-17T06:42:08.479-0300] {logging_mixin.py:188} INFO - [2024-09-17T06:42:08.479-0300] {dag.py:3089} INFO - Sync 1 DAGs
[2024-09-17T06:42:08.508-0300] {logging_mixin.py:188} INFO - [2024-09-17T06:42:08.508-0300] {dag.py:3947} INFO - Setting next_dagrun for example_short_circuit_operator to 2024-09-16 00:00:00+00:00, run_after=2024-09-17 00:00:00+00:00
[2024-09-17T06:42:08.538-0300] {processor.py:183} INFO - Processing /home/jezandre/airflow/airflow_env/lib/python3.11/site-packages/airflow/example_dags/example_short_circuit_operator.py took 0.221 seconds
[2024-09-17T06:42:39.290-0300] {processor.py:161} INFO - Started process (PID=28117) to work on /home/jezandre/airflow/airflow_env/lib/python3.11/site-packages/airflow/example_dags/example_short_circuit_operator.py
[2024-09-17T06:42:39.293-0300] {processor.py:830} INFO - Processing file /home/jezandre/airflow/airflow_env/lib/python3.11/site-packages/airflow/example_dags/example_short_circuit_operator.py for tasks to queue
[2024-09-17T06:42:39.296-0300] {logging_mixin.py:188} INFO - [2024-09-17T06:42:39.295-0300] {dagbag.py:545} INFO - Filling up the DagBag from /home/jezandre/airflow/airflow_env/lib/python3.11/site-packages/airflow/example_dags/example_short_circuit_operator.py
[2024-09-17T06:42:39.304-0300] {processor.py:840} INFO - DAG(s) 'example_short_circuit_operator' retrieved from /home/jezandre/airflow/airflow_env/lib/python3.11/site-packages/airflow/example_dags/example_short_circuit_operator.py
[2024-09-17T06:42:39.338-0300] {logging_mixin.py:188} INFO - [2024-09-17T06:42:39.337-0300] {dag.py:3089} INFO - Sync 1 DAGs
[2024-09-17T06:42:39.376-0300] {logging_mixin.py:188} INFO - [2024-09-17T06:42:39.376-0300] {dag.py:3947} INFO - Setting next_dagrun for example_short_circuit_operator to 2024-09-16 00:00:00+00:00, run_after=2024-09-17 00:00:00+00:00
[2024-09-17T06:42:39.427-0300] {processor.py:183} INFO - Processing /home/jezandre/airflow/airflow_env/lib/python3.11/site-packages/airflow/example_dags/example_short_circuit_operator.py took 0.146 seconds
[2024-09-17T06:43:09.534-0300] {processor.py:161} INFO - Started process (PID=28893) to work on /home/jezandre/airflow/airflow_env/lib/python3.11/site-packages/airflow/example_dags/example_short_circuit_operator.py
[2024-09-17T06:43:09.535-0300] {processor.py:830} INFO - Processing file /home/jezandre/airflow/airflow_env/lib/python3.11/site-packages/airflow/example_dags/example_short_circuit_operator.py for tasks to queue
[2024-09-17T06:43:09.536-0300] {logging_mixin.py:188} INFO - [2024-09-17T06:43:09.536-0300] {dagbag.py:545} INFO - Filling up the DagBag from /home/jezandre/airflow/airflow_env/lib/python3.11/site-packages/airflow/example_dags/example_short_circuit_operator.py
[2024-09-17T06:43:09.544-0300] {processor.py:840} INFO - DAG(s) 'example_short_circuit_operator' retrieved from /home/jezandre/airflow/airflow_env/lib/python3.11/site-packages/airflow/example_dags/example_short_circuit_operator.py
[2024-09-17T06:43:09.584-0300] {logging_mixin.py:188} INFO - [2024-09-17T06:43:09.584-0300] {dag.py:3089} INFO - Sync 1 DAGs
[2024-09-17T06:43:09.622-0300] {logging_mixin.py:188} INFO - [2024-09-17T06:43:09.622-0300] {dag.py:3947} INFO - Setting next_dagrun for example_short_circuit_operator to 2024-09-16 00:00:00+00:00, run_after=2024-09-17 00:00:00+00:00
[2024-09-17T06:43:09.657-0300] {processor.py:183} INFO - Processing /home/jezandre/airflow/airflow_env/lib/python3.11/site-packages/airflow/example_dags/example_short_circuit_operator.py took 0.132 seconds
[2024-09-17T06:43:40.411-0300] {processor.py:161} INFO - Started process (PID=29163) to work on /home/jezandre/airflow/airflow_env/lib/python3.11/site-packages/airflow/example_dags/example_short_circuit_operator.py
[2024-09-17T06:43:40.413-0300] {processor.py:830} INFO - Processing file /home/jezandre/airflow/airflow_env/lib/python3.11/site-packages/airflow/example_dags/example_short_circuit_operator.py for tasks to queue
[2024-09-17T06:43:40.414-0300] {logging_mixin.py:188} INFO - [2024-09-17T06:43:40.414-0300] {dagbag.py:545} INFO - Filling up the DagBag from /home/jezandre/airflow/airflow_env/lib/python3.11/site-packages/airflow/example_dags/example_short_circuit_operator.py
[2024-09-17T06:43:40.423-0300] {processor.py:840} INFO - DAG(s) 'example_short_circuit_operator' retrieved from /home/jezandre/airflow/airflow_env/lib/python3.11/site-packages/airflow/example_dags/example_short_circuit_operator.py
[2024-09-17T06:43:40.457-0300] {logging_mixin.py:188} INFO - [2024-09-17T06:43:40.456-0300] {dag.py:3089} INFO - Sync 1 DAGs
[2024-09-17T06:43:40.489-0300] {logging_mixin.py:188} INFO - [2024-09-17T06:43:40.489-0300] {dag.py:3947} INFO - Setting next_dagrun for example_short_circuit_operator to 2024-09-16 00:00:00+00:00, run_after=2024-09-17 00:00:00+00:00
[2024-09-17T06:43:40.516-0300] {processor.py:183} INFO - Processing /home/jezandre/airflow/airflow_env/lib/python3.11/site-packages/airflow/example_dags/example_short_circuit_operator.py took 0.113 seconds
[2024-09-17T06:44:11.094-0300] {processor.py:161} INFO - Started process (PID=29393) to work on /home/jezandre/airflow/airflow_env/lib/python3.11/site-packages/airflow/example_dags/example_short_circuit_operator.py
[2024-09-17T06:44:11.094-0300] {processor.py:830} INFO - Processing file /home/jezandre/airflow/airflow_env/lib/python3.11/site-packages/airflow/example_dags/example_short_circuit_operator.py for tasks to queue
[2024-09-17T06:44:11.096-0300] {logging_mixin.py:188} INFO - [2024-09-17T06:44:11.096-0300] {dagbag.py:545} INFO - Filling up the DagBag from /home/jezandre/airflow/airflow_env/lib/python3.11/site-packages/airflow/example_dags/example_short_circuit_operator.py
[2024-09-17T06:44:11.107-0300] {processor.py:840} INFO - DAG(s) 'example_short_circuit_operator' retrieved from /home/jezandre/airflow/airflow_env/lib/python3.11/site-packages/airflow/example_dags/example_short_circuit_operator.py
[2024-09-17T06:44:11.141-0300] {logging_mixin.py:188} INFO - [2024-09-17T06:44:11.140-0300] {dag.py:3089} INFO - Sync 1 DAGs
[2024-09-17T06:44:11.168-0300] {logging_mixin.py:188} INFO - [2024-09-17T06:44:11.167-0300] {dag.py:3947} INFO - Setting next_dagrun for example_short_circuit_operator to 2024-09-16 00:00:00+00:00, run_after=2024-09-17 00:00:00+00:00
[2024-09-17T06:44:11.194-0300] {processor.py:183} INFO - Processing /home/jezandre/airflow/airflow_env/lib/python3.11/site-packages/airflow/example_dags/example_short_circuit_operator.py took 0.111 seconds
[2024-09-17T06:44:41.772-0300] {processor.py:161} INFO - Started process (PID=29598) to work on /home/jezandre/airflow/airflow_env/lib/python3.11/site-packages/airflow/example_dags/example_short_circuit_operator.py
[2024-09-17T06:44:41.774-0300] {processor.py:830} INFO - Processing file /home/jezandre/airflow/airflow_env/lib/python3.11/site-packages/airflow/example_dags/example_short_circuit_operator.py for tasks to queue
[2024-09-17T06:44:41.776-0300] {logging_mixin.py:188} INFO - [2024-09-17T06:44:41.775-0300] {dagbag.py:545} INFO - Filling up the DagBag from /home/jezandre/airflow/airflow_env/lib/python3.11/site-packages/airflow/example_dags/example_short_circuit_operator.py
[2024-09-17T06:44:41.784-0300] {processor.py:840} INFO - DAG(s) 'example_short_circuit_operator' retrieved from /home/jezandre/airflow/airflow_env/lib/python3.11/site-packages/airflow/example_dags/example_short_circuit_operator.py
[2024-09-17T06:44:41.816-0300] {logging_mixin.py:188} INFO - [2024-09-17T06:44:41.815-0300] {dag.py:3089} INFO - Sync 1 DAGs
[2024-09-17T06:44:41.841-0300] {logging_mixin.py:188} INFO - [2024-09-17T06:44:41.841-0300] {dag.py:3947} INFO - Setting next_dagrun for example_short_circuit_operator to 2024-09-16 00:00:00+00:00, run_after=2024-09-17 00:00:00+00:00
[2024-09-17T06:44:41.868-0300] {processor.py:183} INFO - Processing /home/jezandre/airflow/airflow_env/lib/python3.11/site-packages/airflow/example_dags/example_short_circuit_operator.py took 0.104 seconds
[2024-09-17T06:45:12.675-0300] {processor.py:161} INFO - Started process (PID=29935) to work on /home/jezandre/airflow/airflow_env/lib/python3.11/site-packages/airflow/example_dags/example_short_circuit_operator.py
[2024-09-17T06:45:12.676-0300] {processor.py:830} INFO - Processing file /home/jezandre/airflow/airflow_env/lib/python3.11/site-packages/airflow/example_dags/example_short_circuit_operator.py for tasks to queue
[2024-09-17T06:45:12.678-0300] {logging_mixin.py:188} INFO - [2024-09-17T06:45:12.678-0300] {dagbag.py:545} INFO - Filling up the DagBag from /home/jezandre/airflow/airflow_env/lib/python3.11/site-packages/airflow/example_dags/example_short_circuit_operator.py
[2024-09-17T06:45:12.685-0300] {processor.py:840} INFO - DAG(s) 'example_short_circuit_operator' retrieved from /home/jezandre/airflow/airflow_env/lib/python3.11/site-packages/airflow/example_dags/example_short_circuit_operator.py
[2024-09-17T06:45:12.722-0300] {logging_mixin.py:188} INFO - [2024-09-17T06:45:12.722-0300] {dag.py:3089} INFO - Sync 1 DAGs
[2024-09-17T06:45:12.752-0300] {logging_mixin.py:188} INFO - [2024-09-17T06:45:12.752-0300] {dag.py:3947} INFO - Setting next_dagrun for example_short_circuit_operator to 2024-09-16 00:00:00+00:00, run_after=2024-09-17 00:00:00+00:00
[2024-09-17T06:45:12.781-0300] {processor.py:183} INFO - Processing /home/jezandre/airflow/airflow_env/lib/python3.11/site-packages/airflow/example_dags/example_short_circuit_operator.py took 0.120 seconds
[2024-09-17T06:45:42.939-0300] {processor.py:161} INFO - Started process (PID=30225) to work on /home/jezandre/airflow/airflow_env/lib/python3.11/site-packages/airflow/example_dags/example_short_circuit_operator.py
[2024-09-17T06:45:42.940-0300] {processor.py:830} INFO - Processing file /home/jezandre/airflow/airflow_env/lib/python3.11/site-packages/airflow/example_dags/example_short_circuit_operator.py for tasks to queue
[2024-09-17T06:45:42.942-0300] {logging_mixin.py:188} INFO - [2024-09-17T06:45:42.942-0300] {dagbag.py:545} INFO - Filling up the DagBag from /home/jezandre/airflow/airflow_env/lib/python3.11/site-packages/airflow/example_dags/example_short_circuit_operator.py
[2024-09-17T06:45:42.951-0300] {processor.py:840} INFO - DAG(s) 'example_short_circuit_operator' retrieved from /home/jezandre/airflow/airflow_env/lib/python3.11/site-packages/airflow/example_dags/example_short_circuit_operator.py
[2024-09-17T06:45:42.980-0300] {logging_mixin.py:188} INFO - [2024-09-17T06:45:42.979-0300] {dag.py:3089} INFO - Sync 1 DAGs
[2024-09-17T06:45:43.004-0300] {logging_mixin.py:188} INFO - [2024-09-17T06:45:43.004-0300] {dag.py:3947} INFO - Setting next_dagrun for example_short_circuit_operator to 2024-09-16 00:00:00+00:00, run_after=2024-09-17 00:00:00+00:00
[2024-09-17T06:45:43.026-0300] {processor.py:183} INFO - Processing /home/jezandre/airflow/airflow_env/lib/python3.11/site-packages/airflow/example_dags/example_short_circuit_operator.py took 0.096 seconds
[2024-09-17T06:46:13.865-0300] {processor.py:161} INFO - Started process (PID=30555) to work on /home/jezandre/airflow/airflow_env/lib/python3.11/site-packages/airflow/example_dags/example_short_circuit_operator.py
[2024-09-17T06:46:13.866-0300] {processor.py:830} INFO - Processing file /home/jezandre/airflow/airflow_env/lib/python3.11/site-packages/airflow/example_dags/example_short_circuit_operator.py for tasks to queue
[2024-09-17T06:46:13.867-0300] {logging_mixin.py:188} INFO - [2024-09-17T06:46:13.867-0300] {dagbag.py:545} INFO - Filling up the DagBag from /home/jezandre/airflow/airflow_env/lib/python3.11/site-packages/airflow/example_dags/example_short_circuit_operator.py
[2024-09-17T06:46:13.874-0300] {processor.py:840} INFO - DAG(s) 'example_short_circuit_operator' retrieved from /home/jezandre/airflow/airflow_env/lib/python3.11/site-packages/airflow/example_dags/example_short_circuit_operator.py
[2024-09-17T06:46:13.907-0300] {logging_mixin.py:188} INFO - [2024-09-17T06:46:13.907-0300] {dag.py:3089} INFO - Sync 1 DAGs
[2024-09-17T06:46:13.935-0300] {logging_mixin.py:188} INFO - [2024-09-17T06:46:13.935-0300] {dag.py:3947} INFO - Setting next_dagrun for example_short_circuit_operator to 2024-09-16 00:00:00+00:00, run_after=2024-09-17 00:00:00+00:00
[2024-09-17T06:46:13.960-0300] {processor.py:183} INFO - Processing /home/jezandre/airflow/airflow_env/lib/python3.11/site-packages/airflow/example_dags/example_short_circuit_operator.py took 0.103 seconds
[2024-09-17T06:46:44.748-0300] {processor.py:161} INFO - Started process (PID=30873) to work on /home/jezandre/airflow/airflow_env/lib/python3.11/site-packages/airflow/example_dags/example_short_circuit_operator.py
[2024-09-17T06:46:44.763-0300] {processor.py:830} INFO - Processing file /home/jezandre/airflow/airflow_env/lib/python3.11/site-packages/airflow/example_dags/example_short_circuit_operator.py for tasks to queue
[2024-09-17T06:46:44.765-0300] {logging_mixin.py:188} INFO - [2024-09-17T06:46:44.765-0300] {dagbag.py:545} INFO - Filling up the DagBag from /home/jezandre/airflow/airflow_env/lib/python3.11/site-packages/airflow/example_dags/example_short_circuit_operator.py
[2024-09-17T06:46:44.772-0300] {processor.py:840} INFO - DAG(s) 'example_short_circuit_operator' retrieved from /home/jezandre/airflow/airflow_env/lib/python3.11/site-packages/airflow/example_dags/example_short_circuit_operator.py
[2024-09-17T06:46:44.805-0300] {logging_mixin.py:188} INFO - [2024-09-17T06:46:44.804-0300] {dag.py:3089} INFO - Sync 1 DAGs
[2024-09-17T06:46:44.833-0300] {logging_mixin.py:188} INFO - [2024-09-17T06:46:44.832-0300] {dag.py:3947} INFO - Setting next_dagrun for example_short_circuit_operator to 2024-09-16 00:00:00+00:00, run_after=2024-09-17 00:00:00+00:00
[2024-09-17T06:46:44.860-0300] {processor.py:183} INFO - Processing /home/jezandre/airflow/airflow_env/lib/python3.11/site-packages/airflow/example_dags/example_short_circuit_operator.py took 0.122 seconds
[2024-09-17T06:47:15.367-0300] {processor.py:161} INFO - Started process (PID=31155) to work on /home/jezandre/airflow/airflow_env/lib/python3.11/site-packages/airflow/example_dags/example_short_circuit_operator.py
[2024-09-17T06:47:15.368-0300] {processor.py:830} INFO - Processing file /home/jezandre/airflow/airflow_env/lib/python3.11/site-packages/airflow/example_dags/example_short_circuit_operator.py for tasks to queue
[2024-09-17T06:47:15.370-0300] {logging_mixin.py:188} INFO - [2024-09-17T06:47:15.369-0300] {dagbag.py:545} INFO - Filling up the DagBag from /home/jezandre/airflow/airflow_env/lib/python3.11/site-packages/airflow/example_dags/example_short_circuit_operator.py
[2024-09-17T06:47:15.378-0300] {processor.py:840} INFO - DAG(s) 'example_short_circuit_operator' retrieved from /home/jezandre/airflow/airflow_env/lib/python3.11/site-packages/airflow/example_dags/example_short_circuit_operator.py
[2024-09-17T06:47:15.504-0300] {logging_mixin.py:188} INFO - [2024-09-17T06:47:15.503-0300] {dag.py:3089} INFO - Sync 1 DAGs
[2024-09-17T06:47:15.534-0300] {logging_mixin.py:188} INFO - [2024-09-17T06:47:15.534-0300] {dag.py:3947} INFO - Setting next_dagrun for example_short_circuit_operator to 2024-09-16 00:00:00+00:00, run_after=2024-09-17 00:00:00+00:00
[2024-09-17T06:47:15.573-0300] {processor.py:183} INFO - Processing /home/jezandre/airflow/airflow_env/lib/python3.11/site-packages/airflow/example_dags/example_short_circuit_operator.py took 0.217 seconds
[2024-09-17T06:47:46.336-0300] {processor.py:161} INFO - Started process (PID=31405) to work on /home/jezandre/airflow/airflow_env/lib/python3.11/site-packages/airflow/example_dags/example_short_circuit_operator.py
[2024-09-17T06:47:46.338-0300] {processor.py:830} INFO - Processing file /home/jezandre/airflow/airflow_env/lib/python3.11/site-packages/airflow/example_dags/example_short_circuit_operator.py for tasks to queue
[2024-09-17T06:47:46.340-0300] {logging_mixin.py:188} INFO - [2024-09-17T06:47:46.340-0300] {dagbag.py:545} INFO - Filling up the DagBag from /home/jezandre/airflow/airflow_env/lib/python3.11/site-packages/airflow/example_dags/example_short_circuit_operator.py
[2024-09-17T06:47:46.357-0300] {processor.py:840} INFO - DAG(s) 'example_short_circuit_operator' retrieved from /home/jezandre/airflow/airflow_env/lib/python3.11/site-packages/airflow/example_dags/example_short_circuit_operator.py
[2024-09-17T06:47:46.407-0300] {logging_mixin.py:188} INFO - [2024-09-17T06:47:46.407-0300] {dag.py:3089} INFO - Sync 1 DAGs
[2024-09-17T06:47:46.444-0300] {logging_mixin.py:188} INFO - [2024-09-17T06:47:46.444-0300] {dag.py:3947} INFO - Setting next_dagrun for example_short_circuit_operator to 2024-09-16 00:00:00+00:00, run_after=2024-09-17 00:00:00+00:00
[2024-09-17T06:47:46.479-0300] {processor.py:183} INFO - Processing /home/jezandre/airflow/airflow_env/lib/python3.11/site-packages/airflow/example_dags/example_short_circuit_operator.py took 0.160 seconds
[2024-09-17T06:48:17.300-0300] {processor.py:161} INFO - Started process (PID=31639) to work on /home/jezandre/airflow/airflow_env/lib/python3.11/site-packages/airflow/example_dags/example_short_circuit_operator.py
[2024-09-17T06:48:17.301-0300] {processor.py:830} INFO - Processing file /home/jezandre/airflow/airflow_env/lib/python3.11/site-packages/airflow/example_dags/example_short_circuit_operator.py for tasks to queue
[2024-09-17T06:48:17.303-0300] {logging_mixin.py:188} INFO - [2024-09-17T06:48:17.302-0300] {dagbag.py:545} INFO - Filling up the DagBag from /home/jezandre/airflow/airflow_env/lib/python3.11/site-packages/airflow/example_dags/example_short_circuit_operator.py
[2024-09-17T06:48:17.309-0300] {processor.py:840} INFO - DAG(s) 'example_short_circuit_operator' retrieved from /home/jezandre/airflow/airflow_env/lib/python3.11/site-packages/airflow/example_dags/example_short_circuit_operator.py
[2024-09-17T06:48:17.340-0300] {logging_mixin.py:188} INFO - [2024-09-17T06:48:17.340-0300] {dag.py:3089} INFO - Sync 1 DAGs
[2024-09-17T06:48:17.371-0300] {logging_mixin.py:188} INFO - [2024-09-17T06:48:17.370-0300] {dag.py:3947} INFO - Setting next_dagrun for example_short_circuit_operator to 2024-09-16 00:00:00+00:00, run_after=2024-09-17 00:00:00+00:00
[2024-09-17T06:48:17.399-0300] {processor.py:183} INFO - Processing /home/jezandre/airflow/airflow_env/lib/python3.11/site-packages/airflow/example_dags/example_short_circuit_operator.py took 0.108 seconds
[2024-09-17T06:48:48.141-0300] {processor.py:161} INFO - Started process (PID=31900) to work on /home/jezandre/airflow/airflow_env/lib/python3.11/site-packages/airflow/example_dags/example_short_circuit_operator.py
[2024-09-17T06:48:48.142-0300] {processor.py:830} INFO - Processing file /home/jezandre/airflow/airflow_env/lib/python3.11/site-packages/airflow/example_dags/example_short_circuit_operator.py for tasks to queue
[2024-09-17T06:48:48.145-0300] {logging_mixin.py:188} INFO - [2024-09-17T06:48:48.144-0300] {dagbag.py:545} INFO - Filling up the DagBag from /home/jezandre/airflow/airflow_env/lib/python3.11/site-packages/airflow/example_dags/example_short_circuit_operator.py
[2024-09-17T06:48:48.153-0300] {processor.py:840} INFO - DAG(s) 'example_short_circuit_operator' retrieved from /home/jezandre/airflow/airflow_env/lib/python3.11/site-packages/airflow/example_dags/example_short_circuit_operator.py
[2024-09-17T06:48:48.185-0300] {logging_mixin.py:188} INFO - [2024-09-17T06:48:48.185-0300] {dag.py:3089} INFO - Sync 1 DAGs
[2024-09-17T06:48:48.211-0300] {logging_mixin.py:188} INFO - [2024-09-17T06:48:48.211-0300] {dag.py:3947} INFO - Setting next_dagrun for example_short_circuit_operator to 2024-09-16 00:00:00+00:00, run_after=2024-09-17 00:00:00+00:00
[2024-09-17T06:48:48.239-0300] {processor.py:183} INFO - Processing /home/jezandre/airflow/airflow_env/lib/python3.11/site-packages/airflow/example_dags/example_short_circuit_operator.py took 0.109 seconds
[2024-09-17T06:49:19.336-0300] {processor.py:161} INFO - Started process (PID=32121) to work on /home/jezandre/airflow/airflow_env/lib/python3.11/site-packages/airflow/example_dags/example_short_circuit_operator.py
[2024-09-17T06:49:19.338-0300] {processor.py:830} INFO - Processing file /home/jezandre/airflow/airflow_env/lib/python3.11/site-packages/airflow/example_dags/example_short_circuit_operator.py for tasks to queue
[2024-09-17T06:49:19.340-0300] {logging_mixin.py:188} INFO - [2024-09-17T06:49:19.339-0300] {dagbag.py:545} INFO - Filling up the DagBag from /home/jezandre/airflow/airflow_env/lib/python3.11/site-packages/airflow/example_dags/example_short_circuit_operator.py
[2024-09-17T06:49:19.348-0300] {processor.py:840} INFO - DAG(s) 'example_short_circuit_operator' retrieved from /home/jezandre/airflow/airflow_env/lib/python3.11/site-packages/airflow/example_dags/example_short_circuit_operator.py
[2024-09-17T06:49:19.383-0300] {logging_mixin.py:188} INFO - [2024-09-17T06:49:19.382-0300] {dag.py:3089} INFO - Sync 1 DAGs
[2024-09-17T06:49:19.416-0300] {logging_mixin.py:188} INFO - [2024-09-17T06:49:19.416-0300] {dag.py:3947} INFO - Setting next_dagrun for example_short_circuit_operator to 2024-09-16 00:00:00+00:00, run_after=2024-09-17 00:00:00+00:00
[2024-09-17T06:49:19.445-0300] {processor.py:183} INFO - Processing /home/jezandre/airflow/airflow_env/lib/python3.11/site-packages/airflow/example_dags/example_short_circuit_operator.py took 0.119 seconds
[2024-09-17T06:49:50.034-0300] {processor.py:161} INFO - Started process (PID=32427) to work on /home/jezandre/airflow/airflow_env/lib/python3.11/site-packages/airflow/example_dags/example_short_circuit_operator.py
[2024-09-17T06:49:50.035-0300] {processor.py:830} INFO - Processing file /home/jezandre/airflow/airflow_env/lib/python3.11/site-packages/airflow/example_dags/example_short_circuit_operator.py for tasks to queue
[2024-09-17T06:49:50.038-0300] {logging_mixin.py:188} INFO - [2024-09-17T06:49:50.037-0300] {dagbag.py:545} INFO - Filling up the DagBag from /home/jezandre/airflow/airflow_env/lib/python3.11/site-packages/airflow/example_dags/example_short_circuit_operator.py
[2024-09-17T06:49:50.046-0300] {processor.py:840} INFO - DAG(s) 'example_short_circuit_operator' retrieved from /home/jezandre/airflow/airflow_env/lib/python3.11/site-packages/airflow/example_dags/example_short_circuit_operator.py
[2024-09-17T06:49:50.076-0300] {logging_mixin.py:188} INFO - [2024-09-17T06:49:50.075-0300] {dag.py:3089} INFO - Sync 1 DAGs
[2024-09-17T06:49:50.104-0300] {logging_mixin.py:188} INFO - [2024-09-17T06:49:50.104-0300] {dag.py:3947} INFO - Setting next_dagrun for example_short_circuit_operator to 2024-09-16 00:00:00+00:00, run_after=2024-09-17 00:00:00+00:00
[2024-09-17T06:49:50.132-0300] {processor.py:183} INFO - Processing /home/jezandre/airflow/airflow_env/lib/python3.11/site-packages/airflow/example_dags/example_short_circuit_operator.py took 0.106 seconds
[2024-09-17T06:50:20.784-0300] {processor.py:161} INFO - Started process (PID=32705) to work on /home/jezandre/airflow/airflow_env/lib/python3.11/site-packages/airflow/example_dags/example_short_circuit_operator.py
[2024-09-17T06:50:20.785-0300] {processor.py:830} INFO - Processing file /home/jezandre/airflow/airflow_env/lib/python3.11/site-packages/airflow/example_dags/example_short_circuit_operator.py for tasks to queue
[2024-09-17T06:50:20.788-0300] {logging_mixin.py:188} INFO - [2024-09-17T06:50:20.787-0300] {dagbag.py:545} INFO - Filling up the DagBag from /home/jezandre/airflow/airflow_env/lib/python3.11/site-packages/airflow/example_dags/example_short_circuit_operator.py
[2024-09-17T06:50:20.797-0300] {processor.py:840} INFO - DAG(s) 'example_short_circuit_operator' retrieved from /home/jezandre/airflow/airflow_env/lib/python3.11/site-packages/airflow/example_dags/example_short_circuit_operator.py
[2024-09-17T06:50:20.839-0300] {logging_mixin.py:188} INFO - [2024-09-17T06:50:20.839-0300] {dag.py:3089} INFO - Sync 1 DAGs
[2024-09-17T06:50:20.870-0300] {logging_mixin.py:188} INFO - [2024-09-17T06:50:20.869-0300] {dag.py:3947} INFO - Setting next_dagrun for example_short_circuit_operator to 2024-09-16 00:00:00+00:00, run_after=2024-09-17 00:00:00+00:00
[2024-09-17T06:50:20.898-0300] {processor.py:183} INFO - Processing /home/jezandre/airflow/airflow_env/lib/python3.11/site-packages/airflow/example_dags/example_short_circuit_operator.py took 0.122 seconds
[2024-09-17T06:50:51.155-0300] {processor.py:161} INFO - Started process (PID=32968) to work on /home/jezandre/airflow/airflow_env/lib/python3.11/site-packages/airflow/example_dags/example_short_circuit_operator.py
[2024-09-17T06:50:51.156-0300] {processor.py:830} INFO - Processing file /home/jezandre/airflow/airflow_env/lib/python3.11/site-packages/airflow/example_dags/example_short_circuit_operator.py for tasks to queue
[2024-09-17T06:50:51.157-0300] {logging_mixin.py:188} INFO - [2024-09-17T06:50:51.157-0300] {dagbag.py:545} INFO - Filling up the DagBag from /home/jezandre/airflow/airflow_env/lib/python3.11/site-packages/airflow/example_dags/example_short_circuit_operator.py
[2024-09-17T06:50:51.164-0300] {processor.py:840} INFO - DAG(s) 'example_short_circuit_operator' retrieved from /home/jezandre/airflow/airflow_env/lib/python3.11/site-packages/airflow/example_dags/example_short_circuit_operator.py
[2024-09-17T06:50:51.194-0300] {logging_mixin.py:188} INFO - [2024-09-17T06:50:51.193-0300] {dag.py:3089} INFO - Sync 1 DAGs
[2024-09-17T06:50:51.219-0300] {logging_mixin.py:188} INFO - [2024-09-17T06:50:51.219-0300] {dag.py:3947} INFO - Setting next_dagrun for example_short_circuit_operator to 2024-09-16 00:00:00+00:00, run_after=2024-09-17 00:00:00+00:00
[2024-09-17T06:50:51.243-0300] {processor.py:183} INFO - Processing /home/jezandre/airflow/airflow_env/lib/python3.11/site-packages/airflow/example_dags/example_short_circuit_operator.py took 0.096 seconds
[2024-09-17T06:51:21.792-0300] {processor.py:161} INFO - Started process (PID=33413) to work on /home/jezandre/airflow/airflow_env/lib/python3.11/site-packages/airflow/example_dags/example_short_circuit_operator.py
[2024-09-17T06:51:21.794-0300] {processor.py:830} INFO - Processing file /home/jezandre/airflow/airflow_env/lib/python3.11/site-packages/airflow/example_dags/example_short_circuit_operator.py for tasks to queue
[2024-09-17T06:51:21.796-0300] {logging_mixin.py:188} INFO - [2024-09-17T06:51:21.795-0300] {dagbag.py:545} INFO - Filling up the DagBag from /home/jezandre/airflow/airflow_env/lib/python3.11/site-packages/airflow/example_dags/example_short_circuit_operator.py
[2024-09-17T06:51:21.812-0300] {processor.py:840} INFO - DAG(s) 'example_short_circuit_operator' retrieved from /home/jezandre/airflow/airflow_env/lib/python3.11/site-packages/airflow/example_dags/example_short_circuit_operator.py
[2024-09-17T06:51:21.876-0300] {logging_mixin.py:188} INFO - [2024-09-17T06:51:21.875-0300] {dag.py:3089} INFO - Sync 1 DAGs
[2024-09-17T06:51:21.928-0300] {logging_mixin.py:188} INFO - [2024-09-17T06:51:21.927-0300] {dag.py:3947} INFO - Setting next_dagrun for example_short_circuit_operator to 2024-09-16 00:00:00+00:00, run_after=2024-09-17 00:00:00+00:00
[2024-09-17T06:51:21.977-0300] {processor.py:183} INFO - Processing /home/jezandre/airflow/airflow_env/lib/python3.11/site-packages/airflow/example_dags/example_short_circuit_operator.py took 0.201 seconds
[2024-09-17T06:51:52.226-0300] {processor.py:161} INFO - Started process (PID=33717) to work on /home/jezandre/airflow/airflow_env/lib/python3.11/site-packages/airflow/example_dags/example_short_circuit_operator.py
[2024-09-17T06:51:52.227-0300] {processor.py:830} INFO - Processing file /home/jezandre/airflow/airflow_env/lib/python3.11/site-packages/airflow/example_dags/example_short_circuit_operator.py for tasks to queue
[2024-09-17T06:51:52.228-0300] {logging_mixin.py:188} INFO - [2024-09-17T06:51:52.228-0300] {dagbag.py:545} INFO - Filling up the DagBag from /home/jezandre/airflow/airflow_env/lib/python3.11/site-packages/airflow/example_dags/example_short_circuit_operator.py
[2024-09-17T06:51:52.234-0300] {processor.py:840} INFO - DAG(s) 'example_short_circuit_operator' retrieved from /home/jezandre/airflow/airflow_env/lib/python3.11/site-packages/airflow/example_dags/example_short_circuit_operator.py
[2024-09-17T06:51:52.263-0300] {logging_mixin.py:188} INFO - [2024-09-17T06:51:52.263-0300] {dag.py:3089} INFO - Sync 1 DAGs
[2024-09-17T06:51:52.287-0300] {logging_mixin.py:188} INFO - [2024-09-17T06:51:52.287-0300] {dag.py:3947} INFO - Setting next_dagrun for example_short_circuit_operator to 2024-09-16 00:00:00+00:00, run_after=2024-09-17 00:00:00+00:00
[2024-09-17T06:51:52.313-0300] {processor.py:183} INFO - Processing /home/jezandre/airflow/airflow_env/lib/python3.11/site-packages/airflow/example_dags/example_short_circuit_operator.py took 0.096 seconds
[2024-09-17T06:52:23.475-0300] {processor.py:161} INFO - Started process (PID=34267) to work on /home/jezandre/airflow/airflow_env/lib/python3.11/site-packages/airflow/example_dags/example_short_circuit_operator.py
[2024-09-17T06:52:23.477-0300] {processor.py:830} INFO - Processing file /home/jezandre/airflow/airflow_env/lib/python3.11/site-packages/airflow/example_dags/example_short_circuit_operator.py for tasks to queue
[2024-09-17T06:52:23.480-0300] {logging_mixin.py:188} INFO - [2024-09-17T06:52:23.479-0300] {dagbag.py:545} INFO - Filling up the DagBag from /home/jezandre/airflow/airflow_env/lib/python3.11/site-packages/airflow/example_dags/example_short_circuit_operator.py
[2024-09-17T06:52:23.523-0300] {processor.py:840} INFO - DAG(s) 'example_short_circuit_operator' retrieved from /home/jezandre/airflow/airflow_env/lib/python3.11/site-packages/airflow/example_dags/example_short_circuit_operator.py
[2024-09-17T06:52:23.692-0300] {logging_mixin.py:188} INFO - [2024-09-17T06:52:23.692-0300] {dag.py:3089} INFO - Sync 1 DAGs
[2024-09-17T06:52:23.718-0300] {logging_mixin.py:188} INFO - [2024-09-17T06:52:23.718-0300] {dag.py:3947} INFO - Setting next_dagrun for example_short_circuit_operator to 2024-09-16 00:00:00+00:00, run_after=2024-09-17 00:00:00+00:00
[2024-09-17T06:52:23.748-0300] {processor.py:183} INFO - Processing /home/jezandre/airflow/airflow_env/lib/python3.11/site-packages/airflow/example_dags/example_short_circuit_operator.py took 0.292 seconds
[2024-09-17T06:52:54.011-0300] {processor.py:161} INFO - Started process (PID=34666) to work on /home/jezandre/airflow/airflow_env/lib/python3.11/site-packages/airflow/example_dags/example_short_circuit_operator.py
[2024-09-17T06:52:54.013-0300] {processor.py:830} INFO - Processing file /home/jezandre/airflow/airflow_env/lib/python3.11/site-packages/airflow/example_dags/example_short_circuit_operator.py for tasks to queue
[2024-09-17T06:52:54.016-0300] {logging_mixin.py:188} INFO - [2024-09-17T06:52:54.015-0300] {dagbag.py:545} INFO - Filling up the DagBag from /home/jezandre/airflow/airflow_env/lib/python3.11/site-packages/airflow/example_dags/example_short_circuit_operator.py
[2024-09-17T06:52:54.023-0300] {processor.py:840} INFO - DAG(s) 'example_short_circuit_operator' retrieved from /home/jezandre/airflow/airflow_env/lib/python3.11/site-packages/airflow/example_dags/example_short_circuit_operator.py
[2024-09-17T06:52:54.054-0300] {logging_mixin.py:188} INFO - [2024-09-17T06:52:54.053-0300] {dag.py:3089} INFO - Sync 1 DAGs
[2024-09-17T06:52:54.084-0300] {logging_mixin.py:188} INFO - [2024-09-17T06:52:54.084-0300] {dag.py:3947} INFO - Setting next_dagrun for example_short_circuit_operator to 2024-09-16 00:00:00+00:00, run_after=2024-09-17 00:00:00+00:00
[2024-09-17T06:52:54.111-0300] {processor.py:183} INFO - Processing /home/jezandre/airflow/airflow_env/lib/python3.11/site-packages/airflow/example_dags/example_short_circuit_operator.py took 0.110 seconds
[2024-09-17T06:53:24.561-0300] {processor.py:161} INFO - Started process (PID=34880) to work on /home/jezandre/airflow/airflow_env/lib/python3.11/site-packages/airflow/example_dags/example_short_circuit_operator.py
[2024-09-17T06:53:24.563-0300] {processor.py:830} INFO - Processing file /home/jezandre/airflow/airflow_env/lib/python3.11/site-packages/airflow/example_dags/example_short_circuit_operator.py for tasks to queue
[2024-09-17T06:53:24.565-0300] {logging_mixin.py:188} INFO - [2024-09-17T06:53:24.564-0300] {dagbag.py:545} INFO - Filling up the DagBag from /home/jezandre/airflow/airflow_env/lib/python3.11/site-packages/airflow/example_dags/example_short_circuit_operator.py
[2024-09-17T06:53:24.575-0300] {processor.py:840} INFO - DAG(s) 'example_short_circuit_operator' retrieved from /home/jezandre/airflow/airflow_env/lib/python3.11/site-packages/airflow/example_dags/example_short_circuit_operator.py
[2024-09-17T06:53:24.608-0300] {logging_mixin.py:188} INFO - [2024-09-17T06:53:24.607-0300] {dag.py:3089} INFO - Sync 1 DAGs
[2024-09-17T06:53:24.634-0300] {logging_mixin.py:188} INFO - [2024-09-17T06:53:24.634-0300] {dag.py:3947} INFO - Setting next_dagrun for example_short_circuit_operator to 2024-09-16 00:00:00+00:00, run_after=2024-09-17 00:00:00+00:00
[2024-09-17T06:53:24.662-0300] {processor.py:183} INFO - Processing /home/jezandre/airflow/airflow_env/lib/python3.11/site-packages/airflow/example_dags/example_short_circuit_operator.py took 0.110 seconds
[2024-09-17T06:53:55.281-0300] {processor.py:161} INFO - Started process (PID=35218) to work on /home/jezandre/airflow/airflow_env/lib/python3.11/site-packages/airflow/example_dags/example_short_circuit_operator.py
[2024-09-17T06:53:55.282-0300] {processor.py:830} INFO - Processing file /home/jezandre/airflow/airflow_env/lib/python3.11/site-packages/airflow/example_dags/example_short_circuit_operator.py for tasks to queue
[2024-09-17T06:53:55.283-0300] {logging_mixin.py:188} INFO - [2024-09-17T06:53:55.283-0300] {dagbag.py:545} INFO - Filling up the DagBag from /home/jezandre/airflow/airflow_env/lib/python3.11/site-packages/airflow/example_dags/example_short_circuit_operator.py
[2024-09-17T06:53:55.291-0300] {processor.py:840} INFO - DAG(s) 'example_short_circuit_operator' retrieved from /home/jezandre/airflow/airflow_env/lib/python3.11/site-packages/airflow/example_dags/example_short_circuit_operator.py
[2024-09-17T06:53:55.324-0300] {logging_mixin.py:188} INFO - [2024-09-17T06:53:55.323-0300] {dag.py:3089} INFO - Sync 1 DAGs
[2024-09-17T06:53:55.353-0300] {logging_mixin.py:188} INFO - [2024-09-17T06:53:55.353-0300] {dag.py:3947} INFO - Setting next_dagrun for example_short_circuit_operator to 2024-09-16 00:00:00+00:00, run_after=2024-09-17 00:00:00+00:00
[2024-09-17T06:53:55.382-0300] {processor.py:183} INFO - Processing /home/jezandre/airflow/airflow_env/lib/python3.11/site-packages/airflow/example_dags/example_short_circuit_operator.py took 0.111 seconds
[2024-09-17T06:54:26.152-0300] {processor.py:161} INFO - Started process (PID=35429) to work on /home/jezandre/airflow/airflow_env/lib/python3.11/site-packages/airflow/example_dags/example_short_circuit_operator.py
[2024-09-17T06:54:26.153-0300] {processor.py:830} INFO - Processing file /home/jezandre/airflow/airflow_env/lib/python3.11/site-packages/airflow/example_dags/example_short_circuit_operator.py for tasks to queue
[2024-09-17T06:54:26.155-0300] {logging_mixin.py:188} INFO - [2024-09-17T06:54:26.154-0300] {dagbag.py:545} INFO - Filling up the DagBag from /home/jezandre/airflow/airflow_env/lib/python3.11/site-packages/airflow/example_dags/example_short_circuit_operator.py
[2024-09-17T06:54:26.161-0300] {processor.py:840} INFO - DAG(s) 'example_short_circuit_operator' retrieved from /home/jezandre/airflow/airflow_env/lib/python3.11/site-packages/airflow/example_dags/example_short_circuit_operator.py
[2024-09-17T06:54:26.192-0300] {logging_mixin.py:188} INFO - [2024-09-17T06:54:26.192-0300] {dag.py:3089} INFO - Sync 1 DAGs
[2024-09-17T06:54:26.220-0300] {logging_mixin.py:188} INFO - [2024-09-17T06:54:26.220-0300] {dag.py:3947} INFO - Setting next_dagrun for example_short_circuit_operator to 2024-09-16 00:00:00+00:00, run_after=2024-09-17 00:00:00+00:00
[2024-09-17T06:54:26.244-0300] {processor.py:183} INFO - Processing /home/jezandre/airflow/airflow_env/lib/python3.11/site-packages/airflow/example_dags/example_short_circuit_operator.py took 0.100 seconds
[2024-09-17T06:54:56.830-0300] {processor.py:161} INFO - Started process (PID=35689) to work on /home/jezandre/airflow/airflow_env/lib/python3.11/site-packages/airflow/example_dags/example_short_circuit_operator.py
[2024-09-17T06:54:56.831-0300] {processor.py:830} INFO - Processing file /home/jezandre/airflow/airflow_env/lib/python3.11/site-packages/airflow/example_dags/example_short_circuit_operator.py for tasks to queue
[2024-09-17T06:54:56.833-0300] {logging_mixin.py:188} INFO - [2024-09-17T06:54:56.832-0300] {dagbag.py:545} INFO - Filling up the DagBag from /home/jezandre/airflow/airflow_env/lib/python3.11/site-packages/airflow/example_dags/example_short_circuit_operator.py
[2024-09-17T06:54:56.840-0300] {processor.py:840} INFO - DAG(s) 'example_short_circuit_operator' retrieved from /home/jezandre/airflow/airflow_env/lib/python3.11/site-packages/airflow/example_dags/example_short_circuit_operator.py
[2024-09-17T06:54:56.870-0300] {logging_mixin.py:188} INFO - [2024-09-17T06:54:56.869-0300] {dag.py:3089} INFO - Sync 1 DAGs
[2024-09-17T06:54:56.898-0300] {logging_mixin.py:188} INFO - [2024-09-17T06:54:56.898-0300] {dag.py:3947} INFO - Setting next_dagrun for example_short_circuit_operator to 2024-09-16 00:00:00+00:00, run_after=2024-09-17 00:00:00+00:00
[2024-09-17T06:54:56.924-0300] {processor.py:183} INFO - Processing /home/jezandre/airflow/airflow_env/lib/python3.11/site-packages/airflow/example_dags/example_short_circuit_operator.py took 0.104 seconds
