[2024-09-17T06:27:59.815-0300] {processor.py:161} INFO - Started process (PID=20203) to work on /home/jezandre/airflow/airflow_env/lib/python3.11/site-packages/airflow/example_dags/example_branch_labels.py
[2024-09-17T06:27:59.815-0300] {processor.py:830} INFO - Processing file /home/jezandre/airflow/airflow_env/lib/python3.11/site-packages/airflow/example_dags/example_branch_labels.py for tasks to queue
[2024-09-17T06:27:59.817-0300] {logging_mixin.py:188} INFO - [2024-09-17T06:27:59.817-0300] {dagbag.py:545} INFO - Filling up the DagBag from /home/jezandre/airflow/airflow_env/lib/python3.11/site-packages/airflow/example_dags/example_branch_labels.py
[2024-09-17T06:27:59.826-0300] {processor.py:840} INFO - DAG(s) 'example_branch_labels' retrieved from /home/jezandre/airflow/airflow_env/lib/python3.11/site-packages/airflow/example_dags/example_branch_labels.py
[2024-09-17T06:28:00.049-0300] {logging_mixin.py:188} INFO - [2024-09-17T06:28:00.049-0300] {dag.py:3089} INFO - Sync 1 DAGs
[2024-09-17T06:28:00.073-0300] {logging_mixin.py:188} INFO - [2024-09-17T06:28:00.072-0300] {dag.py:3947} INFO - Setting next_dagrun for example_branch_labels to 2024-09-16 00:00:00+00:00, run_after=2024-09-17 00:00:00+00:00
[2024-09-17T06:28:00.108-0300] {processor.py:183} INFO - Processing /home/jezandre/airflow/airflow_env/lib/python3.11/site-packages/airflow/example_dags/example_branch_labels.py took 0.298 seconds
[2024-09-17T06:28:58.531-0300] {processor.py:161} INFO - Started process (PID=20484) to work on /home/jezandre/airflow/airflow_env/lib/python3.11/site-packages/airflow/example_dags/example_branch_labels.py
[2024-09-17T06:28:58.532-0300] {processor.py:830} INFO - Processing file /home/jezandre/airflow/airflow_env/lib/python3.11/site-packages/airflow/example_dags/example_branch_labels.py for tasks to queue
[2024-09-17T06:28:58.534-0300] {logging_mixin.py:188} INFO - [2024-09-17T06:28:58.533-0300] {dagbag.py:545} INFO - Filling up the DagBag from /home/jezandre/airflow/airflow_env/lib/python3.11/site-packages/airflow/example_dags/example_branch_labels.py
[2024-09-17T06:28:58.540-0300] {processor.py:840} INFO - DAG(s) 'example_branch_labels' retrieved from /home/jezandre/airflow/airflow_env/lib/python3.11/site-packages/airflow/example_dags/example_branch_labels.py
[2024-09-17T06:28:58.554-0300] {logging_mixin.py:188} INFO - [2024-09-17T06:28:58.553-0300] {dag.py:3089} INFO - Sync 1 DAGs
[2024-09-17T06:28:58.574-0300] {logging_mixin.py:188} INFO - [2024-09-17T06:28:58.574-0300] {dag.py:3947} INFO - Setting next_dagrun for example_branch_labels to 2024-09-16 00:00:00+00:00, run_after=2024-09-17 00:00:00+00:00
[2024-09-17T06:28:58.606-0300] {processor.py:183} INFO - Processing /home/jezandre/airflow/airflow_env/lib/python3.11/site-packages/airflow/example_dags/example_branch_labels.py took 0.080 seconds
[2024-09-17T06:29:56.409-0300] {processor.py:161} INFO - Started process (PID=21138) to work on /home/jezandre/airflow/airflow_env/lib/python3.11/site-packages/airflow/example_dags/example_branch_labels.py
[2024-09-17T06:29:56.410-0300] {processor.py:830} INFO - Processing file /home/jezandre/airflow/airflow_env/lib/python3.11/site-packages/airflow/example_dags/example_branch_labels.py for tasks to queue
[2024-09-17T06:29:56.411-0300] {logging_mixin.py:188} INFO - [2024-09-17T06:29:56.411-0300] {dagbag.py:545} INFO - Filling up the DagBag from /home/jezandre/airflow/airflow_env/lib/python3.11/site-packages/airflow/example_dags/example_branch_labels.py
[2024-09-17T06:29:56.421-0300] {processor.py:840} INFO - DAG(s) 'example_branch_labels' retrieved from /home/jezandre/airflow/airflow_env/lib/python3.11/site-packages/airflow/example_dags/example_branch_labels.py
[2024-09-17T06:29:56.686-0300] {logging_mixin.py:188} INFO - [2024-09-17T06:29:56.685-0300] {dag.py:3089} INFO - Sync 1 DAGs
[2024-09-17T06:29:56.711-0300] {logging_mixin.py:188} INFO - [2024-09-17T06:29:56.711-0300] {dag.py:3947} INFO - Setting next_dagrun for example_branch_labels to 2024-09-16 00:00:00+00:00, run_after=2024-09-17 00:00:00+00:00
[2024-09-17T06:29:56.735-0300] {processor.py:183} INFO - Processing /home/jezandre/airflow/airflow_env/lib/python3.11/site-packages/airflow/example_dags/example_branch_labels.py took 0.332 seconds
[2024-09-17T06:30:27.250-0300] {processor.py:161} INFO - Started process (PID=21415) to work on /home/jezandre/airflow/airflow_env/lib/python3.11/site-packages/airflow/example_dags/example_branch_labels.py
[2024-09-17T06:30:27.252-0300] {processor.py:830} INFO - Processing file /home/jezandre/airflow/airflow_env/lib/python3.11/site-packages/airflow/example_dags/example_branch_labels.py for tasks to queue
[2024-09-17T06:30:27.254-0300] {logging_mixin.py:188} INFO - [2024-09-17T06:30:27.253-0300] {dagbag.py:545} INFO - Filling up the DagBag from /home/jezandre/airflow/airflow_env/lib/python3.11/site-packages/airflow/example_dags/example_branch_labels.py
[2024-09-17T06:30:27.261-0300] {processor.py:840} INFO - DAG(s) 'example_branch_labels' retrieved from /home/jezandre/airflow/airflow_env/lib/python3.11/site-packages/airflow/example_dags/example_branch_labels.py
[2024-09-17T06:30:27.292-0300] {logging_mixin.py:188} INFO - [2024-09-17T06:30:27.292-0300] {dag.py:3089} INFO - Sync 1 DAGs
[2024-09-17T06:30:27.324-0300] {logging_mixin.py:188} INFO - [2024-09-17T06:30:27.324-0300] {dag.py:3947} INFO - Setting next_dagrun for example_branch_labels to 2024-09-16 00:00:00+00:00, run_after=2024-09-17 00:00:00+00:00
[2024-09-17T06:30:27.357-0300] {processor.py:183} INFO - Processing /home/jezandre/airflow/airflow_env/lib/python3.11/site-packages/airflow/example_dags/example_branch_labels.py took 0.113 seconds
[2024-09-17T06:30:57.474-0300] {processor.py:161} INFO - Started process (PID=21618) to work on /home/jezandre/airflow/airflow_env/lib/python3.11/site-packages/airflow/example_dags/example_branch_labels.py
[2024-09-17T06:30:57.475-0300] {processor.py:830} INFO - Processing file /home/jezandre/airflow/airflow_env/lib/python3.11/site-packages/airflow/example_dags/example_branch_labels.py for tasks to queue
[2024-09-17T06:30:57.477-0300] {logging_mixin.py:188} INFO - [2024-09-17T06:30:57.476-0300] {dagbag.py:545} INFO - Filling up the DagBag from /home/jezandre/airflow/airflow_env/lib/python3.11/site-packages/airflow/example_dags/example_branch_labels.py
[2024-09-17T06:30:57.485-0300] {processor.py:840} INFO - DAG(s) 'example_branch_labels' retrieved from /home/jezandre/airflow/airflow_env/lib/python3.11/site-packages/airflow/example_dags/example_branch_labels.py
[2024-09-17T06:30:57.512-0300] {logging_mixin.py:188} INFO - [2024-09-17T06:30:57.512-0300] {dag.py:3089} INFO - Sync 1 DAGs
[2024-09-17T06:30:57.542-0300] {logging_mixin.py:188} INFO - [2024-09-17T06:30:57.542-0300] {dag.py:3947} INFO - Setting next_dagrun for example_branch_labels to 2024-09-16 00:00:00+00:00, run_after=2024-09-17 00:00:00+00:00
[2024-09-17T06:30:57.573-0300] {processor.py:183} INFO - Processing /home/jezandre/airflow/airflow_env/lib/python3.11/site-packages/airflow/example_dags/example_branch_labels.py took 0.105 seconds
[2024-09-17T06:31:27.924-0300] {processor.py:161} INFO - Started process (PID=21821) to work on /home/jezandre/airflow/airflow_env/lib/python3.11/site-packages/airflow/example_dags/example_branch_labels.py
[2024-09-17T06:31:27.926-0300] {processor.py:830} INFO - Processing file /home/jezandre/airflow/airflow_env/lib/python3.11/site-packages/airflow/example_dags/example_branch_labels.py for tasks to queue
[2024-09-17T06:31:27.927-0300] {logging_mixin.py:188} INFO - [2024-09-17T06:31:27.927-0300] {dagbag.py:545} INFO - Filling up the DagBag from /home/jezandre/airflow/airflow_env/lib/python3.11/site-packages/airflow/example_dags/example_branch_labels.py
[2024-09-17T06:31:27.938-0300] {processor.py:840} INFO - DAG(s) 'example_branch_labels' retrieved from /home/jezandre/airflow/airflow_env/lib/python3.11/site-packages/airflow/example_dags/example_branch_labels.py
[2024-09-17T06:31:27.975-0300] {logging_mixin.py:188} INFO - [2024-09-17T06:31:27.974-0300] {dag.py:3089} INFO - Sync 1 DAGs
[2024-09-17T06:31:28.008-0300] {logging_mixin.py:188} INFO - [2024-09-17T06:31:28.008-0300] {dag.py:3947} INFO - Setting next_dagrun for example_branch_labels to 2024-09-16 00:00:00+00:00, run_after=2024-09-17 00:00:00+00:00
[2024-09-17T06:31:28.041-0300] {processor.py:183} INFO - Processing /home/jezandre/airflow/airflow_env/lib/python3.11/site-packages/airflow/example_dags/example_branch_labels.py took 0.123 seconds
[2024-09-17T06:31:58.280-0300] {processor.py:161} INFO - Started process (PID=22108) to work on /home/jezandre/airflow/airflow_env/lib/python3.11/site-packages/airflow/example_dags/example_branch_labels.py
[2024-09-17T06:31:58.282-0300] {processor.py:830} INFO - Processing file /home/jezandre/airflow/airflow_env/lib/python3.11/site-packages/airflow/example_dags/example_branch_labels.py for tasks to queue
[2024-09-17T06:31:58.285-0300] {logging_mixin.py:188} INFO - [2024-09-17T06:31:58.284-0300] {dagbag.py:545} INFO - Filling up the DagBag from /home/jezandre/airflow/airflow_env/lib/python3.11/site-packages/airflow/example_dags/example_branch_labels.py
[2024-09-17T06:31:58.295-0300] {processor.py:840} INFO - DAG(s) 'example_branch_labels' retrieved from /home/jezandre/airflow/airflow_env/lib/python3.11/site-packages/airflow/example_dags/example_branch_labels.py
[2024-09-17T06:31:58.334-0300] {logging_mixin.py:188} INFO - [2024-09-17T06:31:58.333-0300] {dag.py:3089} INFO - Sync 1 DAGs
[2024-09-17T06:31:58.368-0300] {logging_mixin.py:188} INFO - [2024-09-17T06:31:58.368-0300] {dag.py:3947} INFO - Setting next_dagrun for example_branch_labels to 2024-09-16 00:00:00+00:00, run_after=2024-09-17 00:00:00+00:00
[2024-09-17T06:31:58.396-0300] {processor.py:183} INFO - Processing /home/jezandre/airflow/airflow_env/lib/python3.11/site-packages/airflow/example_dags/example_branch_labels.py took 0.122 seconds
[2024-09-17T06:32:29.261-0300] {processor.py:161} INFO - Started process (PID=22590) to work on /home/jezandre/airflow/airflow_env/lib/python3.11/site-packages/airflow/example_dags/example_branch_labels.py
[2024-09-17T06:32:29.263-0300] {processor.py:830} INFO - Processing file /home/jezandre/airflow/airflow_env/lib/python3.11/site-packages/airflow/example_dags/example_branch_labels.py for tasks to queue
[2024-09-17T06:32:29.264-0300] {logging_mixin.py:188} INFO - [2024-09-17T06:32:29.264-0300] {dagbag.py:545} INFO - Filling up the DagBag from /home/jezandre/airflow/airflow_env/lib/python3.11/site-packages/airflow/example_dags/example_branch_labels.py
[2024-09-17T06:32:29.273-0300] {processor.py:840} INFO - DAG(s) 'example_branch_labels' retrieved from /home/jezandre/airflow/airflow_env/lib/python3.11/site-packages/airflow/example_dags/example_branch_labels.py
[2024-09-17T06:32:29.447-0300] {logging_mixin.py:188} INFO - [2024-09-17T06:32:29.446-0300] {dag.py:3089} INFO - Sync 1 DAGs
[2024-09-17T06:32:29.482-0300] {logging_mixin.py:188} INFO - [2024-09-17T06:32:29.482-0300] {dag.py:3947} INFO - Setting next_dagrun for example_branch_labels to 2024-09-16 00:00:00+00:00, run_after=2024-09-17 00:00:00+00:00
[2024-09-17T06:32:29.510-0300] {processor.py:183} INFO - Processing /home/jezandre/airflow/airflow_env/lib/python3.11/site-packages/airflow/example_dags/example_branch_labels.py took 0.255 seconds
