[2024-09-17T06:27:14.039-0300] {processor.py:161} INFO - Started process (PID=20001) to work on /home/jezandre/airflow/airflow_env/lib/python3.11/site-packages/airflow/example_dags/example_bash_decorator.py
[2024-09-17T06:27:14.040-0300] {processor.py:830} INFO - Processing file /home/jezandre/airflow/airflow_env/lib/python3.11/site-packages/airflow/example_dags/example_bash_decorator.py for tasks to queue
[2024-09-17T06:27:14.042-0300] {logging_mixin.py:188} INFO - [2024-09-17T06:27:14.041-0300] {dagbag.py:545} INFO - Filling up the DagBag from /home/jezandre/airflow/airflow_env/lib/python3.11/site-packages/airflow/example_dags/example_bash_decorator.py
[2024-09-17T06:27:14.064-0300] {processor.py:840} INFO - DAG(s) 'example_bash_decorator' retrieved from /home/jezandre/airflow/airflow_env/lib/python3.11/site-packages/airflow/example_dags/example_bash_decorator.py
[2024-09-17T06:27:14.208-0300] {logging_mixin.py:188} INFO - [2024-09-17T06:27:14.208-0300] {dag.py:3089} INFO - Sync 1 DAGs
[2024-09-17T06:27:14.225-0300] {logging_mixin.py:188} INFO - [2024-09-17T06:27:14.224-0300] {dag.py:3947} INFO - Setting next_dagrun for example_bash_decorator to None, run_after=None
[2024-09-17T06:27:14.380-0300] {processor.py:183} INFO - Processing /home/jezandre/airflow/airflow_env/lib/python3.11/site-packages/airflow/example_dags/example_bash_decorator.py took 0.348 seconds
[2024-09-17T06:28:16.968-0300] {processor.py:161} INFO - Started process (PID=20266) to work on /home/jezandre/airflow/airflow_env/lib/python3.11/site-packages/airflow/example_dags/example_bash_decorator.py
[2024-09-17T06:28:16.973-0300] {processor.py:830} INFO - Processing file /home/jezandre/airflow/airflow_env/lib/python3.11/site-packages/airflow/example_dags/example_bash_decorator.py for tasks to queue
[2024-09-17T06:28:16.974-0300] {logging_mixin.py:188} INFO - [2024-09-17T06:28:16.974-0300] {dagbag.py:545} INFO - Filling up the DagBag from /home/jezandre/airflow/airflow_env/lib/python3.11/site-packages/airflow/example_dags/example_bash_decorator.py
[2024-09-17T06:28:16.987-0300] {processor.py:840} INFO - DAG(s) 'example_bash_decorator' retrieved from /home/jezandre/airflow/airflow_env/lib/python3.11/site-packages/airflow/example_dags/example_bash_decorator.py
[2024-09-17T06:28:17.126-0300] {logging_mixin.py:188} INFO - [2024-09-17T06:28:17.126-0300] {dag.py:3089} INFO - Sync 1 DAGs
[2024-09-17T06:28:17.138-0300] {logging_mixin.py:188} INFO - [2024-09-17T06:28:17.138-0300] {dag.py:3947} INFO - Setting next_dagrun for example_bash_decorator to None, run_after=None
[2024-09-17T06:28:17.163-0300] {processor.py:183} INFO - Processing /home/jezandre/airflow/airflow_env/lib/python3.11/site-packages/airflow/example_dags/example_bash_decorator.py took 0.201 seconds
[2024-09-17T06:29:10.226-0300] {processor.py:161} INFO - Started process (PID=20607) to work on /home/jezandre/airflow/airflow_env/lib/python3.11/site-packages/airflow/example_dags/example_bash_decorator.py
[2024-09-17T06:29:10.230-0300] {processor.py:830} INFO - Processing file /home/jezandre/airflow/airflow_env/lib/python3.11/site-packages/airflow/example_dags/example_bash_decorator.py for tasks to queue
[2024-09-17T06:29:10.231-0300] {logging_mixin.py:188} INFO - [2024-09-17T06:29:10.231-0300] {dagbag.py:545} INFO - Filling up the DagBag from /home/jezandre/airflow/airflow_env/lib/python3.11/site-packages/airflow/example_dags/example_bash_decorator.py
[2024-09-17T06:29:10.245-0300] {processor.py:840} INFO - DAG(s) 'example_bash_decorator' retrieved from /home/jezandre/airflow/airflow_env/lib/python3.11/site-packages/airflow/example_dags/example_bash_decorator.py
[2024-09-17T06:29:10.264-0300] {logging_mixin.py:188} INFO - [2024-09-17T06:29:10.264-0300] {dag.py:3089} INFO - Sync 1 DAGs
[2024-09-17T06:29:10.278-0300] {logging_mixin.py:188} INFO - [2024-09-17T06:29:10.277-0300] {dag.py:3947} INFO - Setting next_dagrun for example_bash_decorator to None, run_after=None
[2024-09-17T06:29:10.306-0300] {processor.py:183} INFO - Processing /home/jezandre/airflow/airflow_env/lib/python3.11/site-packages/airflow/example_dags/example_bash_decorator.py took 0.089 seconds
[2024-09-17T06:29:49.535-0300] {processor.py:161} INFO - Started process (PID=21005) to work on /home/jezandre/airflow/airflow_env/lib/python3.11/site-packages/airflow/example_dags/example_bash_decorator.py
[2024-09-17T06:29:49.537-0300] {processor.py:830} INFO - Processing file /home/jezandre/airflow/airflow_env/lib/python3.11/site-packages/airflow/example_dags/example_bash_decorator.py for tasks to queue
[2024-09-17T06:29:49.539-0300] {logging_mixin.py:188} INFO - [2024-09-17T06:29:49.538-0300] {dagbag.py:545} INFO - Filling up the DagBag from /home/jezandre/airflow/airflow_env/lib/python3.11/site-packages/airflow/example_dags/example_bash_decorator.py
[2024-09-17T06:29:49.552-0300] {processor.py:840} INFO - DAG(s) 'example_bash_decorator' retrieved from /home/jezandre/airflow/airflow_env/lib/python3.11/site-packages/airflow/example_dags/example_bash_decorator.py
[2024-09-17T06:29:49.669-0300] {logging_mixin.py:188} INFO - [2024-09-17T06:29:49.668-0300] {dag.py:3089} INFO - Sync 1 DAGs
[2024-09-17T06:29:49.683-0300] {logging_mixin.py:188} INFO - [2024-09-17T06:29:49.683-0300] {dag.py:3947} INFO - Setting next_dagrun for example_bash_decorator to None, run_after=None
[2024-09-17T06:29:49.863-0300] {processor.py:183} INFO - Processing /home/jezandre/airflow/airflow_env/lib/python3.11/site-packages/airflow/example_dags/example_bash_decorator.py took 0.334 seconds
[2024-09-17T06:30:20.102-0300] {processor.py:161} INFO - Started process (PID=21318) to work on /home/jezandre/airflow/airflow_env/lib/python3.11/site-packages/airflow/example_dags/example_bash_decorator.py
[2024-09-17T06:30:20.104-0300] {processor.py:830} INFO - Processing file /home/jezandre/airflow/airflow_env/lib/python3.11/site-packages/airflow/example_dags/example_bash_decorator.py for tasks to queue
[2024-09-17T06:30:20.106-0300] {logging_mixin.py:188} INFO - [2024-09-17T06:30:20.106-0300] {dagbag.py:545} INFO - Filling up the DagBag from /home/jezandre/airflow/airflow_env/lib/python3.11/site-packages/airflow/example_dags/example_bash_decorator.py
[2024-09-17T06:30:20.127-0300] {processor.py:840} INFO - DAG(s) 'example_bash_decorator' retrieved from /home/jezandre/airflow/airflow_env/lib/python3.11/site-packages/airflow/example_dags/example_bash_decorator.py
[2024-09-17T06:30:20.158-0300] {logging_mixin.py:188} INFO - [2024-09-17T06:30:20.158-0300] {dag.py:3089} INFO - Sync 1 DAGs
[2024-09-17T06:30:20.174-0300] {logging_mixin.py:188} INFO - [2024-09-17T06:30:20.174-0300] {dag.py:3947} INFO - Setting next_dagrun for example_bash_decorator to None, run_after=None
[2024-09-17T06:30:20.204-0300] {processor.py:183} INFO - Processing /home/jezandre/airflow/airflow_env/lib/python3.11/site-packages/airflow/example_dags/example_bash_decorator.py took 0.111 seconds
[2024-09-17T06:30:51.145-0300] {processor.py:161} INFO - Started process (PID=21520) to work on /home/jezandre/airflow/airflow_env/lib/python3.11/site-packages/airflow/example_dags/example_bash_decorator.py
[2024-09-17T06:30:51.147-0300] {processor.py:830} INFO - Processing file /home/jezandre/airflow/airflow_env/lib/python3.11/site-packages/airflow/example_dags/example_bash_decorator.py for tasks to queue
[2024-09-17T06:30:51.149-0300] {logging_mixin.py:188} INFO - [2024-09-17T06:30:51.149-0300] {dagbag.py:545} INFO - Filling up the DagBag from /home/jezandre/airflow/airflow_env/lib/python3.11/site-packages/airflow/example_dags/example_bash_decorator.py
[2024-09-17T06:30:51.166-0300] {processor.py:840} INFO - DAG(s) 'example_bash_decorator' retrieved from /home/jezandre/airflow/airflow_env/lib/python3.11/site-packages/airflow/example_dags/example_bash_decorator.py
[2024-09-17T06:30:51.197-0300] {logging_mixin.py:188} INFO - [2024-09-17T06:30:51.196-0300] {dag.py:3089} INFO - Sync 1 DAGs
[2024-09-17T06:30:51.217-0300] {logging_mixin.py:188} INFO - [2024-09-17T06:30:51.216-0300] {dag.py:3947} INFO - Setting next_dagrun for example_bash_decorator to None, run_after=None
[2024-09-17T06:30:51.253-0300] {processor.py:183} INFO - Processing /home/jezandre/airflow/airflow_env/lib/python3.11/site-packages/airflow/example_dags/example_bash_decorator.py took 0.115 seconds
[2024-09-17T06:31:21.409-0300] {processor.py:161} INFO - Started process (PID=21730) to work on /home/jezandre/airflow/airflow_env/lib/python3.11/site-packages/airflow/example_dags/example_bash_decorator.py
[2024-09-17T06:31:21.411-0300] {processor.py:830} INFO - Processing file /home/jezandre/airflow/airflow_env/lib/python3.11/site-packages/airflow/example_dags/example_bash_decorator.py for tasks to queue
[2024-09-17T06:31:21.413-0300] {logging_mixin.py:188} INFO - [2024-09-17T06:31:21.413-0300] {dagbag.py:545} INFO - Filling up the DagBag from /home/jezandre/airflow/airflow_env/lib/python3.11/site-packages/airflow/example_dags/example_bash_decorator.py
[2024-09-17T06:31:21.439-0300] {processor.py:840} INFO - DAG(s) 'example_bash_decorator' retrieved from /home/jezandre/airflow/airflow_env/lib/python3.11/site-packages/airflow/example_dags/example_bash_decorator.py
[2024-09-17T06:31:21.480-0300] {logging_mixin.py:188} INFO - [2024-09-17T06:31:21.480-0300] {dag.py:3089} INFO - Sync 1 DAGs
[2024-09-17T06:31:21.496-0300] {logging_mixin.py:188} INFO - [2024-09-17T06:31:21.496-0300] {dag.py:3947} INFO - Setting next_dagrun for example_bash_decorator to None, run_after=None
[2024-09-17T06:31:21.522-0300] {processor.py:183} INFO - Processing /home/jezandre/airflow/airflow_env/lib/python3.11/site-packages/airflow/example_dags/example_bash_decorator.py took 0.119 seconds
[2024-09-17T06:31:51.963-0300] {processor.py:161} INFO - Started process (PID=22007) to work on /home/jezandre/airflow/airflow_env/lib/python3.11/site-packages/airflow/example_dags/example_bash_decorator.py
[2024-09-17T06:31:51.964-0300] {processor.py:830} INFO - Processing file /home/jezandre/airflow/airflow_env/lib/python3.11/site-packages/airflow/example_dags/example_bash_decorator.py for tasks to queue
[2024-09-17T06:31:51.967-0300] {logging_mixin.py:188} INFO - [2024-09-17T06:31:51.967-0300] {dagbag.py:545} INFO - Filling up the DagBag from /home/jezandre/airflow/airflow_env/lib/python3.11/site-packages/airflow/example_dags/example_bash_decorator.py
[2024-09-17T06:31:51.983-0300] {processor.py:840} INFO - DAG(s) 'example_bash_decorator' retrieved from /home/jezandre/airflow/airflow_env/lib/python3.11/site-packages/airflow/example_dags/example_bash_decorator.py
[2024-09-17T06:31:52.016-0300] {logging_mixin.py:188} INFO - [2024-09-17T06:31:52.016-0300] {dag.py:3089} INFO - Sync 1 DAGs
[2024-09-17T06:31:52.033-0300] {logging_mixin.py:188} INFO - [2024-09-17T06:31:52.033-0300] {dag.py:3947} INFO - Setting next_dagrun for example_bash_decorator to None, run_after=None
[2024-09-17T06:31:52.059-0300] {processor.py:183} INFO - Processing /home/jezandre/airflow/airflow_env/lib/python3.11/site-packages/airflow/example_dags/example_bash_decorator.py took 0.103 seconds
[2024-09-17T06:32:22.452-0300] {processor.py:161} INFO - Started process (PID=22487) to work on /home/jezandre/airflow/airflow_env/lib/python3.11/site-packages/airflow/example_dags/example_bash_decorator.py
[2024-09-17T06:32:22.454-0300] {processor.py:830} INFO - Processing file /home/jezandre/airflow/airflow_env/lib/python3.11/site-packages/airflow/example_dags/example_bash_decorator.py for tasks to queue
[2024-09-17T06:32:22.457-0300] {logging_mixin.py:188} INFO - [2024-09-17T06:32:22.456-0300] {dagbag.py:545} INFO - Filling up the DagBag from /home/jezandre/airflow/airflow_env/lib/python3.11/site-packages/airflow/example_dags/example_bash_decorator.py
[2024-09-17T06:32:22.488-0300] {processor.py:840} INFO - DAG(s) 'example_bash_decorator' retrieved from /home/jezandre/airflow/airflow_env/lib/python3.11/site-packages/airflow/example_dags/example_bash_decorator.py
[2024-09-17T06:32:22.664-0300] {logging_mixin.py:188} INFO - [2024-09-17T06:32:22.663-0300] {dag.py:3089} INFO - Sync 1 DAGs
[2024-09-17T06:32:22.679-0300] {logging_mixin.py:188} INFO - [2024-09-17T06:32:22.678-0300] {dag.py:3947} INFO - Setting next_dagrun for example_bash_decorator to None, run_after=None
[2024-09-17T06:32:22.713-0300] {processor.py:183} INFO - Processing /home/jezandre/airflow/airflow_env/lib/python3.11/site-packages/airflow/example_dags/example_bash_decorator.py took 0.273 seconds
[2024-09-17T06:32:53.361-0300] {processor.py:161} INFO - Started process (PID=22851) to work on /home/jezandre/airflow/airflow_env/lib/python3.11/site-packages/airflow/example_dags/example_bash_decorator.py
[2024-09-17T06:32:53.363-0300] {processor.py:830} INFO - Processing file /home/jezandre/airflow/airflow_env/lib/python3.11/site-packages/airflow/example_dags/example_bash_decorator.py for tasks to queue
[2024-09-17T06:32:53.364-0300] {logging_mixin.py:188} INFO - [2024-09-17T06:32:53.364-0300] {dagbag.py:545} INFO - Filling up the DagBag from /home/jezandre/airflow/airflow_env/lib/python3.11/site-packages/airflow/example_dags/example_bash_decorator.py
[2024-09-17T06:32:53.378-0300] {processor.py:840} INFO - DAG(s) 'example_bash_decorator' retrieved from /home/jezandre/airflow/airflow_env/lib/python3.11/site-packages/airflow/example_dags/example_bash_decorator.py
[2024-09-17T06:32:53.414-0300] {logging_mixin.py:188} INFO - [2024-09-17T06:32:53.414-0300] {dag.py:3089} INFO - Sync 1 DAGs
[2024-09-17T06:32:53.430-0300] {logging_mixin.py:188} INFO - [2024-09-17T06:32:53.430-0300] {dag.py:3947} INFO - Setting next_dagrun for example_bash_decorator to None, run_after=None
[2024-09-17T06:32:53.459-0300] {processor.py:183} INFO - Processing /home/jezandre/airflow/airflow_env/lib/python3.11/site-packages/airflow/example_dags/example_bash_decorator.py took 0.108 seconds
[2024-09-17T06:33:24.097-0300] {processor.py:161} INFO - Started process (PID=23083) to work on /home/jezandre/airflow/airflow_env/lib/python3.11/site-packages/airflow/example_dags/example_bash_decorator.py
[2024-09-17T06:33:24.099-0300] {processor.py:830} INFO - Processing file /home/jezandre/airflow/airflow_env/lib/python3.11/site-packages/airflow/example_dags/example_bash_decorator.py for tasks to queue
[2024-09-17T06:33:24.101-0300] {logging_mixin.py:188} INFO - [2024-09-17T06:33:24.101-0300] {dagbag.py:545} INFO - Filling up the DagBag from /home/jezandre/airflow/airflow_env/lib/python3.11/site-packages/airflow/example_dags/example_bash_decorator.py
[2024-09-17T06:33:24.120-0300] {processor.py:840} INFO - DAG(s) 'example_bash_decorator' retrieved from /home/jezandre/airflow/airflow_env/lib/python3.11/site-packages/airflow/example_dags/example_bash_decorator.py
[2024-09-17T06:33:24.151-0300] {logging_mixin.py:188} INFO - [2024-09-17T06:33:24.151-0300] {dag.py:3089} INFO - Sync 1 DAGs
[2024-09-17T06:33:24.166-0300] {logging_mixin.py:188} INFO - [2024-09-17T06:33:24.166-0300] {dag.py:3947} INFO - Setting next_dagrun for example_bash_decorator to None, run_after=None
[2024-09-17T06:33:24.191-0300] {processor.py:183} INFO - Processing /home/jezandre/airflow/airflow_env/lib/python3.11/site-packages/airflow/example_dags/example_bash_decorator.py took 0.102 seconds
[2024-09-17T06:33:54.614-0300] {processor.py:161} INFO - Started process (PID=23363) to work on /home/jezandre/airflow/airflow_env/lib/python3.11/site-packages/airflow/example_dags/example_bash_decorator.py
[2024-09-17T06:33:54.615-0300] {processor.py:830} INFO - Processing file /home/jezandre/airflow/airflow_env/lib/python3.11/site-packages/airflow/example_dags/example_bash_decorator.py for tasks to queue
[2024-09-17T06:33:54.617-0300] {logging_mixin.py:188} INFO - [2024-09-17T06:33:54.617-0300] {dagbag.py:545} INFO - Filling up the DagBag from /home/jezandre/airflow/airflow_env/lib/python3.11/site-packages/airflow/example_dags/example_bash_decorator.py
[2024-09-17T06:33:54.631-0300] {processor.py:840} INFO - DAG(s) 'example_bash_decorator' retrieved from /home/jezandre/airflow/airflow_env/lib/python3.11/site-packages/airflow/example_dags/example_bash_decorator.py
[2024-09-17T06:33:54.662-0300] {logging_mixin.py:188} INFO - [2024-09-17T06:33:54.661-0300] {dag.py:3089} INFO - Sync 1 DAGs
[2024-09-17T06:33:54.676-0300] {logging_mixin.py:188} INFO - [2024-09-17T06:33:54.675-0300] {dag.py:3947} INFO - Setting next_dagrun for example_bash_decorator to None, run_after=None
[2024-09-17T06:33:54.699-0300] {processor.py:183} INFO - Processing /home/jezandre/airflow/airflow_env/lib/python3.11/site-packages/airflow/example_dags/example_bash_decorator.py took 0.091 seconds
[2024-09-17T06:34:25.037-0300] {processor.py:161} INFO - Started process (PID=23612) to work on /home/jezandre/airflow/airflow_env/lib/python3.11/site-packages/airflow/example_dags/example_bash_decorator.py
[2024-09-17T06:34:25.038-0300] {processor.py:830} INFO - Processing file /home/jezandre/airflow/airflow_env/lib/python3.11/site-packages/airflow/example_dags/example_bash_decorator.py for tasks to queue
[2024-09-17T06:34:25.040-0300] {logging_mixin.py:188} INFO - [2024-09-17T06:34:25.039-0300] {dagbag.py:545} INFO - Filling up the DagBag from /home/jezandre/airflow/airflow_env/lib/python3.11/site-packages/airflow/example_dags/example_bash_decorator.py
[2024-09-17T06:34:25.054-0300] {processor.py:840} INFO - DAG(s) 'example_bash_decorator' retrieved from /home/jezandre/airflow/airflow_env/lib/python3.11/site-packages/airflow/example_dags/example_bash_decorator.py
[2024-09-17T06:34:25.088-0300] {logging_mixin.py:188} INFO - [2024-09-17T06:34:25.087-0300] {dag.py:3089} INFO - Sync 1 DAGs
[2024-09-17T06:34:25.103-0300] {logging_mixin.py:188} INFO - [2024-09-17T06:34:25.103-0300] {dag.py:3947} INFO - Setting next_dagrun for example_bash_decorator to None, run_after=None
[2024-09-17T06:34:25.131-0300] {processor.py:183} INFO - Processing /home/jezandre/airflow/airflow_env/lib/python3.11/site-packages/airflow/example_dags/example_bash_decorator.py took 0.102 seconds
[2024-09-17T06:34:55.581-0300] {processor.py:161} INFO - Started process (PID=23943) to work on /home/jezandre/airflow/airflow_env/lib/python3.11/site-packages/airflow/example_dags/example_bash_decorator.py
[2024-09-17T06:34:55.582-0300] {processor.py:830} INFO - Processing file /home/jezandre/airflow/airflow_env/lib/python3.11/site-packages/airflow/example_dags/example_bash_decorator.py for tasks to queue
[2024-09-17T06:34:55.584-0300] {logging_mixin.py:188} INFO - [2024-09-17T06:34:55.584-0300] {dagbag.py:545} INFO - Filling up the DagBag from /home/jezandre/airflow/airflow_env/lib/python3.11/site-packages/airflow/example_dags/example_bash_decorator.py
[2024-09-17T06:34:55.598-0300] {processor.py:840} INFO - DAG(s) 'example_bash_decorator' retrieved from /home/jezandre/airflow/airflow_env/lib/python3.11/site-packages/airflow/example_dags/example_bash_decorator.py
[2024-09-17T06:34:55.633-0300] {logging_mixin.py:188} INFO - [2024-09-17T06:34:55.632-0300] {dag.py:3089} INFO - Sync 1 DAGs
[2024-09-17T06:34:55.648-0300] {logging_mixin.py:188} INFO - [2024-09-17T06:34:55.647-0300] {dag.py:3947} INFO - Setting next_dagrun for example_bash_decorator to None, run_after=None
[2024-09-17T06:34:55.676-0300] {processor.py:183} INFO - Processing /home/jezandre/airflow/airflow_env/lib/python3.11/site-packages/airflow/example_dags/example_bash_decorator.py took 0.100 seconds
[2024-09-17T06:35:26.245-0300] {processor.py:161} INFO - Started process (PID=24190) to work on /home/jezandre/airflow/airflow_env/lib/python3.11/site-packages/airflow/example_dags/example_bash_decorator.py
[2024-09-17T06:35:26.246-0300] {processor.py:830} INFO - Processing file /home/jezandre/airflow/airflow_env/lib/python3.11/site-packages/airflow/example_dags/example_bash_decorator.py for tasks to queue
[2024-09-17T06:35:26.248-0300] {logging_mixin.py:188} INFO - [2024-09-17T06:35:26.248-0300] {dagbag.py:545} INFO - Filling up the DagBag from /home/jezandre/airflow/airflow_env/lib/python3.11/site-packages/airflow/example_dags/example_bash_decorator.py
[2024-09-17T06:35:26.262-0300] {processor.py:840} INFO - DAG(s) 'example_bash_decorator' retrieved from /home/jezandre/airflow/airflow_env/lib/python3.11/site-packages/airflow/example_dags/example_bash_decorator.py
[2024-09-17T06:35:26.303-0300] {logging_mixin.py:188} INFO - [2024-09-17T06:35:26.303-0300] {dag.py:3089} INFO - Sync 1 DAGs
[2024-09-17T06:35:26.321-0300] {logging_mixin.py:188} INFO - [2024-09-17T06:35:26.320-0300] {dag.py:3947} INFO - Setting next_dagrun for example_bash_decorator to None, run_after=None
[2024-09-17T06:35:26.351-0300] {processor.py:183} INFO - Processing /home/jezandre/airflow/airflow_env/lib/python3.11/site-packages/airflow/example_dags/example_bash_decorator.py took 0.112 seconds
[2024-09-17T06:35:56.531-0300] {processor.py:161} INFO - Started process (PID=24523) to work on /home/jezandre/airflow/airflow_env/lib/python3.11/site-packages/airflow/example_dags/example_bash_decorator.py
[2024-09-17T06:35:56.532-0300] {processor.py:830} INFO - Processing file /home/jezandre/airflow/airflow_env/lib/python3.11/site-packages/airflow/example_dags/example_bash_decorator.py for tasks to queue
[2024-09-17T06:35:56.534-0300] {logging_mixin.py:188} INFO - [2024-09-17T06:35:56.534-0300] {dagbag.py:545} INFO - Filling up the DagBag from /home/jezandre/airflow/airflow_env/lib/python3.11/site-packages/airflow/example_dags/example_bash_decorator.py
[2024-09-17T06:35:56.549-0300] {processor.py:840} INFO - DAG(s) 'example_bash_decorator' retrieved from /home/jezandre/airflow/airflow_env/lib/python3.11/site-packages/airflow/example_dags/example_bash_decorator.py
[2024-09-17T06:35:56.580-0300] {logging_mixin.py:188} INFO - [2024-09-17T06:35:56.579-0300] {dag.py:3089} INFO - Sync 1 DAGs
[2024-09-17T06:35:56.595-0300] {logging_mixin.py:188} INFO - [2024-09-17T06:35:56.595-0300] {dag.py:3947} INFO - Setting next_dagrun for example_bash_decorator to None, run_after=None
[2024-09-17T06:35:56.622-0300] {processor.py:183} INFO - Processing /home/jezandre/airflow/airflow_env/lib/python3.11/site-packages/airflow/example_dags/example_bash_decorator.py took 0.097 seconds
[2024-09-17T06:36:26.848-0300] {processor.py:161} INFO - Started process (PID=24738) to work on /home/jezandre/airflow/airflow_env/lib/python3.11/site-packages/airflow/example_dags/example_bash_decorator.py
[2024-09-17T06:36:26.849-0300] {processor.py:830} INFO - Processing file /home/jezandre/airflow/airflow_env/lib/python3.11/site-packages/airflow/example_dags/example_bash_decorator.py for tasks to queue
[2024-09-17T06:36:26.851-0300] {logging_mixin.py:188} INFO - [2024-09-17T06:36:26.851-0300] {dagbag.py:545} INFO - Filling up the DagBag from /home/jezandre/airflow/airflow_env/lib/python3.11/site-packages/airflow/example_dags/example_bash_decorator.py
[2024-09-17T06:36:26.868-0300] {processor.py:840} INFO - DAG(s) 'example_bash_decorator' retrieved from /home/jezandre/airflow/airflow_env/lib/python3.11/site-packages/airflow/example_dags/example_bash_decorator.py
[2024-09-17T06:36:26.904-0300] {logging_mixin.py:188} INFO - [2024-09-17T06:36:26.904-0300] {dag.py:3089} INFO - Sync 1 DAGs
[2024-09-17T06:36:26.920-0300] {logging_mixin.py:188} INFO - [2024-09-17T06:36:26.920-0300] {dag.py:3947} INFO - Setting next_dagrun for example_bash_decorator to None, run_after=None
[2024-09-17T06:36:26.947-0300] {processor.py:183} INFO - Processing /home/jezandre/airflow/airflow_env/lib/python3.11/site-packages/airflow/example_dags/example_bash_decorator.py took 0.107 seconds
[2024-09-17T06:36:57.334-0300] {processor.py:161} INFO - Started process (PID=24967) to work on /home/jezandre/airflow/airflow_env/lib/python3.11/site-packages/airflow/example_dags/example_bash_decorator.py
[2024-09-17T06:36:57.335-0300] {processor.py:830} INFO - Processing file /home/jezandre/airflow/airflow_env/lib/python3.11/site-packages/airflow/example_dags/example_bash_decorator.py for tasks to queue
[2024-09-17T06:36:57.337-0300] {logging_mixin.py:188} INFO - [2024-09-17T06:36:57.337-0300] {dagbag.py:545} INFO - Filling up the DagBag from /home/jezandre/airflow/airflow_env/lib/python3.11/site-packages/airflow/example_dags/example_bash_decorator.py
[2024-09-17T06:36:57.352-0300] {processor.py:840} INFO - DAG(s) 'example_bash_decorator' retrieved from /home/jezandre/airflow/airflow_env/lib/python3.11/site-packages/airflow/example_dags/example_bash_decorator.py
[2024-09-17T06:36:57.385-0300] {logging_mixin.py:188} INFO - [2024-09-17T06:36:57.384-0300] {dag.py:3089} INFO - Sync 1 DAGs
[2024-09-17T06:36:57.400-0300] {logging_mixin.py:188} INFO - [2024-09-17T06:36:57.399-0300] {dag.py:3947} INFO - Setting next_dagrun for example_bash_decorator to None, run_after=None
[2024-09-17T06:36:57.428-0300] {processor.py:183} INFO - Processing /home/jezandre/airflow/airflow_env/lib/python3.11/site-packages/airflow/example_dags/example_bash_decorator.py took 0.100 seconds
[2024-09-17T06:37:28.118-0300] {processor.py:161} INFO - Started process (PID=25177) to work on /home/jezandre/airflow/airflow_env/lib/python3.11/site-packages/airflow/example_dags/example_bash_decorator.py
[2024-09-17T06:37:28.120-0300] {processor.py:830} INFO - Processing file /home/jezandre/airflow/airflow_env/lib/python3.11/site-packages/airflow/example_dags/example_bash_decorator.py for tasks to queue
[2024-09-17T06:37:28.122-0300] {logging_mixin.py:188} INFO - [2024-09-17T06:37:28.122-0300] {dagbag.py:545} INFO - Filling up the DagBag from /home/jezandre/airflow/airflow_env/lib/python3.11/site-packages/airflow/example_dags/example_bash_decorator.py
[2024-09-17T06:37:28.159-0300] {processor.py:840} INFO - DAG(s) 'example_bash_decorator' retrieved from /home/jezandre/airflow/airflow_env/lib/python3.11/site-packages/airflow/example_dags/example_bash_decorator.py
[2024-09-17T06:37:28.462-0300] {logging_mixin.py:188} INFO - [2024-09-17T06:37:28.462-0300] {dag.py:3089} INFO - Sync 1 DAGs
[2024-09-17T06:37:28.511-0300] {logging_mixin.py:188} INFO - [2024-09-17T06:37:28.511-0300] {dag.py:3947} INFO - Setting next_dagrun for example_bash_decorator to None, run_after=None
[2024-09-17T06:37:28.618-0300] {processor.py:183} INFO - Processing /home/jezandre/airflow/airflow_env/lib/python3.11/site-packages/airflow/example_dags/example_bash_decorator.py took 0.509 seconds
[2024-09-17T06:37:58.695-0300] {processor.py:161} INFO - Started process (PID=25401) to work on /home/jezandre/airflow/airflow_env/lib/python3.11/site-packages/airflow/example_dags/example_bash_decorator.py
[2024-09-17T06:37:58.696-0300] {processor.py:830} INFO - Processing file /home/jezandre/airflow/airflow_env/lib/python3.11/site-packages/airflow/example_dags/example_bash_decorator.py for tasks to queue
[2024-09-17T06:37:58.698-0300] {logging_mixin.py:188} INFO - [2024-09-17T06:37:58.697-0300] {dagbag.py:545} INFO - Filling up the DagBag from /home/jezandre/airflow/airflow_env/lib/python3.11/site-packages/airflow/example_dags/example_bash_decorator.py
[2024-09-17T06:37:58.712-0300] {processor.py:840} INFO - DAG(s) 'example_bash_decorator' retrieved from /home/jezandre/airflow/airflow_env/lib/python3.11/site-packages/airflow/example_dags/example_bash_decorator.py
[2024-09-17T06:37:58.743-0300] {logging_mixin.py:188} INFO - [2024-09-17T06:37:58.743-0300] {dag.py:3089} INFO - Sync 1 DAGs
[2024-09-17T06:37:58.758-0300] {logging_mixin.py:188} INFO - [2024-09-17T06:37:58.758-0300] {dag.py:3947} INFO - Setting next_dagrun for example_bash_decorator to None, run_after=None
[2024-09-17T06:37:58.784-0300] {processor.py:183} INFO - Processing /home/jezandre/airflow/airflow_env/lib/python3.11/site-packages/airflow/example_dags/example_bash_decorator.py took 0.094 seconds
[2024-09-17T06:38:29.299-0300] {processor.py:161} INFO - Started process (PID=25728) to work on /home/jezandre/airflow/airflow_env/lib/python3.11/site-packages/airflow/example_dags/example_bash_decorator.py
[2024-09-17T06:38:29.300-0300] {processor.py:830} INFO - Processing file /home/jezandre/airflow/airflow_env/lib/python3.11/site-packages/airflow/example_dags/example_bash_decorator.py for tasks to queue
[2024-09-17T06:38:29.301-0300] {logging_mixin.py:188} INFO - [2024-09-17T06:38:29.301-0300] {dagbag.py:545} INFO - Filling up the DagBag from /home/jezandre/airflow/airflow_env/lib/python3.11/site-packages/airflow/example_dags/example_bash_decorator.py
[2024-09-17T06:38:29.316-0300] {processor.py:840} INFO - DAG(s) 'example_bash_decorator' retrieved from /home/jezandre/airflow/airflow_env/lib/python3.11/site-packages/airflow/example_dags/example_bash_decorator.py
[2024-09-17T06:38:29.344-0300] {logging_mixin.py:188} INFO - [2024-09-17T06:38:29.344-0300] {dag.py:3089} INFO - Sync 1 DAGs
[2024-09-17T06:38:29.359-0300] {logging_mixin.py:188} INFO - [2024-09-17T06:38:29.358-0300] {dag.py:3947} INFO - Setting next_dagrun for example_bash_decorator to None, run_after=None
[2024-09-17T06:38:29.385-0300] {processor.py:183} INFO - Processing /home/jezandre/airflow/airflow_env/lib/python3.11/site-packages/airflow/example_dags/example_bash_decorator.py took 0.092 seconds
[2024-09-17T06:38:59.870-0300] {processor.py:161} INFO - Started process (PID=26043) to work on /home/jezandre/airflow/airflow_env/lib/python3.11/site-packages/airflow/example_dags/example_bash_decorator.py
[2024-09-17T06:38:59.871-0300] {processor.py:830} INFO - Processing file /home/jezandre/airflow/airflow_env/lib/python3.11/site-packages/airflow/example_dags/example_bash_decorator.py for tasks to queue
[2024-09-17T06:38:59.873-0300] {logging_mixin.py:188} INFO - [2024-09-17T06:38:59.873-0300] {dagbag.py:545} INFO - Filling up the DagBag from /home/jezandre/airflow/airflow_env/lib/python3.11/site-packages/airflow/example_dags/example_bash_decorator.py
[2024-09-17T06:38:59.894-0300] {processor.py:840} INFO - DAG(s) 'example_bash_decorator' retrieved from /home/jezandre/airflow/airflow_env/lib/python3.11/site-packages/airflow/example_dags/example_bash_decorator.py
[2024-09-17T06:38:59.930-0300] {logging_mixin.py:188} INFO - [2024-09-17T06:38:59.929-0300] {dag.py:3089} INFO - Sync 1 DAGs
[2024-09-17T06:38:59.947-0300] {logging_mixin.py:188} INFO - [2024-09-17T06:38:59.946-0300] {dag.py:3947} INFO - Setting next_dagrun for example_bash_decorator to None, run_after=None
[2024-09-17T06:38:59.972-0300] {processor.py:183} INFO - Processing /home/jezandre/airflow/airflow_env/lib/python3.11/site-packages/airflow/example_dags/example_bash_decorator.py took 0.114 seconds
[2024-09-17T06:39:30.479-0300] {processor.py:161} INFO - Started process (PID=26283) to work on /home/jezandre/airflow/airflow_env/lib/python3.11/site-packages/airflow/example_dags/example_bash_decorator.py
[2024-09-17T06:39:30.480-0300] {processor.py:830} INFO - Processing file /home/jezandre/airflow/airflow_env/lib/python3.11/site-packages/airflow/example_dags/example_bash_decorator.py for tasks to queue
[2024-09-17T06:39:30.481-0300] {logging_mixin.py:188} INFO - [2024-09-17T06:39:30.481-0300] {dagbag.py:545} INFO - Filling up the DagBag from /home/jezandre/airflow/airflow_env/lib/python3.11/site-packages/airflow/example_dags/example_bash_decorator.py
[2024-09-17T06:39:30.493-0300] {processor.py:840} INFO - DAG(s) 'example_bash_decorator' retrieved from /home/jezandre/airflow/airflow_env/lib/python3.11/site-packages/airflow/example_dags/example_bash_decorator.py
[2024-09-17T06:39:30.525-0300] {logging_mixin.py:188} INFO - [2024-09-17T06:39:30.525-0300] {dag.py:3089} INFO - Sync 1 DAGs
[2024-09-17T06:39:30.539-0300] {logging_mixin.py:188} INFO - [2024-09-17T06:39:30.538-0300] {dag.py:3947} INFO - Setting next_dagrun for example_bash_decorator to None, run_after=None
[2024-09-17T06:39:30.567-0300] {processor.py:183} INFO - Processing /home/jezandre/airflow/airflow_env/lib/python3.11/site-packages/airflow/example_dags/example_bash_decorator.py took 0.097 seconds
[2024-09-17T06:40:01.110-0300] {processor.py:161} INFO - Started process (PID=26549) to work on /home/jezandre/airflow/airflow_env/lib/python3.11/site-packages/airflow/example_dags/example_bash_decorator.py
[2024-09-17T06:40:01.111-0300] {processor.py:830} INFO - Processing file /home/jezandre/airflow/airflow_env/lib/python3.11/site-packages/airflow/example_dags/example_bash_decorator.py for tasks to queue
[2024-09-17T06:40:01.113-0300] {logging_mixin.py:188} INFO - [2024-09-17T06:40:01.112-0300] {dagbag.py:545} INFO - Filling up the DagBag from /home/jezandre/airflow/airflow_env/lib/python3.11/site-packages/airflow/example_dags/example_bash_decorator.py
[2024-09-17T06:40:01.125-0300] {processor.py:840} INFO - DAG(s) 'example_bash_decorator' retrieved from /home/jezandre/airflow/airflow_env/lib/python3.11/site-packages/airflow/example_dags/example_bash_decorator.py
[2024-09-17T06:40:01.159-0300] {logging_mixin.py:188} INFO - [2024-09-17T06:40:01.159-0300] {dag.py:3089} INFO - Sync 1 DAGs
[2024-09-17T06:40:01.175-0300] {logging_mixin.py:188} INFO - [2024-09-17T06:40:01.175-0300] {dag.py:3947} INFO - Setting next_dagrun for example_bash_decorator to None, run_after=None
[2024-09-17T06:40:01.210-0300] {processor.py:183} INFO - Processing /home/jezandre/airflow/airflow_env/lib/python3.11/site-packages/airflow/example_dags/example_bash_decorator.py took 0.109 seconds
[2024-09-17T06:40:31.684-0300] {processor.py:161} INFO - Started process (PID=26899) to work on /home/jezandre/airflow/airflow_env/lib/python3.11/site-packages/airflow/example_dags/example_bash_decorator.py
[2024-09-17T06:40:31.685-0300] {processor.py:830} INFO - Processing file /home/jezandre/airflow/airflow_env/lib/python3.11/site-packages/airflow/example_dags/example_bash_decorator.py for tasks to queue
[2024-09-17T06:40:31.686-0300] {logging_mixin.py:188} INFO - [2024-09-17T06:40:31.686-0300] {dagbag.py:545} INFO - Filling up the DagBag from /home/jezandre/airflow/airflow_env/lib/python3.11/site-packages/airflow/example_dags/example_bash_decorator.py
[2024-09-17T06:40:31.699-0300] {processor.py:840} INFO - DAG(s) 'example_bash_decorator' retrieved from /home/jezandre/airflow/airflow_env/lib/python3.11/site-packages/airflow/example_dags/example_bash_decorator.py
[2024-09-17T06:40:31.731-0300] {logging_mixin.py:188} INFO - [2024-09-17T06:40:31.731-0300] {dag.py:3089} INFO - Sync 1 DAGs
[2024-09-17T06:40:31.745-0300] {logging_mixin.py:188} INFO - [2024-09-17T06:40:31.745-0300] {dag.py:3947} INFO - Setting next_dagrun for example_bash_decorator to None, run_after=None
[2024-09-17T06:40:31.771-0300] {processor.py:183} INFO - Processing /home/jezandre/airflow/airflow_env/lib/python3.11/site-packages/airflow/example_dags/example_bash_decorator.py took 0.096 seconds
[2024-09-17T06:41:02.187-0300] {processor.py:161} INFO - Started process (PID=27265) to work on /home/jezandre/airflow/airflow_env/lib/python3.11/site-packages/airflow/example_dags/example_bash_decorator.py
[2024-09-17T06:41:02.189-0300] {processor.py:830} INFO - Processing file /home/jezandre/airflow/airflow_env/lib/python3.11/site-packages/airflow/example_dags/example_bash_decorator.py for tasks to queue
[2024-09-17T06:41:02.191-0300] {logging_mixin.py:188} INFO - [2024-09-17T06:41:02.190-0300] {dagbag.py:545} INFO - Filling up the DagBag from /home/jezandre/airflow/airflow_env/lib/python3.11/site-packages/airflow/example_dags/example_bash_decorator.py
[2024-09-17T06:41:02.212-0300] {processor.py:840} INFO - DAG(s) 'example_bash_decorator' retrieved from /home/jezandre/airflow/airflow_env/lib/python3.11/site-packages/airflow/example_dags/example_bash_decorator.py
[2024-09-17T06:41:02.252-0300] {logging_mixin.py:188} INFO - [2024-09-17T06:41:02.252-0300] {dag.py:3089} INFO - Sync 1 DAGs
[2024-09-17T06:41:02.272-0300] {logging_mixin.py:188} INFO - [2024-09-17T06:41:02.271-0300] {dag.py:3947} INFO - Setting next_dagrun for example_bash_decorator to None, run_after=None
[2024-09-17T06:41:02.296-0300] {processor.py:183} INFO - Processing /home/jezandre/airflow/airflow_env/lib/python3.11/site-packages/airflow/example_dags/example_bash_decorator.py took 0.121 seconds
[2024-09-17T06:41:32.764-0300] {processor.py:161} INFO - Started process (PID=27602) to work on /home/jezandre/airflow/airflow_env/lib/python3.11/site-packages/airflow/example_dags/example_bash_decorator.py
[2024-09-17T06:41:32.765-0300] {processor.py:830} INFO - Processing file /home/jezandre/airflow/airflow_env/lib/python3.11/site-packages/airflow/example_dags/example_bash_decorator.py for tasks to queue
[2024-09-17T06:41:32.767-0300] {logging_mixin.py:188} INFO - [2024-09-17T06:41:32.767-0300] {dagbag.py:545} INFO - Filling up the DagBag from /home/jezandre/airflow/airflow_env/lib/python3.11/site-packages/airflow/example_dags/example_bash_decorator.py
[2024-09-17T06:41:32.782-0300] {processor.py:840} INFO - DAG(s) 'example_bash_decorator' retrieved from /home/jezandre/airflow/airflow_env/lib/python3.11/site-packages/airflow/example_dags/example_bash_decorator.py
[2024-09-17T06:41:32.812-0300] {logging_mixin.py:188} INFO - [2024-09-17T06:41:32.811-0300] {dag.py:3089} INFO - Sync 1 DAGs
[2024-09-17T06:41:32.826-0300] {logging_mixin.py:188} INFO - [2024-09-17T06:41:32.826-0300] {dag.py:3947} INFO - Setting next_dagrun for example_bash_decorator to None, run_after=None
[2024-09-17T06:41:32.849-0300] {processor.py:183} INFO - Processing /home/jezandre/airflow/airflow_env/lib/python3.11/site-packages/airflow/example_dags/example_bash_decorator.py took 0.094 seconds
[2024-09-17T06:42:03.155-0300] {processor.py:161} INFO - Started process (PID=27844) to work on /home/jezandre/airflow/airflow_env/lib/python3.11/site-packages/airflow/example_dags/example_bash_decorator.py
[2024-09-17T06:42:03.157-0300] {processor.py:830} INFO - Processing file /home/jezandre/airflow/airflow_env/lib/python3.11/site-packages/airflow/example_dags/example_bash_decorator.py for tasks to queue
[2024-09-17T06:42:03.158-0300] {logging_mixin.py:188} INFO - [2024-09-17T06:42:03.158-0300] {dagbag.py:545} INFO - Filling up the DagBag from /home/jezandre/airflow/airflow_env/lib/python3.11/site-packages/airflow/example_dags/example_bash_decorator.py
[2024-09-17T06:42:03.173-0300] {processor.py:840} INFO - DAG(s) 'example_bash_decorator' retrieved from /home/jezandre/airflow/airflow_env/lib/python3.11/site-packages/airflow/example_dags/example_bash_decorator.py
[2024-09-17T06:42:03.207-0300] {logging_mixin.py:188} INFO - [2024-09-17T06:42:03.207-0300] {dag.py:3089} INFO - Sync 1 DAGs
[2024-09-17T06:42:03.222-0300] {logging_mixin.py:188} INFO - [2024-09-17T06:42:03.222-0300] {dag.py:3947} INFO - Setting next_dagrun for example_bash_decorator to None, run_after=None
[2024-09-17T06:42:03.247-0300] {processor.py:183} INFO - Processing /home/jezandre/airflow/airflow_env/lib/python3.11/site-packages/airflow/example_dags/example_bash_decorator.py took 0.101 seconds
[2024-09-17T06:42:33.502-0300] {processor.py:161} INFO - Started process (PID=28046) to work on /home/jezandre/airflow/airflow_env/lib/python3.11/site-packages/airflow/example_dags/example_bash_decorator.py
[2024-09-17T06:42:33.503-0300] {processor.py:830} INFO - Processing file /home/jezandre/airflow/airflow_env/lib/python3.11/site-packages/airflow/example_dags/example_bash_decorator.py for tasks to queue
[2024-09-17T06:42:33.505-0300] {logging_mixin.py:188} INFO - [2024-09-17T06:42:33.505-0300] {dagbag.py:545} INFO - Filling up the DagBag from /home/jezandre/airflow/airflow_env/lib/python3.11/site-packages/airflow/example_dags/example_bash_decorator.py
[2024-09-17T06:42:33.522-0300] {processor.py:840} INFO - DAG(s) 'example_bash_decorator' retrieved from /home/jezandre/airflow/airflow_env/lib/python3.11/site-packages/airflow/example_dags/example_bash_decorator.py
[2024-09-17T06:42:33.670-0300] {logging_mixin.py:188} INFO - [2024-09-17T06:42:33.669-0300] {dag.py:3089} INFO - Sync 1 DAGs
[2024-09-17T06:42:33.686-0300] {logging_mixin.py:188} INFO - [2024-09-17T06:42:33.686-0300] {dag.py:3947} INFO - Setting next_dagrun for example_bash_decorator to None, run_after=None
[2024-09-17T06:42:33.712-0300] {processor.py:183} INFO - Processing /home/jezandre/airflow/airflow_env/lib/python3.11/site-packages/airflow/example_dags/example_bash_decorator.py took 0.222 seconds
[2024-09-17T06:43:04.628-0300] {processor.py:161} INFO - Started process (PID=28803) to work on /home/jezandre/airflow/airflow_env/lib/python3.11/site-packages/airflow/example_dags/example_bash_decorator.py
[2024-09-17T06:43:04.630-0300] {processor.py:830} INFO - Processing file /home/jezandre/airflow/airflow_env/lib/python3.11/site-packages/airflow/example_dags/example_bash_decorator.py for tasks to queue
[2024-09-17T06:43:04.633-0300] {logging_mixin.py:188} INFO - [2024-09-17T06:43:04.632-0300] {dagbag.py:545} INFO - Filling up the DagBag from /home/jezandre/airflow/airflow_env/lib/python3.11/site-packages/airflow/example_dags/example_bash_decorator.py
[2024-09-17T06:43:04.665-0300] {processor.py:840} INFO - DAG(s) 'example_bash_decorator' retrieved from /home/jezandre/airflow/airflow_env/lib/python3.11/site-packages/airflow/example_dags/example_bash_decorator.py
[2024-09-17T06:43:04.714-0300] {logging_mixin.py:188} INFO - [2024-09-17T06:43:04.714-0300] {dag.py:3089} INFO - Sync 1 DAGs
[2024-09-17T06:43:04.746-0300] {logging_mixin.py:188} INFO - [2024-09-17T06:43:04.745-0300] {dag.py:3947} INFO - Setting next_dagrun for example_bash_decorator to None, run_after=None
[2024-09-17T06:43:04.791-0300] {processor.py:183} INFO - Processing /home/jezandre/airflow/airflow_env/lib/python3.11/site-packages/airflow/example_dags/example_bash_decorator.py took 0.180 seconds
[2024-09-17T06:43:35.476-0300] {processor.py:161} INFO - Started process (PID=29104) to work on /home/jezandre/airflow/airflow_env/lib/python3.11/site-packages/airflow/example_dags/example_bash_decorator.py
[2024-09-17T06:43:35.477-0300] {processor.py:830} INFO - Processing file /home/jezandre/airflow/airflow_env/lib/python3.11/site-packages/airflow/example_dags/example_bash_decorator.py for tasks to queue
[2024-09-17T06:43:35.479-0300] {logging_mixin.py:188} INFO - [2024-09-17T06:43:35.479-0300] {dagbag.py:545} INFO - Filling up the DagBag from /home/jezandre/airflow/airflow_env/lib/python3.11/site-packages/airflow/example_dags/example_bash_decorator.py
[2024-09-17T06:43:35.494-0300] {processor.py:840} INFO - DAG(s) 'example_bash_decorator' retrieved from /home/jezandre/airflow/airflow_env/lib/python3.11/site-packages/airflow/example_dags/example_bash_decorator.py
[2024-09-17T06:43:35.526-0300] {logging_mixin.py:188} INFO - [2024-09-17T06:43:35.526-0300] {dag.py:3089} INFO - Sync 1 DAGs
[2024-09-17T06:43:35.546-0300] {logging_mixin.py:188} INFO - [2024-09-17T06:43:35.545-0300] {dag.py:3947} INFO - Setting next_dagrun for example_bash_decorator to None, run_after=None
[2024-09-17T06:43:35.589-0300] {processor.py:183} INFO - Processing /home/jezandre/airflow/airflow_env/lib/python3.11/site-packages/airflow/example_dags/example_bash_decorator.py took 0.126 seconds
[2024-09-17T06:44:06.367-0300] {processor.py:161} INFO - Started process (PID=29331) to work on /home/jezandre/airflow/airflow_env/lib/python3.11/site-packages/airflow/example_dags/example_bash_decorator.py
[2024-09-17T06:44:06.370-0300] {processor.py:830} INFO - Processing file /home/jezandre/airflow/airflow_env/lib/python3.11/site-packages/airflow/example_dags/example_bash_decorator.py for tasks to queue
[2024-09-17T06:44:06.373-0300] {logging_mixin.py:188} INFO - [2024-09-17T06:44:06.372-0300] {dagbag.py:545} INFO - Filling up the DagBag from /home/jezandre/airflow/airflow_env/lib/python3.11/site-packages/airflow/example_dags/example_bash_decorator.py
[2024-09-17T06:44:06.402-0300] {processor.py:840} INFO - DAG(s) 'example_bash_decorator' retrieved from /home/jezandre/airflow/airflow_env/lib/python3.11/site-packages/airflow/example_dags/example_bash_decorator.py
[2024-09-17T06:44:06.465-0300] {logging_mixin.py:188} INFO - [2024-09-17T06:44:06.465-0300] {dag.py:3089} INFO - Sync 1 DAGs
[2024-09-17T06:44:06.495-0300] {logging_mixin.py:188} INFO - [2024-09-17T06:44:06.494-0300] {dag.py:3947} INFO - Setting next_dagrun for example_bash_decorator to None, run_after=None
[2024-09-17T06:44:06.536-0300] {processor.py:183} INFO - Processing /home/jezandre/airflow/airflow_env/lib/python3.11/site-packages/airflow/example_dags/example_bash_decorator.py took 0.182 seconds
[2024-09-17T06:44:36.841-0300] {processor.py:161} INFO - Started process (PID=29532) to work on /home/jezandre/airflow/airflow_env/lib/python3.11/site-packages/airflow/example_dags/example_bash_decorator.py
[2024-09-17T06:44:36.842-0300] {processor.py:830} INFO - Processing file /home/jezandre/airflow/airflow_env/lib/python3.11/site-packages/airflow/example_dags/example_bash_decorator.py for tasks to queue
[2024-09-17T06:44:36.843-0300] {logging_mixin.py:188} INFO - [2024-09-17T06:44:36.843-0300] {dagbag.py:545} INFO - Filling up the DagBag from /home/jezandre/airflow/airflow_env/lib/python3.11/site-packages/airflow/example_dags/example_bash_decorator.py
[2024-09-17T06:44:36.865-0300] {processor.py:840} INFO - DAG(s) 'example_bash_decorator' retrieved from /home/jezandre/airflow/airflow_env/lib/python3.11/site-packages/airflow/example_dags/example_bash_decorator.py
[2024-09-17T06:44:36.903-0300] {logging_mixin.py:188} INFO - [2024-09-17T06:44:36.903-0300] {dag.py:3089} INFO - Sync 1 DAGs
[2024-09-17T06:44:36.918-0300] {logging_mixin.py:188} INFO - [2024-09-17T06:44:36.917-0300] {dag.py:3947} INFO - Setting next_dagrun for example_bash_decorator to None, run_after=None
[2024-09-17T06:44:36.946-0300] {processor.py:183} INFO - Processing /home/jezandre/airflow/airflow_env/lib/python3.11/site-packages/airflow/example_dags/example_bash_decorator.py took 0.116 seconds
[2024-09-17T06:45:07.682-0300] {processor.py:161} INFO - Started process (PID=29855) to work on /home/jezandre/airflow/airflow_env/lib/python3.11/site-packages/airflow/example_dags/example_bash_decorator.py
[2024-09-17T06:45:07.685-0300] {processor.py:830} INFO - Processing file /home/jezandre/airflow/airflow_env/lib/python3.11/site-packages/airflow/example_dags/example_bash_decorator.py for tasks to queue
[2024-09-17T06:45:07.691-0300] {logging_mixin.py:188} INFO - [2024-09-17T06:45:07.689-0300] {dagbag.py:545} INFO - Filling up the DagBag from /home/jezandre/airflow/airflow_env/lib/python3.11/site-packages/airflow/example_dags/example_bash_decorator.py
[2024-09-17T06:45:07.745-0300] {processor.py:840} INFO - DAG(s) 'example_bash_decorator' retrieved from /home/jezandre/airflow/airflow_env/lib/python3.11/site-packages/airflow/example_dags/example_bash_decorator.py
[2024-09-17T06:45:07.794-0300] {logging_mixin.py:188} INFO - [2024-09-17T06:45:07.794-0300] {dag.py:3089} INFO - Sync 1 DAGs
[2024-09-17T06:45:07.817-0300] {logging_mixin.py:188} INFO - [2024-09-17T06:45:07.816-0300] {dag.py:3947} INFO - Setting next_dagrun for example_bash_decorator to None, run_after=None
[2024-09-17T06:45:07.854-0300] {processor.py:183} INFO - Processing /home/jezandre/airflow/airflow_env/lib/python3.11/site-packages/airflow/example_dags/example_bash_decorator.py took 0.183 seconds
[2024-09-17T06:45:38.033-0300] {processor.py:161} INFO - Started process (PID=30154) to work on /home/jezandre/airflow/airflow_env/lib/python3.11/site-packages/airflow/example_dags/example_bash_decorator.py
[2024-09-17T06:45:38.034-0300] {processor.py:830} INFO - Processing file /home/jezandre/airflow/airflow_env/lib/python3.11/site-packages/airflow/example_dags/example_bash_decorator.py for tasks to queue
[2024-09-17T06:45:38.035-0300] {logging_mixin.py:188} INFO - [2024-09-17T06:45:38.035-0300] {dagbag.py:545} INFO - Filling up the DagBag from /home/jezandre/airflow/airflow_env/lib/python3.11/site-packages/airflow/example_dags/example_bash_decorator.py
[2024-09-17T06:45:38.054-0300] {processor.py:840} INFO - DAG(s) 'example_bash_decorator' retrieved from /home/jezandre/airflow/airflow_env/lib/python3.11/site-packages/airflow/example_dags/example_bash_decorator.py
[2024-09-17T06:45:38.084-0300] {logging_mixin.py:188} INFO - [2024-09-17T06:45:38.084-0300] {dag.py:3089} INFO - Sync 1 DAGs
[2024-09-17T06:45:38.099-0300] {logging_mixin.py:188} INFO - [2024-09-17T06:45:38.099-0300] {dag.py:3947} INFO - Setting next_dagrun for example_bash_decorator to None, run_after=None
[2024-09-17T06:45:38.123-0300] {processor.py:183} INFO - Processing /home/jezandre/airflow/airflow_env/lib/python3.11/site-packages/airflow/example_dags/example_bash_decorator.py took 0.101 seconds
[2024-09-17T06:46:09.043-0300] {processor.py:161} INFO - Started process (PID=30485) to work on /home/jezandre/airflow/airflow_env/lib/python3.11/site-packages/airflow/example_dags/example_bash_decorator.py
[2024-09-17T06:46:09.044-0300] {processor.py:830} INFO - Processing file /home/jezandre/airflow/airflow_env/lib/python3.11/site-packages/airflow/example_dags/example_bash_decorator.py for tasks to queue
[2024-09-17T06:46:09.045-0300] {logging_mixin.py:188} INFO - [2024-09-17T06:46:09.045-0300] {dagbag.py:545} INFO - Filling up the DagBag from /home/jezandre/airflow/airflow_env/lib/python3.11/site-packages/airflow/example_dags/example_bash_decorator.py
[2024-09-17T06:46:09.058-0300] {processor.py:840} INFO - DAG(s) 'example_bash_decorator' retrieved from /home/jezandre/airflow/airflow_env/lib/python3.11/site-packages/airflow/example_dags/example_bash_decorator.py
[2024-09-17T06:46:09.086-0300] {logging_mixin.py:188} INFO - [2024-09-17T06:46:09.086-0300] {dag.py:3089} INFO - Sync 1 DAGs
[2024-09-17T06:46:09.101-0300] {logging_mixin.py:188} INFO - [2024-09-17T06:46:09.101-0300] {dag.py:3947} INFO - Setting next_dagrun for example_bash_decorator to None, run_after=None
[2024-09-17T06:46:09.129-0300] {processor.py:183} INFO - Processing /home/jezandre/airflow/airflow_env/lib/python3.11/site-packages/airflow/example_dags/example_bash_decorator.py took 0.097 seconds
[2024-09-17T06:46:40.020-0300] {processor.py:161} INFO - Started process (PID=30798) to work on /home/jezandre/airflow/airflow_env/lib/python3.11/site-packages/airflow/example_dags/example_bash_decorator.py
[2024-09-17T06:46:40.022-0300] {processor.py:830} INFO - Processing file /home/jezandre/airflow/airflow_env/lib/python3.11/site-packages/airflow/example_dags/example_bash_decorator.py for tasks to queue
[2024-09-17T06:46:40.024-0300] {logging_mixin.py:188} INFO - [2024-09-17T06:46:40.023-0300] {dagbag.py:545} INFO - Filling up the DagBag from /home/jezandre/airflow/airflow_env/lib/python3.11/site-packages/airflow/example_dags/example_bash_decorator.py
[2024-09-17T06:46:40.039-0300] {processor.py:840} INFO - DAG(s) 'example_bash_decorator' retrieved from /home/jezandre/airflow/airflow_env/lib/python3.11/site-packages/airflow/example_dags/example_bash_decorator.py
[2024-09-17T06:46:40.070-0300] {logging_mixin.py:188} INFO - [2024-09-17T06:46:40.070-0300] {dag.py:3089} INFO - Sync 1 DAGs
[2024-09-17T06:46:40.088-0300] {logging_mixin.py:188} INFO - [2024-09-17T06:46:40.087-0300] {dag.py:3947} INFO - Setting next_dagrun for example_bash_decorator to None, run_after=None
[2024-09-17T06:46:40.114-0300] {processor.py:183} INFO - Processing /home/jezandre/airflow/airflow_env/lib/python3.11/site-packages/airflow/example_dags/example_bash_decorator.py took 0.104 seconds
[2024-09-17T06:47:10.658-0300] {processor.py:161} INFO - Started process (PID=31090) to work on /home/jezandre/airflow/airflow_env/lib/python3.11/site-packages/airflow/example_dags/example_bash_decorator.py
[2024-09-17T06:47:10.658-0300] {processor.py:830} INFO - Processing file /home/jezandre/airflow/airflow_env/lib/python3.11/site-packages/airflow/example_dags/example_bash_decorator.py for tasks to queue
[2024-09-17T06:47:10.660-0300] {logging_mixin.py:188} INFO - [2024-09-17T06:47:10.660-0300] {dagbag.py:545} INFO - Filling up the DagBag from /home/jezandre/airflow/airflow_env/lib/python3.11/site-packages/airflow/example_dags/example_bash_decorator.py
[2024-09-17T06:47:10.682-0300] {processor.py:840} INFO - DAG(s) 'example_bash_decorator' retrieved from /home/jezandre/airflow/airflow_env/lib/python3.11/site-packages/airflow/example_dags/example_bash_decorator.py
[2024-09-17T06:47:10.821-0300] {logging_mixin.py:188} INFO - [2024-09-17T06:47:10.820-0300] {dag.py:3089} INFO - Sync 1 DAGs
[2024-09-17T06:47:10.833-0300] {logging_mixin.py:188} INFO - [2024-09-17T06:47:10.833-0300] {dag.py:3947} INFO - Setting next_dagrun for example_bash_decorator to None, run_after=None
[2024-09-17T06:47:10.876-0300] {processor.py:183} INFO - Processing /home/jezandre/airflow/airflow_env/lib/python3.11/site-packages/airflow/example_dags/example_bash_decorator.py took 0.230 seconds
[2024-09-17T06:47:41.168-0300] {processor.py:161} INFO - Started process (PID=31319) to work on /home/jezandre/airflow/airflow_env/lib/python3.11/site-packages/airflow/example_dags/example_bash_decorator.py
[2024-09-17T06:47:41.170-0300] {processor.py:830} INFO - Processing file /home/jezandre/airflow/airflow_env/lib/python3.11/site-packages/airflow/example_dags/example_bash_decorator.py for tasks to queue
[2024-09-17T06:47:41.172-0300] {logging_mixin.py:188} INFO - [2024-09-17T06:47:41.171-0300] {dagbag.py:545} INFO - Filling up the DagBag from /home/jezandre/airflow/airflow_env/lib/python3.11/site-packages/airflow/example_dags/example_bash_decorator.py
[2024-09-17T06:47:41.187-0300] {processor.py:840} INFO - DAG(s) 'example_bash_decorator' retrieved from /home/jezandre/airflow/airflow_env/lib/python3.11/site-packages/airflow/example_dags/example_bash_decorator.py
[2024-09-17T06:47:41.228-0300] {logging_mixin.py:188} INFO - [2024-09-17T06:47:41.228-0300] {dag.py:3089} INFO - Sync 1 DAGs
[2024-09-17T06:47:41.247-0300] {logging_mixin.py:188} INFO - [2024-09-17T06:47:41.247-0300] {dag.py:3947} INFO - Setting next_dagrun for example_bash_decorator to None, run_after=None
[2024-09-17T06:47:41.272-0300] {processor.py:183} INFO - Processing /home/jezandre/airflow/airflow_env/lib/python3.11/site-packages/airflow/example_dags/example_bash_decorator.py took 0.115 seconds
[2024-09-17T06:48:11.655-0300] {processor.py:161} INFO - Started process (PID=31567) to work on /home/jezandre/airflow/airflow_env/lib/python3.11/site-packages/airflow/example_dags/example_bash_decorator.py
[2024-09-17T06:48:11.657-0300] {processor.py:830} INFO - Processing file /home/jezandre/airflow/airflow_env/lib/python3.11/site-packages/airflow/example_dags/example_bash_decorator.py for tasks to queue
[2024-09-17T06:48:11.659-0300] {logging_mixin.py:188} INFO - [2024-09-17T06:48:11.658-0300] {dagbag.py:545} INFO - Filling up the DagBag from /home/jezandre/airflow/airflow_env/lib/python3.11/site-packages/airflow/example_dags/example_bash_decorator.py
[2024-09-17T06:48:11.675-0300] {processor.py:840} INFO - DAG(s) 'example_bash_decorator' retrieved from /home/jezandre/airflow/airflow_env/lib/python3.11/site-packages/airflow/example_dags/example_bash_decorator.py
[2024-09-17T06:48:11.718-0300] {logging_mixin.py:188} INFO - [2024-09-17T06:48:11.717-0300] {dag.py:3089} INFO - Sync 1 DAGs
[2024-09-17T06:48:11.734-0300] {logging_mixin.py:188} INFO - [2024-09-17T06:48:11.734-0300] {dag.py:3947} INFO - Setting next_dagrun for example_bash_decorator to None, run_after=None
[2024-09-17T06:48:11.766-0300] {processor.py:183} INFO - Processing /home/jezandre/airflow/airflow_env/lib/python3.11/site-packages/airflow/example_dags/example_bash_decorator.py took 0.121 seconds
[2024-09-17T06:48:42.437-0300] {processor.py:161} INFO - Started process (PID=31840) to work on /home/jezandre/airflow/airflow_env/lib/python3.11/site-packages/airflow/example_dags/example_bash_decorator.py
[2024-09-17T06:48:42.438-0300] {processor.py:830} INFO - Processing file /home/jezandre/airflow/airflow_env/lib/python3.11/site-packages/airflow/example_dags/example_bash_decorator.py for tasks to queue
[2024-09-17T06:48:42.440-0300] {logging_mixin.py:188} INFO - [2024-09-17T06:48:42.440-0300] {dagbag.py:545} INFO - Filling up the DagBag from /home/jezandre/airflow/airflow_env/lib/python3.11/site-packages/airflow/example_dags/example_bash_decorator.py
[2024-09-17T06:48:42.454-0300] {processor.py:840} INFO - DAG(s) 'example_bash_decorator' retrieved from /home/jezandre/airflow/airflow_env/lib/python3.11/site-packages/airflow/example_dags/example_bash_decorator.py
[2024-09-17T06:48:42.490-0300] {logging_mixin.py:188} INFO - [2024-09-17T06:48:42.490-0300] {dag.py:3089} INFO - Sync 1 DAGs
[2024-09-17T06:48:42.512-0300] {logging_mixin.py:188} INFO - [2024-09-17T06:48:42.512-0300] {dag.py:3947} INFO - Setting next_dagrun for example_bash_decorator to None, run_after=None
[2024-09-17T06:48:42.543-0300] {processor.py:183} INFO - Processing /home/jezandre/airflow/airflow_env/lib/python3.11/site-packages/airflow/example_dags/example_bash_decorator.py took 0.116 seconds
[2024-09-17T06:49:13.380-0300] {processor.py:161} INFO - Started process (PID=32049) to work on /home/jezandre/airflow/airflow_env/lib/python3.11/site-packages/airflow/example_dags/example_bash_decorator.py
[2024-09-17T06:49:13.382-0300] {processor.py:830} INFO - Processing file /home/jezandre/airflow/airflow_env/lib/python3.11/site-packages/airflow/example_dags/example_bash_decorator.py for tasks to queue
[2024-09-17T06:49:13.384-0300] {logging_mixin.py:188} INFO - [2024-09-17T06:49:13.384-0300] {dagbag.py:545} INFO - Filling up the DagBag from /home/jezandre/airflow/airflow_env/lib/python3.11/site-packages/airflow/example_dags/example_bash_decorator.py
[2024-09-17T06:49:13.406-0300] {processor.py:840} INFO - DAG(s) 'example_bash_decorator' retrieved from /home/jezandre/airflow/airflow_env/lib/python3.11/site-packages/airflow/example_dags/example_bash_decorator.py
[2024-09-17T06:49:13.441-0300] {logging_mixin.py:188} INFO - [2024-09-17T06:49:13.441-0300] {dag.py:3089} INFO - Sync 1 DAGs
[2024-09-17T06:49:13.459-0300] {logging_mixin.py:188} INFO - [2024-09-17T06:49:13.459-0300] {dag.py:3947} INFO - Setting next_dagrun for example_bash_decorator to None, run_after=None
[2024-09-17T06:49:13.489-0300] {processor.py:183} INFO - Processing /home/jezandre/airflow/airflow_env/lib/python3.11/site-packages/airflow/example_dags/example_bash_decorator.py took 0.121 seconds
[2024-09-17T06:49:44.267-0300] {processor.py:161} INFO - Started process (PID=32355) to work on /home/jezandre/airflow/airflow_env/lib/python3.11/site-packages/airflow/example_dags/example_bash_decorator.py
[2024-09-17T06:49:44.269-0300] {processor.py:830} INFO - Processing file /home/jezandre/airflow/airflow_env/lib/python3.11/site-packages/airflow/example_dags/example_bash_decorator.py for tasks to queue
[2024-09-17T06:49:44.272-0300] {logging_mixin.py:188} INFO - [2024-09-17T06:49:44.271-0300] {dagbag.py:545} INFO - Filling up the DagBag from /home/jezandre/airflow/airflow_env/lib/python3.11/site-packages/airflow/example_dags/example_bash_decorator.py
[2024-09-17T06:49:44.288-0300] {processor.py:840} INFO - DAG(s) 'example_bash_decorator' retrieved from /home/jezandre/airflow/airflow_env/lib/python3.11/site-packages/airflow/example_dags/example_bash_decorator.py
[2024-09-17T06:49:44.319-0300] {logging_mixin.py:188} INFO - [2024-09-17T06:49:44.319-0300] {dag.py:3089} INFO - Sync 1 DAGs
[2024-09-17T06:49:44.333-0300] {logging_mixin.py:188} INFO - [2024-09-17T06:49:44.333-0300] {dag.py:3947} INFO - Setting next_dagrun for example_bash_decorator to None, run_after=None
[2024-09-17T06:49:44.357-0300] {processor.py:183} INFO - Processing /home/jezandre/airflow/airflow_env/lib/python3.11/site-packages/airflow/example_dags/example_bash_decorator.py took 0.102 seconds
[2024-09-17T06:50:14.969-0300] {processor.py:161} INFO - Started process (PID=32608) to work on /home/jezandre/airflow/airflow_env/lib/python3.11/site-packages/airflow/example_dags/example_bash_decorator.py
[2024-09-17T06:50:14.971-0300] {processor.py:830} INFO - Processing file /home/jezandre/airflow/airflow_env/lib/python3.11/site-packages/airflow/example_dags/example_bash_decorator.py for tasks to queue
[2024-09-17T06:50:14.972-0300] {logging_mixin.py:188} INFO - [2024-09-17T06:50:14.972-0300] {dagbag.py:545} INFO - Filling up the DagBag from /home/jezandre/airflow/airflow_env/lib/python3.11/site-packages/airflow/example_dags/example_bash_decorator.py
[2024-09-17T06:50:14.992-0300] {processor.py:840} INFO - DAG(s) 'example_bash_decorator' retrieved from /home/jezandre/airflow/airflow_env/lib/python3.11/site-packages/airflow/example_dags/example_bash_decorator.py
[2024-09-17T06:50:15.076-0300] {logging_mixin.py:188} INFO - [2024-09-17T06:50:15.075-0300] {dag.py:3089} INFO - Sync 1 DAGs
[2024-09-17T06:50:15.123-0300] {logging_mixin.py:188} INFO - [2024-09-17T06:50:15.122-0300] {dag.py:3947} INFO - Setting next_dagrun for example_bash_decorator to None, run_after=None
[2024-09-17T06:50:15.168-0300] {processor.py:183} INFO - Processing /home/jezandre/airflow/airflow_env/lib/python3.11/site-packages/airflow/example_dags/example_bash_decorator.py took 0.211 seconds
[2024-09-17T06:50:45.664-0300] {processor.py:161} INFO - Started process (PID=32893) to work on /home/jezandre/airflow/airflow_env/lib/python3.11/site-packages/airflow/example_dags/example_bash_decorator.py
[2024-09-17T06:50:45.665-0300] {processor.py:830} INFO - Processing file /home/jezandre/airflow/airflow_env/lib/python3.11/site-packages/airflow/example_dags/example_bash_decorator.py for tasks to queue
[2024-09-17T06:50:45.667-0300] {logging_mixin.py:188} INFO - [2024-09-17T06:50:45.667-0300] {dagbag.py:545} INFO - Filling up the DagBag from /home/jezandre/airflow/airflow_env/lib/python3.11/site-packages/airflow/example_dags/example_bash_decorator.py
[2024-09-17T06:50:45.681-0300] {processor.py:840} INFO - DAG(s) 'example_bash_decorator' retrieved from /home/jezandre/airflow/airflow_env/lib/python3.11/site-packages/airflow/example_dags/example_bash_decorator.py
[2024-09-17T06:50:45.722-0300] {logging_mixin.py:188} INFO - [2024-09-17T06:50:45.721-0300] {dag.py:3089} INFO - Sync 1 DAGs
[2024-09-17T06:50:45.744-0300] {logging_mixin.py:188} INFO - [2024-09-17T06:50:45.744-0300] {dag.py:3947} INFO - Setting next_dagrun for example_bash_decorator to None, run_after=None
[2024-09-17T06:50:45.784-0300] {processor.py:183} INFO - Processing /home/jezandre/airflow/airflow_env/lib/python3.11/site-packages/airflow/example_dags/example_bash_decorator.py took 0.132 seconds
[2024-09-17T06:51:15.995-0300] {processor.py:161} INFO - Started process (PID=33132) to work on /home/jezandre/airflow/airflow_env/lib/python3.11/site-packages/airflow/example_dags/example_bash_decorator.py
[2024-09-17T06:51:15.996-0300] {processor.py:830} INFO - Processing file /home/jezandre/airflow/airflow_env/lib/python3.11/site-packages/airflow/example_dags/example_bash_decorator.py for tasks to queue
[2024-09-17T06:51:16.000-0300] {logging_mixin.py:188} INFO - [2024-09-17T06:51:15.998-0300] {dagbag.py:545} INFO - Filling up the DagBag from /home/jezandre/airflow/airflow_env/lib/python3.11/site-packages/airflow/example_dags/example_bash_decorator.py
[2024-09-17T06:51:16.017-0300] {processor.py:840} INFO - DAG(s) 'example_bash_decorator' retrieved from /home/jezandre/airflow/airflow_env/lib/python3.11/site-packages/airflow/example_dags/example_bash_decorator.py
[2024-09-17T06:51:16.060-0300] {logging_mixin.py:188} INFO - [2024-09-17T06:51:16.060-0300] {dag.py:3089} INFO - Sync 1 DAGs
[2024-09-17T06:51:16.075-0300] {logging_mixin.py:188} INFO - [2024-09-17T06:51:16.075-0300] {dag.py:3947} INFO - Setting next_dagrun for example_bash_decorator to None, run_after=None
[2024-09-17T06:51:16.101-0300] {processor.py:183} INFO - Processing /home/jezandre/airflow/airflow_env/lib/python3.11/site-packages/airflow/example_dags/example_bash_decorator.py took 0.117 seconds
[2024-09-17T06:51:46.140-0300] {processor.py:161} INFO - Started process (PID=33652) to work on /home/jezandre/airflow/airflow_env/lib/python3.11/site-packages/airflow/example_dags/example_bash_decorator.py
[2024-09-17T06:51:46.142-0300] {processor.py:830} INFO - Processing file /home/jezandre/airflow/airflow_env/lib/python3.11/site-packages/airflow/example_dags/example_bash_decorator.py for tasks to queue
[2024-09-17T06:51:46.144-0300] {logging_mixin.py:188} INFO - [2024-09-17T06:51:46.143-0300] {dagbag.py:545} INFO - Filling up the DagBag from /home/jezandre/airflow/airflow_env/lib/python3.11/site-packages/airflow/example_dags/example_bash_decorator.py
[2024-09-17T06:51:46.161-0300] {processor.py:840} INFO - DAG(s) 'example_bash_decorator' retrieved from /home/jezandre/airflow/airflow_env/lib/python3.11/site-packages/airflow/example_dags/example_bash_decorator.py
[2024-09-17T06:51:46.194-0300] {logging_mixin.py:188} INFO - [2024-09-17T06:51:46.194-0300] {dag.py:3089} INFO - Sync 1 DAGs
[2024-09-17T06:51:46.211-0300] {logging_mixin.py:188} INFO - [2024-09-17T06:51:46.211-0300] {dag.py:3947} INFO - Setting next_dagrun for example_bash_decorator to None, run_after=None
[2024-09-17T06:51:46.243-0300] {processor.py:183} INFO - Processing /home/jezandre/airflow/airflow_env/lib/python3.11/site-packages/airflow/example_dags/example_bash_decorator.py took 0.114 seconds
[2024-09-17T06:52:16.607-0300] {processor.py:161} INFO - Started process (PID=34074) to work on /home/jezandre/airflow/airflow_env/lib/python3.11/site-packages/airflow/example_dags/example_bash_decorator.py
[2024-09-17T06:52:16.608-0300] {processor.py:830} INFO - Processing file /home/jezandre/airflow/airflow_env/lib/python3.11/site-packages/airflow/example_dags/example_bash_decorator.py for tasks to queue
[2024-09-17T06:52:16.610-0300] {logging_mixin.py:188} INFO - [2024-09-17T06:52:16.610-0300] {dagbag.py:545} INFO - Filling up the DagBag from /home/jezandre/airflow/airflow_env/lib/python3.11/site-packages/airflow/example_dags/example_bash_decorator.py
[2024-09-17T06:52:16.628-0300] {processor.py:840} INFO - DAG(s) 'example_bash_decorator' retrieved from /home/jezandre/airflow/airflow_env/lib/python3.11/site-packages/airflow/example_dags/example_bash_decorator.py
[2024-09-17T06:52:16.761-0300] {logging_mixin.py:188} INFO - [2024-09-17T06:52:16.761-0300] {dag.py:3089} INFO - Sync 1 DAGs
[2024-09-17T06:52:16.774-0300] {logging_mixin.py:188} INFO - [2024-09-17T06:52:16.773-0300] {dag.py:3947} INFO - Setting next_dagrun for example_bash_decorator to None, run_after=None
[2024-09-17T06:52:16.808-0300] {processor.py:183} INFO - Processing /home/jezandre/airflow/airflow_env/lib/python3.11/site-packages/airflow/example_dags/example_bash_decorator.py took 0.213 seconds
[2024-09-17T06:52:47.036-0300] {processor.py:161} INFO - Started process (PID=34565) to work on /home/jezandre/airflow/airflow_env/lib/python3.11/site-packages/airflow/example_dags/example_bash_decorator.py
[2024-09-17T06:52:47.038-0300] {processor.py:830} INFO - Processing file /home/jezandre/airflow/airflow_env/lib/python3.11/site-packages/airflow/example_dags/example_bash_decorator.py for tasks to queue
[2024-09-17T06:52:47.041-0300] {logging_mixin.py:188} INFO - [2024-09-17T06:52:47.041-0300] {dagbag.py:545} INFO - Filling up the DagBag from /home/jezandre/airflow/airflow_env/lib/python3.11/site-packages/airflow/example_dags/example_bash_decorator.py
[2024-09-17T06:52:47.067-0300] {processor.py:840} INFO - DAG(s) 'example_bash_decorator' retrieved from /home/jezandre/airflow/airflow_env/lib/python3.11/site-packages/airflow/example_dags/example_bash_decorator.py
[2024-09-17T06:52:47.119-0300] {logging_mixin.py:188} INFO - [2024-09-17T06:52:47.118-0300] {dag.py:3089} INFO - Sync 1 DAGs
[2024-09-17T06:52:47.142-0300] {logging_mixin.py:188} INFO - [2024-09-17T06:52:47.141-0300] {dag.py:3947} INFO - Setting next_dagrun for example_bash_decorator to None, run_after=None
[2024-09-17T06:52:47.185-0300] {processor.py:183} INFO - Processing /home/jezandre/airflow/airflow_env/lib/python3.11/site-packages/airflow/example_dags/example_bash_decorator.py took 0.165 seconds
[2024-09-17T06:53:17.921-0300] {processor.py:161} INFO - Started process (PID=34811) to work on /home/jezandre/airflow/airflow_env/lib/python3.11/site-packages/airflow/example_dags/example_bash_decorator.py
[2024-09-17T06:53:17.922-0300] {processor.py:830} INFO - Processing file /home/jezandre/airflow/airflow_env/lib/python3.11/site-packages/airflow/example_dags/example_bash_decorator.py for tasks to queue
[2024-09-17T06:53:17.925-0300] {logging_mixin.py:188} INFO - [2024-09-17T06:53:17.925-0300] {dagbag.py:545} INFO - Filling up the DagBag from /home/jezandre/airflow/airflow_env/lib/python3.11/site-packages/airflow/example_dags/example_bash_decorator.py
[2024-09-17T06:53:17.939-0300] {processor.py:840} INFO - DAG(s) 'example_bash_decorator' retrieved from /home/jezandre/airflow/airflow_env/lib/python3.11/site-packages/airflow/example_dags/example_bash_decorator.py
[2024-09-17T06:53:17.972-0300] {logging_mixin.py:188} INFO - [2024-09-17T06:53:17.971-0300] {dag.py:3089} INFO - Sync 1 DAGs
[2024-09-17T06:53:17.985-0300] {logging_mixin.py:188} INFO - [2024-09-17T06:53:17.985-0300] {dag.py:3947} INFO - Setting next_dagrun for example_bash_decorator to None, run_after=None
[2024-09-17T06:53:18.009-0300] {processor.py:183} INFO - Processing /home/jezandre/airflow/airflow_env/lib/python3.11/site-packages/airflow/example_dags/example_bash_decorator.py took 0.098 seconds
[2024-09-17T06:53:48.513-0300] {processor.py:161} INFO - Started process (PID=35128) to work on /home/jezandre/airflow/airflow_env/lib/python3.11/site-packages/airflow/example_dags/example_bash_decorator.py
[2024-09-17T06:53:48.515-0300] {processor.py:830} INFO - Processing file /home/jezandre/airflow/airflow_env/lib/python3.11/site-packages/airflow/example_dags/example_bash_decorator.py for tasks to queue
[2024-09-17T06:53:48.517-0300] {logging_mixin.py:188} INFO - [2024-09-17T06:53:48.516-0300] {dagbag.py:545} INFO - Filling up the DagBag from /home/jezandre/airflow/airflow_env/lib/python3.11/site-packages/airflow/example_dags/example_bash_decorator.py
[2024-09-17T06:53:48.530-0300] {processor.py:840} INFO - DAG(s) 'example_bash_decorator' retrieved from /home/jezandre/airflow/airflow_env/lib/python3.11/site-packages/airflow/example_dags/example_bash_decorator.py
[2024-09-17T06:53:48.565-0300] {logging_mixin.py:188} INFO - [2024-09-17T06:53:48.565-0300] {dag.py:3089} INFO - Sync 1 DAGs
[2024-09-17T06:53:48.580-0300] {logging_mixin.py:188} INFO - [2024-09-17T06:53:48.580-0300] {dag.py:3947} INFO - Setting next_dagrun for example_bash_decorator to None, run_after=None
[2024-09-17T06:53:48.606-0300] {processor.py:183} INFO - Processing /home/jezandre/airflow/airflow_env/lib/python3.11/site-packages/airflow/example_dags/example_bash_decorator.py took 0.106 seconds
[2024-09-17T06:54:19.345-0300] {processor.py:161} INFO - Started process (PID=35363) to work on /home/jezandre/airflow/airflow_env/lib/python3.11/site-packages/airflow/example_dags/example_bash_decorator.py
[2024-09-17T06:54:19.347-0300] {processor.py:830} INFO - Processing file /home/jezandre/airflow/airflow_env/lib/python3.11/site-packages/airflow/example_dags/example_bash_decorator.py for tasks to queue
[2024-09-17T06:54:19.349-0300] {logging_mixin.py:188} INFO - [2024-09-17T06:54:19.349-0300] {dagbag.py:545} INFO - Filling up the DagBag from /home/jezandre/airflow/airflow_env/lib/python3.11/site-packages/airflow/example_dags/example_bash_decorator.py
[2024-09-17T06:54:19.379-0300] {processor.py:840} INFO - DAG(s) 'example_bash_decorator' retrieved from /home/jezandre/airflow/airflow_env/lib/python3.11/site-packages/airflow/example_dags/example_bash_decorator.py
[2024-09-17T06:54:19.417-0300] {logging_mixin.py:188} INFO - [2024-09-17T06:54:19.416-0300] {dag.py:3089} INFO - Sync 1 DAGs
[2024-09-17T06:54:19.439-0300] {logging_mixin.py:188} INFO - [2024-09-17T06:54:19.438-0300] {dag.py:3947} INFO - Setting next_dagrun for example_bash_decorator to None, run_after=None
[2024-09-17T06:54:19.475-0300] {processor.py:183} INFO - Processing /home/jezandre/airflow/airflow_env/lib/python3.11/site-packages/airflow/example_dags/example_bash_decorator.py took 0.146 seconds
[2024-09-17T06:54:50.038-0300] {processor.py:161} INFO - Started process (PID=35600) to work on /home/jezandre/airflow/airflow_env/lib/python3.11/site-packages/airflow/example_dags/example_bash_decorator.py
[2024-09-17T06:54:50.039-0300] {processor.py:830} INFO - Processing file /home/jezandre/airflow/airflow_env/lib/python3.11/site-packages/airflow/example_dags/example_bash_decorator.py for tasks to queue
[2024-09-17T06:54:50.041-0300] {logging_mixin.py:188} INFO - [2024-09-17T06:54:50.041-0300] {dagbag.py:545} INFO - Filling up the DagBag from /home/jezandre/airflow/airflow_env/lib/python3.11/site-packages/airflow/example_dags/example_bash_decorator.py
[2024-09-17T06:54:50.058-0300] {processor.py:840} INFO - DAG(s) 'example_bash_decorator' retrieved from /home/jezandre/airflow/airflow_env/lib/python3.11/site-packages/airflow/example_dags/example_bash_decorator.py
[2024-09-17T06:54:50.091-0300] {logging_mixin.py:188} INFO - [2024-09-17T06:54:50.090-0300] {dag.py:3089} INFO - Sync 1 DAGs
[2024-09-17T06:54:50.108-0300] {logging_mixin.py:188} INFO - [2024-09-17T06:54:50.108-0300] {dag.py:3947} INFO - Setting next_dagrun for example_bash_decorator to None, run_after=None
[2024-09-17T06:54:50.148-0300] {processor.py:183} INFO - Processing /home/jezandre/airflow/airflow_env/lib/python3.11/site-packages/airflow/example_dags/example_bash_decorator.py took 0.121 seconds
