[2024-09-17T06:27:58.370-0300] {processor.py:161} INFO - Started process (PID=20196) to work on /home/jezandre/airflow/airflow_env/lib/python3.11/site-packages/airflow/example_dags/example_bash_operator.py
[2024-09-17T06:27:58.371-0300] {processor.py:830} INFO - Processing file /home/jezandre/airflow/airflow_env/lib/python3.11/site-packages/airflow/example_dags/example_bash_operator.py for tasks to queue
[2024-09-17T06:27:58.372-0300] {logging_mixin.py:188} INFO - [2024-09-17T06:27:58.372-0300] {dagbag.py:545} INFO - Filling up the DagBag from /home/jezandre/airflow/airflow_env/lib/python3.11/site-packages/airflow/example_dags/example_bash_operator.py
[2024-09-17T06:27:58.385-0300] {processor.py:840} INFO - DAG(s) 'example_bash_operator' retrieved from /home/jezandre/airflow/airflow_env/lib/python3.11/site-packages/airflow/example_dags/example_bash_operator.py
[2024-09-17T06:27:58.635-0300] {logging_mixin.py:188} INFO - [2024-09-17T06:27:58.634-0300] {dag.py:3089} INFO - Sync 1 DAGs
[2024-09-17T06:27:58.651-0300] {logging_mixin.py:188} INFO - [2024-09-17T06:27:58.651-0300] {dag.py:3947} INFO - Setting next_dagrun for example_bash_operator to 2024-09-16 00:00:00+00:00, run_after=2024-09-17 00:00:00+00:00
[2024-09-17T06:27:58.679-0300] {processor.py:183} INFO - Processing /home/jezandre/airflow/airflow_env/lib/python3.11/site-packages/airflow/example_dags/example_bash_operator.py took 0.314 seconds
[2024-09-17T06:28:57.537-0300] {processor.py:161} INFO - Started process (PID=20483) to work on /home/jezandre/airflow/airflow_env/lib/python3.11/site-packages/airflow/example_dags/example_bash_operator.py
[2024-09-17T06:28:57.541-0300] {processor.py:830} INFO - Processing file /home/jezandre/airflow/airflow_env/lib/python3.11/site-packages/airflow/example_dags/example_bash_operator.py for tasks to queue
[2024-09-17T06:28:57.544-0300] {logging_mixin.py:188} INFO - [2024-09-17T06:28:57.543-0300] {dagbag.py:545} INFO - Filling up the DagBag from /home/jezandre/airflow/airflow_env/lib/python3.11/site-packages/airflow/example_dags/example_bash_operator.py
[2024-09-17T06:28:57.556-0300] {processor.py:840} INFO - DAG(s) 'example_bash_operator' retrieved from /home/jezandre/airflow/airflow_env/lib/python3.11/site-packages/airflow/example_dags/example_bash_operator.py
[2024-09-17T06:28:57.575-0300] {logging_mixin.py:188} INFO - [2024-09-17T06:28:57.575-0300] {dag.py:3089} INFO - Sync 1 DAGs
[2024-09-17T06:28:57.593-0300] {logging_mixin.py:188} INFO - [2024-09-17T06:28:57.593-0300] {dag.py:3947} INFO - Setting next_dagrun for example_bash_operator to 2024-09-16 00:00:00+00:00, run_after=2024-09-17 00:00:00+00:00
[2024-09-17T06:28:57.624-0300] {processor.py:183} INFO - Processing /home/jezandre/airflow/airflow_env/lib/python3.11/site-packages/airflow/example_dags/example_bash_operator.py took 0.096 seconds
[2024-09-17T06:29:56.288-0300] {processor.py:161} INFO - Started process (PID=21136) to work on /home/jezandre/airflow/airflow_env/lib/python3.11/site-packages/airflow/example_dags/example_bash_operator.py
[2024-09-17T06:29:56.289-0300] {processor.py:830} INFO - Processing file /home/jezandre/airflow/airflow_env/lib/python3.11/site-packages/airflow/example_dags/example_bash_operator.py for tasks to queue
[2024-09-17T06:29:56.291-0300] {logging_mixin.py:188} INFO - [2024-09-17T06:29:56.290-0300] {dagbag.py:545} INFO - Filling up the DagBag from /home/jezandre/airflow/airflow_env/lib/python3.11/site-packages/airflow/example_dags/example_bash_operator.py
[2024-09-17T06:29:56.311-0300] {processor.py:840} INFO - DAG(s) 'example_bash_operator' retrieved from /home/jezandre/airflow/airflow_env/lib/python3.11/site-packages/airflow/example_dags/example_bash_operator.py
[2024-09-17T06:29:56.590-0300] {logging_mixin.py:188} INFO - [2024-09-17T06:29:56.590-0300] {dag.py:3089} INFO - Sync 1 DAGs
[2024-09-17T06:29:56.619-0300] {logging_mixin.py:188} INFO - [2024-09-17T06:29:56.619-0300] {dag.py:3947} INFO - Setting next_dagrun for example_bash_operator to 2024-09-16 00:00:00+00:00, run_after=2024-09-17 00:00:00+00:00
[2024-09-17T06:29:56.652-0300] {processor.py:183} INFO - Processing /home/jezandre/airflow/airflow_env/lib/python3.11/site-packages/airflow/example_dags/example_bash_operator.py took 0.370 seconds
[2024-09-17T06:30:27.181-0300] {processor.py:161} INFO - Started process (PID=21413) to work on /home/jezandre/airflow/airflow_env/lib/python3.11/site-packages/airflow/example_dags/example_bash_operator.py
[2024-09-17T06:30:27.183-0300] {processor.py:830} INFO - Processing file /home/jezandre/airflow/airflow_env/lib/python3.11/site-packages/airflow/example_dags/example_bash_operator.py for tasks to queue
[2024-09-17T06:30:27.185-0300] {logging_mixin.py:188} INFO - [2024-09-17T06:30:27.185-0300] {dagbag.py:545} INFO - Filling up the DagBag from /home/jezandre/airflow/airflow_env/lib/python3.11/site-packages/airflow/example_dags/example_bash_operator.py
[2024-09-17T06:30:27.202-0300] {processor.py:840} INFO - DAG(s) 'example_bash_operator' retrieved from /home/jezandre/airflow/airflow_env/lib/python3.11/site-packages/airflow/example_dags/example_bash_operator.py
[2024-09-17T06:30:27.252-0300] {logging_mixin.py:188} INFO - [2024-09-17T06:30:27.252-0300] {dag.py:3089} INFO - Sync 1 DAGs
[2024-09-17T06:30:27.288-0300] {logging_mixin.py:188} INFO - [2024-09-17T06:30:27.287-0300] {dag.py:3947} INFO - Setting next_dagrun for example_bash_operator to 2024-09-16 00:00:00+00:00, run_after=2024-09-17 00:00:00+00:00
[2024-09-17T06:30:27.314-0300] {processor.py:183} INFO - Processing /home/jezandre/airflow/airflow_env/lib/python3.11/site-packages/airflow/example_dags/example_bash_operator.py took 0.141 seconds
[2024-09-17T06:30:57.366-0300] {processor.py:161} INFO - Started process (PID=21616) to work on /home/jezandre/airflow/airflow_env/lib/python3.11/site-packages/airflow/example_dags/example_bash_operator.py
[2024-09-17T06:30:57.366-0300] {processor.py:830} INFO - Processing file /home/jezandre/airflow/airflow_env/lib/python3.11/site-packages/airflow/example_dags/example_bash_operator.py for tasks to queue
[2024-09-17T06:30:57.368-0300] {logging_mixin.py:188} INFO - [2024-09-17T06:30:57.368-0300] {dagbag.py:545} INFO - Filling up the DagBag from /home/jezandre/airflow/airflow_env/lib/python3.11/site-packages/airflow/example_dags/example_bash_operator.py
[2024-09-17T06:30:57.390-0300] {processor.py:840} INFO - DAG(s) 'example_bash_operator' retrieved from /home/jezandre/airflow/airflow_env/lib/python3.11/site-packages/airflow/example_dags/example_bash_operator.py
[2024-09-17T06:30:57.460-0300] {logging_mixin.py:188} INFO - [2024-09-17T06:30:57.460-0300] {dag.py:3089} INFO - Sync 1 DAGs
[2024-09-17T06:30:57.494-0300] {logging_mixin.py:188} INFO - [2024-09-17T06:30:57.494-0300] {dag.py:3947} INFO - Setting next_dagrun for example_bash_operator to 2024-09-16 00:00:00+00:00, run_after=2024-09-17 00:00:00+00:00
[2024-09-17T06:30:57.523-0300] {processor.py:183} INFO - Processing /home/jezandre/airflow/airflow_env/lib/python3.11/site-packages/airflow/example_dags/example_bash_operator.py took 0.164 seconds
[2024-09-17T06:31:27.841-0300] {processor.py:161} INFO - Started process (PID=21819) to work on /home/jezandre/airflow/airflow_env/lib/python3.11/site-packages/airflow/example_dags/example_bash_operator.py
[2024-09-17T06:31:27.843-0300] {processor.py:830} INFO - Processing file /home/jezandre/airflow/airflow_env/lib/python3.11/site-packages/airflow/example_dags/example_bash_operator.py for tasks to queue
[2024-09-17T06:31:27.846-0300] {logging_mixin.py:188} INFO - [2024-09-17T06:31:27.845-0300] {dagbag.py:545} INFO - Filling up the DagBag from /home/jezandre/airflow/airflow_env/lib/python3.11/site-packages/airflow/example_dags/example_bash_operator.py
[2024-09-17T06:31:27.864-0300] {processor.py:840} INFO - DAG(s) 'example_bash_operator' retrieved from /home/jezandre/airflow/airflow_env/lib/python3.11/site-packages/airflow/example_dags/example_bash_operator.py
[2024-09-17T06:31:27.912-0300] {logging_mixin.py:188} INFO - [2024-09-17T06:31:27.912-0300] {dag.py:3089} INFO - Sync 1 DAGs
[2024-09-17T06:31:27.952-0300] {logging_mixin.py:188} INFO - [2024-09-17T06:31:27.952-0300] {dag.py:3947} INFO - Setting next_dagrun for example_bash_operator to 2024-09-16 00:00:00+00:00, run_after=2024-09-17 00:00:00+00:00
[2024-09-17T06:31:27.984-0300] {processor.py:183} INFO - Processing /home/jezandre/airflow/airflow_env/lib/python3.11/site-packages/airflow/example_dags/example_bash_operator.py took 0.155 seconds
[2024-09-17T06:31:58.205-0300] {processor.py:161} INFO - Started process (PID=22104) to work on /home/jezandre/airflow/airflow_env/lib/python3.11/site-packages/airflow/example_dags/example_bash_operator.py
[2024-09-17T06:31:58.207-0300] {processor.py:830} INFO - Processing file /home/jezandre/airflow/airflow_env/lib/python3.11/site-packages/airflow/example_dags/example_bash_operator.py for tasks to queue
[2024-09-17T06:31:58.209-0300] {logging_mixin.py:188} INFO - [2024-09-17T06:31:58.208-0300] {dagbag.py:545} INFO - Filling up the DagBag from /home/jezandre/airflow/airflow_env/lib/python3.11/site-packages/airflow/example_dags/example_bash_operator.py
[2024-09-17T06:31:58.220-0300] {processor.py:840} INFO - DAG(s) 'example_bash_operator' retrieved from /home/jezandre/airflow/airflow_env/lib/python3.11/site-packages/airflow/example_dags/example_bash_operator.py
[2024-09-17T06:31:58.265-0300] {logging_mixin.py:188} INFO - [2024-09-17T06:31:58.265-0300] {dag.py:3089} INFO - Sync 1 DAGs
[2024-09-17T06:31:58.306-0300] {logging_mixin.py:188} INFO - [2024-09-17T06:31:58.306-0300] {dag.py:3947} INFO - Setting next_dagrun for example_bash_operator to 2024-09-16 00:00:00+00:00, run_after=2024-09-17 00:00:00+00:00
[2024-09-17T06:31:58.334-0300] {processor.py:183} INFO - Processing /home/jezandre/airflow/airflow_env/lib/python3.11/site-packages/airflow/example_dags/example_bash_operator.py took 0.135 seconds
[2024-09-17T06:32:29.086-0300] {processor.py:161} INFO - Started process (PID=22588) to work on /home/jezandre/airflow/airflow_env/lib/python3.11/site-packages/airflow/example_dags/example_bash_operator.py
[2024-09-17T06:32:29.088-0300] {processor.py:830} INFO - Processing file /home/jezandre/airflow/airflow_env/lib/python3.11/site-packages/airflow/example_dags/example_bash_operator.py for tasks to queue
[2024-09-17T06:32:29.089-0300] {logging_mixin.py:188} INFO - [2024-09-17T06:32:29.089-0300] {dagbag.py:545} INFO - Filling up the DagBag from /home/jezandre/airflow/airflow_env/lib/python3.11/site-packages/airflow/example_dags/example_bash_operator.py
[2024-09-17T06:32:29.102-0300] {processor.py:840} INFO - DAG(s) 'example_bash_operator' retrieved from /home/jezandre/airflow/airflow_env/lib/python3.11/site-packages/airflow/example_dags/example_bash_operator.py
[2024-09-17T06:32:29.249-0300] {logging_mixin.py:188} INFO - [2024-09-17T06:32:29.249-0300] {dag.py:3089} INFO - Sync 1 DAGs
[2024-09-17T06:32:29.280-0300] {logging_mixin.py:188} INFO - [2024-09-17T06:32:29.280-0300] {dag.py:3947} INFO - Setting next_dagrun for example_bash_operator to 2024-09-16 00:00:00+00:00, run_after=2024-09-17 00:00:00+00:00
[2024-09-17T06:32:29.315-0300] {processor.py:183} INFO - Processing /home/jezandre/airflow/airflow_env/lib/python3.11/site-packages/airflow/example_dags/example_bash_operator.py took 0.235 seconds
[2024-09-17T06:33:00.098-0300] {processor.py:161} INFO - Started process (PID=22949) to work on /home/jezandre/airflow/airflow_env/lib/python3.11/site-packages/airflow/example_dags/example_bash_operator.py
[2024-09-17T06:33:00.100-0300] {processor.py:830} INFO - Processing file /home/jezandre/airflow/airflow_env/lib/python3.11/site-packages/airflow/example_dags/example_bash_operator.py for tasks to queue
[2024-09-17T06:33:00.102-0300] {logging_mixin.py:188} INFO - [2024-09-17T06:33:00.101-0300] {dagbag.py:545} INFO - Filling up the DagBag from /home/jezandre/airflow/airflow_env/lib/python3.11/site-packages/airflow/example_dags/example_bash_operator.py
[2024-09-17T06:33:00.112-0300] {processor.py:840} INFO - DAG(s) 'example_bash_operator' retrieved from /home/jezandre/airflow/airflow_env/lib/python3.11/site-packages/airflow/example_dags/example_bash_operator.py
[2024-09-17T06:33:00.152-0300] {logging_mixin.py:188} INFO - [2024-09-17T06:33:00.152-0300] {dag.py:3089} INFO - Sync 1 DAGs
[2024-09-17T06:33:00.186-0300] {logging_mixin.py:188} INFO - [2024-09-17T06:33:00.185-0300] {dag.py:3947} INFO - Setting next_dagrun for example_bash_operator to 2024-09-16 00:00:00+00:00, run_after=2024-09-17 00:00:00+00:00
[2024-09-17T06:33:00.220-0300] {processor.py:183} INFO - Processing /home/jezandre/airflow/airflow_env/lib/python3.11/site-packages/airflow/example_dags/example_bash_operator.py took 0.128 seconds
[2024-09-17T06:33:30.460-0300] {processor.py:161} INFO - Started process (PID=23178) to work on /home/jezandre/airflow/airflow_env/lib/python3.11/site-packages/airflow/example_dags/example_bash_operator.py
[2024-09-17T06:33:30.462-0300] {processor.py:830} INFO - Processing file /home/jezandre/airflow/airflow_env/lib/python3.11/site-packages/airflow/example_dags/example_bash_operator.py for tasks to queue
[2024-09-17T06:33:30.464-0300] {logging_mixin.py:188} INFO - [2024-09-17T06:33:30.464-0300] {dagbag.py:545} INFO - Filling up the DagBag from /home/jezandre/airflow/airflow_env/lib/python3.11/site-packages/airflow/example_dags/example_bash_operator.py
[2024-09-17T06:33:30.477-0300] {processor.py:840} INFO - DAG(s) 'example_bash_operator' retrieved from /home/jezandre/airflow/airflow_env/lib/python3.11/site-packages/airflow/example_dags/example_bash_operator.py
[2024-09-17T06:33:30.517-0300] {logging_mixin.py:188} INFO - [2024-09-17T06:33:30.516-0300] {dag.py:3089} INFO - Sync 1 DAGs
[2024-09-17T06:33:30.551-0300] {logging_mixin.py:188} INFO - [2024-09-17T06:33:30.550-0300] {dag.py:3947} INFO - Setting next_dagrun for example_bash_operator to 2024-09-16 00:00:00+00:00, run_after=2024-09-17 00:00:00+00:00
[2024-09-17T06:33:30.580-0300] {processor.py:183} INFO - Processing /home/jezandre/airflow/airflow_env/lib/python3.11/site-packages/airflow/example_dags/example_bash_operator.py took 0.127 seconds
[2024-09-17T06:34:01.121-0300] {processor.py:161} INFO - Started process (PID=23480) to work on /home/jezandre/airflow/airflow_env/lib/python3.11/site-packages/airflow/example_dags/example_bash_operator.py
[2024-09-17T06:34:01.123-0300] {processor.py:830} INFO - Processing file /home/jezandre/airflow/airflow_env/lib/python3.11/site-packages/airflow/example_dags/example_bash_operator.py for tasks to queue
[2024-09-17T06:34:01.125-0300] {logging_mixin.py:188} INFO - [2024-09-17T06:34:01.125-0300] {dagbag.py:545} INFO - Filling up the DagBag from /home/jezandre/airflow/airflow_env/lib/python3.11/site-packages/airflow/example_dags/example_bash_operator.py
[2024-09-17T06:34:01.135-0300] {processor.py:840} INFO - DAG(s) 'example_bash_operator' retrieved from /home/jezandre/airflow/airflow_env/lib/python3.11/site-packages/airflow/example_dags/example_bash_operator.py
[2024-09-17T06:34:01.178-0300] {logging_mixin.py:188} INFO - [2024-09-17T06:34:01.178-0300] {dag.py:3089} INFO - Sync 1 DAGs
[2024-09-17T06:34:01.208-0300] {logging_mixin.py:188} INFO - [2024-09-17T06:34:01.208-0300] {dag.py:3947} INFO - Setting next_dagrun for example_bash_operator to 2024-09-16 00:00:00+00:00, run_after=2024-09-17 00:00:00+00:00
[2024-09-17T06:34:01.235-0300] {processor.py:183} INFO - Processing /home/jezandre/airflow/airflow_env/lib/python3.11/site-packages/airflow/example_dags/example_bash_operator.py took 0.120 seconds
[2024-09-17T06:34:31.569-0300] {processor.py:161} INFO - Started process (PID=23702) to work on /home/jezandre/airflow/airflow_env/lib/python3.11/site-packages/airflow/example_dags/example_bash_operator.py
[2024-09-17T06:34:31.570-0300] {processor.py:830} INFO - Processing file /home/jezandre/airflow/airflow_env/lib/python3.11/site-packages/airflow/example_dags/example_bash_operator.py for tasks to queue
[2024-09-17T06:34:31.572-0300] {logging_mixin.py:188} INFO - [2024-09-17T06:34:31.571-0300] {dagbag.py:545} INFO - Filling up the DagBag from /home/jezandre/airflow/airflow_env/lib/python3.11/site-packages/airflow/example_dags/example_bash_operator.py
[2024-09-17T06:34:31.585-0300] {processor.py:840} INFO - DAG(s) 'example_bash_operator' retrieved from /home/jezandre/airflow/airflow_env/lib/python3.11/site-packages/airflow/example_dags/example_bash_operator.py
[2024-09-17T06:34:31.624-0300] {logging_mixin.py:188} INFO - [2024-09-17T06:34:31.624-0300] {dag.py:3089} INFO - Sync 1 DAGs
[2024-09-17T06:34:31.656-0300] {logging_mixin.py:188} INFO - [2024-09-17T06:34:31.656-0300] {dag.py:3947} INFO - Setting next_dagrun for example_bash_operator to 2024-09-16 00:00:00+00:00, run_after=2024-09-17 00:00:00+00:00
[2024-09-17T06:34:31.684-0300] {processor.py:183} INFO - Processing /home/jezandre/airflow/airflow_env/lib/python3.11/site-packages/airflow/example_dags/example_bash_operator.py took 0.121 seconds
[2024-09-17T06:35:02.241-0300] {processor.py:161} INFO - Started process (PID=24076) to work on /home/jezandre/airflow/airflow_env/lib/python3.11/site-packages/airflow/example_dags/example_bash_operator.py
[2024-09-17T06:35:02.242-0300] {processor.py:830} INFO - Processing file /home/jezandre/airflow/airflow_env/lib/python3.11/site-packages/airflow/example_dags/example_bash_operator.py for tasks to queue
[2024-09-17T06:35:02.244-0300] {logging_mixin.py:188} INFO - [2024-09-17T06:35:02.244-0300] {dagbag.py:545} INFO - Filling up the DagBag from /home/jezandre/airflow/airflow_env/lib/python3.11/site-packages/airflow/example_dags/example_bash_operator.py
[2024-09-17T06:35:02.258-0300] {processor.py:840} INFO - DAG(s) 'example_bash_operator' retrieved from /home/jezandre/airflow/airflow_env/lib/python3.11/site-packages/airflow/example_dags/example_bash_operator.py
[2024-09-17T06:35:02.299-0300] {logging_mixin.py:188} INFO - [2024-09-17T06:35:02.299-0300] {dag.py:3089} INFO - Sync 1 DAGs
[2024-09-17T06:35:02.334-0300] {logging_mixin.py:188} INFO - [2024-09-17T06:35:02.334-0300] {dag.py:3947} INFO - Setting next_dagrun for example_bash_operator to 2024-09-16 00:00:00+00:00, run_after=2024-09-17 00:00:00+00:00
[2024-09-17T06:35:02.360-0300] {processor.py:183} INFO - Processing /home/jezandre/airflow/airflow_env/lib/python3.11/site-packages/airflow/example_dags/example_bash_operator.py took 0.125 seconds
[2024-09-17T06:35:32.555-0300] {processor.py:161} INFO - Started process (PID=24287) to work on /home/jezandre/airflow/airflow_env/lib/python3.11/site-packages/airflow/example_dags/example_bash_operator.py
[2024-09-17T06:35:32.557-0300] {processor.py:830} INFO - Processing file /home/jezandre/airflow/airflow_env/lib/python3.11/site-packages/airflow/example_dags/example_bash_operator.py for tasks to queue
[2024-09-17T06:35:32.560-0300] {logging_mixin.py:188} INFO - [2024-09-17T06:35:32.559-0300] {dagbag.py:545} INFO - Filling up the DagBag from /home/jezandre/airflow/airflow_env/lib/python3.11/site-packages/airflow/example_dags/example_bash_operator.py
[2024-09-17T06:35:32.576-0300] {processor.py:840} INFO - DAG(s) 'example_bash_operator' retrieved from /home/jezandre/airflow/airflow_env/lib/python3.11/site-packages/airflow/example_dags/example_bash_operator.py
[2024-09-17T06:35:32.613-0300] {logging_mixin.py:188} INFO - [2024-09-17T06:35:32.613-0300] {dag.py:3089} INFO - Sync 1 DAGs
[2024-09-17T06:35:32.642-0300] {logging_mixin.py:188} INFO - [2024-09-17T06:35:32.642-0300] {dag.py:3947} INFO - Setting next_dagrun for example_bash_operator to 2024-09-16 00:00:00+00:00, run_after=2024-09-17 00:00:00+00:00
[2024-09-17T06:35:32.668-0300] {processor.py:183} INFO - Processing /home/jezandre/airflow/airflow_env/lib/python3.11/site-packages/airflow/example_dags/example_bash_operator.py took 0.120 seconds
[2024-09-17T06:36:02.969-0300] {processor.py:161} INFO - Started process (PID=24613) to work on /home/jezandre/airflow/airflow_env/lib/python3.11/site-packages/airflow/example_dags/example_bash_operator.py
[2024-09-17T06:36:02.970-0300] {processor.py:830} INFO - Processing file /home/jezandre/airflow/airflow_env/lib/python3.11/site-packages/airflow/example_dags/example_bash_operator.py for tasks to queue
[2024-09-17T06:36:02.972-0300] {logging_mixin.py:188} INFO - [2024-09-17T06:36:02.972-0300] {dagbag.py:545} INFO - Filling up the DagBag from /home/jezandre/airflow/airflow_env/lib/python3.11/site-packages/airflow/example_dags/example_bash_operator.py
[2024-09-17T06:36:02.982-0300] {processor.py:840} INFO - DAG(s) 'example_bash_operator' retrieved from /home/jezandre/airflow/airflow_env/lib/python3.11/site-packages/airflow/example_dags/example_bash_operator.py
[2024-09-17T06:36:03.016-0300] {logging_mixin.py:188} INFO - [2024-09-17T06:36:03.016-0300] {dag.py:3089} INFO - Sync 1 DAGs
[2024-09-17T06:36:03.047-0300] {logging_mixin.py:188} INFO - [2024-09-17T06:36:03.046-0300] {dag.py:3947} INFO - Setting next_dagrun for example_bash_operator to 2024-09-16 00:00:00+00:00, run_after=2024-09-17 00:00:00+00:00
[2024-09-17T06:36:03.075-0300] {processor.py:183} INFO - Processing /home/jezandre/airflow/airflow_env/lib/python3.11/site-packages/airflow/example_dags/example_bash_operator.py took 0.111 seconds
[2024-09-17T06:36:33.387-0300] {processor.py:161} INFO - Started process (PID=24834) to work on /home/jezandre/airflow/airflow_env/lib/python3.11/site-packages/airflow/example_dags/example_bash_operator.py
[2024-09-17T06:36:33.388-0300] {processor.py:830} INFO - Processing file /home/jezandre/airflow/airflow_env/lib/python3.11/site-packages/airflow/example_dags/example_bash_operator.py for tasks to queue
[2024-09-17T06:36:33.389-0300] {logging_mixin.py:188} INFO - [2024-09-17T06:36:33.389-0300] {dagbag.py:545} INFO - Filling up the DagBag from /home/jezandre/airflow/airflow_env/lib/python3.11/site-packages/airflow/example_dags/example_bash_operator.py
[2024-09-17T06:36:33.405-0300] {processor.py:840} INFO - DAG(s) 'example_bash_operator' retrieved from /home/jezandre/airflow/airflow_env/lib/python3.11/site-packages/airflow/example_dags/example_bash_operator.py
[2024-09-17T06:36:33.441-0300] {logging_mixin.py:188} INFO - [2024-09-17T06:36:33.440-0300] {dag.py:3089} INFO - Sync 1 DAGs
[2024-09-17T06:36:33.473-0300] {logging_mixin.py:188} INFO - [2024-09-17T06:36:33.473-0300] {dag.py:3947} INFO - Setting next_dagrun for example_bash_operator to 2024-09-16 00:00:00+00:00, run_after=2024-09-17 00:00:00+00:00
[2024-09-17T06:36:33.502-0300] {processor.py:183} INFO - Processing /home/jezandre/airflow/airflow_env/lib/python3.11/site-packages/airflow/example_dags/example_bash_operator.py took 0.121 seconds
[2024-09-17T06:37:03.824-0300] {processor.py:161} INFO - Started process (PID=25064) to work on /home/jezandre/airflow/airflow_env/lib/python3.11/site-packages/airflow/example_dags/example_bash_operator.py
[2024-09-17T06:37:03.826-0300] {processor.py:830} INFO - Processing file /home/jezandre/airflow/airflow_env/lib/python3.11/site-packages/airflow/example_dags/example_bash_operator.py for tasks to queue
[2024-09-17T06:37:03.829-0300] {logging_mixin.py:188} INFO - [2024-09-17T06:37:03.828-0300] {dagbag.py:545} INFO - Filling up the DagBag from /home/jezandre/airflow/airflow_env/lib/python3.11/site-packages/airflow/example_dags/example_bash_operator.py
[2024-09-17T06:37:03.843-0300] {processor.py:840} INFO - DAG(s) 'example_bash_operator' retrieved from /home/jezandre/airflow/airflow_env/lib/python3.11/site-packages/airflow/example_dags/example_bash_operator.py
[2024-09-17T06:37:03.891-0300] {logging_mixin.py:188} INFO - [2024-09-17T06:37:03.891-0300] {dag.py:3089} INFO - Sync 1 DAGs
[2024-09-17T06:37:03.923-0300] {logging_mixin.py:188} INFO - [2024-09-17T06:37:03.923-0300] {dag.py:3947} INFO - Setting next_dagrun for example_bash_operator to 2024-09-16 00:00:00+00:00, run_after=2024-09-17 00:00:00+00:00
[2024-09-17T06:37:03.947-0300] {processor.py:183} INFO - Processing /home/jezandre/airflow/airflow_env/lib/python3.11/site-packages/airflow/example_dags/example_bash_operator.py took 0.132 seconds
[2024-09-17T06:37:34.438-0300] {processor.py:161} INFO - Started process (PID=25265) to work on /home/jezandre/airflow/airflow_env/lib/python3.11/site-packages/airflow/example_dags/example_bash_operator.py
[2024-09-17T06:37:34.440-0300] {processor.py:830} INFO - Processing file /home/jezandre/airflow/airflow_env/lib/python3.11/site-packages/airflow/example_dags/example_bash_operator.py for tasks to queue
[2024-09-17T06:37:34.442-0300] {logging_mixin.py:188} INFO - [2024-09-17T06:37:34.441-0300] {dagbag.py:545} INFO - Filling up the DagBag from /home/jezandre/airflow/airflow_env/lib/python3.11/site-packages/airflow/example_dags/example_bash_operator.py
[2024-09-17T06:37:34.453-0300] {processor.py:840} INFO - DAG(s) 'example_bash_operator' retrieved from /home/jezandre/airflow/airflow_env/lib/python3.11/site-packages/airflow/example_dags/example_bash_operator.py
[2024-09-17T06:37:34.579-0300] {logging_mixin.py:188} INFO - [2024-09-17T06:37:34.578-0300] {dag.py:3089} INFO - Sync 1 DAGs
[2024-09-17T06:37:34.606-0300] {logging_mixin.py:188} INFO - [2024-09-17T06:37:34.606-0300] {dag.py:3947} INFO - Setting next_dagrun for example_bash_operator to 2024-09-16 00:00:00+00:00, run_after=2024-09-17 00:00:00+00:00
[2024-09-17T06:37:34.637-0300] {processor.py:183} INFO - Processing /home/jezandre/airflow/airflow_env/lib/python3.11/site-packages/airflow/example_dags/example_bash_operator.py took 0.205 seconds
[2024-09-17T06:38:05.411-0300] {processor.py:161} INFO - Started process (PID=25515) to work on /home/jezandre/airflow/airflow_env/lib/python3.11/site-packages/airflow/example_dags/example_bash_operator.py
[2024-09-17T06:38:05.412-0300] {processor.py:830} INFO - Processing file /home/jezandre/airflow/airflow_env/lib/python3.11/site-packages/airflow/example_dags/example_bash_operator.py for tasks to queue
[2024-09-17T06:38:05.414-0300] {logging_mixin.py:188} INFO - [2024-09-17T06:38:05.414-0300] {dagbag.py:545} INFO - Filling up the DagBag from /home/jezandre/airflow/airflow_env/lib/python3.11/site-packages/airflow/example_dags/example_bash_operator.py
[2024-09-17T06:38:05.433-0300] {processor.py:840} INFO - DAG(s) 'example_bash_operator' retrieved from /home/jezandre/airflow/airflow_env/lib/python3.11/site-packages/airflow/example_dags/example_bash_operator.py
[2024-09-17T06:38:05.476-0300] {logging_mixin.py:188} INFO - [2024-09-17T06:38:05.476-0300] {dag.py:3089} INFO - Sync 1 DAGs
[2024-09-17T06:38:05.504-0300] {logging_mixin.py:188} INFO - [2024-09-17T06:38:05.503-0300] {dag.py:3947} INFO - Setting next_dagrun for example_bash_operator to 2024-09-16 00:00:00+00:00, run_after=2024-09-17 00:00:00+00:00
[2024-09-17T06:38:05.532-0300] {processor.py:183} INFO - Processing /home/jezandre/airflow/airflow_env/lib/python3.11/site-packages/airflow/example_dags/example_bash_operator.py took 0.127 seconds
[2024-09-17T06:38:35.763-0300] {processor.py:161} INFO - Started process (PID=25842) to work on /home/jezandre/airflow/airflow_env/lib/python3.11/site-packages/airflow/example_dags/example_bash_operator.py
[2024-09-17T06:38:35.764-0300] {processor.py:830} INFO - Processing file /home/jezandre/airflow/airflow_env/lib/python3.11/site-packages/airflow/example_dags/example_bash_operator.py for tasks to queue
[2024-09-17T06:38:35.766-0300] {logging_mixin.py:188} INFO - [2024-09-17T06:38:35.766-0300] {dagbag.py:545} INFO - Filling up the DagBag from /home/jezandre/airflow/airflow_env/lib/python3.11/site-packages/airflow/example_dags/example_bash_operator.py
[2024-09-17T06:38:35.776-0300] {processor.py:840} INFO - DAG(s) 'example_bash_operator' retrieved from /home/jezandre/airflow/airflow_env/lib/python3.11/site-packages/airflow/example_dags/example_bash_operator.py
[2024-09-17T06:38:35.816-0300] {logging_mixin.py:188} INFO - [2024-09-17T06:38:35.815-0300] {dag.py:3089} INFO - Sync 1 DAGs
[2024-09-17T06:38:35.848-0300] {logging_mixin.py:188} INFO - [2024-09-17T06:38:35.848-0300] {dag.py:3947} INFO - Setting next_dagrun for example_bash_operator to 2024-09-16 00:00:00+00:00, run_after=2024-09-17 00:00:00+00:00
[2024-09-17T06:38:35.874-0300] {processor.py:183} INFO - Processing /home/jezandre/airflow/airflow_env/lib/python3.11/site-packages/airflow/example_dags/example_bash_operator.py took 0.120 seconds
[2024-09-17T06:39:06.537-0300] {processor.py:161} INFO - Started process (PID=26157) to work on /home/jezandre/airflow/airflow_env/lib/python3.11/site-packages/airflow/example_dags/example_bash_operator.py
[2024-09-17T06:39:06.538-0300] {processor.py:830} INFO - Processing file /home/jezandre/airflow/airflow_env/lib/python3.11/site-packages/airflow/example_dags/example_bash_operator.py for tasks to queue
[2024-09-17T06:39:06.540-0300] {logging_mixin.py:188} INFO - [2024-09-17T06:39:06.540-0300] {dagbag.py:545} INFO - Filling up the DagBag from /home/jezandre/airflow/airflow_env/lib/python3.11/site-packages/airflow/example_dags/example_bash_operator.py
[2024-09-17T06:39:06.553-0300] {processor.py:840} INFO - DAG(s) 'example_bash_operator' retrieved from /home/jezandre/airflow/airflow_env/lib/python3.11/site-packages/airflow/example_dags/example_bash_operator.py
[2024-09-17T06:39:06.595-0300] {logging_mixin.py:188} INFO - [2024-09-17T06:39:06.594-0300] {dag.py:3089} INFO - Sync 1 DAGs
[2024-09-17T06:39:06.626-0300] {logging_mixin.py:188} INFO - [2024-09-17T06:39:06.626-0300] {dag.py:3947} INFO - Setting next_dagrun for example_bash_operator to 2024-09-16 00:00:00+00:00, run_after=2024-09-17 00:00:00+00:00
[2024-09-17T06:39:06.655-0300] {processor.py:183} INFO - Processing /home/jezandre/airflow/airflow_env/lib/python3.11/site-packages/airflow/example_dags/example_bash_operator.py took 0.126 seconds
[2024-09-17T06:39:37.084-0300] {processor.py:161} INFO - Started process (PID=26386) to work on /home/jezandre/airflow/airflow_env/lib/python3.11/site-packages/airflow/example_dags/example_bash_operator.py
[2024-09-17T06:39:37.086-0300] {processor.py:830} INFO - Processing file /home/jezandre/airflow/airflow_env/lib/python3.11/site-packages/airflow/example_dags/example_bash_operator.py for tasks to queue
[2024-09-17T06:39:37.088-0300] {logging_mixin.py:188} INFO - [2024-09-17T06:39:37.087-0300] {dagbag.py:545} INFO - Filling up the DagBag from /home/jezandre/airflow/airflow_env/lib/python3.11/site-packages/airflow/example_dags/example_bash_operator.py
[2024-09-17T06:39:37.100-0300] {processor.py:840} INFO - DAG(s) 'example_bash_operator' retrieved from /home/jezandre/airflow/airflow_env/lib/python3.11/site-packages/airflow/example_dags/example_bash_operator.py
[2024-09-17T06:39:37.138-0300] {logging_mixin.py:188} INFO - [2024-09-17T06:39:37.138-0300] {dag.py:3089} INFO - Sync 1 DAGs
[2024-09-17T06:39:37.170-0300] {logging_mixin.py:188} INFO - [2024-09-17T06:39:37.169-0300] {dag.py:3947} INFO - Setting next_dagrun for example_bash_operator to 2024-09-16 00:00:00+00:00, run_after=2024-09-17 00:00:00+00:00
[2024-09-17T06:39:37.202-0300] {processor.py:183} INFO - Processing /home/jezandre/airflow/airflow_env/lib/python3.11/site-packages/airflow/example_dags/example_bash_operator.py took 0.126 seconds
[2024-09-17T06:40:07.770-0300] {processor.py:161} INFO - Started process (PID=26680) to work on /home/jezandre/airflow/airflow_env/lib/python3.11/site-packages/airflow/example_dags/example_bash_operator.py
[2024-09-17T06:40:07.771-0300] {processor.py:830} INFO - Processing file /home/jezandre/airflow/airflow_env/lib/python3.11/site-packages/airflow/example_dags/example_bash_operator.py for tasks to queue
[2024-09-17T06:40:07.772-0300] {logging_mixin.py:188} INFO - [2024-09-17T06:40:07.772-0300] {dagbag.py:545} INFO - Filling up the DagBag from /home/jezandre/airflow/airflow_env/lib/python3.11/site-packages/airflow/example_dags/example_bash_operator.py
[2024-09-17T06:40:07.782-0300] {processor.py:840} INFO - DAG(s) 'example_bash_operator' retrieved from /home/jezandre/airflow/airflow_env/lib/python3.11/site-packages/airflow/example_dags/example_bash_operator.py
[2024-09-17T06:40:07.817-0300] {logging_mixin.py:188} INFO - [2024-09-17T06:40:07.817-0300] {dag.py:3089} INFO - Sync 1 DAGs
[2024-09-17T06:40:07.847-0300] {logging_mixin.py:188} INFO - [2024-09-17T06:40:07.847-0300] {dag.py:3947} INFO - Setting next_dagrun for example_bash_operator to 2024-09-16 00:00:00+00:00, run_after=2024-09-17 00:00:00+00:00
[2024-09-17T06:40:07.871-0300] {processor.py:183} INFO - Processing /home/jezandre/airflow/airflow_env/lib/python3.11/site-packages/airflow/example_dags/example_bash_operator.py took 0.110 seconds
[2024-09-17T06:40:38.256-0300] {processor.py:161} INFO - Started process (PID=27030) to work on /home/jezandre/airflow/airflow_env/lib/python3.11/site-packages/airflow/example_dags/example_bash_operator.py
[2024-09-17T06:40:38.257-0300] {processor.py:830} INFO - Processing file /home/jezandre/airflow/airflow_env/lib/python3.11/site-packages/airflow/example_dags/example_bash_operator.py for tasks to queue
[2024-09-17T06:40:38.259-0300] {logging_mixin.py:188} INFO - [2024-09-17T06:40:38.259-0300] {dagbag.py:545} INFO - Filling up the DagBag from /home/jezandre/airflow/airflow_env/lib/python3.11/site-packages/airflow/example_dags/example_bash_operator.py
[2024-09-17T06:40:38.271-0300] {processor.py:840} INFO - DAG(s) 'example_bash_operator' retrieved from /home/jezandre/airflow/airflow_env/lib/python3.11/site-packages/airflow/example_dags/example_bash_operator.py
[2024-09-17T06:40:38.312-0300] {logging_mixin.py:188} INFO - [2024-09-17T06:40:38.312-0300] {dag.py:3089} INFO - Sync 1 DAGs
[2024-09-17T06:40:38.342-0300] {logging_mixin.py:188} INFO - [2024-09-17T06:40:38.342-0300] {dag.py:3947} INFO - Setting next_dagrun for example_bash_operator to 2024-09-16 00:00:00+00:00, run_after=2024-09-17 00:00:00+00:00
[2024-09-17T06:40:38.368-0300] {processor.py:183} INFO - Processing /home/jezandre/airflow/airflow_env/lib/python3.11/site-packages/airflow/example_dags/example_bash_operator.py took 0.119 seconds
[2024-09-17T06:41:08.713-0300] {processor.py:161} INFO - Started process (PID=27355) to work on /home/jezandre/airflow/airflow_env/lib/python3.11/site-packages/airflow/example_dags/example_bash_operator.py
[2024-09-17T06:41:08.715-0300] {processor.py:830} INFO - Processing file /home/jezandre/airflow/airflow_env/lib/python3.11/site-packages/airflow/example_dags/example_bash_operator.py for tasks to queue
[2024-09-17T06:41:08.718-0300] {logging_mixin.py:188} INFO - [2024-09-17T06:41:08.717-0300] {dagbag.py:545} INFO - Filling up the DagBag from /home/jezandre/airflow/airflow_env/lib/python3.11/site-packages/airflow/example_dags/example_bash_operator.py
[2024-09-17T06:41:08.737-0300] {processor.py:840} INFO - DAG(s) 'example_bash_operator' retrieved from /home/jezandre/airflow/airflow_env/lib/python3.11/site-packages/airflow/example_dags/example_bash_operator.py
[2024-09-17T06:41:08.791-0300] {logging_mixin.py:188} INFO - [2024-09-17T06:41:08.791-0300] {dag.py:3089} INFO - Sync 1 DAGs
[2024-09-17T06:41:08.829-0300] {logging_mixin.py:188} INFO - [2024-09-17T06:41:08.829-0300] {dag.py:3947} INFO - Setting next_dagrun for example_bash_operator to 2024-09-16 00:00:00+00:00, run_after=2024-09-17 00:00:00+00:00
[2024-09-17T06:41:08.860-0300] {processor.py:183} INFO - Processing /home/jezandre/airflow/airflow_env/lib/python3.11/site-packages/airflow/example_dags/example_bash_operator.py took 0.165 seconds
[2024-09-17T06:41:39.319-0300] {processor.py:161} INFO - Started process (PID=27722) to work on /home/jezandre/airflow/airflow_env/lib/python3.11/site-packages/airflow/example_dags/example_bash_operator.py
[2024-09-17T06:41:39.320-0300] {processor.py:830} INFO - Processing file /home/jezandre/airflow/airflow_env/lib/python3.11/site-packages/airflow/example_dags/example_bash_operator.py for tasks to queue
[2024-09-17T06:41:39.322-0300] {logging_mixin.py:188} INFO - [2024-09-17T06:41:39.322-0300] {dagbag.py:545} INFO - Filling up the DagBag from /home/jezandre/airflow/airflow_env/lib/python3.11/site-packages/airflow/example_dags/example_bash_operator.py
[2024-09-17T06:41:39.335-0300] {processor.py:840} INFO - DAG(s) 'example_bash_operator' retrieved from /home/jezandre/airflow/airflow_env/lib/python3.11/site-packages/airflow/example_dags/example_bash_operator.py
[2024-09-17T06:41:39.371-0300] {logging_mixin.py:188} INFO - [2024-09-17T06:41:39.371-0300] {dag.py:3089} INFO - Sync 1 DAGs
[2024-09-17T06:41:39.401-0300] {logging_mixin.py:188} INFO - [2024-09-17T06:41:39.401-0300] {dag.py:3947} INFO - Setting next_dagrun for example_bash_operator to 2024-09-16 00:00:00+00:00, run_after=2024-09-17 00:00:00+00:00
[2024-09-17T06:41:39.428-0300] {processor.py:183} INFO - Processing /home/jezandre/airflow/airflow_env/lib/python3.11/site-packages/airflow/example_dags/example_bash_operator.py took 0.117 seconds
[2024-09-17T06:42:10.007-0300] {processor.py:161} INFO - Started process (PID=27933) to work on /home/jezandre/airflow/airflow_env/lib/python3.11/site-packages/airflow/example_dags/example_bash_operator.py
[2024-09-17T06:42:10.008-0300] {processor.py:830} INFO - Processing file /home/jezandre/airflow/airflow_env/lib/python3.11/site-packages/airflow/example_dags/example_bash_operator.py for tasks to queue
[2024-09-17T06:42:10.010-0300] {logging_mixin.py:188} INFO - [2024-09-17T06:42:10.010-0300] {dagbag.py:545} INFO - Filling up the DagBag from /home/jezandre/airflow/airflow_env/lib/python3.11/site-packages/airflow/example_dags/example_bash_operator.py
[2024-09-17T06:42:10.020-0300] {processor.py:840} INFO - DAG(s) 'example_bash_operator' retrieved from /home/jezandre/airflow/airflow_env/lib/python3.11/site-packages/airflow/example_dags/example_bash_operator.py
[2024-09-17T06:42:10.146-0300] {logging_mixin.py:188} INFO - [2024-09-17T06:42:10.146-0300] {dag.py:3089} INFO - Sync 1 DAGs
[2024-09-17T06:42:10.176-0300] {logging_mixin.py:188} INFO - [2024-09-17T06:42:10.176-0300] {dag.py:3947} INFO - Setting next_dagrun for example_bash_operator to 2024-09-16 00:00:00+00:00, run_after=2024-09-17 00:00:00+00:00
[2024-09-17T06:42:10.205-0300] {processor.py:183} INFO - Processing /home/jezandre/airflow/airflow_env/lib/python3.11/site-packages/airflow/example_dags/example_bash_operator.py took 0.207 seconds
[2024-09-17T06:42:40.430-0300] {processor.py:161} INFO - Started process (PID=28141) to work on /home/jezandre/airflow/airflow_env/lib/python3.11/site-packages/airflow/example_dags/example_bash_operator.py
[2024-09-17T06:42:40.431-0300] {processor.py:830} INFO - Processing file /home/jezandre/airflow/airflow_env/lib/python3.11/site-packages/airflow/example_dags/example_bash_operator.py for tasks to queue
[2024-09-17T06:42:40.433-0300] {logging_mixin.py:188} INFO - [2024-09-17T06:42:40.433-0300] {dagbag.py:545} INFO - Filling up the DagBag from /home/jezandre/airflow/airflow_env/lib/python3.11/site-packages/airflow/example_dags/example_bash_operator.py
[2024-09-17T06:42:40.449-0300] {processor.py:840} INFO - DAG(s) 'example_bash_operator' retrieved from /home/jezandre/airflow/airflow_env/lib/python3.11/site-packages/airflow/example_dags/example_bash_operator.py
[2024-09-17T06:42:40.496-0300] {logging_mixin.py:188} INFO - [2024-09-17T06:42:40.495-0300] {dag.py:3089} INFO - Sync 1 DAGs
[2024-09-17T06:42:40.548-0300] {logging_mixin.py:188} INFO - [2024-09-17T06:42:40.547-0300] {dag.py:3947} INFO - Setting next_dagrun for example_bash_operator to 2024-09-16 00:00:00+00:00, run_after=2024-09-17 00:00:00+00:00
[2024-09-17T06:42:40.582-0300] {processor.py:183} INFO - Processing /home/jezandre/airflow/airflow_env/lib/python3.11/site-packages/airflow/example_dags/example_bash_operator.py took 0.162 seconds
[2024-09-17T06:43:11.395-0300] {processor.py:161} INFO - Started process (PID=28922) to work on /home/jezandre/airflow/airflow_env/lib/python3.11/site-packages/airflow/example_dags/example_bash_operator.py
[2024-09-17T06:43:11.396-0300] {processor.py:830} INFO - Processing file /home/jezandre/airflow/airflow_env/lib/python3.11/site-packages/airflow/example_dags/example_bash_operator.py for tasks to queue
[2024-09-17T06:43:11.398-0300] {logging_mixin.py:188} INFO - [2024-09-17T06:43:11.397-0300] {dagbag.py:545} INFO - Filling up the DagBag from /home/jezandre/airflow/airflow_env/lib/python3.11/site-packages/airflow/example_dags/example_bash_operator.py
[2024-09-17T06:43:11.410-0300] {processor.py:840} INFO - DAG(s) 'example_bash_operator' retrieved from /home/jezandre/airflow/airflow_env/lib/python3.11/site-packages/airflow/example_dags/example_bash_operator.py
[2024-09-17T06:43:11.447-0300] {logging_mixin.py:188} INFO - [2024-09-17T06:43:11.447-0300] {dag.py:3089} INFO - Sync 1 DAGs
[2024-09-17T06:43:11.488-0300] {logging_mixin.py:188} INFO - [2024-09-17T06:43:11.488-0300] {dag.py:3947} INFO - Setting next_dagrun for example_bash_operator to 2024-09-16 00:00:00+00:00, run_after=2024-09-17 00:00:00+00:00
[2024-09-17T06:43:11.524-0300] {processor.py:183} INFO - Processing /home/jezandre/airflow/airflow_env/lib/python3.11/site-packages/airflow/example_dags/example_bash_operator.py took 0.139 seconds
[2024-09-17T06:43:42.279-0300] {processor.py:161} INFO - Started process (PID=29205) to work on /home/jezandre/airflow/airflow_env/lib/python3.11/site-packages/airflow/example_dags/example_bash_operator.py
[2024-09-17T06:43:42.283-0300] {processor.py:830} INFO - Processing file /home/jezandre/airflow/airflow_env/lib/python3.11/site-packages/airflow/example_dags/example_bash_operator.py for tasks to queue
[2024-09-17T06:43:42.285-0300] {logging_mixin.py:188} INFO - [2024-09-17T06:43:42.284-0300] {dagbag.py:545} INFO - Filling up the DagBag from /home/jezandre/airflow/airflow_env/lib/python3.11/site-packages/airflow/example_dags/example_bash_operator.py
[2024-09-17T06:43:42.298-0300] {processor.py:840} INFO - DAG(s) 'example_bash_operator' retrieved from /home/jezandre/airflow/airflow_env/lib/python3.11/site-packages/airflow/example_dags/example_bash_operator.py
[2024-09-17T06:43:42.336-0300] {logging_mixin.py:188} INFO - [2024-09-17T06:43:42.336-0300] {dag.py:3089} INFO - Sync 1 DAGs
[2024-09-17T06:43:42.366-0300] {logging_mixin.py:188} INFO - [2024-09-17T06:43:42.366-0300] {dag.py:3947} INFO - Setting next_dagrun for example_bash_operator to 2024-09-16 00:00:00+00:00, run_after=2024-09-17 00:00:00+00:00
[2024-09-17T06:43:42.396-0300] {processor.py:183} INFO - Processing /home/jezandre/airflow/airflow_env/lib/python3.11/site-packages/airflow/example_dags/example_bash_operator.py took 0.125 seconds
[2024-09-17T06:44:12.872-0300] {processor.py:161} INFO - Started process (PID=29419) to work on /home/jezandre/airflow/airflow_env/lib/python3.11/site-packages/airflow/example_dags/example_bash_operator.py
[2024-09-17T06:44:12.873-0300] {processor.py:830} INFO - Processing file /home/jezandre/airflow/airflow_env/lib/python3.11/site-packages/airflow/example_dags/example_bash_operator.py for tasks to queue
[2024-09-17T06:44:12.875-0300] {logging_mixin.py:188} INFO - [2024-09-17T06:44:12.874-0300] {dagbag.py:545} INFO - Filling up the DagBag from /home/jezandre/airflow/airflow_env/lib/python3.11/site-packages/airflow/example_dags/example_bash_operator.py
[2024-09-17T06:44:12.884-0300] {processor.py:840} INFO - DAG(s) 'example_bash_operator' retrieved from /home/jezandre/airflow/airflow_env/lib/python3.11/site-packages/airflow/example_dags/example_bash_operator.py
[2024-09-17T06:44:12.918-0300] {logging_mixin.py:188} INFO - [2024-09-17T06:44:12.918-0300] {dag.py:3089} INFO - Sync 1 DAGs
[2024-09-17T06:44:12.945-0300] {logging_mixin.py:188} INFO - [2024-09-17T06:44:12.945-0300] {dag.py:3947} INFO - Setting next_dagrun for example_bash_operator to 2024-09-16 00:00:00+00:00, run_after=2024-09-17 00:00:00+00:00
[2024-09-17T06:44:12.971-0300] {processor.py:183} INFO - Processing /home/jezandre/airflow/airflow_env/lib/python3.11/site-packages/airflow/example_dags/example_bash_operator.py took 0.108 seconds
[2024-09-17T06:44:43.540-0300] {processor.py:161} INFO - Started process (PID=29633) to work on /home/jezandre/airflow/airflow_env/lib/python3.11/site-packages/airflow/example_dags/example_bash_operator.py
[2024-09-17T06:44:43.542-0300] {processor.py:830} INFO - Processing file /home/jezandre/airflow/airflow_env/lib/python3.11/site-packages/airflow/example_dags/example_bash_operator.py for tasks to queue
[2024-09-17T06:44:43.544-0300] {logging_mixin.py:188} INFO - [2024-09-17T06:44:43.543-0300] {dagbag.py:545} INFO - Filling up the DagBag from /home/jezandre/airflow/airflow_env/lib/python3.11/site-packages/airflow/example_dags/example_bash_operator.py
[2024-09-17T06:44:43.557-0300] {processor.py:840} INFO - DAG(s) 'example_bash_operator' retrieved from /home/jezandre/airflow/airflow_env/lib/python3.11/site-packages/airflow/example_dags/example_bash_operator.py
[2024-09-17T06:44:43.595-0300] {logging_mixin.py:188} INFO - [2024-09-17T06:44:43.595-0300] {dag.py:3089} INFO - Sync 1 DAGs
[2024-09-17T06:44:43.623-0300] {logging_mixin.py:188} INFO - [2024-09-17T06:44:43.623-0300] {dag.py:3947} INFO - Setting next_dagrun for example_bash_operator to 2024-09-16 00:00:00+00:00, run_after=2024-09-17 00:00:00+00:00
[2024-09-17T06:44:43.655-0300] {processor.py:183} INFO - Processing /home/jezandre/airflow/airflow_env/lib/python3.11/site-packages/airflow/example_dags/example_bash_operator.py took 0.125 seconds
[2024-09-17T06:45:13.853-0300] {processor.py:161} INFO - Started process (PID=29971) to work on /home/jezandre/airflow/airflow_env/lib/python3.11/site-packages/airflow/example_dags/example_bash_operator.py
[2024-09-17T06:45:13.855-0300] {processor.py:830} INFO - Processing file /home/jezandre/airflow/airflow_env/lib/python3.11/site-packages/airflow/example_dags/example_bash_operator.py for tasks to queue
[2024-09-17T06:45:13.858-0300] {logging_mixin.py:188} INFO - [2024-09-17T06:45:13.858-0300] {dagbag.py:545} INFO - Filling up the DagBag from /home/jezandre/airflow/airflow_env/lib/python3.11/site-packages/airflow/example_dags/example_bash_operator.py
[2024-09-17T06:45:13.871-0300] {processor.py:840} INFO - DAG(s) 'example_bash_operator' retrieved from /home/jezandre/airflow/airflow_env/lib/python3.11/site-packages/airflow/example_dags/example_bash_operator.py
[2024-09-17T06:45:13.907-0300] {logging_mixin.py:188} INFO - [2024-09-17T06:45:13.907-0300] {dag.py:3089} INFO - Sync 1 DAGs
[2024-09-17T06:45:13.935-0300] {logging_mixin.py:188} INFO - [2024-09-17T06:45:13.935-0300] {dag.py:3947} INFO - Setting next_dagrun for example_bash_operator to 2024-09-16 00:00:00+00:00, run_after=2024-09-17 00:00:00+00:00
[2024-09-17T06:45:13.963-0300] {processor.py:183} INFO - Processing /home/jezandre/airflow/airflow_env/lib/python3.11/site-packages/airflow/example_dags/example_bash_operator.py took 0.123 seconds
[2024-09-17T06:45:44.077-0300] {processor.py:161} INFO - Started process (PID=30256) to work on /home/jezandre/airflow/airflow_env/lib/python3.11/site-packages/airflow/example_dags/example_bash_operator.py
[2024-09-17T06:45:44.077-0300] {processor.py:830} INFO - Processing file /home/jezandre/airflow/airflow_env/lib/python3.11/site-packages/airflow/example_dags/example_bash_operator.py for tasks to queue
[2024-09-17T06:45:44.079-0300] {logging_mixin.py:188} INFO - [2024-09-17T06:45:44.079-0300] {dagbag.py:545} INFO - Filling up the DagBag from /home/jezandre/airflow/airflow_env/lib/python3.11/site-packages/airflow/example_dags/example_bash_operator.py
[2024-09-17T06:45:44.090-0300] {processor.py:840} INFO - DAG(s) 'example_bash_operator' retrieved from /home/jezandre/airflow/airflow_env/lib/python3.11/site-packages/airflow/example_dags/example_bash_operator.py
[2024-09-17T06:45:44.123-0300] {logging_mixin.py:188} INFO - [2024-09-17T06:45:44.123-0300] {dag.py:3089} INFO - Sync 1 DAGs
[2024-09-17T06:45:44.151-0300] {logging_mixin.py:188} INFO - [2024-09-17T06:45:44.151-0300] {dag.py:3947} INFO - Setting next_dagrun for example_bash_operator to 2024-09-16 00:00:00+00:00, run_after=2024-09-17 00:00:00+00:00
[2024-09-17T06:45:44.175-0300] {processor.py:183} INFO - Processing /home/jezandre/airflow/airflow_env/lib/python3.11/site-packages/airflow/example_dags/example_bash_operator.py took 0.108 seconds
[2024-09-17T06:46:14.738-0300] {processor.py:161} INFO - Started process (PID=30591) to work on /home/jezandre/airflow/airflow_env/lib/python3.11/site-packages/airflow/example_dags/example_bash_operator.py
[2024-09-17T06:46:14.739-0300] {processor.py:830} INFO - Processing file /home/jezandre/airflow/airflow_env/lib/python3.11/site-packages/airflow/example_dags/example_bash_operator.py for tasks to queue
[2024-09-17T06:46:14.743-0300] {logging_mixin.py:188} INFO - [2024-09-17T06:46:14.743-0300] {dagbag.py:545} INFO - Filling up the DagBag from /home/jezandre/airflow/airflow_env/lib/python3.11/site-packages/airflow/example_dags/example_bash_operator.py
[2024-09-17T06:46:14.762-0300] {processor.py:840} INFO - DAG(s) 'example_bash_operator' retrieved from /home/jezandre/airflow/airflow_env/lib/python3.11/site-packages/airflow/example_dags/example_bash_operator.py
[2024-09-17T06:46:14.808-0300] {logging_mixin.py:188} INFO - [2024-09-17T06:46:14.807-0300] {dag.py:3089} INFO - Sync 1 DAGs
[2024-09-17T06:46:14.852-0300] {logging_mixin.py:188} INFO - [2024-09-17T06:46:14.851-0300] {dag.py:3947} INFO - Setting next_dagrun for example_bash_operator to 2024-09-16 00:00:00+00:00, run_after=2024-09-17 00:00:00+00:00
[2024-09-17T06:46:14.890-0300] {processor.py:183} INFO - Processing /home/jezandre/airflow/airflow_env/lib/python3.11/site-packages/airflow/example_dags/example_bash_operator.py took 0.163 seconds
[2024-09-17T06:46:45.558-0300] {processor.py:161} INFO - Started process (PID=30915) to work on /home/jezandre/airflow/airflow_env/lib/python3.11/site-packages/airflow/example_dags/example_bash_operator.py
[2024-09-17T06:46:45.560-0300] {processor.py:830} INFO - Processing file /home/jezandre/airflow/airflow_env/lib/python3.11/site-packages/airflow/example_dags/example_bash_operator.py for tasks to queue
[2024-09-17T06:46:45.562-0300] {logging_mixin.py:188} INFO - [2024-09-17T06:46:45.561-0300] {dagbag.py:545} INFO - Filling up the DagBag from /home/jezandre/airflow/airflow_env/lib/python3.11/site-packages/airflow/example_dags/example_bash_operator.py
[2024-09-17T06:46:45.573-0300] {processor.py:840} INFO - DAG(s) 'example_bash_operator' retrieved from /home/jezandre/airflow/airflow_env/lib/python3.11/site-packages/airflow/example_dags/example_bash_operator.py
[2024-09-17T06:46:45.611-0300] {logging_mixin.py:188} INFO - [2024-09-17T06:46:45.611-0300] {dag.py:3089} INFO - Sync 1 DAGs
[2024-09-17T06:46:45.644-0300] {logging_mixin.py:188} INFO - [2024-09-17T06:46:45.644-0300] {dag.py:3947} INFO - Setting next_dagrun for example_bash_operator to 2024-09-16 00:00:00+00:00, run_after=2024-09-17 00:00:00+00:00
[2024-09-17T06:46:45.674-0300] {processor.py:183} INFO - Processing /home/jezandre/airflow/airflow_env/lib/python3.11/site-packages/airflow/example_dags/example_bash_operator.py took 0.125 seconds
[2024-09-17T06:47:16.945-0300] {processor.py:161} INFO - Started process (PID=31193) to work on /home/jezandre/airflow/airflow_env/lib/python3.11/site-packages/airflow/example_dags/example_bash_operator.py
[2024-09-17T06:47:16.946-0300] {processor.py:830} INFO - Processing file /home/jezandre/airflow/airflow_env/lib/python3.11/site-packages/airflow/example_dags/example_bash_operator.py for tasks to queue
[2024-09-17T06:47:16.948-0300] {logging_mixin.py:188} INFO - [2024-09-17T06:47:16.948-0300] {dagbag.py:545} INFO - Filling up the DagBag from /home/jezandre/airflow/airflow_env/lib/python3.11/site-packages/airflow/example_dags/example_bash_operator.py
[2024-09-17T06:47:16.962-0300] {processor.py:840} INFO - DAG(s) 'example_bash_operator' retrieved from /home/jezandre/airflow/airflow_env/lib/python3.11/site-packages/airflow/example_dags/example_bash_operator.py
[2024-09-17T06:47:17.085-0300] {logging_mixin.py:188} INFO - [2024-09-17T06:47:17.085-0300] {dag.py:3089} INFO - Sync 1 DAGs
[2024-09-17T06:47:17.112-0300] {logging_mixin.py:188} INFO - [2024-09-17T06:47:17.112-0300] {dag.py:3947} INFO - Setting next_dagrun for example_bash_operator to 2024-09-16 00:00:00+00:00, run_after=2024-09-17 00:00:00+00:00
[2024-09-17T06:47:17.150-0300] {processor.py:183} INFO - Processing /home/jezandre/airflow/airflow_env/lib/python3.11/site-packages/airflow/example_dags/example_bash_operator.py took 0.215 seconds
[2024-09-17T06:47:47.529-0300] {processor.py:161} INFO - Started process (PID=31439) to work on /home/jezandre/airflow/airflow_env/lib/python3.11/site-packages/airflow/example_dags/example_bash_operator.py
[2024-09-17T06:47:47.531-0300] {processor.py:830} INFO - Processing file /home/jezandre/airflow/airflow_env/lib/python3.11/site-packages/airflow/example_dags/example_bash_operator.py for tasks to queue
[2024-09-17T06:47:47.534-0300] {logging_mixin.py:188} INFO - [2024-09-17T06:47:47.534-0300] {dagbag.py:545} INFO - Filling up the DagBag from /home/jezandre/airflow/airflow_env/lib/python3.11/site-packages/airflow/example_dags/example_bash_operator.py
[2024-09-17T06:47:47.554-0300] {processor.py:840} INFO - DAG(s) 'example_bash_operator' retrieved from /home/jezandre/airflow/airflow_env/lib/python3.11/site-packages/airflow/example_dags/example_bash_operator.py
[2024-09-17T06:47:47.607-0300] {logging_mixin.py:188} INFO - [2024-09-17T06:47:47.606-0300] {dag.py:3089} INFO - Sync 1 DAGs
[2024-09-17T06:47:47.649-0300] {logging_mixin.py:188} INFO - [2024-09-17T06:47:47.649-0300] {dag.py:3947} INFO - Setting next_dagrun for example_bash_operator to 2024-09-16 00:00:00+00:00, run_after=2024-09-17 00:00:00+00:00
[2024-09-17T06:47:47.698-0300] {processor.py:183} INFO - Processing /home/jezandre/airflow/airflow_env/lib/python3.11/site-packages/airflow/example_dags/example_bash_operator.py took 0.181 seconds
[2024-09-17T06:48:18.177-0300] {processor.py:161} INFO - Started process (PID=31663) to work on /home/jezandre/airflow/airflow_env/lib/python3.11/site-packages/airflow/example_dags/example_bash_operator.py
[2024-09-17T06:48:18.178-0300] {processor.py:830} INFO - Processing file /home/jezandre/airflow/airflow_env/lib/python3.11/site-packages/airflow/example_dags/example_bash_operator.py for tasks to queue
[2024-09-17T06:48:18.181-0300] {logging_mixin.py:188} INFO - [2024-09-17T06:48:18.180-0300] {dagbag.py:545} INFO - Filling up the DagBag from /home/jezandre/airflow/airflow_env/lib/python3.11/site-packages/airflow/example_dags/example_bash_operator.py
[2024-09-17T06:48:18.197-0300] {processor.py:840} INFO - DAG(s) 'example_bash_operator' retrieved from /home/jezandre/airflow/airflow_env/lib/python3.11/site-packages/airflow/example_dags/example_bash_operator.py
[2024-09-17T06:48:18.261-0300] {logging_mixin.py:188} INFO - [2024-09-17T06:48:18.260-0300] {dag.py:3089} INFO - Sync 1 DAGs
[2024-09-17T06:48:18.353-0300] {logging_mixin.py:188} INFO - [2024-09-17T06:48:18.352-0300] {dag.py:3947} INFO - Setting next_dagrun for example_bash_operator to 2024-09-16 00:00:00+00:00, run_after=2024-09-17 00:00:00+00:00
[2024-09-17T06:48:18.393-0300] {processor.py:183} INFO - Processing /home/jezandre/airflow/airflow_env/lib/python3.11/site-packages/airflow/example_dags/example_bash_operator.py took 0.231 seconds
[2024-09-17T06:48:49.231-0300] {processor.py:161} INFO - Started process (PID=31930) to work on /home/jezandre/airflow/airflow_env/lib/python3.11/site-packages/airflow/example_dags/example_bash_operator.py
[2024-09-17T06:48:49.232-0300] {processor.py:830} INFO - Processing file /home/jezandre/airflow/airflow_env/lib/python3.11/site-packages/airflow/example_dags/example_bash_operator.py for tasks to queue
[2024-09-17T06:48:49.236-0300] {logging_mixin.py:188} INFO - [2024-09-17T06:48:49.235-0300] {dagbag.py:545} INFO - Filling up the DagBag from /home/jezandre/airflow/airflow_env/lib/python3.11/site-packages/airflow/example_dags/example_bash_operator.py
[2024-09-17T06:48:49.261-0300] {processor.py:840} INFO - DAG(s) 'example_bash_operator' retrieved from /home/jezandre/airflow/airflow_env/lib/python3.11/site-packages/airflow/example_dags/example_bash_operator.py
[2024-09-17T06:48:49.327-0300] {logging_mixin.py:188} INFO - [2024-09-17T06:48:49.327-0300] {dag.py:3089} INFO - Sync 1 DAGs
[2024-09-17T06:48:49.375-0300] {logging_mixin.py:188} INFO - [2024-09-17T06:48:49.375-0300] {dag.py:3947} INFO - Setting next_dagrun for example_bash_operator to 2024-09-16 00:00:00+00:00, run_after=2024-09-17 00:00:00+00:00
[2024-09-17T06:48:49.409-0300] {processor.py:183} INFO - Processing /home/jezandre/airflow/airflow_env/lib/python3.11/site-packages/airflow/example_dags/example_bash_operator.py took 0.194 seconds
[2024-09-17T06:49:20.188-0300] {processor.py:161} INFO - Started process (PID=32145) to work on /home/jezandre/airflow/airflow_env/lib/python3.11/site-packages/airflow/example_dags/example_bash_operator.py
[2024-09-17T06:49:20.190-0300] {processor.py:830} INFO - Processing file /home/jezandre/airflow/airflow_env/lib/python3.11/site-packages/airflow/example_dags/example_bash_operator.py for tasks to queue
[2024-09-17T06:49:20.193-0300] {logging_mixin.py:188} INFO - [2024-09-17T06:49:20.193-0300] {dagbag.py:545} INFO - Filling up the DagBag from /home/jezandre/airflow/airflow_env/lib/python3.11/site-packages/airflow/example_dags/example_bash_operator.py
[2024-09-17T06:49:20.210-0300] {processor.py:840} INFO - DAG(s) 'example_bash_operator' retrieved from /home/jezandre/airflow/airflow_env/lib/python3.11/site-packages/airflow/example_dags/example_bash_operator.py
[2024-09-17T06:49:20.248-0300] {logging_mixin.py:188} INFO - [2024-09-17T06:49:20.247-0300] {dag.py:3089} INFO - Sync 1 DAGs
[2024-09-17T06:49:20.279-0300] {logging_mixin.py:188} INFO - [2024-09-17T06:49:20.279-0300] {dag.py:3947} INFO - Setting next_dagrun for example_bash_operator to 2024-09-16 00:00:00+00:00, run_after=2024-09-17 00:00:00+00:00
[2024-09-17T06:49:20.309-0300] {processor.py:183} INFO - Processing /home/jezandre/airflow/airflow_env/lib/python3.11/site-packages/airflow/example_dags/example_bash_operator.py took 0.132 seconds
[2024-09-17T06:49:51.003-0300] {processor.py:161} INFO - Started process (PID=32451) to work on /home/jezandre/airflow/airflow_env/lib/python3.11/site-packages/airflow/example_dags/example_bash_operator.py
[2024-09-17T06:49:51.004-0300] {processor.py:830} INFO - Processing file /home/jezandre/airflow/airflow_env/lib/python3.11/site-packages/airflow/example_dags/example_bash_operator.py for tasks to queue
[2024-09-17T06:49:51.007-0300] {logging_mixin.py:188} INFO - [2024-09-17T06:49:51.007-0300] {dagbag.py:545} INFO - Filling up the DagBag from /home/jezandre/airflow/airflow_env/lib/python3.11/site-packages/airflow/example_dags/example_bash_operator.py
[2024-09-17T06:49:51.017-0300] {processor.py:840} INFO - DAG(s) 'example_bash_operator' retrieved from /home/jezandre/airflow/airflow_env/lib/python3.11/site-packages/airflow/example_dags/example_bash_operator.py
[2024-09-17T06:49:51.055-0300] {logging_mixin.py:188} INFO - [2024-09-17T06:49:51.055-0300] {dag.py:3089} INFO - Sync 1 DAGs
[2024-09-17T06:49:51.088-0300] {logging_mixin.py:188} INFO - [2024-09-17T06:49:51.088-0300] {dag.py:3947} INFO - Setting next_dagrun for example_bash_operator to 2024-09-16 00:00:00+00:00, run_after=2024-09-17 00:00:00+00:00
[2024-09-17T06:49:51.114-0300] {processor.py:183} INFO - Processing /home/jezandre/airflow/airflow_env/lib/python3.11/site-packages/airflow/example_dags/example_bash_operator.py took 0.120 seconds
[2024-09-17T06:50:21.670-0300] {processor.py:161} INFO - Started process (PID=32729) to work on /home/jezandre/airflow/airflow_env/lib/python3.11/site-packages/airflow/example_dags/example_bash_operator.py
[2024-09-17T06:50:21.671-0300] {processor.py:830} INFO - Processing file /home/jezandre/airflow/airflow_env/lib/python3.11/site-packages/airflow/example_dags/example_bash_operator.py for tasks to queue
[2024-09-17T06:50:21.673-0300] {logging_mixin.py:188} INFO - [2024-09-17T06:50:21.673-0300] {dagbag.py:545} INFO - Filling up the DagBag from /home/jezandre/airflow/airflow_env/lib/python3.11/site-packages/airflow/example_dags/example_bash_operator.py
[2024-09-17T06:50:21.687-0300] {processor.py:840} INFO - DAG(s) 'example_bash_operator' retrieved from /home/jezandre/airflow/airflow_env/lib/python3.11/site-packages/airflow/example_dags/example_bash_operator.py
[2024-09-17T06:50:21.729-0300] {logging_mixin.py:188} INFO - [2024-09-17T06:50:21.729-0300] {dag.py:3089} INFO - Sync 1 DAGs
[2024-09-17T06:50:21.763-0300] {logging_mixin.py:188} INFO - [2024-09-17T06:50:21.762-0300] {dag.py:3947} INFO - Setting next_dagrun for example_bash_operator to 2024-09-16 00:00:00+00:00, run_after=2024-09-17 00:00:00+00:00
[2024-09-17T06:50:21.796-0300] {processor.py:183} INFO - Processing /home/jezandre/airflow/airflow_env/lib/python3.11/site-packages/airflow/example_dags/example_bash_operator.py took 0.138 seconds
[2024-09-17T06:50:51.994-0300] {processor.py:161} INFO - Started process (PID=32992) to work on /home/jezandre/airflow/airflow_env/lib/python3.11/site-packages/airflow/example_dags/example_bash_operator.py
[2024-09-17T06:50:51.995-0300] {processor.py:830} INFO - Processing file /home/jezandre/airflow/airflow_env/lib/python3.11/site-packages/airflow/example_dags/example_bash_operator.py for tasks to queue
[2024-09-17T06:50:51.996-0300] {logging_mixin.py:188} INFO - [2024-09-17T06:50:51.996-0300] {dagbag.py:545} INFO - Filling up the DagBag from /home/jezandre/airflow/airflow_env/lib/python3.11/site-packages/airflow/example_dags/example_bash_operator.py
[2024-09-17T06:50:52.005-0300] {processor.py:840} INFO - DAG(s) 'example_bash_operator' retrieved from /home/jezandre/airflow/airflow_env/lib/python3.11/site-packages/airflow/example_dags/example_bash_operator.py
[2024-09-17T06:50:52.038-0300] {logging_mixin.py:188} INFO - [2024-09-17T06:50:52.038-0300] {dag.py:3089} INFO - Sync 1 DAGs
[2024-09-17T06:50:52.065-0300] {logging_mixin.py:188} INFO - [2024-09-17T06:50:52.065-0300] {dag.py:3947} INFO - Setting next_dagrun for example_bash_operator to 2024-09-16 00:00:00+00:00, run_after=2024-09-17 00:00:00+00:00
[2024-09-17T06:50:52.088-0300] {processor.py:183} INFO - Processing /home/jezandre/airflow/airflow_env/lib/python3.11/site-packages/airflow/example_dags/example_bash_operator.py took 0.101 seconds
[2024-09-17T06:51:23.353-0300] {processor.py:161} INFO - Started process (PID=33448) to work on /home/jezandre/airflow/airflow_env/lib/python3.11/site-packages/airflow/example_dags/example_bash_operator.py
[2024-09-17T06:51:23.355-0300] {processor.py:830} INFO - Processing file /home/jezandre/airflow/airflow_env/lib/python3.11/site-packages/airflow/example_dags/example_bash_operator.py for tasks to queue
[2024-09-17T06:51:23.359-0300] {logging_mixin.py:188} INFO - [2024-09-17T06:51:23.358-0300] {dagbag.py:545} INFO - Filling up the DagBag from /home/jezandre/airflow/airflow_env/lib/python3.11/site-packages/airflow/example_dags/example_bash_operator.py
[2024-09-17T06:51:23.394-0300] {processor.py:840} INFO - DAG(s) 'example_bash_operator' retrieved from /home/jezandre/airflow/airflow_env/lib/python3.11/site-packages/airflow/example_dags/example_bash_operator.py
[2024-09-17T06:51:23.517-0300] {logging_mixin.py:188} INFO - [2024-09-17T06:51:23.516-0300] {dag.py:3089} INFO - Sync 1 DAGs
[2024-09-17T06:51:23.629-0300] {logging_mixin.py:188} INFO - [2024-09-17T06:51:23.629-0300] {dag.py:3947} INFO - Setting next_dagrun for example_bash_operator to 2024-09-16 00:00:00+00:00, run_after=2024-09-17 00:00:00+00:00
[2024-09-17T06:51:23.708-0300] {processor.py:183} INFO - Processing /home/jezandre/airflow/airflow_env/lib/python3.11/site-packages/airflow/example_dags/example_bash_operator.py took 0.388 seconds
[2024-09-17T06:51:54.101-0300] {processor.py:161} INFO - Started process (PID=33747) to work on /home/jezandre/airflow/airflow_env/lib/python3.11/site-packages/airflow/example_dags/example_bash_operator.py
[2024-09-17T06:51:54.102-0300] {processor.py:830} INFO - Processing file /home/jezandre/airflow/airflow_env/lib/python3.11/site-packages/airflow/example_dags/example_bash_operator.py for tasks to queue
[2024-09-17T06:51:54.104-0300] {logging_mixin.py:188} INFO - [2024-09-17T06:51:54.104-0300] {dagbag.py:545} INFO - Filling up the DagBag from /home/jezandre/airflow/airflow_env/lib/python3.11/site-packages/airflow/example_dags/example_bash_operator.py
[2024-09-17T06:51:54.117-0300] {processor.py:840} INFO - DAG(s) 'example_bash_operator' retrieved from /home/jezandre/airflow/airflow_env/lib/python3.11/site-packages/airflow/example_dags/example_bash_operator.py
[2024-09-17T06:51:54.153-0300] {logging_mixin.py:188} INFO - [2024-09-17T06:51:54.152-0300] {dag.py:3089} INFO - Sync 1 DAGs
[2024-09-17T06:51:54.185-0300] {logging_mixin.py:188} INFO - [2024-09-17T06:51:54.185-0300] {dag.py:3947} INFO - Setting next_dagrun for example_bash_operator to 2024-09-16 00:00:00+00:00, run_after=2024-09-17 00:00:00+00:00
[2024-09-17T06:51:54.219-0300] {processor.py:183} INFO - Processing /home/jezandre/airflow/airflow_env/lib/python3.11/site-packages/airflow/example_dags/example_bash_operator.py took 0.126 seconds
[2024-09-17T06:52:25.337-0300] {processor.py:161} INFO - Started process (PID=34295) to work on /home/jezandre/airflow/airflow_env/lib/python3.11/site-packages/airflow/example_dags/example_bash_operator.py
[2024-09-17T06:52:25.340-0300] {processor.py:830} INFO - Processing file /home/jezandre/airflow/airflow_env/lib/python3.11/site-packages/airflow/example_dags/example_bash_operator.py for tasks to queue
[2024-09-17T06:52:25.342-0300] {logging_mixin.py:188} INFO - [2024-09-17T06:52:25.342-0300] {dagbag.py:545} INFO - Filling up the DagBag from /home/jezandre/airflow/airflow_env/lib/python3.11/site-packages/airflow/example_dags/example_bash_operator.py
[2024-09-17T06:52:25.369-0300] {processor.py:840} INFO - DAG(s) 'example_bash_operator' retrieved from /home/jezandre/airflow/airflow_env/lib/python3.11/site-packages/airflow/example_dags/example_bash_operator.py
[2024-09-17T06:52:25.636-0300] {logging_mixin.py:188} INFO - [2024-09-17T06:52:25.636-0300] {dag.py:3089} INFO - Sync 1 DAGs
[2024-09-17T06:52:25.686-0300] {logging_mixin.py:188} INFO - [2024-09-17T06:52:25.685-0300] {dag.py:3947} INFO - Setting next_dagrun for example_bash_operator to 2024-09-16 00:00:00+00:00, run_after=2024-09-17 00:00:00+00:00
[2024-09-17T06:52:25.731-0300] {processor.py:183} INFO - Processing /home/jezandre/airflow/airflow_env/lib/python3.11/site-packages/airflow/example_dags/example_bash_operator.py took 0.408 seconds
[2024-09-17T06:52:55.977-0300] {processor.py:161} INFO - Started process (PID=34706) to work on /home/jezandre/airflow/airflow_env/lib/python3.11/site-packages/airflow/example_dags/example_bash_operator.py
[2024-09-17T06:52:55.978-0300] {processor.py:830} INFO - Processing file /home/jezandre/airflow/airflow_env/lib/python3.11/site-packages/airflow/example_dags/example_bash_operator.py for tasks to queue
[2024-09-17T06:52:55.980-0300] {logging_mixin.py:188} INFO - [2024-09-17T06:52:55.979-0300] {dagbag.py:545} INFO - Filling up the DagBag from /home/jezandre/airflow/airflow_env/lib/python3.11/site-packages/airflow/example_dags/example_bash_operator.py
[2024-09-17T06:52:55.990-0300] {processor.py:840} INFO - DAG(s) 'example_bash_operator' retrieved from /home/jezandre/airflow/airflow_env/lib/python3.11/site-packages/airflow/example_dags/example_bash_operator.py
[2024-09-17T06:52:56.026-0300] {logging_mixin.py:188} INFO - [2024-09-17T06:52:56.025-0300] {dag.py:3089} INFO - Sync 1 DAGs
[2024-09-17T06:52:56.055-0300] {logging_mixin.py:188} INFO - [2024-09-17T06:52:56.055-0300] {dag.py:3947} INFO - Setting next_dagrun for example_bash_operator to 2024-09-16 00:00:00+00:00, run_after=2024-09-17 00:00:00+00:00
[2024-09-17T06:52:56.081-0300] {processor.py:183} INFO - Processing /home/jezandre/airflow/airflow_env/lib/python3.11/site-packages/airflow/example_dags/example_bash_operator.py took 0.114 seconds
[2024-09-17T06:53:26.511-0300] {processor.py:161} INFO - Started process (PID=34915) to work on /home/jezandre/airflow/airflow_env/lib/python3.11/site-packages/airflow/example_dags/example_bash_operator.py
[2024-09-17T06:53:26.513-0300] {processor.py:830} INFO - Processing file /home/jezandre/airflow/airflow_env/lib/python3.11/site-packages/airflow/example_dags/example_bash_operator.py for tasks to queue
[2024-09-17T06:53:26.514-0300] {logging_mixin.py:188} INFO - [2024-09-17T06:53:26.514-0300] {dagbag.py:545} INFO - Filling up the DagBag from /home/jezandre/airflow/airflow_env/lib/python3.11/site-packages/airflow/example_dags/example_bash_operator.py
[2024-09-17T06:53:26.528-0300] {processor.py:840} INFO - DAG(s) 'example_bash_operator' retrieved from /home/jezandre/airflow/airflow_env/lib/python3.11/site-packages/airflow/example_dags/example_bash_operator.py
[2024-09-17T06:53:26.568-0300] {logging_mixin.py:188} INFO - [2024-09-17T06:53:26.568-0300] {dag.py:3089} INFO - Sync 1 DAGs
[2024-09-17T06:53:26.608-0300] {logging_mixin.py:188} INFO - [2024-09-17T06:53:26.608-0300] {dag.py:3947} INFO - Setting next_dagrun for example_bash_operator to 2024-09-16 00:00:00+00:00, run_after=2024-09-17 00:00:00+00:00
[2024-09-17T06:53:26.636-0300] {processor.py:183} INFO - Processing /home/jezandre/airflow/airflow_env/lib/python3.11/site-packages/airflow/example_dags/example_bash_operator.py took 0.133 seconds
[2024-09-17T06:53:57.413-0300] {processor.py:161} INFO - Started process (PID=35266) to work on /home/jezandre/airflow/airflow_env/lib/python3.11/site-packages/airflow/example_dags/example_bash_operator.py
[2024-09-17T06:53:57.414-0300] {processor.py:830} INFO - Processing file /home/jezandre/airflow/airflow_env/lib/python3.11/site-packages/airflow/example_dags/example_bash_operator.py for tasks to queue
[2024-09-17T06:53:57.416-0300] {logging_mixin.py:188} INFO - [2024-09-17T06:53:57.416-0300] {dagbag.py:545} INFO - Filling up the DagBag from /home/jezandre/airflow/airflow_env/lib/python3.11/site-packages/airflow/example_dags/example_bash_operator.py
[2024-09-17T06:53:57.428-0300] {processor.py:840} INFO - DAG(s) 'example_bash_operator' retrieved from /home/jezandre/airflow/airflow_env/lib/python3.11/site-packages/airflow/example_dags/example_bash_operator.py
[2024-09-17T06:53:57.467-0300] {logging_mixin.py:188} INFO - [2024-09-17T06:53:57.467-0300] {dag.py:3089} INFO - Sync 1 DAGs
[2024-09-17T06:53:57.501-0300] {logging_mixin.py:188} INFO - [2024-09-17T06:53:57.501-0300] {dag.py:3947} INFO - Setting next_dagrun for example_bash_operator to 2024-09-16 00:00:00+00:00, run_after=2024-09-17 00:00:00+00:00
[2024-09-17T06:53:57.529-0300] {processor.py:183} INFO - Processing /home/jezandre/airflow/airflow_env/lib/python3.11/site-packages/airflow/example_dags/example_bash_operator.py took 0.125 seconds
[2024-09-17T06:54:28.046-0300] {processor.py:161} INFO - Started process (PID=35459) to work on /home/jezandre/airflow/airflow_env/lib/python3.11/site-packages/airflow/example_dags/example_bash_operator.py
[2024-09-17T06:54:28.047-0300] {processor.py:830} INFO - Processing file /home/jezandre/airflow/airflow_env/lib/python3.11/site-packages/airflow/example_dags/example_bash_operator.py for tasks to queue
[2024-09-17T06:54:28.049-0300] {logging_mixin.py:188} INFO - [2024-09-17T06:54:28.049-0300] {dagbag.py:545} INFO - Filling up the DagBag from /home/jezandre/airflow/airflow_env/lib/python3.11/site-packages/airflow/example_dags/example_bash_operator.py
[2024-09-17T06:54:28.063-0300] {processor.py:840} INFO - DAG(s) 'example_bash_operator' retrieved from /home/jezandre/airflow/airflow_env/lib/python3.11/site-packages/airflow/example_dags/example_bash_operator.py
[2024-09-17T06:54:28.108-0300] {logging_mixin.py:188} INFO - [2024-09-17T06:54:28.108-0300] {dag.py:3089} INFO - Sync 1 DAGs
[2024-09-17T06:54:28.143-0300] {logging_mixin.py:188} INFO - [2024-09-17T06:54:28.143-0300] {dag.py:3947} INFO - Setting next_dagrun for example_bash_operator to 2024-09-16 00:00:00+00:00, run_after=2024-09-17 00:00:00+00:00
[2024-09-17T06:54:28.174-0300] {processor.py:183} INFO - Processing /home/jezandre/airflow/airflow_env/lib/python3.11/site-packages/airflow/example_dags/example_bash_operator.py took 0.137 seconds
[2024-09-17T06:54:58.640-0300] {processor.py:161} INFO - Started process (PID=35719) to work on /home/jezandre/airflow/airflow_env/lib/python3.11/site-packages/airflow/example_dags/example_bash_operator.py
[2024-09-17T06:54:58.641-0300] {processor.py:830} INFO - Processing file /home/jezandre/airflow/airflow_env/lib/python3.11/site-packages/airflow/example_dags/example_bash_operator.py for tasks to queue
[2024-09-17T06:54:58.643-0300] {logging_mixin.py:188} INFO - [2024-09-17T06:54:58.643-0300] {dagbag.py:545} INFO - Filling up the DagBag from /home/jezandre/airflow/airflow_env/lib/python3.11/site-packages/airflow/example_dags/example_bash_operator.py
[2024-09-17T06:54:58.657-0300] {processor.py:840} INFO - DAG(s) 'example_bash_operator' retrieved from /home/jezandre/airflow/airflow_env/lib/python3.11/site-packages/airflow/example_dags/example_bash_operator.py
[2024-09-17T06:54:58.704-0300] {logging_mixin.py:188} INFO - [2024-09-17T06:54:58.703-0300] {dag.py:3089} INFO - Sync 1 DAGs
[2024-09-17T06:54:58.735-0300] {logging_mixin.py:188} INFO - [2024-09-17T06:54:58.735-0300] {dag.py:3947} INFO - Setting next_dagrun for example_bash_operator to 2024-09-16 00:00:00+00:00, run_after=2024-09-17 00:00:00+00:00
[2024-09-17T06:54:58.762-0300] {processor.py:183} INFO - Processing /home/jezandre/airflow/airflow_env/lib/python3.11/site-packages/airflow/example_dags/example_bash_operator.py took 0.133 seconds
