[2024-09-17T06:27:30.351-0300] {processor.py:161} INFO - Started process (PID=20074) to work on /home/jezandre/airflow/airflow_env/lib/python3.11/site-packages/airflow/example_dags/example_python_operator.py
[2024-09-17T06:27:30.352-0300] {processor.py:830} INFO - Processing file /home/jezandre/airflow/airflow_env/lib/python3.11/site-packages/airflow/example_dags/example_python_operator.py for tasks to queue
[2024-09-17T06:27:30.354-0300] {logging_mixin.py:188} INFO - [2024-09-17T06:27:30.354-0300] {dagbag.py:545} INFO - Filling up the DagBag from /home/jezandre/airflow/airflow_env/lib/python3.11/site-packages/airflow/example_dags/example_python_operator.py
[2024-09-17T06:27:30.364-0300] {processor.py:840} INFO - DAG(s) 'example_python_operator' retrieved from /home/jezandre/airflow/airflow_env/lib/python3.11/site-packages/airflow/example_dags/example_python_operator.py
[2024-09-17T06:27:30.482-0300] {logging_mixin.py:188} INFO - [2024-09-17T06:27:30.481-0300] {dag.py:3089} INFO - Sync 1 DAGs
[2024-09-17T06:27:30.603-0300] {logging_mixin.py:188} INFO - [2024-09-17T06:27:30.603-0300] {dag.py:3947} INFO - Setting next_dagrun for example_python_operator to None, run_after=None
[2024-09-17T06:27:30.627-0300] {processor.py:183} INFO - Processing /home/jezandre/airflow/airflow_env/lib/python3.11/site-packages/airflow/example_dags/example_python_operator.py took 0.282 seconds
[2024-09-17T06:28:31.932-0300] {processor.py:161} INFO - Started process (PID=20336) to work on /home/jezandre/airflow/airflow_env/lib/python3.11/site-packages/airflow/example_dags/example_python_operator.py
[2024-09-17T06:28:31.934-0300] {processor.py:830} INFO - Processing file /home/jezandre/airflow/airflow_env/lib/python3.11/site-packages/airflow/example_dags/example_python_operator.py for tasks to queue
[2024-09-17T06:28:31.936-0300] {logging_mixin.py:188} INFO - [2024-09-17T06:28:31.935-0300] {dagbag.py:545} INFO - Filling up the DagBag from /home/jezandre/airflow/airflow_env/lib/python3.11/site-packages/airflow/example_dags/example_python_operator.py
[2024-09-17T06:28:31.947-0300] {processor.py:840} INFO - DAG(s) 'example_python_operator' retrieved from /home/jezandre/airflow/airflow_env/lib/python3.11/site-packages/airflow/example_dags/example_python_operator.py
[2024-09-17T06:28:32.119-0300] {logging_mixin.py:188} INFO - [2024-09-17T06:28:32.118-0300] {dag.py:3089} INFO - Sync 1 DAGs
[2024-09-17T06:28:32.129-0300] {logging_mixin.py:188} INFO - [2024-09-17T06:28:32.128-0300] {dag.py:3947} INFO - Setting next_dagrun for example_python_operator to None, run_after=None
[2024-09-17T06:28:32.152-0300] {processor.py:183} INFO - Processing /home/jezandre/airflow/airflow_env/lib/python3.11/site-packages/airflow/example_dags/example_python_operator.py took 0.225 seconds
[2024-09-17T06:29:25.565-0300] {processor.py:161} INFO - Started process (PID=20688) to work on /home/jezandre/airflow/airflow_env/lib/python3.11/site-packages/airflow/example_dags/example_python_operator.py
[2024-09-17T06:29:25.569-0300] {processor.py:830} INFO - Processing file /home/jezandre/airflow/airflow_env/lib/python3.11/site-packages/airflow/example_dags/example_python_operator.py for tasks to queue
[2024-09-17T06:29:25.571-0300] {logging_mixin.py:188} INFO - [2024-09-17T06:29:25.571-0300] {dagbag.py:545} INFO - Filling up the DagBag from /home/jezandre/airflow/airflow_env/lib/python3.11/site-packages/airflow/example_dags/example_python_operator.py
[2024-09-17T06:29:25.584-0300] {processor.py:840} INFO - DAG(s) 'example_python_operator' retrieved from /home/jezandre/airflow/airflow_env/lib/python3.11/site-packages/airflow/example_dags/example_python_operator.py
[2024-09-17T06:29:25.603-0300] {logging_mixin.py:188} INFO - [2024-09-17T06:29:25.602-0300] {dag.py:3089} INFO - Sync 1 DAGs
[2024-09-17T06:29:25.619-0300] {logging_mixin.py:188} INFO - [2024-09-17T06:29:25.619-0300] {dag.py:3947} INFO - Setting next_dagrun for example_python_operator to None, run_after=None
[2024-09-17T06:29:25.652-0300] {processor.py:183} INFO - Processing /home/jezandre/airflow/airflow_env/lib/python3.11/site-packages/airflow/example_dags/example_python_operator.py took 0.094 seconds
[2024-09-17T06:29:52.241-0300] {processor.py:161} INFO - Started process (PID=21055) to work on /home/jezandre/airflow/airflow_env/lib/python3.11/site-packages/airflow/example_dags/example_python_operator.py
[2024-09-17T06:29:52.243-0300] {processor.py:830} INFO - Processing file /home/jezandre/airflow/airflow_env/lib/python3.11/site-packages/airflow/example_dags/example_python_operator.py for tasks to queue
[2024-09-17T06:29:52.244-0300] {logging_mixin.py:188} INFO - [2024-09-17T06:29:52.244-0300] {dagbag.py:545} INFO - Filling up the DagBag from /home/jezandre/airflow/airflow_env/lib/python3.11/site-packages/airflow/example_dags/example_python_operator.py
[2024-09-17T06:29:52.258-0300] {processor.py:840} INFO - DAG(s) 'example_python_operator' retrieved from /home/jezandre/airflow/airflow_env/lib/python3.11/site-packages/airflow/example_dags/example_python_operator.py
[2024-09-17T06:29:52.395-0300] {logging_mixin.py:188} INFO - [2024-09-17T06:29:52.395-0300] {dag.py:3089} INFO - Sync 1 DAGs
[2024-09-17T06:29:52.544-0300] {logging_mixin.py:188} INFO - [2024-09-17T06:29:52.544-0300] {dag.py:3947} INFO - Setting next_dagrun for example_python_operator to None, run_after=None
[2024-09-17T06:29:52.576-0300] {processor.py:183} INFO - Processing /home/jezandre/airflow/airflow_env/lib/python3.11/site-packages/airflow/example_dags/example_python_operator.py took 0.341 seconds
[2024-09-17T06:30:22.690-0300] {processor.py:161} INFO - Started process (PID=21353) to work on /home/jezandre/airflow/airflow_env/lib/python3.11/site-packages/airflow/example_dags/example_python_operator.py
[2024-09-17T06:30:22.692-0300] {processor.py:830} INFO - Processing file /home/jezandre/airflow/airflow_env/lib/python3.11/site-packages/airflow/example_dags/example_python_operator.py for tasks to queue
[2024-09-17T06:30:22.694-0300] {logging_mixin.py:188} INFO - [2024-09-17T06:30:22.693-0300] {dagbag.py:545} INFO - Filling up the DagBag from /home/jezandre/airflow/airflow_env/lib/python3.11/site-packages/airflow/example_dags/example_python_operator.py
[2024-09-17T06:30:22.710-0300] {processor.py:840} INFO - DAG(s) 'example_python_operator' retrieved from /home/jezandre/airflow/airflow_env/lib/python3.11/site-packages/airflow/example_dags/example_python_operator.py
[2024-09-17T06:30:22.749-0300] {logging_mixin.py:188} INFO - [2024-09-17T06:30:22.749-0300] {dag.py:3089} INFO - Sync 1 DAGs
[2024-09-17T06:30:22.766-0300] {logging_mixin.py:188} INFO - [2024-09-17T06:30:22.766-0300] {dag.py:3947} INFO - Setting next_dagrun for example_python_operator to None, run_after=None
[2024-09-17T06:30:22.795-0300] {processor.py:183} INFO - Processing /home/jezandre/airflow/airflow_env/lib/python3.11/site-packages/airflow/example_dags/example_python_operator.py took 0.121 seconds
[2024-09-17T06:30:53.157-0300] {processor.py:161} INFO - Started process (PID=21560) to work on /home/jezandre/airflow/airflow_env/lib/python3.11/site-packages/airflow/example_dags/example_python_operator.py
[2024-09-17T06:30:53.159-0300] {processor.py:830} INFO - Processing file /home/jezandre/airflow/airflow_env/lib/python3.11/site-packages/airflow/example_dags/example_python_operator.py for tasks to queue
[2024-09-17T06:30:53.161-0300] {logging_mixin.py:188} INFO - [2024-09-17T06:30:53.160-0300] {dagbag.py:545} INFO - Filling up the DagBag from /home/jezandre/airflow/airflow_env/lib/python3.11/site-packages/airflow/example_dags/example_python_operator.py
[2024-09-17T06:30:53.171-0300] {processor.py:840} INFO - DAG(s) 'example_python_operator' retrieved from /home/jezandre/airflow/airflow_env/lib/python3.11/site-packages/airflow/example_dags/example_python_operator.py
[2024-09-17T06:30:53.202-0300] {logging_mixin.py:188} INFO - [2024-09-17T06:30:53.202-0300] {dag.py:3089} INFO - Sync 1 DAGs
[2024-09-17T06:30:53.218-0300] {logging_mixin.py:188} INFO - [2024-09-17T06:30:53.218-0300] {dag.py:3947} INFO - Setting next_dagrun for example_python_operator to None, run_after=None
[2024-09-17T06:30:53.247-0300] {processor.py:183} INFO - Processing /home/jezandre/airflow/airflow_env/lib/python3.11/site-packages/airflow/example_dags/example_python_operator.py took 0.095 seconds
[2024-09-17T06:31:23.614-0300] {processor.py:161} INFO - Started process (PID=21765) to work on /home/jezandre/airflow/airflow_env/lib/python3.11/site-packages/airflow/example_dags/example_python_operator.py
[2024-09-17T06:31:23.615-0300] {processor.py:830} INFO - Processing file /home/jezandre/airflow/airflow_env/lib/python3.11/site-packages/airflow/example_dags/example_python_operator.py for tasks to queue
[2024-09-17T06:31:23.617-0300] {logging_mixin.py:188} INFO - [2024-09-17T06:31:23.617-0300] {dagbag.py:545} INFO - Filling up the DagBag from /home/jezandre/airflow/airflow_env/lib/python3.11/site-packages/airflow/example_dags/example_python_operator.py
[2024-09-17T06:31:23.628-0300] {processor.py:840} INFO - DAG(s) 'example_python_operator' retrieved from /home/jezandre/airflow/airflow_env/lib/python3.11/site-packages/airflow/example_dags/example_python_operator.py
[2024-09-17T06:31:23.669-0300] {logging_mixin.py:188} INFO - [2024-09-17T06:31:23.668-0300] {dag.py:3089} INFO - Sync 1 DAGs
[2024-09-17T06:31:23.685-0300] {logging_mixin.py:188} INFO - [2024-09-17T06:31:23.684-0300] {dag.py:3947} INFO - Setting next_dagrun for example_python_operator to None, run_after=None
[2024-09-17T06:31:23.714-0300] {processor.py:183} INFO - Processing /home/jezandre/airflow/airflow_env/lib/python3.11/site-packages/airflow/example_dags/example_python_operator.py took 0.107 seconds
[2024-09-17T06:31:53.994-0300] {processor.py:161} INFO - Started process (PID=22047) to work on /home/jezandre/airflow/airflow_env/lib/python3.11/site-packages/airflow/example_dags/example_python_operator.py
[2024-09-17T06:31:53.996-0300] {processor.py:830} INFO - Processing file /home/jezandre/airflow/airflow_env/lib/python3.11/site-packages/airflow/example_dags/example_python_operator.py for tasks to queue
[2024-09-17T06:31:53.999-0300] {logging_mixin.py:188} INFO - [2024-09-17T06:31:53.998-0300] {dagbag.py:545} INFO - Filling up the DagBag from /home/jezandre/airflow/airflow_env/lib/python3.11/site-packages/airflow/example_dags/example_python_operator.py
[2024-09-17T06:31:54.010-0300] {processor.py:840} INFO - DAG(s) 'example_python_operator' retrieved from /home/jezandre/airflow/airflow_env/lib/python3.11/site-packages/airflow/example_dags/example_python_operator.py
[2024-09-17T06:31:54.045-0300] {logging_mixin.py:188} INFO - [2024-09-17T06:31:54.044-0300] {dag.py:3089} INFO - Sync 1 DAGs
[2024-09-17T06:31:54.072-0300] {logging_mixin.py:188} INFO - [2024-09-17T06:31:54.072-0300] {dag.py:3947} INFO - Setting next_dagrun for example_python_operator to None, run_after=None
[2024-09-17T06:31:54.102-0300] {processor.py:183} INFO - Processing /home/jezandre/airflow/airflow_env/lib/python3.11/site-packages/airflow/example_dags/example_python_operator.py took 0.114 seconds
[2024-09-17T06:32:25.286-0300] {processor.py:161} INFO - Started process (PID=22525) to work on /home/jezandre/airflow/airflow_env/lib/python3.11/site-packages/airflow/example_dags/example_python_operator.py
[2024-09-17T06:32:25.287-0300] {processor.py:830} INFO - Processing file /home/jezandre/airflow/airflow_env/lib/python3.11/site-packages/airflow/example_dags/example_python_operator.py for tasks to queue
[2024-09-17T06:32:25.289-0300] {logging_mixin.py:188} INFO - [2024-09-17T06:32:25.289-0300] {dagbag.py:545} INFO - Filling up the DagBag from /home/jezandre/airflow/airflow_env/lib/python3.11/site-packages/airflow/example_dags/example_python_operator.py
[2024-09-17T06:32:25.299-0300] {processor.py:840} INFO - DAG(s) 'example_python_operator' retrieved from /home/jezandre/airflow/airflow_env/lib/python3.11/site-packages/airflow/example_dags/example_python_operator.py
[2024-09-17T06:32:25.435-0300] {logging_mixin.py:188} INFO - [2024-09-17T06:32:25.434-0300] {dag.py:3089} INFO - Sync 1 DAGs
[2024-09-17T06:32:25.447-0300] {logging_mixin.py:188} INFO - [2024-09-17T06:32:25.447-0300] {dag.py:3947} INFO - Setting next_dagrun for example_python_operator to None, run_after=None
[2024-09-17T06:32:25.477-0300] {processor.py:183} INFO - Processing /home/jezandre/airflow/airflow_env/lib/python3.11/site-packages/airflow/example_dags/example_python_operator.py took 0.198 seconds
[2024-09-17T06:32:56.408-0300] {processor.py:161} INFO - Started process (PID=22889) to work on /home/jezandre/airflow/airflow_env/lib/python3.11/site-packages/airflow/example_dags/example_python_operator.py
[2024-09-17T06:32:56.410-0300] {processor.py:830} INFO - Processing file /home/jezandre/airflow/airflow_env/lib/python3.11/site-packages/airflow/example_dags/example_python_operator.py for tasks to queue
[2024-09-17T06:32:56.412-0300] {logging_mixin.py:188} INFO - [2024-09-17T06:32:56.411-0300] {dagbag.py:545} INFO - Filling up the DagBag from /home/jezandre/airflow/airflow_env/lib/python3.11/site-packages/airflow/example_dags/example_python_operator.py
[2024-09-17T06:32:56.423-0300] {processor.py:840} INFO - DAG(s) 'example_python_operator' retrieved from /home/jezandre/airflow/airflow_env/lib/python3.11/site-packages/airflow/example_dags/example_python_operator.py
[2024-09-17T06:32:56.455-0300] {logging_mixin.py:188} INFO - [2024-09-17T06:32:56.455-0300] {dag.py:3089} INFO - Sync 1 DAGs
[2024-09-17T06:32:56.471-0300] {logging_mixin.py:188} INFO - [2024-09-17T06:32:56.471-0300] {dag.py:3947} INFO - Setting next_dagrun for example_python_operator to None, run_after=None
[2024-09-17T06:32:56.498-0300] {processor.py:183} INFO - Processing /home/jezandre/airflow/airflow_env/lib/python3.11/site-packages/airflow/example_dags/example_python_operator.py took 0.098 seconds
[2024-09-17T06:33:26.925-0300] {processor.py:161} INFO - Started process (PID=23127) to work on /home/jezandre/airflow/airflow_env/lib/python3.11/site-packages/airflow/example_dags/example_python_operator.py
[2024-09-17T06:33:26.927-0300] {processor.py:830} INFO - Processing file /home/jezandre/airflow/airflow_env/lib/python3.11/site-packages/airflow/example_dags/example_python_operator.py for tasks to queue
[2024-09-17T06:33:26.929-0300] {logging_mixin.py:188} INFO - [2024-09-17T06:33:26.928-0300] {dagbag.py:545} INFO - Filling up the DagBag from /home/jezandre/airflow/airflow_env/lib/python3.11/site-packages/airflow/example_dags/example_python_operator.py
[2024-09-17T06:33:26.938-0300] {processor.py:840} INFO - DAG(s) 'example_python_operator' retrieved from /home/jezandre/airflow/airflow_env/lib/python3.11/site-packages/airflow/example_dags/example_python_operator.py
[2024-09-17T06:33:26.968-0300] {logging_mixin.py:188} INFO - [2024-09-17T06:33:26.968-0300] {dag.py:3089} INFO - Sync 1 DAGs
[2024-09-17T06:33:26.985-0300] {logging_mixin.py:188} INFO - [2024-09-17T06:33:26.984-0300] {dag.py:3947} INFO - Setting next_dagrun for example_python_operator to None, run_after=None
[2024-09-17T06:33:27.011-0300] {processor.py:183} INFO - Processing /home/jezandre/airflow/airflow_env/lib/python3.11/site-packages/airflow/example_dags/example_python_operator.py took 0.094 seconds
[2024-09-17T06:33:57.568-0300] {processor.py:161} INFO - Started process (PID=23405) to work on /home/jezandre/airflow/airflow_env/lib/python3.11/site-packages/airflow/example_dags/example_python_operator.py
[2024-09-17T06:33:57.569-0300] {processor.py:830} INFO - Processing file /home/jezandre/airflow/airflow_env/lib/python3.11/site-packages/airflow/example_dags/example_python_operator.py for tasks to queue
[2024-09-17T06:33:57.570-0300] {logging_mixin.py:188} INFO - [2024-09-17T06:33:57.570-0300] {dagbag.py:545} INFO - Filling up the DagBag from /home/jezandre/airflow/airflow_env/lib/python3.11/site-packages/airflow/example_dags/example_python_operator.py
[2024-09-17T06:33:57.581-0300] {processor.py:840} INFO - DAG(s) 'example_python_operator' retrieved from /home/jezandre/airflow/airflow_env/lib/python3.11/site-packages/airflow/example_dags/example_python_operator.py
[2024-09-17T06:33:57.632-0300] {logging_mixin.py:188} INFO - [2024-09-17T06:33:57.631-0300] {dag.py:3089} INFO - Sync 1 DAGs
[2024-09-17T06:33:57.664-0300] {logging_mixin.py:188} INFO - [2024-09-17T06:33:57.661-0300] {dag.py:3947} INFO - Setting next_dagrun for example_python_operator to None, run_after=None
[2024-09-17T06:33:57.719-0300] {processor.py:183} INFO - Processing /home/jezandre/airflow/airflow_env/lib/python3.11/site-packages/airflow/example_dags/example_python_operator.py took 0.158 seconds
[2024-09-17T06:34:27.980-0300] {processor.py:161} INFO - Started process (PID=23644) to work on /home/jezandre/airflow/airflow_env/lib/python3.11/site-packages/airflow/example_dags/example_python_operator.py
[2024-09-17T06:34:27.982-0300] {processor.py:830} INFO - Processing file /home/jezandre/airflow/airflow_env/lib/python3.11/site-packages/airflow/example_dags/example_python_operator.py for tasks to queue
[2024-09-17T06:34:27.983-0300] {logging_mixin.py:188} INFO - [2024-09-17T06:34:27.983-0300] {dagbag.py:545} INFO - Filling up the DagBag from /home/jezandre/airflow/airflow_env/lib/python3.11/site-packages/airflow/example_dags/example_python_operator.py
[2024-09-17T06:34:27.993-0300] {processor.py:840} INFO - DAG(s) 'example_python_operator' retrieved from /home/jezandre/airflow/airflow_env/lib/python3.11/site-packages/airflow/example_dags/example_python_operator.py
[2024-09-17T06:34:28.025-0300] {logging_mixin.py:188} INFO - [2024-09-17T06:34:28.024-0300] {dag.py:3089} INFO - Sync 1 DAGs
[2024-09-17T06:34:28.040-0300] {logging_mixin.py:188} INFO - [2024-09-17T06:34:28.040-0300] {dag.py:3947} INFO - Setting next_dagrun for example_python_operator to None, run_after=None
[2024-09-17T06:34:28.069-0300] {processor.py:183} INFO - Processing /home/jezandre/airflow/airflow_env/lib/python3.11/site-packages/airflow/example_dags/example_python_operator.py took 0.097 seconds
