[2024-09-17T06:27:54.368-0300] {processor.py:161} INFO - Started process (PID=20181) to work on /home/jezandre/airflow/airflow_env/lib/python3.11/site-packages/airflow/example_dags/tutorial_taskflow_api_virtualenv.py
[2024-09-17T06:27:54.369-0300] {processor.py:830} INFO - Processing file /home/jezandre/airflow/airflow_env/lib/python3.11/site-packages/airflow/example_dags/tutorial_taskflow_api_virtualenv.py for tasks to queue
[2024-09-17T06:27:54.370-0300] {logging_mixin.py:188} INFO - [2024-09-17T06:27:54.370-0300] {dagbag.py:545} INFO - Filling up the DagBag from /home/jezandre/airflow/airflow_env/lib/python3.11/site-packages/airflow/example_dags/tutorial_taskflow_api_virtualenv.py
[2024-09-17T06:27:54.382-0300] {processor.py:840} INFO - DAG(s) 'tutorial_taskflow_api_virtualenv' retrieved from /home/jezandre/airflow/airflow_env/lib/python3.11/site-packages/airflow/example_dags/tutorial_taskflow_api_virtualenv.py
[2024-09-17T06:27:54.576-0300] {logging_mixin.py:188} INFO - [2024-09-17T06:27:54.575-0300] {dag.py:3089} INFO - Sync 1 DAGs
[2024-09-17T06:27:54.588-0300] {logging_mixin.py:188} INFO - [2024-09-17T06:27:54.588-0300] {dag.py:3947} INFO - Setting next_dagrun for tutorial_taskflow_api_virtualenv to None, run_after=None
[2024-09-17T06:27:54.622-0300] {processor.py:183} INFO - Processing /home/jezandre/airflow/airflow_env/lib/python3.11/site-packages/airflow/example_dags/tutorial_taskflow_api_virtualenv.py took 0.258 seconds
[2024-09-17T06:28:54.019-0300] {processor.py:161} INFO - Started process (PID=20461) to work on /home/jezandre/airflow/airflow_env/lib/python3.11/site-packages/airflow/example_dags/tutorial_taskflow_api_virtualenv.py
[2024-09-17T06:28:54.021-0300] {processor.py:830} INFO - Processing file /home/jezandre/airflow/airflow_env/lib/python3.11/site-packages/airflow/example_dags/tutorial_taskflow_api_virtualenv.py for tasks to queue
[2024-09-17T06:28:54.022-0300] {logging_mixin.py:188} INFO - [2024-09-17T06:28:54.022-0300] {dagbag.py:545} INFO - Filling up the DagBag from /home/jezandre/airflow/airflow_env/lib/python3.11/site-packages/airflow/example_dags/tutorial_taskflow_api_virtualenv.py
[2024-09-17T06:28:54.031-0300] {processor.py:840} INFO - DAG(s) 'tutorial_taskflow_api_virtualenv' retrieved from /home/jezandre/airflow/airflow_env/lib/python3.11/site-packages/airflow/example_dags/tutorial_taskflow_api_virtualenv.py
[2024-09-17T06:28:54.044-0300] {logging_mixin.py:188} INFO - [2024-09-17T06:28:54.043-0300] {dag.py:3089} INFO - Sync 1 DAGs
[2024-09-17T06:28:54.054-0300] {logging_mixin.py:188} INFO - [2024-09-17T06:28:54.053-0300] {dag.py:3947} INFO - Setting next_dagrun for tutorial_taskflow_api_virtualenv to None, run_after=None
[2024-09-17T06:28:54.089-0300] {processor.py:183} INFO - Processing /home/jezandre/airflow/airflow_env/lib/python3.11/site-packages/airflow/example_dags/tutorial_taskflow_api_virtualenv.py took 0.075 seconds
[2024-09-17T06:29:55.730-0300] {processor.py:161} INFO - Started process (PID=21123) to work on /home/jezandre/airflow/airflow_env/lib/python3.11/site-packages/airflow/example_dags/tutorial_taskflow_api_virtualenv.py
[2024-09-17T06:29:55.732-0300] {processor.py:830} INFO - Processing file /home/jezandre/airflow/airflow_env/lib/python3.11/site-packages/airflow/example_dags/tutorial_taskflow_api_virtualenv.py for tasks to queue
[2024-09-17T06:29:55.734-0300] {logging_mixin.py:188} INFO - [2024-09-17T06:29:55.733-0300] {dagbag.py:545} INFO - Filling up the DagBag from /home/jezandre/airflow/airflow_env/lib/python3.11/site-packages/airflow/example_dags/tutorial_taskflow_api_virtualenv.py
[2024-09-17T06:29:55.745-0300] {processor.py:840} INFO - DAG(s) 'tutorial_taskflow_api_virtualenv' retrieved from /home/jezandre/airflow/airflow_env/lib/python3.11/site-packages/airflow/example_dags/tutorial_taskflow_api_virtualenv.py
[2024-09-17T06:29:55.985-0300] {logging_mixin.py:188} INFO - [2024-09-17T06:29:55.984-0300] {dag.py:3089} INFO - Sync 1 DAGs
[2024-09-17T06:29:56.000-0300] {logging_mixin.py:188} INFO - [2024-09-17T06:29:55.999-0300] {dag.py:3947} INFO - Setting next_dagrun for tutorial_taskflow_api_virtualenv to None, run_after=None
[2024-09-17T06:29:56.027-0300] {processor.py:183} INFO - Processing /home/jezandre/airflow/airflow_env/lib/python3.11/site-packages/airflow/example_dags/tutorial_taskflow_api_virtualenv.py took 0.303 seconds
[2024-09-17T06:30:26.944-0300] {processor.py:161} INFO - Started process (PID=21404) to work on /home/jezandre/airflow/airflow_env/lib/python3.11/site-packages/airflow/example_dags/tutorial_taskflow_api_virtualenv.py
[2024-09-17T06:30:26.946-0300] {processor.py:830} INFO - Processing file /home/jezandre/airflow/airflow_env/lib/python3.11/site-packages/airflow/example_dags/tutorial_taskflow_api_virtualenv.py for tasks to queue
[2024-09-17T06:30:26.949-0300] {logging_mixin.py:188} INFO - [2024-09-17T06:30:26.949-0300] {dagbag.py:545} INFO - Filling up the DagBag from /home/jezandre/airflow/airflow_env/lib/python3.11/site-packages/airflow/example_dags/tutorial_taskflow_api_virtualenv.py
[2024-09-17T06:30:26.974-0300] {processor.py:840} INFO - DAG(s) 'tutorial_taskflow_api_virtualenv' retrieved from /home/jezandre/airflow/airflow_env/lib/python3.11/site-packages/airflow/example_dags/tutorial_taskflow_api_virtualenv.py
[2024-09-17T06:30:27.016-0300] {logging_mixin.py:188} INFO - [2024-09-17T06:30:27.016-0300] {dag.py:3089} INFO - Sync 1 DAGs
[2024-09-17T06:30:27.037-0300] {logging_mixin.py:188} INFO - [2024-09-17T06:30:27.037-0300] {dag.py:3947} INFO - Setting next_dagrun for tutorial_taskflow_api_virtualenv to None, run_after=None
[2024-09-17T06:30:27.074-0300] {processor.py:183} INFO - Processing /home/jezandre/airflow/airflow_env/lib/python3.11/site-packages/airflow/example_dags/tutorial_taskflow_api_virtualenv.py took 0.141 seconds
[2024-09-17T06:30:57.211-0300] {processor.py:161} INFO - Started process (PID=21610) to work on /home/jezandre/airflow/airflow_env/lib/python3.11/site-packages/airflow/example_dags/tutorial_taskflow_api_virtualenv.py
[2024-09-17T06:30:57.212-0300] {processor.py:830} INFO - Processing file /home/jezandre/airflow/airflow_env/lib/python3.11/site-packages/airflow/example_dags/tutorial_taskflow_api_virtualenv.py for tasks to queue
[2024-09-17T06:30:57.213-0300] {logging_mixin.py:188} INFO - [2024-09-17T06:30:57.213-0300] {dagbag.py:545} INFO - Filling up the DagBag from /home/jezandre/airflow/airflow_env/lib/python3.11/site-packages/airflow/example_dags/tutorial_taskflow_api_virtualenv.py
[2024-09-17T06:30:57.223-0300] {processor.py:840} INFO - DAG(s) 'tutorial_taskflow_api_virtualenv' retrieved from /home/jezandre/airflow/airflow_env/lib/python3.11/site-packages/airflow/example_dags/tutorial_taskflow_api_virtualenv.py
[2024-09-17T06:30:57.254-0300] {logging_mixin.py:188} INFO - [2024-09-17T06:30:57.254-0300] {dag.py:3089} INFO - Sync 1 DAGs
[2024-09-17T06:30:57.269-0300] {logging_mixin.py:188} INFO - [2024-09-17T06:30:57.269-0300] {dag.py:3947} INFO - Setting next_dagrun for tutorial_taskflow_api_virtualenv to None, run_after=None
[2024-09-17T06:30:57.296-0300] {processor.py:183} INFO - Processing /home/jezandre/airflow/airflow_env/lib/python3.11/site-packages/airflow/example_dags/tutorial_taskflow_api_virtualenv.py took 0.092 seconds
[2024-09-17T06:31:27.631-0300] {processor.py:161} INFO - Started process (PID=21813) to work on /home/jezandre/airflow/airflow_env/lib/python3.11/site-packages/airflow/example_dags/tutorial_taskflow_api_virtualenv.py
[2024-09-17T06:31:27.636-0300] {processor.py:830} INFO - Processing file /home/jezandre/airflow/airflow_env/lib/python3.11/site-packages/airflow/example_dags/tutorial_taskflow_api_virtualenv.py for tasks to queue
[2024-09-17T06:31:27.639-0300] {logging_mixin.py:188} INFO - [2024-09-17T06:31:27.638-0300] {dagbag.py:545} INFO - Filling up the DagBag from /home/jezandre/airflow/airflow_env/lib/python3.11/site-packages/airflow/example_dags/tutorial_taskflow_api_virtualenv.py
[2024-09-17T06:31:27.653-0300] {processor.py:840} INFO - DAG(s) 'tutorial_taskflow_api_virtualenv' retrieved from /home/jezandre/airflow/airflow_env/lib/python3.11/site-packages/airflow/example_dags/tutorial_taskflow_api_virtualenv.py
[2024-09-17T06:31:27.686-0300] {logging_mixin.py:188} INFO - [2024-09-17T06:31:27.685-0300] {dag.py:3089} INFO - Sync 1 DAGs
[2024-09-17T06:31:27.702-0300] {logging_mixin.py:188} INFO - [2024-09-17T06:31:27.701-0300] {dag.py:3947} INFO - Setting next_dagrun for tutorial_taskflow_api_virtualenv to None, run_after=None
[2024-09-17T06:31:27.733-0300] {processor.py:183} INFO - Processing /home/jezandre/airflow/airflow_env/lib/python3.11/site-packages/airflow/example_dags/tutorial_taskflow_api_virtualenv.py took 0.111 seconds
[2024-09-17T06:31:58.041-0300] {processor.py:161} INFO - Started process (PID=22098) to work on /home/jezandre/airflow/airflow_env/lib/python3.11/site-packages/airflow/example_dags/tutorial_taskflow_api_virtualenv.py
[2024-09-17T06:31:58.043-0300] {processor.py:830} INFO - Processing file /home/jezandre/airflow/airflow_env/lib/python3.11/site-packages/airflow/example_dags/tutorial_taskflow_api_virtualenv.py for tasks to queue
[2024-09-17T06:31:58.045-0300] {logging_mixin.py:188} INFO - [2024-09-17T06:31:58.044-0300] {dagbag.py:545} INFO - Filling up the DagBag from /home/jezandre/airflow/airflow_env/lib/python3.11/site-packages/airflow/example_dags/tutorial_taskflow_api_virtualenv.py
[2024-09-17T06:31:58.055-0300] {processor.py:840} INFO - DAG(s) 'tutorial_taskflow_api_virtualenv' retrieved from /home/jezandre/airflow/airflow_env/lib/python3.11/site-packages/airflow/example_dags/tutorial_taskflow_api_virtualenv.py
[2024-09-17T06:31:58.088-0300] {logging_mixin.py:188} INFO - [2024-09-17T06:31:58.088-0300] {dag.py:3089} INFO - Sync 1 DAGs
[2024-09-17T06:31:58.108-0300] {logging_mixin.py:188} INFO - [2024-09-17T06:31:58.108-0300] {dag.py:3947} INFO - Setting next_dagrun for tutorial_taskflow_api_virtualenv to None, run_after=None
[2024-09-17T06:31:58.136-0300] {processor.py:183} INFO - Processing /home/jezandre/airflow/airflow_env/lib/python3.11/site-packages/airflow/example_dags/tutorial_taskflow_api_virtualenv.py took 0.103 seconds
[2024-09-17T06:32:28.808-0300] {processor.py:161} INFO - Started process (PID=22576) to work on /home/jezandre/airflow/airflow_env/lib/python3.11/site-packages/airflow/example_dags/tutorial_taskflow_api_virtualenv.py
[2024-09-17T06:32:28.813-0300] {processor.py:830} INFO - Processing file /home/jezandre/airflow/airflow_env/lib/python3.11/site-packages/airflow/example_dags/tutorial_taskflow_api_virtualenv.py for tasks to queue
[2024-09-17T06:32:28.816-0300] {logging_mixin.py:188} INFO - [2024-09-17T06:32:28.815-0300] {dagbag.py:545} INFO - Filling up the DagBag from /home/jezandre/airflow/airflow_env/lib/python3.11/site-packages/airflow/example_dags/tutorial_taskflow_api_virtualenv.py
[2024-09-17T06:32:28.827-0300] {processor.py:840} INFO - DAG(s) 'tutorial_taskflow_api_virtualenv' retrieved from /home/jezandre/airflow/airflow_env/lib/python3.11/site-packages/airflow/example_dags/tutorial_taskflow_api_virtualenv.py
[2024-09-17T06:32:28.977-0300] {logging_mixin.py:188} INFO - [2024-09-17T06:32:28.976-0300] {dag.py:3089} INFO - Sync 1 DAGs
[2024-09-17T06:32:28.993-0300] {logging_mixin.py:188} INFO - [2024-09-17T06:32:28.993-0300] {dag.py:3947} INFO - Setting next_dagrun for tutorial_taskflow_api_virtualenv to None, run_after=None
[2024-09-17T06:32:29.025-0300] {processor.py:183} INFO - Processing /home/jezandre/airflow/airflow_env/lib/python3.11/site-packages/airflow/example_dags/tutorial_taskflow_api_virtualenv.py took 0.223 seconds
[2024-09-17T06:32:59.931-0300] {processor.py:161} INFO - Started process (PID=22943) to work on /home/jezandre/airflow/airflow_env/lib/python3.11/site-packages/airflow/example_dags/tutorial_taskflow_api_virtualenv.py
[2024-09-17T06:32:59.936-0300] {processor.py:830} INFO - Processing file /home/jezandre/airflow/airflow_env/lib/python3.11/site-packages/airflow/example_dags/tutorial_taskflow_api_virtualenv.py for tasks to queue
[2024-09-17T06:32:59.938-0300] {logging_mixin.py:188} INFO - [2024-09-17T06:32:59.937-0300] {dagbag.py:545} INFO - Filling up the DagBag from /home/jezandre/airflow/airflow_env/lib/python3.11/site-packages/airflow/example_dags/tutorial_taskflow_api_virtualenv.py
[2024-09-17T06:32:59.947-0300] {processor.py:840} INFO - DAG(s) 'tutorial_taskflow_api_virtualenv' retrieved from /home/jezandre/airflow/airflow_env/lib/python3.11/site-packages/airflow/example_dags/tutorial_taskflow_api_virtualenv.py
[2024-09-17T06:32:59.977-0300] {logging_mixin.py:188} INFO - [2024-09-17T06:32:59.977-0300] {dag.py:3089} INFO - Sync 1 DAGs
[2024-09-17T06:32:59.993-0300] {logging_mixin.py:188} INFO - [2024-09-17T06:32:59.993-0300] {dag.py:3947} INFO - Setting next_dagrun for tutorial_taskflow_api_virtualenv to None, run_after=None
[2024-09-17T06:33:00.024-0300] {processor.py:183} INFO - Processing /home/jezandre/airflow/airflow_env/lib/python3.11/site-packages/airflow/example_dags/tutorial_taskflow_api_virtualenv.py took 0.100 seconds
[2024-09-17T06:33:30.225-0300] {processor.py:161} INFO - Started process (PID=23172) to work on /home/jezandre/airflow/airflow_env/lib/python3.11/site-packages/airflow/example_dags/tutorial_taskflow_api_virtualenv.py
[2024-09-17T06:33:30.229-0300] {processor.py:830} INFO - Processing file /home/jezandre/airflow/airflow_env/lib/python3.11/site-packages/airflow/example_dags/tutorial_taskflow_api_virtualenv.py for tasks to queue
[2024-09-17T06:33:30.231-0300] {logging_mixin.py:188} INFO - [2024-09-17T06:33:30.230-0300] {dagbag.py:545} INFO - Filling up the DagBag from /home/jezandre/airflow/airflow_env/lib/python3.11/site-packages/airflow/example_dags/tutorial_taskflow_api_virtualenv.py
[2024-09-17T06:33:30.249-0300] {processor.py:840} INFO - DAG(s) 'tutorial_taskflow_api_virtualenv' retrieved from /home/jezandre/airflow/airflow_env/lib/python3.11/site-packages/airflow/example_dags/tutorial_taskflow_api_virtualenv.py
[2024-09-17T06:33:30.286-0300] {logging_mixin.py:188} INFO - [2024-09-17T06:33:30.285-0300] {dag.py:3089} INFO - Sync 1 DAGs
[2024-09-17T06:33:30.314-0300] {logging_mixin.py:188} INFO - [2024-09-17T06:33:30.313-0300] {dag.py:3947} INFO - Setting next_dagrun for tutorial_taskflow_api_virtualenv to None, run_after=None
[2024-09-17T06:33:30.356-0300] {processor.py:183} INFO - Processing /home/jezandre/airflow/airflow_env/lib/python3.11/site-packages/airflow/example_dags/tutorial_taskflow_api_virtualenv.py took 0.140 seconds
[2024-09-17T06:34:00.952-0300] {processor.py:161} INFO - Started process (PID=23474) to work on /home/jezandre/airflow/airflow_env/lib/python3.11/site-packages/airflow/example_dags/tutorial_taskflow_api_virtualenv.py
[2024-09-17T06:34:00.953-0300] {processor.py:830} INFO - Processing file /home/jezandre/airflow/airflow_env/lib/python3.11/site-packages/airflow/example_dags/tutorial_taskflow_api_virtualenv.py for tasks to queue
[2024-09-17T06:34:00.955-0300] {logging_mixin.py:188} INFO - [2024-09-17T06:34:00.955-0300] {dagbag.py:545} INFO - Filling up the DagBag from /home/jezandre/airflow/airflow_env/lib/python3.11/site-packages/airflow/example_dags/tutorial_taskflow_api_virtualenv.py
[2024-09-17T06:34:00.967-0300] {processor.py:840} INFO - DAG(s) 'tutorial_taskflow_api_virtualenv' retrieved from /home/jezandre/airflow/airflow_env/lib/python3.11/site-packages/airflow/example_dags/tutorial_taskflow_api_virtualenv.py
[2024-09-17T06:34:01.000-0300] {logging_mixin.py:188} INFO - [2024-09-17T06:34:01.000-0300] {dag.py:3089} INFO - Sync 1 DAGs
[2024-09-17T06:34:01.015-0300] {logging_mixin.py:188} INFO - [2024-09-17T06:34:01.015-0300] {dag.py:3947} INFO - Setting next_dagrun for tutorial_taskflow_api_virtualenv to None, run_after=None
[2024-09-17T06:34:01.049-0300] {processor.py:183} INFO - Processing /home/jezandre/airflow/airflow_env/lib/python3.11/site-packages/airflow/example_dags/tutorial_taskflow_api_virtualenv.py took 0.104 seconds
[2024-09-17T06:34:31.409-0300] {processor.py:161} INFO - Started process (PID=23695) to work on /home/jezandre/airflow/airflow_env/lib/python3.11/site-packages/airflow/example_dags/tutorial_taskflow_api_virtualenv.py
[2024-09-17T06:34:31.410-0300] {processor.py:830} INFO - Processing file /home/jezandre/airflow/airflow_env/lib/python3.11/site-packages/airflow/example_dags/tutorial_taskflow_api_virtualenv.py for tasks to queue
[2024-09-17T06:34:31.413-0300] {logging_mixin.py:188} INFO - [2024-09-17T06:34:31.413-0300] {dagbag.py:545} INFO - Filling up the DagBag from /home/jezandre/airflow/airflow_env/lib/python3.11/site-packages/airflow/example_dags/tutorial_taskflow_api_virtualenv.py
[2024-09-17T06:34:31.426-0300] {processor.py:840} INFO - DAG(s) 'tutorial_taskflow_api_virtualenv' retrieved from /home/jezandre/airflow/airflow_env/lib/python3.11/site-packages/airflow/example_dags/tutorial_taskflow_api_virtualenv.py
[2024-09-17T06:34:31.458-0300] {logging_mixin.py:188} INFO - [2024-09-17T06:34:31.457-0300] {dag.py:3089} INFO - Sync 1 DAGs
[2024-09-17T06:34:31.475-0300] {logging_mixin.py:188} INFO - [2024-09-17T06:34:31.475-0300] {dag.py:3947} INFO - Setting next_dagrun for tutorial_taskflow_api_virtualenv to None, run_after=None
[2024-09-17T06:34:31.504-0300] {processor.py:183} INFO - Processing /home/jezandre/airflow/airflow_env/lib/python3.11/site-packages/airflow/example_dags/tutorial_taskflow_api_virtualenv.py took 0.101 seconds
[2024-09-17T06:35:02.012-0300] {processor.py:161} INFO - Started process (PID=24070) to work on /home/jezandre/airflow/airflow_env/lib/python3.11/site-packages/airflow/example_dags/tutorial_taskflow_api_virtualenv.py
[2024-09-17T06:35:02.017-0300] {processor.py:830} INFO - Processing file /home/jezandre/airflow/airflow_env/lib/python3.11/site-packages/airflow/example_dags/tutorial_taskflow_api_virtualenv.py for tasks to queue
[2024-09-17T06:35:02.019-0300] {logging_mixin.py:188} INFO - [2024-09-17T06:35:02.019-0300] {dagbag.py:545} INFO - Filling up the DagBag from /home/jezandre/airflow/airflow_env/lib/python3.11/site-packages/airflow/example_dags/tutorial_taskflow_api_virtualenv.py
[2024-09-17T06:35:02.032-0300] {processor.py:840} INFO - DAG(s) 'tutorial_taskflow_api_virtualenv' retrieved from /home/jezandre/airflow/airflow_env/lib/python3.11/site-packages/airflow/example_dags/tutorial_taskflow_api_virtualenv.py
[2024-09-17T06:35:02.070-0300] {logging_mixin.py:188} INFO - [2024-09-17T06:35:02.070-0300] {dag.py:3089} INFO - Sync 1 DAGs
[2024-09-17T06:35:02.092-0300] {logging_mixin.py:188} INFO - [2024-09-17T06:35:02.092-0300] {dag.py:3947} INFO - Setting next_dagrun for tutorial_taskflow_api_virtualenv to None, run_after=None
[2024-09-17T06:35:02.140-0300] {processor.py:183} INFO - Processing /home/jezandre/airflow/airflow_env/lib/python3.11/site-packages/airflow/example_dags/tutorial_taskflow_api_virtualenv.py took 0.137 seconds
[2024-09-17T06:35:32.394-0300] {processor.py:161} INFO - Started process (PID=24281) to work on /home/jezandre/airflow/airflow_env/lib/python3.11/site-packages/airflow/example_dags/tutorial_taskflow_api_virtualenv.py
[2024-09-17T06:35:32.398-0300] {processor.py:830} INFO - Processing file /home/jezandre/airflow/airflow_env/lib/python3.11/site-packages/airflow/example_dags/tutorial_taskflow_api_virtualenv.py for tasks to queue
[2024-09-17T06:35:32.400-0300] {logging_mixin.py:188} INFO - [2024-09-17T06:35:32.400-0300] {dagbag.py:545} INFO - Filling up the DagBag from /home/jezandre/airflow/airflow_env/lib/python3.11/site-packages/airflow/example_dags/tutorial_taskflow_api_virtualenv.py
[2024-09-17T06:35:32.412-0300] {processor.py:840} INFO - DAG(s) 'tutorial_taskflow_api_virtualenv' retrieved from /home/jezandre/airflow/airflow_env/lib/python3.11/site-packages/airflow/example_dags/tutorial_taskflow_api_virtualenv.py
[2024-09-17T06:35:32.445-0300] {logging_mixin.py:188} INFO - [2024-09-17T06:35:32.444-0300] {dag.py:3089} INFO - Sync 1 DAGs
[2024-09-17T06:35:32.460-0300] {logging_mixin.py:188} INFO - [2024-09-17T06:35:32.460-0300] {dag.py:3947} INFO - Setting next_dagrun for tutorial_taskflow_api_virtualenv to None, run_after=None
[2024-09-17T06:35:32.485-0300] {processor.py:183} INFO - Processing /home/jezandre/airflow/airflow_env/lib/python3.11/site-packages/airflow/example_dags/tutorial_taskflow_api_virtualenv.py took 0.100 seconds
