[2024-09-17T06:27:32.824-0300] {processor.py:161} INFO - Started process (PID=20089) to work on /home/jezandre/airflow/airflow_env/lib/python3.11/site-packages/airflow/example_dags/tutorial_dag.py
[2024-09-17T06:27:32.825-0300] {processor.py:830} INFO - Processing file /home/jezandre/airflow/airflow_env/lib/python3.11/site-packages/airflow/example_dags/tutorial_dag.py for tasks to queue
[2024-09-17T06:27:32.826-0300] {logging_mixin.py:188} INFO - [2024-09-17T06:27:32.826-0300] {dagbag.py:545} INFO - Filling up the DagBag from /home/jezandre/airflow/airflow_env/lib/python3.11/site-packages/airflow/example_dags/tutorial_dag.py
[2024-09-17T06:27:32.834-0300] {processor.py:840} INFO - DAG(s) 'tutorial_dag' retrieved from /home/jezandre/airflow/airflow_env/lib/python3.11/site-packages/airflow/example_dags/tutorial_dag.py
[2024-09-17T06:27:32.918-0300] {logging_mixin.py:188} INFO - [2024-09-17T06:27:32.918-0300] {dag.py:3089} INFO - Sync 1 DAGs
[2024-09-17T06:27:33.035-0300] {logging_mixin.py:188} INFO - [2024-09-17T06:27:33.035-0300] {dag.py:3947} INFO - Setting next_dagrun for tutorial_dag to None, run_after=None
[2024-09-17T06:27:33.067-0300] {processor.py:183} INFO - Processing /home/jezandre/airflow/airflow_env/lib/python3.11/site-packages/airflow/example_dags/tutorial_dag.py took 0.247 seconds
[2024-09-17T06:28:33.995-0300] {processor.py:161} INFO - Started process (PID=20351) to work on /home/jezandre/airflow/airflow_env/lib/python3.11/site-packages/airflow/example_dags/tutorial_dag.py
[2024-09-17T06:28:33.999-0300] {processor.py:830} INFO - Processing file /home/jezandre/airflow/airflow_env/lib/python3.11/site-packages/airflow/example_dags/tutorial_dag.py for tasks to queue
[2024-09-17T06:28:34.001-0300] {logging_mixin.py:188} INFO - [2024-09-17T06:28:34.000-0300] {dagbag.py:545} INFO - Filling up the DagBag from /home/jezandre/airflow/airflow_env/lib/python3.11/site-packages/airflow/example_dags/tutorial_dag.py
[2024-09-17T06:28:34.006-0300] {processor.py:840} INFO - DAG(s) 'tutorial_dag' retrieved from /home/jezandre/airflow/airflow_env/lib/python3.11/site-packages/airflow/example_dags/tutorial_dag.py
[2024-09-17T06:28:34.141-0300] {logging_mixin.py:188} INFO - [2024-09-17T06:28:34.141-0300] {dag.py:3089} INFO - Sync 1 DAGs
[2024-09-17T06:28:34.150-0300] {logging_mixin.py:188} INFO - [2024-09-17T06:28:34.150-0300] {dag.py:3947} INFO - Setting next_dagrun for tutorial_dag to None, run_after=None
[2024-09-17T06:28:34.175-0300] {processor.py:183} INFO - Processing /home/jezandre/airflow/airflow_env/lib/python3.11/site-packages/airflow/example_dags/tutorial_dag.py took 0.186 seconds
[2024-09-17T06:29:27.857-0300] {processor.py:161} INFO - Started process (PID=20721) to work on /home/jezandre/airflow/airflow_env/lib/python3.11/site-packages/airflow/example_dags/tutorial_dag.py
[2024-09-17T06:29:27.862-0300] {processor.py:830} INFO - Processing file /home/jezandre/airflow/airflow_env/lib/python3.11/site-packages/airflow/example_dags/tutorial_dag.py for tasks to queue
[2024-09-17T06:29:27.864-0300] {logging_mixin.py:188} INFO - [2024-09-17T06:29:27.864-0300] {dagbag.py:545} INFO - Filling up the DagBag from /home/jezandre/airflow/airflow_env/lib/python3.11/site-packages/airflow/example_dags/tutorial_dag.py
[2024-09-17T06:29:27.869-0300] {processor.py:840} INFO - DAG(s) 'tutorial_dag' retrieved from /home/jezandre/airflow/airflow_env/lib/python3.11/site-packages/airflow/example_dags/tutorial_dag.py
[2024-09-17T06:29:27.884-0300] {logging_mixin.py:188} INFO - [2024-09-17T06:29:27.883-0300] {dag.py:3089} INFO - Sync 1 DAGs
[2024-09-17T06:29:27.895-0300] {logging_mixin.py:188} INFO - [2024-09-17T06:29:27.895-0300] {dag.py:3947} INFO - Setting next_dagrun for tutorial_dag to None, run_after=None
[2024-09-17T06:29:27.924-0300] {processor.py:183} INFO - Processing /home/jezandre/airflow/airflow_env/lib/python3.11/site-packages/airflow/example_dags/tutorial_dag.py took 0.074 seconds
[2024-09-17T06:29:52.485-0300] {processor.py:161} INFO - Started process (PID=21066) to work on /home/jezandre/airflow/airflow_env/lib/python3.11/site-packages/airflow/example_dags/tutorial_dag.py
[2024-09-17T06:29:52.486-0300] {processor.py:830} INFO - Processing file /home/jezandre/airflow/airflow_env/lib/python3.11/site-packages/airflow/example_dags/tutorial_dag.py for tasks to queue
[2024-09-17T06:29:52.488-0300] {logging_mixin.py:188} INFO - [2024-09-17T06:29:52.488-0300] {dagbag.py:545} INFO - Filling up the DagBag from /home/jezandre/airflow/airflow_env/lib/python3.11/site-packages/airflow/example_dags/tutorial_dag.py
[2024-09-17T06:29:52.495-0300] {processor.py:840} INFO - DAG(s) 'tutorial_dag' retrieved from /home/jezandre/airflow/airflow_env/lib/python3.11/site-packages/airflow/example_dags/tutorial_dag.py
[2024-09-17T06:29:52.627-0300] {logging_mixin.py:188} INFO - [2024-09-17T06:29:52.627-0300] {dag.py:3089} INFO - Sync 1 DAGs
[2024-09-17T06:29:52.757-0300] {logging_mixin.py:188} INFO - [2024-09-17T06:29:52.757-0300] {dag.py:3947} INFO - Setting next_dagrun for tutorial_dag to None, run_after=None
[2024-09-17T06:29:52.789-0300] {processor.py:183} INFO - Processing /home/jezandre/airflow/airflow_env/lib/python3.11/site-packages/airflow/example_dags/tutorial_dag.py took 0.312 seconds
[2024-09-17T06:30:22.825-0300] {processor.py:161} INFO - Started process (PID=21361) to work on /home/jezandre/airflow/airflow_env/lib/python3.11/site-packages/airflow/example_dags/tutorial_dag.py
[2024-09-17T06:30:22.826-0300] {processor.py:830} INFO - Processing file /home/jezandre/airflow/airflow_env/lib/python3.11/site-packages/airflow/example_dags/tutorial_dag.py for tasks to queue
[2024-09-17T06:30:22.828-0300] {logging_mixin.py:188} INFO - [2024-09-17T06:30:22.827-0300] {dagbag.py:545} INFO - Filling up the DagBag from /home/jezandre/airflow/airflow_env/lib/python3.11/site-packages/airflow/example_dags/tutorial_dag.py
[2024-09-17T06:30:22.833-0300] {processor.py:840} INFO - DAG(s) 'tutorial_dag' retrieved from /home/jezandre/airflow/airflow_env/lib/python3.11/site-packages/airflow/example_dags/tutorial_dag.py
[2024-09-17T06:30:22.861-0300] {logging_mixin.py:188} INFO - [2024-09-17T06:30:22.861-0300] {dag.py:3089} INFO - Sync 1 DAGs
[2024-09-17T06:30:22.877-0300] {logging_mixin.py:188} INFO - [2024-09-17T06:30:22.877-0300] {dag.py:3947} INFO - Setting next_dagrun for tutorial_dag to None, run_after=None
[2024-09-17T06:30:22.901-0300] {processor.py:183} INFO - Processing /home/jezandre/airflow/airflow_env/lib/python3.11/site-packages/airflow/example_dags/tutorial_dag.py took 0.083 seconds
[2024-09-17T06:30:53.249-0300] {processor.py:161} INFO - Started process (PID=21564) to work on /home/jezandre/airflow/airflow_env/lib/python3.11/site-packages/airflow/example_dags/tutorial_dag.py
[2024-09-17T06:30:53.251-0300] {processor.py:830} INFO - Processing file /home/jezandre/airflow/airflow_env/lib/python3.11/site-packages/airflow/example_dags/tutorial_dag.py for tasks to queue
[2024-09-17T06:30:53.254-0300] {logging_mixin.py:188} INFO - [2024-09-17T06:30:53.253-0300] {dagbag.py:545} INFO - Filling up the DagBag from /home/jezandre/airflow/airflow_env/lib/python3.11/site-packages/airflow/example_dags/tutorial_dag.py
[2024-09-17T06:30:53.260-0300] {processor.py:840} INFO - DAG(s) 'tutorial_dag' retrieved from /home/jezandre/airflow/airflow_env/lib/python3.11/site-packages/airflow/example_dags/tutorial_dag.py
[2024-09-17T06:30:53.293-0300] {logging_mixin.py:188} INFO - [2024-09-17T06:30:53.292-0300] {dag.py:3089} INFO - Sync 1 DAGs
[2024-09-17T06:30:53.312-0300] {logging_mixin.py:188} INFO - [2024-09-17T06:30:53.312-0300] {dag.py:3947} INFO - Setting next_dagrun for tutorial_dag to None, run_after=None
[2024-09-17T06:30:53.338-0300] {processor.py:183} INFO - Processing /home/jezandre/airflow/airflow_env/lib/python3.11/site-packages/airflow/example_dags/tutorial_dag.py took 0.094 seconds
[2024-09-17T06:31:23.625-0300] {processor.py:161} INFO - Started process (PID=21766) to work on /home/jezandre/airflow/airflow_env/lib/python3.11/site-packages/airflow/example_dags/tutorial_dag.py
[2024-09-17T06:31:23.627-0300] {processor.py:830} INFO - Processing file /home/jezandre/airflow/airflow_env/lib/python3.11/site-packages/airflow/example_dags/tutorial_dag.py for tasks to queue
[2024-09-17T06:31:23.629-0300] {logging_mixin.py:188} INFO - [2024-09-17T06:31:23.628-0300] {dagbag.py:545} INFO - Filling up the DagBag from /home/jezandre/airflow/airflow_env/lib/python3.11/site-packages/airflow/example_dags/tutorial_dag.py
[2024-09-17T06:31:23.634-0300] {processor.py:840} INFO - DAG(s) 'tutorial_dag' retrieved from /home/jezandre/airflow/airflow_env/lib/python3.11/site-packages/airflow/example_dags/tutorial_dag.py
[2024-09-17T06:31:23.669-0300] {logging_mixin.py:188} INFO - [2024-09-17T06:31:23.669-0300] {dag.py:3089} INFO - Sync 1 DAGs
[2024-09-17T06:31:23.687-0300] {logging_mixin.py:188} INFO - [2024-09-17T06:31:23.687-0300] {dag.py:3947} INFO - Setting next_dagrun for tutorial_dag to None, run_after=None
[2024-09-17T06:31:23.715-0300] {processor.py:183} INFO - Processing /home/jezandre/airflow/airflow_env/lib/python3.11/site-packages/airflow/example_dags/tutorial_dag.py took 0.096 seconds
[2024-09-17T06:31:54.105-0300] {processor.py:161} INFO - Started process (PID=22051) to work on /home/jezandre/airflow/airflow_env/lib/python3.11/site-packages/airflow/example_dags/tutorial_dag.py
[2024-09-17T06:31:54.106-0300] {processor.py:830} INFO - Processing file /home/jezandre/airflow/airflow_env/lib/python3.11/site-packages/airflow/example_dags/tutorial_dag.py for tasks to queue
[2024-09-17T06:31:54.107-0300] {logging_mixin.py:188} INFO - [2024-09-17T06:31:54.107-0300] {dagbag.py:545} INFO - Filling up the DagBag from /home/jezandre/airflow/airflow_env/lib/python3.11/site-packages/airflow/example_dags/tutorial_dag.py
[2024-09-17T06:31:54.112-0300] {processor.py:840} INFO - DAG(s) 'tutorial_dag' retrieved from /home/jezandre/airflow/airflow_env/lib/python3.11/site-packages/airflow/example_dags/tutorial_dag.py
[2024-09-17T06:31:54.138-0300] {logging_mixin.py:188} INFO - [2024-09-17T06:31:54.138-0300] {dag.py:3089} INFO - Sync 1 DAGs
[2024-09-17T06:31:54.154-0300] {logging_mixin.py:188} INFO - [2024-09-17T06:31:54.154-0300] {dag.py:3947} INFO - Setting next_dagrun for tutorial_dag to None, run_after=None
[2024-09-17T06:31:54.176-0300] {processor.py:183} INFO - Processing /home/jezandre/airflow/airflow_env/lib/python3.11/site-packages/airflow/example_dags/tutorial_dag.py took 0.077 seconds
[2024-09-17T06:32:25.562-0300] {processor.py:161} INFO - Started process (PID=22529) to work on /home/jezandre/airflow/airflow_env/lib/python3.11/site-packages/airflow/example_dags/tutorial_dag.py
[2024-09-17T06:32:25.563-0300] {processor.py:830} INFO - Processing file /home/jezandre/airflow/airflow_env/lib/python3.11/site-packages/airflow/example_dags/tutorial_dag.py for tasks to queue
[2024-09-17T06:32:25.565-0300] {logging_mixin.py:188} INFO - [2024-09-17T06:32:25.564-0300] {dagbag.py:545} INFO - Filling up the DagBag from /home/jezandre/airflow/airflow_env/lib/python3.11/site-packages/airflow/example_dags/tutorial_dag.py
[2024-09-17T06:32:25.571-0300] {processor.py:840} INFO - DAG(s) 'tutorial_dag' retrieved from /home/jezandre/airflow/airflow_env/lib/python3.11/site-packages/airflow/example_dags/tutorial_dag.py
[2024-09-17T06:32:25.762-0300] {logging_mixin.py:188} INFO - [2024-09-17T06:32:25.762-0300] {dag.py:3089} INFO - Sync 1 DAGs
[2024-09-17T06:32:25.776-0300] {logging_mixin.py:188} INFO - [2024-09-17T06:32:25.776-0300] {dag.py:3947} INFO - Setting next_dagrun for tutorial_dag to None, run_after=None
[2024-09-17T06:32:25.812-0300] {processor.py:183} INFO - Processing /home/jezandre/airflow/airflow_env/lib/python3.11/site-packages/airflow/example_dags/tutorial_dag.py took 0.256 seconds
[2024-09-17T06:32:56.574-0300] {processor.py:161} INFO - Started process (PID=22894) to work on /home/jezandre/airflow/airflow_env/lib/python3.11/site-packages/airflow/example_dags/tutorial_dag.py
[2024-09-17T06:32:56.575-0300] {processor.py:830} INFO - Processing file /home/jezandre/airflow/airflow_env/lib/python3.11/site-packages/airflow/example_dags/tutorial_dag.py for tasks to queue
[2024-09-17T06:32:56.577-0300] {logging_mixin.py:188} INFO - [2024-09-17T06:32:56.577-0300] {dagbag.py:545} INFO - Filling up the DagBag from /home/jezandre/airflow/airflow_env/lib/python3.11/site-packages/airflow/example_dags/tutorial_dag.py
[2024-09-17T06:32:56.581-0300] {processor.py:840} INFO - DAG(s) 'tutorial_dag' retrieved from /home/jezandre/airflow/airflow_env/lib/python3.11/site-packages/airflow/example_dags/tutorial_dag.py
[2024-09-17T06:32:56.610-0300] {logging_mixin.py:188} INFO - [2024-09-17T06:32:56.610-0300] {dag.py:3089} INFO - Sync 1 DAGs
[2024-09-17T06:32:56.625-0300] {logging_mixin.py:188} INFO - [2024-09-17T06:32:56.625-0300] {dag.py:3947} INFO - Setting next_dagrun for tutorial_dag to None, run_after=None
[2024-09-17T06:32:56.656-0300] {processor.py:183} INFO - Processing /home/jezandre/airflow/airflow_env/lib/python3.11/site-packages/airflow/example_dags/tutorial_dag.py took 0.087 seconds
[2024-09-17T06:33:27.087-0300] {processor.py:161} INFO - Started process (PID=23132) to work on /home/jezandre/airflow/airflow_env/lib/python3.11/site-packages/airflow/example_dags/tutorial_dag.py
[2024-09-17T06:33:27.089-0300] {processor.py:830} INFO - Processing file /home/jezandre/airflow/airflow_env/lib/python3.11/site-packages/airflow/example_dags/tutorial_dag.py for tasks to queue
[2024-09-17T06:33:27.091-0300] {logging_mixin.py:188} INFO - [2024-09-17T06:33:27.090-0300] {dagbag.py:545} INFO - Filling up the DagBag from /home/jezandre/airflow/airflow_env/lib/python3.11/site-packages/airflow/example_dags/tutorial_dag.py
[2024-09-17T06:33:27.097-0300] {processor.py:840} INFO - DAG(s) 'tutorial_dag' retrieved from /home/jezandre/airflow/airflow_env/lib/python3.11/site-packages/airflow/example_dags/tutorial_dag.py
[2024-09-17T06:33:27.122-0300] {logging_mixin.py:188} INFO - [2024-09-17T06:33:27.122-0300] {dag.py:3089} INFO - Sync 1 DAGs
[2024-09-17T06:33:27.137-0300] {logging_mixin.py:188} INFO - [2024-09-17T06:33:27.136-0300] {dag.py:3947} INFO - Setting next_dagrun for tutorial_dag to None, run_after=None
[2024-09-17T06:33:27.161-0300] {processor.py:183} INFO - Processing /home/jezandre/airflow/airflow_env/lib/python3.11/site-packages/airflow/example_dags/tutorial_dag.py took 0.080 seconds
[2024-09-17T06:33:57.815-0300] {processor.py:161} INFO - Started process (PID=23410) to work on /home/jezandre/airflow/airflow_env/lib/python3.11/site-packages/airflow/example_dags/tutorial_dag.py
[2024-09-17T06:33:57.817-0300] {processor.py:830} INFO - Processing file /home/jezandre/airflow/airflow_env/lib/python3.11/site-packages/airflow/example_dags/tutorial_dag.py for tasks to queue
[2024-09-17T06:33:57.818-0300] {logging_mixin.py:188} INFO - [2024-09-17T06:33:57.818-0300] {dagbag.py:545} INFO - Filling up the DagBag from /home/jezandre/airflow/airflow_env/lib/python3.11/site-packages/airflow/example_dags/tutorial_dag.py
[2024-09-17T06:33:57.824-0300] {processor.py:840} INFO - DAG(s) 'tutorial_dag' retrieved from /home/jezandre/airflow/airflow_env/lib/python3.11/site-packages/airflow/example_dags/tutorial_dag.py
[2024-09-17T06:33:57.855-0300] {logging_mixin.py:188} INFO - [2024-09-17T06:33:57.855-0300] {dag.py:3089} INFO - Sync 1 DAGs
[2024-09-17T06:33:57.873-0300] {logging_mixin.py:188} INFO - [2024-09-17T06:33:57.872-0300] {dag.py:3947} INFO - Setting next_dagrun for tutorial_dag to None, run_after=None
[2024-09-17T06:33:57.901-0300] {processor.py:183} INFO - Processing /home/jezandre/airflow/airflow_env/lib/python3.11/site-packages/airflow/example_dags/tutorial_dag.py took 0.094 seconds
[2024-09-17T06:34:28.143-0300] {processor.py:161} INFO - Started process (PID=23649) to work on /home/jezandre/airflow/airflow_env/lib/python3.11/site-packages/airflow/example_dags/tutorial_dag.py
[2024-09-17T06:34:28.144-0300] {processor.py:830} INFO - Processing file /home/jezandre/airflow/airflow_env/lib/python3.11/site-packages/airflow/example_dags/tutorial_dag.py for tasks to queue
[2024-09-17T06:34:28.145-0300] {logging_mixin.py:188} INFO - [2024-09-17T06:34:28.145-0300] {dagbag.py:545} INFO - Filling up the DagBag from /home/jezandre/airflow/airflow_env/lib/python3.11/site-packages/airflow/example_dags/tutorial_dag.py
[2024-09-17T06:34:28.151-0300] {processor.py:840} INFO - DAG(s) 'tutorial_dag' retrieved from /home/jezandre/airflow/airflow_env/lib/python3.11/site-packages/airflow/example_dags/tutorial_dag.py
[2024-09-17T06:34:28.177-0300] {logging_mixin.py:188} INFO - [2024-09-17T06:34:28.176-0300] {dag.py:3089} INFO - Sync 1 DAGs
[2024-09-17T06:34:28.192-0300] {logging_mixin.py:188} INFO - [2024-09-17T06:34:28.191-0300] {dag.py:3947} INFO - Setting next_dagrun for tutorial_dag to None, run_after=None
[2024-09-17T06:34:28.222-0300] {processor.py:183} INFO - Processing /home/jezandre/airflow/airflow_env/lib/python3.11/site-packages/airflow/example_dags/tutorial_dag.py took 0.085 seconds
[2024-09-17T06:34:58.651-0300] {processor.py:161} INFO - Started process (PID=23999) to work on /home/jezandre/airflow/airflow_env/lib/python3.11/site-packages/airflow/example_dags/tutorial_dag.py
[2024-09-17T06:34:58.653-0300] {processor.py:830} INFO - Processing file /home/jezandre/airflow/airflow_env/lib/python3.11/site-packages/airflow/example_dags/tutorial_dag.py for tasks to queue
[2024-09-17T06:34:58.656-0300] {logging_mixin.py:188} INFO - [2024-09-17T06:34:58.655-0300] {dagbag.py:545} INFO - Filling up the DagBag from /home/jezandre/airflow/airflow_env/lib/python3.11/site-packages/airflow/example_dags/tutorial_dag.py
[2024-09-17T06:34:58.661-0300] {processor.py:840} INFO - DAG(s) 'tutorial_dag' retrieved from /home/jezandre/airflow/airflow_env/lib/python3.11/site-packages/airflow/example_dags/tutorial_dag.py
[2024-09-17T06:34:58.691-0300] {logging_mixin.py:188} INFO - [2024-09-17T06:34:58.690-0300] {dag.py:3089} INFO - Sync 1 DAGs
[2024-09-17T06:34:58.707-0300] {logging_mixin.py:188} INFO - [2024-09-17T06:34:58.707-0300] {dag.py:3947} INFO - Setting next_dagrun for tutorial_dag to None, run_after=None
[2024-09-17T06:34:58.740-0300] {processor.py:183} INFO - Processing /home/jezandre/airflow/airflow_env/lib/python3.11/site-packages/airflow/example_dags/tutorial_dag.py took 0.095 seconds
[2024-09-17T06:35:29.258-0300] {processor.py:161} INFO - Started process (PID=24240) to work on /home/jezandre/airflow/airflow_env/lib/python3.11/site-packages/airflow/example_dags/tutorial_dag.py
[2024-09-17T06:35:29.260-0300] {processor.py:830} INFO - Processing file /home/jezandre/airflow/airflow_env/lib/python3.11/site-packages/airflow/example_dags/tutorial_dag.py for tasks to queue
[2024-09-17T06:35:29.261-0300] {logging_mixin.py:188} INFO - [2024-09-17T06:35:29.261-0300] {dagbag.py:545} INFO - Filling up the DagBag from /home/jezandre/airflow/airflow_env/lib/python3.11/site-packages/airflow/example_dags/tutorial_dag.py
[2024-09-17T06:35:29.266-0300] {processor.py:840} INFO - DAG(s) 'tutorial_dag' retrieved from /home/jezandre/airflow/airflow_env/lib/python3.11/site-packages/airflow/example_dags/tutorial_dag.py
[2024-09-17T06:35:29.294-0300] {logging_mixin.py:188} INFO - [2024-09-17T06:35:29.294-0300] {dag.py:3089} INFO - Sync 1 DAGs
[2024-09-17T06:35:29.311-0300] {logging_mixin.py:188} INFO - [2024-09-17T06:35:29.310-0300] {dag.py:3947} INFO - Setting next_dagrun for tutorial_dag to None, run_after=None
[2024-09-17T06:35:29.339-0300] {processor.py:183} INFO - Processing /home/jezandre/airflow/airflow_env/lib/python3.11/site-packages/airflow/example_dags/tutorial_dag.py took 0.087 seconds
[2024-09-17T06:35:59.565-0300] {processor.py:161} INFO - Started process (PID=24560) to work on /home/jezandre/airflow/airflow_env/lib/python3.11/site-packages/airflow/example_dags/tutorial_dag.py
[2024-09-17T06:35:59.566-0300] {processor.py:830} INFO - Processing file /home/jezandre/airflow/airflow_env/lib/python3.11/site-packages/airflow/example_dags/tutorial_dag.py for tasks to queue
[2024-09-17T06:35:59.568-0300] {logging_mixin.py:188} INFO - [2024-09-17T06:35:59.568-0300] {dagbag.py:545} INFO - Filling up the DagBag from /home/jezandre/airflow/airflow_env/lib/python3.11/site-packages/airflow/example_dags/tutorial_dag.py
[2024-09-17T06:35:59.575-0300] {processor.py:840} INFO - DAG(s) 'tutorial_dag' retrieved from /home/jezandre/airflow/airflow_env/lib/python3.11/site-packages/airflow/example_dags/tutorial_dag.py
[2024-09-17T06:35:59.617-0300] {logging_mixin.py:188} INFO - [2024-09-17T06:35:59.617-0300] {dag.py:3089} INFO - Sync 1 DAGs
[2024-09-17T06:35:59.638-0300] {logging_mixin.py:188} INFO - [2024-09-17T06:35:59.637-0300] {dag.py:3947} INFO - Setting next_dagrun for tutorial_dag to None, run_after=None
[2024-09-17T06:35:59.679-0300] {processor.py:183} INFO - Processing /home/jezandre/airflow/airflow_env/lib/python3.11/site-packages/airflow/example_dags/tutorial_dag.py took 0.124 seconds
[2024-09-17T06:36:29.927-0300] {processor.py:161} INFO - Started process (PID=24775) to work on /home/jezandre/airflow/airflow_env/lib/python3.11/site-packages/airflow/example_dags/tutorial_dag.py
[2024-09-17T06:36:29.928-0300] {processor.py:830} INFO - Processing file /home/jezandre/airflow/airflow_env/lib/python3.11/site-packages/airflow/example_dags/tutorial_dag.py for tasks to queue
[2024-09-17T06:36:29.929-0300] {logging_mixin.py:188} INFO - [2024-09-17T06:36:29.929-0300] {dagbag.py:545} INFO - Filling up the DagBag from /home/jezandre/airflow/airflow_env/lib/python3.11/site-packages/airflow/example_dags/tutorial_dag.py
[2024-09-17T06:36:29.934-0300] {processor.py:840} INFO - DAG(s) 'tutorial_dag' retrieved from /home/jezandre/airflow/airflow_env/lib/python3.11/site-packages/airflow/example_dags/tutorial_dag.py
[2024-09-17T06:36:29.961-0300] {logging_mixin.py:188} INFO - [2024-09-17T06:36:29.961-0300] {dag.py:3089} INFO - Sync 1 DAGs
[2024-09-17T06:36:29.975-0300] {logging_mixin.py:188} INFO - [2024-09-17T06:36:29.975-0300] {dag.py:3947} INFO - Setting next_dagrun for tutorial_dag to None, run_after=None
[2024-09-17T06:36:30.004-0300] {processor.py:183} INFO - Processing /home/jezandre/airflow/airflow_env/lib/python3.11/site-packages/airflow/example_dags/tutorial_dag.py took 0.082 seconds
[2024-09-17T06:37:00.430-0300] {processor.py:161} INFO - Started process (PID=25007) to work on /home/jezandre/airflow/airflow_env/lib/python3.11/site-packages/airflow/example_dags/tutorial_dag.py
[2024-09-17T06:37:00.432-0300] {processor.py:830} INFO - Processing file /home/jezandre/airflow/airflow_env/lib/python3.11/site-packages/airflow/example_dags/tutorial_dag.py for tasks to queue
[2024-09-17T06:37:00.435-0300] {logging_mixin.py:188} INFO - [2024-09-17T06:37:00.434-0300] {dagbag.py:545} INFO - Filling up the DagBag from /home/jezandre/airflow/airflow_env/lib/python3.11/site-packages/airflow/example_dags/tutorial_dag.py
[2024-09-17T06:37:00.443-0300] {processor.py:840} INFO - DAG(s) 'tutorial_dag' retrieved from /home/jezandre/airflow/airflow_env/lib/python3.11/site-packages/airflow/example_dags/tutorial_dag.py
[2024-09-17T06:37:00.482-0300] {logging_mixin.py:188} INFO - [2024-09-17T06:37:00.481-0300] {dag.py:3089} INFO - Sync 1 DAGs
[2024-09-17T06:37:00.500-0300] {logging_mixin.py:188} INFO - [2024-09-17T06:37:00.499-0300] {dag.py:3947} INFO - Setting next_dagrun for tutorial_dag to None, run_after=None
[2024-09-17T06:37:00.529-0300] {processor.py:183} INFO - Processing /home/jezandre/airflow/airflow_env/lib/python3.11/site-packages/airflow/example_dags/tutorial_dag.py took 0.111 seconds
[2024-09-17T06:37:31.159-0300] {processor.py:161} INFO - Started process (PID=25219) to work on /home/jezandre/airflow/airflow_env/lib/python3.11/site-packages/airflow/example_dags/tutorial_dag.py
[2024-09-17T06:37:31.160-0300] {processor.py:830} INFO - Processing file /home/jezandre/airflow/airflow_env/lib/python3.11/site-packages/airflow/example_dags/tutorial_dag.py for tasks to queue
[2024-09-17T06:37:31.163-0300] {logging_mixin.py:188} INFO - [2024-09-17T06:37:31.162-0300] {dagbag.py:545} INFO - Filling up the DagBag from /home/jezandre/airflow/airflow_env/lib/python3.11/site-packages/airflow/example_dags/tutorial_dag.py
[2024-09-17T06:37:31.168-0300] {processor.py:840} INFO - DAG(s) 'tutorial_dag' retrieved from /home/jezandre/airflow/airflow_env/lib/python3.11/site-packages/airflow/example_dags/tutorial_dag.py
[2024-09-17T06:37:31.518-0300] {logging_mixin.py:188} INFO - [2024-09-17T06:37:31.517-0300] {dag.py:3089} INFO - Sync 1 DAGs
[2024-09-17T06:37:31.564-0300] {logging_mixin.py:188} INFO - [2024-09-17T06:37:31.564-0300] {dag.py:3947} INFO - Setting next_dagrun for tutorial_dag to None, run_after=None
[2024-09-17T06:37:31.616-0300] {processor.py:183} INFO - Processing /home/jezandre/airflow/airflow_env/lib/python3.11/site-packages/airflow/example_dags/tutorial_dag.py took 0.467 seconds
[2024-09-17T06:38:01.932-0300] {processor.py:161} INFO - Started process (PID=25462) to work on /home/jezandre/airflow/airflow_env/lib/python3.11/site-packages/airflow/example_dags/tutorial_dag.py
[2024-09-17T06:38:01.933-0300] {processor.py:830} INFO - Processing file /home/jezandre/airflow/airflow_env/lib/python3.11/site-packages/airflow/example_dags/tutorial_dag.py for tasks to queue
[2024-09-17T06:38:01.935-0300] {logging_mixin.py:188} INFO - [2024-09-17T06:38:01.935-0300] {dagbag.py:545} INFO - Filling up the DagBag from /home/jezandre/airflow/airflow_env/lib/python3.11/site-packages/airflow/example_dags/tutorial_dag.py
[2024-09-17T06:38:01.940-0300] {processor.py:840} INFO - DAG(s) 'tutorial_dag' retrieved from /home/jezandre/airflow/airflow_env/lib/python3.11/site-packages/airflow/example_dags/tutorial_dag.py
[2024-09-17T06:38:01.968-0300] {logging_mixin.py:188} INFO - [2024-09-17T06:38:01.968-0300] {dag.py:3089} INFO - Sync 1 DAGs
[2024-09-17T06:38:01.985-0300] {logging_mixin.py:188} INFO - [2024-09-17T06:38:01.985-0300] {dag.py:3947} INFO - Setting next_dagrun for tutorial_dag to None, run_after=None
[2024-09-17T06:38:02.012-0300] {processor.py:183} INFO - Processing /home/jezandre/airflow/airflow_env/lib/python3.11/site-packages/airflow/example_dags/tutorial_dag.py took 0.087 seconds
[2024-09-17T06:38:32.414-0300] {processor.py:161} INFO - Started process (PID=25765) to work on /home/jezandre/airflow/airflow_env/lib/python3.11/site-packages/airflow/example_dags/tutorial_dag.py
[2024-09-17T06:38:32.414-0300] {processor.py:830} INFO - Processing file /home/jezandre/airflow/airflow_env/lib/python3.11/site-packages/airflow/example_dags/tutorial_dag.py for tasks to queue
[2024-09-17T06:38:32.416-0300] {logging_mixin.py:188} INFO - [2024-09-17T06:38:32.416-0300] {dagbag.py:545} INFO - Filling up the DagBag from /home/jezandre/airflow/airflow_env/lib/python3.11/site-packages/airflow/example_dags/tutorial_dag.py
[2024-09-17T06:38:32.421-0300] {processor.py:840} INFO - DAG(s) 'tutorial_dag' retrieved from /home/jezandre/airflow/airflow_env/lib/python3.11/site-packages/airflow/example_dags/tutorial_dag.py
[2024-09-17T06:38:32.452-0300] {logging_mixin.py:188} INFO - [2024-09-17T06:38:32.452-0300] {dag.py:3089} INFO - Sync 1 DAGs
[2024-09-17T06:38:32.466-0300] {logging_mixin.py:188} INFO - [2024-09-17T06:38:32.466-0300] {dag.py:3947} INFO - Setting next_dagrun for tutorial_dag to None, run_after=None
[2024-09-17T06:38:32.493-0300] {processor.py:183} INFO - Processing /home/jezandre/airflow/airflow_env/lib/python3.11/site-packages/airflow/example_dags/tutorial_dag.py took 0.086 seconds
[2024-09-17T06:39:03.003-0300] {processor.py:161} INFO - Started process (PID=26108) to work on /home/jezandre/airflow/airflow_env/lib/python3.11/site-packages/airflow/example_dags/tutorial_dag.py
[2024-09-17T06:39:03.005-0300] {processor.py:830} INFO - Processing file /home/jezandre/airflow/airflow_env/lib/python3.11/site-packages/airflow/example_dags/tutorial_dag.py for tasks to queue
[2024-09-17T06:39:03.007-0300] {logging_mixin.py:188} INFO - [2024-09-17T06:39:03.007-0300] {dagbag.py:545} INFO - Filling up the DagBag from /home/jezandre/airflow/airflow_env/lib/python3.11/site-packages/airflow/example_dags/tutorial_dag.py
[2024-09-17T06:39:03.013-0300] {processor.py:840} INFO - DAG(s) 'tutorial_dag' retrieved from /home/jezandre/airflow/airflow_env/lib/python3.11/site-packages/airflow/example_dags/tutorial_dag.py
[2024-09-17T06:39:03.061-0300] {logging_mixin.py:188} INFO - [2024-09-17T06:39:03.060-0300] {dag.py:3089} INFO - Sync 1 DAGs
[2024-09-17T06:39:03.086-0300] {logging_mixin.py:188} INFO - [2024-09-17T06:39:03.085-0300] {dag.py:3947} INFO - Setting next_dagrun for tutorial_dag to None, run_after=None
[2024-09-17T06:39:03.126-0300] {processor.py:183} INFO - Processing /home/jezandre/airflow/airflow_env/lib/python3.11/site-packages/airflow/example_dags/tutorial_dag.py took 0.136 seconds
[2024-09-17T06:39:33.548-0300] {processor.py:161} INFO - Started process (PID=26333) to work on /home/jezandre/airflow/airflow_env/lib/python3.11/site-packages/airflow/example_dags/tutorial_dag.py
[2024-09-17T06:39:33.550-0300] {processor.py:830} INFO - Processing file /home/jezandre/airflow/airflow_env/lib/python3.11/site-packages/airflow/example_dags/tutorial_dag.py for tasks to queue
[2024-09-17T06:39:33.552-0300] {logging_mixin.py:188} INFO - [2024-09-17T06:39:33.551-0300] {dagbag.py:545} INFO - Filling up the DagBag from /home/jezandre/airflow/airflow_env/lib/python3.11/site-packages/airflow/example_dags/tutorial_dag.py
[2024-09-17T06:39:33.557-0300] {processor.py:840} INFO - DAG(s) 'tutorial_dag' retrieved from /home/jezandre/airflow/airflow_env/lib/python3.11/site-packages/airflow/example_dags/tutorial_dag.py
[2024-09-17T06:39:33.585-0300] {logging_mixin.py:188} INFO - [2024-09-17T06:39:33.585-0300] {dag.py:3089} INFO - Sync 1 DAGs
[2024-09-17T06:39:33.607-0300] {logging_mixin.py:188} INFO - [2024-09-17T06:39:33.607-0300] {dag.py:3947} INFO - Setting next_dagrun for tutorial_dag to None, run_after=None
[2024-09-17T06:39:33.640-0300] {processor.py:183} INFO - Processing /home/jezandre/airflow/airflow_env/lib/python3.11/site-packages/airflow/example_dags/tutorial_dag.py took 0.101 seconds
[2024-09-17T06:40:04.406-0300] {processor.py:161} INFO - Started process (PID=26616) to work on /home/jezandre/airflow/airflow_env/lib/python3.11/site-packages/airflow/example_dags/tutorial_dag.py
[2024-09-17T06:40:04.408-0300] {processor.py:830} INFO - Processing file /home/jezandre/airflow/airflow_env/lib/python3.11/site-packages/airflow/example_dags/tutorial_dag.py for tasks to queue
[2024-09-17T06:40:04.411-0300] {logging_mixin.py:188} INFO - [2024-09-17T06:40:04.410-0300] {dagbag.py:545} INFO - Filling up the DagBag from /home/jezandre/airflow/airflow_env/lib/python3.11/site-packages/airflow/example_dags/tutorial_dag.py
[2024-09-17T06:40:04.417-0300] {processor.py:840} INFO - DAG(s) 'tutorial_dag' retrieved from /home/jezandre/airflow/airflow_env/lib/python3.11/site-packages/airflow/example_dags/tutorial_dag.py
[2024-09-17T06:40:04.455-0300] {logging_mixin.py:188} INFO - [2024-09-17T06:40:04.455-0300] {dag.py:3089} INFO - Sync 1 DAGs
[2024-09-17T06:40:04.478-0300] {logging_mixin.py:188} INFO - [2024-09-17T06:40:04.478-0300] {dag.py:3947} INFO - Setting next_dagrun for tutorial_dag to None, run_after=None
[2024-09-17T06:40:04.515-0300] {processor.py:183} INFO - Processing /home/jezandre/airflow/airflow_env/lib/python3.11/site-packages/airflow/example_dags/tutorial_dag.py took 0.120 seconds
[2024-09-17T06:40:34.877-0300] {processor.py:161} INFO - Started process (PID=26957) to work on /home/jezandre/airflow/airflow_env/lib/python3.11/site-packages/airflow/example_dags/tutorial_dag.py
[2024-09-17T06:40:34.879-0300] {processor.py:830} INFO - Processing file /home/jezandre/airflow/airflow_env/lib/python3.11/site-packages/airflow/example_dags/tutorial_dag.py for tasks to queue
[2024-09-17T06:40:34.882-0300] {logging_mixin.py:188} INFO - [2024-09-17T06:40:34.882-0300] {dagbag.py:545} INFO - Filling up the DagBag from /home/jezandre/airflow/airflow_env/lib/python3.11/site-packages/airflow/example_dags/tutorial_dag.py
[2024-09-17T06:40:34.888-0300] {processor.py:840} INFO - DAG(s) 'tutorial_dag' retrieved from /home/jezandre/airflow/airflow_env/lib/python3.11/site-packages/airflow/example_dags/tutorial_dag.py
[2024-09-17T06:40:34.924-0300] {logging_mixin.py:188} INFO - [2024-09-17T06:40:34.923-0300] {dag.py:3089} INFO - Sync 1 DAGs
[2024-09-17T06:40:34.942-0300] {logging_mixin.py:188} INFO - [2024-09-17T06:40:34.942-0300] {dag.py:3947} INFO - Setting next_dagrun for tutorial_dag to None, run_after=None
[2024-09-17T06:40:34.978-0300] {processor.py:183} INFO - Processing /home/jezandre/airflow/airflow_env/lib/python3.11/site-packages/airflow/example_dags/tutorial_dag.py took 0.112 seconds
[2024-09-17T06:41:05.315-0300] {processor.py:161} INFO - Started process (PID=27309) to work on /home/jezandre/airflow/airflow_env/lib/python3.11/site-packages/airflow/example_dags/tutorial_dag.py
[2024-09-17T06:41:05.316-0300] {processor.py:830} INFO - Processing file /home/jezandre/airflow/airflow_env/lib/python3.11/site-packages/airflow/example_dags/tutorial_dag.py for tasks to queue
[2024-09-17T06:41:05.318-0300] {logging_mixin.py:188} INFO - [2024-09-17T06:41:05.318-0300] {dagbag.py:545} INFO - Filling up the DagBag from /home/jezandre/airflow/airflow_env/lib/python3.11/site-packages/airflow/example_dags/tutorial_dag.py
[2024-09-17T06:41:05.323-0300] {processor.py:840} INFO - DAG(s) 'tutorial_dag' retrieved from /home/jezandre/airflow/airflow_env/lib/python3.11/site-packages/airflow/example_dags/tutorial_dag.py
[2024-09-17T06:41:05.350-0300] {logging_mixin.py:188} INFO - [2024-09-17T06:41:05.350-0300] {dag.py:3089} INFO - Sync 1 DAGs
[2024-09-17T06:41:05.365-0300] {logging_mixin.py:188} INFO - [2024-09-17T06:41:05.365-0300] {dag.py:3947} INFO - Setting next_dagrun for tutorial_dag to None, run_after=None
[2024-09-17T06:41:05.391-0300] {processor.py:183} INFO - Processing /home/jezandre/airflow/airflow_env/lib/python3.11/site-packages/airflow/example_dags/tutorial_dag.py took 0.084 seconds
[2024-09-17T06:41:35.935-0300] {processor.py:161} INFO - Started process (PID=27649) to work on /home/jezandre/airflow/airflow_env/lib/python3.11/site-packages/airflow/example_dags/tutorial_dag.py
[2024-09-17T06:41:35.937-0300] {processor.py:830} INFO - Processing file /home/jezandre/airflow/airflow_env/lib/python3.11/site-packages/airflow/example_dags/tutorial_dag.py for tasks to queue
[2024-09-17T06:41:35.940-0300] {logging_mixin.py:188} INFO - [2024-09-17T06:41:35.939-0300] {dagbag.py:545} INFO - Filling up the DagBag from /home/jezandre/airflow/airflow_env/lib/python3.11/site-packages/airflow/example_dags/tutorial_dag.py
[2024-09-17T06:41:35.945-0300] {processor.py:840} INFO - DAG(s) 'tutorial_dag' retrieved from /home/jezandre/airflow/airflow_env/lib/python3.11/site-packages/airflow/example_dags/tutorial_dag.py
[2024-09-17T06:41:35.980-0300] {logging_mixin.py:188} INFO - [2024-09-17T06:41:35.979-0300] {dag.py:3089} INFO - Sync 1 DAGs
[2024-09-17T06:41:35.997-0300] {logging_mixin.py:188} INFO - [2024-09-17T06:41:35.997-0300] {dag.py:3947} INFO - Setting next_dagrun for tutorial_dag to None, run_after=None
[2024-09-17T06:41:36.030-0300] {processor.py:183} INFO - Processing /home/jezandre/airflow/airflow_env/lib/python3.11/site-packages/airflow/example_dags/tutorial_dag.py took 0.105 seconds
[2024-09-17T06:42:06.445-0300] {processor.py:161} INFO - Started process (PID=27881) to work on /home/jezandre/airflow/airflow_env/lib/python3.11/site-packages/airflow/example_dags/tutorial_dag.py
[2024-09-17T06:42:06.446-0300] {processor.py:830} INFO - Processing file /home/jezandre/airflow/airflow_env/lib/python3.11/site-packages/airflow/example_dags/tutorial_dag.py for tasks to queue
[2024-09-17T06:42:06.448-0300] {logging_mixin.py:188} INFO - [2024-09-17T06:42:06.448-0300] {dagbag.py:545} INFO - Filling up the DagBag from /home/jezandre/airflow/airflow_env/lib/python3.11/site-packages/airflow/example_dags/tutorial_dag.py
[2024-09-17T06:42:06.452-0300] {processor.py:840} INFO - DAG(s) 'tutorial_dag' retrieved from /home/jezandre/airflow/airflow_env/lib/python3.11/site-packages/airflow/example_dags/tutorial_dag.py
[2024-09-17T06:42:06.581-0300] {logging_mixin.py:188} INFO - [2024-09-17T06:42:06.581-0300] {dag.py:3089} INFO - Sync 1 DAGs
[2024-09-17T06:42:06.593-0300] {logging_mixin.py:188} INFO - [2024-09-17T06:42:06.593-0300] {dag.py:3947} INFO - Setting next_dagrun for tutorial_dag to None, run_after=None
[2024-09-17T06:42:06.619-0300] {processor.py:183} INFO - Processing /home/jezandre/airflow/airflow_env/lib/python3.11/site-packages/airflow/example_dags/tutorial_dag.py took 0.183 seconds
[2024-09-17T06:42:37.544-0300] {processor.py:161} INFO - Started process (PID=28094) to work on /home/jezandre/airflow/airflow_env/lib/python3.11/site-packages/airflow/example_dags/tutorial_dag.py
[2024-09-17T06:42:37.546-0300] {processor.py:830} INFO - Processing file /home/jezandre/airflow/airflow_env/lib/python3.11/site-packages/airflow/example_dags/tutorial_dag.py for tasks to queue
[2024-09-17T06:42:37.548-0300] {logging_mixin.py:188} INFO - [2024-09-17T06:42:37.548-0300] {dagbag.py:545} INFO - Filling up the DagBag from /home/jezandre/airflow/airflow_env/lib/python3.11/site-packages/airflow/example_dags/tutorial_dag.py
[2024-09-17T06:42:37.555-0300] {processor.py:840} INFO - DAG(s) 'tutorial_dag' retrieved from /home/jezandre/airflow/airflow_env/lib/python3.11/site-packages/airflow/example_dags/tutorial_dag.py
[2024-09-17T06:42:37.588-0300] {logging_mixin.py:188} INFO - [2024-09-17T06:42:37.587-0300] {dag.py:3089} INFO - Sync 1 DAGs
[2024-09-17T06:42:37.608-0300] {logging_mixin.py:188} INFO - [2024-09-17T06:42:37.608-0300] {dag.py:3947} INFO - Setting next_dagrun for tutorial_dag to None, run_after=None
[2024-09-17T06:42:37.639-0300] {processor.py:183} INFO - Processing /home/jezandre/airflow/airflow_env/lib/python3.11/site-packages/airflow/example_dags/tutorial_dag.py took 0.105 seconds
[2024-09-17T06:43:07.736-0300] {processor.py:161} INFO - Started process (PID=28862) to work on /home/jezandre/airflow/airflow_env/lib/python3.11/site-packages/airflow/example_dags/tutorial_dag.py
[2024-09-17T06:43:07.738-0300] {processor.py:830} INFO - Processing file /home/jezandre/airflow/airflow_env/lib/python3.11/site-packages/airflow/example_dags/tutorial_dag.py for tasks to queue
[2024-09-17T06:43:07.740-0300] {logging_mixin.py:188} INFO - [2024-09-17T06:43:07.740-0300] {dagbag.py:545} INFO - Filling up the DagBag from /home/jezandre/airflow/airflow_env/lib/python3.11/site-packages/airflow/example_dags/tutorial_dag.py
[2024-09-17T06:43:07.748-0300] {processor.py:840} INFO - DAG(s) 'tutorial_dag' retrieved from /home/jezandre/airflow/airflow_env/lib/python3.11/site-packages/airflow/example_dags/tutorial_dag.py
[2024-09-17T06:43:07.788-0300] {logging_mixin.py:188} INFO - [2024-09-17T06:43:07.787-0300] {dag.py:3089} INFO - Sync 1 DAGs
[2024-09-17T06:43:07.818-0300] {logging_mixin.py:188} INFO - [2024-09-17T06:43:07.818-0300] {dag.py:3947} INFO - Setting next_dagrun for tutorial_dag to None, run_after=None
[2024-09-17T06:43:07.868-0300] {processor.py:183} INFO - Processing /home/jezandre/airflow/airflow_env/lib/python3.11/site-packages/airflow/example_dags/tutorial_dag.py took 0.146 seconds
[2024-09-17T06:43:38.759-0300] {processor.py:161} INFO - Started process (PID=29140) to work on /home/jezandre/airflow/airflow_env/lib/python3.11/site-packages/airflow/example_dags/tutorial_dag.py
[2024-09-17T06:43:38.760-0300] {processor.py:830} INFO - Processing file /home/jezandre/airflow/airflow_env/lib/python3.11/site-packages/airflow/example_dags/tutorial_dag.py for tasks to queue
[2024-09-17T06:43:38.762-0300] {logging_mixin.py:188} INFO - [2024-09-17T06:43:38.762-0300] {dagbag.py:545} INFO - Filling up the DagBag from /home/jezandre/airflow/airflow_env/lib/python3.11/site-packages/airflow/example_dags/tutorial_dag.py
[2024-09-17T06:43:38.766-0300] {processor.py:840} INFO - DAG(s) 'tutorial_dag' retrieved from /home/jezandre/airflow/airflow_env/lib/python3.11/site-packages/airflow/example_dags/tutorial_dag.py
[2024-09-17T06:43:38.796-0300] {logging_mixin.py:188} INFO - [2024-09-17T06:43:38.796-0300] {dag.py:3089} INFO - Sync 1 DAGs
[2024-09-17T06:43:38.812-0300] {logging_mixin.py:188} INFO - [2024-09-17T06:43:38.812-0300] {dag.py:3947} INFO - Setting next_dagrun for tutorial_dag to None, run_after=None
[2024-09-17T06:43:38.839-0300] {processor.py:183} INFO - Processing /home/jezandre/airflow/airflow_env/lib/python3.11/site-packages/airflow/example_dags/tutorial_dag.py took 0.091 seconds
[2024-09-17T06:44:09.515-0300] {processor.py:161} INFO - Started process (PID=29373) to work on /home/jezandre/airflow/airflow_env/lib/python3.11/site-packages/airflow/example_dags/tutorial_dag.py
[2024-09-17T06:44:09.515-0300] {processor.py:830} INFO - Processing file /home/jezandre/airflow/airflow_env/lib/python3.11/site-packages/airflow/example_dags/tutorial_dag.py for tasks to queue
[2024-09-17T06:44:09.517-0300] {logging_mixin.py:188} INFO - [2024-09-17T06:44:09.517-0300] {dagbag.py:545} INFO - Filling up the DagBag from /home/jezandre/airflow/airflow_env/lib/python3.11/site-packages/airflow/example_dags/tutorial_dag.py
[2024-09-17T06:44:09.522-0300] {processor.py:840} INFO - DAG(s) 'tutorial_dag' retrieved from /home/jezandre/airflow/airflow_env/lib/python3.11/site-packages/airflow/example_dags/tutorial_dag.py
[2024-09-17T06:44:09.550-0300] {logging_mixin.py:188} INFO - [2024-09-17T06:44:09.550-0300] {dag.py:3089} INFO - Sync 1 DAGs
[2024-09-17T06:44:09.565-0300] {logging_mixin.py:188} INFO - [2024-09-17T06:44:09.565-0300] {dag.py:3947} INFO - Setting next_dagrun for tutorial_dag to None, run_after=None
[2024-09-17T06:44:09.596-0300] {processor.py:183} INFO - Processing /home/jezandre/airflow/airflow_env/lib/python3.11/site-packages/airflow/example_dags/tutorial_dag.py took 0.091 seconds
[2024-09-17T06:44:40.077-0300] {processor.py:161} INFO - Started process (PID=29568) to work on /home/jezandre/airflow/airflow_env/lib/python3.11/site-packages/airflow/example_dags/tutorial_dag.py
[2024-09-17T06:44:40.078-0300] {processor.py:830} INFO - Processing file /home/jezandre/airflow/airflow_env/lib/python3.11/site-packages/airflow/example_dags/tutorial_dag.py for tasks to queue
[2024-09-17T06:44:40.081-0300] {logging_mixin.py:188} INFO - [2024-09-17T06:44:40.080-0300] {dagbag.py:545} INFO - Filling up the DagBag from /home/jezandre/airflow/airflow_env/lib/python3.11/site-packages/airflow/example_dags/tutorial_dag.py
[2024-09-17T06:44:40.086-0300] {processor.py:840} INFO - DAG(s) 'tutorial_dag' retrieved from /home/jezandre/airflow/airflow_env/lib/python3.11/site-packages/airflow/example_dags/tutorial_dag.py
[2024-09-17T06:44:40.118-0300] {logging_mixin.py:188} INFO - [2024-09-17T06:44:40.117-0300] {dag.py:3089} INFO - Sync 1 DAGs
[2024-09-17T06:44:40.133-0300] {logging_mixin.py:188} INFO - [2024-09-17T06:44:40.133-0300] {dag.py:3947} INFO - Setting next_dagrun for tutorial_dag to None, run_after=None
[2024-09-17T06:44:40.169-0300] {processor.py:183} INFO - Processing /home/jezandre/airflow/airflow_env/lib/python3.11/site-packages/airflow/example_dags/tutorial_dag.py took 0.105 seconds
[2024-09-17T06:45:11.017-0300] {processor.py:161} INFO - Started process (PID=29912) to work on /home/jezandre/airflow/airflow_env/lib/python3.11/site-packages/airflow/example_dags/tutorial_dag.py
[2024-09-17T06:45:11.019-0300] {processor.py:830} INFO - Processing file /home/jezandre/airflow/airflow_env/lib/python3.11/site-packages/airflow/example_dags/tutorial_dag.py for tasks to queue
[2024-09-17T06:45:11.021-0300] {logging_mixin.py:188} INFO - [2024-09-17T06:45:11.021-0300] {dagbag.py:545} INFO - Filling up the DagBag from /home/jezandre/airflow/airflow_env/lib/python3.11/site-packages/airflow/example_dags/tutorial_dag.py
[2024-09-17T06:45:11.026-0300] {processor.py:840} INFO - DAG(s) 'tutorial_dag' retrieved from /home/jezandre/airflow/airflow_env/lib/python3.11/site-packages/airflow/example_dags/tutorial_dag.py
[2024-09-17T06:45:11.061-0300] {logging_mixin.py:188} INFO - [2024-09-17T06:45:11.061-0300] {dag.py:3089} INFO - Sync 1 DAGs
[2024-09-17T06:45:11.081-0300] {logging_mixin.py:188} INFO - [2024-09-17T06:45:11.081-0300] {dag.py:3947} INFO - Setting next_dagrun for tutorial_dag to None, run_after=None
[2024-09-17T06:45:11.114-0300] {processor.py:183} INFO - Processing /home/jezandre/airflow/airflow_env/lib/python3.11/site-packages/airflow/example_dags/tutorial_dag.py took 0.112 seconds
[2024-09-17T06:45:41.357-0300] {processor.py:161} INFO - Started process (PID=30190) to work on /home/jezandre/airflow/airflow_env/lib/python3.11/site-packages/airflow/example_dags/tutorial_dag.py
[2024-09-17T06:45:41.358-0300] {processor.py:830} INFO - Processing file /home/jezandre/airflow/airflow_env/lib/python3.11/site-packages/airflow/example_dags/tutorial_dag.py for tasks to queue
[2024-09-17T06:45:41.359-0300] {logging_mixin.py:188} INFO - [2024-09-17T06:45:41.359-0300] {dagbag.py:545} INFO - Filling up the DagBag from /home/jezandre/airflow/airflow_env/lib/python3.11/site-packages/airflow/example_dags/tutorial_dag.py
[2024-09-17T06:45:41.363-0300] {processor.py:840} INFO - DAG(s) 'tutorial_dag' retrieved from /home/jezandre/airflow/airflow_env/lib/python3.11/site-packages/airflow/example_dags/tutorial_dag.py
[2024-09-17T06:45:41.393-0300] {logging_mixin.py:188} INFO - [2024-09-17T06:45:41.392-0300] {dag.py:3089} INFO - Sync 1 DAGs
[2024-09-17T06:45:41.409-0300] {logging_mixin.py:188} INFO - [2024-09-17T06:45:41.408-0300] {dag.py:3947} INFO - Setting next_dagrun for tutorial_dag to None, run_after=None
[2024-09-17T06:45:41.434-0300] {processor.py:183} INFO - Processing /home/jezandre/airflow/airflow_env/lib/python3.11/site-packages/airflow/example_dags/tutorial_dag.py took 0.086 seconds
[2024-09-17T06:46:12.312-0300] {processor.py:161} INFO - Started process (PID=30528) to work on /home/jezandre/airflow/airflow_env/lib/python3.11/site-packages/airflow/example_dags/tutorial_dag.py
[2024-09-17T06:46:12.314-0300] {processor.py:830} INFO - Processing file /home/jezandre/airflow/airflow_env/lib/python3.11/site-packages/airflow/example_dags/tutorial_dag.py for tasks to queue
[2024-09-17T06:46:12.316-0300] {logging_mixin.py:188} INFO - [2024-09-17T06:46:12.315-0300] {dagbag.py:545} INFO - Filling up the DagBag from /home/jezandre/airflow/airflow_env/lib/python3.11/site-packages/airflow/example_dags/tutorial_dag.py
[2024-09-17T06:46:12.320-0300] {processor.py:840} INFO - DAG(s) 'tutorial_dag' retrieved from /home/jezandre/airflow/airflow_env/lib/python3.11/site-packages/airflow/example_dags/tutorial_dag.py
[2024-09-17T06:46:12.349-0300] {logging_mixin.py:188} INFO - [2024-09-17T06:46:12.348-0300] {dag.py:3089} INFO - Sync 1 DAGs
[2024-09-17T06:46:12.367-0300] {logging_mixin.py:188} INFO - [2024-09-17T06:46:12.366-0300] {dag.py:3947} INFO - Setting next_dagrun for tutorial_dag to None, run_after=None
[2024-09-17T06:46:12.394-0300] {processor.py:183} INFO - Processing /home/jezandre/airflow/airflow_env/lib/python3.11/site-packages/airflow/example_dags/tutorial_dag.py took 0.090 seconds
[2024-09-17T06:46:43.184-0300] {processor.py:161} INFO - Started process (PID=30849) to work on /home/jezandre/airflow/airflow_env/lib/python3.11/site-packages/airflow/example_dags/tutorial_dag.py
[2024-09-17T06:46:43.185-0300] {processor.py:830} INFO - Processing file /home/jezandre/airflow/airflow_env/lib/python3.11/site-packages/airflow/example_dags/tutorial_dag.py for tasks to queue
[2024-09-17T06:46:43.187-0300] {logging_mixin.py:188} INFO - [2024-09-17T06:46:43.187-0300] {dagbag.py:545} INFO - Filling up the DagBag from /home/jezandre/airflow/airflow_env/lib/python3.11/site-packages/airflow/example_dags/tutorial_dag.py
[2024-09-17T06:46:43.191-0300] {processor.py:840} INFO - DAG(s) 'tutorial_dag' retrieved from /home/jezandre/airflow/airflow_env/lib/python3.11/site-packages/airflow/example_dags/tutorial_dag.py
[2024-09-17T06:46:43.220-0300] {logging_mixin.py:188} INFO - [2024-09-17T06:46:43.220-0300] {dag.py:3089} INFO - Sync 1 DAGs
[2024-09-17T06:46:43.237-0300] {logging_mixin.py:188} INFO - [2024-09-17T06:46:43.236-0300] {dag.py:3947} INFO - Setting next_dagrun for tutorial_dag to None, run_after=None
[2024-09-17T06:46:43.273-0300] {processor.py:183} INFO - Processing /home/jezandre/airflow/airflow_env/lib/python3.11/site-packages/airflow/example_dags/tutorial_dag.py took 0.098 seconds
[2024-09-17T06:47:14.507-0300] {processor.py:161} INFO - Started process (PID=31137) to work on /home/jezandre/airflow/airflow_env/lib/python3.11/site-packages/airflow/example_dags/tutorial_dag.py
[2024-09-17T06:47:14.509-0300] {processor.py:830} INFO - Processing file /home/jezandre/airflow/airflow_env/lib/python3.11/site-packages/airflow/example_dags/tutorial_dag.py for tasks to queue
[2024-09-17T06:47:14.512-0300] {logging_mixin.py:188} INFO - [2024-09-17T06:47:14.511-0300] {dagbag.py:545} INFO - Filling up the DagBag from /home/jezandre/airflow/airflow_env/lib/python3.11/site-packages/airflow/example_dags/tutorial_dag.py
[2024-09-17T06:47:14.518-0300] {processor.py:840} INFO - DAG(s) 'tutorial_dag' retrieved from /home/jezandre/airflow/airflow_env/lib/python3.11/site-packages/airflow/example_dags/tutorial_dag.py
[2024-09-17T06:47:14.641-0300] {logging_mixin.py:188} INFO - [2024-09-17T06:47:14.641-0300] {dag.py:3089} INFO - Sync 1 DAGs
[2024-09-17T06:47:14.653-0300] {logging_mixin.py:188} INFO - [2024-09-17T06:47:14.653-0300] {dag.py:3947} INFO - Setting next_dagrun for tutorial_dag to None, run_after=None
[2024-09-17T06:47:14.682-0300] {processor.py:183} INFO - Processing /home/jezandre/airflow/airflow_env/lib/python3.11/site-packages/airflow/example_dags/tutorial_dag.py took 0.184 seconds
[2024-09-17T06:47:45.687-0300] {processor.py:161} INFO - Started process (PID=31383) to work on /home/jezandre/airflow/airflow_env/lib/python3.11/site-packages/airflow/example_dags/tutorial_dag.py
[2024-09-17T06:47:45.689-0300] {processor.py:830} INFO - Processing file /home/jezandre/airflow/airflow_env/lib/python3.11/site-packages/airflow/example_dags/tutorial_dag.py for tasks to queue
[2024-09-17T06:47:45.692-0300] {logging_mixin.py:188} INFO - [2024-09-17T06:47:45.691-0300] {dagbag.py:545} INFO - Filling up the DagBag from /home/jezandre/airflow/airflow_env/lib/python3.11/site-packages/airflow/example_dags/tutorial_dag.py
[2024-09-17T06:47:45.698-0300] {processor.py:840} INFO - DAG(s) 'tutorial_dag' retrieved from /home/jezandre/airflow/airflow_env/lib/python3.11/site-packages/airflow/example_dags/tutorial_dag.py
[2024-09-17T06:47:45.728-0300] {logging_mixin.py:188} INFO - [2024-09-17T06:47:45.728-0300] {dag.py:3089} INFO - Sync 1 DAGs
[2024-09-17T06:47:45.748-0300] {logging_mixin.py:188} INFO - [2024-09-17T06:47:45.747-0300] {dag.py:3947} INFO - Setting next_dagrun for tutorial_dag to None, run_after=None
[2024-09-17T06:47:45.781-0300] {processor.py:183} INFO - Processing /home/jezandre/airflow/airflow_env/lib/python3.11/site-packages/airflow/example_dags/tutorial_dag.py took 0.105 seconds
[2024-09-17T06:48:16.836-0300] {processor.py:161} INFO - Started process (PID=31623) to work on /home/jezandre/airflow/airflow_env/lib/python3.11/site-packages/airflow/example_dags/tutorial_dag.py
[2024-09-17T06:48:16.837-0300] {processor.py:830} INFO - Processing file /home/jezandre/airflow/airflow_env/lib/python3.11/site-packages/airflow/example_dags/tutorial_dag.py for tasks to queue
[2024-09-17T06:48:16.839-0300] {logging_mixin.py:188} INFO - [2024-09-17T06:48:16.839-0300] {dagbag.py:545} INFO - Filling up the DagBag from /home/jezandre/airflow/airflow_env/lib/python3.11/site-packages/airflow/example_dags/tutorial_dag.py
[2024-09-17T06:48:16.843-0300] {processor.py:840} INFO - DAG(s) 'tutorial_dag' retrieved from /home/jezandre/airflow/airflow_env/lib/python3.11/site-packages/airflow/example_dags/tutorial_dag.py
[2024-09-17T06:48:16.872-0300] {logging_mixin.py:188} INFO - [2024-09-17T06:48:16.872-0300] {dag.py:3089} INFO - Sync 1 DAGs
[2024-09-17T06:48:16.887-0300] {logging_mixin.py:188} INFO - [2024-09-17T06:48:16.887-0300] {dag.py:3947} INFO - Setting next_dagrun for tutorial_dag to None, run_after=None
[2024-09-17T06:48:16.917-0300] {processor.py:183} INFO - Processing /home/jezandre/airflow/airflow_env/lib/python3.11/site-packages/airflow/example_dags/tutorial_dag.py took 0.090 seconds
[2024-09-17T06:48:47.633-0300] {processor.py:161} INFO - Started process (PID=31884) to work on /home/jezandre/airflow/airflow_env/lib/python3.11/site-packages/airflow/example_dags/tutorial_dag.py
[2024-09-17T06:48:47.635-0300] {processor.py:830} INFO - Processing file /home/jezandre/airflow/airflow_env/lib/python3.11/site-packages/airflow/example_dags/tutorial_dag.py for tasks to queue
[2024-09-17T06:48:47.637-0300] {logging_mixin.py:188} INFO - [2024-09-17T06:48:47.637-0300] {dagbag.py:545} INFO - Filling up the DagBag from /home/jezandre/airflow/airflow_env/lib/python3.11/site-packages/airflow/example_dags/tutorial_dag.py
[2024-09-17T06:48:47.642-0300] {processor.py:840} INFO - DAG(s) 'tutorial_dag' retrieved from /home/jezandre/airflow/airflow_env/lib/python3.11/site-packages/airflow/example_dags/tutorial_dag.py
[2024-09-17T06:48:47.674-0300] {logging_mixin.py:188} INFO - [2024-09-17T06:48:47.674-0300] {dag.py:3089} INFO - Sync 1 DAGs
[2024-09-17T06:48:47.691-0300] {logging_mixin.py:188} INFO - [2024-09-17T06:48:47.690-0300] {dag.py:3947} INFO - Setting next_dagrun for tutorial_dag to None, run_after=None
[2024-09-17T06:48:47.723-0300] {processor.py:183} INFO - Processing /home/jezandre/airflow/airflow_env/lib/python3.11/site-packages/airflow/example_dags/tutorial_dag.py took 0.099 seconds
[2024-09-17T06:49:18.826-0300] {processor.py:161} INFO - Started process (PID=32099) to work on /home/jezandre/airflow/airflow_env/lib/python3.11/site-packages/airflow/example_dags/tutorial_dag.py
[2024-09-17T06:49:18.827-0300] {processor.py:830} INFO - Processing file /home/jezandre/airflow/airflow_env/lib/python3.11/site-packages/airflow/example_dags/tutorial_dag.py for tasks to queue
[2024-09-17T06:49:18.829-0300] {logging_mixin.py:188} INFO - [2024-09-17T06:49:18.828-0300] {dagbag.py:545} INFO - Filling up the DagBag from /home/jezandre/airflow/airflow_env/lib/python3.11/site-packages/airflow/example_dags/tutorial_dag.py
[2024-09-17T06:49:18.833-0300] {processor.py:840} INFO - DAG(s) 'tutorial_dag' retrieved from /home/jezandre/airflow/airflow_env/lib/python3.11/site-packages/airflow/example_dags/tutorial_dag.py
[2024-09-17T06:49:18.862-0300] {logging_mixin.py:188} INFO - [2024-09-17T06:49:18.861-0300] {dag.py:3089} INFO - Sync 1 DAGs
[2024-09-17T06:49:18.879-0300] {logging_mixin.py:188} INFO - [2024-09-17T06:49:18.878-0300] {dag.py:3947} INFO - Setting next_dagrun for tutorial_dag to None, run_after=None
[2024-09-17T06:49:18.910-0300] {processor.py:183} INFO - Processing /home/jezandre/airflow/airflow_env/lib/python3.11/site-packages/airflow/example_dags/tutorial_dag.py took 0.092 seconds
[2024-09-17T06:49:49.518-0300] {processor.py:161} INFO - Started process (PID=32411) to work on /home/jezandre/airflow/airflow_env/lib/python3.11/site-packages/airflow/example_dags/tutorial_dag.py
[2024-09-17T06:49:49.520-0300] {processor.py:830} INFO - Processing file /home/jezandre/airflow/airflow_env/lib/python3.11/site-packages/airflow/example_dags/tutorial_dag.py for tasks to queue
[2024-09-17T06:49:49.523-0300] {logging_mixin.py:188} INFO - [2024-09-17T06:49:49.522-0300] {dagbag.py:545} INFO - Filling up the DagBag from /home/jezandre/airflow/airflow_env/lib/python3.11/site-packages/airflow/example_dags/tutorial_dag.py
[2024-09-17T06:49:49.532-0300] {processor.py:840} INFO - DAG(s) 'tutorial_dag' retrieved from /home/jezandre/airflow/airflow_env/lib/python3.11/site-packages/airflow/example_dags/tutorial_dag.py
[2024-09-17T06:49:49.566-0300] {logging_mixin.py:188} INFO - [2024-09-17T06:49:49.565-0300] {dag.py:3089} INFO - Sync 1 DAGs
[2024-09-17T06:49:49.581-0300] {logging_mixin.py:188} INFO - [2024-09-17T06:49:49.581-0300] {dag.py:3947} INFO - Setting next_dagrun for tutorial_dag to None, run_after=None
[2024-09-17T06:49:49.612-0300] {processor.py:183} INFO - Processing /home/jezandre/airflow/airflow_env/lib/python3.11/site-packages/airflow/example_dags/tutorial_dag.py took 0.108 seconds
[2024-09-17T06:50:20.215-0300] {processor.py:161} INFO - Started process (PID=32689) to work on /home/jezandre/airflow/airflow_env/lib/python3.11/site-packages/airflow/example_dags/tutorial_dag.py
[2024-09-17T06:50:20.217-0300] {processor.py:830} INFO - Processing file /home/jezandre/airflow/airflow_env/lib/python3.11/site-packages/airflow/example_dags/tutorial_dag.py for tasks to queue
[2024-09-17T06:50:20.219-0300] {logging_mixin.py:188} INFO - [2024-09-17T06:50:20.219-0300] {dagbag.py:545} INFO - Filling up the DagBag from /home/jezandre/airflow/airflow_env/lib/python3.11/site-packages/airflow/example_dags/tutorial_dag.py
[2024-09-17T06:50:20.224-0300] {processor.py:840} INFO - DAG(s) 'tutorial_dag' retrieved from /home/jezandre/airflow/airflow_env/lib/python3.11/site-packages/airflow/example_dags/tutorial_dag.py
[2024-09-17T06:50:20.259-0300] {logging_mixin.py:188} INFO - [2024-09-17T06:50:20.258-0300] {dag.py:3089} INFO - Sync 1 DAGs
[2024-09-17T06:50:20.274-0300] {logging_mixin.py:188} INFO - [2024-09-17T06:50:20.274-0300] {dag.py:3947} INFO - Setting next_dagrun for tutorial_dag to None, run_after=None
[2024-09-17T06:50:20.303-0300] {processor.py:183} INFO - Processing /home/jezandre/airflow/airflow_env/lib/python3.11/site-packages/airflow/example_dags/tutorial_dag.py took 0.097 seconds
[2024-09-17T06:50:50.698-0300] {processor.py:161} INFO - Started process (PID=32952) to work on /home/jezandre/airflow/airflow_env/lib/python3.11/site-packages/airflow/example_dags/tutorial_dag.py
[2024-09-17T06:50:50.699-0300] {processor.py:830} INFO - Processing file /home/jezandre/airflow/airflow_env/lib/python3.11/site-packages/airflow/example_dags/tutorial_dag.py for tasks to queue
[2024-09-17T06:50:50.701-0300] {logging_mixin.py:188} INFO - [2024-09-17T06:50:50.700-0300] {dagbag.py:545} INFO - Filling up the DagBag from /home/jezandre/airflow/airflow_env/lib/python3.11/site-packages/airflow/example_dags/tutorial_dag.py
[2024-09-17T06:50:50.708-0300] {processor.py:840} INFO - DAG(s) 'tutorial_dag' retrieved from /home/jezandre/airflow/airflow_env/lib/python3.11/site-packages/airflow/example_dags/tutorial_dag.py
[2024-09-17T06:50:50.737-0300] {logging_mixin.py:188} INFO - [2024-09-17T06:50:50.736-0300] {dag.py:3089} INFO - Sync 1 DAGs
[2024-09-17T06:50:50.752-0300] {logging_mixin.py:188} INFO - [2024-09-17T06:50:50.752-0300] {dag.py:3947} INFO - Setting next_dagrun for tutorial_dag to None, run_after=None
[2024-09-17T06:50:50.776-0300] {processor.py:183} INFO - Processing /home/jezandre/airflow/airflow_env/lib/python3.11/site-packages/airflow/example_dags/tutorial_dag.py took 0.087 seconds
[2024-09-17T06:51:20.991-0300] {processor.py:161} INFO - Started process (PID=33386) to work on /home/jezandre/airflow/airflow_env/lib/python3.11/site-packages/airflow/example_dags/tutorial_dag.py
[2024-09-17T06:51:20.992-0300] {processor.py:830} INFO - Processing file /home/jezandre/airflow/airflow_env/lib/python3.11/site-packages/airflow/example_dags/tutorial_dag.py for tasks to queue
[2024-09-17T06:51:20.994-0300] {logging_mixin.py:188} INFO - [2024-09-17T06:51:20.994-0300] {dagbag.py:545} INFO - Filling up the DagBag from /home/jezandre/airflow/airflow_env/lib/python3.11/site-packages/airflow/example_dags/tutorial_dag.py
[2024-09-17T06:51:20.999-0300] {processor.py:840} INFO - DAG(s) 'tutorial_dag' retrieved from /home/jezandre/airflow/airflow_env/lib/python3.11/site-packages/airflow/example_dags/tutorial_dag.py
[2024-09-17T06:51:21.035-0300] {logging_mixin.py:188} INFO - [2024-09-17T06:51:21.034-0300] {dag.py:3089} INFO - Sync 1 DAGs
[2024-09-17T06:51:21.059-0300] {logging_mixin.py:188} INFO - [2024-09-17T06:51:21.059-0300] {dag.py:3947} INFO - Setting next_dagrun for tutorial_dag to None, run_after=None
[2024-09-17T06:51:21.094-0300] {processor.py:183} INFO - Processing /home/jezandre/airflow/airflow_env/lib/python3.11/site-packages/airflow/example_dags/tutorial_dag.py took 0.112 seconds
[2024-09-17T06:51:51.232-0300] {processor.py:161} INFO - Started process (PID=33698) to work on /home/jezandre/airflow/airflow_env/lib/python3.11/site-packages/airflow/example_dags/tutorial_dag.py
[2024-09-17T06:51:51.234-0300] {processor.py:830} INFO - Processing file /home/jezandre/airflow/airflow_env/lib/python3.11/site-packages/airflow/example_dags/tutorial_dag.py for tasks to queue
[2024-09-17T06:51:51.236-0300] {logging_mixin.py:188} INFO - [2024-09-17T06:51:51.235-0300] {dagbag.py:545} INFO - Filling up the DagBag from /home/jezandre/airflow/airflow_env/lib/python3.11/site-packages/airflow/example_dags/tutorial_dag.py
[2024-09-17T06:51:51.242-0300] {processor.py:840} INFO - DAG(s) 'tutorial_dag' retrieved from /home/jezandre/airflow/airflow_env/lib/python3.11/site-packages/airflow/example_dags/tutorial_dag.py
[2024-09-17T06:51:51.283-0300] {logging_mixin.py:188} INFO - [2024-09-17T06:51:51.282-0300] {dag.py:3089} INFO - Sync 1 DAGs
[2024-09-17T06:51:51.302-0300] {logging_mixin.py:188} INFO - [2024-09-17T06:51:51.302-0300] {dag.py:3947} INFO - Setting next_dagrun for tutorial_dag to None, run_after=None
[2024-09-17T06:51:51.330-0300] {processor.py:183} INFO - Processing /home/jezandre/airflow/airflow_env/lib/python3.11/site-packages/airflow/example_dags/tutorial_dag.py took 0.108 seconds
[2024-09-17T06:52:22.443-0300] {processor.py:161} INFO - Started process (PID=34238) to work on /home/jezandre/airflow/airflow_env/lib/python3.11/site-packages/airflow/example_dags/tutorial_dag.py
[2024-09-17T06:52:22.444-0300] {processor.py:830} INFO - Processing file /home/jezandre/airflow/airflow_env/lib/python3.11/site-packages/airflow/example_dags/tutorial_dag.py for tasks to queue
[2024-09-17T06:52:22.448-0300] {logging_mixin.py:188} INFO - [2024-09-17T06:52:22.448-0300] {dagbag.py:545} INFO - Filling up the DagBag from /home/jezandre/airflow/airflow_env/lib/python3.11/site-packages/airflow/example_dags/tutorial_dag.py
[2024-09-17T06:52:22.454-0300] {processor.py:840} INFO - DAG(s) 'tutorial_dag' retrieved from /home/jezandre/airflow/airflow_env/lib/python3.11/site-packages/airflow/example_dags/tutorial_dag.py
[2024-09-17T06:52:22.594-0300] {logging_mixin.py:188} INFO - [2024-09-17T06:52:22.593-0300] {dag.py:3089} INFO - Sync 1 DAGs
[2024-09-17T06:52:22.607-0300] {logging_mixin.py:188} INFO - [2024-09-17T06:52:22.606-0300] {dag.py:3947} INFO - Setting next_dagrun for tutorial_dag to None, run_after=None
[2024-09-17T06:52:22.638-0300] {processor.py:183} INFO - Processing /home/jezandre/airflow/airflow_env/lib/python3.11/site-packages/airflow/example_dags/tutorial_dag.py took 0.203 seconds
[2024-09-17T06:52:53.557-0300] {processor.py:161} INFO - Started process (PID=34638) to work on /home/jezandre/airflow/airflow_env/lib/python3.11/site-packages/airflow/example_dags/tutorial_dag.py
[2024-09-17T06:52:53.558-0300] {processor.py:830} INFO - Processing file /home/jezandre/airflow/airflow_env/lib/python3.11/site-packages/airflow/example_dags/tutorial_dag.py for tasks to queue
[2024-09-17T06:52:53.560-0300] {logging_mixin.py:188} INFO - [2024-09-17T06:52:53.560-0300] {dagbag.py:545} INFO - Filling up the DagBag from /home/jezandre/airflow/airflow_env/lib/python3.11/site-packages/airflow/example_dags/tutorial_dag.py
[2024-09-17T06:52:53.564-0300] {processor.py:840} INFO - DAG(s) 'tutorial_dag' retrieved from /home/jezandre/airflow/airflow_env/lib/python3.11/site-packages/airflow/example_dags/tutorial_dag.py
[2024-09-17T06:52:53.592-0300] {logging_mixin.py:188} INFO - [2024-09-17T06:52:53.591-0300] {dag.py:3089} INFO - Sync 1 DAGs
[2024-09-17T06:52:53.607-0300] {logging_mixin.py:188} INFO - [2024-09-17T06:52:53.607-0300] {dag.py:3947} INFO - Setting next_dagrun for tutorial_dag to None, run_after=None
[2024-09-17T06:52:53.637-0300] {processor.py:183} INFO - Processing /home/jezandre/airflow/airflow_env/lib/python3.11/site-packages/airflow/example_dags/tutorial_dag.py took 0.088 seconds
[2024-09-17T06:53:24.080-0300] {processor.py:161} INFO - Started process (PID=34862) to work on /home/jezandre/airflow/airflow_env/lib/python3.11/site-packages/airflow/example_dags/tutorial_dag.py
[2024-09-17T06:53:24.082-0300] {processor.py:830} INFO - Processing file /home/jezandre/airflow/airflow_env/lib/python3.11/site-packages/airflow/example_dags/tutorial_dag.py for tasks to queue
[2024-09-17T06:53:24.083-0300] {logging_mixin.py:188} INFO - [2024-09-17T06:53:24.083-0300] {dagbag.py:545} INFO - Filling up the DagBag from /home/jezandre/airflow/airflow_env/lib/python3.11/site-packages/airflow/example_dags/tutorial_dag.py
[2024-09-17T06:53:24.089-0300] {processor.py:840} INFO - DAG(s) 'tutorial_dag' retrieved from /home/jezandre/airflow/airflow_env/lib/python3.11/site-packages/airflow/example_dags/tutorial_dag.py
[2024-09-17T06:53:24.118-0300] {logging_mixin.py:188} INFO - [2024-09-17T06:53:24.118-0300] {dag.py:3089} INFO - Sync 1 DAGs
[2024-09-17T06:53:24.137-0300] {logging_mixin.py:188} INFO - [2024-09-17T06:53:24.137-0300] {dag.py:3947} INFO - Setting next_dagrun for tutorial_dag to None, run_after=None
[2024-09-17T06:53:24.164-0300] {processor.py:183} INFO - Processing /home/jezandre/airflow/airflow_env/lib/python3.11/site-packages/airflow/example_dags/tutorial_dag.py took 0.092 seconds
[2024-09-17T06:53:54.714-0300] {processor.py:161} INFO - Started process (PID=35196) to work on /home/jezandre/airflow/airflow_env/lib/python3.11/site-packages/airflow/example_dags/tutorial_dag.py
[2024-09-17T06:53:54.715-0300] {processor.py:830} INFO - Processing file /home/jezandre/airflow/airflow_env/lib/python3.11/site-packages/airflow/example_dags/tutorial_dag.py for tasks to queue
[2024-09-17T06:53:54.718-0300] {logging_mixin.py:188} INFO - [2024-09-17T06:53:54.718-0300] {dagbag.py:545} INFO - Filling up the DagBag from /home/jezandre/airflow/airflow_env/lib/python3.11/site-packages/airflow/example_dags/tutorial_dag.py
[2024-09-17T06:53:54.727-0300] {processor.py:840} INFO - DAG(s) 'tutorial_dag' retrieved from /home/jezandre/airflow/airflow_env/lib/python3.11/site-packages/airflow/example_dags/tutorial_dag.py
[2024-09-17T06:53:54.764-0300] {logging_mixin.py:188} INFO - [2024-09-17T06:53:54.764-0300] {dag.py:3089} INFO - Sync 1 DAGs
[2024-09-17T06:53:54.787-0300] {logging_mixin.py:188} INFO - [2024-09-17T06:53:54.787-0300] {dag.py:3947} INFO - Setting next_dagrun for tutorial_dag to None, run_after=None
[2024-09-17T06:53:54.819-0300] {processor.py:183} INFO - Processing /home/jezandre/airflow/airflow_env/lib/python3.11/site-packages/airflow/example_dags/tutorial_dag.py took 0.114 seconds
[2024-09-17T06:54:25.692-0300] {processor.py:161} INFO - Started process (PID=35413) to work on /home/jezandre/airflow/airflow_env/lib/python3.11/site-packages/airflow/example_dags/tutorial_dag.py
[2024-09-17T06:54:25.694-0300] {processor.py:830} INFO - Processing file /home/jezandre/airflow/airflow_env/lib/python3.11/site-packages/airflow/example_dags/tutorial_dag.py for tasks to queue
[2024-09-17T06:54:25.696-0300] {logging_mixin.py:188} INFO - [2024-09-17T06:54:25.695-0300] {dagbag.py:545} INFO - Filling up the DagBag from /home/jezandre/airflow/airflow_env/lib/python3.11/site-packages/airflow/example_dags/tutorial_dag.py
[2024-09-17T06:54:25.700-0300] {processor.py:840} INFO - DAG(s) 'tutorial_dag' retrieved from /home/jezandre/airflow/airflow_env/lib/python3.11/site-packages/airflow/example_dags/tutorial_dag.py
[2024-09-17T06:54:25.729-0300] {logging_mixin.py:188} INFO - [2024-09-17T06:54:25.729-0300] {dag.py:3089} INFO - Sync 1 DAGs
[2024-09-17T06:54:25.743-0300] {logging_mixin.py:188} INFO - [2024-09-17T06:54:25.742-0300] {dag.py:3947} INFO - Setting next_dagrun for tutorial_dag to None, run_after=None
[2024-09-17T06:54:25.774-0300] {processor.py:183} INFO - Processing /home/jezandre/airflow/airflow_env/lib/python3.11/site-packages/airflow/example_dags/tutorial_dag.py took 0.090 seconds
[2024-09-17T06:54:56.219-0300] {processor.py:161} INFO - Started process (PID=35673) to work on /home/jezandre/airflow/airflow_env/lib/python3.11/site-packages/airflow/example_dags/tutorial_dag.py
[2024-09-17T06:54:56.220-0300] {processor.py:830} INFO - Processing file /home/jezandre/airflow/airflow_env/lib/python3.11/site-packages/airflow/example_dags/tutorial_dag.py for tasks to queue
[2024-09-17T06:54:56.222-0300] {logging_mixin.py:188} INFO - [2024-09-17T06:54:56.222-0300] {dagbag.py:545} INFO - Filling up the DagBag from /home/jezandre/airflow/airflow_env/lib/python3.11/site-packages/airflow/example_dags/tutorial_dag.py
[2024-09-17T06:54:56.226-0300] {processor.py:840} INFO - DAG(s) 'tutorial_dag' retrieved from /home/jezandre/airflow/airflow_env/lib/python3.11/site-packages/airflow/example_dags/tutorial_dag.py
[2024-09-17T06:54:56.255-0300] {logging_mixin.py:188} INFO - [2024-09-17T06:54:56.255-0300] {dag.py:3089} INFO - Sync 1 DAGs
[2024-09-17T06:54:56.273-0300] {logging_mixin.py:188} INFO - [2024-09-17T06:54:56.272-0300] {dag.py:3947} INFO - Setting next_dagrun for tutorial_dag to None, run_after=None
[2024-09-17T06:54:56.306-0300] {processor.py:183} INFO - Processing /home/jezandre/airflow/airflow_env/lib/python3.11/site-packages/airflow/example_dags/tutorial_dag.py took 0.095 seconds
