[2024-09-17T06:27:57.028-0300] {processor.py:161} INFO - Started process (PID=20195) to work on /home/jezandre/airflow/airflow_env/lib/python3.11/site-packages/airflow/example_dags/tutorial_taskflow_api.py
[2024-09-17T06:27:57.029-0300] {processor.py:830} INFO - Processing file /home/jezandre/airflow/airflow_env/lib/python3.11/site-packages/airflow/example_dags/tutorial_taskflow_api.py for tasks to queue
[2024-09-17T06:27:57.030-0300] {logging_mixin.py:188} INFO - [2024-09-17T06:27:57.030-0300] {dagbag.py:545} INFO - Filling up the DagBag from /home/jezandre/airflow/airflow_env/lib/python3.11/site-packages/airflow/example_dags/tutorial_taskflow_api.py
[2024-09-17T06:27:57.037-0300] {processor.py:840} INFO - DAG(s) 'tutorial_taskflow_api' retrieved from /home/jezandre/airflow/airflow_env/lib/python3.11/site-packages/airflow/example_dags/tutorial_taskflow_api.py
[2024-09-17T06:27:57.229-0300] {logging_mixin.py:188} INFO - [2024-09-17T06:27:57.229-0300] {dag.py:3089} INFO - Sync 1 DAGs
[2024-09-17T06:27:57.237-0300] {logging_mixin.py:188} INFO - [2024-09-17T06:27:57.237-0300] {dag.py:3947} INFO - Setting next_dagrun for tutorial_taskflow_api to None, run_after=None
[2024-09-17T06:27:57.267-0300] {processor.py:183} INFO - Processing /home/jezandre/airflow/airflow_env/lib/python3.11/site-packages/airflow/example_dags/tutorial_taskflow_api.py took 0.244 seconds
[2024-09-17T06:28:56.396-0300] {processor.py:161} INFO - Started process (PID=20469) to work on /home/jezandre/airflow/airflow_env/lib/python3.11/site-packages/airflow/example_dags/tutorial_taskflow_api.py
[2024-09-17T06:28:56.401-0300] {processor.py:830} INFO - Processing file /home/jezandre/airflow/airflow_env/lib/python3.11/site-packages/airflow/example_dags/tutorial_taskflow_api.py for tasks to queue
[2024-09-17T06:28:56.403-0300] {logging_mixin.py:188} INFO - [2024-09-17T06:28:56.402-0300] {dagbag.py:545} INFO - Filling up the DagBag from /home/jezandre/airflow/airflow_env/lib/python3.11/site-packages/airflow/example_dags/tutorial_taskflow_api.py
[2024-09-17T06:28:56.408-0300] {processor.py:840} INFO - DAG(s) 'tutorial_taskflow_api' retrieved from /home/jezandre/airflow/airflow_env/lib/python3.11/site-packages/airflow/example_dags/tutorial_taskflow_api.py
[2024-09-17T06:28:56.423-0300] {logging_mixin.py:188} INFO - [2024-09-17T06:28:56.423-0300] {dag.py:3089} INFO - Sync 1 DAGs
[2024-09-17T06:28:56.436-0300] {logging_mixin.py:188} INFO - [2024-09-17T06:28:56.435-0300] {dag.py:3947} INFO - Setting next_dagrun for tutorial_taskflow_api to None, run_after=None
[2024-09-17T06:28:56.464-0300] {processor.py:183} INFO - Processing /home/jezandre/airflow/airflow_env/lib/python3.11/site-packages/airflow/example_dags/tutorial_taskflow_api.py took 0.073 seconds
[2024-09-17T06:29:56.056-0300] {processor.py:161} INFO - Started process (PID=21127) to work on /home/jezandre/airflow/airflow_env/lib/python3.11/site-packages/airflow/example_dags/tutorial_taskflow_api.py
[2024-09-17T06:29:56.060-0300] {processor.py:830} INFO - Processing file /home/jezandre/airflow/airflow_env/lib/python3.11/site-packages/airflow/example_dags/tutorial_taskflow_api.py for tasks to queue
[2024-09-17T06:29:56.062-0300] {logging_mixin.py:188} INFO - [2024-09-17T06:29:56.061-0300] {dagbag.py:545} INFO - Filling up the DagBag from /home/jezandre/airflow/airflow_env/lib/python3.11/site-packages/airflow/example_dags/tutorial_taskflow_api.py
[2024-09-17T06:29:56.069-0300] {processor.py:840} INFO - DAG(s) 'tutorial_taskflow_api' retrieved from /home/jezandre/airflow/airflow_env/lib/python3.11/site-packages/airflow/example_dags/tutorial_taskflow_api.py
[2024-09-17T06:29:56.334-0300] {logging_mixin.py:188} INFO - [2024-09-17T06:29:56.333-0300] {dag.py:3089} INFO - Sync 1 DAGs
[2024-09-17T06:29:56.348-0300] {logging_mixin.py:188} INFO - [2024-09-17T06:29:56.348-0300] {dag.py:3947} INFO - Setting next_dagrun for tutorial_taskflow_api to None, run_after=None
[2024-09-17T06:29:56.381-0300] {processor.py:183} INFO - Processing /home/jezandre/airflow/airflow_env/lib/python3.11/site-packages/airflow/example_dags/tutorial_taskflow_api.py took 0.331 seconds
[2024-09-17T06:30:27.103-0300] {processor.py:161} INFO - Started process (PID=21411) to work on /home/jezandre/airflow/airflow_env/lib/python3.11/site-packages/airflow/example_dags/tutorial_taskflow_api.py
[2024-09-17T06:30:27.105-0300] {processor.py:830} INFO - Processing file /home/jezandre/airflow/airflow_env/lib/python3.11/site-packages/airflow/example_dags/tutorial_taskflow_api.py for tasks to queue
[2024-09-17T06:30:27.107-0300] {logging_mixin.py:188} INFO - [2024-09-17T06:30:27.106-0300] {dagbag.py:545} INFO - Filling up the DagBag from /home/jezandre/airflow/airflow_env/lib/python3.11/site-packages/airflow/example_dags/tutorial_taskflow_api.py
[2024-09-17T06:30:27.114-0300] {processor.py:840} INFO - DAG(s) 'tutorial_taskflow_api' retrieved from /home/jezandre/airflow/airflow_env/lib/python3.11/site-packages/airflow/example_dags/tutorial_taskflow_api.py
[2024-09-17T06:30:27.155-0300] {logging_mixin.py:188} INFO - [2024-09-17T06:30:27.154-0300] {dag.py:3089} INFO - Sync 1 DAGs
[2024-09-17T06:30:27.178-0300] {logging_mixin.py:188} INFO - [2024-09-17T06:30:27.178-0300] {dag.py:3947} INFO - Setting next_dagrun for tutorial_taskflow_api to None, run_after=None
[2024-09-17T06:30:27.221-0300] {processor.py:183} INFO - Processing /home/jezandre/airflow/airflow_env/lib/python3.11/site-packages/airflow/example_dags/tutorial_taskflow_api.py took 0.124 seconds
[2024-09-17T06:30:57.319-0300] {processor.py:161} INFO - Started process (PID=21614) to work on /home/jezandre/airflow/airflow_env/lib/python3.11/site-packages/airflow/example_dags/tutorial_taskflow_api.py
[2024-09-17T06:30:57.320-0300] {processor.py:830} INFO - Processing file /home/jezandre/airflow/airflow_env/lib/python3.11/site-packages/airflow/example_dags/tutorial_taskflow_api.py for tasks to queue
[2024-09-17T06:30:57.321-0300] {logging_mixin.py:188} INFO - [2024-09-17T06:30:57.321-0300] {dagbag.py:545} INFO - Filling up the DagBag from /home/jezandre/airflow/airflow_env/lib/python3.11/site-packages/airflow/example_dags/tutorial_taskflow_api.py
[2024-09-17T06:30:57.327-0300] {processor.py:840} INFO - DAG(s) 'tutorial_taskflow_api' retrieved from /home/jezandre/airflow/airflow_env/lib/python3.11/site-packages/airflow/example_dags/tutorial_taskflow_api.py
[2024-09-17T06:30:57.351-0300] {logging_mixin.py:188} INFO - [2024-09-17T06:30:57.351-0300] {dag.py:3089} INFO - Sync 1 DAGs
[2024-09-17T06:30:57.368-0300] {logging_mixin.py:188} INFO - [2024-09-17T06:30:57.367-0300] {dag.py:3947} INFO - Setting next_dagrun for tutorial_taskflow_api to None, run_after=None
[2024-09-17T06:30:57.440-0300] {processor.py:183} INFO - Processing /home/jezandre/airflow/airflow_env/lib/python3.11/site-packages/airflow/example_dags/tutorial_taskflow_api.py took 0.127 seconds
[2024-09-17T06:31:27.762-0300] {processor.py:161} INFO - Started process (PID=21817) to work on /home/jezandre/airflow/airflow_env/lib/python3.11/site-packages/airflow/example_dags/tutorial_taskflow_api.py
[2024-09-17T06:31:27.763-0300] {processor.py:830} INFO - Processing file /home/jezandre/airflow/airflow_env/lib/python3.11/site-packages/airflow/example_dags/tutorial_taskflow_api.py for tasks to queue
[2024-09-17T06:31:27.765-0300] {logging_mixin.py:188} INFO - [2024-09-17T06:31:27.765-0300] {dagbag.py:545} INFO - Filling up the DagBag from /home/jezandre/airflow/airflow_env/lib/python3.11/site-packages/airflow/example_dags/tutorial_taskflow_api.py
[2024-09-17T06:31:27.776-0300] {processor.py:840} INFO - DAG(s) 'tutorial_taskflow_api' retrieved from /home/jezandre/airflow/airflow_env/lib/python3.11/site-packages/airflow/example_dags/tutorial_taskflow_api.py
[2024-09-17T06:31:27.831-0300] {logging_mixin.py:188} INFO - [2024-09-17T06:31:27.830-0300] {dag.py:3089} INFO - Sync 1 DAGs
[2024-09-17T06:31:27.857-0300] {logging_mixin.py:188} INFO - [2024-09-17T06:31:27.856-0300] {dag.py:3947} INFO - Setting next_dagrun for tutorial_taskflow_api to None, run_after=None
[2024-09-17T06:31:27.894-0300] {processor.py:183} INFO - Processing /home/jezandre/airflow/airflow_env/lib/python3.11/site-packages/airflow/example_dags/tutorial_taskflow_api.py took 0.139 seconds
[2024-09-17T06:31:58.164-0300] {processor.py:161} INFO - Started process (PID=22102) to work on /home/jezandre/airflow/airflow_env/lib/python3.11/site-packages/airflow/example_dags/tutorial_taskflow_api.py
[2024-09-17T06:31:58.166-0300] {processor.py:830} INFO - Processing file /home/jezandre/airflow/airflow_env/lib/python3.11/site-packages/airflow/example_dags/tutorial_taskflow_api.py for tasks to queue
[2024-09-17T06:31:58.168-0300] {logging_mixin.py:188} INFO - [2024-09-17T06:31:58.168-0300] {dagbag.py:545} INFO - Filling up the DagBag from /home/jezandre/airflow/airflow_env/lib/python3.11/site-packages/airflow/example_dags/tutorial_taskflow_api.py
[2024-09-17T06:31:58.177-0300] {processor.py:840} INFO - DAG(s) 'tutorial_taskflow_api' retrieved from /home/jezandre/airflow/airflow_env/lib/python3.11/site-packages/airflow/example_dags/tutorial_taskflow_api.py
[2024-09-17T06:31:58.208-0300] {logging_mixin.py:188} INFO - [2024-09-17T06:31:58.207-0300] {dag.py:3089} INFO - Sync 1 DAGs
[2024-09-17T06:31:58.224-0300] {logging_mixin.py:188} INFO - [2024-09-17T06:31:58.223-0300] {dag.py:3947} INFO - Setting next_dagrun for tutorial_taskflow_api to None, run_after=None
[2024-09-17T06:31:58.251-0300] {processor.py:183} INFO - Processing /home/jezandre/airflow/airflow_env/lib/python3.11/site-packages/airflow/example_dags/tutorial_taskflow_api.py took 0.095 seconds
[2024-09-17T06:32:29.051-0300] {processor.py:161} INFO - Started process (PID=22583) to work on /home/jezandre/airflow/airflow_env/lib/python3.11/site-packages/airflow/example_dags/tutorial_taskflow_api.py
[2024-09-17T06:32:29.053-0300] {processor.py:830} INFO - Processing file /home/jezandre/airflow/airflow_env/lib/python3.11/site-packages/airflow/example_dags/tutorial_taskflow_api.py for tasks to queue
[2024-09-17T06:32:29.055-0300] {logging_mixin.py:188} INFO - [2024-09-17T06:32:29.054-0300] {dagbag.py:545} INFO - Filling up the DagBag from /home/jezandre/airflow/airflow_env/lib/python3.11/site-packages/airflow/example_dags/tutorial_taskflow_api.py
[2024-09-17T06:32:29.063-0300] {processor.py:840} INFO - DAG(s) 'tutorial_taskflow_api' retrieved from /home/jezandre/airflow/airflow_env/lib/python3.11/site-packages/airflow/example_dags/tutorial_taskflow_api.py
[2024-09-17T06:32:29.190-0300] {logging_mixin.py:188} INFO - [2024-09-17T06:32:29.189-0300] {dag.py:3089} INFO - Sync 1 DAGs
[2024-09-17T06:32:29.207-0300] {logging_mixin.py:188} INFO - [2024-09-17T06:32:29.206-0300] {dag.py:3947} INFO - Setting next_dagrun for tutorial_taskflow_api to None, run_after=None
[2024-09-17T06:32:29.236-0300] {processor.py:183} INFO - Processing /home/jezandre/airflow/airflow_env/lib/python3.11/site-packages/airflow/example_dags/tutorial_taskflow_api.py took 0.192 seconds
