[2024-09-17T06:27:34.197-0300] {processor.py:161} INFO - Started process (PID=20096) to work on /home/jezandre/airflow/airflow_env/lib/python3.11/site-packages/airflow/example_dags/tutorial_objectstorage.py
[2024-09-17T06:27:34.198-0300] {processor.py:830} INFO - Processing file /home/jezandre/airflow/airflow_env/lib/python3.11/site-packages/airflow/example_dags/tutorial_objectstorage.py for tasks to queue
[2024-09-17T06:27:34.200-0300] {logging_mixin.py:188} INFO - [2024-09-17T06:27:34.200-0300] {dagbag.py:545} INFO - Filling up the DagBag from /home/jezandre/airflow/airflow_env/lib/python3.11/site-packages/airflow/example_dags/tutorial_objectstorage.py
[2024-09-17T06:27:34.208-0300] {processor.py:840} INFO - DAG(s) 'tutorial_objectstorage' retrieved from /home/jezandre/airflow/airflow_env/lib/python3.11/site-packages/airflow/example_dags/tutorial_objectstorage.py
[2024-09-17T06:27:34.427-0300] {logging_mixin.py:188} INFO - [2024-09-17T06:27:34.427-0300] {dag.py:3089} INFO - Sync 1 DAGs
[2024-09-17T06:27:34.443-0300] {logging_mixin.py:188} INFO - [2024-09-17T06:27:34.443-0300] {dag.py:3947} INFO - Setting next_dagrun for tutorial_objectstorage to None, run_after=None
[2024-09-17T06:27:34.474-0300] {processor.py:183} INFO - Processing /home/jezandre/airflow/airflow_env/lib/python3.11/site-packages/airflow/example_dags/tutorial_objectstorage.py took 0.283 seconds
[2024-09-17T06:28:35.232-0300] {processor.py:161} INFO - Started process (PID=20358) to work on /home/jezandre/airflow/airflow_env/lib/python3.11/site-packages/airflow/example_dags/tutorial_objectstorage.py
[2024-09-17T06:28:35.233-0300] {processor.py:830} INFO - Processing file /home/jezandre/airflow/airflow_env/lib/python3.11/site-packages/airflow/example_dags/tutorial_objectstorage.py for tasks to queue
[2024-09-17T06:28:35.235-0300] {logging_mixin.py:188} INFO - [2024-09-17T06:28:35.234-0300] {dagbag.py:545} INFO - Filling up the DagBag from /home/jezandre/airflow/airflow_env/lib/python3.11/site-packages/airflow/example_dags/tutorial_objectstorage.py
[2024-09-17T06:28:35.363-0300] {processor.py:840} INFO - DAG(s) 'tutorial_objectstorage' retrieved from /home/jezandre/airflow/airflow_env/lib/python3.11/site-packages/airflow/example_dags/tutorial_objectstorage.py
[2024-09-17T06:28:35.373-0300] {logging_mixin.py:188} INFO - [2024-09-17T06:28:35.372-0300] {dag.py:3089} INFO - Sync 1 DAGs
[2024-09-17T06:28:35.381-0300] {logging_mixin.py:188} INFO - [2024-09-17T06:28:35.381-0300] {dag.py:3947} INFO - Setting next_dagrun for tutorial_objectstorage to None, run_after=None
[2024-09-17T06:28:35.406-0300] {processor.py:183} INFO - Processing /home/jezandre/airflow/airflow_env/lib/python3.11/site-packages/airflow/example_dags/tutorial_objectstorage.py took 0.179 seconds
[2024-09-17T06:29:28.995-0300] {processor.py:161} INFO - Started process (PID=20739) to work on /home/jezandre/airflow/airflow_env/lib/python3.11/site-packages/airflow/example_dags/tutorial_objectstorage.py
[2024-09-17T06:29:28.996-0300] {processor.py:830} INFO - Processing file /home/jezandre/airflow/airflow_env/lib/python3.11/site-packages/airflow/example_dags/tutorial_objectstorage.py for tasks to queue
[2024-09-17T06:29:28.997-0300] {logging_mixin.py:188} INFO - [2024-09-17T06:29:28.997-0300] {dagbag.py:545} INFO - Filling up the DagBag from /home/jezandre/airflow/airflow_env/lib/python3.11/site-packages/airflow/example_dags/tutorial_objectstorage.py
[2024-09-17T06:29:29.003-0300] {processor.py:840} INFO - DAG(s) 'tutorial_objectstorage' retrieved from /home/jezandre/airflow/airflow_env/lib/python3.11/site-packages/airflow/example_dags/tutorial_objectstorage.py
[2024-09-17T06:29:29.015-0300] {logging_mixin.py:188} INFO - [2024-09-17T06:29:29.015-0300] {dag.py:3089} INFO - Sync 1 DAGs
[2024-09-17T06:29:29.028-0300] {logging_mixin.py:188} INFO - [2024-09-17T06:29:29.028-0300] {dag.py:3947} INFO - Setting next_dagrun for tutorial_objectstorage to None, run_after=None
[2024-09-17T06:29:29.054-0300] {processor.py:183} INFO - Processing /home/jezandre/airflow/airflow_env/lib/python3.11/site-packages/airflow/example_dags/tutorial_objectstorage.py took 0.065 seconds
[2024-09-17T06:29:52.642-0300] {processor.py:161} INFO - Started process (PID=21068) to work on /home/jezandre/airflow/airflow_env/lib/python3.11/site-packages/airflow/example_dags/tutorial_objectstorage.py
[2024-09-17T06:29:52.643-0300] {processor.py:830} INFO - Processing file /home/jezandre/airflow/airflow_env/lib/python3.11/site-packages/airflow/example_dags/tutorial_objectstorage.py for tasks to queue
[2024-09-17T06:29:52.646-0300] {logging_mixin.py:188} INFO - [2024-09-17T06:29:52.646-0300] {dagbag.py:545} INFO - Filling up the DagBag from /home/jezandre/airflow/airflow_env/lib/python3.11/site-packages/airflow/example_dags/tutorial_objectstorage.py
[2024-09-17T06:29:52.656-0300] {processor.py:840} INFO - DAG(s) 'tutorial_objectstorage' retrieved from /home/jezandre/airflow/airflow_env/lib/python3.11/site-packages/airflow/example_dags/tutorial_objectstorage.py
[2024-09-17T06:29:52.910-0300] {logging_mixin.py:188} INFO - [2024-09-17T06:29:52.909-0300] {dag.py:3089} INFO - Sync 1 DAGs
[2024-09-17T06:29:52.924-0300] {logging_mixin.py:188} INFO - [2024-09-17T06:29:52.923-0300] {dag.py:3947} INFO - Setting next_dagrun for tutorial_objectstorage to None, run_after=None
[2024-09-17T06:29:52.953-0300] {processor.py:183} INFO - Processing /home/jezandre/airflow/airflow_env/lib/python3.11/site-packages/airflow/example_dags/tutorial_objectstorage.py took 0.318 seconds
[2024-09-17T06:30:23.833-0300] {processor.py:161} INFO - Started process (PID=21363) to work on /home/jezandre/airflow/airflow_env/lib/python3.11/site-packages/airflow/example_dags/tutorial_objectstorage.py
[2024-09-17T06:30:23.837-0300] {processor.py:830} INFO - Processing file /home/jezandre/airflow/airflow_env/lib/python3.11/site-packages/airflow/example_dags/tutorial_objectstorage.py for tasks to queue
[2024-09-17T06:30:23.839-0300] {logging_mixin.py:188} INFO - [2024-09-17T06:30:23.839-0300] {dagbag.py:545} INFO - Filling up the DagBag from /home/jezandre/airflow/airflow_env/lib/python3.11/site-packages/airflow/example_dags/tutorial_objectstorage.py
[2024-09-17T06:30:23.845-0300] {processor.py:840} INFO - DAG(s) 'tutorial_objectstorage' retrieved from /home/jezandre/airflow/airflow_env/lib/python3.11/site-packages/airflow/example_dags/tutorial_objectstorage.py
[2024-09-17T06:30:23.873-0300] {logging_mixin.py:188} INFO - [2024-09-17T06:30:23.873-0300] {dag.py:3089} INFO - Sync 1 DAGs
[2024-09-17T06:30:23.888-0300] {logging_mixin.py:188} INFO - [2024-09-17T06:30:23.888-0300] {dag.py:3947} INFO - Setting next_dagrun for tutorial_objectstorage to None, run_after=None
[2024-09-17T06:30:23.914-0300] {processor.py:183} INFO - Processing /home/jezandre/airflow/airflow_env/lib/python3.11/site-packages/airflow/example_dags/tutorial_objectstorage.py took 0.088 seconds
[2024-09-17T06:30:54.283-0300] {processor.py:161} INFO - Started process (PID=21572) to work on /home/jezandre/airflow/airflow_env/lib/python3.11/site-packages/airflow/example_dags/tutorial_objectstorage.py
[2024-09-17T06:30:54.284-0300] {processor.py:830} INFO - Processing file /home/jezandre/airflow/airflow_env/lib/python3.11/site-packages/airflow/example_dags/tutorial_objectstorage.py for tasks to queue
[2024-09-17T06:30:54.286-0300] {logging_mixin.py:188} INFO - [2024-09-17T06:30:54.285-0300] {dagbag.py:545} INFO - Filling up the DagBag from /home/jezandre/airflow/airflow_env/lib/python3.11/site-packages/airflow/example_dags/tutorial_objectstorage.py
[2024-09-17T06:30:54.293-0300] {processor.py:840} INFO - DAG(s) 'tutorial_objectstorage' retrieved from /home/jezandre/airflow/airflow_env/lib/python3.11/site-packages/airflow/example_dags/tutorial_objectstorage.py
[2024-09-17T06:30:54.322-0300] {logging_mixin.py:188} INFO - [2024-09-17T06:30:54.321-0300] {dag.py:3089} INFO - Sync 1 DAGs
[2024-09-17T06:30:54.337-0300] {logging_mixin.py:188} INFO - [2024-09-17T06:30:54.337-0300] {dag.py:3947} INFO - Setting next_dagrun for tutorial_objectstorage to None, run_after=None
[2024-09-17T06:30:54.369-0300] {processor.py:183} INFO - Processing /home/jezandre/airflow/airflow_env/lib/python3.11/site-packages/airflow/example_dags/tutorial_objectstorage.py took 0.094 seconds
[2024-09-17T06:31:24.644-0300] {processor.py:161} INFO - Started process (PID=21769) to work on /home/jezandre/airflow/airflow_env/lib/python3.11/site-packages/airflow/example_dags/tutorial_objectstorage.py
[2024-09-17T06:31:24.646-0300] {processor.py:830} INFO - Processing file /home/jezandre/airflow/airflow_env/lib/python3.11/site-packages/airflow/example_dags/tutorial_objectstorage.py for tasks to queue
[2024-09-17T06:31:24.649-0300] {logging_mixin.py:188} INFO - [2024-09-17T06:31:24.648-0300] {dagbag.py:545} INFO - Filling up the DagBag from /home/jezandre/airflow/airflow_env/lib/python3.11/site-packages/airflow/example_dags/tutorial_objectstorage.py
[2024-09-17T06:31:24.660-0300] {processor.py:840} INFO - DAG(s) 'tutorial_objectstorage' retrieved from /home/jezandre/airflow/airflow_env/lib/python3.11/site-packages/airflow/example_dags/tutorial_objectstorage.py
[2024-09-17T06:31:24.694-0300] {logging_mixin.py:188} INFO - [2024-09-17T06:31:24.694-0300] {dag.py:3089} INFO - Sync 1 DAGs
[2024-09-17T06:31:24.713-0300] {logging_mixin.py:188} INFO - [2024-09-17T06:31:24.713-0300] {dag.py:3947} INFO - Setting next_dagrun for tutorial_objectstorage to None, run_after=None
[2024-09-17T06:31:24.743-0300] {processor.py:183} INFO - Processing /home/jezandre/airflow/airflow_env/lib/python3.11/site-packages/airflow/example_dags/tutorial_objectstorage.py took 0.108 seconds
[2024-09-17T06:31:55.135-0300] {processor.py:161} INFO - Started process (PID=22059) to work on /home/jezandre/airflow/airflow_env/lib/python3.11/site-packages/airflow/example_dags/tutorial_objectstorage.py
[2024-09-17T06:31:55.140-0300] {processor.py:830} INFO - Processing file /home/jezandre/airflow/airflow_env/lib/python3.11/site-packages/airflow/example_dags/tutorial_objectstorage.py for tasks to queue
[2024-09-17T06:31:55.142-0300] {logging_mixin.py:188} INFO - [2024-09-17T06:31:55.141-0300] {dagbag.py:545} INFO - Filling up the DagBag from /home/jezandre/airflow/airflow_env/lib/python3.11/site-packages/airflow/example_dags/tutorial_objectstorage.py
[2024-09-17T06:31:55.150-0300] {processor.py:840} INFO - DAG(s) 'tutorial_objectstorage' retrieved from /home/jezandre/airflow/airflow_env/lib/python3.11/site-packages/airflow/example_dags/tutorial_objectstorage.py
[2024-09-17T06:31:55.179-0300] {logging_mixin.py:188} INFO - [2024-09-17T06:31:55.179-0300] {dag.py:3089} INFO - Sync 1 DAGs
[2024-09-17T06:31:55.195-0300] {logging_mixin.py:188} INFO - [2024-09-17T06:31:55.194-0300] {dag.py:3947} INFO - Setting next_dagrun for tutorial_objectstorage to None, run_after=None
[2024-09-17T06:31:55.221-0300] {processor.py:183} INFO - Processing /home/jezandre/airflow/airflow_env/lib/python3.11/site-packages/airflow/example_dags/tutorial_objectstorage.py took 0.093 seconds
[2024-09-17T06:32:25.646-0300] {processor.py:161} INFO - Started process (PID=22531) to work on /home/jezandre/airflow/airflow_env/lib/python3.11/site-packages/airflow/example_dags/tutorial_objectstorage.py
[2024-09-17T06:32:25.649-0300] {processor.py:830} INFO - Processing file /home/jezandre/airflow/airflow_env/lib/python3.11/site-packages/airflow/example_dags/tutorial_objectstorage.py for tasks to queue
[2024-09-17T06:32:25.652-0300] {logging_mixin.py:188} INFO - [2024-09-17T06:32:25.651-0300] {dagbag.py:545} INFO - Filling up the DagBag from /home/jezandre/airflow/airflow_env/lib/python3.11/site-packages/airflow/example_dags/tutorial_objectstorage.py
[2024-09-17T06:32:25.661-0300] {processor.py:840} INFO - DAG(s) 'tutorial_objectstorage' retrieved from /home/jezandre/airflow/airflow_env/lib/python3.11/site-packages/airflow/example_dags/tutorial_objectstorage.py
[2024-09-17T06:32:25.820-0300] {logging_mixin.py:188} INFO - [2024-09-17T06:32:25.819-0300] {dag.py:3089} INFO - Sync 1 DAGs
[2024-09-17T06:32:25.835-0300] {logging_mixin.py:188} INFO - [2024-09-17T06:32:25.834-0300] {dag.py:3947} INFO - Setting next_dagrun for tutorial_objectstorage to None, run_after=None
[2024-09-17T06:32:25.867-0300] {processor.py:183} INFO - Processing /home/jezandre/airflow/airflow_env/lib/python3.11/site-packages/airflow/example_dags/tutorial_objectstorage.py took 0.232 seconds
[2024-09-17T06:32:56.633-0300] {processor.py:161} INFO - Started process (PID=22896) to work on /home/jezandre/airflow/airflow_env/lib/python3.11/site-packages/airflow/example_dags/tutorial_objectstorage.py
[2024-09-17T06:32:56.635-0300] {processor.py:830} INFO - Processing file /home/jezandre/airflow/airflow_env/lib/python3.11/site-packages/airflow/example_dags/tutorial_objectstorage.py for tasks to queue
[2024-09-17T06:32:56.637-0300] {logging_mixin.py:188} INFO - [2024-09-17T06:32:56.636-0300] {dagbag.py:545} INFO - Filling up the DagBag from /home/jezandre/airflow/airflow_env/lib/python3.11/site-packages/airflow/example_dags/tutorial_objectstorage.py
[2024-09-17T06:32:56.644-0300] {processor.py:840} INFO - DAG(s) 'tutorial_objectstorage' retrieved from /home/jezandre/airflow/airflow_env/lib/python3.11/site-packages/airflow/example_dags/tutorial_objectstorage.py
[2024-09-17T06:32:56.677-0300] {logging_mixin.py:188} INFO - [2024-09-17T06:32:56.677-0300] {dag.py:3089} INFO - Sync 1 DAGs
[2024-09-17T06:32:56.695-0300] {logging_mixin.py:188} INFO - [2024-09-17T06:32:56.695-0300] {dag.py:3947} INFO - Setting next_dagrun for tutorial_objectstorage to None, run_after=None
[2024-09-17T06:32:56.727-0300] {processor.py:183} INFO - Processing /home/jezandre/airflow/airflow_env/lib/python3.11/site-packages/airflow/example_dags/tutorial_objectstorage.py took 0.100 seconds
[2024-09-17T06:33:27.143-0300] {processor.py:161} INFO - Started process (PID=23134) to work on /home/jezandre/airflow/airflow_env/lib/python3.11/site-packages/airflow/example_dags/tutorial_objectstorage.py
[2024-09-17T06:33:27.144-0300] {processor.py:830} INFO - Processing file /home/jezandre/airflow/airflow_env/lib/python3.11/site-packages/airflow/example_dags/tutorial_objectstorage.py for tasks to queue
[2024-09-17T06:33:27.146-0300] {logging_mixin.py:188} INFO - [2024-09-17T06:33:27.145-0300] {dagbag.py:545} INFO - Filling up the DagBag from /home/jezandre/airflow/airflow_env/lib/python3.11/site-packages/airflow/example_dags/tutorial_objectstorage.py
[2024-09-17T06:33:27.153-0300] {processor.py:840} INFO - DAG(s) 'tutorial_objectstorage' retrieved from /home/jezandre/airflow/airflow_env/lib/python3.11/site-packages/airflow/example_dags/tutorial_objectstorage.py
[2024-09-17T06:33:27.181-0300] {logging_mixin.py:188} INFO - [2024-09-17T06:33:27.181-0300] {dag.py:3089} INFO - Sync 1 DAGs
[2024-09-17T06:33:27.195-0300] {logging_mixin.py:188} INFO - [2024-09-17T06:33:27.195-0300] {dag.py:3947} INFO - Setting next_dagrun for tutorial_objectstorage to None, run_after=None
[2024-09-17T06:33:27.218-0300] {processor.py:183} INFO - Processing /home/jezandre/airflow/airflow_env/lib/python3.11/site-packages/airflow/example_dags/tutorial_objectstorage.py took 0.081 seconds
[2024-09-17T06:33:57.875-0300] {processor.py:161} INFO - Started process (PID=23412) to work on /home/jezandre/airflow/airflow_env/lib/python3.11/site-packages/airflow/example_dags/tutorial_objectstorage.py
[2024-09-17T06:33:57.877-0300] {processor.py:830} INFO - Processing file /home/jezandre/airflow/airflow_env/lib/python3.11/site-packages/airflow/example_dags/tutorial_objectstorage.py for tasks to queue
[2024-09-17T06:33:57.879-0300] {logging_mixin.py:188} INFO - [2024-09-17T06:33:57.879-0300] {dagbag.py:545} INFO - Filling up the DagBag from /home/jezandre/airflow/airflow_env/lib/python3.11/site-packages/airflow/example_dags/tutorial_objectstorage.py
[2024-09-17T06:33:57.888-0300] {processor.py:840} INFO - DAG(s) 'tutorial_objectstorage' retrieved from /home/jezandre/airflow/airflow_env/lib/python3.11/site-packages/airflow/example_dags/tutorial_objectstorage.py
[2024-09-17T06:33:57.916-0300] {logging_mixin.py:188} INFO - [2024-09-17T06:33:57.915-0300] {dag.py:3089} INFO - Sync 1 DAGs
[2024-09-17T06:33:57.931-0300] {logging_mixin.py:188} INFO - [2024-09-17T06:33:57.931-0300] {dag.py:3947} INFO - Setting next_dagrun for tutorial_objectstorage to None, run_after=None
[2024-09-17T06:33:57.958-0300] {processor.py:183} INFO - Processing /home/jezandre/airflow/airflow_env/lib/python3.11/site-packages/airflow/example_dags/tutorial_objectstorage.py took 0.089 seconds
[2024-09-17T06:34:28.205-0300] {processor.py:161} INFO - Started process (PID=23651) to work on /home/jezandre/airflow/airflow_env/lib/python3.11/site-packages/airflow/example_dags/tutorial_objectstorage.py
[2024-09-17T06:34:28.207-0300] {processor.py:830} INFO - Processing file /home/jezandre/airflow/airflow_env/lib/python3.11/site-packages/airflow/example_dags/tutorial_objectstorage.py for tasks to queue
[2024-09-17T06:34:28.208-0300] {logging_mixin.py:188} INFO - [2024-09-17T06:34:28.208-0300] {dagbag.py:545} INFO - Filling up the DagBag from /home/jezandre/airflow/airflow_env/lib/python3.11/site-packages/airflow/example_dags/tutorial_objectstorage.py
[2024-09-17T06:34:28.216-0300] {processor.py:840} INFO - DAG(s) 'tutorial_objectstorage' retrieved from /home/jezandre/airflow/airflow_env/lib/python3.11/site-packages/airflow/example_dags/tutorial_objectstorage.py
[2024-09-17T06:34:28.246-0300] {logging_mixin.py:188} INFO - [2024-09-17T06:34:28.245-0300] {dag.py:3089} INFO - Sync 1 DAGs
[2024-09-17T06:34:28.266-0300] {logging_mixin.py:188} INFO - [2024-09-17T06:34:28.266-0300] {dag.py:3947} INFO - Setting next_dagrun for tutorial_objectstorage to None, run_after=None
[2024-09-17T06:34:28.293-0300] {processor.py:183} INFO - Processing /home/jezandre/airflow/airflow_env/lib/python3.11/site-packages/airflow/example_dags/tutorial_objectstorage.py took 0.094 seconds
