[2024-09-17T06:28:06.513-0300] {processor.py:161} INFO - Started process (PID=20226) to work on /home/jezandre/airflow/airflow_env/lib/python3.11/site-packages/airflow/example_dags/subdags/subdag.py
[2024-09-17T06:28:06.514-0300] {processor.py:830} INFO - Processing file /home/jezandre/airflow/airflow_env/lib/python3.11/site-packages/airflow/example_dags/subdags/subdag.py for tasks to queue
[2024-09-17T06:28:06.515-0300] {logging_mixin.py:188} INFO - [2024-09-17T06:28:06.515-0300] {dagbag.py:545} INFO - Filling up the DagBag from /home/jezandre/airflow/airflow_env/lib/python3.11/site-packages/airflow/example_dags/subdags/subdag.py
[2024-09-17T06:28:06.517-0300] {processor.py:842} WARNING - No viable dags retrieved from /home/jezandre/airflow/airflow_env/lib/python3.11/site-packages/airflow/example_dags/subdags/subdag.py
[2024-09-17T06:28:06.526-0300] {processor.py:183} INFO - Processing /home/jezandre/airflow/airflow_env/lib/python3.11/site-packages/airflow/example_dags/subdags/subdag.py took 0.019 seconds
[2024-09-17T06:29:03.607-0300] {processor.py:161} INFO - Started process (PID=20540) to work on /home/jezandre/airflow/airflow_env/lib/python3.11/site-packages/airflow/example_dags/subdags/subdag.py
[2024-09-17T06:29:03.609-0300] {processor.py:830} INFO - Processing file /home/jezandre/airflow/airflow_env/lib/python3.11/site-packages/airflow/example_dags/subdags/subdag.py for tasks to queue
[2024-09-17T06:29:03.611-0300] {logging_mixin.py:188} INFO - [2024-09-17T06:29:03.610-0300] {dagbag.py:545} INFO - Filling up the DagBag from /home/jezandre/airflow/airflow_env/lib/python3.11/site-packages/airflow/example_dags/subdags/subdag.py
[2024-09-17T06:29:03.613-0300] {processor.py:842} WARNING - No viable dags retrieved from /home/jezandre/airflow/airflow_env/lib/python3.11/site-packages/airflow/example_dags/subdags/subdag.py
[2024-09-17T06:29:03.624-0300] {processor.py:183} INFO - Processing /home/jezandre/airflow/airflow_env/lib/python3.11/site-packages/airflow/example_dags/subdags/subdag.py took 0.023 seconds
[2024-09-17T06:29:57.219-0300] {processor.py:161} INFO - Started process (PID=21148) to work on /home/jezandre/airflow/airflow_env/lib/python3.11/site-packages/airflow/example_dags/subdags/subdag.py
[2024-09-17T06:29:57.220-0300] {processor.py:830} INFO - Processing file /home/jezandre/airflow/airflow_env/lib/python3.11/site-packages/airflow/example_dags/subdags/subdag.py for tasks to queue
[2024-09-17T06:29:57.221-0300] {logging_mixin.py:188} INFO - [2024-09-17T06:29:57.221-0300] {dagbag.py:545} INFO - Filling up the DagBag from /home/jezandre/airflow/airflow_env/lib/python3.11/site-packages/airflow/example_dags/subdags/subdag.py
[2024-09-17T06:29:57.223-0300] {processor.py:842} WARNING - No viable dags retrieved from /home/jezandre/airflow/airflow_env/lib/python3.11/site-packages/airflow/example_dags/subdags/subdag.py
[2024-09-17T06:29:57.246-0300] {processor.py:183} INFO - Processing /home/jezandre/airflow/airflow_env/lib/python3.11/site-packages/airflow/example_dags/subdags/subdag.py took 0.032 seconds
[2024-09-17T06:30:27.530-0300] {processor.py:161} INFO - Started process (PID=21423) to work on /home/jezandre/airflow/airflow_env/lib/python3.11/site-packages/airflow/example_dags/subdags/subdag.py
[2024-09-17T06:30:27.532-0300] {processor.py:830} INFO - Processing file /home/jezandre/airflow/airflow_env/lib/python3.11/site-packages/airflow/example_dags/subdags/subdag.py for tasks to queue
[2024-09-17T06:30:27.533-0300] {logging_mixin.py:188} INFO - [2024-09-17T06:30:27.533-0300] {dagbag.py:545} INFO - Filling up the DagBag from /home/jezandre/airflow/airflow_env/lib/python3.11/site-packages/airflow/example_dags/subdags/subdag.py
[2024-09-17T06:30:27.535-0300] {processor.py:842} WARNING - No viable dags retrieved from /home/jezandre/airflow/airflow_env/lib/python3.11/site-packages/airflow/example_dags/subdags/subdag.py
[2024-09-17T06:30:27.556-0300] {processor.py:183} INFO - Processing /home/jezandre/airflow/airflow_env/lib/python3.11/site-packages/airflow/example_dags/subdags/subdag.py took 0.033 seconds
[2024-09-17T06:30:57.734-0300] {processor.py:161} INFO - Started process (PID=21626) to work on /home/jezandre/airflow/airflow_env/lib/python3.11/site-packages/airflow/example_dags/subdags/subdag.py
[2024-09-17T06:30:57.735-0300] {processor.py:830} INFO - Processing file /home/jezandre/airflow/airflow_env/lib/python3.11/site-packages/airflow/example_dags/subdags/subdag.py for tasks to queue
[2024-09-17T06:30:57.736-0300] {logging_mixin.py:188} INFO - [2024-09-17T06:30:57.736-0300] {dagbag.py:545} INFO - Filling up the DagBag from /home/jezandre/airflow/airflow_env/lib/python3.11/site-packages/airflow/example_dags/subdags/subdag.py
[2024-09-17T06:30:57.738-0300] {processor.py:842} WARNING - No viable dags retrieved from /home/jezandre/airflow/airflow_env/lib/python3.11/site-packages/airflow/example_dags/subdags/subdag.py
[2024-09-17T06:30:57.757-0300] {processor.py:183} INFO - Processing /home/jezandre/airflow/airflow_env/lib/python3.11/site-packages/airflow/example_dags/subdags/subdag.py took 0.028 seconds
[2024-09-17T06:31:28.320-0300] {processor.py:161} INFO - Started process (PID=21831) to work on /home/jezandre/airflow/airflow_env/lib/python3.11/site-packages/airflow/example_dags/subdags/subdag.py
[2024-09-17T06:31:28.322-0300] {processor.py:830} INFO - Processing file /home/jezandre/airflow/airflow_env/lib/python3.11/site-packages/airflow/example_dags/subdags/subdag.py for tasks to queue
[2024-09-17T06:31:28.325-0300] {logging_mixin.py:188} INFO - [2024-09-17T06:31:28.324-0300] {dagbag.py:545} INFO - Filling up the DagBag from /home/jezandre/airflow/airflow_env/lib/python3.11/site-packages/airflow/example_dags/subdags/subdag.py
[2024-09-17T06:31:28.327-0300] {processor.py:842} WARNING - No viable dags retrieved from /home/jezandre/airflow/airflow_env/lib/python3.11/site-packages/airflow/example_dags/subdags/subdag.py
[2024-09-17T06:31:28.354-0300] {processor.py:183} INFO - Processing /home/jezandre/airflow/airflow_env/lib/python3.11/site-packages/airflow/example_dags/subdags/subdag.py took 0.042 seconds
[2024-09-17T06:31:58.648-0300] {processor.py:161} INFO - Started process (PID=22127) to work on /home/jezandre/airflow/airflow_env/lib/python3.11/site-packages/airflow/example_dags/subdags/subdag.py
[2024-09-17T06:31:58.650-0300] {processor.py:830} INFO - Processing file /home/jezandre/airflow/airflow_env/lib/python3.11/site-packages/airflow/example_dags/subdags/subdag.py for tasks to queue
[2024-09-17T06:31:58.652-0300] {logging_mixin.py:188} INFO - [2024-09-17T06:31:58.651-0300] {dagbag.py:545} INFO - Filling up the DagBag from /home/jezandre/airflow/airflow_env/lib/python3.11/site-packages/airflow/example_dags/subdags/subdag.py
[2024-09-17T06:31:58.654-0300] {processor.py:842} WARNING - No viable dags retrieved from /home/jezandre/airflow/airflow_env/lib/python3.11/site-packages/airflow/example_dags/subdags/subdag.py
[2024-09-17T06:31:58.675-0300] {processor.py:183} INFO - Processing /home/jezandre/airflow/airflow_env/lib/python3.11/site-packages/airflow/example_dags/subdags/subdag.py took 0.035 seconds
[2024-09-17T06:32:29.826-0300] {processor.py:161} INFO - Started process (PID=22600) to work on /home/jezandre/airflow/airflow_env/lib/python3.11/site-packages/airflow/example_dags/subdags/subdag.py
[2024-09-17T06:32:29.827-0300] {processor.py:830} INFO - Processing file /home/jezandre/airflow/airflow_env/lib/python3.11/site-packages/airflow/example_dags/subdags/subdag.py for tasks to queue
[2024-09-17T06:32:29.830-0300] {logging_mixin.py:188} INFO - [2024-09-17T06:32:29.829-0300] {dagbag.py:545} INFO - Filling up the DagBag from /home/jezandre/airflow/airflow_env/lib/python3.11/site-packages/airflow/example_dags/subdags/subdag.py
[2024-09-17T06:32:29.832-0300] {processor.py:842} WARNING - No viable dags retrieved from /home/jezandre/airflow/airflow_env/lib/python3.11/site-packages/airflow/example_dags/subdags/subdag.py
[2024-09-17T06:32:29.857-0300] {processor.py:183} INFO - Processing /home/jezandre/airflow/airflow_env/lib/python3.11/site-packages/airflow/example_dags/subdags/subdag.py took 0.037 seconds
[2024-09-17T06:33:00.559-0300] {processor.py:161} INFO - Started process (PID=22961) to work on /home/jezandre/airflow/airflow_env/lib/python3.11/site-packages/airflow/example_dags/subdags/subdag.py
[2024-09-17T06:33:00.560-0300] {processor.py:830} INFO - Processing file /home/jezandre/airflow/airflow_env/lib/python3.11/site-packages/airflow/example_dags/subdags/subdag.py for tasks to queue
[2024-09-17T06:33:00.561-0300] {logging_mixin.py:188} INFO - [2024-09-17T06:33:00.561-0300] {dagbag.py:545} INFO - Filling up the DagBag from /home/jezandre/airflow/airflow_env/lib/python3.11/site-packages/airflow/example_dags/subdags/subdag.py
[2024-09-17T06:33:00.563-0300] {processor.py:842} WARNING - No viable dags retrieved from /home/jezandre/airflow/airflow_env/lib/python3.11/site-packages/airflow/example_dags/subdags/subdag.py
[2024-09-17T06:33:00.585-0300] {processor.py:183} INFO - Processing /home/jezandre/airflow/airflow_env/lib/python3.11/site-packages/airflow/example_dags/subdags/subdag.py took 0.032 seconds
[2024-09-17T06:33:31.050-0300] {processor.py:161} INFO - Started process (PID=23199) to work on /home/jezandre/airflow/airflow_env/lib/python3.11/site-packages/airflow/example_dags/subdags/subdag.py
[2024-09-17T06:33:31.051-0300] {processor.py:830} INFO - Processing file /home/jezandre/airflow/airflow_env/lib/python3.11/site-packages/airflow/example_dags/subdags/subdag.py for tasks to queue
[2024-09-17T06:33:31.055-0300] {logging_mixin.py:188} INFO - [2024-09-17T06:33:31.054-0300] {dagbag.py:545} INFO - Filling up the DagBag from /home/jezandre/airflow/airflow_env/lib/python3.11/site-packages/airflow/example_dags/subdags/subdag.py
[2024-09-17T06:33:31.058-0300] {processor.py:842} WARNING - No viable dags retrieved from /home/jezandre/airflow/airflow_env/lib/python3.11/site-packages/airflow/example_dags/subdags/subdag.py
[2024-09-17T06:33:31.087-0300] {processor.py:183} INFO - Processing /home/jezandre/airflow/airflow_env/lib/python3.11/site-packages/airflow/example_dags/subdags/subdag.py took 0.047 seconds
[2024-09-17T06:34:01.495-0300] {processor.py:161} INFO - Started process (PID=23492) to work on /home/jezandre/airflow/airflow_env/lib/python3.11/site-packages/airflow/example_dags/subdags/subdag.py
[2024-09-17T06:34:01.497-0300] {processor.py:830} INFO - Processing file /home/jezandre/airflow/airflow_env/lib/python3.11/site-packages/airflow/example_dags/subdags/subdag.py for tasks to queue
[2024-09-17T06:34:01.499-0300] {logging_mixin.py:188} INFO - [2024-09-17T06:34:01.498-0300] {dagbag.py:545} INFO - Filling up the DagBag from /home/jezandre/airflow/airflow_env/lib/python3.11/site-packages/airflow/example_dags/subdags/subdag.py
[2024-09-17T06:34:01.500-0300] {processor.py:842} WARNING - No viable dags retrieved from /home/jezandre/airflow/airflow_env/lib/python3.11/site-packages/airflow/example_dags/subdags/subdag.py
[2024-09-17T06:34:01.521-0300] {processor.py:183} INFO - Processing /home/jezandre/airflow/airflow_env/lib/python3.11/site-packages/airflow/example_dags/subdags/subdag.py took 0.033 seconds
[2024-09-17T06:34:31.998-0300] {processor.py:161} INFO - Started process (PID=23720) to work on /home/jezandre/airflow/airflow_env/lib/python3.11/site-packages/airflow/example_dags/subdags/subdag.py
[2024-09-17T06:34:31.999-0300] {processor.py:830} INFO - Processing file /home/jezandre/airflow/airflow_env/lib/python3.11/site-packages/airflow/example_dags/subdags/subdag.py for tasks to queue
[2024-09-17T06:34:32.001-0300] {logging_mixin.py:188} INFO - [2024-09-17T06:34:32.001-0300] {dagbag.py:545} INFO - Filling up the DagBag from /home/jezandre/airflow/airflow_env/lib/python3.11/site-packages/airflow/example_dags/subdags/subdag.py
[2024-09-17T06:34:32.003-0300] {processor.py:842} WARNING - No viable dags retrieved from /home/jezandre/airflow/airflow_env/lib/python3.11/site-packages/airflow/example_dags/subdags/subdag.py
[2024-09-17T06:34:32.027-0300] {processor.py:183} INFO - Processing /home/jezandre/airflow/airflow_env/lib/python3.11/site-packages/airflow/example_dags/subdags/subdag.py took 0.038 seconds
[2024-09-17T06:35:02.731-0300] {processor.py:161} INFO - Started process (PID=24089) to work on /home/jezandre/airflow/airflow_env/lib/python3.11/site-packages/airflow/example_dags/subdags/subdag.py
[2024-09-17T06:35:02.733-0300] {processor.py:830} INFO - Processing file /home/jezandre/airflow/airflow_env/lib/python3.11/site-packages/airflow/example_dags/subdags/subdag.py for tasks to queue
[2024-09-17T06:35:02.735-0300] {logging_mixin.py:188} INFO - [2024-09-17T06:35:02.735-0300] {dagbag.py:545} INFO - Filling up the DagBag from /home/jezandre/airflow/airflow_env/lib/python3.11/site-packages/airflow/example_dags/subdags/subdag.py
[2024-09-17T06:35:02.738-0300] {processor.py:842} WARNING - No viable dags retrieved from /home/jezandre/airflow/airflow_env/lib/python3.11/site-packages/airflow/example_dags/subdags/subdag.py
[2024-09-17T06:35:02.761-0300] {processor.py:183} INFO - Processing /home/jezandre/airflow/airflow_env/lib/python3.11/site-packages/airflow/example_dags/subdags/subdag.py took 0.037 seconds
[2024-09-17T06:35:32.920-0300] {processor.py:161} INFO - Started process (PID=24304) to work on /home/jezandre/airflow/airflow_env/lib/python3.11/site-packages/airflow/example_dags/subdags/subdag.py
[2024-09-17T06:35:32.922-0300] {processor.py:830} INFO - Processing file /home/jezandre/airflow/airflow_env/lib/python3.11/site-packages/airflow/example_dags/subdags/subdag.py for tasks to queue
[2024-09-17T06:35:32.925-0300] {logging_mixin.py:188} INFO - [2024-09-17T06:35:32.924-0300] {dagbag.py:545} INFO - Filling up the DagBag from /home/jezandre/airflow/airflow_env/lib/python3.11/site-packages/airflow/example_dags/subdags/subdag.py
[2024-09-17T06:35:32.928-0300] {processor.py:842} WARNING - No viable dags retrieved from /home/jezandre/airflow/airflow_env/lib/python3.11/site-packages/airflow/example_dags/subdags/subdag.py
[2024-09-17T06:35:32.953-0300] {processor.py:183} INFO - Processing /home/jezandre/airflow/airflow_env/lib/python3.11/site-packages/airflow/example_dags/subdags/subdag.py took 0.041 seconds
[2024-09-17T06:36:03.346-0300] {processor.py:161} INFO - Started process (PID=24625) to work on /home/jezandre/airflow/airflow_env/lib/python3.11/site-packages/airflow/example_dags/subdags/subdag.py
[2024-09-17T06:36:03.347-0300] {processor.py:830} INFO - Processing file /home/jezandre/airflow/airflow_env/lib/python3.11/site-packages/airflow/example_dags/subdags/subdag.py for tasks to queue
[2024-09-17T06:36:03.349-0300] {logging_mixin.py:188} INFO - [2024-09-17T06:36:03.348-0300] {dagbag.py:545} INFO - Filling up the DagBag from /home/jezandre/airflow/airflow_env/lib/python3.11/site-packages/airflow/example_dags/subdags/subdag.py
[2024-09-17T06:36:03.350-0300] {processor.py:842} WARNING - No viable dags retrieved from /home/jezandre/airflow/airflow_env/lib/python3.11/site-packages/airflow/example_dags/subdags/subdag.py
[2024-09-17T06:36:03.372-0300] {processor.py:183} INFO - Processing /home/jezandre/airflow/airflow_env/lib/python3.11/site-packages/airflow/example_dags/subdags/subdag.py took 0.031 seconds
[2024-09-17T06:36:33.779-0300] {processor.py:161} INFO - Started process (PID=24846) to work on /home/jezandre/airflow/airflow_env/lib/python3.11/site-packages/airflow/example_dags/subdags/subdag.py
[2024-09-17T06:36:33.780-0300] {processor.py:830} INFO - Processing file /home/jezandre/airflow/airflow_env/lib/python3.11/site-packages/airflow/example_dags/subdags/subdag.py for tasks to queue
[2024-09-17T06:36:33.782-0300] {logging_mixin.py:188} INFO - [2024-09-17T06:36:33.782-0300] {dagbag.py:545} INFO - Filling up the DagBag from /home/jezandre/airflow/airflow_env/lib/python3.11/site-packages/airflow/example_dags/subdags/subdag.py
[2024-09-17T06:36:33.784-0300] {processor.py:842} WARNING - No viable dags retrieved from /home/jezandre/airflow/airflow_env/lib/python3.11/site-packages/airflow/example_dags/subdags/subdag.py
[2024-09-17T06:36:33.803-0300] {processor.py:183} INFO - Processing /home/jezandre/airflow/airflow_env/lib/python3.11/site-packages/airflow/example_dags/subdags/subdag.py took 0.030 seconds
[2024-09-17T06:37:04.222-0300] {processor.py:161} INFO - Started process (PID=25076) to work on /home/jezandre/airflow/airflow_env/lib/python3.11/site-packages/airflow/example_dags/subdags/subdag.py
[2024-09-17T06:37:04.223-0300] {processor.py:830} INFO - Processing file /home/jezandre/airflow/airflow_env/lib/python3.11/site-packages/airflow/example_dags/subdags/subdag.py for tasks to queue
[2024-09-17T06:37:04.225-0300] {logging_mixin.py:188} INFO - [2024-09-17T06:37:04.224-0300] {dagbag.py:545} INFO - Filling up the DagBag from /home/jezandre/airflow/airflow_env/lib/python3.11/site-packages/airflow/example_dags/subdags/subdag.py
[2024-09-17T06:37:04.226-0300] {processor.py:842} WARNING - No viable dags retrieved from /home/jezandre/airflow/airflow_env/lib/python3.11/site-packages/airflow/example_dags/subdags/subdag.py
[2024-09-17T06:37:04.247-0300] {processor.py:183} INFO - Processing /home/jezandre/airflow/airflow_env/lib/python3.11/site-packages/airflow/example_dags/subdags/subdag.py took 0.031 seconds
[2024-09-17T06:37:35.058-0300] {processor.py:161} INFO - Started process (PID=25277) to work on /home/jezandre/airflow/airflow_env/lib/python3.11/site-packages/airflow/example_dags/subdags/subdag.py
[2024-09-17T06:37:35.060-0300] {processor.py:830} INFO - Processing file /home/jezandre/airflow/airflow_env/lib/python3.11/site-packages/airflow/example_dags/subdags/subdag.py for tasks to queue
[2024-09-17T06:37:35.062-0300] {logging_mixin.py:188} INFO - [2024-09-17T06:37:35.062-0300] {dagbag.py:545} INFO - Filling up the DagBag from /home/jezandre/airflow/airflow_env/lib/python3.11/site-packages/airflow/example_dags/subdags/subdag.py
[2024-09-17T06:37:35.065-0300] {processor.py:842} WARNING - No viable dags retrieved from /home/jezandre/airflow/airflow_env/lib/python3.11/site-packages/airflow/example_dags/subdags/subdag.py
[2024-09-17T06:37:35.095-0300] {processor.py:183} INFO - Processing /home/jezandre/airflow/airflow_env/lib/python3.11/site-packages/airflow/example_dags/subdags/subdag.py took 0.044 seconds
[2024-09-17T06:38:05.781-0300] {processor.py:161} INFO - Started process (PID=25527) to work on /home/jezandre/airflow/airflow_env/lib/python3.11/site-packages/airflow/example_dags/subdags/subdag.py
[2024-09-17T06:38:05.783-0300] {processor.py:830} INFO - Processing file /home/jezandre/airflow/airflow_env/lib/python3.11/site-packages/airflow/example_dags/subdags/subdag.py for tasks to queue
[2024-09-17T06:38:05.784-0300] {logging_mixin.py:188} INFO - [2024-09-17T06:38:05.784-0300] {dagbag.py:545} INFO - Filling up the DagBag from /home/jezandre/airflow/airflow_env/lib/python3.11/site-packages/airflow/example_dags/subdags/subdag.py
[2024-09-17T06:38:05.785-0300] {processor.py:842} WARNING - No viable dags retrieved from /home/jezandre/airflow/airflow_env/lib/python3.11/site-packages/airflow/example_dags/subdags/subdag.py
[2024-09-17T06:38:05.809-0300] {processor.py:183} INFO - Processing /home/jezandre/airflow/airflow_env/lib/python3.11/site-packages/airflow/example_dags/subdags/subdag.py took 0.033 seconds
[2024-09-17T06:38:36.151-0300] {processor.py:161} INFO - Started process (PID=25854) to work on /home/jezandre/airflow/airflow_env/lib/python3.11/site-packages/airflow/example_dags/subdags/subdag.py
[2024-09-17T06:38:36.152-0300] {processor.py:830} INFO - Processing file /home/jezandre/airflow/airflow_env/lib/python3.11/site-packages/airflow/example_dags/subdags/subdag.py for tasks to queue
[2024-09-17T06:38:36.154-0300] {logging_mixin.py:188} INFO - [2024-09-17T06:38:36.153-0300] {dagbag.py:545} INFO - Filling up the DagBag from /home/jezandre/airflow/airflow_env/lib/python3.11/site-packages/airflow/example_dags/subdags/subdag.py
[2024-09-17T06:38:36.155-0300] {processor.py:842} WARNING - No viable dags retrieved from /home/jezandre/airflow/airflow_env/lib/python3.11/site-packages/airflow/example_dags/subdags/subdag.py
[2024-09-17T06:38:36.174-0300] {processor.py:183} INFO - Processing /home/jezandre/airflow/airflow_env/lib/python3.11/site-packages/airflow/example_dags/subdags/subdag.py took 0.031 seconds
[2024-09-17T06:39:06.937-0300] {processor.py:161} INFO - Started process (PID=26169) to work on /home/jezandre/airflow/airflow_env/lib/python3.11/site-packages/airflow/example_dags/subdags/subdag.py
[2024-09-17T06:39:06.938-0300] {processor.py:830} INFO - Processing file /home/jezandre/airflow/airflow_env/lib/python3.11/site-packages/airflow/example_dags/subdags/subdag.py for tasks to queue
[2024-09-17T06:39:06.939-0300] {logging_mixin.py:188} INFO - [2024-09-17T06:39:06.939-0300] {dagbag.py:545} INFO - Filling up the DagBag from /home/jezandre/airflow/airflow_env/lib/python3.11/site-packages/airflow/example_dags/subdags/subdag.py
[2024-09-17T06:39:06.941-0300] {processor.py:842} WARNING - No viable dags retrieved from /home/jezandre/airflow/airflow_env/lib/python3.11/site-packages/airflow/example_dags/subdags/subdag.py
[2024-09-17T06:39:06.963-0300] {processor.py:183} INFO - Processing /home/jezandre/airflow/airflow_env/lib/python3.11/site-packages/airflow/example_dags/subdags/subdag.py took 0.034 seconds
[2024-09-17T06:39:37.489-0300] {processor.py:161} INFO - Started process (PID=26400) to work on /home/jezandre/airflow/airflow_env/lib/python3.11/site-packages/airflow/example_dags/subdags/subdag.py
[2024-09-17T06:39:37.491-0300] {processor.py:830} INFO - Processing file /home/jezandre/airflow/airflow_env/lib/python3.11/site-packages/airflow/example_dags/subdags/subdag.py for tasks to queue
[2024-09-17T06:39:37.493-0300] {logging_mixin.py:188} INFO - [2024-09-17T06:39:37.493-0300] {dagbag.py:545} INFO - Filling up the DagBag from /home/jezandre/airflow/airflow_env/lib/python3.11/site-packages/airflow/example_dags/subdags/subdag.py
[2024-09-17T06:39:37.496-0300] {processor.py:842} WARNING - No viable dags retrieved from /home/jezandre/airflow/airflow_env/lib/python3.11/site-packages/airflow/example_dags/subdags/subdag.py
[2024-09-17T06:39:37.526-0300] {processor.py:183} INFO - Processing /home/jezandre/airflow/airflow_env/lib/python3.11/site-packages/airflow/example_dags/subdags/subdag.py took 0.050 seconds
[2024-09-17T06:40:08.114-0300] {processor.py:161} INFO - Started process (PID=26692) to work on /home/jezandre/airflow/airflow_env/lib/python3.11/site-packages/airflow/example_dags/subdags/subdag.py
[2024-09-17T06:40:08.116-0300] {processor.py:830} INFO - Processing file /home/jezandre/airflow/airflow_env/lib/python3.11/site-packages/airflow/example_dags/subdags/subdag.py for tasks to queue
[2024-09-17T06:40:08.118-0300] {logging_mixin.py:188} INFO - [2024-09-17T06:40:08.117-0300] {dagbag.py:545} INFO - Filling up the DagBag from /home/jezandre/airflow/airflow_env/lib/python3.11/site-packages/airflow/example_dags/subdags/subdag.py
[2024-09-17T06:40:08.120-0300] {processor.py:842} WARNING - No viable dags retrieved from /home/jezandre/airflow/airflow_env/lib/python3.11/site-packages/airflow/example_dags/subdags/subdag.py
[2024-09-17T06:40:08.142-0300] {processor.py:183} INFO - Processing /home/jezandre/airflow/airflow_env/lib/python3.11/site-packages/airflow/example_dags/subdags/subdag.py took 0.036 seconds
[2024-09-17T06:40:38.583-0300] {processor.py:161} INFO - Started process (PID=27042) to work on /home/jezandre/airflow/airflow_env/lib/python3.11/site-packages/airflow/example_dags/subdags/subdag.py
[2024-09-17T06:40:38.585-0300] {processor.py:830} INFO - Processing file /home/jezandre/airflow/airflow_env/lib/python3.11/site-packages/airflow/example_dags/subdags/subdag.py for tasks to queue
[2024-09-17T06:40:38.586-0300] {logging_mixin.py:188} INFO - [2024-09-17T06:40:38.586-0300] {dagbag.py:545} INFO - Filling up the DagBag from /home/jezandre/airflow/airflow_env/lib/python3.11/site-packages/airflow/example_dags/subdags/subdag.py
[2024-09-17T06:40:38.589-0300] {processor.py:842} WARNING - No viable dags retrieved from /home/jezandre/airflow/airflow_env/lib/python3.11/site-packages/airflow/example_dags/subdags/subdag.py
[2024-09-17T06:40:38.612-0300] {processor.py:183} INFO - Processing /home/jezandre/airflow/airflow_env/lib/python3.11/site-packages/airflow/example_dags/subdags/subdag.py took 0.038 seconds
[2024-09-17T06:41:09.156-0300] {processor.py:161} INFO - Started process (PID=27370) to work on /home/jezandre/airflow/airflow_env/lib/python3.11/site-packages/airflow/example_dags/subdags/subdag.py
[2024-09-17T06:41:09.158-0300] {processor.py:830} INFO - Processing file /home/jezandre/airflow/airflow_env/lib/python3.11/site-packages/airflow/example_dags/subdags/subdag.py for tasks to queue
[2024-09-17T06:41:09.161-0300] {logging_mixin.py:188} INFO - [2024-09-17T06:41:09.160-0300] {dagbag.py:545} INFO - Filling up the DagBag from /home/jezandre/airflow/airflow_env/lib/python3.11/site-packages/airflow/example_dags/subdags/subdag.py
[2024-09-17T06:41:09.166-0300] {processor.py:842} WARNING - No viable dags retrieved from /home/jezandre/airflow/airflow_env/lib/python3.11/site-packages/airflow/example_dags/subdags/subdag.py
[2024-09-17T06:41:09.201-0300] {processor.py:183} INFO - Processing /home/jezandre/airflow/airflow_env/lib/python3.11/site-packages/airflow/example_dags/subdags/subdag.py took 0.058 seconds
[2024-09-17T06:41:39.651-0300] {processor.py:161} INFO - Started process (PID=27734) to work on /home/jezandre/airflow/airflow_env/lib/python3.11/site-packages/airflow/example_dags/subdags/subdag.py
[2024-09-17T06:41:39.652-0300] {processor.py:830} INFO - Processing file /home/jezandre/airflow/airflow_env/lib/python3.11/site-packages/airflow/example_dags/subdags/subdag.py for tasks to queue
[2024-09-17T06:41:39.654-0300] {logging_mixin.py:188} INFO - [2024-09-17T06:41:39.653-0300] {dagbag.py:545} INFO - Filling up the DagBag from /home/jezandre/airflow/airflow_env/lib/python3.11/site-packages/airflow/example_dags/subdags/subdag.py
[2024-09-17T06:41:39.655-0300] {processor.py:842} WARNING - No viable dags retrieved from /home/jezandre/airflow/airflow_env/lib/python3.11/site-packages/airflow/example_dags/subdags/subdag.py
[2024-09-17T06:41:39.678-0300] {processor.py:183} INFO - Processing /home/jezandre/airflow/airflow_env/lib/python3.11/site-packages/airflow/example_dags/subdags/subdag.py took 0.037 seconds
[2024-09-17T06:42:10.679-0300] {processor.py:161} INFO - Started process (PID=27945) to work on /home/jezandre/airflow/airflow_env/lib/python3.11/site-packages/airflow/example_dags/subdags/subdag.py
[2024-09-17T06:42:10.680-0300] {processor.py:830} INFO - Processing file /home/jezandre/airflow/airflow_env/lib/python3.11/site-packages/airflow/example_dags/subdags/subdag.py for tasks to queue
[2024-09-17T06:42:10.681-0300] {logging_mixin.py:188} INFO - [2024-09-17T06:42:10.681-0300] {dagbag.py:545} INFO - Filling up the DagBag from /home/jezandre/airflow/airflow_env/lib/python3.11/site-packages/airflow/example_dags/subdags/subdag.py
[2024-09-17T06:42:10.683-0300] {processor.py:842} WARNING - No viable dags retrieved from /home/jezandre/airflow/airflow_env/lib/python3.11/site-packages/airflow/example_dags/subdags/subdag.py
[2024-09-17T06:42:10.704-0300] {processor.py:183} INFO - Processing /home/jezandre/airflow/airflow_env/lib/python3.11/site-packages/airflow/example_dags/subdags/subdag.py took 0.034 seconds
[2024-09-17T06:42:40.993-0300] {processor.py:161} INFO - Started process (PID=28152) to work on /home/jezandre/airflow/airflow_env/lib/python3.11/site-packages/airflow/example_dags/subdags/subdag.py
[2024-09-17T06:42:40.994-0300] {processor.py:830} INFO - Processing file /home/jezandre/airflow/airflow_env/lib/python3.11/site-packages/airflow/example_dags/subdags/subdag.py for tasks to queue
[2024-09-17T06:42:40.997-0300] {logging_mixin.py:188} INFO - [2024-09-17T06:42:40.996-0300] {dagbag.py:545} INFO - Filling up the DagBag from /home/jezandre/airflow/airflow_env/lib/python3.11/site-packages/airflow/example_dags/subdags/subdag.py
[2024-09-17T06:42:40.998-0300] {processor.py:842} WARNING - No viable dags retrieved from /home/jezandre/airflow/airflow_env/lib/python3.11/site-packages/airflow/example_dags/subdags/subdag.py
[2024-09-17T06:42:41.028-0300] {processor.py:183} INFO - Processing /home/jezandre/airflow/airflow_env/lib/python3.11/site-packages/airflow/example_dags/subdags/subdag.py took 0.048 seconds
[2024-09-17T06:43:11.885-0300] {processor.py:161} INFO - Started process (PID=28935) to work on /home/jezandre/airflow/airflow_env/lib/python3.11/site-packages/airflow/example_dags/subdags/subdag.py
[2024-09-17T06:43:11.887-0300] {processor.py:830} INFO - Processing file /home/jezandre/airflow/airflow_env/lib/python3.11/site-packages/airflow/example_dags/subdags/subdag.py for tasks to queue
[2024-09-17T06:43:11.889-0300] {logging_mixin.py:188} INFO - [2024-09-17T06:43:11.889-0300] {dagbag.py:545} INFO - Filling up the DagBag from /home/jezandre/airflow/airflow_env/lib/python3.11/site-packages/airflow/example_dags/subdags/subdag.py
[2024-09-17T06:43:11.893-0300] {processor.py:842} WARNING - No viable dags retrieved from /home/jezandre/airflow/airflow_env/lib/python3.11/site-packages/airflow/example_dags/subdags/subdag.py
[2024-09-17T06:43:11.919-0300] {processor.py:183} INFO - Processing /home/jezandre/airflow/airflow_env/lib/python3.11/site-packages/airflow/example_dags/subdags/subdag.py took 0.045 seconds
[2024-09-17T06:43:42.729-0300] {processor.py:161} INFO - Started process (PID=29219) to work on /home/jezandre/airflow/airflow_env/lib/python3.11/site-packages/airflow/example_dags/subdags/subdag.py
[2024-09-17T06:43:42.730-0300] {processor.py:830} INFO - Processing file /home/jezandre/airflow/airflow_env/lib/python3.11/site-packages/airflow/example_dags/subdags/subdag.py for tasks to queue
[2024-09-17T06:43:42.732-0300] {logging_mixin.py:188} INFO - [2024-09-17T06:43:42.731-0300] {dagbag.py:545} INFO - Filling up the DagBag from /home/jezandre/airflow/airflow_env/lib/python3.11/site-packages/airflow/example_dags/subdags/subdag.py
[2024-09-17T06:43:42.733-0300] {processor.py:842} WARNING - No viable dags retrieved from /home/jezandre/airflow/airflow_env/lib/python3.11/site-packages/airflow/example_dags/subdags/subdag.py
[2024-09-17T06:43:42.752-0300] {processor.py:183} INFO - Processing /home/jezandre/airflow/airflow_env/lib/python3.11/site-packages/airflow/example_dags/subdags/subdag.py took 0.030 seconds
[2024-09-17T06:44:13.302-0300] {processor.py:161} INFO - Started process (PID=29435) to work on /home/jezandre/airflow/airflow_env/lib/python3.11/site-packages/airflow/example_dags/subdags/subdag.py
[2024-09-17T06:44:13.304-0300] {processor.py:830} INFO - Processing file /home/jezandre/airflow/airflow_env/lib/python3.11/site-packages/airflow/example_dags/subdags/subdag.py for tasks to queue
[2024-09-17T06:44:13.306-0300] {logging_mixin.py:188} INFO - [2024-09-17T06:44:13.305-0300] {dagbag.py:545} INFO - Filling up the DagBag from /home/jezandre/airflow/airflow_env/lib/python3.11/site-packages/airflow/example_dags/subdags/subdag.py
[2024-09-17T06:44:13.307-0300] {processor.py:842} WARNING - No viable dags retrieved from /home/jezandre/airflow/airflow_env/lib/python3.11/site-packages/airflow/example_dags/subdags/subdag.py
[2024-09-17T06:44:13.332-0300] {processor.py:183} INFO - Processing /home/jezandre/airflow/airflow_env/lib/python3.11/site-packages/airflow/example_dags/subdags/subdag.py took 0.038 seconds
[2024-09-17T06:44:43.912-0300] {processor.py:161} INFO - Started process (PID=29645) to work on /home/jezandre/airflow/airflow_env/lib/python3.11/site-packages/airflow/example_dags/subdags/subdag.py
[2024-09-17T06:44:43.913-0300] {processor.py:830} INFO - Processing file /home/jezandre/airflow/airflow_env/lib/python3.11/site-packages/airflow/example_dags/subdags/subdag.py for tasks to queue
[2024-09-17T06:44:43.914-0300] {logging_mixin.py:188} INFO - [2024-09-17T06:44:43.914-0300] {dagbag.py:545} INFO - Filling up the DagBag from /home/jezandre/airflow/airflow_env/lib/python3.11/site-packages/airflow/example_dags/subdags/subdag.py
[2024-09-17T06:44:43.916-0300] {processor.py:842} WARNING - No viable dags retrieved from /home/jezandre/airflow/airflow_env/lib/python3.11/site-packages/airflow/example_dags/subdags/subdag.py
[2024-09-17T06:44:43.936-0300] {processor.py:183} INFO - Processing /home/jezandre/airflow/airflow_env/lib/python3.11/site-packages/airflow/example_dags/subdags/subdag.py took 0.031 seconds
[2024-09-17T06:45:14.437-0300] {processor.py:161} INFO - Started process (PID=29997) to work on /home/jezandre/airflow/airflow_env/lib/python3.11/site-packages/airflow/example_dags/subdags/subdag.py
[2024-09-17T06:45:14.438-0300] {processor.py:830} INFO - Processing file /home/jezandre/airflow/airflow_env/lib/python3.11/site-packages/airflow/example_dags/subdags/subdag.py for tasks to queue
[2024-09-17T06:45:14.441-0300] {logging_mixin.py:188} INFO - [2024-09-17T06:45:14.440-0300] {dagbag.py:545} INFO - Filling up the DagBag from /home/jezandre/airflow/airflow_env/lib/python3.11/site-packages/airflow/example_dags/subdags/subdag.py
[2024-09-17T06:45:14.444-0300] {processor.py:842} WARNING - No viable dags retrieved from /home/jezandre/airflow/airflow_env/lib/python3.11/site-packages/airflow/example_dags/subdags/subdag.py
[2024-09-17T06:45:14.476-0300] {processor.py:183} INFO - Processing /home/jezandre/airflow/airflow_env/lib/python3.11/site-packages/airflow/example_dags/subdags/subdag.py took 0.055 seconds
[2024-09-17T06:45:45.513-0300] {processor.py:161} INFO - Started process (PID=30285) to work on /home/jezandre/airflow/airflow_env/lib/python3.11/site-packages/airflow/example_dags/subdags/subdag.py
[2024-09-17T06:45:45.514-0300] {processor.py:830} INFO - Processing file /home/jezandre/airflow/airflow_env/lib/python3.11/site-packages/airflow/example_dags/subdags/subdag.py for tasks to queue
[2024-09-17T06:45:45.516-0300] {logging_mixin.py:188} INFO - [2024-09-17T06:45:45.515-0300] {dagbag.py:545} INFO - Filling up the DagBag from /home/jezandre/airflow/airflow_env/lib/python3.11/site-packages/airflow/example_dags/subdags/subdag.py
[2024-09-17T06:45:45.518-0300] {processor.py:842} WARNING - No viable dags retrieved from /home/jezandre/airflow/airflow_env/lib/python3.11/site-packages/airflow/example_dags/subdags/subdag.py
[2024-09-17T06:45:45.543-0300] {processor.py:183} INFO - Processing /home/jezandre/airflow/airflow_env/lib/python3.11/site-packages/airflow/example_dags/subdags/subdag.py took 0.041 seconds
[2024-09-17T06:46:16.341-0300] {processor.py:161} INFO - Started process (PID=30605) to work on /home/jezandre/airflow/airflow_env/lib/python3.11/site-packages/airflow/example_dags/subdags/subdag.py
[2024-09-17T06:46:16.342-0300] {processor.py:830} INFO - Processing file /home/jezandre/airflow/airflow_env/lib/python3.11/site-packages/airflow/example_dags/subdags/subdag.py for tasks to queue
[2024-09-17T06:46:16.346-0300] {logging_mixin.py:188} INFO - [2024-09-17T06:46:16.345-0300] {dagbag.py:545} INFO - Filling up the DagBag from /home/jezandre/airflow/airflow_env/lib/python3.11/site-packages/airflow/example_dags/subdags/subdag.py
[2024-09-17T06:46:16.351-0300] {processor.py:842} WARNING - No viable dags retrieved from /home/jezandre/airflow/airflow_env/lib/python3.11/site-packages/airflow/example_dags/subdags/subdag.py
[2024-09-17T06:46:16.384-0300] {processor.py:183} INFO - Processing /home/jezandre/airflow/airflow_env/lib/python3.11/site-packages/airflow/example_dags/subdags/subdag.py took 0.062 seconds
[2024-09-17T06:46:46.933-0300] {processor.py:161} INFO - Started process (PID=30939) to work on /home/jezandre/airflow/airflow_env/lib/python3.11/site-packages/airflow/example_dags/subdags/subdag.py
[2024-09-17T06:46:46.934-0300] {processor.py:830} INFO - Processing file /home/jezandre/airflow/airflow_env/lib/python3.11/site-packages/airflow/example_dags/subdags/subdag.py for tasks to queue
[2024-09-17T06:46:46.936-0300] {logging_mixin.py:188} INFO - [2024-09-17T06:46:46.936-0300] {dagbag.py:545} INFO - Filling up the DagBag from /home/jezandre/airflow/airflow_env/lib/python3.11/site-packages/airflow/example_dags/subdags/subdag.py
[2024-09-17T06:46:46.938-0300] {processor.py:842} WARNING - No viable dags retrieved from /home/jezandre/airflow/airflow_env/lib/python3.11/site-packages/airflow/example_dags/subdags/subdag.py
[2024-09-17T06:46:46.960-0300] {processor.py:183} INFO - Processing /home/jezandre/airflow/airflow_env/lib/python3.11/site-packages/airflow/example_dags/subdags/subdag.py took 0.035 seconds
[2024-09-17T06:47:17.605-0300] {processor.py:161} INFO - Started process (PID=31205) to work on /home/jezandre/airflow/airflow_env/lib/python3.11/site-packages/airflow/example_dags/subdags/subdag.py
[2024-09-17T06:47:17.606-0300] {processor.py:830} INFO - Processing file /home/jezandre/airflow/airflow_env/lib/python3.11/site-packages/airflow/example_dags/subdags/subdag.py for tasks to queue
[2024-09-17T06:47:17.608-0300] {logging_mixin.py:188} INFO - [2024-09-17T06:47:17.607-0300] {dagbag.py:545} INFO - Filling up the DagBag from /home/jezandre/airflow/airflow_env/lib/python3.11/site-packages/airflow/example_dags/subdags/subdag.py
[2024-09-17T06:47:17.610-0300] {processor.py:842} WARNING - No viable dags retrieved from /home/jezandre/airflow/airflow_env/lib/python3.11/site-packages/airflow/example_dags/subdags/subdag.py
[2024-09-17T06:47:17.633-0300] {processor.py:183} INFO - Processing /home/jezandre/airflow/airflow_env/lib/python3.11/site-packages/airflow/example_dags/subdags/subdag.py took 0.036 seconds
[2024-09-17T06:47:48.056-0300] {processor.py:161} INFO - Started process (PID=31451) to work on /home/jezandre/airflow/airflow_env/lib/python3.11/site-packages/airflow/example_dags/subdags/subdag.py
[2024-09-17T06:47:48.057-0300] {processor.py:830} INFO - Processing file /home/jezandre/airflow/airflow_env/lib/python3.11/site-packages/airflow/example_dags/subdags/subdag.py for tasks to queue
[2024-09-17T06:47:48.058-0300] {logging_mixin.py:188} INFO - [2024-09-17T06:47:48.058-0300] {dagbag.py:545} INFO - Filling up the DagBag from /home/jezandre/airflow/airflow_env/lib/python3.11/site-packages/airflow/example_dags/subdags/subdag.py
[2024-09-17T06:47:48.060-0300] {processor.py:842} WARNING - No viable dags retrieved from /home/jezandre/airflow/airflow_env/lib/python3.11/site-packages/airflow/example_dags/subdags/subdag.py
[2024-09-17T06:47:48.086-0300] {processor.py:183} INFO - Processing /home/jezandre/airflow/airflow_env/lib/python3.11/site-packages/airflow/example_dags/subdags/subdag.py took 0.038 seconds
[2024-09-17T06:48:18.783-0300] {processor.py:161} INFO - Started process (PID=31678) to work on /home/jezandre/airflow/airflow_env/lib/python3.11/site-packages/airflow/example_dags/subdags/subdag.py
[2024-09-17T06:48:18.785-0300] {processor.py:830} INFO - Processing file /home/jezandre/airflow/airflow_env/lib/python3.11/site-packages/airflow/example_dags/subdags/subdag.py for tasks to queue
[2024-09-17T06:48:18.787-0300] {logging_mixin.py:188} INFO - [2024-09-17T06:48:18.787-0300] {dagbag.py:545} INFO - Filling up the DagBag from /home/jezandre/airflow/airflow_env/lib/python3.11/site-packages/airflow/example_dags/subdags/subdag.py
[2024-09-17T06:48:18.791-0300] {processor.py:842} WARNING - No viable dags retrieved from /home/jezandre/airflow/airflow_env/lib/python3.11/site-packages/airflow/example_dags/subdags/subdag.py
[2024-09-17T06:48:18.819-0300] {processor.py:183} INFO - Processing /home/jezandre/airflow/airflow_env/lib/python3.11/site-packages/airflow/example_dags/subdags/subdag.py took 0.057 seconds
[2024-09-17T06:48:49.804-0300] {processor.py:161} INFO - Started process (PID=31941) to work on /home/jezandre/airflow/airflow_env/lib/python3.11/site-packages/airflow/example_dags/subdags/subdag.py
[2024-09-17T06:48:49.806-0300] {processor.py:830} INFO - Processing file /home/jezandre/airflow/airflow_env/lib/python3.11/site-packages/airflow/example_dags/subdags/subdag.py for tasks to queue
[2024-09-17T06:48:49.809-0300] {logging_mixin.py:188} INFO - [2024-09-17T06:48:49.808-0300] {dagbag.py:545} INFO - Filling up the DagBag from /home/jezandre/airflow/airflow_env/lib/python3.11/site-packages/airflow/example_dags/subdags/subdag.py
[2024-09-17T06:48:49.812-0300] {processor.py:842} WARNING - No viable dags retrieved from /home/jezandre/airflow/airflow_env/lib/python3.11/site-packages/airflow/example_dags/subdags/subdag.py
[2024-09-17T06:48:49.842-0300] {processor.py:183} INFO - Processing /home/jezandre/airflow/airflow_env/lib/python3.11/site-packages/airflow/example_dags/subdags/subdag.py took 0.051 seconds
[2024-09-17T06:49:20.673-0300] {processor.py:161} INFO - Started process (PID=32156) to work on /home/jezandre/airflow/airflow_env/lib/python3.11/site-packages/airflow/example_dags/subdags/subdag.py
[2024-09-17T06:49:20.675-0300] {processor.py:830} INFO - Processing file /home/jezandre/airflow/airflow_env/lib/python3.11/site-packages/airflow/example_dags/subdags/subdag.py for tasks to queue
[2024-09-17T06:49:20.677-0300] {logging_mixin.py:188} INFO - [2024-09-17T06:49:20.677-0300] {dagbag.py:545} INFO - Filling up the DagBag from /home/jezandre/airflow/airflow_env/lib/python3.11/site-packages/airflow/example_dags/subdags/subdag.py
[2024-09-17T06:49:20.679-0300] {processor.py:842} WARNING - No viable dags retrieved from /home/jezandre/airflow/airflow_env/lib/python3.11/site-packages/airflow/example_dags/subdags/subdag.py
[2024-09-17T06:49:20.704-0300] {processor.py:183} INFO - Processing /home/jezandre/airflow/airflow_env/lib/python3.11/site-packages/airflow/example_dags/subdags/subdag.py took 0.042 seconds
[2024-09-17T06:49:51.407-0300] {processor.py:161} INFO - Started process (PID=32473) to work on /home/jezandre/airflow/airflow_env/lib/python3.11/site-packages/airflow/example_dags/subdags/subdag.py
[2024-09-17T06:49:51.409-0300] {processor.py:830} INFO - Processing file /home/jezandre/airflow/airflow_env/lib/python3.11/site-packages/airflow/example_dags/subdags/subdag.py for tasks to queue
[2024-09-17T06:49:51.411-0300] {logging_mixin.py:188} INFO - [2024-09-17T06:49:51.410-0300] {dagbag.py:545} INFO - Filling up the DagBag from /home/jezandre/airflow/airflow_env/lib/python3.11/site-packages/airflow/example_dags/subdags/subdag.py
[2024-09-17T06:49:51.413-0300] {processor.py:842} WARNING - No viable dags retrieved from /home/jezandre/airflow/airflow_env/lib/python3.11/site-packages/airflow/example_dags/subdags/subdag.py
[2024-09-17T06:49:51.438-0300] {processor.py:183} INFO - Processing /home/jezandre/airflow/airflow_env/lib/python3.11/site-packages/airflow/example_dags/subdags/subdag.py took 0.041 seconds
[2024-09-17T06:50:22.093-0300] {processor.py:161} INFO - Started process (PID=32759) to work on /home/jezandre/airflow/airflow_env/lib/python3.11/site-packages/airflow/example_dags/subdags/subdag.py
[2024-09-17T06:50:22.094-0300] {processor.py:830} INFO - Processing file /home/jezandre/airflow/airflow_env/lib/python3.11/site-packages/airflow/example_dags/subdags/subdag.py for tasks to queue
[2024-09-17T06:50:22.096-0300] {logging_mixin.py:188} INFO - [2024-09-17T06:50:22.096-0300] {dagbag.py:545} INFO - Filling up the DagBag from /home/jezandre/airflow/airflow_env/lib/python3.11/site-packages/airflow/example_dags/subdags/subdag.py
[2024-09-17T06:50:22.098-0300] {processor.py:842} WARNING - No viable dags retrieved from /home/jezandre/airflow/airflow_env/lib/python3.11/site-packages/airflow/example_dags/subdags/subdag.py
[2024-09-17T06:50:22.119-0300] {processor.py:183} INFO - Processing /home/jezandre/airflow/airflow_env/lib/python3.11/site-packages/airflow/example_dags/subdags/subdag.py took 0.038 seconds
[2024-09-17T06:50:52.461-0300] {processor.py:161} INFO - Started process (PID=33010) to work on /home/jezandre/airflow/airflow_env/lib/python3.11/site-packages/airflow/example_dags/subdags/subdag.py
[2024-09-17T06:50:52.462-0300] {processor.py:830} INFO - Processing file /home/jezandre/airflow/airflow_env/lib/python3.11/site-packages/airflow/example_dags/subdags/subdag.py for tasks to queue
[2024-09-17T06:50:52.464-0300] {logging_mixin.py:188} INFO - [2024-09-17T06:50:52.464-0300] {dagbag.py:545} INFO - Filling up the DagBag from /home/jezandre/airflow/airflow_env/lib/python3.11/site-packages/airflow/example_dags/subdags/subdag.py
[2024-09-17T06:50:52.466-0300] {processor.py:842} WARNING - No viable dags retrieved from /home/jezandre/airflow/airflow_env/lib/python3.11/site-packages/airflow/example_dags/subdags/subdag.py
[2024-09-17T06:50:52.491-0300] {processor.py:183} INFO - Processing /home/jezandre/airflow/airflow_env/lib/python3.11/site-packages/airflow/example_dags/subdags/subdag.py took 0.038 seconds
[2024-09-17T06:51:24.466-0300] {processor.py:161} INFO - Started process (PID=33472) to work on /home/jezandre/airflow/airflow_env/lib/python3.11/site-packages/airflow/example_dags/subdags/subdag.py
[2024-09-17T06:51:24.469-0300] {processor.py:830} INFO - Processing file /home/jezandre/airflow/airflow_env/lib/python3.11/site-packages/airflow/example_dags/subdags/subdag.py for tasks to queue
[2024-09-17T06:51:24.472-0300] {logging_mixin.py:188} INFO - [2024-09-17T06:51:24.471-0300] {dagbag.py:545} INFO - Filling up the DagBag from /home/jezandre/airflow/airflow_env/lib/python3.11/site-packages/airflow/example_dags/subdags/subdag.py
[2024-09-17T06:51:24.475-0300] {processor.py:842} WARNING - No viable dags retrieved from /home/jezandre/airflow/airflow_env/lib/python3.11/site-packages/airflow/example_dags/subdags/subdag.py
[2024-09-17T06:51:24.526-0300] {processor.py:183} INFO - Processing /home/jezandre/airflow/airflow_env/lib/python3.11/site-packages/airflow/example_dags/subdags/subdag.py took 0.083 seconds
[2024-09-17T06:51:54.578-0300] {processor.py:161} INFO - Started process (PID=33757) to work on /home/jezandre/airflow/airflow_env/lib/python3.11/site-packages/airflow/example_dags/subdags/subdag.py
[2024-09-17T06:51:54.580-0300] {processor.py:830} INFO - Processing file /home/jezandre/airflow/airflow_env/lib/python3.11/site-packages/airflow/example_dags/subdags/subdag.py for tasks to queue
[2024-09-17T06:51:54.581-0300] {logging_mixin.py:188} INFO - [2024-09-17T06:51:54.581-0300] {dagbag.py:545} INFO - Filling up the DagBag from /home/jezandre/airflow/airflow_env/lib/python3.11/site-packages/airflow/example_dags/subdags/subdag.py
[2024-09-17T06:51:54.583-0300] {processor.py:842} WARNING - No viable dags retrieved from /home/jezandre/airflow/airflow_env/lib/python3.11/site-packages/airflow/example_dags/subdags/subdag.py
[2024-09-17T06:51:54.602-0300] {processor.py:183} INFO - Processing /home/jezandre/airflow/airflow_env/lib/python3.11/site-packages/airflow/example_dags/subdags/subdag.py took 0.031 seconds
[2024-09-17T06:52:26.196-0300] {processor.py:161} INFO - Started process (PID=34310) to work on /home/jezandre/airflow/airflow_env/lib/python3.11/site-packages/airflow/example_dags/subdags/subdag.py
[2024-09-17T06:52:26.197-0300] {processor.py:830} INFO - Processing file /home/jezandre/airflow/airflow_env/lib/python3.11/site-packages/airflow/example_dags/subdags/subdag.py for tasks to queue
[2024-09-17T06:52:26.199-0300] {logging_mixin.py:188} INFO - [2024-09-17T06:52:26.199-0300] {dagbag.py:545} INFO - Filling up the DagBag from /home/jezandre/airflow/airflow_env/lib/python3.11/site-packages/airflow/example_dags/subdags/subdag.py
[2024-09-17T06:52:26.201-0300] {processor.py:842} WARNING - No viable dags retrieved from /home/jezandre/airflow/airflow_env/lib/python3.11/site-packages/airflow/example_dags/subdags/subdag.py
[2024-09-17T06:52:26.228-0300] {processor.py:183} INFO - Processing /home/jezandre/airflow/airflow_env/lib/python3.11/site-packages/airflow/example_dags/subdags/subdag.py took 0.045 seconds
[2024-09-17T06:52:56.294-0300] {processor.py:161} INFO - Started process (PID=34716) to work on /home/jezandre/airflow/airflow_env/lib/python3.11/site-packages/airflow/example_dags/subdags/subdag.py
[2024-09-17T06:52:56.295-0300] {processor.py:830} INFO - Processing file /home/jezandre/airflow/airflow_env/lib/python3.11/site-packages/airflow/example_dags/subdags/subdag.py for tasks to queue
[2024-09-17T06:52:56.298-0300] {logging_mixin.py:188} INFO - [2024-09-17T06:52:56.297-0300] {dagbag.py:545} INFO - Filling up the DagBag from /home/jezandre/airflow/airflow_env/lib/python3.11/site-packages/airflow/example_dags/subdags/subdag.py
[2024-09-17T06:52:56.299-0300] {processor.py:842} WARNING - No viable dags retrieved from /home/jezandre/airflow/airflow_env/lib/python3.11/site-packages/airflow/example_dags/subdags/subdag.py
[2024-09-17T06:52:56.319-0300] {processor.py:183} INFO - Processing /home/jezandre/airflow/airflow_env/lib/python3.11/site-packages/airflow/example_dags/subdags/subdag.py took 0.034 seconds
[2024-09-17T06:53:26.769-0300] {processor.py:161} INFO - Started process (PID=34923) to work on /home/jezandre/airflow/airflow_env/lib/python3.11/site-packages/airflow/example_dags/subdags/subdag.py
[2024-09-17T06:53:26.770-0300] {processor.py:830} INFO - Processing file /home/jezandre/airflow/airflow_env/lib/python3.11/site-packages/airflow/example_dags/subdags/subdag.py for tasks to queue
[2024-09-17T06:53:26.772-0300] {logging_mixin.py:188} INFO - [2024-09-17T06:53:26.772-0300] {dagbag.py:545} INFO - Filling up the DagBag from /home/jezandre/airflow/airflow_env/lib/python3.11/site-packages/airflow/example_dags/subdags/subdag.py
[2024-09-17T06:53:26.774-0300] {processor.py:842} WARNING - No viable dags retrieved from /home/jezandre/airflow/airflow_env/lib/python3.11/site-packages/airflow/example_dags/subdags/subdag.py
[2024-09-17T06:53:26.794-0300] {processor.py:183} INFO - Processing /home/jezandre/airflow/airflow_env/lib/python3.11/site-packages/airflow/example_dags/subdags/subdag.py took 0.035 seconds
[2024-09-17T06:53:57.805-0300] {processor.py:161} INFO - Started process (PID=35278) to work on /home/jezandre/airflow/airflow_env/lib/python3.11/site-packages/airflow/example_dags/subdags/subdag.py
[2024-09-17T06:53:57.807-0300] {processor.py:830} INFO - Processing file /home/jezandre/airflow/airflow_env/lib/python3.11/site-packages/airflow/example_dags/subdags/subdag.py for tasks to queue
[2024-09-17T06:53:57.808-0300] {logging_mixin.py:188} INFO - [2024-09-17T06:53:57.808-0300] {dagbag.py:545} INFO - Filling up the DagBag from /home/jezandre/airflow/airflow_env/lib/python3.11/site-packages/airflow/example_dags/subdags/subdag.py
[2024-09-17T06:53:57.810-0300] {processor.py:842} WARNING - No viable dags retrieved from /home/jezandre/airflow/airflow_env/lib/python3.11/site-packages/airflow/example_dags/subdags/subdag.py
[2024-09-17T06:53:57.832-0300] {processor.py:183} INFO - Processing /home/jezandre/airflow/airflow_env/lib/python3.11/site-packages/airflow/example_dags/subdags/subdag.py took 0.037 seconds
[2024-09-17T06:54:28.515-0300] {processor.py:161} INFO - Started process (PID=35470) to work on /home/jezandre/airflow/airflow_env/lib/python3.11/site-packages/airflow/example_dags/subdags/subdag.py
[2024-09-17T06:54:28.518-0300] {processor.py:830} INFO - Processing file /home/jezandre/airflow/airflow_env/lib/python3.11/site-packages/airflow/example_dags/subdags/subdag.py for tasks to queue
[2024-09-17T06:54:28.519-0300] {logging_mixin.py:188} INFO - [2024-09-17T06:54:28.519-0300] {dagbag.py:545} INFO - Filling up the DagBag from /home/jezandre/airflow/airflow_env/lib/python3.11/site-packages/airflow/example_dags/subdags/subdag.py
[2024-09-17T06:54:28.521-0300] {processor.py:842} WARNING - No viable dags retrieved from /home/jezandre/airflow/airflow_env/lib/python3.11/site-packages/airflow/example_dags/subdags/subdag.py
[2024-09-17T06:54:28.543-0300] {processor.py:183} INFO - Processing /home/jezandre/airflow/airflow_env/lib/python3.11/site-packages/airflow/example_dags/subdags/subdag.py took 0.037 seconds
[2024-09-17T06:54:59.054-0300] {processor.py:161} INFO - Started process (PID=35731) to work on /home/jezandre/airflow/airflow_env/lib/python3.11/site-packages/airflow/example_dags/subdags/subdag.py
[2024-09-17T06:54:59.055-0300] {processor.py:830} INFO - Processing file /home/jezandre/airflow/airflow_env/lib/python3.11/site-packages/airflow/example_dags/subdags/subdag.py for tasks to queue
[2024-09-17T06:54:59.057-0300] {logging_mixin.py:188} INFO - [2024-09-17T06:54:59.057-0300] {dagbag.py:545} INFO - Filling up the DagBag from /home/jezandre/airflow/airflow_env/lib/python3.11/site-packages/airflow/example_dags/subdags/subdag.py
[2024-09-17T06:54:59.059-0300] {processor.py:842} WARNING - No viable dags retrieved from /home/jezandre/airflow/airflow_env/lib/python3.11/site-packages/airflow/example_dags/subdags/subdag.py
[2024-09-17T06:54:59.077-0300] {processor.py:183} INFO - Processing /home/jezandre/airflow/airflow_env/lib/python3.11/site-packages/airflow/example_dags/subdags/subdag.py took 0.033 seconds
