[2024-09-17T06:28:08.821-0300] {processor.py:161} INFO - Started process (PID=20235) to work on /home/jezandre/airflow/airflow_env/lib/python3.11/site-packages/airflow/example_dags/plugins/event_listener.py
[2024-09-17T06:28:08.822-0300] {processor.py:830} INFO - Processing file /home/jezandre/airflow/airflow_env/lib/python3.11/site-packages/airflow/example_dags/plugins/event_listener.py for tasks to queue
[2024-09-17T06:28:08.824-0300] {logging_mixin.py:188} INFO - [2024-09-17T06:28:08.823-0300] {dagbag.py:545} INFO - Filling up the DagBag from /home/jezandre/airflow/airflow_env/lib/python3.11/site-packages/airflow/example_dags/plugins/event_listener.py
[2024-09-17T06:28:08.825-0300] {processor.py:842} WARNING - No viable dags retrieved from /home/jezandre/airflow/airflow_env/lib/python3.11/site-packages/airflow/example_dags/plugins/event_listener.py
[2024-09-17T06:28:08.836-0300] {processor.py:183} INFO - Processing /home/jezandre/airflow/airflow_env/lib/python3.11/site-packages/airflow/example_dags/plugins/event_listener.py took 0.022 seconds
[2024-09-17T06:29:07.068-0300] {processor.py:161} INFO - Started process (PID=20572) to work on /home/jezandre/airflow/airflow_env/lib/python3.11/site-packages/airflow/example_dags/plugins/event_listener.py
[2024-09-17T06:29:07.070-0300] {processor.py:830} INFO - Processing file /home/jezandre/airflow/airflow_env/lib/python3.11/site-packages/airflow/example_dags/plugins/event_listener.py for tasks to queue
[2024-09-17T06:29:07.071-0300] {logging_mixin.py:188} INFO - [2024-09-17T06:29:07.071-0300] {dagbag.py:545} INFO - Filling up the DagBag from /home/jezandre/airflow/airflow_env/lib/python3.11/site-packages/airflow/example_dags/plugins/event_listener.py
[2024-09-17T06:29:07.075-0300] {processor.py:842} WARNING - No viable dags retrieved from /home/jezandre/airflow/airflow_env/lib/python3.11/site-packages/airflow/example_dags/plugins/event_listener.py
[2024-09-17T06:29:07.085-0300] {processor.py:183} INFO - Processing /home/jezandre/airflow/airflow_env/lib/python3.11/site-packages/airflow/example_dags/plugins/event_listener.py took 0.023 seconds
[2024-09-17T06:29:57.380-0300] {processor.py:161} INFO - Started process (PID=21154) to work on /home/jezandre/airflow/airflow_env/lib/python3.11/site-packages/airflow/example_dags/plugins/event_listener.py
[2024-09-17T06:29:57.381-0300] {processor.py:830} INFO - Processing file /home/jezandre/airflow/airflow_env/lib/python3.11/site-packages/airflow/example_dags/plugins/event_listener.py for tasks to queue
[2024-09-17T06:29:57.382-0300] {logging_mixin.py:188} INFO - [2024-09-17T06:29:57.382-0300] {dagbag.py:545} INFO - Filling up the DagBag from /home/jezandre/airflow/airflow_env/lib/python3.11/site-packages/airflow/example_dags/plugins/event_listener.py
[2024-09-17T06:29:57.384-0300] {processor.py:842} WARNING - No viable dags retrieved from /home/jezandre/airflow/airflow_env/lib/python3.11/site-packages/airflow/example_dags/plugins/event_listener.py
[2024-09-17T06:29:57.404-0300] {processor.py:183} INFO - Processing /home/jezandre/airflow/airflow_env/lib/python3.11/site-packages/airflow/example_dags/plugins/event_listener.py took 0.029 seconds
[2024-09-17T06:30:27.703-0300] {processor.py:161} INFO - Started process (PID=21431) to work on /home/jezandre/airflow/airflow_env/lib/python3.11/site-packages/airflow/example_dags/plugins/event_listener.py
[2024-09-17T06:30:27.704-0300] {processor.py:830} INFO - Processing file /home/jezandre/airflow/airflow_env/lib/python3.11/site-packages/airflow/example_dags/plugins/event_listener.py for tasks to queue
[2024-09-17T06:30:27.706-0300] {logging_mixin.py:188} INFO - [2024-09-17T06:30:27.706-0300] {dagbag.py:545} INFO - Filling up the DagBag from /home/jezandre/airflow/airflow_env/lib/python3.11/site-packages/airflow/example_dags/plugins/event_listener.py
[2024-09-17T06:30:27.708-0300] {processor.py:842} WARNING - No viable dags retrieved from /home/jezandre/airflow/airflow_env/lib/python3.11/site-packages/airflow/example_dags/plugins/event_listener.py
[2024-09-17T06:30:27.734-0300] {processor.py:183} INFO - Processing /home/jezandre/airflow/airflow_env/lib/python3.11/site-packages/airflow/example_dags/plugins/event_listener.py took 0.042 seconds
[2024-09-17T06:30:57.838-0300] {processor.py:161} INFO - Started process (PID=21633) to work on /home/jezandre/airflow/airflow_env/lib/python3.11/site-packages/airflow/example_dags/plugins/event_listener.py
[2024-09-17T06:30:57.838-0300] {processor.py:830} INFO - Processing file /home/jezandre/airflow/airflow_env/lib/python3.11/site-packages/airflow/example_dags/plugins/event_listener.py for tasks to queue
[2024-09-17T06:30:57.840-0300] {logging_mixin.py:188} INFO - [2024-09-17T06:30:57.840-0300] {dagbag.py:545} INFO - Filling up the DagBag from /home/jezandre/airflow/airflow_env/lib/python3.11/site-packages/airflow/example_dags/plugins/event_listener.py
[2024-09-17T06:30:57.841-0300] {processor.py:842} WARNING - No viable dags retrieved from /home/jezandre/airflow/airflow_env/lib/python3.11/site-packages/airflow/example_dags/plugins/event_listener.py
[2024-09-17T06:30:57.861-0300] {processor.py:183} INFO - Processing /home/jezandre/airflow/airflow_env/lib/python3.11/site-packages/airflow/example_dags/plugins/event_listener.py took 0.028 seconds
[2024-09-17T06:31:28.506-0300] {processor.py:161} INFO - Started process (PID=21836) to work on /home/jezandre/airflow/airflow_env/lib/python3.11/site-packages/airflow/example_dags/plugins/event_listener.py
[2024-09-17T06:31:28.507-0300] {processor.py:830} INFO - Processing file /home/jezandre/airflow/airflow_env/lib/python3.11/site-packages/airflow/example_dags/plugins/event_listener.py for tasks to queue
[2024-09-17T06:31:28.510-0300] {logging_mixin.py:188} INFO - [2024-09-17T06:31:28.510-0300] {dagbag.py:545} INFO - Filling up the DagBag from /home/jezandre/airflow/airflow_env/lib/python3.11/site-packages/airflow/example_dags/plugins/event_listener.py
[2024-09-17T06:31:28.513-0300] {processor.py:842} WARNING - No viable dags retrieved from /home/jezandre/airflow/airflow_env/lib/python3.11/site-packages/airflow/example_dags/plugins/event_listener.py
[2024-09-17T06:31:28.540-0300] {processor.py:183} INFO - Processing /home/jezandre/airflow/airflow_env/lib/python3.11/site-packages/airflow/example_dags/plugins/event_listener.py took 0.042 seconds
[2024-09-17T06:31:58.731-0300] {processor.py:161} INFO - Started process (PID=22133) to work on /home/jezandre/airflow/airflow_env/lib/python3.11/site-packages/airflow/example_dags/plugins/event_listener.py
[2024-09-17T06:31:58.732-0300] {processor.py:830} INFO - Processing file /home/jezandre/airflow/airflow_env/lib/python3.11/site-packages/airflow/example_dags/plugins/event_listener.py for tasks to queue
[2024-09-17T06:31:58.734-0300] {logging_mixin.py:188} INFO - [2024-09-17T06:31:58.733-0300] {dagbag.py:545} INFO - Filling up the DagBag from /home/jezandre/airflow/airflow_env/lib/python3.11/site-packages/airflow/example_dags/plugins/event_listener.py
[2024-09-17T06:31:58.736-0300] {processor.py:842} WARNING - No viable dags retrieved from /home/jezandre/airflow/airflow_env/lib/python3.11/site-packages/airflow/example_dags/plugins/event_listener.py
[2024-09-17T06:31:58.758-0300] {processor.py:183} INFO - Processing /home/jezandre/airflow/airflow_env/lib/python3.11/site-packages/airflow/example_dags/plugins/event_listener.py took 0.033 seconds
[2024-09-17T06:32:29.914-0300] {processor.py:161} INFO - Started process (PID=22606) to work on /home/jezandre/airflow/airflow_env/lib/python3.11/site-packages/airflow/example_dags/plugins/event_listener.py
[2024-09-17T06:32:29.916-0300] {processor.py:830} INFO - Processing file /home/jezandre/airflow/airflow_env/lib/python3.11/site-packages/airflow/example_dags/plugins/event_listener.py for tasks to queue
[2024-09-17T06:32:29.917-0300] {logging_mixin.py:188} INFO - [2024-09-17T06:32:29.917-0300] {dagbag.py:545} INFO - Filling up the DagBag from /home/jezandre/airflow/airflow_env/lib/python3.11/site-packages/airflow/example_dags/plugins/event_listener.py
[2024-09-17T06:32:29.919-0300] {processor.py:842} WARNING - No viable dags retrieved from /home/jezandre/airflow/airflow_env/lib/python3.11/site-packages/airflow/example_dags/plugins/event_listener.py
[2024-09-17T06:32:29.940-0300] {processor.py:183} INFO - Processing /home/jezandre/airflow/airflow_env/lib/python3.11/site-packages/airflow/example_dags/plugins/event_listener.py took 0.033 seconds
[2024-09-17T06:33:00.671-0300] {processor.py:161} INFO - Started process (PID=22967) to work on /home/jezandre/airflow/airflow_env/lib/python3.11/site-packages/airflow/example_dags/plugins/event_listener.py
[2024-09-17T06:33:00.673-0300] {processor.py:830} INFO - Processing file /home/jezandre/airflow/airflow_env/lib/python3.11/site-packages/airflow/example_dags/plugins/event_listener.py for tasks to queue
[2024-09-17T06:33:00.674-0300] {logging_mixin.py:188} INFO - [2024-09-17T06:33:00.674-0300] {dagbag.py:545} INFO - Filling up the DagBag from /home/jezandre/airflow/airflow_env/lib/python3.11/site-packages/airflow/example_dags/plugins/event_listener.py
[2024-09-17T06:33:00.676-0300] {processor.py:842} WARNING - No viable dags retrieved from /home/jezandre/airflow/airflow_env/lib/python3.11/site-packages/airflow/example_dags/plugins/event_listener.py
[2024-09-17T06:33:00.699-0300] {processor.py:183} INFO - Processing /home/jezandre/airflow/airflow_env/lib/python3.11/site-packages/airflow/example_dags/plugins/event_listener.py took 0.034 seconds
[2024-09-17T06:33:31.168-0300] {processor.py:161} INFO - Started process (PID=23205) to work on /home/jezandre/airflow/airflow_env/lib/python3.11/site-packages/airflow/example_dags/plugins/event_listener.py
[2024-09-17T06:33:31.170-0300] {processor.py:830} INFO - Processing file /home/jezandre/airflow/airflow_env/lib/python3.11/site-packages/airflow/example_dags/plugins/event_listener.py for tasks to queue
[2024-09-17T06:33:31.173-0300] {logging_mixin.py:188} INFO - [2024-09-17T06:33:31.172-0300] {dagbag.py:545} INFO - Filling up the DagBag from /home/jezandre/airflow/airflow_env/lib/python3.11/site-packages/airflow/example_dags/plugins/event_listener.py
[2024-09-17T06:33:31.176-0300] {processor.py:842} WARNING - No viable dags retrieved from /home/jezandre/airflow/airflow_env/lib/python3.11/site-packages/airflow/example_dags/plugins/event_listener.py
[2024-09-17T06:33:31.201-0300] {processor.py:183} INFO - Processing /home/jezandre/airflow/airflow_env/lib/python3.11/site-packages/airflow/example_dags/plugins/event_listener.py took 0.042 seconds
[2024-09-17T06:34:01.609-0300] {processor.py:161} INFO - Started process (PID=23497) to work on /home/jezandre/airflow/airflow_env/lib/python3.11/site-packages/airflow/example_dags/plugins/event_listener.py
[2024-09-17T06:34:01.610-0300] {processor.py:830} INFO - Processing file /home/jezandre/airflow/airflow_env/lib/python3.11/site-packages/airflow/example_dags/plugins/event_listener.py for tasks to queue
[2024-09-17T06:34:01.612-0300] {logging_mixin.py:188} INFO - [2024-09-17T06:34:01.612-0300] {dagbag.py:545} INFO - Filling up the DagBag from /home/jezandre/airflow/airflow_env/lib/python3.11/site-packages/airflow/example_dags/plugins/event_listener.py
[2024-09-17T06:34:01.614-0300] {processor.py:842} WARNING - No viable dags retrieved from /home/jezandre/airflow/airflow_env/lib/python3.11/site-packages/airflow/example_dags/plugins/event_listener.py
[2024-09-17T06:34:01.635-0300] {processor.py:183} INFO - Processing /home/jezandre/airflow/airflow_env/lib/python3.11/site-packages/airflow/example_dags/plugins/event_listener.py took 0.033 seconds
[2024-09-17T06:34:32.120-0300] {processor.py:161} INFO - Started process (PID=23726) to work on /home/jezandre/airflow/airflow_env/lib/python3.11/site-packages/airflow/example_dags/plugins/event_listener.py
[2024-09-17T06:34:32.121-0300] {processor.py:830} INFO - Processing file /home/jezandre/airflow/airflow_env/lib/python3.11/site-packages/airflow/example_dags/plugins/event_listener.py for tasks to queue
[2024-09-17T06:34:32.122-0300] {logging_mixin.py:188} INFO - [2024-09-17T06:34:32.122-0300] {dagbag.py:545} INFO - Filling up the DagBag from /home/jezandre/airflow/airflow_env/lib/python3.11/site-packages/airflow/example_dags/plugins/event_listener.py
[2024-09-17T06:34:32.124-0300] {processor.py:842} WARNING - No viable dags retrieved from /home/jezandre/airflow/airflow_env/lib/python3.11/site-packages/airflow/example_dags/plugins/event_listener.py
[2024-09-17T06:34:32.147-0300] {processor.py:183} INFO - Processing /home/jezandre/airflow/airflow_env/lib/python3.11/site-packages/airflow/example_dags/plugins/event_listener.py took 0.035 seconds
[2024-09-17T06:35:02.851-0300] {processor.py:161} INFO - Started process (PID=24098) to work on /home/jezandre/airflow/airflow_env/lib/python3.11/site-packages/airflow/example_dags/plugins/event_listener.py
[2024-09-17T06:35:02.852-0300] {processor.py:830} INFO - Processing file /home/jezandre/airflow/airflow_env/lib/python3.11/site-packages/airflow/example_dags/plugins/event_listener.py for tasks to queue
[2024-09-17T06:35:02.854-0300] {logging_mixin.py:188} INFO - [2024-09-17T06:35:02.854-0300] {dagbag.py:545} INFO - Filling up the DagBag from /home/jezandre/airflow/airflow_env/lib/python3.11/site-packages/airflow/example_dags/plugins/event_listener.py
[2024-09-17T06:35:02.856-0300] {processor.py:842} WARNING - No viable dags retrieved from /home/jezandre/airflow/airflow_env/lib/python3.11/site-packages/airflow/example_dags/plugins/event_listener.py
[2024-09-17T06:35:02.881-0300] {processor.py:183} INFO - Processing /home/jezandre/airflow/airflow_env/lib/python3.11/site-packages/airflow/example_dags/plugins/event_listener.py took 0.038 seconds
[2024-09-17T06:35:33.061-0300] {processor.py:161} INFO - Started process (PID=24311) to work on /home/jezandre/airflow/airflow_env/lib/python3.11/site-packages/airflow/example_dags/plugins/event_listener.py
[2024-09-17T06:35:33.063-0300] {processor.py:830} INFO - Processing file /home/jezandre/airflow/airflow_env/lib/python3.11/site-packages/airflow/example_dags/plugins/event_listener.py for tasks to queue
[2024-09-17T06:35:33.064-0300] {logging_mixin.py:188} INFO - [2024-09-17T06:35:33.064-0300] {dagbag.py:545} INFO - Filling up the DagBag from /home/jezandre/airflow/airflow_env/lib/python3.11/site-packages/airflow/example_dags/plugins/event_listener.py
[2024-09-17T06:35:33.067-0300] {processor.py:842} WARNING - No viable dags retrieved from /home/jezandre/airflow/airflow_env/lib/python3.11/site-packages/airflow/example_dags/plugins/event_listener.py
[2024-09-17T06:35:33.089-0300] {processor.py:183} INFO - Processing /home/jezandre/airflow/airflow_env/lib/python3.11/site-packages/airflow/example_dags/plugins/event_listener.py took 0.035 seconds
[2024-09-17T06:36:03.428-0300] {processor.py:161} INFO - Started process (PID=24631) to work on /home/jezandre/airflow/airflow_env/lib/python3.11/site-packages/airflow/example_dags/plugins/event_listener.py
[2024-09-17T06:36:03.430-0300] {processor.py:830} INFO - Processing file /home/jezandre/airflow/airflow_env/lib/python3.11/site-packages/airflow/example_dags/plugins/event_listener.py for tasks to queue
[2024-09-17T06:36:03.431-0300] {logging_mixin.py:188} INFO - [2024-09-17T06:36:03.431-0300] {dagbag.py:545} INFO - Filling up the DagBag from /home/jezandre/airflow/airflow_env/lib/python3.11/site-packages/airflow/example_dags/plugins/event_listener.py
[2024-09-17T06:36:03.433-0300] {processor.py:842} WARNING - No viable dags retrieved from /home/jezandre/airflow/airflow_env/lib/python3.11/site-packages/airflow/example_dags/plugins/event_listener.py
[2024-09-17T06:36:03.453-0300] {processor.py:183} INFO - Processing /home/jezandre/airflow/airflow_env/lib/python3.11/site-packages/airflow/example_dags/plugins/event_listener.py took 0.033 seconds
[2024-09-17T06:36:33.891-0300] {processor.py:161} INFO - Started process (PID=24851) to work on /home/jezandre/airflow/airflow_env/lib/python3.11/site-packages/airflow/example_dags/plugins/event_listener.py
[2024-09-17T06:36:33.892-0300] {processor.py:830} INFO - Processing file /home/jezandre/airflow/airflow_env/lib/python3.11/site-packages/airflow/example_dags/plugins/event_listener.py for tasks to queue
[2024-09-17T06:36:33.894-0300] {logging_mixin.py:188} INFO - [2024-09-17T06:36:33.894-0300] {dagbag.py:545} INFO - Filling up the DagBag from /home/jezandre/airflow/airflow_env/lib/python3.11/site-packages/airflow/example_dags/plugins/event_listener.py
[2024-09-17T06:36:33.896-0300] {processor.py:842} WARNING - No viable dags retrieved from /home/jezandre/airflow/airflow_env/lib/python3.11/site-packages/airflow/example_dags/plugins/event_listener.py
[2024-09-17T06:36:33.917-0300] {processor.py:183} INFO - Processing /home/jezandre/airflow/airflow_env/lib/python3.11/site-packages/airflow/example_dags/plugins/event_listener.py took 0.034 seconds
[2024-09-17T06:37:04.321-0300] {processor.py:161} INFO - Started process (PID=25082) to work on /home/jezandre/airflow/airflow_env/lib/python3.11/site-packages/airflow/example_dags/plugins/event_listener.py
[2024-09-17T06:37:04.322-0300] {processor.py:830} INFO - Processing file /home/jezandre/airflow/airflow_env/lib/python3.11/site-packages/airflow/example_dags/plugins/event_listener.py for tasks to queue
[2024-09-17T06:37:04.324-0300] {logging_mixin.py:188} INFO - [2024-09-17T06:37:04.324-0300] {dagbag.py:545} INFO - Filling up the DagBag from /home/jezandre/airflow/airflow_env/lib/python3.11/site-packages/airflow/example_dags/plugins/event_listener.py
[2024-09-17T06:37:04.326-0300] {processor.py:842} WARNING - No viable dags retrieved from /home/jezandre/airflow/airflow_env/lib/python3.11/site-packages/airflow/example_dags/plugins/event_listener.py
[2024-09-17T06:37:04.347-0300] {processor.py:183} INFO - Processing /home/jezandre/airflow/airflow_env/lib/python3.11/site-packages/airflow/example_dags/plugins/event_listener.py took 0.030 seconds
[2024-09-17T06:37:35.236-0300] {processor.py:161} INFO - Started process (PID=25287) to work on /home/jezandre/airflow/airflow_env/lib/python3.11/site-packages/airflow/example_dags/plugins/event_listener.py
[2024-09-17T06:37:35.237-0300] {processor.py:830} INFO - Processing file /home/jezandre/airflow/airflow_env/lib/python3.11/site-packages/airflow/example_dags/plugins/event_listener.py for tasks to queue
[2024-09-17T06:37:35.240-0300] {logging_mixin.py:188} INFO - [2024-09-17T06:37:35.239-0300] {dagbag.py:545} INFO - Filling up the DagBag from /home/jezandre/airflow/airflow_env/lib/python3.11/site-packages/airflow/example_dags/plugins/event_listener.py
[2024-09-17T06:37:35.242-0300] {processor.py:842} WARNING - No viable dags retrieved from /home/jezandre/airflow/airflow_env/lib/python3.11/site-packages/airflow/example_dags/plugins/event_listener.py
[2024-09-17T06:37:35.264-0300] {processor.py:183} INFO - Processing /home/jezandre/airflow/airflow_env/lib/python3.11/site-packages/airflow/example_dags/plugins/event_listener.py took 0.035 seconds
[2024-09-17T06:38:05.886-0300] {processor.py:161} INFO - Started process (PID=25533) to work on /home/jezandre/airflow/airflow_env/lib/python3.11/site-packages/airflow/example_dags/plugins/event_listener.py
[2024-09-17T06:38:05.887-0300] {processor.py:830} INFO - Processing file /home/jezandre/airflow/airflow_env/lib/python3.11/site-packages/airflow/example_dags/plugins/event_listener.py for tasks to queue
[2024-09-17T06:38:05.889-0300] {logging_mixin.py:188} INFO - [2024-09-17T06:38:05.889-0300] {dagbag.py:545} INFO - Filling up the DagBag from /home/jezandre/airflow/airflow_env/lib/python3.11/site-packages/airflow/example_dags/plugins/event_listener.py
[2024-09-17T06:38:05.891-0300] {processor.py:842} WARNING - No viable dags retrieved from /home/jezandre/airflow/airflow_env/lib/python3.11/site-packages/airflow/example_dags/plugins/event_listener.py
[2024-09-17T06:38:05.912-0300] {processor.py:183} INFO - Processing /home/jezandre/airflow/airflow_env/lib/python3.11/site-packages/airflow/example_dags/plugins/event_listener.py took 0.031 seconds
[2024-09-17T06:38:36.254-0300] {processor.py:161} INFO - Started process (PID=25860) to work on /home/jezandre/airflow/airflow_env/lib/python3.11/site-packages/airflow/example_dags/plugins/event_listener.py
[2024-09-17T06:38:36.255-0300] {processor.py:830} INFO - Processing file /home/jezandre/airflow/airflow_env/lib/python3.11/site-packages/airflow/example_dags/plugins/event_listener.py for tasks to queue
[2024-09-17T06:38:36.258-0300] {logging_mixin.py:188} INFO - [2024-09-17T06:38:36.257-0300] {dagbag.py:545} INFO - Filling up the DagBag from /home/jezandre/airflow/airflow_env/lib/python3.11/site-packages/airflow/example_dags/plugins/event_listener.py
[2024-09-17T06:38:36.260-0300] {processor.py:842} WARNING - No viable dags retrieved from /home/jezandre/airflow/airflow_env/lib/python3.11/site-packages/airflow/example_dags/plugins/event_listener.py
[2024-09-17T06:38:36.283-0300] {processor.py:183} INFO - Processing /home/jezandre/airflow/airflow_env/lib/python3.11/site-packages/airflow/example_dags/plugins/event_listener.py took 0.037 seconds
[2024-09-17T06:39:07.040-0300] {processor.py:161} INFO - Started process (PID=26175) to work on /home/jezandre/airflow/airflow_env/lib/python3.11/site-packages/airflow/example_dags/plugins/event_listener.py
[2024-09-17T06:39:07.042-0300] {processor.py:830} INFO - Processing file /home/jezandre/airflow/airflow_env/lib/python3.11/site-packages/airflow/example_dags/plugins/event_listener.py for tasks to queue
[2024-09-17T06:39:07.044-0300] {logging_mixin.py:188} INFO - [2024-09-17T06:39:07.044-0300] {dagbag.py:545} INFO - Filling up the DagBag from /home/jezandre/airflow/airflow_env/lib/python3.11/site-packages/airflow/example_dags/plugins/event_listener.py
[2024-09-17T06:39:07.046-0300] {processor.py:842} WARNING - No viable dags retrieved from /home/jezandre/airflow/airflow_env/lib/python3.11/site-packages/airflow/example_dags/plugins/event_listener.py
[2024-09-17T06:39:07.069-0300] {processor.py:183} INFO - Processing /home/jezandre/airflow/airflow_env/lib/python3.11/site-packages/airflow/example_dags/plugins/event_listener.py took 0.036 seconds
[2024-09-17T06:39:37.650-0300] {processor.py:161} INFO - Started process (PID=26410) to work on /home/jezandre/airflow/airflow_env/lib/python3.11/site-packages/airflow/example_dags/plugins/event_listener.py
[2024-09-17T06:39:37.651-0300] {processor.py:830} INFO - Processing file /home/jezandre/airflow/airflow_env/lib/python3.11/site-packages/airflow/example_dags/plugins/event_listener.py for tasks to queue
[2024-09-17T06:39:37.653-0300] {logging_mixin.py:188} INFO - [2024-09-17T06:39:37.653-0300] {dagbag.py:545} INFO - Filling up the DagBag from /home/jezandre/airflow/airflow_env/lib/python3.11/site-packages/airflow/example_dags/plugins/event_listener.py
[2024-09-17T06:39:37.655-0300] {processor.py:842} WARNING - No viable dags retrieved from /home/jezandre/airflow/airflow_env/lib/python3.11/site-packages/airflow/example_dags/plugins/event_listener.py
[2024-09-17T06:39:37.675-0300] {processor.py:183} INFO - Processing /home/jezandre/airflow/airflow_env/lib/python3.11/site-packages/airflow/example_dags/plugins/event_listener.py took 0.034 seconds
[2024-09-17T06:40:08.219-0300] {processor.py:161} INFO - Started process (PID=26707) to work on /home/jezandre/airflow/airflow_env/lib/python3.11/site-packages/airflow/example_dags/plugins/event_listener.py
[2024-09-17T06:40:08.221-0300] {processor.py:830} INFO - Processing file /home/jezandre/airflow/airflow_env/lib/python3.11/site-packages/airflow/example_dags/plugins/event_listener.py for tasks to queue
[2024-09-17T06:40:08.223-0300] {logging_mixin.py:188} INFO - [2024-09-17T06:40:08.222-0300] {dagbag.py:545} INFO - Filling up the DagBag from /home/jezandre/airflow/airflow_env/lib/python3.11/site-packages/airflow/example_dags/plugins/event_listener.py
[2024-09-17T06:40:08.224-0300] {processor.py:842} WARNING - No viable dags retrieved from /home/jezandre/airflow/airflow_env/lib/python3.11/site-packages/airflow/example_dags/plugins/event_listener.py
[2024-09-17T06:40:08.244-0300] {processor.py:183} INFO - Processing /home/jezandre/airflow/airflow_env/lib/python3.11/site-packages/airflow/example_dags/plugins/event_listener.py took 0.033 seconds
[2024-09-17T06:40:38.708-0300] {processor.py:161} INFO - Started process (PID=27047) to work on /home/jezandre/airflow/airflow_env/lib/python3.11/site-packages/airflow/example_dags/plugins/event_listener.py
[2024-09-17T06:40:38.709-0300] {processor.py:830} INFO - Processing file /home/jezandre/airflow/airflow_env/lib/python3.11/site-packages/airflow/example_dags/plugins/event_listener.py for tasks to queue
[2024-09-17T06:40:38.711-0300] {logging_mixin.py:188} INFO - [2024-09-17T06:40:38.711-0300] {dagbag.py:545} INFO - Filling up the DagBag from /home/jezandre/airflow/airflow_env/lib/python3.11/site-packages/airflow/example_dags/plugins/event_listener.py
[2024-09-17T06:40:38.713-0300] {processor.py:842} WARNING - No viable dags retrieved from /home/jezandre/airflow/airflow_env/lib/python3.11/site-packages/airflow/example_dags/plugins/event_listener.py
[2024-09-17T06:40:38.743-0300] {processor.py:183} INFO - Processing /home/jezandre/airflow/airflow_env/lib/python3.11/site-packages/airflow/example_dags/plugins/event_listener.py took 0.043 seconds
[2024-09-17T06:41:09.314-0300] {processor.py:161} INFO - Started process (PID=27378) to work on /home/jezandre/airflow/airflow_env/lib/python3.11/site-packages/airflow/example_dags/plugins/event_listener.py
[2024-09-17T06:41:09.316-0300] {processor.py:830} INFO - Processing file /home/jezandre/airflow/airflow_env/lib/python3.11/site-packages/airflow/example_dags/plugins/event_listener.py for tasks to queue
[2024-09-17T06:41:09.318-0300] {logging_mixin.py:188} INFO - [2024-09-17T06:41:09.318-0300] {dagbag.py:545} INFO - Filling up the DagBag from /home/jezandre/airflow/airflow_env/lib/python3.11/site-packages/airflow/example_dags/plugins/event_listener.py
[2024-09-17T06:41:09.320-0300] {processor.py:842} WARNING - No viable dags retrieved from /home/jezandre/airflow/airflow_env/lib/python3.11/site-packages/airflow/example_dags/plugins/event_listener.py
[2024-09-17T06:41:09.341-0300] {processor.py:183} INFO - Processing /home/jezandre/airflow/airflow_env/lib/python3.11/site-packages/airflow/example_dags/plugins/event_listener.py took 0.037 seconds
[2024-09-17T06:41:39.789-0300] {processor.py:161} INFO - Started process (PID=27739) to work on /home/jezandre/airflow/airflow_env/lib/python3.11/site-packages/airflow/example_dags/plugins/event_listener.py
[2024-09-17T06:41:39.790-0300] {processor.py:830} INFO - Processing file /home/jezandre/airflow/airflow_env/lib/python3.11/site-packages/airflow/example_dags/plugins/event_listener.py for tasks to queue
[2024-09-17T06:41:39.792-0300] {logging_mixin.py:188} INFO - [2024-09-17T06:41:39.791-0300] {dagbag.py:545} INFO - Filling up the DagBag from /home/jezandre/airflow/airflow_env/lib/python3.11/site-packages/airflow/example_dags/plugins/event_listener.py
[2024-09-17T06:41:39.793-0300] {processor.py:842} WARNING - No viable dags retrieved from /home/jezandre/airflow/airflow_env/lib/python3.11/site-packages/airflow/example_dags/plugins/event_listener.py
[2024-09-17T06:41:39.816-0300] {processor.py:183} INFO - Processing /home/jezandre/airflow/airflow_env/lib/python3.11/site-packages/airflow/example_dags/plugins/event_listener.py took 0.036 seconds
[2024-09-17T06:42:10.785-0300] {processor.py:161} INFO - Started process (PID=27950) to work on /home/jezandre/airflow/airflow_env/lib/python3.11/site-packages/airflow/example_dags/plugins/event_listener.py
[2024-09-17T06:42:10.786-0300] {processor.py:830} INFO - Processing file /home/jezandre/airflow/airflow_env/lib/python3.11/site-packages/airflow/example_dags/plugins/event_listener.py for tasks to queue
[2024-09-17T06:42:10.789-0300] {logging_mixin.py:188} INFO - [2024-09-17T06:42:10.788-0300] {dagbag.py:545} INFO - Filling up the DagBag from /home/jezandre/airflow/airflow_env/lib/python3.11/site-packages/airflow/example_dags/plugins/event_listener.py
[2024-09-17T06:42:10.791-0300] {processor.py:842} WARNING - No viable dags retrieved from /home/jezandre/airflow/airflow_env/lib/python3.11/site-packages/airflow/example_dags/plugins/event_listener.py
[2024-09-17T06:42:10.813-0300] {processor.py:183} INFO - Processing /home/jezandre/airflow/airflow_env/lib/python3.11/site-packages/airflow/example_dags/plugins/event_listener.py took 0.038 seconds
[2024-09-17T06:42:41.126-0300] {processor.py:161} INFO - Started process (PID=28162) to work on /home/jezandre/airflow/airflow_env/lib/python3.11/site-packages/airflow/example_dags/plugins/event_listener.py
[2024-09-17T06:42:41.127-0300] {processor.py:830} INFO - Processing file /home/jezandre/airflow/airflow_env/lib/python3.11/site-packages/airflow/example_dags/plugins/event_listener.py for tasks to queue
[2024-09-17T06:42:41.131-0300] {logging_mixin.py:188} INFO - [2024-09-17T06:42:41.130-0300] {dagbag.py:545} INFO - Filling up the DagBag from /home/jezandre/airflow/airflow_env/lib/python3.11/site-packages/airflow/example_dags/plugins/event_listener.py
[2024-09-17T06:42:41.133-0300] {processor.py:842} WARNING - No viable dags retrieved from /home/jezandre/airflow/airflow_env/lib/python3.11/site-packages/airflow/example_dags/plugins/event_listener.py
[2024-09-17T06:42:41.161-0300] {processor.py:183} INFO - Processing /home/jezandre/airflow/airflow_env/lib/python3.11/site-packages/airflow/example_dags/plugins/event_listener.py took 0.047 seconds
[2024-09-17T06:43:12.033-0300] {processor.py:161} INFO - Started process (PID=28947) to work on /home/jezandre/airflow/airflow_env/lib/python3.11/site-packages/airflow/example_dags/plugins/event_listener.py
[2024-09-17T06:43:12.034-0300] {processor.py:830} INFO - Processing file /home/jezandre/airflow/airflow_env/lib/python3.11/site-packages/airflow/example_dags/plugins/event_listener.py for tasks to queue
[2024-09-17T06:43:12.036-0300] {logging_mixin.py:188} INFO - [2024-09-17T06:43:12.036-0300] {dagbag.py:545} INFO - Filling up the DagBag from /home/jezandre/airflow/airflow_env/lib/python3.11/site-packages/airflow/example_dags/plugins/event_listener.py
[2024-09-17T06:43:12.038-0300] {processor.py:842} WARNING - No viable dags retrieved from /home/jezandre/airflow/airflow_env/lib/python3.11/site-packages/airflow/example_dags/plugins/event_listener.py
[2024-09-17T06:43:12.060-0300] {processor.py:183} INFO - Processing /home/jezandre/airflow/airflow_env/lib/python3.11/site-packages/airflow/example_dags/plugins/event_listener.py took 0.044 seconds
[2024-09-17T06:43:42.801-0300] {processor.py:161} INFO - Started process (PID=29224) to work on /home/jezandre/airflow/airflow_env/lib/python3.11/site-packages/airflow/example_dags/plugins/event_listener.py
[2024-09-17T06:43:42.802-0300] {processor.py:830} INFO - Processing file /home/jezandre/airflow/airflow_env/lib/python3.11/site-packages/airflow/example_dags/plugins/event_listener.py for tasks to queue
[2024-09-17T06:43:42.803-0300] {logging_mixin.py:188} INFO - [2024-09-17T06:43:42.803-0300] {dagbag.py:545} INFO - Filling up the DagBag from /home/jezandre/airflow/airflow_env/lib/python3.11/site-packages/airflow/example_dags/plugins/event_listener.py
[2024-09-17T06:43:42.811-0300] {processor.py:842} WARNING - No viable dags retrieved from /home/jezandre/airflow/airflow_env/lib/python3.11/site-packages/airflow/example_dags/plugins/event_listener.py
[2024-09-17T06:43:42.835-0300] {processor.py:183} INFO - Processing /home/jezandre/airflow/airflow_env/lib/python3.11/site-packages/airflow/example_dags/plugins/event_listener.py took 0.041 seconds
[2024-09-17T06:44:13.421-0300] {processor.py:161} INFO - Started process (PID=29444) to work on /home/jezandre/airflow/airflow_env/lib/python3.11/site-packages/airflow/example_dags/plugins/event_listener.py
[2024-09-17T06:44:13.422-0300] {processor.py:830} INFO - Processing file /home/jezandre/airflow/airflow_env/lib/python3.11/site-packages/airflow/example_dags/plugins/event_listener.py for tasks to queue
[2024-09-17T06:44:13.424-0300] {logging_mixin.py:188} INFO - [2024-09-17T06:44:13.424-0300] {dagbag.py:545} INFO - Filling up the DagBag from /home/jezandre/airflow/airflow_env/lib/python3.11/site-packages/airflow/example_dags/plugins/event_listener.py
[2024-09-17T06:44:13.426-0300] {processor.py:842} WARNING - No viable dags retrieved from /home/jezandre/airflow/airflow_env/lib/python3.11/site-packages/airflow/example_dags/plugins/event_listener.py
[2024-09-17T06:44:13.448-0300] {processor.py:183} INFO - Processing /home/jezandre/airflow/airflow_env/lib/python3.11/site-packages/airflow/example_dags/plugins/event_listener.py took 0.035 seconds
[2024-09-17T06:44:44.058-0300] {processor.py:161} INFO - Started process (PID=29661) to work on /home/jezandre/airflow/airflow_env/lib/python3.11/site-packages/airflow/example_dags/plugins/event_listener.py
[2024-09-17T06:44:44.059-0300] {processor.py:830} INFO - Processing file /home/jezandre/airflow/airflow_env/lib/python3.11/site-packages/airflow/example_dags/plugins/event_listener.py for tasks to queue
[2024-09-17T06:44:44.062-0300] {logging_mixin.py:188} INFO - [2024-09-17T06:44:44.061-0300] {dagbag.py:545} INFO - Filling up the DagBag from /home/jezandre/airflow/airflow_env/lib/python3.11/site-packages/airflow/example_dags/plugins/event_listener.py
[2024-09-17T06:44:44.064-0300] {processor.py:842} WARNING - No viable dags retrieved from /home/jezandre/airflow/airflow_env/lib/python3.11/site-packages/airflow/example_dags/plugins/event_listener.py
[2024-09-17T06:44:44.089-0300] {processor.py:183} INFO - Processing /home/jezandre/airflow/airflow_env/lib/python3.11/site-packages/airflow/example_dags/plugins/event_listener.py took 0.044 seconds
[2024-09-17T06:45:14.572-0300] {processor.py:161} INFO - Started process (PID=30004) to work on /home/jezandre/airflow/airflow_env/lib/python3.11/site-packages/airflow/example_dags/plugins/event_listener.py
[2024-09-17T06:45:14.573-0300] {processor.py:830} INFO - Processing file /home/jezandre/airflow/airflow_env/lib/python3.11/site-packages/airflow/example_dags/plugins/event_listener.py for tasks to queue
[2024-09-17T06:45:14.576-0300] {logging_mixin.py:188} INFO - [2024-09-17T06:45:14.576-0300] {dagbag.py:545} INFO - Filling up the DagBag from /home/jezandre/airflow/airflow_env/lib/python3.11/site-packages/airflow/example_dags/plugins/event_listener.py
[2024-09-17T06:45:14.579-0300] {processor.py:842} WARNING - No viable dags retrieved from /home/jezandre/airflow/airflow_env/lib/python3.11/site-packages/airflow/example_dags/plugins/event_listener.py
[2024-09-17T06:45:14.611-0300] {processor.py:183} INFO - Processing /home/jezandre/airflow/airflow_env/lib/python3.11/site-packages/airflow/example_dags/plugins/event_listener.py took 0.051 seconds
[2024-09-17T06:45:45.626-0300] {processor.py:161} INFO - Started process (PID=30291) to work on /home/jezandre/airflow/airflow_env/lib/python3.11/site-packages/airflow/example_dags/plugins/event_listener.py
[2024-09-17T06:45:45.627-0300] {processor.py:830} INFO - Processing file /home/jezandre/airflow/airflow_env/lib/python3.11/site-packages/airflow/example_dags/plugins/event_listener.py for tasks to queue
[2024-09-17T06:45:45.630-0300] {logging_mixin.py:188} INFO - [2024-09-17T06:45:45.629-0300] {dagbag.py:545} INFO - Filling up the DagBag from /home/jezandre/airflow/airflow_env/lib/python3.11/site-packages/airflow/example_dags/plugins/event_listener.py
[2024-09-17T06:45:45.633-0300] {processor.py:842} WARNING - No viable dags retrieved from /home/jezandre/airflow/airflow_env/lib/python3.11/site-packages/airflow/example_dags/plugins/event_listener.py
[2024-09-17T06:45:45.656-0300] {processor.py:183} INFO - Processing /home/jezandre/airflow/airflow_env/lib/python3.11/site-packages/airflow/example_dags/plugins/event_listener.py took 0.039 seconds
[2024-09-17T06:46:16.497-0300] {processor.py:161} INFO - Started process (PID=30628) to work on /home/jezandre/airflow/airflow_env/lib/python3.11/site-packages/airflow/example_dags/plugins/event_listener.py
[2024-09-17T06:46:16.499-0300] {processor.py:830} INFO - Processing file /home/jezandre/airflow/airflow_env/lib/python3.11/site-packages/airflow/example_dags/plugins/event_listener.py for tasks to queue
[2024-09-17T06:46:16.502-0300] {logging_mixin.py:188} INFO - [2024-09-17T06:46:16.501-0300] {dagbag.py:545} INFO - Filling up the DagBag from /home/jezandre/airflow/airflow_env/lib/python3.11/site-packages/airflow/example_dags/plugins/event_listener.py
[2024-09-17T06:46:16.505-0300] {processor.py:842} WARNING - No viable dags retrieved from /home/jezandre/airflow/airflow_env/lib/python3.11/site-packages/airflow/example_dags/plugins/event_listener.py
[2024-09-17T06:46:16.544-0300] {processor.py:183} INFO - Processing /home/jezandre/airflow/airflow_env/lib/python3.11/site-packages/airflow/example_dags/plugins/event_listener.py took 0.064 seconds
[2024-09-17T06:46:47.022-0300] {processor.py:161} INFO - Started process (PID=30946) to work on /home/jezandre/airflow/airflow_env/lib/python3.11/site-packages/airflow/example_dags/plugins/event_listener.py
[2024-09-17T06:46:47.023-0300] {processor.py:830} INFO - Processing file /home/jezandre/airflow/airflow_env/lib/python3.11/site-packages/airflow/example_dags/plugins/event_listener.py for tasks to queue
[2024-09-17T06:46:47.025-0300] {logging_mixin.py:188} INFO - [2024-09-17T06:46:47.024-0300] {dagbag.py:545} INFO - Filling up the DagBag from /home/jezandre/airflow/airflow_env/lib/python3.11/site-packages/airflow/example_dags/plugins/event_listener.py
[2024-09-17T06:46:47.026-0300] {processor.py:842} WARNING - No viable dags retrieved from /home/jezandre/airflow/airflow_env/lib/python3.11/site-packages/airflow/example_dags/plugins/event_listener.py
[2024-09-17T06:46:47.048-0300] {processor.py:183} INFO - Processing /home/jezandre/airflow/airflow_env/lib/python3.11/site-packages/airflow/example_dags/plugins/event_listener.py took 0.033 seconds
[2024-09-17T06:47:17.719-0300] {processor.py:161} INFO - Started process (PID=31211) to work on /home/jezandre/airflow/airflow_env/lib/python3.11/site-packages/airflow/example_dags/plugins/event_listener.py
[2024-09-17T06:47:17.720-0300] {processor.py:830} INFO - Processing file /home/jezandre/airflow/airflow_env/lib/python3.11/site-packages/airflow/example_dags/plugins/event_listener.py for tasks to queue
[2024-09-17T06:47:17.722-0300] {logging_mixin.py:188} INFO - [2024-09-17T06:47:17.721-0300] {dagbag.py:545} INFO - Filling up the DagBag from /home/jezandre/airflow/airflow_env/lib/python3.11/site-packages/airflow/example_dags/plugins/event_listener.py
[2024-09-17T06:47:17.724-0300] {processor.py:842} WARNING - No viable dags retrieved from /home/jezandre/airflow/airflow_env/lib/python3.11/site-packages/airflow/example_dags/plugins/event_listener.py
[2024-09-17T06:47:17.744-0300] {processor.py:183} INFO - Processing /home/jezandre/airflow/airflow_env/lib/python3.11/site-packages/airflow/example_dags/plugins/event_listener.py took 0.033 seconds
[2024-09-17T06:47:48.192-0300] {processor.py:161} INFO - Started process (PID=31457) to work on /home/jezandre/airflow/airflow_env/lib/python3.11/site-packages/airflow/example_dags/plugins/event_listener.py
[2024-09-17T06:47:48.194-0300] {processor.py:830} INFO - Processing file /home/jezandre/airflow/airflow_env/lib/python3.11/site-packages/airflow/example_dags/plugins/event_listener.py for tasks to queue
[2024-09-17T06:47:48.197-0300] {logging_mixin.py:188} INFO - [2024-09-17T06:47:48.196-0300] {dagbag.py:545} INFO - Filling up the DagBag from /home/jezandre/airflow/airflow_env/lib/python3.11/site-packages/airflow/example_dags/plugins/event_listener.py
[2024-09-17T06:47:48.200-0300] {processor.py:842} WARNING - No viable dags retrieved from /home/jezandre/airflow/airflow_env/lib/python3.11/site-packages/airflow/example_dags/plugins/event_listener.py
[2024-09-17T06:47:48.227-0300] {processor.py:183} INFO - Processing /home/jezandre/airflow/airflow_env/lib/python3.11/site-packages/airflow/example_dags/plugins/event_listener.py took 0.048 seconds
[2024-09-17T06:48:18.883-0300] {processor.py:161} INFO - Started process (PID=31686) to work on /home/jezandre/airflow/airflow_env/lib/python3.11/site-packages/airflow/example_dags/plugins/event_listener.py
[2024-09-17T06:48:18.885-0300] {processor.py:830} INFO - Processing file /home/jezandre/airflow/airflow_env/lib/python3.11/site-packages/airflow/example_dags/plugins/event_listener.py for tasks to queue
[2024-09-17T06:48:18.887-0300] {logging_mixin.py:188} INFO - [2024-09-17T06:48:18.887-0300] {dagbag.py:545} INFO - Filling up the DagBag from /home/jezandre/airflow/airflow_env/lib/python3.11/site-packages/airflow/example_dags/plugins/event_listener.py
[2024-09-17T06:48:18.891-0300] {processor.py:842} WARNING - No viable dags retrieved from /home/jezandre/airflow/airflow_env/lib/python3.11/site-packages/airflow/example_dags/plugins/event_listener.py
[2024-09-17T06:48:18.920-0300] {processor.py:183} INFO - Processing /home/jezandre/airflow/airflow_env/lib/python3.11/site-packages/airflow/example_dags/plugins/event_listener.py took 0.049 seconds
[2024-09-17T06:48:49.931-0300] {processor.py:161} INFO - Started process (PID=31948) to work on /home/jezandre/airflow/airflow_env/lib/python3.11/site-packages/airflow/example_dags/plugins/event_listener.py
[2024-09-17T06:48:49.932-0300] {processor.py:830} INFO - Processing file /home/jezandre/airflow/airflow_env/lib/python3.11/site-packages/airflow/example_dags/plugins/event_listener.py for tasks to queue
[2024-09-17T06:48:49.935-0300] {logging_mixin.py:188} INFO - [2024-09-17T06:48:49.934-0300] {dagbag.py:545} INFO - Filling up the DagBag from /home/jezandre/airflow/airflow_env/lib/python3.11/site-packages/airflow/example_dags/plugins/event_listener.py
[2024-09-17T06:48:49.938-0300] {processor.py:842} WARNING - No viable dags retrieved from /home/jezandre/airflow/airflow_env/lib/python3.11/site-packages/airflow/example_dags/plugins/event_listener.py
[2024-09-17T06:48:49.969-0300] {processor.py:183} INFO - Processing /home/jezandre/airflow/airflow_env/lib/python3.11/site-packages/airflow/example_dags/plugins/event_listener.py took 0.050 seconds
[2024-09-17T06:49:20.795-0300] {processor.py:161} INFO - Started process (PID=32163) to work on /home/jezandre/airflow/airflow_env/lib/python3.11/site-packages/airflow/example_dags/plugins/event_listener.py
[2024-09-17T06:49:20.797-0300] {processor.py:830} INFO - Processing file /home/jezandre/airflow/airflow_env/lib/python3.11/site-packages/airflow/example_dags/plugins/event_listener.py for tasks to queue
[2024-09-17T06:49:20.800-0300] {logging_mixin.py:188} INFO - [2024-09-17T06:49:20.799-0300] {dagbag.py:545} INFO - Filling up the DagBag from /home/jezandre/airflow/airflow_env/lib/python3.11/site-packages/airflow/example_dags/plugins/event_listener.py
[2024-09-17T06:49:20.803-0300] {processor.py:842} WARNING - No viable dags retrieved from /home/jezandre/airflow/airflow_env/lib/python3.11/site-packages/airflow/example_dags/plugins/event_listener.py
[2024-09-17T06:49:20.835-0300] {processor.py:183} INFO - Processing /home/jezandre/airflow/airflow_env/lib/python3.11/site-packages/airflow/example_dags/plugins/event_listener.py took 0.051 seconds
[2024-09-17T06:49:51.529-0300] {processor.py:161} INFO - Started process (PID=32481) to work on /home/jezandre/airflow/airflow_env/lib/python3.11/site-packages/airflow/example_dags/plugins/event_listener.py
[2024-09-17T06:49:51.530-0300] {processor.py:830} INFO - Processing file /home/jezandre/airflow/airflow_env/lib/python3.11/site-packages/airflow/example_dags/plugins/event_listener.py for tasks to queue
[2024-09-17T06:49:51.533-0300] {logging_mixin.py:188} INFO - [2024-09-17T06:49:51.532-0300] {dagbag.py:545} INFO - Filling up the DagBag from /home/jezandre/airflow/airflow_env/lib/python3.11/site-packages/airflow/example_dags/plugins/event_listener.py
[2024-09-17T06:49:51.535-0300] {processor.py:842} WARNING - No viable dags retrieved from /home/jezandre/airflow/airflow_env/lib/python3.11/site-packages/airflow/example_dags/plugins/event_listener.py
[2024-09-17T06:49:51.559-0300] {processor.py:183} INFO - Processing /home/jezandre/airflow/airflow_env/lib/python3.11/site-packages/airflow/example_dags/plugins/event_listener.py took 0.039 seconds
[2024-09-17T06:50:22.227-0300] {processor.py:161} INFO - Started process (PID=32765) to work on /home/jezandre/airflow/airflow_env/lib/python3.11/site-packages/airflow/example_dags/plugins/event_listener.py
[2024-09-17T06:50:22.228-0300] {processor.py:830} INFO - Processing file /home/jezandre/airflow/airflow_env/lib/python3.11/site-packages/airflow/example_dags/plugins/event_listener.py for tasks to queue
[2024-09-17T06:50:22.231-0300] {logging_mixin.py:188} INFO - [2024-09-17T06:50:22.230-0300] {dagbag.py:545} INFO - Filling up the DagBag from /home/jezandre/airflow/airflow_env/lib/python3.11/site-packages/airflow/example_dags/plugins/event_listener.py
[2024-09-17T06:50:22.235-0300] {processor.py:842} WARNING - No viable dags retrieved from /home/jezandre/airflow/airflow_env/lib/python3.11/site-packages/airflow/example_dags/plugins/event_listener.py
[2024-09-17T06:50:22.262-0300] {processor.py:183} INFO - Processing /home/jezandre/airflow/airflow_env/lib/python3.11/site-packages/airflow/example_dags/plugins/event_listener.py took 0.044 seconds
[2024-09-17T06:50:52.580-0300] {processor.py:161} INFO - Started process (PID=33016) to work on /home/jezandre/airflow/airflow_env/lib/python3.11/site-packages/airflow/example_dags/plugins/event_listener.py
[2024-09-17T06:50:52.581-0300] {processor.py:830} INFO - Processing file /home/jezandre/airflow/airflow_env/lib/python3.11/site-packages/airflow/example_dags/plugins/event_listener.py for tasks to queue
[2024-09-17T06:50:52.583-0300] {logging_mixin.py:188} INFO - [2024-09-17T06:50:52.583-0300] {dagbag.py:545} INFO - Filling up the DagBag from /home/jezandre/airflow/airflow_env/lib/python3.11/site-packages/airflow/example_dags/plugins/event_listener.py
[2024-09-17T06:50:52.585-0300] {processor.py:842} WARNING - No viable dags retrieved from /home/jezandre/airflow/airflow_env/lib/python3.11/site-packages/airflow/example_dags/plugins/event_listener.py
[2024-09-17T06:50:52.607-0300] {processor.py:183} INFO - Processing /home/jezandre/airflow/airflow_env/lib/python3.11/site-packages/airflow/example_dags/plugins/event_listener.py took 0.035 seconds
[2024-09-17T06:51:24.691-0300] {processor.py:161} INFO - Started process (PID=33484) to work on /home/jezandre/airflow/airflow_env/lib/python3.11/site-packages/airflow/example_dags/plugins/event_listener.py
[2024-09-17T06:51:24.701-0300] {processor.py:830} INFO - Processing file /home/jezandre/airflow/airflow_env/lib/python3.11/site-packages/airflow/example_dags/plugins/event_listener.py for tasks to queue
[2024-09-17T06:51:24.704-0300] {logging_mixin.py:188} INFO - [2024-09-17T06:51:24.703-0300] {dagbag.py:545} INFO - Filling up the DagBag from /home/jezandre/airflow/airflow_env/lib/python3.11/site-packages/airflow/example_dags/plugins/event_listener.py
[2024-09-17T06:51:24.707-0300] {processor.py:842} WARNING - No viable dags retrieved from /home/jezandre/airflow/airflow_env/lib/python3.11/site-packages/airflow/example_dags/plugins/event_listener.py
[2024-09-17T06:51:24.738-0300] {processor.py:183} INFO - Processing /home/jezandre/airflow/airflow_env/lib/python3.11/site-packages/airflow/example_dags/plugins/event_listener.py took 0.066 seconds
[2024-09-17T06:51:54.820-0300] {processor.py:161} INFO - Started process (PID=33765) to work on /home/jezandre/airflow/airflow_env/lib/python3.11/site-packages/airflow/example_dags/plugins/event_listener.py
[2024-09-17T06:51:54.821-0300] {processor.py:830} INFO - Processing file /home/jezandre/airflow/airflow_env/lib/python3.11/site-packages/airflow/example_dags/plugins/event_listener.py for tasks to queue
[2024-09-17T06:51:54.823-0300] {logging_mixin.py:188} INFO - [2024-09-17T06:51:54.823-0300] {dagbag.py:545} INFO - Filling up the DagBag from /home/jezandre/airflow/airflow_env/lib/python3.11/site-packages/airflow/example_dags/plugins/event_listener.py
[2024-09-17T06:51:54.824-0300] {processor.py:842} WARNING - No viable dags retrieved from /home/jezandre/airflow/airflow_env/lib/python3.11/site-packages/airflow/example_dags/plugins/event_listener.py
[2024-09-17T06:51:54.843-0300] {processor.py:183} INFO - Processing /home/jezandre/airflow/airflow_env/lib/python3.11/site-packages/airflow/example_dags/plugins/event_listener.py took 0.031 seconds
[2024-09-17T06:52:26.361-0300] {processor.py:161} INFO - Started process (PID=34316) to work on /home/jezandre/airflow/airflow_env/lib/python3.11/site-packages/airflow/example_dags/plugins/event_listener.py
[2024-09-17T06:52:26.362-0300] {processor.py:830} INFO - Processing file /home/jezandre/airflow/airflow_env/lib/python3.11/site-packages/airflow/example_dags/plugins/event_listener.py for tasks to queue
[2024-09-17T06:52:26.364-0300] {logging_mixin.py:188} INFO - [2024-09-17T06:52:26.364-0300] {dagbag.py:545} INFO - Filling up the DagBag from /home/jezandre/airflow/airflow_env/lib/python3.11/site-packages/airflow/example_dags/plugins/event_listener.py
[2024-09-17T06:52:26.366-0300] {processor.py:842} WARNING - No viable dags retrieved from /home/jezandre/airflow/airflow_env/lib/python3.11/site-packages/airflow/example_dags/plugins/event_listener.py
[2024-09-17T06:52:26.394-0300] {processor.py:183} INFO - Processing /home/jezandre/airflow/airflow_env/lib/python3.11/site-packages/airflow/example_dags/plugins/event_listener.py took 0.043 seconds
[2024-09-17T06:52:56.458-0300] {processor.py:161} INFO - Started process (PID=34725) to work on /home/jezandre/airflow/airflow_env/lib/python3.11/site-packages/airflow/example_dags/plugins/event_listener.py
[2024-09-17T06:52:56.459-0300] {processor.py:830} INFO - Processing file /home/jezandre/airflow/airflow_env/lib/python3.11/site-packages/airflow/example_dags/plugins/event_listener.py for tasks to queue
[2024-09-17T06:52:56.462-0300] {logging_mixin.py:188} INFO - [2024-09-17T06:52:56.462-0300] {dagbag.py:545} INFO - Filling up the DagBag from /home/jezandre/airflow/airflow_env/lib/python3.11/site-packages/airflow/example_dags/plugins/event_listener.py
[2024-09-17T06:52:56.465-0300] {processor.py:842} WARNING - No viable dags retrieved from /home/jezandre/airflow/airflow_env/lib/python3.11/site-packages/airflow/example_dags/plugins/event_listener.py
[2024-09-17T06:52:56.492-0300] {processor.py:183} INFO - Processing /home/jezandre/airflow/airflow_env/lib/python3.11/site-packages/airflow/example_dags/plugins/event_listener.py took 0.046 seconds
[2024-09-17T06:53:27.086-0300] {processor.py:161} INFO - Started process (PID=34933) to work on /home/jezandre/airflow/airflow_env/lib/python3.11/site-packages/airflow/example_dags/plugins/event_listener.py
[2024-09-17T06:53:27.087-0300] {processor.py:830} INFO - Processing file /home/jezandre/airflow/airflow_env/lib/python3.11/site-packages/airflow/example_dags/plugins/event_listener.py for tasks to queue
[2024-09-17T06:53:27.089-0300] {logging_mixin.py:188} INFO - [2024-09-17T06:53:27.089-0300] {dagbag.py:545} INFO - Filling up the DagBag from /home/jezandre/airflow/airflow_env/lib/python3.11/site-packages/airflow/example_dags/plugins/event_listener.py
[2024-09-17T06:53:27.091-0300] {processor.py:842} WARNING - No viable dags retrieved from /home/jezandre/airflow/airflow_env/lib/python3.11/site-packages/airflow/example_dags/plugins/event_listener.py
[2024-09-17T06:53:27.112-0300] {processor.py:183} INFO - Processing /home/jezandre/airflow/airflow_env/lib/python3.11/site-packages/airflow/example_dags/plugins/event_listener.py took 0.034 seconds
[2024-09-17T06:53:57.913-0300] {processor.py:161} INFO - Started process (PID=35284) to work on /home/jezandre/airflow/airflow_env/lib/python3.11/site-packages/airflow/example_dags/plugins/event_listener.py
[2024-09-17T06:53:57.914-0300] {processor.py:830} INFO - Processing file /home/jezandre/airflow/airflow_env/lib/python3.11/site-packages/airflow/example_dags/plugins/event_listener.py for tasks to queue
[2024-09-17T06:53:57.916-0300] {logging_mixin.py:188} INFO - [2024-09-17T06:53:57.916-0300] {dagbag.py:545} INFO - Filling up the DagBag from /home/jezandre/airflow/airflow_env/lib/python3.11/site-packages/airflow/example_dags/plugins/event_listener.py
[2024-09-17T06:53:57.918-0300] {processor.py:842} WARNING - No viable dags retrieved from /home/jezandre/airflow/airflow_env/lib/python3.11/site-packages/airflow/example_dags/plugins/event_listener.py
[2024-09-17T06:53:57.939-0300] {processor.py:183} INFO - Processing /home/jezandre/airflow/airflow_env/lib/python3.11/site-packages/airflow/example_dags/plugins/event_listener.py took 0.035 seconds
[2024-09-17T06:54:28.615-0300] {processor.py:161} INFO - Started process (PID=35477) to work on /home/jezandre/airflow/airflow_env/lib/python3.11/site-packages/airflow/example_dags/plugins/event_listener.py
[2024-09-17T06:54:28.616-0300] {processor.py:830} INFO - Processing file /home/jezandre/airflow/airflow_env/lib/python3.11/site-packages/airflow/example_dags/plugins/event_listener.py for tasks to queue
[2024-09-17T06:54:28.619-0300] {logging_mixin.py:188} INFO - [2024-09-17T06:54:28.618-0300] {dagbag.py:545} INFO - Filling up the DagBag from /home/jezandre/airflow/airflow_env/lib/python3.11/site-packages/airflow/example_dags/plugins/event_listener.py
[2024-09-17T06:54:28.621-0300] {processor.py:842} WARNING - No viable dags retrieved from /home/jezandre/airflow/airflow_env/lib/python3.11/site-packages/airflow/example_dags/plugins/event_listener.py
[2024-09-17T06:54:28.647-0300] {processor.py:183} INFO - Processing /home/jezandre/airflow/airflow_env/lib/python3.11/site-packages/airflow/example_dags/plugins/event_listener.py took 0.042 seconds
[2024-09-17T06:54:59.162-0300] {processor.py:161} INFO - Started process (PID=35736) to work on /home/jezandre/airflow/airflow_env/lib/python3.11/site-packages/airflow/example_dags/plugins/event_listener.py
[2024-09-17T06:54:59.163-0300] {processor.py:830} INFO - Processing file /home/jezandre/airflow/airflow_env/lib/python3.11/site-packages/airflow/example_dags/plugins/event_listener.py for tasks to queue
[2024-09-17T06:54:59.165-0300] {logging_mixin.py:188} INFO - [2024-09-17T06:54:59.165-0300] {dagbag.py:545} INFO - Filling up the DagBag from /home/jezandre/airflow/airflow_env/lib/python3.11/site-packages/airflow/example_dags/plugins/event_listener.py
[2024-09-17T06:54:59.168-0300] {processor.py:842} WARNING - No viable dags retrieved from /home/jezandre/airflow/airflow_env/lib/python3.11/site-packages/airflow/example_dags/plugins/event_listener.py
[2024-09-17T06:54:59.187-0300] {processor.py:183} INFO - Processing /home/jezandre/airflow/airflow_env/lib/python3.11/site-packages/airflow/example_dags/plugins/event_listener.py took 0.036 seconds
[2024-09-17T06:55:29.974-0300] {processor.py:161} INFO - Started process (PID=36059) to work on /home/jezandre/airflow/airflow_env/lib/python3.11/site-packages/airflow/example_dags/plugins/event_listener.py
[2024-09-17T06:55:29.976-0300] {processor.py:830} INFO - Processing file /home/jezandre/airflow/airflow_env/lib/python3.11/site-packages/airflow/example_dags/plugins/event_listener.py for tasks to queue
[2024-09-17T06:55:29.977-0300] {logging_mixin.py:188} INFO - [2024-09-17T06:55:29.977-0300] {dagbag.py:545} INFO - Filling up the DagBag from /home/jezandre/airflow/airflow_env/lib/python3.11/site-packages/airflow/example_dags/plugins/event_listener.py
[2024-09-17T06:55:29.979-0300] {processor.py:842} WARNING - No viable dags retrieved from /home/jezandre/airflow/airflow_env/lib/python3.11/site-packages/airflow/example_dags/plugins/event_listener.py
[2024-09-17T06:55:30.000-0300] {processor.py:183} INFO - Processing /home/jezandre/airflow/airflow_env/lib/python3.11/site-packages/airflow/example_dags/plugins/event_listener.py took 0.033 seconds
[2024-09-17T06:56:00.300-0300] {processor.py:161} INFO - Started process (PID=36243) to work on /home/jezandre/airflow/airflow_env/lib/python3.11/site-packages/airflow/example_dags/plugins/event_listener.py
[2024-09-17T06:56:00.302-0300] {processor.py:830} INFO - Processing file /home/jezandre/airflow/airflow_env/lib/python3.11/site-packages/airflow/example_dags/plugins/event_listener.py for tasks to queue
[2024-09-17T06:56:00.305-0300] {logging_mixin.py:188} INFO - [2024-09-17T06:56:00.304-0300] {dagbag.py:545} INFO - Filling up the DagBag from /home/jezandre/airflow/airflow_env/lib/python3.11/site-packages/airflow/example_dags/plugins/event_listener.py
[2024-09-17T06:56:00.307-0300] {processor.py:842} WARNING - No viable dags retrieved from /home/jezandre/airflow/airflow_env/lib/python3.11/site-packages/airflow/example_dags/plugins/event_listener.py
[2024-09-17T06:56:00.332-0300] {processor.py:183} INFO - Processing /home/jezandre/airflow/airflow_env/lib/python3.11/site-packages/airflow/example_dags/plugins/event_listener.py took 0.042 seconds
[2024-09-17T06:56:30.978-0300] {processor.py:161} INFO - Started process (PID=36428) to work on /home/jezandre/airflow/airflow_env/lib/python3.11/site-packages/airflow/example_dags/plugins/event_listener.py
[2024-09-17T06:56:30.979-0300] {processor.py:830} INFO - Processing file /home/jezandre/airflow/airflow_env/lib/python3.11/site-packages/airflow/example_dags/plugins/event_listener.py for tasks to queue
[2024-09-17T06:56:30.981-0300] {logging_mixin.py:188} INFO - [2024-09-17T06:56:30.981-0300] {dagbag.py:545} INFO - Filling up the DagBag from /home/jezandre/airflow/airflow_env/lib/python3.11/site-packages/airflow/example_dags/plugins/event_listener.py
[2024-09-17T06:56:30.983-0300] {processor.py:842} WARNING - No viable dags retrieved from /home/jezandre/airflow/airflow_env/lib/python3.11/site-packages/airflow/example_dags/plugins/event_listener.py
[2024-09-17T06:56:31.004-0300] {processor.py:183} INFO - Processing /home/jezandre/airflow/airflow_env/lib/python3.11/site-packages/airflow/example_dags/plugins/event_listener.py took 0.034 seconds
[2024-09-17T06:57:01.475-0300] {processor.py:161} INFO - Started process (PID=36608) to work on /home/jezandre/airflow/airflow_env/lib/python3.11/site-packages/airflow/example_dags/plugins/event_listener.py
[2024-09-17T06:57:01.477-0300] {processor.py:830} INFO - Processing file /home/jezandre/airflow/airflow_env/lib/python3.11/site-packages/airflow/example_dags/plugins/event_listener.py for tasks to queue
[2024-09-17T06:57:01.480-0300] {logging_mixin.py:188} INFO - [2024-09-17T06:57:01.480-0300] {dagbag.py:545} INFO - Filling up the DagBag from /home/jezandre/airflow/airflow_env/lib/python3.11/site-packages/airflow/example_dags/plugins/event_listener.py
[2024-09-17T06:57:01.483-0300] {processor.py:842} WARNING - No viable dags retrieved from /home/jezandre/airflow/airflow_env/lib/python3.11/site-packages/airflow/example_dags/plugins/event_listener.py
[2024-09-17T06:57:01.507-0300] {processor.py:183} INFO - Processing /home/jezandre/airflow/airflow_env/lib/python3.11/site-packages/airflow/example_dags/plugins/event_listener.py took 0.039 seconds
[2024-09-17T06:57:33.186-0300] {processor.py:161} INFO - Started process (PID=36799) to work on /home/jezandre/airflow/airflow_env/lib/python3.11/site-packages/airflow/example_dags/plugins/event_listener.py
[2024-09-17T06:57:33.188-0300] {processor.py:830} INFO - Processing file /home/jezandre/airflow/airflow_env/lib/python3.11/site-packages/airflow/example_dags/plugins/event_listener.py for tasks to queue
[2024-09-17T06:57:33.190-0300] {logging_mixin.py:188} INFO - [2024-09-17T06:57:33.189-0300] {dagbag.py:545} INFO - Filling up the DagBag from /home/jezandre/airflow/airflow_env/lib/python3.11/site-packages/airflow/example_dags/plugins/event_listener.py
[2024-09-17T06:57:33.191-0300] {processor.py:842} WARNING - No viable dags retrieved from /home/jezandre/airflow/airflow_env/lib/python3.11/site-packages/airflow/example_dags/plugins/event_listener.py
[2024-09-17T06:57:33.213-0300] {processor.py:183} INFO - Processing /home/jezandre/airflow/airflow_env/lib/python3.11/site-packages/airflow/example_dags/plugins/event_listener.py took 0.034 seconds
[2024-09-17T06:58:03.807-0300] {processor.py:161} INFO - Started process (PID=37018) to work on /home/jezandre/airflow/airflow_env/lib/python3.11/site-packages/airflow/example_dags/plugins/event_listener.py
[2024-09-17T06:58:03.808-0300] {processor.py:830} INFO - Processing file /home/jezandre/airflow/airflow_env/lib/python3.11/site-packages/airflow/example_dags/plugins/event_listener.py for tasks to queue
[2024-09-17T06:58:03.810-0300] {logging_mixin.py:188} INFO - [2024-09-17T06:58:03.810-0300] {dagbag.py:545} INFO - Filling up the DagBag from /home/jezandre/airflow/airflow_env/lib/python3.11/site-packages/airflow/example_dags/plugins/event_listener.py
[2024-09-17T06:58:03.813-0300] {processor.py:842} WARNING - No viable dags retrieved from /home/jezandre/airflow/airflow_env/lib/python3.11/site-packages/airflow/example_dags/plugins/event_listener.py
[2024-09-17T06:58:03.835-0300] {processor.py:183} INFO - Processing /home/jezandre/airflow/airflow_env/lib/python3.11/site-packages/airflow/example_dags/plugins/event_listener.py took 0.038 seconds
[2024-09-17T06:58:34.577-0300] {processor.py:161} INFO - Started process (PID=37223) to work on /home/jezandre/airflow/airflow_env/lib/python3.11/site-packages/airflow/example_dags/plugins/event_listener.py
[2024-09-17T06:58:34.578-0300] {processor.py:830} INFO - Processing file /home/jezandre/airflow/airflow_env/lib/python3.11/site-packages/airflow/example_dags/plugins/event_listener.py for tasks to queue
[2024-09-17T06:58:34.580-0300] {logging_mixin.py:188} INFO - [2024-09-17T06:58:34.580-0300] {dagbag.py:545} INFO - Filling up the DagBag from /home/jezandre/airflow/airflow_env/lib/python3.11/site-packages/airflow/example_dags/plugins/event_listener.py
[2024-09-17T06:58:34.582-0300] {processor.py:842} WARNING - No viable dags retrieved from /home/jezandre/airflow/airflow_env/lib/python3.11/site-packages/airflow/example_dags/plugins/event_listener.py
[2024-09-17T06:58:34.608-0300] {processor.py:183} INFO - Processing /home/jezandre/airflow/airflow_env/lib/python3.11/site-packages/airflow/example_dags/plugins/event_listener.py took 0.040 seconds
[2024-09-17T06:59:05.121-0300] {processor.py:161} INFO - Started process (PID=37411) to work on /home/jezandre/airflow/airflow_env/lib/python3.11/site-packages/airflow/example_dags/plugins/event_listener.py
[2024-09-17T06:59:05.122-0300] {processor.py:830} INFO - Processing file /home/jezandre/airflow/airflow_env/lib/python3.11/site-packages/airflow/example_dags/plugins/event_listener.py for tasks to queue
[2024-09-17T06:59:05.124-0300] {logging_mixin.py:188} INFO - [2024-09-17T06:59:05.123-0300] {dagbag.py:545} INFO - Filling up the DagBag from /home/jezandre/airflow/airflow_env/lib/python3.11/site-packages/airflow/example_dags/plugins/event_listener.py
[2024-09-17T06:59:05.126-0300] {processor.py:842} WARNING - No viable dags retrieved from /home/jezandre/airflow/airflow_env/lib/python3.11/site-packages/airflow/example_dags/plugins/event_listener.py
[2024-09-17T06:59:05.149-0300] {processor.py:183} INFO - Processing /home/jezandre/airflow/airflow_env/lib/python3.11/site-packages/airflow/example_dags/plugins/event_listener.py took 0.037 seconds
[2024-09-17T06:59:36.168-0300] {processor.py:161} INFO - Started process (PID=37620) to work on /home/jezandre/airflow/airflow_env/lib/python3.11/site-packages/airflow/example_dags/plugins/event_listener.py
[2024-09-17T06:59:36.169-0300] {processor.py:830} INFO - Processing file /home/jezandre/airflow/airflow_env/lib/python3.11/site-packages/airflow/example_dags/plugins/event_listener.py for tasks to queue
[2024-09-17T06:59:36.172-0300] {logging_mixin.py:188} INFO - [2024-09-17T06:59:36.171-0300] {dagbag.py:545} INFO - Filling up the DagBag from /home/jezandre/airflow/airflow_env/lib/python3.11/site-packages/airflow/example_dags/plugins/event_listener.py
[2024-09-17T06:59:36.174-0300] {processor.py:842} WARNING - No viable dags retrieved from /home/jezandre/airflow/airflow_env/lib/python3.11/site-packages/airflow/example_dags/plugins/event_listener.py
[2024-09-17T06:59:36.195-0300] {processor.py:183} INFO - Processing /home/jezandre/airflow/airflow_env/lib/python3.11/site-packages/airflow/example_dags/plugins/event_listener.py took 0.037 seconds
[2024-09-17T07:00:06.512-0300] {processor.py:161} INFO - Started process (PID=37837) to work on /home/jezandre/airflow/airflow_env/lib/python3.11/site-packages/airflow/example_dags/plugins/event_listener.py
[2024-09-17T07:00:06.513-0300] {processor.py:830} INFO - Processing file /home/jezandre/airflow/airflow_env/lib/python3.11/site-packages/airflow/example_dags/plugins/event_listener.py for tasks to queue
[2024-09-17T07:00:06.515-0300] {logging_mixin.py:188} INFO - [2024-09-17T07:00:06.515-0300] {dagbag.py:545} INFO - Filling up the DagBag from /home/jezandre/airflow/airflow_env/lib/python3.11/site-packages/airflow/example_dags/plugins/event_listener.py
[2024-09-17T07:00:06.517-0300] {processor.py:842} WARNING - No viable dags retrieved from /home/jezandre/airflow/airflow_env/lib/python3.11/site-packages/airflow/example_dags/plugins/event_listener.py
[2024-09-17T07:00:06.543-0300] {processor.py:183} INFO - Processing /home/jezandre/airflow/airflow_env/lib/python3.11/site-packages/airflow/example_dags/plugins/event_listener.py took 0.040 seconds
[2024-09-17T07:00:37.476-0300] {processor.py:161} INFO - Started process (PID=38075) to work on /home/jezandre/airflow/airflow_env/lib/python3.11/site-packages/airflow/example_dags/plugins/event_listener.py
[2024-09-17T07:00:37.478-0300] {processor.py:830} INFO - Processing file /home/jezandre/airflow/airflow_env/lib/python3.11/site-packages/airflow/example_dags/plugins/event_listener.py for tasks to queue
[2024-09-17T07:00:37.480-0300] {logging_mixin.py:188} INFO - [2024-09-17T07:00:37.480-0300] {dagbag.py:545} INFO - Filling up the DagBag from /home/jezandre/airflow/airflow_env/lib/python3.11/site-packages/airflow/example_dags/plugins/event_listener.py
[2024-09-17T07:00:37.482-0300] {processor.py:842} WARNING - No viable dags retrieved from /home/jezandre/airflow/airflow_env/lib/python3.11/site-packages/airflow/example_dags/plugins/event_listener.py
[2024-09-17T07:00:37.503-0300] {processor.py:183} INFO - Processing /home/jezandre/airflow/airflow_env/lib/python3.11/site-packages/airflow/example_dags/plugins/event_listener.py took 0.035 seconds
[2024-09-17T07:01:08.328-0300] {processor.py:161} INFO - Started process (PID=38304) to work on /home/jezandre/airflow/airflow_env/lib/python3.11/site-packages/airflow/example_dags/plugins/event_listener.py
[2024-09-17T07:01:08.330-0300] {processor.py:830} INFO - Processing file /home/jezandre/airflow/airflow_env/lib/python3.11/site-packages/airflow/example_dags/plugins/event_listener.py for tasks to queue
[2024-09-17T07:01:08.332-0300] {logging_mixin.py:188} INFO - [2024-09-17T07:01:08.332-0300] {dagbag.py:545} INFO - Filling up the DagBag from /home/jezandre/airflow/airflow_env/lib/python3.11/site-packages/airflow/example_dags/plugins/event_listener.py
[2024-09-17T07:01:08.334-0300] {processor.py:842} WARNING - No viable dags retrieved from /home/jezandre/airflow/airflow_env/lib/python3.11/site-packages/airflow/example_dags/plugins/event_listener.py
[2024-09-17T07:01:08.361-0300] {processor.py:183} INFO - Processing /home/jezandre/airflow/airflow_env/lib/python3.11/site-packages/airflow/example_dags/plugins/event_listener.py took 0.044 seconds
[2024-09-17T07:01:38.486-0300] {processor.py:161} INFO - Started process (PID=38538) to work on /home/jezandre/airflow/airflow_env/lib/python3.11/site-packages/airflow/example_dags/plugins/event_listener.py
[2024-09-17T07:01:38.487-0300] {processor.py:830} INFO - Processing file /home/jezandre/airflow/airflow_env/lib/python3.11/site-packages/airflow/example_dags/plugins/event_listener.py for tasks to queue
[2024-09-17T07:01:38.489-0300] {logging_mixin.py:188} INFO - [2024-09-17T07:01:38.489-0300] {dagbag.py:545} INFO - Filling up the DagBag from /home/jezandre/airflow/airflow_env/lib/python3.11/site-packages/airflow/example_dags/plugins/event_listener.py
[2024-09-17T07:01:38.492-0300] {processor.py:842} WARNING - No viable dags retrieved from /home/jezandre/airflow/airflow_env/lib/python3.11/site-packages/airflow/example_dags/plugins/event_listener.py
[2024-09-17T07:01:38.513-0300] {processor.py:183} INFO - Processing /home/jezandre/airflow/airflow_env/lib/python3.11/site-packages/airflow/example_dags/plugins/event_listener.py took 0.035 seconds
[2024-09-17T07:02:09.977-0300] {processor.py:161} INFO - Started process (PID=38769) to work on /home/jezandre/airflow/airflow_env/lib/python3.11/site-packages/airflow/example_dags/plugins/event_listener.py
[2024-09-17T07:02:09.978-0300] {processor.py:830} INFO - Processing file /home/jezandre/airflow/airflow_env/lib/python3.11/site-packages/airflow/example_dags/plugins/event_listener.py for tasks to queue
[2024-09-17T07:02:09.981-0300] {logging_mixin.py:188} INFO - [2024-09-17T07:02:09.980-0300] {dagbag.py:545} INFO - Filling up the DagBag from /home/jezandre/airflow/airflow_env/lib/python3.11/site-packages/airflow/example_dags/plugins/event_listener.py
[2024-09-17T07:02:09.987-0300] {processor.py:842} WARNING - No viable dags retrieved from /home/jezandre/airflow/airflow_env/lib/python3.11/site-packages/airflow/example_dags/plugins/event_listener.py
[2024-09-17T07:02:10.020-0300] {processor.py:183} INFO - Processing /home/jezandre/airflow/airflow_env/lib/python3.11/site-packages/airflow/example_dags/plugins/event_listener.py took 0.062 seconds
[2024-09-17T07:02:41.116-0300] {processor.py:161} INFO - Started process (PID=39034) to work on /home/jezandre/airflow/airflow_env/lib/python3.11/site-packages/airflow/example_dags/plugins/event_listener.py
[2024-09-17T07:02:41.118-0300] {processor.py:830} INFO - Processing file /home/jezandre/airflow/airflow_env/lib/python3.11/site-packages/airflow/example_dags/plugins/event_listener.py for tasks to queue
[2024-09-17T07:02:41.120-0300] {logging_mixin.py:188} INFO - [2024-09-17T07:02:41.120-0300] {dagbag.py:545} INFO - Filling up the DagBag from /home/jezandre/airflow/airflow_env/lib/python3.11/site-packages/airflow/example_dags/plugins/event_listener.py
[2024-09-17T07:02:41.122-0300] {processor.py:842} WARNING - No viable dags retrieved from /home/jezandre/airflow/airflow_env/lib/python3.11/site-packages/airflow/example_dags/plugins/event_listener.py
[2024-09-17T07:02:41.147-0300] {processor.py:183} INFO - Processing /home/jezandre/airflow/airflow_env/lib/python3.11/site-packages/airflow/example_dags/plugins/event_listener.py took 0.040 seconds
[2024-09-17T07:03:11.755-0300] {processor.py:161} INFO - Started process (PID=39418) to work on /home/jezandre/airflow/airflow_env/lib/python3.11/site-packages/airflow/example_dags/plugins/event_listener.py
[2024-09-17T07:03:11.757-0300] {processor.py:830} INFO - Processing file /home/jezandre/airflow/airflow_env/lib/python3.11/site-packages/airflow/example_dags/plugins/event_listener.py for tasks to queue
[2024-09-17T07:03:11.759-0300] {logging_mixin.py:188} INFO - [2024-09-17T07:03:11.759-0300] {dagbag.py:545} INFO - Filling up the DagBag from /home/jezandre/airflow/airflow_env/lib/python3.11/site-packages/airflow/example_dags/plugins/event_listener.py
[2024-09-17T07:03:11.762-0300] {processor.py:842} WARNING - No viable dags retrieved from /home/jezandre/airflow/airflow_env/lib/python3.11/site-packages/airflow/example_dags/plugins/event_listener.py
[2024-09-17T07:03:11.786-0300] {processor.py:183} INFO - Processing /home/jezandre/airflow/airflow_env/lib/python3.11/site-packages/airflow/example_dags/plugins/event_listener.py took 0.041 seconds
[2024-09-17T07:03:42.193-0300] {processor.py:161} INFO - Started process (PID=39655) to work on /home/jezandre/airflow/airflow_env/lib/python3.11/site-packages/airflow/example_dags/plugins/event_listener.py
[2024-09-17T07:03:42.195-0300] {processor.py:830} INFO - Processing file /home/jezandre/airflow/airflow_env/lib/python3.11/site-packages/airflow/example_dags/plugins/event_listener.py for tasks to queue
[2024-09-17T07:03:42.197-0300] {logging_mixin.py:188} INFO - [2024-09-17T07:03:42.196-0300] {dagbag.py:545} INFO - Filling up the DagBag from /home/jezandre/airflow/airflow_env/lib/python3.11/site-packages/airflow/example_dags/plugins/event_listener.py
[2024-09-17T07:03:42.199-0300] {processor.py:842} WARNING - No viable dags retrieved from /home/jezandre/airflow/airflow_env/lib/python3.11/site-packages/airflow/example_dags/plugins/event_listener.py
[2024-09-17T07:03:42.225-0300] {processor.py:183} INFO - Processing /home/jezandre/airflow/airflow_env/lib/python3.11/site-packages/airflow/example_dags/plugins/event_listener.py took 0.042 seconds
[2024-09-17T07:04:12.356-0300] {processor.py:161} INFO - Started process (PID=39891) to work on /home/jezandre/airflow/airflow_env/lib/python3.11/site-packages/airflow/example_dags/plugins/event_listener.py
[2024-09-17T07:04:12.358-0300] {processor.py:830} INFO - Processing file /home/jezandre/airflow/airflow_env/lib/python3.11/site-packages/airflow/example_dags/plugins/event_listener.py for tasks to queue
[2024-09-17T07:04:12.360-0300] {logging_mixin.py:188} INFO - [2024-09-17T07:04:12.359-0300] {dagbag.py:545} INFO - Filling up the DagBag from /home/jezandre/airflow/airflow_env/lib/python3.11/site-packages/airflow/example_dags/plugins/event_listener.py
[2024-09-17T07:04:12.363-0300] {processor.py:842} WARNING - No viable dags retrieved from /home/jezandre/airflow/airflow_env/lib/python3.11/site-packages/airflow/example_dags/plugins/event_listener.py
[2024-09-17T07:04:12.382-0300] {processor.py:183} INFO - Processing /home/jezandre/airflow/airflow_env/lib/python3.11/site-packages/airflow/example_dags/plugins/event_listener.py took 0.034 seconds
[2024-09-17T07:04:42.534-0300] {processor.py:161} INFO - Started process (PID=40107) to work on /home/jezandre/airflow/airflow_env/lib/python3.11/site-packages/airflow/example_dags/plugins/event_listener.py
[2024-09-17T07:04:42.535-0300] {processor.py:830} INFO - Processing file /home/jezandre/airflow/airflow_env/lib/python3.11/site-packages/airflow/example_dags/plugins/event_listener.py for tasks to queue
[2024-09-17T07:04:42.537-0300] {logging_mixin.py:188} INFO - [2024-09-17T07:04:42.536-0300] {dagbag.py:545} INFO - Filling up the DagBag from /home/jezandre/airflow/airflow_env/lib/python3.11/site-packages/airflow/example_dags/plugins/event_listener.py
[2024-09-17T07:04:42.538-0300] {processor.py:842} WARNING - No viable dags retrieved from /home/jezandre/airflow/airflow_env/lib/python3.11/site-packages/airflow/example_dags/plugins/event_listener.py
[2024-09-17T07:04:42.558-0300] {processor.py:183} INFO - Processing /home/jezandre/airflow/airflow_env/lib/python3.11/site-packages/airflow/example_dags/plugins/event_listener.py took 0.032 seconds
[2024-09-17T07:05:13.433-0300] {processor.py:161} INFO - Started process (PID=40437) to work on /home/jezandre/airflow/airflow_env/lib/python3.11/site-packages/airflow/example_dags/plugins/event_listener.py
[2024-09-17T07:05:13.434-0300] {processor.py:830} INFO - Processing file /home/jezandre/airflow/airflow_env/lib/python3.11/site-packages/airflow/example_dags/plugins/event_listener.py for tasks to queue
[2024-09-17T07:05:13.437-0300] {logging_mixin.py:188} INFO - [2024-09-17T07:05:13.436-0300] {dagbag.py:545} INFO - Filling up the DagBag from /home/jezandre/airflow/airflow_env/lib/python3.11/site-packages/airflow/example_dags/plugins/event_listener.py
[2024-09-17T07:05:13.440-0300] {processor.py:842} WARNING - No viable dags retrieved from /home/jezandre/airflow/airflow_env/lib/python3.11/site-packages/airflow/example_dags/plugins/event_listener.py
[2024-09-17T07:05:13.460-0300] {processor.py:183} INFO - Processing /home/jezandre/airflow/airflow_env/lib/python3.11/site-packages/airflow/example_dags/plugins/event_listener.py took 0.037 seconds
[2024-09-17T07:05:43.785-0300] {processor.py:161} INFO - Started process (PID=40704) to work on /home/jezandre/airflow/airflow_env/lib/python3.11/site-packages/airflow/example_dags/plugins/event_listener.py
[2024-09-17T07:05:43.786-0300] {processor.py:830} INFO - Processing file /home/jezandre/airflow/airflow_env/lib/python3.11/site-packages/airflow/example_dags/plugins/event_listener.py for tasks to queue
[2024-09-17T07:05:43.788-0300] {logging_mixin.py:188} INFO - [2024-09-17T07:05:43.788-0300] {dagbag.py:545} INFO - Filling up the DagBag from /home/jezandre/airflow/airflow_env/lib/python3.11/site-packages/airflow/example_dags/plugins/event_listener.py
[2024-09-17T07:05:43.791-0300] {processor.py:842} WARNING - No viable dags retrieved from /home/jezandre/airflow/airflow_env/lib/python3.11/site-packages/airflow/example_dags/plugins/event_listener.py
[2024-09-17T07:05:43.813-0300] {processor.py:183} INFO - Processing /home/jezandre/airflow/airflow_env/lib/python3.11/site-packages/airflow/example_dags/plugins/event_listener.py took 0.037 seconds
[2024-09-17T07:06:14.606-0300] {processor.py:161} INFO - Started process (PID=40961) to work on /home/jezandre/airflow/airflow_env/lib/python3.11/site-packages/airflow/example_dags/plugins/event_listener.py
[2024-09-17T07:06:14.608-0300] {processor.py:830} INFO - Processing file /home/jezandre/airflow/airflow_env/lib/python3.11/site-packages/airflow/example_dags/plugins/event_listener.py for tasks to queue
[2024-09-17T07:06:14.609-0300] {logging_mixin.py:188} INFO - [2024-09-17T07:06:14.609-0300] {dagbag.py:545} INFO - Filling up the DagBag from /home/jezandre/airflow/airflow_env/lib/python3.11/site-packages/airflow/example_dags/plugins/event_listener.py
[2024-09-17T07:06:14.612-0300] {processor.py:842} WARNING - No viable dags retrieved from /home/jezandre/airflow/airflow_env/lib/python3.11/site-packages/airflow/example_dags/plugins/event_listener.py
[2024-09-17T07:06:14.634-0300] {processor.py:183} INFO - Processing /home/jezandre/airflow/airflow_env/lib/python3.11/site-packages/airflow/example_dags/plugins/event_listener.py took 0.036 seconds
[2024-09-17T07:06:45.670-0300] {processor.py:161} INFO - Started process (PID=41353) to work on /home/jezandre/airflow/airflow_env/lib/python3.11/site-packages/airflow/example_dags/plugins/event_listener.py
[2024-09-17T07:06:45.672-0300] {processor.py:830} INFO - Processing file /home/jezandre/airflow/airflow_env/lib/python3.11/site-packages/airflow/example_dags/plugins/event_listener.py for tasks to queue
[2024-09-17T07:06:45.674-0300] {logging_mixin.py:188} INFO - [2024-09-17T07:06:45.673-0300] {dagbag.py:545} INFO - Filling up the DagBag from /home/jezandre/airflow/airflow_env/lib/python3.11/site-packages/airflow/example_dags/plugins/event_listener.py
[2024-09-17T07:06:45.676-0300] {processor.py:842} WARNING - No viable dags retrieved from /home/jezandre/airflow/airflow_env/lib/python3.11/site-packages/airflow/example_dags/plugins/event_listener.py
[2024-09-17T07:06:45.698-0300] {processor.py:183} INFO - Processing /home/jezandre/airflow/airflow_env/lib/python3.11/site-packages/airflow/example_dags/plugins/event_listener.py took 0.036 seconds
[2024-09-17T07:07:19.222-0300] {processor.py:161} INFO - Started process (PID=41636) to work on /home/jezandre/airflow/airflow_env/lib/python3.11/site-packages/airflow/example_dags/plugins/event_listener.py
[2024-09-17T07:07:19.224-0300] {processor.py:830} INFO - Processing file /home/jezandre/airflow/airflow_env/lib/python3.11/site-packages/airflow/example_dags/plugins/event_listener.py for tasks to queue
[2024-09-17T07:07:19.226-0300] {logging_mixin.py:188} INFO - [2024-09-17T07:07:19.226-0300] {dagbag.py:545} INFO - Filling up the DagBag from /home/jezandre/airflow/airflow_env/lib/python3.11/site-packages/airflow/example_dags/plugins/event_listener.py
[2024-09-17T07:07:19.228-0300] {processor.py:842} WARNING - No viable dags retrieved from /home/jezandre/airflow/airflow_env/lib/python3.11/site-packages/airflow/example_dags/plugins/event_listener.py
[2024-09-17T07:07:19.256-0300] {processor.py:183} INFO - Processing /home/jezandre/airflow/airflow_env/lib/python3.11/site-packages/airflow/example_dags/plugins/event_listener.py took 0.043 seconds
[2024-09-17T07:07:50.147-0300] {processor.py:161} INFO - Started process (PID=41902) to work on /home/jezandre/airflow/airflow_env/lib/python3.11/site-packages/airflow/example_dags/plugins/event_listener.py
[2024-09-17T07:07:50.149-0300] {processor.py:830} INFO - Processing file /home/jezandre/airflow/airflow_env/lib/python3.11/site-packages/airflow/example_dags/plugins/event_listener.py for tasks to queue
[2024-09-17T07:07:50.152-0300] {logging_mixin.py:188} INFO - [2024-09-17T07:07:50.152-0300] {dagbag.py:545} INFO - Filling up the DagBag from /home/jezandre/airflow/airflow_env/lib/python3.11/site-packages/airflow/example_dags/plugins/event_listener.py
[2024-09-17T07:07:50.155-0300] {processor.py:842} WARNING - No viable dags retrieved from /home/jezandre/airflow/airflow_env/lib/python3.11/site-packages/airflow/example_dags/plugins/event_listener.py
[2024-09-17T07:07:50.181-0300] {processor.py:183} INFO - Processing /home/jezandre/airflow/airflow_env/lib/python3.11/site-packages/airflow/example_dags/plugins/event_listener.py took 0.042 seconds
[2024-09-17T07:08:20.984-0300] {processor.py:161} INFO - Started process (PID=42148) to work on /home/jezandre/airflow/airflow_env/lib/python3.11/site-packages/airflow/example_dags/plugins/event_listener.py
[2024-09-17T07:08:20.985-0300] {processor.py:830} INFO - Processing file /home/jezandre/airflow/airflow_env/lib/python3.11/site-packages/airflow/example_dags/plugins/event_listener.py for tasks to queue
[2024-09-17T07:08:20.987-0300] {logging_mixin.py:188} INFO - [2024-09-17T07:08:20.987-0300] {dagbag.py:545} INFO - Filling up the DagBag from /home/jezandre/airflow/airflow_env/lib/python3.11/site-packages/airflow/example_dags/plugins/event_listener.py
[2024-09-17T07:08:20.990-0300] {processor.py:842} WARNING - No viable dags retrieved from /home/jezandre/airflow/airflow_env/lib/python3.11/site-packages/airflow/example_dags/plugins/event_listener.py
[2024-09-17T07:08:21.016-0300] {processor.py:183} INFO - Processing /home/jezandre/airflow/airflow_env/lib/python3.11/site-packages/airflow/example_dags/plugins/event_listener.py took 0.043 seconds
[2024-09-17T07:08:51.984-0300] {processor.py:161} INFO - Started process (PID=42420) to work on /home/jezandre/airflow/airflow_env/lib/python3.11/site-packages/airflow/example_dags/plugins/event_listener.py
[2024-09-17T07:08:51.985-0300] {processor.py:830} INFO - Processing file /home/jezandre/airflow/airflow_env/lib/python3.11/site-packages/airflow/example_dags/plugins/event_listener.py for tasks to queue
[2024-09-17T07:08:51.988-0300] {logging_mixin.py:188} INFO - [2024-09-17T07:08:51.987-0300] {dagbag.py:545} INFO - Filling up the DagBag from /home/jezandre/airflow/airflow_env/lib/python3.11/site-packages/airflow/example_dags/plugins/event_listener.py
[2024-09-17T07:08:51.991-0300] {processor.py:842} WARNING - No viable dags retrieved from /home/jezandre/airflow/airflow_env/lib/python3.11/site-packages/airflow/example_dags/plugins/event_listener.py
[2024-09-17T07:08:52.017-0300] {processor.py:183} INFO - Processing /home/jezandre/airflow/airflow_env/lib/python3.11/site-packages/airflow/example_dags/plugins/event_listener.py took 0.042 seconds
[2024-09-17T07:09:22.977-0300] {processor.py:161} INFO - Started process (PID=42650) to work on /home/jezandre/airflow/airflow_env/lib/python3.11/site-packages/airflow/example_dags/plugins/event_listener.py
[2024-09-17T07:09:22.979-0300] {processor.py:830} INFO - Processing file /home/jezandre/airflow/airflow_env/lib/python3.11/site-packages/airflow/example_dags/plugins/event_listener.py for tasks to queue
[2024-09-17T07:09:22.981-0300] {logging_mixin.py:188} INFO - [2024-09-17T07:09:22.980-0300] {dagbag.py:545} INFO - Filling up the DagBag from /home/jezandre/airflow/airflow_env/lib/python3.11/site-packages/airflow/example_dags/plugins/event_listener.py
[2024-09-17T07:09:22.982-0300] {processor.py:842} WARNING - No viable dags retrieved from /home/jezandre/airflow/airflow_env/lib/python3.11/site-packages/airflow/example_dags/plugins/event_listener.py
[2024-09-17T07:09:23.009-0300] {processor.py:183} INFO - Processing /home/jezandre/airflow/airflow_env/lib/python3.11/site-packages/airflow/example_dags/plugins/event_listener.py took 0.044 seconds
[2024-09-17T07:09:53.071-0300] {processor.py:161} INFO - Started process (PID=42985) to work on /home/jezandre/airflow/airflow_env/lib/python3.11/site-packages/airflow/example_dags/plugins/event_listener.py
[2024-09-17T07:09:53.072-0300] {processor.py:830} INFO - Processing file /home/jezandre/airflow/airflow_env/lib/python3.11/site-packages/airflow/example_dags/plugins/event_listener.py for tasks to queue
[2024-09-17T07:09:53.075-0300] {logging_mixin.py:188} INFO - [2024-09-17T07:09:53.074-0300] {dagbag.py:545} INFO - Filling up the DagBag from /home/jezandre/airflow/airflow_env/lib/python3.11/site-packages/airflow/example_dags/plugins/event_listener.py
[2024-09-17T07:09:53.077-0300] {processor.py:842} WARNING - No viable dags retrieved from /home/jezandre/airflow/airflow_env/lib/python3.11/site-packages/airflow/example_dags/plugins/event_listener.py
[2024-09-17T07:09:53.099-0300] {processor.py:183} INFO - Processing /home/jezandre/airflow/airflow_env/lib/python3.11/site-packages/airflow/example_dags/plugins/event_listener.py took 0.037 seconds
[2024-09-17T07:10:23.739-0300] {processor.py:161} INFO - Started process (PID=43577) to work on /home/jezandre/airflow/airflow_env/lib/python3.11/site-packages/airflow/example_dags/plugins/event_listener.py
[2024-09-17T07:10:23.740-0300] {processor.py:830} INFO - Processing file /home/jezandre/airflow/airflow_env/lib/python3.11/site-packages/airflow/example_dags/plugins/event_listener.py for tasks to queue
[2024-09-17T07:10:23.742-0300] {logging_mixin.py:188} INFO - [2024-09-17T07:10:23.742-0300] {dagbag.py:545} INFO - Filling up the DagBag from /home/jezandre/airflow/airflow_env/lib/python3.11/site-packages/airflow/example_dags/plugins/event_listener.py
[2024-09-17T07:10:23.744-0300] {processor.py:842} WARNING - No viable dags retrieved from /home/jezandre/airflow/airflow_env/lib/python3.11/site-packages/airflow/example_dags/plugins/event_listener.py
[2024-09-17T07:10:23.769-0300] {processor.py:183} INFO - Processing /home/jezandre/airflow/airflow_env/lib/python3.11/site-packages/airflow/example_dags/plugins/event_listener.py took 0.038 seconds
[2024-09-17T07:10:53.918-0300] {processor.py:161} INFO - Started process (PID=43931) to work on /home/jezandre/airflow/airflow_env/lib/python3.11/site-packages/airflow/example_dags/plugins/event_listener.py
[2024-09-17T07:10:53.920-0300] {processor.py:830} INFO - Processing file /home/jezandre/airflow/airflow_env/lib/python3.11/site-packages/airflow/example_dags/plugins/event_listener.py for tasks to queue
[2024-09-17T07:10:53.922-0300] {logging_mixin.py:188} INFO - [2024-09-17T07:10:53.921-0300] {dagbag.py:545} INFO - Filling up the DagBag from /home/jezandre/airflow/airflow_env/lib/python3.11/site-packages/airflow/example_dags/plugins/event_listener.py
[2024-09-17T07:10:53.923-0300] {processor.py:842} WARNING - No viable dags retrieved from /home/jezandre/airflow/airflow_env/lib/python3.11/site-packages/airflow/example_dags/plugins/event_listener.py
[2024-09-17T07:10:53.945-0300] {processor.py:183} INFO - Processing /home/jezandre/airflow/airflow_env/lib/python3.11/site-packages/airflow/example_dags/plugins/event_listener.py took 0.037 seconds
